Largura da faixa = 12
Melhor altura = 488

Lower Bound 1 = 417
Lower Bound 2 = 322
Avaliação = 1.17026

Tempo de execução: 60.0001s

---------------------------

Largura da faixa = 12
Melhor altura = 483

Lower Bound 1 = 417
Lower Bound 2 = 322
Avaliação = 1.15827

Tempo de execução: 60.0002s

---------------------------

Largura da faixa = 12
Melhor altura = 484

Lower Bound 1 = 417
Lower Bound 2 = 322
Avaliação = 1.16067

Tempo de execução: 60.001s

---------------------------

Largura da faixa = 12
Melhor altura = 484

Lower Bound 1 = 417
Lower Bound 2 = 322
Avaliação = 1.16067

Tempo de execução: 60s

---------------------------

Largura da faixa = 12
Melhor altura = 484

Lower Bound 1 = 417
Lower Bound 2 = 322
Avaliação = 1.16067

Tempo de execução: 60.0002s

---------------------------

Largura da faixa = 12
Melhor altura = 479

Lower Bound 1 = 417
Lower Bound 2 = 322
Avaliação = 1.14868

Tempo de execução: 60.0001s

---------------------------

Largura da faixa = 12
Melhor altura = 486

Lower Bound 1 = 417
Lower Bound 2 = 322
Avaliação = 1.16547

Tempo de execução: 60.0005s

---------------------------

Largura da faixa = 12
Melhor altura = 481

Lower Bound 1 = 417
Lower Bound 2 = 322
Avaliação = 1.15348

Tempo de execução: 60.0004s

---------------------------

Largura da faixa = 12
Melhor altura = 489

Lower Bound 1 = 417
Lower Bound 2 = 322
Avaliação = 1.17266

Tempo de execução: 60.0005s

---------------------------

Largura da faixa = 12
Melhor altura = 486

Lower Bound 1 = 417
Lower Bound 2 = 322
Avaliação = 1.16547

Tempo de execução: 60.0002s

---------------------------

Largura da faixa = 12
Melhor altura = 485

Lower Bound 1 = 417
Lower Bound 2 = 322
Avaliação = 1.16307

Tempo de execução: 60.0001s

---------------------------

Largura da faixa = 12
Melhor altura = 482

Lower Bound 1 = 417
Lower Bound 2 = 322
Avaliação = 1.15588

Tempo de execução: 60.001s

---------------------------

Largura da faixa = 12
Melhor altura = 485

Lower Bound 1 = 417
Lower Bound 2 = 322
Avaliação = 1.16307

Tempo de execução: 60.0002s

---------------------------

Largura da faixa = 12
Melhor altura = 484

Lower Bound 1 = 417
Lower Bound 2 = 322
Avaliação = 1.16067

Tempo de execução: 60.0002s

---------------------------

Largura da faixa = 12
Melhor altura = 480

Lower Bound 1 = 417
Lower Bound 2 = 322
Avaliação = 1.15108

Tempo de execução: 60.0002s

---------------------------

Largura da faixa = 12
Melhor altura = 482

Lower Bound 1 = 417
Lower Bound 2 = 322
Avaliação = 1.15588

Tempo de execução: 60.0001s

---------------------------

Largura da faixa = 12
Melhor altura = 484

Lower Bound 1 = 417
Lower Bound 2 = 322
Avaliação = 1.16067

Tempo de execução: 60.0004s

---------------------------

Largura da faixa = 12
Melhor altura = 480

Lower Bound 1 = 417
Lower Bound 2 = 322
Avaliação = 1.15108

Tempo de execução: 60.0016s

---------------------------

Largura da faixa = 12
Melhor altura = 482

Lower Bound 1 = 417
Lower Bound 2 = 322
Avaliação = 1.15588

Tempo de execução: 60.0001s

---------------------------

Largura da faixa = 12
Melhor altura = 483

Lower Bound 1 = 417
Lower Bound 2 = 322
Avaliação = 1.15827

Tempo de execução: 60.0002s

---------------------------

