Largura da faixa = 12
Melhor altura = 369

Lower Bound 1 = 335
Lower Bound 2 = 233
Avaliação = 1.10149

Tempo de execução: 60s

---------------------------

Largura da faixa = 12
Melhor altura = 369

Lower Bound 1 = 335
Lower Bound 2 = 233
Avaliação = 1.10149

Tempo de execução: 60.0004s

---------------------------

Largura da faixa = 12
Melhor altura = 374

Lower Bound 1 = 335
Lower Bound 2 = 233
Avaliação = 1.11642

Tempo de execução: 60.0006s

---------------------------

Largura da faixa = 12
Melhor altura = 370

Lower Bound 1 = 335
Lower Bound 2 = 233
Avaliação = 1.10448

Tempo de execução: 60.0002s

---------------------------

Largura da faixa = 12
Melhor altura = 372

Lower Bound 1 = 335
Lower Bound 2 = 233
Avaliação = 1.11045

Tempo de execução: 60.0001s

---------------------------

Largura da faixa = 12
Melhor altura = 371

Lower Bound 1 = 335
Lower Bound 2 = 233
Avaliação = 1.10746

Tempo de execução: 60.0008s

---------------------------

Largura da faixa = 12
Melhor altura = 373

Lower Bound 1 = 335
Lower Bound 2 = 233
Avaliação = 1.11343

Tempo de execução: 60.0001s

---------------------------

Largura da faixa = 12
Melhor altura = 373

Lower Bound 1 = 335
Lower Bound 2 = 233
Avaliação = 1.11343

Tempo de execução: 60.0002s

---------------------------

Largura da faixa = 12
Melhor altura = 372

Lower Bound 1 = 335
Lower Bound 2 = 233
Avaliação = 1.11045

Tempo de execução: 60.0009s

---------------------------

Largura da faixa = 12
Melhor altura = 374

Lower Bound 1 = 335
Lower Bound 2 = 233
Avaliação = 1.11642

Tempo de execução: 60.0002s

---------------------------

Largura da faixa = 12
Melhor altura = 370

Lower Bound 1 = 335
Lower Bound 2 = 233
Avaliação = 1.10448

Tempo de execução: 60.0006s

---------------------------

Largura da faixa = 12
Melhor altura = 375

Lower Bound 1 = 335
Lower Bound 2 = 233
Avaliação = 1.1194

Tempo de execução: 60.0009s

---------------------------

Largura da faixa = 12
Melhor altura = 371

Lower Bound 1 = 335
Lower Bound 2 = 233
Avaliação = 1.10746

Tempo de execução: 60s

---------------------------

Largura da faixa = 12
Melhor altura = 371

Lower Bound 1 = 335
Lower Bound 2 = 233
Avaliação = 1.10746

Tempo de execução: 60.0001s

---------------------------

Largura da faixa = 12
Melhor altura = 377

Lower Bound 1 = 335
Lower Bound 2 = 233
Avaliação = 1.12537

Tempo de execução: 60s

---------------------------

Largura da faixa = 12
Melhor altura = 372

Lower Bound 1 = 335
Lower Bound 2 = 233
Avaliação = 1.11045

Tempo de execução: 60.0001s

---------------------------

Largura da faixa = 12
Melhor altura = 374

Lower Bound 1 = 335
Lower Bound 2 = 233
Avaliação = 1.11642

Tempo de execução: 60.0004s

---------------------------

Largura da faixa = 12
Melhor altura = 373

Lower Bound 1 = 335
Lower Bound 2 = 233
Avaliação = 1.11343

Tempo de execução: 60.0001s

---------------------------

Largura da faixa = 12
Melhor altura = 374

Lower Bound 1 = 335
Lower Bound 2 = 233
Avaliação = 1.11642

Tempo de execução: 60.0001s

---------------------------

Largura da faixa = 12
Melhor altura = 369

Lower Bound 1 = 335
Lower Bound 2 = 233
Avaliação = 1.10149

Tempo de execução: 60.0011s

---------------------------

