Largura da faixa = 12
Melhor altura = 70

Lower Bound 1 = 61
Lower Bound 2 = 67
Avaliação = 1.04478

Tempo de execução: 60.0001s

---------------------------

Largura da faixa = 12
Melhor altura = 70

Lower Bound 1 = 61
Lower Bound 2 = 67
Avaliação = 1.04478

Tempo de execução: 60.0001s

---------------------------

Largura da faixa = 12
Melhor altura = 70

Lower Bound 1 = 61
Lower Bound 2 = 67
Avaliação = 1.04478

Tempo de execução: 60.0001s

---------------------------

Largura da faixa = 12
Melhor altura = 70

Lower Bound 1 = 61
Lower Bound 2 = 67
Avaliação = 1.04478

Tempo de execução: 60s

---------------------------

Largura da faixa = 12
Melhor altura = 70

Lower Bound 1 = 61
Lower Bound 2 = 67
Avaliação = 1.04478

Tempo de execução: 60s

---------------------------

Largura da faixa = 12
Melhor altura = 70

Lower Bound 1 = 61
Lower Bound 2 = 67
Avaliação = 1.04478

Tempo de execução: 60s

---------------------------

Largura da faixa = 12
Melhor altura = 70

Lower Bound 1 = 61
Lower Bound 2 = 67
Avaliação = 1.04478

Tempo de execução: 60.0001s

---------------------------

Largura da faixa = 12
Melhor altura = 70

Lower Bound 1 = 61
Lower Bound 2 = 67
Avaliação = 1.04478

Tempo de execução: 60s

---------------------------

Largura da faixa = 12
Melhor altura = 70

Lower Bound 1 = 61
Lower Bound 2 = 67
Avaliação = 1.04478

Tempo de execução: 60s

---------------------------

Largura da faixa = 12
Melhor altura = 70

Lower Bound 1 = 61
Lower Bound 2 = 67
Avaliação = 1.04478

Tempo de execução: 60s

---------------------------

Largura da faixa = 12
Melhor altura = 70

Lower Bound 1 = 61
Lower Bound 2 = 67
Avaliação = 1.04478

Tempo de execução: 60.0001s

---------------------------

Largura da faixa = 12
Melhor altura = 70

Lower Bound 1 = 61
Lower Bound 2 = 67
Avaliação = 1.04478

Tempo de execução: 60s

---------------------------

Largura da faixa = 12
Melhor altura = 70

Lower Bound 1 = 61
Lower Bound 2 = 67
Avaliação = 1.04478

Tempo de execução: 60s

---------------------------

Largura da faixa = 12
Melhor altura = 70

Lower Bound 1 = 61
Lower Bound 2 = 67
Avaliação = 1.04478

Tempo de execução: 60s

---------------------------

Largura da faixa = 12
Melhor altura = 70

Lower Bound 1 = 61
Lower Bound 2 = 67
Avaliação = 1.04478

Tempo de execução: 60.0001s

---------------------------

Largura da faixa = 12
Melhor altura = 70

Lower Bound 1 = 61
Lower Bound 2 = 67
Avaliação = 1.04478

Tempo de execução: 60s

---------------------------

Largura da faixa = 12
Melhor altura = 70

Lower Bound 1 = 61
Lower Bound 2 = 67
Avaliação = 1.04478

Tempo de execução: 60s

---------------------------

Largura da faixa = 12
Melhor altura = 70

Lower Bound 1 = 61
Lower Bound 2 = 67
Avaliação = 1.04478

Tempo de execução: 60s

---------------------------

Largura da faixa = 12
Melhor altura = 70

Lower Bound 1 = 61
Lower Bound 2 = 67
Avaliação = 1.04478

Tempo de execução: 60s

---------------------------

Largura da faixa = 12
Melhor altura = 70

Lower Bound 1 = 61
Lower Bound 2 = 67
Avaliação = 1.04478

Tempo de execução: 60s

---------------------------

