Largura da faixa = 12
Melhor altura = 240

Lower Bound 1 = 222
Lower Bound 2 = 148
Avaliação = 1.08108

Tempo de execução: 60.0002s

---------------------------

Largura da faixa = 12
Melhor altura = 240

Lower Bound 1 = 222
Lower Bound 2 = 148
Avaliação = 1.08108

Tempo de execução: 60.0001s

---------------------------

Largura da faixa = 12
Melhor altura = 241

Lower Bound 1 = 222
Lower Bound 2 = 148
Avaliação = 1.08559

Tempo de execução: 60.0005s

---------------------------

Largura da faixa = 12
Melhor altura = 242

Lower Bound 1 = 222
Lower Bound 2 = 148
Avaliação = 1.09009

Tempo de execução: 60.0001s

---------------------------

Largura da faixa = 12
Melhor altura = 242

Lower Bound 1 = 222
Lower Bound 2 = 148
Avaliação = 1.09009

Tempo de execução: 60.0001s

---------------------------

Largura da faixa = 12
Melhor altura = 241

Lower Bound 1 = 222
Lower Bound 2 = 148
Avaliação = 1.08559

Tempo de execução: 60.0007s

---------------------------

Largura da faixa = 12
Melhor altura = 239

Lower Bound 1 = 222
Lower Bound 2 = 148
Avaliação = 1.07658

Tempo de execução: 60.0001s

---------------------------

Largura da faixa = 12
Melhor altura = 240

Lower Bound 1 = 222
Lower Bound 2 = 148
Avaliação = 1.08108

Tempo de execução: 60.0001s

---------------------------

Largura da faixa = 12
Melhor altura = 242

Lower Bound 1 = 222
Lower Bound 2 = 148
Avaliação = 1.09009

Tempo de execução: 60.0002s

---------------------------

Largura da faixa = 12
Melhor altura = 240

Lower Bound 1 = 222
Lower Bound 2 = 148
Avaliação = 1.08108

Tempo de execução: 60.0002s

---------------------------

Largura da faixa = 12
Melhor altura = 239

Lower Bound 1 = 222
Lower Bound 2 = 148
Avaliação = 1.07658

Tempo de execução: 60.0002s

---------------------------

Largura da faixa = 12
Melhor altura = 239

Lower Bound 1 = 222
Lower Bound 2 = 148
Avaliação = 1.07658

Tempo de execução: 60s

---------------------------

Largura da faixa = 12
Melhor altura = 240

Lower Bound 1 = 222
Lower Bound 2 = 148
Avaliação = 1.08108

Tempo de execução: 60.0002s

---------------------------

Largura da faixa = 12
Melhor altura = 240

Lower Bound 1 = 222
Lower Bound 2 = 148
Avaliação = 1.08108

Tempo de execução: 60.0001s

---------------------------

Largura da faixa = 12
Melhor altura = 240

Lower Bound 1 = 222
Lower Bound 2 = 148
Avaliação = 1.08108

Tempo de execução: 60.0005s

---------------------------

Largura da faixa = 12
Melhor altura = 241

Lower Bound 1 = 222
Lower Bound 2 = 148
Avaliação = 1.08559

Tempo de execução: 60.0002s

---------------------------

Largura da faixa = 12
Melhor altura = 239

Lower Bound 1 = 222
Lower Bound 2 = 148
Avaliação = 1.07658

Tempo de execução: 60.0001s

---------------------------

Largura da faixa = 12
Melhor altura = 241

Lower Bound 1 = 222
Lower Bound 2 = 148
Avaliação = 1.08559

Tempo de execução: 60.0005s

---------------------------

Largura da faixa = 12
Melhor altura = 242

Lower Bound 1 = 222
Lower Bound 2 = 148
Avaliação = 1.09009

Tempo de execução: 60.0001s

---------------------------

Largura da faixa = 12
Melhor altura = 240

Lower Bound 1 = 222
Lower Bound 2 = 148
Avaliação = 1.08108

Tempo de execução: 60.0002s

---------------------------

