Largura da faixa = 12
Melhor altura = 602

Lower Bound 1 = 518
Lower Bound 2 = 329
Avaliação = 1.16216

Tempo de execução: 60.0006s

---------------------------

Largura da faixa = 12
Melhor altura = 605

Lower Bound 1 = 518
Lower Bound 2 = 329
Avaliação = 1.16795

Tempo de execução: 60.0002s

---------------------------

Largura da faixa = 12
Melhor altura = 600

Lower Bound 1 = 518
Lower Bound 2 = 329
Avaliação = 1.1583

Tempo de execução: 60.0024s

---------------------------

Largura da faixa = 12
Melhor altura = 596

Lower Bound 1 = 518
Lower Bound 2 = 329
Avaliação = 1.15058

Tempo de execução: 60.0007s

---------------------------

Largura da faixa = 12
Melhor altura = 599

Lower Bound 1 = 518
Lower Bound 2 = 329
Avaliação = 1.15637

Tempo de execução: 60.0009s

---------------------------

Largura da faixa = 12
Melhor altura = 598

Lower Bound 1 = 518
Lower Bound 2 = 329
Avaliação = 1.15444

Tempo de execução: 60.0006s

---------------------------

Largura da faixa = 12
Melhor altura = 600

Lower Bound 1 = 518
Lower Bound 2 = 329
Avaliação = 1.1583

Tempo de execução: 60s

---------------------------

Largura da faixa = 12
Melhor altura = 597

Lower Bound 1 = 518
Lower Bound 2 = 329
Avaliação = 1.15251

Tempo de execução: 60.0006s

---------------------------

Largura da faixa = 12
Melhor altura = 598

Lower Bound 1 = 518
Lower Bound 2 = 329
Avaliação = 1.15444

Tempo de execução: 60.0011s

---------------------------

Largura da faixa = 12
Melhor altura = 594

Lower Bound 1 = 518
Lower Bound 2 = 329
Avaliação = 1.14672

Tempo de execução: 60.0001s

---------------------------

Largura da faixa = 12
Melhor altura = 597

Lower Bound 1 = 518
Lower Bound 2 = 329
Avaliação = 1.15251

Tempo de execução: 60.0003s

---------------------------

Largura da faixa = 12
Melhor altura = 602

Lower Bound 1 = 518
Lower Bound 2 = 329
Avaliação = 1.16216

Tempo de execução: 60.0015s

---------------------------

Largura da faixa = 12
Melhor altura = 596

Lower Bound 1 = 518
Lower Bound 2 = 329
Avaliação = 1.15058

Tempo de execução: 60.0007s

---------------------------

Largura da faixa = 12
Melhor altura = 607

Lower Bound 1 = 518
Lower Bound 2 = 329
Avaliação = 1.17181

Tempo de execução: 60.0004s

---------------------------

Largura da faixa = 12
Melhor altura = 601

Lower Bound 1 = 518
Lower Bound 2 = 329
Avaliação = 1.16023

Tempo de execução: 60.0007s

---------------------------

Largura da faixa = 12
Melhor altura = 597

Lower Bound 1 = 518
Lower Bound 2 = 329
Avaliação = 1.15251

Tempo de execução: 60.0002s

---------------------------

Largura da faixa = 12
Melhor altura = 600

Lower Bound 1 = 518
Lower Bound 2 = 329
Avaliação = 1.1583

Tempo de execução: 60.0002s

---------------------------

Largura da faixa = 12
Melhor altura = 600

Lower Bound 1 = 518
Lower Bound 2 = 329
Avaliação = 1.1583

Tempo de execução: 60.0006s

---------------------------

Largura da faixa = 12
Melhor altura = 594

Lower Bound 1 = 518
Lower Bound 2 = 329
Avaliação = 1.14672

Tempo de execução: 60.0005s

---------------------------

Largura da faixa = 12
Melhor altura = 600

Lower Bound 1 = 518
Lower Bound 2 = 329
Avaliação = 1.1583

Tempo de execução: 60.0023s

---------------------------

