Largura da faixa = 12
Melhor altura = 133

Lower Bound 1 = 118
Lower Bound 2 = 98
Avaliação = 1.12712

Tempo de execução: 60s

---------------------------

Largura da faixa = 12
Melhor altura = 132

Lower Bound 1 = 118
Lower Bound 2 = 98
Avaliação = 1.11864

Tempo de execução: 60.0001s

---------------------------

Largura da faixa = 12
Melhor altura = 132

Lower Bound 1 = 118
Lower Bound 2 = 98
Avaliação = 1.11864

Tempo de execução: 60.0002s

---------------------------

Largura da faixa = 12
Melhor altura = 133

Lower Bound 1 = 118
Lower Bound 2 = 98
Avaliação = 1.12712

Tempo de execução: 60.0001s

---------------------------

Largura da faixa = 12
Melhor altura = 134

Lower Bound 1 = 118
Lower Bound 2 = 98
Avaliação = 1.13559

Tempo de execução: 60.0002s

---------------------------

Largura da faixa = 12
Melhor altura = 132

Lower Bound 1 = 118
Lower Bound 2 = 98
Avaliação = 1.11864

Tempo de execução: 60.0001s

---------------------------

Largura da faixa = 12
Melhor altura = 134

Lower Bound 1 = 118
Lower Bound 2 = 98
Avaliação = 1.13559

Tempo de execução: 60s

---------------------------

Largura da faixa = 12
Melhor altura = 132

Lower Bound 1 = 118
Lower Bound 2 = 98
Avaliação = 1.11864

Tempo de execução: 60.0002s

---------------------------

Largura da faixa = 12
Melhor altura = 134

Lower Bound 1 = 118
Lower Bound 2 = 98
Avaliação = 1.13559

Tempo de execução: 60.0001s

---------------------------

Largura da faixa = 12
Melhor altura = 133

Lower Bound 1 = 118
Lower Bound 2 = 98
Avaliação = 1.12712

Tempo de execução: 60s

---------------------------

Largura da faixa = 12
Melhor altura = 133

Lower Bound 1 = 118
Lower Bound 2 = 98
Avaliação = 1.12712

Tempo de execução: 60s

---------------------------

Largura da faixa = 12
Melhor altura = 132

Lower Bound 1 = 118
Lower Bound 2 = 98
Avaliação = 1.11864

Tempo de execução: 60.0001s

---------------------------

Largura da faixa = 12
Melhor altura = 133

Lower Bound 1 = 118
Lower Bound 2 = 98
Avaliação = 1.12712

Tempo de execução: 60s

---------------------------

Largura da faixa = 12
Melhor altura = 132

Lower Bound 1 = 118
Lower Bound 2 = 98
Avaliação = 1.11864

Tempo de execução: 60.0001s

---------------------------

Largura da faixa = 12
Melhor altura = 134

Lower Bound 1 = 118
Lower Bound 2 = 98
Avaliação = 1.13559

Tempo de execução: 60s

---------------------------

Largura da faixa = 12
Melhor altura = 132

Lower Bound 1 = 118
Lower Bound 2 = 98
Avaliação = 1.11864

Tempo de execução: 60s

---------------------------

Largura da faixa = 12
Melhor altura = 133

Lower Bound 1 = 118
Lower Bound 2 = 98
Avaliação = 1.12712

Tempo de execução: 60s

---------------------------

Largura da faixa = 12
Melhor altura = 132

Lower Bound 1 = 118
Lower Bound 2 = 98
Avaliação = 1.11864

Tempo de execução: 60s

---------------------------

Largura da faixa = 12
Melhor altura = 132

Lower Bound 1 = 118
Lower Bound 2 = 98
Avaliação = 1.11864

Tempo de execução: 60s

---------------------------

Largura da faixa = 12
Melhor altura = 133

Lower Bound 1 = 118
Lower Bound 2 = 98
Avaliação = 1.12712

Tempo de execução: 60.0002s

---------------------------

