Largura da faixa = 12
Melhor altura = 130

Lower Bound 1 = 118
Lower Bound 2 = 81
Avaliação = 1.10169

Tempo de execução: 60s

---------------------------

Largura da faixa = 12
Melhor altura = 129

Lower Bound 1 = 118
Lower Bound 2 = 81
Avaliação = 1.09322

Tempo de execução: 60.0001s

---------------------------

Largura da faixa = 12
Melhor altura = 129

Lower Bound 1 = 118
Lower Bound 2 = 81
Avaliação = 1.09322

Tempo de execução: 60.0001s

---------------------------

Largura da faixa = 12
Melhor altura = 130

Lower Bound 1 = 118
Lower Bound 2 = 81
Avaliação = 1.10169

Tempo de execução: 60s

---------------------------

Largura da faixa = 12
Melhor altura = 129

Lower Bound 1 = 118
Lower Bound 2 = 81
Avaliação = 1.09322

Tempo de execução: 60s

---------------------------

Largura da faixa = 12
Melhor altura = 129

Lower Bound 1 = 118
Lower Bound 2 = 81
Avaliação = 1.09322

Tempo de execução: 60s

---------------------------

Largura da faixa = 12
Melhor altura = 130

Lower Bound 1 = 118
Lower Bound 2 = 81
Avaliação = 1.10169

Tempo de execução: 60.0001s

---------------------------

Largura da faixa = 12
Melhor altura = 129

Lower Bound 1 = 118
Lower Bound 2 = 81
Avaliação = 1.09322

Tempo de execução: 60.0001s

---------------------------

Largura da faixa = 12
Melhor altura = 129

Lower Bound 1 = 118
Lower Bound 2 = 81
Avaliação = 1.09322

Tempo de execução: 60.0002s

---------------------------

Largura da faixa = 12
Melhor altura = 129

Lower Bound 1 = 118
Lower Bound 2 = 81
Avaliação = 1.09322

Tempo de execução: 60s

---------------------------

Largura da faixa = 12
Melhor altura = 129

Lower Bound 1 = 118
Lower Bound 2 = 81
Avaliação = 1.09322

Tempo de execução: 60.0001s

---------------------------

Largura da faixa = 12
Melhor altura = 130

Lower Bound 1 = 118
Lower Bound 2 = 81
Avaliação = 1.10169

Tempo de execução: 60.0001s

---------------------------

Largura da faixa = 12
Melhor altura = 129

Lower Bound 1 = 118
Lower Bound 2 = 81
Avaliação = 1.09322

Tempo de execução: 60s

---------------------------

Largura da faixa = 12
Melhor altura = 129

Lower Bound 1 = 118
Lower Bound 2 = 81
Avaliação = 1.09322

Tempo de execução: 60.0002s

---------------------------

Largura da faixa = 12
Melhor altura = 130

Lower Bound 1 = 118
Lower Bound 2 = 81
Avaliação = 1.10169

Tempo de execução: 60.0001s

---------------------------

Largura da faixa = 12
Melhor altura = 130

Lower Bound 1 = 118
Lower Bound 2 = 81
Avaliação = 1.10169

Tempo de execução: 60s

---------------------------

Largura da faixa = 12
Melhor altura = 129

Lower Bound 1 = 118
Lower Bound 2 = 81
Avaliação = 1.09322

Tempo de execução: 60.0001s

---------------------------

Largura da faixa = 12
Melhor altura = 130

Lower Bound 1 = 118
Lower Bound 2 = 81
Avaliação = 1.10169

Tempo de execução: 60s

---------------------------

Largura da faixa = 12
Melhor altura = 130

Lower Bound 1 = 118
Lower Bound 2 = 81
Avaliação = 1.10169

Tempo de execução: 60s

---------------------------

Largura da faixa = 12
Melhor altura = 129

Lower Bound 1 = 118
Lower Bound 2 = 81
Avaliação = 1.09322

Tempo de execução: 60.0001s

---------------------------

