Largura da faixa = 12
Melhor altura = 306

Lower Bound 1 = 277
Lower Bound 2 = 215
Avaliação = 1.10469

Tempo de execução: 60.0001s

---------------------------

Largura da faixa = 12
Melhor altura = 305

Lower Bound 1 = 277
Lower Bound 2 = 215
Avaliação = 1.10108

Tempo de execução: 60.0003s

---------------------------

Largura da faixa = 12
Melhor altura = 307

Lower Bound 1 = 277
Lower Bound 2 = 215
Avaliação = 1.1083

Tempo de execução: 60.0005s

---------------------------

Largura da faixa = 12
Melhor altura = 302

Lower Bound 1 = 277
Lower Bound 2 = 215
Avaliação = 1.09025

Tempo de execução: 60s

---------------------------

Largura da faixa = 12
Melhor altura = 305

Lower Bound 1 = 277
Lower Bound 2 = 215
Avaliação = 1.10108

Tempo de execução: 60.0002s

---------------------------

Largura da faixa = 12
Melhor altura = 307

Lower Bound 1 = 277
Lower Bound 2 = 215
Avaliação = 1.1083

Tempo de execução: 60.0008s

---------------------------

Largura da faixa = 12
Melhor altura = 305

Lower Bound 1 = 277
Lower Bound 2 = 215
Avaliação = 1.10108

Tempo de execução: 60.0002s

---------------------------

Largura da faixa = 12
Melhor altura = 308

Lower Bound 1 = 277
Lower Bound 2 = 215
Avaliação = 1.11191

Tempo de execução: 60.0003s

---------------------------

Largura da faixa = 12
Melhor altura = 303

Lower Bound 1 = 277
Lower Bound 2 = 215
Avaliação = 1.09386

Tempo de execução: 60.0002s

---------------------------

Largura da faixa = 12
Melhor altura = 305

Lower Bound 1 = 277
Lower Bound 2 = 215
Avaliação = 1.10108

Tempo de execução: 60.0002s

---------------------------

Largura da faixa = 12
Melhor altura = 309

Lower Bound 1 = 277
Lower Bound 2 = 215
Avaliação = 1.11552

Tempo de execução: 60.0005s

---------------------------

Largura da faixa = 12
Melhor altura = 311

Lower Bound 1 = 277
Lower Bound 2 = 215
Avaliação = 1.12274

Tempo de execução: 60.0002s

---------------------------

Largura da faixa = 12
Melhor altura = 304

Lower Bound 1 = 277
Lower Bound 2 = 215
Avaliação = 1.09747

Tempo de execução: 60.0001s

---------------------------

Largura da faixa = 12
Melhor altura = 309

Lower Bound 1 = 277
Lower Bound 2 = 215
Avaliação = 1.11552

Tempo de execução: 60.0006s

---------------------------

Largura da faixa = 12
Melhor altura = 310

Lower Bound 1 = 277
Lower Bound 2 = 215
Avaliação = 1.11913

Tempo de execução: 60.0003s

---------------------------

Largura da faixa = 12
Melhor altura = 308

Lower Bound 1 = 277
Lower Bound 2 = 215
Avaliação = 1.11191

Tempo de execução: 60.0002s

---------------------------

Largura da faixa = 12
Melhor altura = 308

Lower Bound 1 = 277
Lower Bound 2 = 215
Avaliação = 1.11191

Tempo de execução: 60.0003s

---------------------------

Largura da faixa = 12
Melhor altura = 308

Lower Bound 1 = 277
Lower Bound 2 = 215
Avaliação = 1.11191

Tempo de execução: 60.0011s

---------------------------

Largura da faixa = 12
Melhor altura = 308

Lower Bound 1 = 277
Lower Bound 2 = 215
Avaliação = 1.11191

Tempo de execução: 60s

---------------------------

Largura da faixa = 12
Melhor altura = 304

Lower Bound 1 = 277
Lower Bound 2 = 215
Avaliação = 1.09747

Tempo de execução: 60.0001s

---------------------------

