Largura da faixa = 12
Melhor altura = 195

Lower Bound 1 = 174
Lower Bound 2 = 137
Avaliação = 1.12069

Tempo de execução: 60s

---------------------------

Largura da faixa = 12
Melhor altura = 192

Lower Bound 1 = 174
Lower Bound 2 = 137
Avaliação = 1.10345

Tempo de execução: 60s

---------------------------

Largura da faixa = 12
Melhor altura = 193

Lower Bound 1 = 174
Lower Bound 2 = 137
Avaliação = 1.1092

Tempo de execução: 60.0001s

---------------------------

Largura da faixa = 12
Melhor altura = 193

Lower Bound 1 = 174
Lower Bound 2 = 137
Avaliação = 1.1092

Tempo de execução: 60.0001s

---------------------------

Largura da faixa = 12
Melhor altura = 193

Lower Bound 1 = 174
Lower Bound 2 = 137
Avaliação = 1.1092

Tempo de execução: 60.0001s

---------------------------

Largura da faixa = 12
Melhor altura = 193

Lower Bound 1 = 174
Lower Bound 2 = 137
Avaliação = 1.1092

Tempo de execução: 60s

---------------------------

Largura da faixa = 12
Melhor altura = 192

Lower Bound 1 = 174
Lower Bound 2 = 137
Avaliação = 1.10345

Tempo de execução: 60.0002s

---------------------------

Largura da faixa = 12
Melhor altura = 193

Lower Bound 1 = 174
Lower Bound 2 = 137
Avaliação = 1.1092

Tempo de execução: 60.0002s

---------------------------

Largura da faixa = 12
Melhor altura = 193

Lower Bound 1 = 174
Lower Bound 2 = 137
Avaliação = 1.1092

Tempo de execução: 60.0002s

---------------------------

Largura da faixa = 12
Melhor altura = 192

Lower Bound 1 = 174
Lower Bound 2 = 137
Avaliação = 1.10345

Tempo de execução: 60.0001s

---------------------------

Largura da faixa = 12
Melhor altura = 192

Lower Bound 1 = 174
Lower Bound 2 = 137
Avaliação = 1.10345

Tempo de execução: 60.0002s

---------------------------

Largura da faixa = 12
Melhor altura = 193

Lower Bound 1 = 174
Lower Bound 2 = 137
Avaliação = 1.1092

Tempo de execução: 60.0001s

---------------------------

Largura da faixa = 12
Melhor altura = 192

Lower Bound 1 = 174
Lower Bound 2 = 137
Avaliação = 1.10345

Tempo de execução: 60.0002s

---------------------------

Largura da faixa = 12
Melhor altura = 192

Lower Bound 1 = 174
Lower Bound 2 = 137
Avaliação = 1.10345

Tempo de execução: 60s

---------------------------

Largura da faixa = 12
Melhor altura = 195

Lower Bound 1 = 174
Lower Bound 2 = 137
Avaliação = 1.12069

Tempo de execução: 60.0001s

---------------------------

Largura da faixa = 12
Melhor altura = 192

Lower Bound 1 = 174
Lower Bound 2 = 137
Avaliação = 1.10345

Tempo de execução: 60.0001s

---------------------------

Largura da faixa = 12
Melhor altura = 192

Lower Bound 1 = 174
Lower Bound 2 = 137
Avaliação = 1.10345

Tempo de execução: 60s

---------------------------

Largura da faixa = 12
Melhor altura = 192

Lower Bound 1 = 174
Lower Bound 2 = 137
Avaliação = 1.10345

Tempo de execução: 60.0001s

---------------------------

Largura da faixa = 12
Melhor altura = 192

Lower Bound 1 = 174
Lower Bound 2 = 137
Avaliação = 1.10345

Tempo de execução: 60.0002s

---------------------------

Largura da faixa = 12
Melhor altura = 194

Lower Bound 1 = 174
Lower Bound 2 = 137
Avaliação = 1.11494

Tempo de execução: 60.0001s

---------------------------

