Largura da faixa = 96
Melhor altura = 561

Lower Bound 1 = 416
Lower Bound 2 = 437
Avaliação = 1.28375

Tempo de execução: 60.0031s

---------------------------

Largura da faixa = 96
Melhor altura = 566

Lower Bound 1 = 416
Lower Bound 2 = 437
Avaliação = 1.29519

Tempo de execução: 60.0039s

---------------------------

Largura da faixa = 96
Melhor altura = 562

Lower Bound 1 = 416
Lower Bound 2 = 437
Avaliação = 1.28604

Tempo de execução: 60.0049s

---------------------------

Largura da faixa = 96
Melhor altura = 568

Lower Bound 1 = 416
Lower Bound 2 = 437
Avaliação = 1.29977

Tempo de execução: 60.0003s

---------------------------

Largura da faixa = 96
Melhor altura = 566

Lower Bound 1 = 416
Lower Bound 2 = 437
Avaliação = 1.29519

Tempo de execução: 60.0001s

---------------------------

Largura da faixa = 96
Melhor altura = 557

Lower Bound 1 = 416
Lower Bound 2 = 437
Avaliação = 1.2746

Tempo de execução: 60.0042s

---------------------------

Largura da faixa = 96
Melhor altura = 568

Lower Bound 1 = 416
Lower Bound 2 = 437
Avaliação = 1.29977

Tempo de execução: 60.0021s

---------------------------

Largura da faixa = 96
Melhor altura = 548

Lower Bound 1 = 416
Lower Bound 2 = 437
Avaliação = 1.254

Tempo de execução: 60.001s

---------------------------

Largura da faixa = 96
Melhor altura = 568

Lower Bound 1 = 416
Lower Bound 2 = 437
Avaliação = 1.29977

Tempo de execução: 60.0027s

---------------------------

Largura da faixa = 96
Melhor altura = 563

Lower Bound 1 = 416
Lower Bound 2 = 437
Avaliação = 1.28833

Tempo de execução: 60.0011s

---------------------------

Largura da faixa = 96
Melhor altura = 558

Lower Bound 1 = 416
Lower Bound 2 = 437
Avaliação = 1.27689

Tempo de execução: 60.0021s

---------------------------

Largura da faixa = 96
Melhor altura = 553

Lower Bound 1 = 416
Lower Bound 2 = 437
Avaliação = 1.26545

Tempo de execução: 60.0042s

---------------------------

Largura da faixa = 96
Melhor altura = 552

Lower Bound 1 = 416
Lower Bound 2 = 437
Avaliação = 1.26316

Tempo de execução: 60.0001s

---------------------------

Largura da faixa = 96
Melhor altura = 563

Lower Bound 1 = 416
Lower Bound 2 = 437
Avaliação = 1.28833

Tempo de execução: 60.0008s

---------------------------

Largura da faixa = 96
Melhor altura = 552

Lower Bound 1 = 416
Lower Bound 2 = 437
Avaliação = 1.26316

Tempo de execução: 60.0037s

---------------------------

Largura da faixa = 96
Melhor altura = 563

Lower Bound 1 = 416
Lower Bound 2 = 437
Avaliação = 1.28833

Tempo de execução: 60.0026s

---------------------------

Largura da faixa = 96
Melhor altura = 565

Lower Bound 1 = 416
Lower Bound 2 = 437
Avaliação = 1.29291

Tempo de execução: 60.0044s

---------------------------

Largura da faixa = 96
Melhor altura = 562

Lower Bound 1 = 416
Lower Bound 2 = 437
Avaliação = 1.28604

Tempo de execução: 60.0033s

---------------------------

Largura da faixa = 96
Melhor altura = 557

Lower Bound 1 = 416
Lower Bound 2 = 437
Avaliação = 1.2746

Tempo de execução: 60.0002s

---------------------------

Largura da faixa = 96
Melhor altura = 566

Lower Bound 1 = 416
Lower Bound 2 = 437
Avaliação = 1.29519

Tempo de execução: 60.0013s

---------------------------

