Largura da faixa = 97
Melhor altura = 545

Lower Bound 1 = 412
Lower Bound 2 = 469
Avaliação = 1.16205

Tempo de execução: 60s

---------------------------

Largura da faixa = 97
Melhor altura = 545

Lower Bound 1 = 412
Lower Bound 2 = 469
Avaliação = 1.16205

Tempo de execução: 60s

---------------------------

Largura da faixa = 97
Melhor altura = 544

Lower Bound 1 = 412
Lower Bound 2 = 469
Avaliação = 1.15991

Tempo de execução: 60s

---------------------------

Largura da faixa = 97
Melhor altura = 545

Lower Bound 1 = 412
Lower Bound 2 = 469
Avaliação = 1.16205

Tempo de execução: 60.0001s

---------------------------

Largura da faixa = 97
Melhor altura = 545

Lower Bound 1 = 412
Lower Bound 2 = 469
Avaliação = 1.16205

Tempo de execução: 60.0001s

---------------------------

Largura da faixa = 97
Melhor altura = 545

Lower Bound 1 = 412
Lower Bound 2 = 469
Avaliação = 1.16205

Tempo de execução: 60.0002s

---------------------------

Largura da faixa = 97
Melhor altura = 545

Lower Bound 1 = 412
Lower Bound 2 = 469
Avaliação = 1.16205

Tempo de execução: 60.0001s

---------------------------

Largura da faixa = 97
Melhor altura = 545

Lower Bound 1 = 412
Lower Bound 2 = 469
Avaliação = 1.16205

Tempo de execução: 60s

---------------------------

Largura da faixa = 97
Melhor altura = 545

Lower Bound 1 = 412
Lower Bound 2 = 469
Avaliação = 1.16205

Tempo de execução: 60.0001s

---------------------------

Largura da faixa = 97
Melhor altura = 545

Lower Bound 1 = 412
Lower Bound 2 = 469
Avaliação = 1.16205

Tempo de execução: 60s

---------------------------

Largura da faixa = 97
Melhor altura = 545

Lower Bound 1 = 412
Lower Bound 2 = 469
Avaliação = 1.16205

Tempo de execução: 60.0001s

---------------------------

Largura da faixa = 97
Melhor altura = 545

Lower Bound 1 = 412
Lower Bound 2 = 469
Avaliação = 1.16205

Tempo de execução: 60.0001s

---------------------------

Largura da faixa = 97
Melhor altura = 545

Lower Bound 1 = 412
Lower Bound 2 = 469
Avaliação = 1.16205

Tempo de execução: 60s

---------------------------

Largura da faixa = 97
Melhor altura = 544

Lower Bound 1 = 412
Lower Bound 2 = 469
Avaliação = 1.15991

Tempo de execução: 60.0001s

---------------------------

Largura da faixa = 97
Melhor altura = 545

Lower Bound 1 = 412
Lower Bound 2 = 469
Avaliação = 1.16205

Tempo de execução: 60.0002s

---------------------------

Largura da faixa = 97
Melhor altura = 545

Lower Bound 1 = 412
Lower Bound 2 = 469
Avaliação = 1.16205

Tempo de execução: 60s

---------------------------

Largura da faixa = 97
Melhor altura = 545

Lower Bound 1 = 412
Lower Bound 2 = 469
Avaliação = 1.16205

Tempo de execução: 60.0001s

---------------------------

Largura da faixa = 97
Melhor altura = 545

Lower Bound 1 = 412
Lower Bound 2 = 469
Avaliação = 1.16205

Tempo de execução: 60s

---------------------------

Largura da faixa = 97
Melhor altura = 545

Lower Bound 1 = 412
Lower Bound 2 = 469
Avaliação = 1.16205

Tempo de execução: 60s

---------------------------

Largura da faixa = 97
Melhor altura = 545

Lower Bound 1 = 412
Lower Bound 2 = 469
Avaliação = 1.16205

Tempo de execução: 60s

---------------------------

