Largura da faixa = 119
Melhor altura = 481

Lower Bound 1 = 336
Lower Bound 2 = 377
Avaliação = 1.27586

Tempo de execução: 60s

---------------------------

Largura da faixa = 119
Melhor altura = 481

Lower Bound 1 = 336
Lower Bound 2 = 377
Avaliação = 1.27586

Tempo de execução: 60.0002s

---------------------------

Largura da faixa = 119
Melhor altura = 481

Lower Bound 1 = 336
Lower Bound 2 = 377
Avaliação = 1.27586

Tempo de execução: 60s

---------------------------

Largura da faixa = 119
Melhor altura = 481

Lower Bound 1 = 336
Lower Bound 2 = 377
Avaliação = 1.27586

Tempo de execução: 60s

---------------------------

Largura da faixa = 119
Melhor altura = 481

Lower Bound 1 = 336
Lower Bound 2 = 377
Avaliação = 1.27586

Tempo de execução: 60s

---------------------------

Largura da faixa = 119
Melhor altura = 481

Lower Bound 1 = 336
Lower Bound 2 = 377
Avaliação = 1.27586

Tempo de execução: 60.0001s

---------------------------

Largura da faixa = 119
Melhor altura = 481

Lower Bound 1 = 336
Lower Bound 2 = 377
Avaliação = 1.27586

Tempo de execução: 60.0001s

---------------------------

Largura da faixa = 119
Melhor altura = 481

Lower Bound 1 = 336
Lower Bound 2 = 377
Avaliação = 1.27586

Tempo de execução: 60.0004s

---------------------------

Largura da faixa = 119
Melhor altura = 481

Lower Bound 1 = 336
Lower Bound 2 = 377
Avaliação = 1.27586

Tempo de execução: 60.0005s

---------------------------

Largura da faixa = 119
Melhor altura = 481

Lower Bound 1 = 336
Lower Bound 2 = 377
Avaliação = 1.27586

Tempo de execução: 60.0001s

---------------------------

Largura da faixa = 119
Melhor altura = 481

Lower Bound 1 = 336
Lower Bound 2 = 377
Avaliação = 1.27586

Tempo de execução: 60s

---------------------------

Largura da faixa = 119
Melhor altura = 481

Lower Bound 1 = 336
Lower Bound 2 = 377
Avaliação = 1.27586

Tempo de execução: 60.0004s

---------------------------

Largura da faixa = 119
Melhor altura = 481

Lower Bound 1 = 336
Lower Bound 2 = 377
Avaliação = 1.27586

Tempo de execução: 60s

---------------------------

Largura da faixa = 119
Melhor altura = 481

Lower Bound 1 = 336
Lower Bound 2 = 377
Avaliação = 1.27586

Tempo de execução: 60.0001s

---------------------------

Largura da faixa = 119
Melhor altura = 481

Lower Bound 1 = 336
Lower Bound 2 = 377
Avaliação = 1.27586

Tempo de execução: 60.0006s

---------------------------

Largura da faixa = 119
Melhor altura = 481

Lower Bound 1 = 336
Lower Bound 2 = 377
Avaliação = 1.27586

Tempo de execução: 60s

---------------------------

Largura da faixa = 119
Melhor altura = 481

Lower Bound 1 = 336
Lower Bound 2 = 377
Avaliação = 1.27586

Tempo de execução: 60s

---------------------------

Largura da faixa = 119
Melhor altura = 481

Lower Bound 1 = 336
Lower Bound 2 = 377
Avaliação = 1.27586

Tempo de execução: 60.0005s

---------------------------

Largura da faixa = 119
Melhor altura = 481

Lower Bound 1 = 336
Lower Bound 2 = 377
Avaliação = 1.27586

Tempo de execução: 60.0001s

---------------------------

Largura da faixa = 119
Melhor altura = 481

Lower Bound 1 = 336
Lower Bound 2 = 377
Avaliação = 1.27586

Tempo de execução: 60.0002s

---------------------------

