Largura da faixa = 121
Melhor altura = 433

Lower Bound 1 = 330
Lower Bound 2 = 421
Avaliação = 1.0285

Tempo de execução: 60.0001s

---------------------------

Largura da faixa = 121
Melhor altura = 433

Lower Bound 1 = 330
Lower Bound 2 = 421
Avaliação = 1.0285

Tempo de execução: 60s

---------------------------

Largura da faixa = 121
Melhor altura = 433

Lower Bound 1 = 330
Lower Bound 2 = 421
Avaliação = 1.0285

Tempo de execução: 60s

---------------------------

Largura da faixa = 121
Melhor altura = 433

Lower Bound 1 = 330
Lower Bound 2 = 421
Avaliação = 1.0285

Tempo de execução: 60.0001s

---------------------------

Largura da faixa = 121
Melhor altura = 433

Lower Bound 1 = 330
Lower Bound 2 = 421
Avaliação = 1.0285

Tempo de execução: 60s

---------------------------

Largura da faixa = 121
Melhor altura = 433

Lower Bound 1 = 330
Lower Bound 2 = 421
Avaliação = 1.0285

Tempo de execução: 60.0001s

---------------------------

Largura da faixa = 121
Melhor altura = 433

Lower Bound 1 = 330
Lower Bound 2 = 421
Avaliação = 1.0285

Tempo de execução: 60s

---------------------------

Largura da faixa = 121
Melhor altura = 433

Lower Bound 1 = 330
Lower Bound 2 = 421
Avaliação = 1.0285

Tempo de execução: 60s

---------------------------

Largura da faixa = 121
Melhor altura = 433

Lower Bound 1 = 330
Lower Bound 2 = 421
Avaliação = 1.0285

Tempo de execução: 60.0001s

---------------------------

Largura da faixa = 121
Melhor altura = 433

Lower Bound 1 = 330
Lower Bound 2 = 421
Avaliação = 1.0285

Tempo de execução: 60s

---------------------------

Largura da faixa = 121
Melhor altura = 433

Lower Bound 1 = 330
Lower Bound 2 = 421
Avaliação = 1.0285

Tempo de execução: 60s

---------------------------

Largura da faixa = 121
Melhor altura = 433

Lower Bound 1 = 330
Lower Bound 2 = 421
Avaliação = 1.0285

Tempo de execução: 60s

---------------------------

Largura da faixa = 121
Melhor altura = 433

Lower Bound 1 = 330
Lower Bound 2 = 421
Avaliação = 1.0285

Tempo de execução: 60.0001s

---------------------------

Largura da faixa = 121
Melhor altura = 433

Lower Bound 1 = 330
Lower Bound 2 = 421
Avaliação = 1.0285

Tempo de execução: 60s

---------------------------

Largura da faixa = 121
Melhor altura = 433

Lower Bound 1 = 330
Lower Bound 2 = 421
Avaliação = 1.0285

Tempo de execução: 60s

---------------------------

Largura da faixa = 121
Melhor altura = 433

Lower Bound 1 = 330
Lower Bound 2 = 421
Avaliação = 1.0285

Tempo de execução: 60s

---------------------------

Largura da faixa = 121
Melhor altura = 433

Lower Bound 1 = 330
Lower Bound 2 = 421
Avaliação = 1.0285

Tempo de execução: 60.0001s

---------------------------

Largura da faixa = 121
Melhor altura = 433

Lower Bound 1 = 330
Lower Bound 2 = 421
Avaliação = 1.0285

Tempo de execução: 60s

---------------------------

Largura da faixa = 121
Melhor altura = 433

Lower Bound 1 = 330
Lower Bound 2 = 421
Avaliação = 1.0285

Tempo de execução: 60s

---------------------------

Largura da faixa = 121
Melhor altura = 433

Lower Bound 1 = 330
Lower Bound 2 = 421
Avaliação = 1.0285

Tempo de execução: 60.0001s

---------------------------

