Largura da faixa = 178
Melhor altura = 276

Lower Bound 1 = 224
Lower Bound 2 = 258
Avaliação = 1.06977

Tempo de execução: 60.0001s

---------------------------

Largura da faixa = 178
Melhor altura = 276

Lower Bound 1 = 224
Lower Bound 2 = 258
Avaliação = 1.06977

Tempo de execução: 60s

---------------------------

Largura da faixa = 178
Melhor altura = 276

Lower Bound 1 = 224
Lower Bound 2 = 258
Avaliação = 1.06977

Tempo de execução: 60s

---------------------------

Largura da faixa = 178
Melhor altura = 276

Lower Bound 1 = 224
Lower Bound 2 = 258
Avaliação = 1.06977

Tempo de execução: 60s

---------------------------

Largura da faixa = 178
Melhor altura = 276

Lower Bound 1 = 224
Lower Bound 2 = 258
Avaliação = 1.06977

Tempo de execução: 60s

---------------------------

Largura da faixa = 178
Melhor altura = 276

Lower Bound 1 = 224
Lower Bound 2 = 258
Avaliação = 1.06977

Tempo de execução: 60s

---------------------------

Largura da faixa = 178
Melhor altura = 276

Lower Bound 1 = 224
Lower Bound 2 = 258
Avaliação = 1.06977

Tempo de execução: 60s

---------------------------

Largura da faixa = 178
Melhor altura = 276

Lower Bound 1 = 224
Lower Bound 2 = 258
Avaliação = 1.06977

Tempo de execução: 60s

---------------------------

Largura da faixa = 178
Melhor altura = 276

Lower Bound 1 = 224
Lower Bound 2 = 258
Avaliação = 1.06977

Tempo de execução: 60.0002s

---------------------------

Largura da faixa = 178
Melhor altura = 276

Lower Bound 1 = 224
Lower Bound 2 = 258
Avaliação = 1.06977

Tempo de execução: 60.0001s

---------------------------

Largura da faixa = 178
Melhor altura = 276

Lower Bound 1 = 224
Lower Bound 2 = 258
Avaliação = 1.06977

Tempo de execução: 60s

---------------------------

Largura da faixa = 178
Melhor altura = 276

Lower Bound 1 = 224
Lower Bound 2 = 258
Avaliação = 1.06977

Tempo de execução: 60.0001s

---------------------------

Largura da faixa = 178
Melhor altura = 276

Lower Bound 1 = 224
Lower Bound 2 = 258
Avaliação = 1.06977

Tempo de execução: 60s

---------------------------

Largura da faixa = 178
Melhor altura = 276

Lower Bound 1 = 224
Lower Bound 2 = 258
Avaliação = 1.06977

Tempo de execução: 60.0001s

---------------------------

Largura da faixa = 178
Melhor altura = 276

Lower Bound 1 = 224
Lower Bound 2 = 258
Avaliação = 1.06977

Tempo de execução: 60.0001s

---------------------------

Largura da faixa = 178
Melhor altura = 276

Lower Bound 1 = 224
Lower Bound 2 = 258
Avaliação = 1.06977

Tempo de execução: 60s

---------------------------

Largura da faixa = 178
Melhor altura = 276

Lower Bound 1 = 224
Lower Bound 2 = 258
Avaliação = 1.06977

Tempo de execução: 60s

---------------------------

Largura da faixa = 178
Melhor altura = 276

Lower Bound 1 = 224
Lower Bound 2 = 258
Avaliação = 1.06977

Tempo de execução: 60.0001s

---------------------------

Largura da faixa = 178
Melhor altura = 276

Lower Bound 1 = 224
Lower Bound 2 = 258
Avaliação = 1.06977

Tempo de execução: 60s

---------------------------

Largura da faixa = 178
Melhor altura = 276

Lower Bound 1 = 224
Lower Bound 2 = 258
Avaliação = 1.06977

Tempo de execução: 60s

---------------------------

