Largura da faixa = 116
Melhor altura = 441

Lower Bound 1 = 344
Lower Bound 2 = 173
Avaliação = 1.28198

Tempo de execução: 60.0032s

---------------------------

Largura da faixa = 116
Melhor altura = 436

Lower Bound 1 = 344
Lower Bound 2 = 173
Avaliação = 1.26744

Tempo de execução: 60.0072s

---------------------------

Largura da faixa = 116
Melhor altura = 441

Lower Bound 1 = 344
Lower Bound 2 = 173
Avaliação = 1.28198

Tempo de execução: 60.0088s

---------------------------

Largura da faixa = 116
Melhor altura = 440

Lower Bound 1 = 344
Lower Bound 2 = 173
Avaliação = 1.27907

Tempo de execução: 60.0081s

---------------------------

Largura da faixa = 116
Melhor altura = 437

Lower Bound 1 = 344
Lower Bound 2 = 173
Avaliação = 1.27035

Tempo de execução: 60.005s

---------------------------

Largura da faixa = 116
Melhor altura = 441

Lower Bound 1 = 344
Lower Bound 2 = 173
Avaliação = 1.28198

Tempo de execução: 60.0106s

---------------------------

Largura da faixa = 116
Melhor altura = 443

Lower Bound 1 = 344
Lower Bound 2 = 173
Avaliação = 1.28779

Tempo de execução: 60.0002s

---------------------------

Largura da faixa = 116
Melhor altura = 443

Lower Bound 1 = 344
Lower Bound 2 = 173
Avaliação = 1.28779

Tempo de execução: 60.0006s

---------------------------

Largura da faixa = 116
Melhor altura = 435

Lower Bound 1 = 344
Lower Bound 2 = 173
Avaliação = 1.26453

Tempo de execução: 60.0014s

---------------------------

Largura da faixa = 116
Melhor altura = 443

Lower Bound 1 = 344
Lower Bound 2 = 173
Avaliação = 1.28779

Tempo de execução: 60.01s

---------------------------

Largura da faixa = 116
Melhor altura = 430

Lower Bound 1 = 344
Lower Bound 2 = 173
Avaliação = 1.25

Tempo de execução: 60.0182s

---------------------------

Largura da faixa = 116
Melhor altura = 430

Lower Bound 1 = 344
Lower Bound 2 = 173
Avaliação = 1.25

Tempo de execução: 60.0147s

---------------------------

Largura da faixa = 116
Melhor altura = 435

Lower Bound 1 = 344
Lower Bound 2 = 173
Avaliação = 1.26453

Tempo de execução: 60.0018s

---------------------------

Largura da faixa = 116
Melhor altura = 443

Lower Bound 1 = 344
Lower Bound 2 = 173
Avaliação = 1.28779

Tempo de execução: 60.0071s

---------------------------

Largura da faixa = 116
Melhor altura = 439

Lower Bound 1 = 344
Lower Bound 2 = 173
Avaliação = 1.27616

Tempo de execução: 60.0036s

---------------------------

Largura da faixa = 116
Melhor altura = 431

Lower Bound 1 = 344
Lower Bound 2 = 173
Avaliação = 1.25291

Tempo de execução: 60.0027s

---------------------------

Largura da faixa = 116
Melhor altura = 437

Lower Bound 1 = 344
Lower Bound 2 = 173
Avaliação = 1.27035

Tempo de execução: 60.0043s

---------------------------

Largura da faixa = 116
Melhor altura = 430

Lower Bound 1 = 344
Lower Bound 2 = 173
Avaliação = 1.25

Tempo de execução: 60.0156s

---------------------------

Largura da faixa = 116
Melhor altura = 433

Lower Bound 1 = 344
Lower Bound 2 = 173
Avaliação = 1.25872

Tempo de execução: 60.0047s

---------------------------

Largura da faixa = 116
Melhor altura = 442

Lower Bound 1 = 344
Lower Bound 2 = 173
Avaliação = 1.28488

Tempo de execução: 60.0099s

---------------------------

