Largura da faixa = 97
Melhor altura = 497

Lower Bound 1 = 412
Lower Bound 2 = 296
Avaliação = 1.20631

Tempo de execução: 60.0045s

---------------------------

Largura da faixa = 97
Melhor altura = 502

Lower Bound 1 = 412
Lower Bound 2 = 296
Avaliação = 1.21845

Tempo de execução: 60.0056s

---------------------------

Largura da faixa = 97
Melhor altura = 503

Lower Bound 1 = 412
Lower Bound 2 = 296
Avaliação = 1.22087

Tempo de execução: 60.004s

---------------------------

Largura da faixa = 97
Melhor altura = 511

Lower Bound 1 = 412
Lower Bound 2 = 296
Avaliação = 1.24029

Tempo de execução: 60.0001s

---------------------------

Largura da faixa = 97
Melhor altura = 497

Lower Bound 1 = 412
Lower Bound 2 = 296
Avaliação = 1.20631

Tempo de execução: 60.0011s

---------------------------

Largura da faixa = 97
Melhor altura = 510

Lower Bound 1 = 412
Lower Bound 2 = 296
Avaliação = 1.23786

Tempo de execução: 60.0006s

---------------------------

Largura da faixa = 97
Melhor altura = 505

Lower Bound 1 = 412
Lower Bound 2 = 296
Avaliação = 1.22573

Tempo de execução: 60.0006s

---------------------------

Largura da faixa = 97
Melhor altura = 504

Lower Bound 1 = 412
Lower Bound 2 = 296
Avaliação = 1.2233

Tempo de execução: 60.0016s

---------------------------

Largura da faixa = 97
Melhor altura = 493

Lower Bound 1 = 412
Lower Bound 2 = 296
Avaliação = 1.1966

Tempo de execução: 60.0062s

---------------------------

Largura da faixa = 97
Melhor altura = 498

Lower Bound 1 = 412
Lower Bound 2 = 296
Avaliação = 1.20874

Tempo de execução: 60.0002s

---------------------------

Largura da faixa = 97
Melhor altura = 493

Lower Bound 1 = 412
Lower Bound 2 = 296
Avaliação = 1.1966

Tempo de execução: 60.0045s

---------------------------

Largura da faixa = 97
Melhor altura = 509

Lower Bound 1 = 412
Lower Bound 2 = 296
Avaliação = 1.23544

Tempo de execução: 60.003s

---------------------------

Largura da faixa = 97
Melhor altura = 495

Lower Bound 1 = 412
Lower Bound 2 = 296
Avaliação = 1.20146

Tempo de execução: 60.0039s

---------------------------

Largura da faixa = 97
Melhor altura = 507

Lower Bound 1 = 412
Lower Bound 2 = 296
Avaliação = 1.23058

Tempo de execução: 60.005s

---------------------------

Largura da faixa = 97
Melhor altura = 491

Lower Bound 1 = 412
Lower Bound 2 = 296
Avaliação = 1.19175

Tempo de execução: 60.0053s

---------------------------

Largura da faixa = 97
Melhor altura = 504

Lower Bound 1 = 412
Lower Bound 2 = 296
Avaliação = 1.2233

Tempo de execução: 60.0001s

---------------------------

Largura da faixa = 97
Melhor altura = 501

Lower Bound 1 = 412
Lower Bound 2 = 296
Avaliação = 1.21602

Tempo de execução: 60.0012s

---------------------------

Largura da faixa = 97
Melhor altura = 503

Lower Bound 1 = 412
Lower Bound 2 = 296
Avaliação = 1.22087

Tempo de execução: 60.0072s

---------------------------

Largura da faixa = 97
Melhor altura = 507

Lower Bound 1 = 412
Lower Bound 2 = 296
Avaliação = 1.23058

Tempo de execução: 60.002s

---------------------------

Largura da faixa = 97
Melhor altura = 497

Lower Bound 1 = 412
Lower Bound 2 = 296
Avaliação = 1.20631

Tempo de execução: 60.001s

---------------------------

