Largura da faixa = 108
Melhor altura = 517

Lower Bound 1 = 370
Lower Bound 2 = 384
Avaliação = 1.34635

Tempo de execução: 60.0021s

---------------------------

Largura da faixa = 108
Melhor altura = 504

Lower Bound 1 = 370
Lower Bound 2 = 384
Avaliação = 1.3125

Tempo de execução: 60.0021s

---------------------------

Largura da faixa = 108
Melhor altura = 516

Lower Bound 1 = 370
Lower Bound 2 = 384
Avaliação = 1.34375

Tempo de execução: 60.0061s

---------------------------

Largura da faixa = 108
Melhor altura = 504

Lower Bound 1 = 370
Lower Bound 2 = 384
Avaliação = 1.3125

Tempo de execução: 60.0024s

---------------------------

Largura da faixa = 108
Melhor altura = 507

Lower Bound 1 = 370
Lower Bound 2 = 384
Avaliação = 1.32031

Tempo de execução: 60.0057s

---------------------------

Largura da faixa = 108
Melhor altura = 512

Lower Bound 1 = 370
Lower Bound 2 = 384
Avaliação = 1.33333

Tempo de execução: 60.0104s

---------------------------

Largura da faixa = 108
Melhor altura = 512

Lower Bound 1 = 370
Lower Bound 2 = 384
Avaliação = 1.33333

Tempo de execução: 60.0019s

---------------------------

Largura da faixa = 108
Melhor altura = 503

Lower Bound 1 = 370
Lower Bound 2 = 384
Avaliação = 1.3099

Tempo de execução: 60.0012s

---------------------------

Largura da faixa = 108
Melhor altura = 507

Lower Bound 1 = 370
Lower Bound 2 = 384
Avaliação = 1.32031

Tempo de execução: 60.0023s

---------------------------

Largura da faixa = 108
Melhor altura = 507

Lower Bound 1 = 370
Lower Bound 2 = 384
Avaliação = 1.32031

Tempo de execução: 60s

---------------------------

Largura da faixa = 108
Melhor altura = 516

Lower Bound 1 = 370
Lower Bound 2 = 384
Avaliação = 1.34375

Tempo de execução: 60.0005s

---------------------------

Largura da faixa = 108
Melhor altura = 516

Lower Bound 1 = 370
Lower Bound 2 = 384
Avaliação = 1.34375

Tempo de execução: 60.005s

---------------------------

Largura da faixa = 108
Melhor altura = 503

Lower Bound 1 = 370
Lower Bound 2 = 384
Avaliação = 1.3099

Tempo de execução: 60.0026s

---------------------------

Largura da faixa = 108
Melhor altura = 504

Lower Bound 1 = 370
Lower Bound 2 = 384
Avaliação = 1.3125

Tempo de execução: 60.0014s

---------------------------

Largura da faixa = 108
Melhor altura = 510

Lower Bound 1 = 370
Lower Bound 2 = 384
Avaliação = 1.32812

Tempo de execução: 60.0013s

---------------------------

Largura da faixa = 108
Melhor altura = 508

Lower Bound 1 = 370
Lower Bound 2 = 384
Avaliação = 1.32292

Tempo de execução: 60.0006s

---------------------------

Largura da faixa = 108
Melhor altura = 516

Lower Bound 1 = 370
Lower Bound 2 = 384
Avaliação = 1.34375

Tempo de execução: 60.0011s

---------------------------

Largura da faixa = 108
Melhor altura = 520

Lower Bound 1 = 370
Lower Bound 2 = 384
Avaliação = 1.35417

Tempo de execução: 60.0069s

---------------------------

Largura da faixa = 108
Melhor altura = 511

Lower Bound 1 = 370
Lower Bound 2 = 384
Avaliação = 1.33073

Tempo de execução: 60.0092s

---------------------------

Largura da faixa = 108
Melhor altura = 503

Lower Bound 1 = 370
Lower Bound 2 = 384
Avaliação = 1.3099

Tempo de execução: 60.0083s

---------------------------

