Largura da faixa = 88
Melhor altura = 574

Lower Bound 1 = 454
Lower Bound 2 = 145
Avaliação = 1.26432

Tempo de execução: 60.0161s

---------------------------

Largura da faixa = 88
Melhor altura = 570

Lower Bound 1 = 454
Lower Bound 2 = 145
Avaliação = 1.25551

Tempo de execução: 60.0399s

---------------------------

Largura da faixa = 88
Melhor altura = 578

Lower Bound 1 = 454
Lower Bound 2 = 145
Avaliação = 1.27313

Tempo de execução: 60.0454s

---------------------------

Largura da faixa = 88
Melhor altura = 572

Lower Bound 1 = 454
Lower Bound 2 = 145
Avaliação = 1.25991

Tempo de execução: 60.0199s

---------------------------

Largura da faixa = 88
Melhor altura = 567

Lower Bound 1 = 454
Lower Bound 2 = 145
Avaliação = 1.2489

Tempo de execução: 60.0211s

---------------------------

Largura da faixa = 88
Melhor altura = 563

Lower Bound 1 = 454
Lower Bound 2 = 145
Avaliação = 1.24009

Tempo de execução: 60.0581s

---------------------------

Largura da faixa = 88
Melhor altura = 559

Lower Bound 1 = 454
Lower Bound 2 = 145
Avaliação = 1.23128

Tempo de execução: 60.0121s

---------------------------

Largura da faixa = 88
Melhor altura = 576

Lower Bound 1 = 454
Lower Bound 2 = 145
Avaliação = 1.26872

Tempo de execução: 60.0114s

---------------------------

Largura da faixa = 88
Melhor altura = 581

Lower Bound 1 = 454
Lower Bound 2 = 145
Avaliação = 1.27974

Tempo de execução: 60.0077s

---------------------------

Largura da faixa = 88
Melhor altura = 574

Lower Bound 1 = 454
Lower Bound 2 = 145
Avaliação = 1.26432

Tempo de execução: 60.0079s

---------------------------

Largura da faixa = 88
Melhor altura = 580

Lower Bound 1 = 454
Lower Bound 2 = 145
Avaliação = 1.27753

Tempo de execução: 60.0186s

---------------------------

Largura da faixa = 88
Melhor altura = 576

Lower Bound 1 = 454
Lower Bound 2 = 145
Avaliação = 1.26872

Tempo de execução: 60.0337s

---------------------------

Largura da faixa = 88
Melhor altura = 573

Lower Bound 1 = 454
Lower Bound 2 = 145
Avaliação = 1.26211

Tempo de execução: 60.0041s

---------------------------

Largura da faixa = 88
Melhor altura = 579

Lower Bound 1 = 454
Lower Bound 2 = 145
Avaliação = 1.27533

Tempo de execução: 60.0162s

---------------------------

Largura da faixa = 88
Melhor altura = 574

Lower Bound 1 = 454
Lower Bound 2 = 145
Avaliação = 1.26432

Tempo de execução: 60.0116s

---------------------------

Largura da faixa = 88
Melhor altura = 579

Lower Bound 1 = 454
Lower Bound 2 = 145
Avaliação = 1.27533

Tempo de execução: 60.0132s

---------------------------

Largura da faixa = 88
Melhor altura = 582

Lower Bound 1 = 454
Lower Bound 2 = 145
Avaliação = 1.28194

Tempo de execução: 60.0333s

---------------------------

Largura da faixa = 88
Melhor altura = 580

Lower Bound 1 = 454
Lower Bound 2 = 145
Avaliação = 1.27753

Tempo de execução: 60.0387s

---------------------------

Largura da faixa = 88
Melhor altura = 570

Lower Bound 1 = 454
Lower Bound 2 = 145
Avaliação = 1.25551

Tempo de execução: 60.0065s

---------------------------

Largura da faixa = 88
Melhor altura = 553

Lower Bound 1 = 454
Lower Bound 2 = 145
Avaliação = 1.21806

Tempo de execução: 60.0306s

---------------------------

