Largura da faixa = 96
Melhor altura = 561

Lower Bound 1 = 416
Lower Bound 2 = 469
Avaliação = 1.19616

Tempo de execução: 60.0027s

---------------------------

Largura da faixa = 96
Melhor altura = 559

Lower Bound 1 = 416
Lower Bound 2 = 469
Avaliação = 1.1919

Tempo de execução: 60.0025s

---------------------------

Largura da faixa = 96
Melhor altura = 554

Lower Bound 1 = 416
Lower Bound 2 = 469
Avaliação = 1.18124

Tempo de execução: 60.0041s

---------------------------

Largura da faixa = 96
Melhor altura = 561

Lower Bound 1 = 416
Lower Bound 2 = 469
Avaliação = 1.19616

Tempo de execução: 60.0003s

---------------------------

Largura da faixa = 96
Melhor altura = 571

Lower Bound 1 = 416
Lower Bound 2 = 469
Avaliação = 1.21748

Tempo de execução: 60.003s

---------------------------

Largura da faixa = 96
Melhor altura = 570

Lower Bound 1 = 416
Lower Bound 2 = 469
Avaliação = 1.21535

Tempo de execução: 60.0028s

---------------------------

Largura da faixa = 96
Melhor altura = 566

Lower Bound 1 = 416
Lower Bound 2 = 469
Avaliação = 1.20682

Tempo de execução: 60.0001s

---------------------------

Largura da faixa = 96
Melhor altura = 578

Lower Bound 1 = 416
Lower Bound 2 = 469
Avaliação = 1.23241

Tempo de execução: 60.0007s

---------------------------

Largura da faixa = 96
Melhor altura = 561

Lower Bound 1 = 416
Lower Bound 2 = 469
Avaliação = 1.19616

Tempo de execução: 60.0034s

---------------------------

Largura da faixa = 96
Melhor altura = 572

Lower Bound 1 = 416
Lower Bound 2 = 469
Avaliação = 1.21962

Tempo de execução: 60.0012s

---------------------------

Largura da faixa = 96
Melhor altura = 567

Lower Bound 1 = 416
Lower Bound 2 = 469
Avaliação = 1.20896

Tempo de execução: 60.0033s

---------------------------

Largura da faixa = 96
Melhor altura = 567

Lower Bound 1 = 416
Lower Bound 2 = 469
Avaliação = 1.20896

Tempo de execução: 60.0013s

---------------------------

Largura da faixa = 96
Melhor altura = 556

Lower Bound 1 = 416
Lower Bound 2 = 469
Avaliação = 1.1855

Tempo de execução: 60.0001s

---------------------------

Largura da faixa = 96
Melhor altura = 562

Lower Bound 1 = 416
Lower Bound 2 = 469
Avaliação = 1.19829

Tempo de execução: 60.0015s

---------------------------

Largura da faixa = 96
Melhor altura = 558

Lower Bound 1 = 416
Lower Bound 2 = 469
Avaliação = 1.18977

Tempo de execução: 60.0044s

---------------------------

Largura da faixa = 96
Melhor altura = 557

Lower Bound 1 = 416
Lower Bound 2 = 469
Avaliação = 1.18763

Tempo de execução: 60.0023s

---------------------------

Largura da faixa = 96
Melhor altura = 556

Lower Bound 1 = 416
Lower Bound 2 = 469
Avaliação = 1.1855

Tempo de execução: 60.0005s

---------------------------

Largura da faixa = 96
Melhor altura = 579

Lower Bound 1 = 416
Lower Bound 2 = 469
Avaliação = 1.23454

Tempo de execução: 60.0028s

---------------------------

Largura da faixa = 96
Melhor altura = 558

Lower Bound 1 = 416
Lower Bound 2 = 469
Avaliação = 1.18977

Tempo de execução: 60.0002s

---------------------------

Largura da faixa = 96
Melhor altura = 561

Lower Bound 1 = 416
Lower Bound 2 = 469
Avaliação = 1.19616

Tempo de execução: 60.0014s

---------------------------

