Largura da faixa = 112
Melhor altura = 431

Lower Bound 1 = 357
Lower Bound 2 = 384
Avaliação = 1.1224

Tempo de execução: 60.0002s

---------------------------

Largura da faixa = 112
Melhor altura = 428

Lower Bound 1 = 357
Lower Bound 2 = 384
Avaliação = 1.11458

Tempo de execução: 60.0002s

---------------------------

Largura da faixa = 112
Melhor altura = 431

Lower Bound 1 = 357
Lower Bound 2 = 384
Avaliação = 1.1224

Tempo de execução: 60.0002s

---------------------------

Largura da faixa = 112
Melhor altura = 431

Lower Bound 1 = 357
Lower Bound 2 = 384
Avaliação = 1.1224

Tempo de execução: 60.0001s

---------------------------

Largura da faixa = 112
Melhor altura = 431

Lower Bound 1 = 357
Lower Bound 2 = 384
Avaliação = 1.1224

Tempo de execução: 60.0003s

---------------------------

Largura da faixa = 112
Melhor altura = 431

Lower Bound 1 = 357
Lower Bound 2 = 384
Avaliação = 1.1224

Tempo de execução: 60.0004s

---------------------------

Largura da faixa = 112
Melhor altura = 431

Lower Bound 1 = 357
Lower Bound 2 = 384
Avaliação = 1.1224

Tempo de execução: 60.0001s

---------------------------

Largura da faixa = 112
Melhor altura = 431

Lower Bound 1 = 357
Lower Bound 2 = 384
Avaliação = 1.1224

Tempo de execução: 60.0001s

---------------------------

Largura da faixa = 112
Melhor altura = 431

Lower Bound 1 = 357
Lower Bound 2 = 384
Avaliação = 1.1224

Tempo de execução: 60.0002s

---------------------------

Largura da faixa = 112
Melhor altura = 434

Lower Bound 1 = 357
Lower Bound 2 = 384
Avaliação = 1.13021

Tempo de execução: 60s

---------------------------

Largura da faixa = 112
Melhor altura = 431

Lower Bound 1 = 357
Lower Bound 2 = 384
Avaliação = 1.1224

Tempo de execução: 60s

---------------------------

Largura da faixa = 112
Melhor altura = 431

Lower Bound 1 = 357
Lower Bound 2 = 384
Avaliação = 1.1224

Tempo de execução: 60.0007s

---------------------------

Largura da faixa = 112
Melhor altura = 431

Lower Bound 1 = 357
Lower Bound 2 = 384
Avaliação = 1.1224

Tempo de execução: 60s

---------------------------

Largura da faixa = 112
Melhor altura = 431

Lower Bound 1 = 357
Lower Bound 2 = 384
Avaliação = 1.1224

Tempo de execução: 60.0001s

---------------------------

Largura da faixa = 112
Melhor altura = 431

Lower Bound 1 = 357
Lower Bound 2 = 384
Avaliação = 1.1224

Tempo de execução: 60s

---------------------------

Largura da faixa = 112
Melhor altura = 431

Lower Bound 1 = 357
Lower Bound 2 = 384
Avaliação = 1.1224

Tempo de execução: 60s

---------------------------

Largura da faixa = 112
Melhor altura = 431

Lower Bound 1 = 357
Lower Bound 2 = 384
Avaliação = 1.1224

Tempo de execução: 60.0002s

---------------------------

Largura da faixa = 112
Melhor altura = 431

Lower Bound 1 = 357
Lower Bound 2 = 384
Avaliação = 1.1224

Tempo de execução: 60.0002s

---------------------------

Largura da faixa = 112
Melhor altura = 431

Lower Bound 1 = 357
Lower Bound 2 = 384
Avaliação = 1.1224

Tempo de execução: 60.0001s

---------------------------

Largura da faixa = 112
Melhor altura = 431

Lower Bound 1 = 357
Lower Bound 2 = 384
Avaliação = 1.1224

Tempo de execução: 60.0002s

---------------------------

