Largura da faixa = 110
Melhor altura = 455

Lower Bound 1 = 363
Lower Bound 2 = 264
Avaliação = 1.25344

Tempo de execução: 60.001s

---------------------------

Largura da faixa = 110
Melhor altura = 462

Lower Bound 1 = 363
Lower Bound 2 = 264
Avaliação = 1.27273

Tempo de execução: 60.0055s

---------------------------

Largura da faixa = 110
Melhor altura = 456

Lower Bound 1 = 363
Lower Bound 2 = 264
Avaliação = 1.2562

Tempo de execução: 60.0056s

---------------------------

Largura da faixa = 110
Melhor altura = 460

Lower Bound 1 = 363
Lower Bound 2 = 264
Avaliação = 1.26722

Tempo de execução: 60.0052s

---------------------------

Largura da faixa = 110
Melhor altura = 469

Lower Bound 1 = 363
Lower Bound 2 = 264
Avaliação = 1.29201

Tempo de execução: 60.0037s

---------------------------

Largura da faixa = 110
Melhor altura = 458

Lower Bound 1 = 363
Lower Bound 2 = 264
Avaliação = 1.26171

Tempo de execução: 60.0027s

---------------------------

Largura da faixa = 110
Melhor altura = 457

Lower Bound 1 = 363
Lower Bound 2 = 264
Avaliação = 1.25895

Tempo de execução: 60.0005s

---------------------------

Largura da faixa = 110
Melhor altura = 459

Lower Bound 1 = 363
Lower Bound 2 = 264
Avaliação = 1.26446

Tempo de execução: 60.005s

---------------------------

Largura da faixa = 110
Melhor altura = 460

Lower Bound 1 = 363
Lower Bound 2 = 264
Avaliação = 1.26722

Tempo de execução: 60.0114s

---------------------------

Largura da faixa = 110
Melhor altura = 465

Lower Bound 1 = 363
Lower Bound 2 = 264
Avaliação = 1.28099

Tempo de execução: 60.0003s

---------------------------

Largura da faixa = 110
Melhor altura = 446

Lower Bound 1 = 363
Lower Bound 2 = 264
Avaliação = 1.22865

Tempo de execução: 60.0059s

---------------------------

Largura da faixa = 110
Melhor altura = 460

Lower Bound 1 = 363
Lower Bound 2 = 264
Avaliação = 1.26722

Tempo de execução: 60.0101s

---------------------------

Largura da faixa = 110
Melhor altura = 463

Lower Bound 1 = 363
Lower Bound 2 = 264
Avaliação = 1.27548

Tempo de execução: 60.0013s

---------------------------

Largura da faixa = 110
Melhor altura = 459

Lower Bound 1 = 363
Lower Bound 2 = 264
Avaliação = 1.26446

Tempo de execução: 60.0082s

---------------------------

Largura da faixa = 110
Melhor altura = 456

Lower Bound 1 = 363
Lower Bound 2 = 264
Avaliação = 1.2562

Tempo de execução: 60.0134s

---------------------------

Largura da faixa = 110
Melhor altura = 452

Lower Bound 1 = 363
Lower Bound 2 = 264
Avaliação = 1.24518

Tempo de execução: 60.0078s

---------------------------

Largura da faixa = 110
Melhor altura = 460

Lower Bound 1 = 363
Lower Bound 2 = 264
Avaliação = 1.26722

Tempo de execução: 60.005s

---------------------------

Largura da faixa = 110
Melhor altura = 455

Lower Bound 1 = 363
Lower Bound 2 = 264
Avaliação = 1.25344

Tempo de execução: 60.0139s

---------------------------

Largura da faixa = 110
Melhor altura = 455

Lower Bound 1 = 363
Lower Bound 2 = 264
Avaliação = 1.25344

Tempo de execução: 60.0003s

---------------------------

Largura da faixa = 110
Melhor altura = 457

Lower Bound 1 = 363
Lower Bound 2 = 264
Avaliação = 1.25895

Tempo de execução: 60.0105s

---------------------------

