Largura da faixa = 167
Melhor altura = 334

Lower Bound 1 = 239
Lower Bound 2 = 305
Avaliação = 1.09508

Tempo de execução: 60.0001s

---------------------------

Largura da faixa = 167
Melhor altura = 334

Lower Bound 1 = 239
Lower Bound 2 = 305
Avaliação = 1.09508

Tempo de execução: 60.0001s

---------------------------

Largura da faixa = 167
Melhor altura = 334

Lower Bound 1 = 239
Lower Bound 2 = 305
Avaliação = 1.09508

Tempo de execução: 60.0001s

---------------------------

Largura da faixa = 167
Melhor altura = 334

Lower Bound 1 = 239
Lower Bound 2 = 305
Avaliação = 1.09508

Tempo de execução: 60.0001s

---------------------------

Largura da faixa = 167
Melhor altura = 334

Lower Bound 1 = 239
Lower Bound 2 = 305
Avaliação = 1.09508

Tempo de execução: 60s

---------------------------

Largura da faixa = 167
Melhor altura = 334

Lower Bound 1 = 239
Lower Bound 2 = 305
Avaliação = 1.09508

Tempo de execução: 60.0001s

---------------------------

Largura da faixa = 167
Melhor altura = 334

Lower Bound 1 = 239
Lower Bound 2 = 305
Avaliação = 1.09508

Tempo de execução: 60.0002s

---------------------------

Largura da faixa = 167
Melhor altura = 334

Lower Bound 1 = 239
Lower Bound 2 = 305
Avaliação = 1.09508

Tempo de execução: 60.0002s

---------------------------

Largura da faixa = 167
Melhor altura = 334

Lower Bound 1 = 239
Lower Bound 2 = 305
Avaliação = 1.09508

Tempo de execução: 60.0001s

---------------------------

Largura da faixa = 167
Melhor altura = 334

Lower Bound 1 = 239
Lower Bound 2 = 305
Avaliação = 1.09508

Tempo de execução: 60.0001s

---------------------------

Largura da faixa = 167
Melhor altura = 334

Lower Bound 1 = 239
Lower Bound 2 = 305
Avaliação = 1.09508

Tempo de execução: 60.0001s

---------------------------

Largura da faixa = 167
Melhor altura = 334

Lower Bound 1 = 239
Lower Bound 2 = 305
Avaliação = 1.09508

Tempo de execução: 60.0001s

---------------------------

Largura da faixa = 167
Melhor altura = 334

Lower Bound 1 = 239
Lower Bound 2 = 305
Avaliação = 1.09508

Tempo de execução: 60.0001s

---------------------------

Largura da faixa = 167
Melhor altura = 334

Lower Bound 1 = 239
Lower Bound 2 = 305
Avaliação = 1.09508

Tempo de execução: 60s

---------------------------

Largura da faixa = 167
Melhor altura = 334

Lower Bound 1 = 239
Lower Bound 2 = 305
Avaliação = 1.09508

Tempo de execução: 60.0002s

---------------------------

Largura da faixa = 167
Melhor altura = 334

Lower Bound 1 = 239
Lower Bound 2 = 305
Avaliação = 1.09508

Tempo de execução: 60.0001s

---------------------------

Largura da faixa = 167
Melhor altura = 334

Lower Bound 1 = 239
Lower Bound 2 = 305
Avaliação = 1.09508

Tempo de execução: 60s

---------------------------

Largura da faixa = 167
Melhor altura = 334

Lower Bound 1 = 239
Lower Bound 2 = 305
Avaliação = 1.09508

Tempo de execução: 60.0001s

---------------------------

Largura da faixa = 167
Melhor altura = 334

Lower Bound 1 = 239
Lower Bound 2 = 305
Avaliação = 1.09508

Tempo de execução: 60s

---------------------------

Largura da faixa = 167
Melhor altura = 334

Lower Bound 1 = 239
Lower Bound 2 = 305
Avaliação = 1.09508

Tempo de execução: 60.0002s

---------------------------

