Largura da faixa = 132
Melhor altura = 403

Lower Bound 1 = 303
Lower Bound 2 = 352
Avaliação = 1.14489

Tempo de execução: 60s

---------------------------

Largura da faixa = 132
Melhor altura = 403

Lower Bound 1 = 303
Lower Bound 2 = 352
Avaliação = 1.14489

Tempo de execução: 60s

---------------------------

Largura da faixa = 132
Melhor altura = 403

Lower Bound 1 = 303
Lower Bound 2 = 352
Avaliação = 1.14489

Tempo de execução: 60s

---------------------------

Largura da faixa = 132
Melhor altura = 403

Lower Bound 1 = 303
Lower Bound 2 = 352
Avaliação = 1.14489

Tempo de execução: 60s

---------------------------

Largura da faixa = 132
Melhor altura = 403

Lower Bound 1 = 303
Lower Bound 2 = 352
Avaliação = 1.14489

Tempo de execução: 60s

---------------------------

Largura da faixa = 132
Melhor altura = 403

Lower Bound 1 = 303
Lower Bound 2 = 352
Avaliação = 1.14489

Tempo de execução: 60s

---------------------------

Largura da faixa = 132
Melhor altura = 403

Lower Bound 1 = 303
Lower Bound 2 = 352
Avaliação = 1.14489

Tempo de execução: 60.0001s

---------------------------

Largura da faixa = 132
Melhor altura = 403

Lower Bound 1 = 303
Lower Bound 2 = 352
Avaliação = 1.14489

Tempo de execução: 60s

---------------------------

Largura da faixa = 132
Melhor altura = 403

Lower Bound 1 = 303
Lower Bound 2 = 352
Avaliação = 1.14489

Tempo de execução: 60s

---------------------------

Largura da faixa = 132
Melhor altura = 403

Lower Bound 1 = 303
Lower Bound 2 = 352
Avaliação = 1.14489

Tempo de execução: 60s

---------------------------

Largura da faixa = 132
Melhor altura = 403

Lower Bound 1 = 303
Lower Bound 2 = 352
Avaliação = 1.14489

Tempo de execução: 60s

---------------------------

Largura da faixa = 132
Melhor altura = 403

Lower Bound 1 = 303
Lower Bound 2 = 352
Avaliação = 1.14489

Tempo de execução: 60s

---------------------------

Largura da faixa = 132
Melhor altura = 403

Lower Bound 1 = 303
Lower Bound 2 = 352
Avaliação = 1.14489

Tempo de execução: 60s

---------------------------

Largura da faixa = 132
Melhor altura = 403

Lower Bound 1 = 303
Lower Bound 2 = 352
Avaliação = 1.14489

Tempo de execução: 60s

---------------------------

Largura da faixa = 132
Melhor altura = 403

Lower Bound 1 = 303
Lower Bound 2 = 352
Avaliação = 1.14489

Tempo de execução: 60s

---------------------------

Largura da faixa = 132
Melhor altura = 403

Lower Bound 1 = 303
Lower Bound 2 = 352
Avaliação = 1.14489

Tempo de execução: 60s

---------------------------

Largura da faixa = 132
Melhor altura = 403

Lower Bound 1 = 303
Lower Bound 2 = 352
Avaliação = 1.14489

Tempo de execução: 60.0001s

---------------------------

Largura da faixa = 132
Melhor altura = 403

Lower Bound 1 = 303
Lower Bound 2 = 352
Avaliação = 1.14489

Tempo de execução: 60s

---------------------------

Largura da faixa = 132
Melhor altura = 403

Lower Bound 1 = 303
Lower Bound 2 = 352
Avaliação = 1.14489

Tempo de execução: 60s

---------------------------

Largura da faixa = 132
Melhor altura = 403

Lower Bound 1 = 303
Lower Bound 2 = 352
Avaliação = 1.14489

Tempo de execução: 60s

---------------------------

