Largura da faixa = 119
Melhor altura = 437

Lower Bound 1 = 336
Lower Bound 2 = 377
Avaliação = 1.15915

Tempo de execução: 60.0001s

---------------------------

Largura da faixa = 119
Melhor altura = 437

Lower Bound 1 = 336
Lower Bound 2 = 377
Avaliação = 1.15915

Tempo de execução: 60s

---------------------------

Largura da faixa = 119
Melhor altura = 437

Lower Bound 1 = 336
Lower Bound 2 = 377
Avaliação = 1.15915

Tempo de execução: 60s

---------------------------

Largura da faixa = 119
Melhor altura = 437

Lower Bound 1 = 336
Lower Bound 2 = 377
Avaliação = 1.15915

Tempo de execução: 60.0001s

---------------------------

Largura da faixa = 119
Melhor altura = 437

Lower Bound 1 = 336
Lower Bound 2 = 377
Avaliação = 1.15915

Tempo de execução: 60.0002s

---------------------------

Largura da faixa = 119
Melhor altura = 437

Lower Bound 1 = 336
Lower Bound 2 = 377
Avaliação = 1.15915

Tempo de execução: 60s

---------------------------

Largura da faixa = 119
Melhor altura = 437

Lower Bound 1 = 336
Lower Bound 2 = 377
Avaliação = 1.15915

Tempo de execução: 60.0002s

---------------------------

Largura da faixa = 119
Melhor altura = 437

Lower Bound 1 = 336
Lower Bound 2 = 377
Avaliação = 1.15915

Tempo de execução: 60s

---------------------------

Largura da faixa = 119
Melhor altura = 437

Lower Bound 1 = 336
Lower Bound 2 = 377
Avaliação = 1.15915

Tempo de execução: 60.0001s

---------------------------

Largura da faixa = 119
Melhor altura = 437

Lower Bound 1 = 336
Lower Bound 2 = 377
Avaliação = 1.15915

Tempo de execução: 60.0001s

---------------------------

Largura da faixa = 119
Melhor altura = 437

Lower Bound 1 = 336
Lower Bound 2 = 377
Avaliação = 1.15915

Tempo de execução: 60s

---------------------------

Largura da faixa = 119
Melhor altura = 437

Lower Bound 1 = 336
Lower Bound 2 = 377
Avaliação = 1.15915

Tempo de execução: 60s

---------------------------

Largura da faixa = 119
Melhor altura = 437

Lower Bound 1 = 336
Lower Bound 2 = 377
Avaliação = 1.15915

Tempo de execução: 60.0002s

---------------------------

Largura da faixa = 119
Melhor altura = 437

Lower Bound 1 = 336
Lower Bound 2 = 377
Avaliação = 1.15915

Tempo de execução: 60s

---------------------------

Largura da faixa = 119
Melhor altura = 437

Lower Bound 1 = 336
Lower Bound 2 = 377
Avaliação = 1.15915

Tempo de execução: 60.0004s

---------------------------

Largura da faixa = 119
Melhor altura = 437

Lower Bound 1 = 336
Lower Bound 2 = 377
Avaliação = 1.15915

Tempo de execução: 60s

---------------------------

Largura da faixa = 119
Melhor altura = 437

Lower Bound 1 = 336
Lower Bound 2 = 377
Avaliação = 1.15915

Tempo de execução: 60s

---------------------------

Largura da faixa = 119
Melhor altura = 437

Lower Bound 1 = 336
Lower Bound 2 = 377
Avaliação = 1.15915

Tempo de execução: 60.0002s

---------------------------

Largura da faixa = 119
Melhor altura = 437

Lower Bound 1 = 336
Lower Bound 2 = 377
Avaliação = 1.15915

Tempo de execução: 60s

---------------------------

Largura da faixa = 119
Melhor altura = 437

Lower Bound 1 = 336
Lower Bound 2 = 377
Avaliação = 1.15915

Tempo de execução: 60.0001s

---------------------------

