Largura da faixa = 146
Melhor altura = 316

Lower Bound 1 = 273
Lower Bound 2 = 315
Avaliação = 1.00317

Tempo de execução: 60s

---------------------------

Largura da faixa = 146
Melhor altura = 320

Lower Bound 1 = 273
Lower Bound 2 = 315
Avaliação = 1.01587

Tempo de execução: 60.0001s

---------------------------

Largura da faixa = 146
Melhor altura = 320

Lower Bound 1 = 273
Lower Bound 2 = 315
Avaliação = 1.01587

Tempo de execução: 60.0004s

---------------------------

Largura da faixa = 146
Melhor altura = 320

Lower Bound 1 = 273
Lower Bound 2 = 315
Avaliação = 1.01587

Tempo de execução: 60.0002s

---------------------------

Largura da faixa = 146
Melhor altura = 316

Lower Bound 1 = 273
Lower Bound 2 = 315
Avaliação = 1.00317

Tempo de execução: 60.0001s

---------------------------

Largura da faixa = 146
Melhor altura = 316

Lower Bound 1 = 273
Lower Bound 2 = 315
Avaliação = 1.00317

Tempo de execução: 60.0001s

---------------------------

Largura da faixa = 146
Melhor altura = 320

Lower Bound 1 = 273
Lower Bound 2 = 315
Avaliação = 1.01587

Tempo de execução: 60.0002s

---------------------------

Largura da faixa = 146
Melhor altura = 320

Lower Bound 1 = 273
Lower Bound 2 = 315
Avaliação = 1.01587

Tempo de execução: 60.0003s

---------------------------

Largura da faixa = 146
Melhor altura = 316

Lower Bound 1 = 273
Lower Bound 2 = 315
Avaliação = 1.00317

Tempo de execução: 60.0003s

---------------------------

Largura da faixa = 146
Melhor altura = 320

Lower Bound 1 = 273
Lower Bound 2 = 315
Avaliação = 1.01587

Tempo de execução: 60.0001s

---------------------------

Largura da faixa = 146
Melhor altura = 316

Lower Bound 1 = 273
Lower Bound 2 = 315
Avaliação = 1.00317

Tempo de execução: 60.0002s

---------------------------

Largura da faixa = 146
Melhor altura = 320

Lower Bound 1 = 273
Lower Bound 2 = 315
Avaliação = 1.01587

Tempo de execução: 60.0004s

---------------------------

Largura da faixa = 146
Melhor altura = 320

Lower Bound 1 = 273
Lower Bound 2 = 315
Avaliação = 1.01587

Tempo de execução: 60.0002s

---------------------------

Largura da faixa = 146
Melhor altura = 316

Lower Bound 1 = 273
Lower Bound 2 = 315
Avaliação = 1.00317

Tempo de execução: 60s

---------------------------

Largura da faixa = 146
Melhor altura = 320

Lower Bound 1 = 273
Lower Bound 2 = 315
Avaliação = 1.01587

Tempo de execução: 60.0001s

---------------------------

Largura da faixa = 146
Melhor altura = 320

Lower Bound 1 = 273
Lower Bound 2 = 315
Avaliação = 1.01587

Tempo de execução: 60s

---------------------------

Largura da faixa = 146
Melhor altura = 316

Lower Bound 1 = 273
Lower Bound 2 = 315
Avaliação = 1.00317

Tempo de execução: 60.0005s

---------------------------

Largura da faixa = 146
Melhor altura = 320

Lower Bound 1 = 273
Lower Bound 2 = 315
Avaliação = 1.01587

Tempo de execução: 60.0003s

---------------------------

Largura da faixa = 146
Melhor altura = 320

Lower Bound 1 = 273
Lower Bound 2 = 315
Avaliação = 1.01587

Tempo de execução: 60.0001s

---------------------------

Largura da faixa = 146
Melhor altura = 316

Lower Bound 1 = 273
Lower Bound 2 = 315
Avaliação = 1.00317

Tempo de execução: 60.0004s

---------------------------

