Largura da faixa = 106
Melhor altura = 465

Lower Bound 1 = 377
Lower Bound 2 = 258
Avaliação = 1.23342

Tempo de execução: 60.0025s

---------------------------

Largura da faixa = 106
Melhor altura = 469

Lower Bound 1 = 377
Lower Bound 2 = 258
Avaliação = 1.24403

Tempo de execução: 60.0017s

---------------------------

Largura da faixa = 106
Melhor altura = 467

Lower Bound 1 = 377
Lower Bound 2 = 258
Avaliação = 1.23873

Tempo de execução: 60.0076s

---------------------------

Largura da faixa = 106
Melhor altura = 469

Lower Bound 1 = 377
Lower Bound 2 = 258
Avaliação = 1.24403

Tempo de execução: 60.0009s

---------------------------

Largura da faixa = 106
Melhor altura = 462

Lower Bound 1 = 377
Lower Bound 2 = 258
Avaliação = 1.22546

Tempo de execução: 60.002s

---------------------------

Largura da faixa = 106
Melhor altura = 473

Lower Bound 1 = 377
Lower Bound 2 = 258
Avaliação = 1.25464

Tempo de execução: 60.0048s

---------------------------

Largura da faixa = 106
Melhor altura = 477

Lower Bound 1 = 377
Lower Bound 2 = 258
Avaliação = 1.26525

Tempo de execução: 60.0011s

---------------------------

Largura da faixa = 106
Melhor altura = 458

Lower Bound 1 = 377
Lower Bound 2 = 258
Avaliação = 1.21485

Tempo de execução: 60.0065s

---------------------------

Largura da faixa = 106
Melhor altura = 463

Lower Bound 1 = 377
Lower Bound 2 = 258
Avaliação = 1.22812

Tempo de execução: 60.0094s

---------------------------

Largura da faixa = 106
Melhor altura = 473

Lower Bound 1 = 377
Lower Bound 2 = 258
Avaliação = 1.25464

Tempo de execução: 60.0001s

---------------------------

Largura da faixa = 106
Melhor altura = 471

Lower Bound 1 = 377
Lower Bound 2 = 258
Avaliação = 1.24934

Tempo de execução: 60.0014s

---------------------------

Largura da faixa = 106
Melhor altura = 473

Lower Bound 1 = 377
Lower Bound 2 = 258
Avaliação = 1.25464

Tempo de execução: 60.0024s

---------------------------

Largura da faixa = 106
Melhor altura = 476

Lower Bound 1 = 377
Lower Bound 2 = 258
Avaliação = 1.2626

Tempo de execução: 60.002s

---------------------------

Largura da faixa = 106
Melhor altura = 477

Lower Bound 1 = 377
Lower Bound 2 = 258
Avaliação = 1.26525

Tempo de execução: 60.0003s

---------------------------

Largura da faixa = 106
Melhor altura = 460

Lower Bound 1 = 377
Lower Bound 2 = 258
Avaliação = 1.22016

Tempo de execução: 60.0001s

---------------------------

Largura da faixa = 106
Melhor altura = 471

Lower Bound 1 = 377
Lower Bound 2 = 258
Avaliação = 1.24934

Tempo de execução: 60.0006s

---------------------------

Largura da faixa = 106
Melhor altura = 475

Lower Bound 1 = 377
Lower Bound 2 = 258
Avaliação = 1.25995

Tempo de execução: 60.0039s

---------------------------

Largura da faixa = 106
Melhor altura = 470

Lower Bound 1 = 377
Lower Bound 2 = 258
Avaliação = 1.24668

Tempo de execução: 60.0035s

---------------------------

Largura da faixa = 106
Melhor altura = 479

Lower Bound 1 = 377
Lower Bound 2 = 258
Avaliação = 1.27056

Tempo de execução: 60.0023s

---------------------------

Largura da faixa = 106
Melhor altura = 475

Lower Bound 1 = 377
Lower Bound 2 = 258
Avaliação = 1.25995

Tempo de execução: 60.0039s

---------------------------

