Largura da faixa = 98
Melhor altura = 483

Lower Bound 1 = 408
Lower Bound 2 = 202
Avaliação = 1.18382

Tempo de execução: 60.0025s

---------------------------

Largura da faixa = 98
Melhor altura = 488

Lower Bound 1 = 408
Lower Bound 2 = 202
Avaliação = 1.19608

Tempo de execução: 60.0016s

---------------------------

Largura da faixa = 98
Melhor altura = 489

Lower Bound 1 = 408
Lower Bound 2 = 202
Avaliação = 1.19853

Tempo de execução: 60.0044s

---------------------------

Largura da faixa = 98
Melhor altura = 492

Lower Bound 1 = 408
Lower Bound 2 = 202
Avaliação = 1.20588

Tempo de execução: 60.0001s

---------------------------

Largura da faixa = 98
Melhor altura = 502

Lower Bound 1 = 408
Lower Bound 2 = 202
Avaliação = 1.23039

Tempo de execução: 60.0021s

---------------------------

Largura da faixa = 98
Melhor altura = 504

Lower Bound 1 = 408
Lower Bound 2 = 202
Avaliação = 1.23529

Tempo de execução: 60.0015s

---------------------------

Largura da faixa = 98
Melhor altura = 489

Lower Bound 1 = 408
Lower Bound 2 = 202
Avaliação = 1.19853

Tempo de execução: 60.0034s

---------------------------

Largura da faixa = 98
Melhor altura = 494

Lower Bound 1 = 408
Lower Bound 2 = 202
Avaliação = 1.21078

Tempo de execução: 60.0001s

---------------------------

Largura da faixa = 98
Melhor altura = 482

Lower Bound 1 = 408
Lower Bound 2 = 202
Avaliação = 1.18137

Tempo de execução: 60.0093s

---------------------------

Largura da faixa = 98
Melhor altura = 484

Lower Bound 1 = 408
Lower Bound 2 = 202
Avaliação = 1.18627

Tempo de execução: 60.0021s

---------------------------

Largura da faixa = 98
Melhor altura = 489

Lower Bound 1 = 408
Lower Bound 2 = 202
Avaliação = 1.19853

Tempo de execução: 60.0054s

---------------------------

Largura da faixa = 98
Melhor altura = 492

Lower Bound 1 = 408
Lower Bound 2 = 202
Avaliação = 1.20588

Tempo de execução: 60.0163s

---------------------------

Largura da faixa = 98
Melhor altura = 485

Lower Bound 1 = 408
Lower Bound 2 = 202
Avaliação = 1.18873

Tempo de execução: 60.0037s

---------------------------

Largura da faixa = 98
Melhor altura = 490

Lower Bound 1 = 408
Lower Bound 2 = 202
Avaliação = 1.20098

Tempo de execução: 60.0033s

---------------------------

Largura da faixa = 98
Melhor altura = 489

Lower Bound 1 = 408
Lower Bound 2 = 202
Avaliação = 1.19853

Tempo de execução: 60.0061s

---------------------------

Largura da faixa = 98
Melhor altura = 491

Lower Bound 1 = 408
Lower Bound 2 = 202
Avaliação = 1.20343

Tempo de execução: 60.0007s

---------------------------

Largura da faixa = 98
Melhor altura = 489

Lower Bound 1 = 408
Lower Bound 2 = 202
Avaliação = 1.19853

Tempo de execução: 60.005s

---------------------------

Largura da faixa = 98
Melhor altura = 501

Lower Bound 1 = 408
Lower Bound 2 = 202
Avaliação = 1.22794

Tempo de execução: 60.0056s

---------------------------

Largura da faixa = 98
Melhor altura = 503

Lower Bound 1 = 408
Lower Bound 2 = 202
Avaliação = 1.23284

Tempo de execução: 60.0003s

---------------------------

Largura da faixa = 98
Melhor altura = 498

Lower Bound 1 = 408
Lower Bound 2 = 202
Avaliação = 1.22059

Tempo de execução: 60.0063s

---------------------------

