Largura da faixa = 105
Melhor altura = 475

Lower Bound 1 = 380
Lower Bound 2 = 364
Avaliação = 1.25

Tempo de execução: 60s

---------------------------

Largura da faixa = 105
Melhor altura = 481

Lower Bound 1 = 380
Lower Bound 2 = 364
Avaliação = 1.26579

Tempo de execução: 60.0018s

---------------------------

Largura da faixa = 105
Melhor altura = 488

Lower Bound 1 = 380
Lower Bound 2 = 364
Avaliação = 1.28421

Tempo de execução: 60.0006s

---------------------------

Largura da faixa = 105
Melhor altura = 475

Lower Bound 1 = 380
Lower Bound 2 = 364
Avaliação = 1.25

Tempo de execução: 60.0005s

---------------------------

Largura da faixa = 105
Melhor altura = 478

Lower Bound 1 = 380
Lower Bound 2 = 364
Avaliação = 1.25789

Tempo de execução: 60.0013s

---------------------------

Largura da faixa = 105
Melhor altura = 472

Lower Bound 1 = 380
Lower Bound 2 = 364
Avaliação = 1.24211

Tempo de execução: 60.0019s

---------------------------

Largura da faixa = 105
Melhor altura = 479

Lower Bound 1 = 380
Lower Bound 2 = 364
Avaliação = 1.26053

Tempo de execução: 60s

---------------------------

Largura da faixa = 105
Melhor altura = 480

Lower Bound 1 = 380
Lower Bound 2 = 364
Avaliação = 1.26316

Tempo de execução: 60.0009s

---------------------------

Largura da faixa = 105
Melhor altura = 486

Lower Bound 1 = 380
Lower Bound 2 = 364
Avaliação = 1.27895

Tempo de execução: 60.0013s

---------------------------

Largura da faixa = 105
Melhor altura = 478

Lower Bound 1 = 380
Lower Bound 2 = 364
Avaliação = 1.25789

Tempo de execução: 60.0002s

---------------------------

Largura da faixa = 105
Melhor altura = 478

Lower Bound 1 = 380
Lower Bound 2 = 364
Avaliação = 1.25789

Tempo de execução: 60.0001s

---------------------------

Largura da faixa = 105
Melhor altura = 486

Lower Bound 1 = 380
Lower Bound 2 = 364
Avaliação = 1.27895

Tempo de execução: 60.0026s

---------------------------

Largura da faixa = 105
Melhor altura = 478

Lower Bound 1 = 380
Lower Bound 2 = 364
Avaliação = 1.25789

Tempo de execução: 60s

---------------------------

Largura da faixa = 105
Melhor altura = 486

Lower Bound 1 = 380
Lower Bound 2 = 364
Avaliação = 1.27895

Tempo de execução: 60.0017s

---------------------------

Largura da faixa = 105
Melhor altura = 485

Lower Bound 1 = 380
Lower Bound 2 = 364
Avaliação = 1.27632

Tempo de execução: 60.0026s

---------------------------

Largura da faixa = 105
Melhor altura = 486

Lower Bound 1 = 380
Lower Bound 2 = 364
Avaliação = 1.27895

Tempo de execução: 60s

---------------------------

Largura da faixa = 105
Melhor altura = 485

Lower Bound 1 = 380
Lower Bound 2 = 364
Avaliação = 1.27632

Tempo de execução: 60s

---------------------------

Largura da faixa = 105
Melhor altura = 472

Lower Bound 1 = 380
Lower Bound 2 = 364
Avaliação = 1.24211

Tempo de execução: 60.0021s

---------------------------

Largura da faixa = 105
Melhor altura = 478

Lower Bound 1 = 380
Lower Bound 2 = 364
Avaliação = 1.25789

Tempo de execução: 60.0004s

---------------------------

Largura da faixa = 105
Melhor altura = 480

Lower Bound 1 = 380
Lower Bound 2 = 364
Avaliação = 1.26316

Tempo de execução: 60.0007s

---------------------------

