Largura da faixa = 74
Melhor altura = 701

Lower Bound 1 = 540
Lower Bound 2 = 411
Avaliação = 1.29815

Tempo de execução: 60.007s

---------------------------

Largura da faixa = 74
Melhor altura = 701

Lower Bound 1 = 540
Lower Bound 2 = 411
Avaliação = 1.29815

Tempo de execução: 60.0067s

---------------------------

Largura da faixa = 74
Melhor altura = 708

Lower Bound 1 = 540
Lower Bound 2 = 411
Avaliação = 1.31111

Tempo de execução: 60.0108s

---------------------------

Largura da faixa = 74
Melhor altura = 720

Lower Bound 1 = 540
Lower Bound 2 = 411
Avaliação = 1.33333

Tempo de execução: 60.0006s

---------------------------

Largura da faixa = 74
Melhor altura = 707

Lower Bound 1 = 540
Lower Bound 2 = 411
Avaliação = 1.30926

Tempo de execução: 60.0152s

---------------------------

Largura da faixa = 74
Melhor altura = 698

Lower Bound 1 = 540
Lower Bound 2 = 411
Avaliação = 1.29259

Tempo de execução: 60.0283s

---------------------------

Largura da faixa = 74
Melhor altura = 717

Lower Bound 1 = 540
Lower Bound 2 = 411
Avaliação = 1.32778

Tempo de execução: 60.0011s

---------------------------

Largura da faixa = 74
Melhor altura = 722

Lower Bound 1 = 540
Lower Bound 2 = 411
Avaliação = 1.33704

Tempo de execução: 60.0029s

---------------------------

Largura da faixa = 74
Melhor altura = 704

Lower Bound 1 = 540
Lower Bound 2 = 411
Avaliação = 1.3037

Tempo de execução: 60.0188s

---------------------------

Largura da faixa = 74
Melhor altura = 717

Lower Bound 1 = 540
Lower Bound 2 = 411
Avaliação = 1.32778

Tempo de execução: 60.0006s

---------------------------

Largura da faixa = 74
Melhor altura = 720

Lower Bound 1 = 540
Lower Bound 2 = 411
Avaliação = 1.33333

Tempo de execução: 60.0092s

---------------------------

Largura da faixa = 74
Melhor altura = 706

Lower Bound 1 = 540
Lower Bound 2 = 411
Avaliação = 1.30741

Tempo de execução: 60.0143s

---------------------------

Largura da faixa = 74
Melhor altura = 705

Lower Bound 1 = 540
Lower Bound 2 = 411
Avaliação = 1.30556

Tempo de execução: 60.0184s

---------------------------

Largura da faixa = 74
Melhor altura = 706

Lower Bound 1 = 540
Lower Bound 2 = 411
Avaliação = 1.30741

Tempo de execução: 60.0262s

---------------------------

Largura da faixa = 74
Melhor altura = 709

Lower Bound 1 = 540
Lower Bound 2 = 411
Avaliação = 1.31296

Tempo de execução: 60.0234s

---------------------------

Largura da faixa = 74
Melhor altura = 708

Lower Bound 1 = 540
Lower Bound 2 = 411
Avaliação = 1.31111

Tempo de execução: 60.0021s

---------------------------

Largura da faixa = 74
Melhor altura = 707

Lower Bound 1 = 540
Lower Bound 2 = 411
Avaliação = 1.30926

Tempo de execução: 60.0015s

---------------------------

Largura da faixa = 74
Melhor altura = 711

Lower Bound 1 = 540
Lower Bound 2 = 411
Avaliação = 1.31667

Tempo de execução: 60.0311s

---------------------------

Largura da faixa = 74
Melhor altura = 691

Lower Bound 1 = 540
Lower Bound 2 = 411
Avaliação = 1.27963

Tempo de execução: 60.0247s

---------------------------

Largura da faixa = 74
Melhor altura = 693

Lower Bound 1 = 540
Lower Bound 2 = 411
Avaliação = 1.28333

Tempo de execução: 60.0237s

---------------------------

