Largura da faixa = 83
Melhor altura = 650

Lower Bound 1 = 481
Lower Bound 2 = 248
Avaliação = 1.35135

Tempo de execução: 60.0174s

---------------------------

Largura da faixa = 83
Melhor altura = 645

Lower Bound 1 = 481
Lower Bound 2 = 248
Avaliação = 1.34096

Tempo de execução: 60.0186s

---------------------------

Largura da faixa = 83
Melhor altura = 649

Lower Bound 1 = 481
Lower Bound 2 = 248
Avaliação = 1.34927

Tempo de execução: 60.0419s

---------------------------

Largura da faixa = 83
Melhor altura = 650

Lower Bound 1 = 481
Lower Bound 2 = 248
Avaliação = 1.35135

Tempo de execução: 60.0021s

---------------------------

Largura da faixa = 83
Melhor altura = 657

Lower Bound 1 = 481
Lower Bound 2 = 248
Avaliação = 1.3659

Tempo de execução: 60.0129s

---------------------------

Largura da faixa = 83
Melhor altura = 646

Lower Bound 1 = 481
Lower Bound 2 = 248
Avaliação = 1.34304

Tempo de execução: 60.0403s

---------------------------

Largura da faixa = 83
Melhor altura = 653

Lower Bound 1 = 481
Lower Bound 2 = 248
Avaliação = 1.35759

Tempo de execução: 60.0053s

---------------------------

Largura da faixa = 83
Melhor altura = 651

Lower Bound 1 = 481
Lower Bound 2 = 248
Avaliação = 1.35343

Tempo de execução: 60.0317s

---------------------------

Largura da faixa = 83
Melhor altura = 657

Lower Bound 1 = 481
Lower Bound 2 = 248
Avaliação = 1.3659

Tempo de execução: 60.043s

---------------------------

Largura da faixa = 83
Melhor altura = 651

Lower Bound 1 = 481
Lower Bound 2 = 248
Avaliação = 1.35343

Tempo de execução: 60.0068s

---------------------------

Largura da faixa = 83
Melhor altura = 653

Lower Bound 1 = 481
Lower Bound 2 = 248
Avaliação = 1.35759

Tempo de execução: 60.0305s

---------------------------

Largura da faixa = 83
Melhor altura = 642

Lower Bound 1 = 481
Lower Bound 2 = 248
Avaliação = 1.33472

Tempo de execução: 60.0347s

---------------------------

Largura da faixa = 83
Melhor altura = 647

Lower Bound 1 = 481
Lower Bound 2 = 248
Avaliação = 1.34511

Tempo de execução: 60.0059s

---------------------------

Largura da faixa = 83
Melhor altura = 662

Lower Bound 1 = 481
Lower Bound 2 = 248
Avaliação = 1.3763

Tempo de execução: 60.0008s

---------------------------

Largura da faixa = 83
Melhor altura = 651

Lower Bound 1 = 481
Lower Bound 2 = 248
Avaliação = 1.35343

Tempo de execução: 60.048s

---------------------------

Largura da faixa = 83
Melhor altura = 652

Lower Bound 1 = 481
Lower Bound 2 = 248
Avaliação = 1.35551

Tempo de execução: 60.0131s

---------------------------

Largura da faixa = 83
Melhor altura = 651

Lower Bound 1 = 481
Lower Bound 2 = 248
Avaliação = 1.35343

Tempo de execução: 60.0007s

---------------------------

Largura da faixa = 83
Melhor altura = 638

Lower Bound 1 = 481
Lower Bound 2 = 248
Avaliação = 1.3264

Tempo de execução: 60.0197s

---------------------------

Largura da faixa = 83
Melhor altura = 645

Lower Bound 1 = 481
Lower Bound 2 = 248
Avaliação = 1.34096

Tempo de execução: 60.0103s

---------------------------

Largura da faixa = 83
Melhor altura = 650

Lower Bound 1 = 481
Lower Bound 2 = 248
Avaliação = 1.35135

Tempo de execução: 60.0485s

---------------------------

