Largura da faixa = 104
Melhor altura = 470

Lower Bound 1 = 384
Lower Bound 2 = 201
Avaliação = 1.22396

Tempo de execução: 60.0039s

---------------------------

Largura da faixa = 104
Melhor altura = 479

Lower Bound 1 = 384
Lower Bound 2 = 201
Avaliação = 1.2474

Tempo de execução: 60.0006s

---------------------------

Largura da faixa = 104
Melhor altura = 474

Lower Bound 1 = 384
Lower Bound 2 = 201
Avaliação = 1.23438

Tempo de execução: 60.0084s

---------------------------

Largura da faixa = 104
Melhor altura = 467

Lower Bound 1 = 384
Lower Bound 2 = 201
Avaliação = 1.21615

Tempo de execução: 60.0071s

---------------------------

Largura da faixa = 104
Melhor altura = 472

Lower Bound 1 = 384
Lower Bound 2 = 201
Avaliação = 1.22917

Tempo de execução: 60.0023s

---------------------------

Largura da faixa = 104
Melhor altura = 480

Lower Bound 1 = 384
Lower Bound 2 = 201
Avaliação = 1.25

Tempo de execução: 60.0145s

---------------------------

Largura da faixa = 104
Melhor altura = 466

Lower Bound 1 = 384
Lower Bound 2 = 201
Avaliação = 1.21354

Tempo de execução: 60.0016s

---------------------------

Largura da faixa = 104
Melhor altura = 465

Lower Bound 1 = 384
Lower Bound 2 = 201
Avaliação = 1.21094

Tempo de execução: 60.003s

---------------------------

Largura da faixa = 104
Melhor altura = 476

Lower Bound 1 = 384
Lower Bound 2 = 201
Avaliação = 1.23958

Tempo de execução: 60.0044s

---------------------------

Largura da faixa = 104
Melhor altura = 476

Lower Bound 1 = 384
Lower Bound 2 = 201
Avaliação = 1.23958

Tempo de execução: 60.0007s

---------------------------

Largura da faixa = 104
Melhor altura = 480

Lower Bound 1 = 384
Lower Bound 2 = 201
Avaliação = 1.25

Tempo de execução: 60.0018s

---------------------------

Largura da faixa = 104
Melhor altura = 472

Lower Bound 1 = 384
Lower Bound 2 = 201
Avaliação = 1.22917

Tempo de execução: 60.0025s

---------------------------

Largura da faixa = 104
Melhor altura = 465

Lower Bound 1 = 384
Lower Bound 2 = 201
Avaliação = 1.21094

Tempo de execução: 60.0052s

---------------------------

Largura da faixa = 104
Melhor altura = 481

Lower Bound 1 = 384
Lower Bound 2 = 201
Avaliação = 1.2526

Tempo de execução: 60.0045s

---------------------------

Largura da faixa = 104
Melhor altura = 478

Lower Bound 1 = 384
Lower Bound 2 = 201
Avaliação = 1.24479

Tempo de execução: 60.018s

---------------------------

Largura da faixa = 104
Melhor altura = 474

Lower Bound 1 = 384
Lower Bound 2 = 201
Avaliação = 1.23438

Tempo de execução: 60.0008s

---------------------------

Largura da faixa = 104
Melhor altura = 483

Lower Bound 1 = 384
Lower Bound 2 = 201
Avaliação = 1.25781

Tempo de execução: 60.0008s

---------------------------

Largura da faixa = 104
Melhor altura = 464

Lower Bound 1 = 384
Lower Bound 2 = 201
Avaliação = 1.20833

Tempo de execução: 60.0065s

---------------------------

Largura da faixa = 104
Melhor altura = 479

Lower Bound 1 = 384
Lower Bound 2 = 201
Avaliação = 1.2474

Tempo de execução: 60.0007s

---------------------------

Largura da faixa = 104
Melhor altura = 473

Lower Bound 1 = 384
Lower Bound 2 = 201
Avaliação = 1.23177

Tempo de execução: 60.0082s

---------------------------

