Largura da faixa = 180
Melhor altura = 278

Lower Bound 1 = 222
Lower Bound 2 = 180
Avaliação = 1.25225

Tempo de execução: 60s

---------------------------

Largura da faixa = 180
Melhor altura = 275

Lower Bound 1 = 222
Lower Bound 2 = 180
Avaliação = 1.23874

Tempo de execução: 60.0001s

---------------------------

Largura da faixa = 180
Melhor altura = 272

Lower Bound 1 = 222
Lower Bound 2 = 180
Avaliação = 1.22523

Tempo de execução: 60.0003s

---------------------------

Largura da faixa = 180
Melhor altura = 278

Lower Bound 1 = 222
Lower Bound 2 = 180
Avaliação = 1.25225

Tempo de execução: 60.0001s

---------------------------

Largura da faixa = 180
Melhor altura = 272

Lower Bound 1 = 222
Lower Bound 2 = 180
Avaliação = 1.22523

Tempo de execução: 60.0005s

---------------------------

Largura da faixa = 180
Melhor altura = 276

Lower Bound 1 = 222
Lower Bound 2 = 180
Avaliação = 1.24324

Tempo de execução: 60.0002s

---------------------------

Largura da faixa = 180
Melhor altura = 274

Lower Bound 1 = 222
Lower Bound 2 = 180
Avaliação = 1.23423

Tempo de execução: 60.0001s

---------------------------

Largura da faixa = 180
Melhor altura = 284

Lower Bound 1 = 222
Lower Bound 2 = 180
Avaliação = 1.27928

Tempo de execução: 60.0001s

---------------------------

Largura da faixa = 180
Melhor altura = 279

Lower Bound 1 = 222
Lower Bound 2 = 180
Avaliação = 1.25676

Tempo de execução: 60.0002s

---------------------------

Largura da faixa = 180
Melhor altura = 279

Lower Bound 1 = 222
Lower Bound 2 = 180
Avaliação = 1.25676

Tempo de execução: 60.0001s

---------------------------

Largura da faixa = 180
Melhor altura = 272

Lower Bound 1 = 222
Lower Bound 2 = 180
Avaliação = 1.22523

Tempo de execução: 60.0001s

---------------------------

Largura da faixa = 180
Melhor altura = 279

Lower Bound 1 = 222
Lower Bound 2 = 180
Avaliação = 1.25676

Tempo de execução: 60.0002s

---------------------------

Largura da faixa = 180
Melhor altura = 280

Lower Bound 1 = 222
Lower Bound 2 = 180
Avaliação = 1.26126

Tempo de execução: 60.0001s

---------------------------

Largura da faixa = 180
Melhor altura = 272

Lower Bound 1 = 222
Lower Bound 2 = 180
Avaliação = 1.22523

Tempo de execução: 60.0002s

---------------------------

Largura da faixa = 180
Melhor altura = 272

Lower Bound 1 = 222
Lower Bound 2 = 180
Avaliação = 1.22523

Tempo de execução: 60.0001s

---------------------------

Largura da faixa = 180
Melhor altura = 279

Lower Bound 1 = 222
Lower Bound 2 = 180
Avaliação = 1.25676

Tempo de execução: 60s

---------------------------

Largura da faixa = 180
Melhor altura = 281

Lower Bound 1 = 222
Lower Bound 2 = 180
Avaliação = 1.26577

Tempo de execução: 60.0001s

---------------------------

Largura da faixa = 180
Melhor altura = 275

Lower Bound 1 = 222
Lower Bound 2 = 180
Avaliação = 1.23874

Tempo de execução: 60.0003s

---------------------------

Largura da faixa = 180
Melhor altura = 275

Lower Bound 1 = 222
Lower Bound 2 = 180
Avaliação = 1.23874

Tempo de execução: 60.0002s

---------------------------

Largura da faixa = 180
Melhor altura = 278

Lower Bound 1 = 222
Lower Bound 2 = 180
Avaliação = 1.25225

Tempo de execução: 60.0003s

---------------------------

