Largura da faixa = 123
Melhor altura = 389

Lower Bound 1 = 325
Lower Bound 2 = 214
Avaliação = 1.19692

Tempo de execução: 60.0026s

---------------------------

Largura da faixa = 123
Melhor altura = 390

Lower Bound 1 = 325
Lower Bound 2 = 214
Avaliação = 1.2

Tempo de execução: 60.0001s

---------------------------

Largura da faixa = 123
Melhor altura = 393

Lower Bound 1 = 325
Lower Bound 2 = 214
Avaliação = 1.20923

Tempo de execução: 60.0015s

---------------------------

Largura da faixa = 123
Melhor altura = 390

Lower Bound 1 = 325
Lower Bound 2 = 214
Avaliação = 1.2

Tempo de execução: 60.0014s

---------------------------

Largura da faixa = 123
Melhor altura = 389

Lower Bound 1 = 325
Lower Bound 2 = 214
Avaliação = 1.19692

Tempo de execução: 60.0032s

---------------------------

Largura da faixa = 123
Melhor altura = 391

Lower Bound 1 = 325
Lower Bound 2 = 214
Avaliação = 1.20308

Tempo de execução: 60.0047s

---------------------------

Largura da faixa = 123
Melhor altura = 383

Lower Bound 1 = 325
Lower Bound 2 = 214
Avaliação = 1.17846

Tempo de execução: 60s

---------------------------

Largura da faixa = 123
Melhor altura = 381

Lower Bound 1 = 325
Lower Bound 2 = 214
Avaliação = 1.17231

Tempo de execução: 60.0017s

---------------------------

Largura da faixa = 123
Melhor altura = 389

Lower Bound 1 = 325
Lower Bound 2 = 214
Avaliação = 1.19692

Tempo de execução: 60.0074s

---------------------------

Largura da faixa = 123
Melhor altura = 391

Lower Bound 1 = 325
Lower Bound 2 = 214
Avaliação = 1.20308

Tempo de execução: 60.0007s

---------------------------

Largura da faixa = 123
Melhor altura = 392

Lower Bound 1 = 325
Lower Bound 2 = 214
Avaliação = 1.20615

Tempo de execução: 60.0012s

---------------------------

Largura da faixa = 123
Melhor altura = 390

Lower Bound 1 = 325
Lower Bound 2 = 214
Avaliação = 1.2

Tempo de execução: 60.0015s

---------------------------

Largura da faixa = 123
Melhor altura = 400

Lower Bound 1 = 325
Lower Bound 2 = 214
Avaliação = 1.23077

Tempo de execução: 60.0007s

---------------------------

Largura da faixa = 123
Melhor altura = 387

Lower Bound 1 = 325
Lower Bound 2 = 214
Avaliação = 1.19077

Tempo de execução: 60.0004s

---------------------------

Largura da faixa = 123
Melhor altura = 386

Lower Bound 1 = 325
Lower Bound 2 = 214
Avaliação = 1.18769

Tempo de execução: 60.004s

---------------------------

Largura da faixa = 123
Melhor altura = 395

Lower Bound 1 = 325
Lower Bound 2 = 214
Avaliação = 1.21538

Tempo de execução: 60.0011s

---------------------------

Largura da faixa = 123
Melhor altura = 397

Lower Bound 1 = 325
Lower Bound 2 = 214
Avaliação = 1.22154

Tempo de execução: 60.0004s

---------------------------

Largura da faixa = 123
Melhor altura = 394

Lower Bound 1 = 325
Lower Bound 2 = 214
Avaliação = 1.21231

Tempo de execução: 60.0018s

---------------------------

Largura da faixa = 123
Melhor altura = 386

Lower Bound 1 = 325
Lower Bound 2 = 214
Avaliação = 1.18769

Tempo de execução: 60.0048s

---------------------------

Largura da faixa = 123
Melhor altura = 389

Lower Bound 1 = 325
Lower Bound 2 = 214
Avaliação = 1.19692

Tempo de execução: 60.0026s

---------------------------

