Largura da faixa = 93
Melhor altura = 518

Lower Bound 1 = 430
Lower Bound 2 = 360
Avaliação = 1.20465

Tempo de execução: 60.0001s

---------------------------

Largura da faixa = 93
Melhor altura = 511

Lower Bound 1 = 430
Lower Bound 2 = 360
Avaliação = 1.18837

Tempo de execução: 60.0006s

---------------------------

Largura da faixa = 93
Melhor altura = 523

Lower Bound 1 = 430
Lower Bound 2 = 360
Avaliação = 1.21628

Tempo de execução: 60.0011s

---------------------------

Largura da faixa = 93
Melhor altura = 504

Lower Bound 1 = 430
Lower Bound 2 = 360
Avaliação = 1.17209

Tempo de execução: 60.0003s

---------------------------

Largura da faixa = 93
Melhor altura = 522

Lower Bound 1 = 430
Lower Bound 2 = 360
Avaliação = 1.21395

Tempo de execução: 60.0004s

---------------------------

Largura da faixa = 93
Melhor altura = 511

Lower Bound 1 = 430
Lower Bound 2 = 360
Avaliação = 1.18837

Tempo de execução: 60.001s

---------------------------

Largura da faixa = 93
Melhor altura = 507

Lower Bound 1 = 430
Lower Bound 2 = 360
Avaliação = 1.17907

Tempo de execução: 60.0002s

---------------------------

Largura da faixa = 93
Melhor altura = 518

Lower Bound 1 = 430
Lower Bound 2 = 360
Avaliação = 1.20465

Tempo de execução: 60.0004s

---------------------------

Largura da faixa = 93
Melhor altura = 509

Lower Bound 1 = 430
Lower Bound 2 = 360
Avaliação = 1.18372

Tempo de execução: 60.0005s

---------------------------

Largura da faixa = 93
Melhor altura = 522

Lower Bound 1 = 430
Lower Bound 2 = 360
Avaliação = 1.21395

Tempo de execução: 60.0001s

---------------------------

Largura da faixa = 93
Melhor altura = 517

Lower Bound 1 = 430
Lower Bound 2 = 360
Avaliação = 1.20233

Tempo de execução: 60s

---------------------------

Largura da faixa = 93
Melhor altura = 513

Lower Bound 1 = 430
Lower Bound 2 = 360
Avaliação = 1.19302

Tempo de execução: 60.001s

---------------------------

Largura da faixa = 93
Melhor altura = 514

Lower Bound 1 = 430
Lower Bound 2 = 360
Avaliação = 1.19535

Tempo de execução: 60.0002s

---------------------------

Largura da faixa = 93
Melhor altura = 507

Lower Bound 1 = 430
Lower Bound 2 = 360
Avaliação = 1.17907

Tempo de execução: 60.0006s

---------------------------

Largura da faixa = 93
Melhor altura = 513

Lower Bound 1 = 430
Lower Bound 2 = 360
Avaliação = 1.19302

Tempo de execução: 60.0013s

---------------------------

Largura da faixa = 93
Melhor altura = 507

Lower Bound 1 = 430
Lower Bound 2 = 360
Avaliação = 1.17907

Tempo de execução: 60.0001s

---------------------------

Largura da faixa = 93
Melhor altura = 512

Lower Bound 1 = 430
Lower Bound 2 = 360
Avaliação = 1.1907

Tempo de execução: 60.0005s

---------------------------

Largura da faixa = 93
Melhor altura = 520

Lower Bound 1 = 430
Lower Bound 2 = 360
Avaliação = 1.2093

Tempo de execução: 60.001s

---------------------------

Largura da faixa = 93
Melhor altura = 501

Lower Bound 1 = 430
Lower Bound 2 = 360
Avaliação = 1.16512

Tempo de execução: 60.0007s

---------------------------

Largura da faixa = 93
Melhor altura = 508

Lower Bound 1 = 430
Lower Bound 2 = 360
Avaliação = 1.1814

Tempo de execução: 60.0017s

---------------------------

