Largura da faixa = 165
Melhor altura = 321

Lower Bound 1 = 242
Lower Bound 2 = 267
Avaliação = 1.20225

Tempo de execução: 60.0005s

---------------------------

Largura da faixa = 165
Melhor altura = 322

Lower Bound 1 = 242
Lower Bound 2 = 267
Avaliação = 1.20599

Tempo de execução: 60s

---------------------------

Largura da faixa = 165
Melhor altura = 328

Lower Bound 1 = 242
Lower Bound 2 = 267
Avaliação = 1.22846

Tempo de execução: 60.0002s

---------------------------

Largura da faixa = 165
Melhor altura = 323

Lower Bound 1 = 242
Lower Bound 2 = 267
Avaliação = 1.20974

Tempo de execução: 60.0001s

---------------------------

Largura da faixa = 165
Melhor altura = 323

Lower Bound 1 = 242
Lower Bound 2 = 267
Avaliação = 1.20974

Tempo de execução: 60.0003s

---------------------------

Largura da faixa = 165
Melhor altura = 324

Lower Bound 1 = 242
Lower Bound 2 = 267
Avaliação = 1.21348

Tempo de execução: 60.0008s

---------------------------

Largura da faixa = 165
Melhor altura = 325

Lower Bound 1 = 242
Lower Bound 2 = 267
Avaliação = 1.21723

Tempo de execução: 60.0003s

---------------------------

Largura da faixa = 165
Melhor altura = 321

Lower Bound 1 = 242
Lower Bound 2 = 267
Avaliação = 1.20225

Tempo de execução: 60.0002s

---------------------------

Largura da faixa = 165
Melhor altura = 327

Lower Bound 1 = 242
Lower Bound 2 = 267
Avaliação = 1.22472

Tempo de execução: 60.0011s

---------------------------

Largura da faixa = 165
Melhor altura = 325

Lower Bound 1 = 242
Lower Bound 2 = 267
Avaliação = 1.21723

Tempo de execução: 60.0001s

---------------------------

Largura da faixa = 165
Melhor altura = 322

Lower Bound 1 = 242
Lower Bound 2 = 267
Avaliação = 1.20599

Tempo de execução: 60s

---------------------------

Largura da faixa = 165
Melhor altura = 322

Lower Bound 1 = 242
Lower Bound 2 = 267
Avaliação = 1.20599

Tempo de execução: 60.0003s

---------------------------

Largura da faixa = 165
Melhor altura = 323

Lower Bound 1 = 242
Lower Bound 2 = 267
Avaliação = 1.20974

Tempo de execução: 60.0002s

---------------------------

Largura da faixa = 165
Melhor altura = 326

Lower Bound 1 = 242
Lower Bound 2 = 267
Avaliação = 1.22097

Tempo de execução: 60.0006s

---------------------------

Largura da faixa = 165
Melhor altura = 328

Lower Bound 1 = 242
Lower Bound 2 = 267
Avaliação = 1.22846

Tempo de execução: 60.0006s

---------------------------

Largura da faixa = 165
Melhor altura = 321

Lower Bound 1 = 242
Lower Bound 2 = 267
Avaliação = 1.20225

Tempo de execução: 60.0001s

---------------------------

Largura da faixa = 165
Melhor altura = 326

Lower Bound 1 = 242
Lower Bound 2 = 267
Avaliação = 1.22097

Tempo de execução: 60.0006s

---------------------------

Largura da faixa = 165
Melhor altura = 322

Lower Bound 1 = 242
Lower Bound 2 = 267
Avaliação = 1.20599

Tempo de execução: 60s

---------------------------

Largura da faixa = 165
Melhor altura = 323

Lower Bound 1 = 242
Lower Bound 2 = 267
Avaliação = 1.20974

Tempo de execução: 60.0002s

---------------------------

Largura da faixa = 165
Melhor altura = 322

Lower Bound 1 = 242
Lower Bound 2 = 267
Avaliação = 1.20599

Tempo de execução: 60.0005s

---------------------------

