Largura da faixa = 94
Melhor altura = 510

Lower Bound 1 = 425
Lower Bound 2 = 133
Avaliação = 1.2

Tempo de execução: 60.0014s

---------------------------

Largura da faixa = 94
Melhor altura = 523

Lower Bound 1 = 425
Lower Bound 2 = 133
Avaliação = 1.23059

Tempo de execução: 60.0324s

---------------------------

Largura da faixa = 94
Melhor altura = 523

Lower Bound 1 = 425
Lower Bound 2 = 133
Avaliação = 1.23059

Tempo de execução: 60.0286s

---------------------------

Largura da faixa = 94
Melhor altura = 520

Lower Bound 1 = 425
Lower Bound 2 = 133
Avaliação = 1.22353

Tempo de execução: 60.0013s

---------------------------

Largura da faixa = 94
Melhor altura = 523

Lower Bound 1 = 425
Lower Bound 2 = 133
Avaliação = 1.23059

Tempo de execução: 60.006s

---------------------------

Largura da faixa = 94
Melhor altura = 523

Lower Bound 1 = 425
Lower Bound 2 = 133
Avaliação = 1.23059

Tempo de execução: 60.002s

---------------------------

Largura da faixa = 94
Melhor altura = 523

Lower Bound 1 = 425
Lower Bound 2 = 133
Avaliação = 1.23059

Tempo de execução: 60.0311s

---------------------------

Largura da faixa = 94
Melhor altura = 511

Lower Bound 1 = 425
Lower Bound 2 = 133
Avaliação = 1.20235

Tempo de execução: 60.0423s

---------------------------

Largura da faixa = 94
Melhor altura = 524

Lower Bound 1 = 425
Lower Bound 2 = 133
Avaliação = 1.23294

Tempo de execução: 60.0539s

---------------------------

Largura da faixa = 94
Melhor altura = 526

Lower Bound 1 = 425
Lower Bound 2 = 133
Avaliação = 1.23765

Tempo de execução: 60.0116s

---------------------------

Largura da faixa = 94
Melhor altura = 528

Lower Bound 1 = 425
Lower Bound 2 = 133
Avaliação = 1.24235

Tempo de execução: 60.0344s

---------------------------

Largura da faixa = 94
Melhor altura = 526

Lower Bound 1 = 425
Lower Bound 2 = 133
Avaliação = 1.23765

Tempo de execução: 60.0491s

---------------------------

Largura da faixa = 94
Melhor altura = 518

Lower Bound 1 = 425
Lower Bound 2 = 133
Avaliação = 1.21882

Tempo de execução: 60.0042s

---------------------------

Largura da faixa = 94
Melhor altura = 520

Lower Bound 1 = 425
Lower Bound 2 = 133
Avaliação = 1.22353

Tempo de execução: 60.0199s

---------------------------

Largura da faixa = 94
Melhor altura = 512

Lower Bound 1 = 425
Lower Bound 2 = 133
Avaliação = 1.20471

Tempo de execução: 60.0559s

---------------------------

Largura da faixa = 94
Melhor altura = 511

Lower Bound 1 = 425
Lower Bound 2 = 133
Avaliação = 1.20235

Tempo de execução: 60.0039s

---------------------------

Largura da faixa = 94
Melhor altura = 514

Lower Bound 1 = 425
Lower Bound 2 = 133
Avaliação = 1.20941

Tempo de execução: 60.0021s

---------------------------

Largura da faixa = 94
Melhor altura = 522

Lower Bound 1 = 425
Lower Bound 2 = 133
Avaliação = 1.22824

Tempo de execução: 60.0231s

---------------------------

Largura da faixa = 94
Melhor altura = 525

Lower Bound 1 = 425
Lower Bound 2 = 133
Avaliação = 1.23529

Tempo de execução: 60.002s

---------------------------

Largura da faixa = 94
Melhor altura = 519

Lower Bound 1 = 425
Lower Bound 2 = 133
Avaliação = 1.22118

Tempo de execução: 60.0085s

---------------------------

