Largura da faixa = 97
Melhor altura = 498

Lower Bound 1 = 412
Lower Bound 2 = 428
Avaliação = 1.16355

Tempo de execução: 60s

---------------------------

Largura da faixa = 97
Melhor altura = 498

Lower Bound 1 = 412
Lower Bound 2 = 428
Avaliação = 1.16355

Tempo de execução: 60.0001s

---------------------------

Largura da faixa = 97
Melhor altura = 498

Lower Bound 1 = 412
Lower Bound 2 = 428
Avaliação = 1.16355

Tempo de execução: 60.0001s

---------------------------

Largura da faixa = 97
Melhor altura = 498

Lower Bound 1 = 412
Lower Bound 2 = 428
Avaliação = 1.16355

Tempo de execução: 60s

---------------------------

Largura da faixa = 97
Melhor altura = 498

Lower Bound 1 = 412
Lower Bound 2 = 428
Avaliação = 1.16355

Tempo de execução: 60s

---------------------------

Largura da faixa = 97
Melhor altura = 498

Lower Bound 1 = 412
Lower Bound 2 = 428
Avaliação = 1.16355

Tempo de execução: 60.0001s

---------------------------

Largura da faixa = 97
Melhor altura = 498

Lower Bound 1 = 412
Lower Bound 2 = 428
Avaliação = 1.16355

Tempo de execução: 60s

---------------------------

Largura da faixa = 97
Melhor altura = 498

Lower Bound 1 = 412
Lower Bound 2 = 428
Avaliação = 1.16355

Tempo de execução: 60.0001s

---------------------------

Largura da faixa = 97
Melhor altura = 498

Lower Bound 1 = 412
Lower Bound 2 = 428
Avaliação = 1.16355

Tempo de execução: 60s

---------------------------

Largura da faixa = 97
Melhor altura = 498

Lower Bound 1 = 412
Lower Bound 2 = 428
Avaliação = 1.16355

Tempo de execução: 60s

---------------------------

Largura da faixa = 97
Melhor altura = 498

Lower Bound 1 = 412
Lower Bound 2 = 428
Avaliação = 1.16355

Tempo de execução: 60.0002s

---------------------------

Largura da faixa = 97
Melhor altura = 498

Lower Bound 1 = 412
Lower Bound 2 = 428
Avaliação = 1.16355

Tempo de execução: 60.0002s

---------------------------

Largura da faixa = 97
Melhor altura = 498

Lower Bound 1 = 412
Lower Bound 2 = 428
Avaliação = 1.16355

Tempo de execução: 60.0001s

---------------------------

Largura da faixa = 97
Melhor altura = 498

Lower Bound 1 = 412
Lower Bound 2 = 428
Avaliação = 1.16355

Tempo de execução: 60s

---------------------------

Largura da faixa = 97
Melhor altura = 498

Lower Bound 1 = 412
Lower Bound 2 = 428
Avaliação = 1.16355

Tempo de execução: 60.0002s

---------------------------

Largura da faixa = 97
Melhor altura = 498

Lower Bound 1 = 412
Lower Bound 2 = 428
Avaliação = 1.16355

Tempo de execução: 60s

---------------------------

Largura da faixa = 97
Melhor altura = 498

Lower Bound 1 = 412
Lower Bound 2 = 428
Avaliação = 1.16355

Tempo de execução: 60.0001s

---------------------------

Largura da faixa = 97
Melhor altura = 498

Lower Bound 1 = 412
Lower Bound 2 = 428
Avaliação = 1.16355

Tempo de execução: 60s

---------------------------

Largura da faixa = 97
Melhor altura = 498

Lower Bound 1 = 412
Lower Bound 2 = 428
Avaliação = 1.16355

Tempo de execução: 60s

---------------------------

Largura da faixa = 97
Melhor altura = 498

Lower Bound 1 = 412
Lower Bound 2 = 428
Avaliação = 1.16355

Tempo de execução: 60s

---------------------------

