Largura da faixa = 117
Melhor altura = 418

Lower Bound 1 = 341
Lower Bound 2 = 179
Avaliação = 1.22581

Tempo de execução: 60.0004s

---------------------------

Largura da faixa = 117
Melhor altura = 414

Lower Bound 1 = 341
Lower Bound 2 = 179
Avaliação = 1.21408

Tempo de execução: 60.0191s

---------------------------

Largura da faixa = 117
Melhor altura = 420

Lower Bound 1 = 341
Lower Bound 2 = 179
Avaliação = 1.23167

Tempo de execução: 60.0124s

---------------------------

Largura da faixa = 117
Melhor altura = 414

Lower Bound 1 = 341
Lower Bound 2 = 179
Avaliação = 1.21408

Tempo de execução: 60.0012s

---------------------------

Largura da faixa = 117
Melhor altura = 411

Lower Bound 1 = 341
Lower Bound 2 = 179
Avaliação = 1.20528

Tempo de execução: 60.0016s

---------------------------

Largura da faixa = 117
Melhor altura = 415

Lower Bound 1 = 341
Lower Bound 2 = 179
Avaliação = 1.21701

Tempo de execução: 60.0022s

---------------------------

Largura da faixa = 117
Melhor altura = 415

Lower Bound 1 = 341
Lower Bound 2 = 179
Avaliação = 1.21701

Tempo de execução: 60.0024s

---------------------------

Largura da faixa = 117
Melhor altura = 422

Lower Bound 1 = 341
Lower Bound 2 = 179
Avaliação = 1.23754

Tempo de execução: 60.008s

---------------------------

Largura da faixa = 117
Melhor altura = 410

Lower Bound 1 = 341
Lower Bound 2 = 179
Avaliação = 1.20235

Tempo de execução: 60.0185s

---------------------------

Largura da faixa = 117
Melhor altura = 414

Lower Bound 1 = 341
Lower Bound 2 = 179
Avaliação = 1.21408

Tempo de execução: 60.0009s

---------------------------

Largura da faixa = 117
Melhor altura = 418

Lower Bound 1 = 341
Lower Bound 2 = 179
Avaliação = 1.22581

Tempo de execução: 60.0003s

---------------------------

Largura da faixa = 117
Melhor altura = 403

Lower Bound 1 = 341
Lower Bound 2 = 179
Avaliação = 1.18182

Tempo de execução: 60.0077s

---------------------------

Largura da faixa = 117
Melhor altura = 415

Lower Bound 1 = 341
Lower Bound 2 = 179
Avaliação = 1.21701

Tempo de execução: 60.0024s

---------------------------

Largura da faixa = 117
Melhor altura = 415

Lower Bound 1 = 341
Lower Bound 2 = 179
Avaliação = 1.21701

Tempo de execução: 60.0065s

---------------------------

Largura da faixa = 117
Melhor altura = 422

Lower Bound 1 = 341
Lower Bound 2 = 179
Avaliação = 1.23754

Tempo de execução: 60.0216s

---------------------------

Largura da faixa = 117
Melhor altura = 416

Lower Bound 1 = 341
Lower Bound 2 = 179
Avaliação = 1.21994

Tempo de execução: 60.0001s

---------------------------

Largura da faixa = 117
Melhor altura = 417

Lower Bound 1 = 341
Lower Bound 2 = 179
Avaliação = 1.22287

Tempo de execução: 60s

---------------------------

Largura da faixa = 117
Melhor altura = 419

Lower Bound 1 = 341
Lower Bound 2 = 179
Avaliação = 1.22874

Tempo de execução: 60.0036s

---------------------------

Largura da faixa = 117
Melhor altura = 423

Lower Bound 1 = 341
Lower Bound 2 = 179
Avaliação = 1.24047

Tempo de execução: 60.0052s

---------------------------

Largura da faixa = 117
Melhor altura = 412

Lower Bound 1 = 341
Lower Bound 2 = 179
Avaliação = 1.20821

Tempo de execução: 60.0064s

---------------------------

