Largura da faixa = 97
Melhor altura = 501

Lower Bound 1 = 412
Lower Bound 2 = 277
Avaliação = 1.21602

Tempo de execução: 60.0023s

---------------------------

Largura da faixa = 97
Melhor altura = 502

Lower Bound 1 = 412
Lower Bound 2 = 277
Avaliação = 1.21845

Tempo de execução: 60.0033s

---------------------------

Largura da faixa = 97
Melhor altura = 503

Lower Bound 1 = 412
Lower Bound 2 = 277
Avaliação = 1.22087

Tempo de execução: 60.005s

---------------------------

Largura da faixa = 97
Melhor altura = 495

Lower Bound 1 = 412
Lower Bound 2 = 277
Avaliação = 1.20146

Tempo de execução: 60.0052s

---------------------------

Largura da faixa = 97
Melhor altura = 504

Lower Bound 1 = 412
Lower Bound 2 = 277
Avaliação = 1.2233

Tempo de execução: 60.0021s

---------------------------

Largura da faixa = 97
Melhor altura = 493

Lower Bound 1 = 412
Lower Bound 2 = 277
Avaliação = 1.1966

Tempo de execução: 60.0013s

---------------------------

Largura da faixa = 97
Melhor altura = 506

Lower Bound 1 = 412
Lower Bound 2 = 277
Avaliação = 1.22816

Tempo de execução: 60s

---------------------------

Largura da faixa = 97
Melhor altura = 496

Lower Bound 1 = 412
Lower Bound 2 = 277
Avaliação = 1.20388

Tempo de execução: 60.0002s

---------------------------

Largura da faixa = 97
Melhor altura = 494

Lower Bound 1 = 412
Lower Bound 2 = 277
Avaliação = 1.19903

Tempo de execução: 60.0052s

---------------------------

Largura da faixa = 97
Melhor altura = 499

Lower Bound 1 = 412
Lower Bound 2 = 277
Avaliação = 1.21117

Tempo de execução: 60.0018s

---------------------------

Largura da faixa = 97
Melhor altura = 491

Lower Bound 1 = 412
Lower Bound 2 = 277
Avaliação = 1.19175

Tempo de execução: 60.0008s

---------------------------

Largura da faixa = 97
Melhor altura = 499

Lower Bound 1 = 412
Lower Bound 2 = 277
Avaliação = 1.21117

Tempo de execução: 60.0001s

---------------------------

Largura da faixa = 97
Melhor altura = 488

Lower Bound 1 = 412
Lower Bound 2 = 277
Avaliação = 1.18447

Tempo de execução: 60.0016s

---------------------------

Largura da faixa = 97
Melhor altura = 501

Lower Bound 1 = 412
Lower Bound 2 = 277
Avaliação = 1.21602

Tempo de execução: 60.0078s

---------------------------

Largura da faixa = 97
Melhor altura = 507

Lower Bound 1 = 412
Lower Bound 2 = 277
Avaliação = 1.23058

Tempo de execução: 60.0032s

---------------------------

Largura da faixa = 97
Melhor altura = 494

Lower Bound 1 = 412
Lower Bound 2 = 277
Avaliação = 1.19903

Tempo de execução: 60.0005s

---------------------------

Largura da faixa = 97
Melhor altura = 489

Lower Bound 1 = 412
Lower Bound 2 = 277
Avaliação = 1.18689

Tempo de execução: 60s

---------------------------

Largura da faixa = 97
Melhor altura = 497

Lower Bound 1 = 412
Lower Bound 2 = 277
Avaliação = 1.20631

Tempo de execução: 60.0016s

---------------------------

Largura da faixa = 97
Melhor altura = 481

Lower Bound 1 = 412
Lower Bound 2 = 277
Avaliação = 1.16748

Tempo de execução: 60.001s

---------------------------

Largura da faixa = 97
Melhor altura = 494

Lower Bound 1 = 412
Lower Bound 2 = 277
Avaliação = 1.19903

Tempo de execução: 60.0084s

---------------------------

