Largura da faixa = 122
Melhor altura = 407

Lower Bound 1 = 327
Lower Bound 2 = 299
Avaliação = 1.24465

Tempo de execução: 60.0001s

---------------------------

Largura da faixa = 122
Melhor altura = 406

Lower Bound 1 = 327
Lower Bound 2 = 299
Avaliação = 1.24159

Tempo de execução: 60.0004s

---------------------------

Largura da faixa = 122
Melhor altura = 409

Lower Bound 1 = 327
Lower Bound 2 = 299
Avaliação = 1.25076

Tempo de execução: 60.0005s

---------------------------

Largura da faixa = 122
Melhor altura = 406

Lower Bound 1 = 327
Lower Bound 2 = 299
Avaliação = 1.24159

Tempo de execução: 60s

---------------------------

Largura da faixa = 122
Melhor altura = 414

Lower Bound 1 = 327
Lower Bound 2 = 299
Avaliação = 1.26606

Tempo de execução: 60.0001s

---------------------------

Largura da faixa = 122
Melhor altura = 405

Lower Bound 1 = 327
Lower Bound 2 = 299
Avaliação = 1.23853

Tempo de execução: 60s

---------------------------

Largura da faixa = 122
Melhor altura = 409

Lower Bound 1 = 327
Lower Bound 2 = 299
Avaliação = 1.25076

Tempo de execução: 60.0001s

---------------------------

Largura da faixa = 122
Melhor altura = 409

Lower Bound 1 = 327
Lower Bound 2 = 299
Avaliação = 1.25076

Tempo de execução: 60.0001s

---------------------------

Largura da faixa = 122
Melhor altura = 406

Lower Bound 1 = 327
Lower Bound 2 = 299
Avaliação = 1.24159

Tempo de execução: 60.0003s

---------------------------

Largura da faixa = 122
Melhor altura = 406

Lower Bound 1 = 327
Lower Bound 2 = 299
Avaliação = 1.24159

Tempo de execução: 60.0002s

---------------------------

Largura da faixa = 122
Melhor altura = 405

Lower Bound 1 = 327
Lower Bound 2 = 299
Avaliação = 1.23853

Tempo de execução: 60.0001s

---------------------------

Largura da faixa = 122
Melhor altura = 407

Lower Bound 1 = 327
Lower Bound 2 = 299
Avaliação = 1.24465

Tempo de execução: 60.0004s

---------------------------

Largura da faixa = 122
Melhor altura = 409

Lower Bound 1 = 327
Lower Bound 2 = 299
Avaliação = 1.25076

Tempo de execução: 60s

---------------------------

Largura da faixa = 122
Melhor altura = 406

Lower Bound 1 = 327
Lower Bound 2 = 299
Avaliação = 1.24159

Tempo de execução: 60.0003s

---------------------------

Largura da faixa = 122
Melhor altura = 406

Lower Bound 1 = 327
Lower Bound 2 = 299
Avaliação = 1.24159

Tempo de execução: 60s

---------------------------

Largura da faixa = 122
Melhor altura = 407

Lower Bound 1 = 327
Lower Bound 2 = 299
Avaliação = 1.24465

Tempo de execução: 60s

---------------------------

Largura da faixa = 122
Melhor altura = 409

Lower Bound 1 = 327
Lower Bound 2 = 299
Avaliação = 1.25076

Tempo de execução: 60.0001s

---------------------------

Largura da faixa = 122
Melhor altura = 406

Lower Bound 1 = 327
Lower Bound 2 = 299
Avaliação = 1.24159

Tempo de execução: 60s

---------------------------

Largura da faixa = 122
Melhor altura = 409

Lower Bound 1 = 327
Lower Bound 2 = 299
Avaliação = 1.25076

Tempo de execução: 60.0001s

---------------------------

Largura da faixa = 122
Melhor altura = 410

Lower Bound 1 = 327
Lower Bound 2 = 299
Avaliação = 1.25382

Tempo de execução: 60.0003s

---------------------------

