Largura da faixa = 143
Melhor altura = 324

Lower Bound 1 = 279
Lower Bound 2 = 210
Avaliação = 1.16129

Tempo de execução: 60.0002s

---------------------------

Largura da faixa = 143
Melhor altura = 328

Lower Bound 1 = 279
Lower Bound 2 = 210
Avaliação = 1.17563

Tempo de execução: 60.0003s

---------------------------

Largura da faixa = 143
Melhor altura = 326

Lower Bound 1 = 279
Lower Bound 2 = 210
Avaliação = 1.16846

Tempo de execução: 60.0003s

---------------------------

Largura da faixa = 143
Melhor altura = 322

Lower Bound 1 = 279
Lower Bound 2 = 210
Avaliação = 1.15412

Tempo de execução: 60s

---------------------------

Largura da faixa = 143
Melhor altura = 325

Lower Bound 1 = 279
Lower Bound 2 = 210
Avaliação = 1.16487

Tempo de execução: 60.0001s

---------------------------

Largura da faixa = 143
Melhor altura = 326

Lower Bound 1 = 279
Lower Bound 2 = 210
Avaliação = 1.16846

Tempo de execução: 60.0001s

---------------------------

Largura da faixa = 143
Melhor altura = 324

Lower Bound 1 = 279
Lower Bound 2 = 210
Avaliação = 1.16129

Tempo de execução: 60s

---------------------------

Largura da faixa = 143
Melhor altura = 327

Lower Bound 1 = 279
Lower Bound 2 = 210
Avaliação = 1.17204

Tempo de execução: 60s

---------------------------

Largura da faixa = 143
Melhor altura = 326

Lower Bound 1 = 279
Lower Bound 2 = 210
Avaliação = 1.16846

Tempo de execução: 60.0002s

---------------------------

Largura da faixa = 143
Melhor altura = 326

Lower Bound 1 = 279
Lower Bound 2 = 210
Avaliação = 1.16846

Tempo de execução: 60.0004s

---------------------------

Largura da faixa = 143
Melhor altura = 326

Lower Bound 1 = 279
Lower Bound 2 = 210
Avaliação = 1.16846

Tempo de execução: 60.0001s

---------------------------

Largura da faixa = 143
Melhor altura = 324

Lower Bound 1 = 279
Lower Bound 2 = 210
Avaliação = 1.16129

Tempo de execução: 60.0008s

---------------------------

Largura da faixa = 143
Melhor altura = 325

Lower Bound 1 = 279
Lower Bound 2 = 210
Avaliação = 1.16487

Tempo de execução: 60.0001s

---------------------------

Largura da faixa = 143
Melhor altura = 326

Lower Bound 1 = 279
Lower Bound 2 = 210
Avaliação = 1.16846

Tempo de execução: 60.0004s

---------------------------

Largura da faixa = 143
Melhor altura = 326

Lower Bound 1 = 279
Lower Bound 2 = 210
Avaliação = 1.16846

Tempo de execução: 60.0006s

---------------------------

Largura da faixa = 143
Melhor altura = 326

Lower Bound 1 = 279
Lower Bound 2 = 210
Avaliação = 1.16846

Tempo de execução: 60s

---------------------------

Largura da faixa = 143
Melhor altura = 322

Lower Bound 1 = 279
Lower Bound 2 = 210
Avaliação = 1.15412

Tempo de execução: 60.0003s

---------------------------

Largura da faixa = 143
Melhor altura = 325

Lower Bound 1 = 279
Lower Bound 2 = 210
Avaliação = 1.16487

Tempo de execução: 60.0003s

---------------------------

Largura da faixa = 143
Melhor altura = 322

Lower Bound 1 = 279
Lower Bound 2 = 210
Avaliação = 1.15412

Tempo de execução: 60.0003s

---------------------------

Largura da faixa = 143
Melhor altura = 328

Lower Bound 1 = 279
Lower Bound 2 = 210
Avaliação = 1.17563

Tempo de execução: 60.0005s

---------------------------

