Largura da faixa = 119
Melhor altura = 419

Lower Bound 1 = 336
Lower Bound 2 = 315
Avaliação = 1.24702

Tempo de execução: 60.0001s

---------------------------

Largura da faixa = 119
Melhor altura = 419

Lower Bound 1 = 336
Lower Bound 2 = 315
Avaliação = 1.24702

Tempo de execução: 60.0005s

---------------------------

Largura da faixa = 119
Melhor altura = 419

Lower Bound 1 = 336
Lower Bound 2 = 315
Avaliação = 1.24702

Tempo de execução: 60.0005s

---------------------------

Largura da faixa = 119
Melhor altura = 419

Lower Bound 1 = 336
Lower Bound 2 = 315
Avaliação = 1.24702

Tempo de execução: 60.0002s

---------------------------

Largura da faixa = 119
Melhor altura = 419

Lower Bound 1 = 336
Lower Bound 2 = 315
Avaliação = 1.24702

Tempo de execução: 60.0003s

---------------------------

Largura da faixa = 119
Melhor altura = 419

Lower Bound 1 = 336
Lower Bound 2 = 315
Avaliação = 1.24702

Tempo de execução: 60.0001s

---------------------------

Largura da faixa = 119
Melhor altura = 419

Lower Bound 1 = 336
Lower Bound 2 = 315
Avaliação = 1.24702

Tempo de execução: 60s

---------------------------

Largura da faixa = 119
Melhor altura = 419

Lower Bound 1 = 336
Lower Bound 2 = 315
Avaliação = 1.24702

Tempo de execução: 60.0001s

---------------------------

Largura da faixa = 119
Melhor altura = 419

Lower Bound 1 = 336
Lower Bound 2 = 315
Avaliação = 1.24702

Tempo de execução: 60.0001s

---------------------------

Largura da faixa = 119
Melhor altura = 419

Lower Bound 1 = 336
Lower Bound 2 = 315
Avaliação = 1.24702

Tempo de execução: 60s

---------------------------

Largura da faixa = 119
Melhor altura = 419

Lower Bound 1 = 336
Lower Bound 2 = 315
Avaliação = 1.24702

Tempo de execução: 60.0001s

---------------------------

Largura da faixa = 119
Melhor altura = 419

Lower Bound 1 = 336
Lower Bound 2 = 315
Avaliação = 1.24702

Tempo de execução: 60.0001s

---------------------------

Largura da faixa = 119
Melhor altura = 419

Lower Bound 1 = 336
Lower Bound 2 = 315
Avaliação = 1.24702

Tempo de execução: 60.0002s

---------------------------

Largura da faixa = 119
Melhor altura = 419

Lower Bound 1 = 336
Lower Bound 2 = 315
Avaliação = 1.24702

Tempo de execução: 60.0002s

---------------------------

Largura da faixa = 119
Melhor altura = 419

Lower Bound 1 = 336
Lower Bound 2 = 315
Avaliação = 1.24702

Tempo de execução: 60.0001s

---------------------------

Largura da faixa = 119
Melhor altura = 419

Lower Bound 1 = 336
Lower Bound 2 = 315
Avaliação = 1.24702

Tempo de execução: 60s

---------------------------

Largura da faixa = 119
Melhor altura = 419

Lower Bound 1 = 336
Lower Bound 2 = 315
Avaliação = 1.24702

Tempo de execução: 60s

---------------------------

Largura da faixa = 119
Melhor altura = 419

Lower Bound 1 = 336
Lower Bound 2 = 315
Avaliação = 1.24702

Tempo de execução: 60.0004s

---------------------------

Largura da faixa = 119
Melhor altura = 419

Lower Bound 1 = 336
Lower Bound 2 = 315
Avaliação = 1.24702

Tempo de execução: 60s

---------------------------

Largura da faixa = 119
Melhor altura = 419

Lower Bound 1 = 336
Lower Bound 2 = 315
Avaliação = 1.24702

Tempo de execução: 60.0001s

---------------------------

