Largura da faixa = 105
Melhor altura = 507

Lower Bound 1 = 380
Lower Bound 2 = 289
Avaliação = 1.33421

Tempo de execução: 60.0017s

---------------------------

Largura da faixa = 105
Melhor altura = 508

Lower Bound 1 = 380
Lower Bound 2 = 289
Avaliação = 1.33684

Tempo de execução: 60.0087s

---------------------------

Largura da faixa = 105
Melhor altura = 507

Lower Bound 1 = 380
Lower Bound 2 = 289
Avaliação = 1.33421

Tempo de execução: 60.0087s

---------------------------

Largura da faixa = 105
Melhor altura = 501

Lower Bound 1 = 380
Lower Bound 2 = 289
Avaliação = 1.31842

Tempo de execução: 60.0001s

---------------------------

Largura da faixa = 105
Melhor altura = 501

Lower Bound 1 = 380
Lower Bound 2 = 289
Avaliação = 1.31842

Tempo de execução: 60.0011s

---------------------------

Largura da faixa = 105
Melhor altura = 500

Lower Bound 1 = 380
Lower Bound 2 = 289
Avaliação = 1.31579

Tempo de execução: 60.0033s

---------------------------

Largura da faixa = 105
Melhor altura = 498

Lower Bound 1 = 380
Lower Bound 2 = 289
Avaliação = 1.31053

Tempo de execução: 60.0003s

---------------------------

Largura da faixa = 105
Melhor altura = 501

Lower Bound 1 = 380
Lower Bound 2 = 289
Avaliação = 1.31842

Tempo de execução: 60.0012s

---------------------------

Largura da faixa = 105
Melhor altura = 501

Lower Bound 1 = 380
Lower Bound 2 = 289
Avaliação = 1.31842

Tempo de execução: 60.0003s

---------------------------

Largura da faixa = 105
Melhor altura = 504

Lower Bound 1 = 380
Lower Bound 2 = 289
Avaliação = 1.32632

Tempo de execução: 60.0015s

---------------------------

Largura da faixa = 105
Melhor altura = 501

Lower Bound 1 = 380
Lower Bound 2 = 289
Avaliação = 1.31842

Tempo de execução: 60.0128s

---------------------------

Largura da faixa = 105
Melhor altura = 511

Lower Bound 1 = 380
Lower Bound 2 = 289
Avaliação = 1.34474

Tempo de execução: 60.0093s

---------------------------

Largura da faixa = 105
Melhor altura = 499

Lower Bound 1 = 380
Lower Bound 2 = 289
Avaliação = 1.31316

Tempo de execução: 60.0011s

---------------------------

Largura da faixa = 105
Melhor altura = 510

Lower Bound 1 = 380
Lower Bound 2 = 289
Avaliação = 1.34211

Tempo de execução: 60.0012s

---------------------------

Largura da faixa = 105
Melhor altura = 511

Lower Bound 1 = 380
Lower Bound 2 = 289
Avaliação = 1.34474

Tempo de execução: 60.0005s

---------------------------

Largura da faixa = 105
Melhor altura = 496

Lower Bound 1 = 380
Lower Bound 2 = 289
Avaliação = 1.30526

Tempo de execução: 60.0049s

---------------------------

Largura da faixa = 105
Melhor altura = 503

Lower Bound 1 = 380
Lower Bound 2 = 289
Avaliação = 1.32368

Tempo de execução: 60.013s

---------------------------

Largura da faixa = 105
Melhor altura = 491

Lower Bound 1 = 380
Lower Bound 2 = 289
Avaliação = 1.29211

Tempo de execução: 60.0125s

---------------------------

Largura da faixa = 105
Melhor altura = 498

Lower Bound 1 = 380
Lower Bound 2 = 289
Avaliação = 1.31053

Tempo de execução: 60.0016s

---------------------------

Largura da faixa = 105
Melhor altura = 500

Lower Bound 1 = 380
Lower Bound 2 = 289
Avaliação = 1.31579

Tempo de execução: 60.008s

---------------------------

