Largura da faixa = 131
Melhor altura = 357

Lower Bound 1 = 305
Lower Bound 2 = 230
Avaliação = 1.17049

Tempo de execução: 60.0001s

---------------------------

Largura da faixa = 131
Melhor altura = 350

Lower Bound 1 = 305
Lower Bound 2 = 230
Avaliação = 1.14754

Tempo de execução: 60.0018s

---------------------------

Largura da faixa = 131
Melhor altura = 354

Lower Bound 1 = 305
Lower Bound 2 = 230
Avaliação = 1.16066

Tempo de execução: 60.0003s

---------------------------

Largura da faixa = 131
Melhor altura = 354

Lower Bound 1 = 305
Lower Bound 2 = 230
Avaliação = 1.16066

Tempo de execução: 60.0002s

---------------------------

Largura da faixa = 131
Melhor altura = 351

Lower Bound 1 = 305
Lower Bound 2 = 230
Avaliação = 1.15082

Tempo de execução: 60.0007s

---------------------------

Largura da faixa = 131
Melhor altura = 351

Lower Bound 1 = 305
Lower Bound 2 = 230
Avaliação = 1.15082

Tempo de execução: 60.0035s

---------------------------

Largura da faixa = 131
Melhor altura = 350

Lower Bound 1 = 305
Lower Bound 2 = 230
Avaliação = 1.14754

Tempo de execução: 60.0016s

---------------------------

Largura da faixa = 131
Melhor altura = 349

Lower Bound 1 = 305
Lower Bound 2 = 230
Avaliação = 1.14426

Tempo de execução: 60.0018s

---------------------------

Largura da faixa = 131
Melhor altura = 341

Lower Bound 1 = 305
Lower Bound 2 = 230
Avaliação = 1.11803

Tempo de execução: 60.0019s

---------------------------

Largura da faixa = 131
Melhor altura = 353

Lower Bound 1 = 305
Lower Bound 2 = 230
Avaliação = 1.15738

Tempo de execução: 60s

---------------------------

Largura da faixa = 131
Melhor altura = 355

Lower Bound 1 = 305
Lower Bound 2 = 230
Avaliação = 1.16393

Tempo de execução: 60.0002s

---------------------------

Largura da faixa = 131
Melhor altura = 352

Lower Bound 1 = 305
Lower Bound 2 = 230
Avaliação = 1.1541

Tempo de execução: 60.0019s

---------------------------

Largura da faixa = 131
Melhor altura = 354

Lower Bound 1 = 305
Lower Bound 2 = 230
Avaliação = 1.16066

Tempo de execução: 60.0006s

---------------------------

Largura da faixa = 131
Melhor altura = 353

Lower Bound 1 = 305
Lower Bound 2 = 230
Avaliação = 1.15738

Tempo de execução: 60.0012s

---------------------------

Largura da faixa = 131
Melhor altura = 349

Lower Bound 1 = 305
Lower Bound 2 = 230
Avaliação = 1.14426

Tempo de execução: 60.0014s

---------------------------

Largura da faixa = 131
Melhor altura = 349

Lower Bound 1 = 305
Lower Bound 2 = 230
Avaliação = 1.14426

Tempo de execução: 60.001s

---------------------------

Largura da faixa = 131
Melhor altura = 355

Lower Bound 1 = 305
Lower Bound 2 = 230
Avaliação = 1.16393

Tempo de execução: 60.0017s

---------------------------

Largura da faixa = 131
Melhor altura = 353

Lower Bound 1 = 305
Lower Bound 2 = 230
Avaliação = 1.15738

Tempo de execução: 60.0005s

---------------------------

Largura da faixa = 131
Melhor altura = 351

Lower Bound 1 = 305
Lower Bound 2 = 230
Avaliação = 1.15082

Tempo de execução: 60.0004s

---------------------------

Largura da faixa = 131
Melhor altura = 348

Lower Bound 1 = 305
Lower Bound 2 = 230
Avaliação = 1.14098

Tempo de execução: 60.0001s

---------------------------

