Largura da faixa = 85
Melhor altura = 596

Lower Bound 1 = 470
Lower Bound 2 = 257
Avaliação = 1.26809

Tempo de execução: 60.0156s

---------------------------

Largura da faixa = 85
Melhor altura = 608

Lower Bound 1 = 470
Lower Bound 2 = 257
Avaliação = 1.29362

Tempo de execução: 60.0355s

---------------------------

Largura da faixa = 85
Melhor altura = 594

Lower Bound 1 = 470
Lower Bound 2 = 257
Avaliação = 1.26383

Tempo de execução: 60.041s

---------------------------

Largura da faixa = 85
Melhor altura = 599

Lower Bound 1 = 470
Lower Bound 2 = 257
Avaliação = 1.27447

Tempo de execução: 60.0013s

---------------------------

Largura da faixa = 85
Melhor altura = 605

Lower Bound 1 = 470
Lower Bound 2 = 257
Avaliação = 1.28723

Tempo de execução: 60.0037s

---------------------------

Largura da faixa = 85
Melhor altura = 594

Lower Bound 1 = 470
Lower Bound 2 = 257
Avaliação = 1.26383

Tempo de execução: 60.0345s

---------------------------

Largura da faixa = 85
Melhor altura = 595

Lower Bound 1 = 470
Lower Bound 2 = 257
Avaliação = 1.26596

Tempo de execução: 60.0157s

---------------------------

Largura da faixa = 85
Melhor altura = 608

Lower Bound 1 = 470
Lower Bound 2 = 257
Avaliação = 1.29362

Tempo de execução: 60.0134s

---------------------------

Largura da faixa = 85
Melhor altura = 613

Lower Bound 1 = 470
Lower Bound 2 = 257
Avaliação = 1.30426

Tempo de execução: 60.0855s

---------------------------

Largura da faixa = 85
Melhor altura = 587

Lower Bound 1 = 470
Lower Bound 2 = 257
Avaliação = 1.24894

Tempo de execução: 60.0133s

---------------------------

Largura da faixa = 85
Melhor altura = 597

Lower Bound 1 = 470
Lower Bound 2 = 257
Avaliação = 1.27021

Tempo de execução: 60.0199s

---------------------------

Largura da faixa = 85
Melhor altura = 608

Lower Bound 1 = 470
Lower Bound 2 = 257
Avaliação = 1.29362

Tempo de execução: 60.0513s

---------------------------

Largura da faixa = 85
Melhor altura = 599

Lower Bound 1 = 470
Lower Bound 2 = 257
Avaliação = 1.27447

Tempo de execução: 60.0042s

---------------------------

Largura da faixa = 85
Melhor altura = 617

Lower Bound 1 = 470
Lower Bound 2 = 257
Avaliação = 1.31277

Tempo de execução: 60.0094s

---------------------------

Largura da faixa = 85
Melhor altura = 604

Lower Bound 1 = 470
Lower Bound 2 = 257
Avaliação = 1.28511

Tempo de execução: 60.0349s

---------------------------

Largura da faixa = 85
Melhor altura = 611

Lower Bound 1 = 470
Lower Bound 2 = 257
Avaliação = 1.3

Tempo de execução: 60.0022s

---------------------------

Largura da faixa = 85
Melhor altura = 611

Lower Bound 1 = 470
Lower Bound 2 = 257
Avaliação = 1.3

Tempo de execução: 60.0082s

---------------------------

Largura da faixa = 85
Melhor altura = 608

Lower Bound 1 = 470
Lower Bound 2 = 257
Avaliação = 1.29362

Tempo de execução: 60.0388s

---------------------------

Largura da faixa = 85
Melhor altura = 615

Lower Bound 1 = 470
Lower Bound 2 = 257
Avaliação = 1.30851

Tempo de execução: 60.0101s

---------------------------

Largura da faixa = 85
Melhor altura = 611

Lower Bound 1 = 470
Lower Bound 2 = 257
Avaliação = 1.3

Tempo de execução: 60.0733s

---------------------------

