Largura da faixa = 105
Melhor altura = 442

Lower Bound 1 = 380
Lower Bound 2 = 316
Avaliação = 1.16316

Tempo de execução: 60.0001s

---------------------------

Largura da faixa = 105
Melhor altura = 443

Lower Bound 1 = 380
Lower Bound 2 = 316
Avaliação = 1.16579

Tempo de execução: 60.0007s

---------------------------

Largura da faixa = 105
Melhor altura = 444

Lower Bound 1 = 380
Lower Bound 2 = 316
Avaliação = 1.16842

Tempo de execução: 60.0002s

---------------------------

Largura da faixa = 105
Melhor altura = 453

Lower Bound 1 = 380
Lower Bound 2 = 316
Avaliação = 1.19211

Tempo de execução: 60.0008s

---------------------------

Largura da faixa = 105
Melhor altura = 443

Lower Bound 1 = 380
Lower Bound 2 = 316
Avaliação = 1.16579

Tempo de execução: 60.0013s

---------------------------

Largura da faixa = 105
Melhor altura = 432

Lower Bound 1 = 380
Lower Bound 2 = 316
Avaliação = 1.13684

Tempo de execução: 60.0022s

---------------------------

Largura da faixa = 105
Melhor altura = 446

Lower Bound 1 = 380
Lower Bound 2 = 316
Avaliação = 1.17368

Tempo de execução: 60.0003s

---------------------------

Largura da faixa = 105
Melhor altura = 445

Lower Bound 1 = 380
Lower Bound 2 = 316
Avaliação = 1.17105

Tempo de execução: 60.0003s

---------------------------

Largura da faixa = 105
Melhor altura = 449

Lower Bound 1 = 380
Lower Bound 2 = 316
Avaliação = 1.18158

Tempo de execução: 60s

---------------------------

Largura da faixa = 105
Melhor altura = 448

Lower Bound 1 = 380
Lower Bound 2 = 316
Avaliação = 1.17895

Tempo de execução: 60s

---------------------------

Largura da faixa = 105
Melhor altura = 441

Lower Bound 1 = 380
Lower Bound 2 = 316
Avaliação = 1.16053

Tempo de execução: 60.0003s

---------------------------

Largura da faixa = 105
Melhor altura = 439

Lower Bound 1 = 380
Lower Bound 2 = 316
Avaliação = 1.15526

Tempo de execução: 60.0013s

---------------------------

Largura da faixa = 105
Melhor altura = 432

Lower Bound 1 = 380
Lower Bound 2 = 316
Avaliação = 1.13684

Tempo de execução: 60.0004s

---------------------------

Largura da faixa = 105
Melhor altura = 432

Lower Bound 1 = 380
Lower Bound 2 = 316
Avaliação = 1.13684

Tempo de execução: 60.0005s

---------------------------

Largura da faixa = 105
Melhor altura = 434

Lower Bound 1 = 380
Lower Bound 2 = 316
Avaliação = 1.14211

Tempo de execução: 60.0012s

---------------------------

Largura da faixa = 105
Melhor altura = 443

Lower Bound 1 = 380
Lower Bound 2 = 316
Avaliação = 1.16579

Tempo de execução: 60.0001s

---------------------------

Largura da faixa = 105
Melhor altura = 442

Lower Bound 1 = 380
Lower Bound 2 = 316
Avaliação = 1.16316

Tempo de execução: 60.0008s

---------------------------

Largura da faixa = 105
Melhor altura = 439

Lower Bound 1 = 380
Lower Bound 2 = 316
Avaliação = 1.15526

Tempo de execução: 60s

---------------------------

Largura da faixa = 105
Melhor altura = 440

Lower Bound 1 = 380
Lower Bound 2 = 316
Avaliação = 1.15789

Tempo de execução: 60s

---------------------------

Largura da faixa = 105
Melhor altura = 443

Lower Bound 1 = 380
Lower Bound 2 = 316
Avaliação = 1.16579

Tempo de execução: 60.0006s

---------------------------

