Largura da faixa = 75
Melhor altura = 715

Lower Bound 1 = 533
Lower Bound 2 = 295
Avaliação = 1.34146

Tempo de execução: 60.0363s

---------------------------

Largura da faixa = 75
Melhor altura = 715

Lower Bound 1 = 533
Lower Bound 2 = 295
Avaliação = 1.34146

Tempo de execução: 60.0583s

---------------------------

Largura da faixa = 75
Melhor altura = 710

Lower Bound 1 = 533
Lower Bound 2 = 295
Avaliação = 1.33208

Tempo de execução: 60.0573s

---------------------------

Largura da faixa = 75
Melhor altura = 721

Lower Bound 1 = 533
Lower Bound 2 = 295
Avaliação = 1.35272

Tempo de execução: 60.0006s

---------------------------

Largura da faixa = 75
Melhor altura = 715

Lower Bound 1 = 533
Lower Bound 2 = 295
Avaliação = 1.34146

Tempo de execução: 60.0509s

---------------------------

Largura da faixa = 75
Melhor altura = 717

Lower Bound 1 = 533
Lower Bound 2 = 295
Avaliação = 1.34522

Tempo de execução: 60.03s

---------------------------

Largura da faixa = 75
Melhor altura = 716

Lower Bound 1 = 533
Lower Bound 2 = 295
Avaliação = 1.34334

Tempo de execução: 60.0065s

---------------------------

Largura da faixa = 75
Melhor altura = 708

Lower Bound 1 = 533
Lower Bound 2 = 295
Avaliação = 1.32833

Tempo de execução: 60.014s

---------------------------

Largura da faixa = 75
Melhor altura = 714

Lower Bound 1 = 533
Lower Bound 2 = 295
Avaliação = 1.33959

Tempo de execução: 60.0816s

---------------------------

Largura da faixa = 75
Melhor altura = 698

Lower Bound 1 = 533
Lower Bound 2 = 295
Avaliação = 1.30957

Tempo de execução: 60.0046s

---------------------------

Largura da faixa = 75
Melhor altura = 721

Lower Bound 1 = 533
Lower Bound 2 = 295
Avaliação = 1.35272

Tempo de execução: 60.003s

---------------------------

Largura da faixa = 75
Melhor altura = 719

Lower Bound 1 = 533
Lower Bound 2 = 295
Avaliação = 1.34897

Tempo de execução: 60.0054s

---------------------------

Largura da faixa = 75
Melhor altura = 720

Lower Bound 1 = 533
Lower Bound 2 = 295
Avaliação = 1.35084

Tempo de execução: 60.0179s

---------------------------

Largura da faixa = 75
Melhor altura = 721

Lower Bound 1 = 533
Lower Bound 2 = 295
Avaliação = 1.35272

Tempo de execução: 60.0553s

---------------------------

Largura da faixa = 75
Melhor altura = 719

Lower Bound 1 = 533
Lower Bound 2 = 295
Avaliação = 1.34897

Tempo de execução: 60.0398s

---------------------------

Largura da faixa = 75
Melhor altura = 689

Lower Bound 1 = 533
Lower Bound 2 = 295
Avaliação = 1.29268

Tempo de execução: 60.0012s

---------------------------

Largura da faixa = 75
Melhor altura = 702

Lower Bound 1 = 533
Lower Bound 2 = 295
Avaliação = 1.31707

Tempo de execução: 60.0002s

---------------------------

Largura da faixa = 75
Melhor altura = 708

Lower Bound 1 = 533
Lower Bound 2 = 295
Avaliação = 1.32833

Tempo de execução: 60.0079s

---------------------------

Largura da faixa = 75
Melhor altura = 701

Lower Bound 1 = 533
Lower Bound 2 = 295
Avaliação = 1.3152

Tempo de execução: 60.0171s

---------------------------

Largura da faixa = 75
Melhor altura = 718

Lower Bound 1 = 533
Lower Bound 2 = 295
Avaliação = 1.34709

Tempo de execução: 60.0307s

---------------------------

