Largura da faixa = 116
Melhor altura = 436

Lower Bound 1 = 344
Lower Bound 2 = 226
Avaliação = 1.26744

Tempo de execução: 60.0022s

---------------------------

Largura da faixa = 116
Melhor altura = 426

Lower Bound 1 = 344
Lower Bound 2 = 226
Avaliação = 1.23837

Tempo de execução: 60.0004s

---------------------------

Largura da faixa = 116
Melhor altura = 413

Lower Bound 1 = 344
Lower Bound 2 = 226
Avaliação = 1.20058

Tempo de execução: 60.0052s

---------------------------

Largura da faixa = 116
Melhor altura = 428

Lower Bound 1 = 344
Lower Bound 2 = 226
Avaliação = 1.24419

Tempo de execução: 60.0004s

---------------------------

Largura da faixa = 116
Melhor altura = 426

Lower Bound 1 = 344
Lower Bound 2 = 226
Avaliação = 1.23837

Tempo de execução: 60.0034s

---------------------------

Largura da faixa = 116
Melhor altura = 412

Lower Bound 1 = 344
Lower Bound 2 = 226
Avaliação = 1.19767

Tempo de execução: 60.0111s

---------------------------

Largura da faixa = 116
Melhor altura = 426

Lower Bound 1 = 344
Lower Bound 2 = 226
Avaliação = 1.23837

Tempo de execução: 60.0003s

---------------------------

Largura da faixa = 116
Melhor altura = 404

Lower Bound 1 = 344
Lower Bound 2 = 226
Avaliação = 1.17442

Tempo de execução: 60.0056s

---------------------------

Largura da faixa = 116
Melhor altura = 430

Lower Bound 1 = 344
Lower Bound 2 = 226
Avaliação = 1.25

Tempo de execução: 60.0085s

---------------------------

Largura da faixa = 116
Melhor altura = 427

Lower Bound 1 = 344
Lower Bound 2 = 226
Avaliação = 1.24128

Tempo de execução: 60.0014s

---------------------------

Largura da faixa = 116
Melhor altura = 418

Lower Bound 1 = 344
Lower Bound 2 = 226
Avaliação = 1.21512

Tempo de execução: 60.0014s

---------------------------

Largura da faixa = 116
Melhor altura = 425

Lower Bound 1 = 344
Lower Bound 2 = 226
Avaliação = 1.23547

Tempo de execução: 60.0057s

---------------------------

Largura da faixa = 116
Melhor altura = 430

Lower Bound 1 = 344
Lower Bound 2 = 226
Avaliação = 1.25

Tempo de execução: 60.0003s

---------------------------

Largura da faixa = 116
Melhor altura = 426

Lower Bound 1 = 344
Lower Bound 2 = 226
Avaliação = 1.23837

Tempo de execução: 60.001s

---------------------------

Largura da faixa = 116
Melhor altura = 432

Lower Bound 1 = 344
Lower Bound 2 = 226
Avaliação = 1.25581

Tempo de execução: 60.0026s

---------------------------

Largura da faixa = 116
Melhor altura = 429

Lower Bound 1 = 344
Lower Bound 2 = 226
Avaliação = 1.24709

Tempo de execução: 60.0011s

---------------------------

Largura da faixa = 116
Melhor altura = 434

Lower Bound 1 = 344
Lower Bound 2 = 226
Avaliação = 1.26163

Tempo de execução: 60.0038s

---------------------------

Largura da faixa = 116
Melhor altura = 419

Lower Bound 1 = 344
Lower Bound 2 = 226
Avaliação = 1.21802

Tempo de execução: 60s

---------------------------

Largura da faixa = 116
Melhor altura = 422

Lower Bound 1 = 344
Lower Bound 2 = 226
Avaliação = 1.22674

Tempo de execução: 60.0003s

---------------------------

Largura da faixa = 116
Melhor altura = 421

Lower Bound 1 = 344
Lower Bound 2 = 226
Avaliação = 1.22384

Tempo de execução: 60.0041s

---------------------------

