Largura da faixa = 112
Melhor altura = 467

Lower Bound 1 = 357
Lower Bound 2 = 365
Avaliação = 1.27945

Tempo de execução: 60.0001s

---------------------------

Largura da faixa = 112
Melhor altura = 467

Lower Bound 1 = 357
Lower Bound 2 = 365
Avaliação = 1.27945

Tempo de execução: 60.0001s

---------------------------

Largura da faixa = 112
Melhor altura = 467

Lower Bound 1 = 357
Lower Bound 2 = 365
Avaliação = 1.27945

Tempo de execução: 60.0003s

---------------------------

Largura da faixa = 112
Melhor altura = 467

Lower Bound 1 = 357
Lower Bound 2 = 365
Avaliação = 1.27945

Tempo de execução: 60.0001s

---------------------------

Largura da faixa = 112
Melhor altura = 467

Lower Bound 1 = 357
Lower Bound 2 = 365
Avaliação = 1.27945

Tempo de execução: 60s

---------------------------

Largura da faixa = 112
Melhor altura = 467

Lower Bound 1 = 357
Lower Bound 2 = 365
Avaliação = 1.27945

Tempo de execução: 60.0002s

---------------------------

Largura da faixa = 112
Melhor altura = 467

Lower Bound 1 = 357
Lower Bound 2 = 365
Avaliação = 1.27945

Tempo de execução: 60s

---------------------------

Largura da faixa = 112
Melhor altura = 467

Lower Bound 1 = 357
Lower Bound 2 = 365
Avaliação = 1.27945

Tempo de execução: 60s

---------------------------

Largura da faixa = 112
Melhor altura = 467

Lower Bound 1 = 357
Lower Bound 2 = 365
Avaliação = 1.27945

Tempo de execução: 60.0001s

---------------------------

Largura da faixa = 112
Melhor altura = 467

Lower Bound 1 = 357
Lower Bound 2 = 365
Avaliação = 1.27945

Tempo de execução: 60s

---------------------------

Largura da faixa = 112
Melhor altura = 467

Lower Bound 1 = 357
Lower Bound 2 = 365
Avaliação = 1.27945

Tempo de execução: 60.0002s

---------------------------

Largura da faixa = 112
Melhor altura = 467

Lower Bound 1 = 357
Lower Bound 2 = 365
Avaliação = 1.27945

Tempo de execução: 60.0003s

---------------------------

Largura da faixa = 112
Melhor altura = 467

Lower Bound 1 = 357
Lower Bound 2 = 365
Avaliação = 1.27945

Tempo de execução: 60.0001s

---------------------------

Largura da faixa = 112
Melhor altura = 467

Lower Bound 1 = 357
Lower Bound 2 = 365
Avaliação = 1.27945

Tempo de execução: 60.0003s

---------------------------

Largura da faixa = 112
Melhor altura = 467

Lower Bound 1 = 357
Lower Bound 2 = 365
Avaliação = 1.27945

Tempo de execução: 60.0004s

---------------------------

Largura da faixa = 112
Melhor altura = 467

Lower Bound 1 = 357
Lower Bound 2 = 365
Avaliação = 1.27945

Tempo de execução: 60.0002s

---------------------------

Largura da faixa = 112
Melhor altura = 467

Lower Bound 1 = 357
Lower Bound 2 = 365
Avaliação = 1.27945

Tempo de execução: 60.0002s

---------------------------

Largura da faixa = 112
Melhor altura = 467

Lower Bound 1 = 357
Lower Bound 2 = 365
Avaliação = 1.27945

Tempo de execução: 60.0003s

---------------------------

Largura da faixa = 112
Melhor altura = 467

Lower Bound 1 = 357
Lower Bound 2 = 365
Avaliação = 1.27945

Tempo de execução: 60.0001s

---------------------------

Largura da faixa = 112
Melhor altura = 467

Lower Bound 1 = 357
Lower Bound 2 = 365
Avaliação = 1.27945

Tempo de execução: 60.0001s

---------------------------

