Largura da faixa = 91
Melhor altura = 529

Lower Bound 1 = 439
Lower Bound 2 = 314
Avaliação = 1.20501

Tempo de execução: 60.002s

---------------------------

Largura da faixa = 91
Melhor altura = 531

Lower Bound 1 = 439
Lower Bound 2 = 314
Avaliação = 1.20957

Tempo de execução: 60.0012s

---------------------------

Largura da faixa = 91
Melhor altura = 537

Lower Bound 1 = 439
Lower Bound 2 = 314
Avaliação = 1.22323

Tempo de execução: 60.0033s

---------------------------

Largura da faixa = 91
Melhor altura = 534

Lower Bound 1 = 439
Lower Bound 2 = 314
Avaliação = 1.2164

Tempo de execução: 60.0002s

---------------------------

Largura da faixa = 91
Melhor altura = 522

Lower Bound 1 = 439
Lower Bound 2 = 314
Avaliação = 1.18907

Tempo de execução: 60.0013s

---------------------------

Largura da faixa = 91
Melhor altura = 537

Lower Bound 1 = 439
Lower Bound 2 = 314
Avaliação = 1.22323

Tempo de execução: 60.0035s

---------------------------

Largura da faixa = 91
Melhor altura = 532

Lower Bound 1 = 439
Lower Bound 2 = 314
Avaliação = 1.21185

Tempo de execução: 60.0001s

---------------------------

Largura da faixa = 91
Melhor altura = 532

Lower Bound 1 = 439
Lower Bound 2 = 314
Avaliação = 1.21185

Tempo de execução: 60.0021s

---------------------------

Largura da faixa = 91
Melhor altura = 528

Lower Bound 1 = 439
Lower Bound 2 = 314
Avaliação = 1.20273

Tempo de execução: 60s

---------------------------

Largura da faixa = 91
Melhor altura = 530

Lower Bound 1 = 439
Lower Bound 2 = 314
Avaliação = 1.20729

Tempo de execução: 60.0008s

---------------------------

Largura da faixa = 91
Melhor altura = 525

Lower Bound 1 = 439
Lower Bound 2 = 314
Avaliação = 1.1959

Tempo de execução: 60.0053s

---------------------------

Largura da faixa = 91
Melhor altura = 526

Lower Bound 1 = 439
Lower Bound 2 = 314
Avaliação = 1.19818

Tempo de execução: 60.004s

---------------------------

Largura da faixa = 91
Melhor altura = 527

Lower Bound 1 = 439
Lower Bound 2 = 314
Avaliação = 1.20046

Tempo de execução: 60.002s

---------------------------

Largura da faixa = 91
Melhor altura = 536

Lower Bound 1 = 439
Lower Bound 2 = 314
Avaliação = 1.22096

Tempo de execução: 60.0024s

---------------------------

Largura da faixa = 91
Melhor altura = 531

Lower Bound 1 = 439
Lower Bound 2 = 314
Avaliação = 1.20957

Tempo de execução: 60.0032s

---------------------------

Largura da faixa = 91
Melhor altura = 527

Lower Bound 1 = 439
Lower Bound 2 = 314
Avaliação = 1.20046

Tempo de execução: 60.0026s

---------------------------

Largura da faixa = 91
Melhor altura = 534

Lower Bound 1 = 439
Lower Bound 2 = 314
Avaliação = 1.2164

Tempo de execução: 60.0021s

---------------------------

Largura da faixa = 91
Melhor altura = 541

Lower Bound 1 = 439
Lower Bound 2 = 314
Avaliação = 1.23235

Tempo de execução: 60.0006s

---------------------------

Largura da faixa = 91
Melhor altura = 534

Lower Bound 1 = 439
Lower Bound 2 = 314
Avaliação = 1.2164

Tempo de execução: 60.0004s

---------------------------

Largura da faixa = 91
Melhor altura = 531

Lower Bound 1 = 439
Lower Bound 2 = 314
Avaliação = 1.20957

Tempo de execução: 60.0044s

---------------------------

