Largura da faixa = 159
Melhor altura = 411

Lower Bound 1 = 251
Lower Bound 2 = 411
Avaliação = 1

Tempo de execução: 60.0001s

---------------------------

Largura da faixa = 159
Melhor altura = 411

Lower Bound 1 = 251
Lower Bound 2 = 411
Avaliação = 1

Tempo de execução: 60.0005s

---------------------------

Largura da faixa = 159
Melhor altura = 411

Lower Bound 1 = 251
Lower Bound 2 = 411
Avaliação = 1

Tempo de execução: 60.0002s

---------------------------

Largura da faixa = 159
Melhor altura = 411

Lower Bound 1 = 251
Lower Bound 2 = 411
Avaliação = 1

Tempo de execução: 60s

---------------------------

Largura da faixa = 159
Melhor altura = 411

Lower Bound 1 = 251
Lower Bound 2 = 411
Avaliação = 1

Tempo de execução: 60.0003s

---------------------------

Largura da faixa = 159
Melhor altura = 411

Lower Bound 1 = 251
Lower Bound 2 = 411
Avaliação = 1

Tempo de execução: 60s

---------------------------

Largura da faixa = 159
Melhor altura = 411

Lower Bound 1 = 251
Lower Bound 2 = 411
Avaliação = 1

Tempo de execução: 60.0003s

---------------------------

Largura da faixa = 159
Melhor altura = 411

Lower Bound 1 = 251
Lower Bound 2 = 411
Avaliação = 1

Tempo de execução: 60.0002s

---------------------------

Largura da faixa = 159
Melhor altura = 411

Lower Bound 1 = 251
Lower Bound 2 = 411
Avaliação = 1

Tempo de execução: 60.0001s

---------------------------

Largura da faixa = 159
Melhor altura = 411

Lower Bound 1 = 251
Lower Bound 2 = 411
Avaliação = 1

Tempo de execução: 60.0002s

---------------------------

Largura da faixa = 159
Melhor altura = 411

Lower Bound 1 = 251
Lower Bound 2 = 411
Avaliação = 1

Tempo de execução: 60.0002s

---------------------------

Largura da faixa = 159
Melhor altura = 411

Lower Bound 1 = 251
Lower Bound 2 = 411
Avaliação = 1

Tempo de execução: 60.0007s

---------------------------

Largura da faixa = 159
Melhor altura = 411

Lower Bound 1 = 251
Lower Bound 2 = 411
Avaliação = 1

Tempo de execução: 60.0004s

---------------------------

Largura da faixa = 159
Melhor altura = 411

Lower Bound 1 = 251
Lower Bound 2 = 411
Avaliação = 1

Tempo de execução: 60.0003s

---------------------------

Largura da faixa = 159
Melhor altura = 411

Lower Bound 1 = 251
Lower Bound 2 = 411
Avaliação = 1

Tempo de execução: 60s

---------------------------

Largura da faixa = 159
Melhor altura = 411

Lower Bound 1 = 251
Lower Bound 2 = 411
Avaliação = 1

Tempo de execução: 60s

---------------------------

Largura da faixa = 159
Melhor altura = 411

Lower Bound 1 = 251
Lower Bound 2 = 411
Avaliação = 1

Tempo de execução: 60s

---------------------------

Largura da faixa = 159
Melhor altura = 411

Lower Bound 1 = 251
Lower Bound 2 = 411
Avaliação = 1

Tempo de execução: 60.0004s

---------------------------

Largura da faixa = 159
Melhor altura = 411

Lower Bound 1 = 251
Lower Bound 2 = 411
Avaliação = 1

Tempo de execução: 60.0004s

---------------------------

Largura da faixa = 159
Melhor altura = 411

Lower Bound 1 = 251
Lower Bound 2 = 411
Avaliação = 1

Tempo de execução: 60.0006s

---------------------------

