Largura da faixa = 115
Melhor altura = 409

Lower Bound 1 = 347
Lower Bound 2 = 238
Avaliação = 1.17867

Tempo de execução: 60.0001s

---------------------------

Largura da faixa = 115
Melhor altura = 414

Lower Bound 1 = 347
Lower Bound 2 = 238
Avaliação = 1.19308

Tempo de execução: 60.0005s

---------------------------

Largura da faixa = 115
Melhor altura = 418

Lower Bound 1 = 347
Lower Bound 2 = 238
Avaliação = 1.20461

Tempo de execução: 60.0015s

---------------------------

Largura da faixa = 115
Melhor altura = 415

Lower Bound 1 = 347
Lower Bound 2 = 238
Avaliação = 1.19597

Tempo de execução: 60.0001s

---------------------------

Largura da faixa = 115
Melhor altura = 413

Lower Bound 1 = 347
Lower Bound 2 = 238
Avaliação = 1.1902

Tempo de execução: 60.0003s

---------------------------

Largura da faixa = 115
Melhor altura = 409

Lower Bound 1 = 347
Lower Bound 2 = 238
Avaliação = 1.17867

Tempo de execução: 60.0016s

---------------------------

Largura da faixa = 115
Melhor altura = 407

Lower Bound 1 = 347
Lower Bound 2 = 238
Avaliação = 1.17291

Tempo de execução: 60.0003s

---------------------------

Largura da faixa = 115
Melhor altura = 425

Lower Bound 1 = 347
Lower Bound 2 = 238
Avaliação = 1.22478

Tempo de execução: 60.0007s

---------------------------

Largura da faixa = 115
Melhor altura = 422

Lower Bound 1 = 347
Lower Bound 2 = 238
Avaliação = 1.21614

Tempo de execução: 60.0008s

---------------------------

Largura da faixa = 115
Melhor altura = 417

Lower Bound 1 = 347
Lower Bound 2 = 238
Avaliação = 1.20173

Tempo de execução: 60.0002s

---------------------------

Largura da faixa = 115
Melhor altura = 411

Lower Bound 1 = 347
Lower Bound 2 = 238
Avaliação = 1.18444

Tempo de execução: 60.0003s

---------------------------

Largura da faixa = 115
Melhor altura = 416

Lower Bound 1 = 347
Lower Bound 2 = 238
Avaliação = 1.19885

Tempo de execução: 60.0006s

---------------------------

Largura da faixa = 115
Melhor altura = 410

Lower Bound 1 = 347
Lower Bound 2 = 238
Avaliação = 1.18156

Tempo de execução: 60.0001s

---------------------------

Largura da faixa = 115
Melhor altura = 428

Lower Bound 1 = 347
Lower Bound 2 = 238
Avaliação = 1.23343

Tempo de execução: 60.0011s

---------------------------

Largura da faixa = 115
Melhor altura = 418

Lower Bound 1 = 347
Lower Bound 2 = 238
Avaliação = 1.20461

Tempo de execução: 60.0015s

---------------------------

Largura da faixa = 115
Melhor altura = 416

Lower Bound 1 = 347
Lower Bound 2 = 238
Avaliação = 1.19885

Tempo de execução: 60.0002s

---------------------------

Largura da faixa = 115
Melhor altura = 418

Lower Bound 1 = 347
Lower Bound 2 = 238
Avaliação = 1.20461

Tempo de execução: 60.0006s

---------------------------

Largura da faixa = 115
Melhor altura = 413

Lower Bound 1 = 347
Lower Bound 2 = 238
Avaliação = 1.1902

Tempo de execução: 60.0001s

---------------------------

Largura da faixa = 115
Melhor altura = 421

Lower Bound 1 = 347
Lower Bound 2 = 238
Avaliação = 1.21326

Tempo de execução: 60.0009s

---------------------------

Largura da faixa = 115
Melhor altura = 415

Lower Bound 1 = 347
Lower Bound 2 = 238
Avaliação = 1.19597

Tempo de execução: 60s

---------------------------

