Largura da faixa = 104
Melhor altura = 443

Lower Bound 1 = 384
Lower Bound 2 = 376
Avaliação = 1.15365

Tempo de execução: 60.0001s

---------------------------

Largura da faixa = 104
Melhor altura = 454

Lower Bound 1 = 384
Lower Bound 2 = 376
Avaliação = 1.18229

Tempo de execução: 60.0002s

---------------------------

Largura da faixa = 104
Melhor altura = 442

Lower Bound 1 = 384
Lower Bound 2 = 376
Avaliação = 1.15104

Tempo de execução: 60.0013s

---------------------------

Largura da faixa = 104
Melhor altura = 445

Lower Bound 1 = 384
Lower Bound 2 = 376
Avaliação = 1.15885

Tempo de execução: 60.0002s

---------------------------

Largura da faixa = 104
Melhor altura = 457

Lower Bound 1 = 384
Lower Bound 2 = 376
Avaliação = 1.1901

Tempo de execução: 60.0001s

---------------------------

Largura da faixa = 104
Melhor altura = 459

Lower Bound 1 = 384
Lower Bound 2 = 376
Avaliação = 1.19531

Tempo de execução: 60.0009s

---------------------------

Largura da faixa = 104
Melhor altura = 447

Lower Bound 1 = 384
Lower Bound 2 = 376
Avaliação = 1.16406

Tempo de execução: 60.0003s

---------------------------

Largura da faixa = 104
Melhor altura = 450

Lower Bound 1 = 384
Lower Bound 2 = 376
Avaliação = 1.17188

Tempo de execução: 60.0001s

---------------------------

Largura da faixa = 104
Melhor altura = 453

Lower Bound 1 = 384
Lower Bound 2 = 376
Avaliação = 1.17969

Tempo de execução: 60.001s

---------------------------

Largura da faixa = 104
Melhor altura = 444

Lower Bound 1 = 384
Lower Bound 2 = 376
Avaliação = 1.15625

Tempo de execução: 60.0005s

---------------------------

Largura da faixa = 104
Melhor altura = 446

Lower Bound 1 = 384
Lower Bound 2 = 376
Avaliação = 1.16146

Tempo de execução: 60.001s

---------------------------

Largura da faixa = 104
Melhor altura = 456

Lower Bound 1 = 384
Lower Bound 2 = 376
Avaliação = 1.1875

Tempo de execução: 60.0024s

---------------------------

Largura da faixa = 104
Melhor altura = 455

Lower Bound 1 = 384
Lower Bound 2 = 376
Avaliação = 1.1849

Tempo de execução: 60.0003s

---------------------------

Largura da faixa = 104
Melhor altura = 446

Lower Bound 1 = 384
Lower Bound 2 = 376
Avaliação = 1.16146

Tempo de execução: 60.0011s

---------------------------

Largura da faixa = 104
Melhor altura = 453

Lower Bound 1 = 384
Lower Bound 2 = 376
Avaliação = 1.17969

Tempo de execução: 60.0003s

---------------------------

Largura da faixa = 104
Melhor altura = 452

Lower Bound 1 = 384
Lower Bound 2 = 376
Avaliação = 1.17708

Tempo de execução: 60.0005s

---------------------------

Largura da faixa = 104
Melhor altura = 450

Lower Bound 1 = 384
Lower Bound 2 = 376
Avaliação = 1.17188

Tempo de execução: 60.0001s

---------------------------

Largura da faixa = 104
Melhor altura = 443

Lower Bound 1 = 384
Lower Bound 2 = 376
Avaliação = 1.15365

Tempo de execução: 60.0017s

---------------------------

Largura da faixa = 104
Melhor altura = 439

Lower Bound 1 = 384
Lower Bound 2 = 376
Avaliação = 1.14323

Tempo de execução: 60.0006s

---------------------------

Largura da faixa = 104
Melhor altura = 443

Lower Bound 1 = 384
Lower Bound 2 = 376
Avaliação = 1.15365

Tempo de execução: 60.0009s

---------------------------

