Largura da faixa = 117
Melhor altura = 407

Lower Bound 1 = 341
Lower Bound 2 = 156
Avaliação = 1.19355

Tempo de execução: 60.0086s

---------------------------

Largura da faixa = 117
Melhor altura = 410

Lower Bound 1 = 341
Lower Bound 2 = 156
Avaliação = 1.20235

Tempo de execução: 60.007s

---------------------------

Largura da faixa = 117
Melhor altura = 409

Lower Bound 1 = 341
Lower Bound 2 = 156
Avaliação = 1.19941

Tempo de execução: 60.0107s

---------------------------

Largura da faixa = 117
Melhor altura = 403

Lower Bound 1 = 341
Lower Bound 2 = 156
Avaliação = 1.18182

Tempo de execução: 60.009s

---------------------------

Largura da faixa = 117
Melhor altura = 402

Lower Bound 1 = 341
Lower Bound 2 = 156
Avaliação = 1.17889

Tempo de execução: 60.0151s

---------------------------

Largura da faixa = 117
Melhor altura = 405

Lower Bound 1 = 341
Lower Bound 2 = 156
Avaliação = 1.18768

Tempo de execução: 60.0018s

---------------------------

Largura da faixa = 117
Melhor altura = 422

Lower Bound 1 = 341
Lower Bound 2 = 156
Avaliação = 1.23754

Tempo de execução: 60.0002s

---------------------------

Largura da faixa = 117
Melhor altura = 404

Lower Bound 1 = 341
Lower Bound 2 = 156
Avaliação = 1.18475

Tempo de execução: 60.0114s

---------------------------

Largura da faixa = 117
Melhor altura = 404

Lower Bound 1 = 341
Lower Bound 2 = 156
Avaliação = 1.18475

Tempo de execução: 60.0168s

---------------------------

Largura da faixa = 117
Melhor altura = 406

Lower Bound 1 = 341
Lower Bound 2 = 156
Avaliação = 1.19062

Tempo de execução: 60.0025s

---------------------------

Largura da faixa = 117
Melhor altura = 410

Lower Bound 1 = 341
Lower Bound 2 = 156
Avaliação = 1.20235

Tempo de execução: 60.0032s

---------------------------

Largura da faixa = 117
Melhor altura = 410

Lower Bound 1 = 341
Lower Bound 2 = 156
Avaliação = 1.20235

Tempo de execução: 60.0099s

---------------------------

Largura da faixa = 117
Melhor altura = 405

Lower Bound 1 = 341
Lower Bound 2 = 156
Avaliação = 1.18768

Tempo de execução: 60.0085s

---------------------------

Largura da faixa = 117
Melhor altura = 416

Lower Bound 1 = 341
Lower Bound 2 = 156
Avaliação = 1.21994

Tempo de execução: 60.0013s

---------------------------

Largura da faixa = 117
Melhor altura = 408

Lower Bound 1 = 341
Lower Bound 2 = 156
Avaliação = 1.19648

Tempo de execução: 60.0167s

---------------------------

Largura da faixa = 117
Melhor altura = 408

Lower Bound 1 = 341
Lower Bound 2 = 156
Avaliação = 1.19648

Tempo de execução: 60.0029s

---------------------------

Largura da faixa = 117
Melhor altura = 409

Lower Bound 1 = 341
Lower Bound 2 = 156
Avaliação = 1.19941

Tempo de execução: 60.0125s

---------------------------

Largura da faixa = 117
Melhor altura = 408

Lower Bound 1 = 341
Lower Bound 2 = 156
Avaliação = 1.19648

Tempo de execução: 60.0077s

---------------------------

Largura da faixa = 117
Melhor altura = 409

Lower Bound 1 = 341
Lower Bound 2 = 156
Avaliação = 1.19941

Tempo de execução: 60.0016s

---------------------------

Largura da faixa = 117
Melhor altura = 407

Lower Bound 1 = 341
Lower Bound 2 = 156
Avaliação = 1.19355

Tempo de execução: 60.0079s

---------------------------

