Largura da faixa = 123
Melhor altura = 383

Lower Bound 1 = 325
Lower Bound 2 = 337
Avaliação = 1.1365

Tempo de execução: 60.0001s

---------------------------

Largura da faixa = 123
Melhor altura = 383

Lower Bound 1 = 325
Lower Bound 2 = 337
Avaliação = 1.1365

Tempo de execução: 60s

---------------------------

Largura da faixa = 123
Melhor altura = 383

Lower Bound 1 = 325
Lower Bound 2 = 337
Avaliação = 1.1365

Tempo de execução: 60s

---------------------------

Largura da faixa = 123
Melhor altura = 383

Lower Bound 1 = 325
Lower Bound 2 = 337
Avaliação = 1.1365

Tempo de execução: 60s

---------------------------

Largura da faixa = 123
Melhor altura = 383

Lower Bound 1 = 325
Lower Bound 2 = 337
Avaliação = 1.1365

Tempo de execução: 60.0001s

---------------------------

Largura da faixa = 123
Melhor altura = 383

Lower Bound 1 = 325
Lower Bound 2 = 337
Avaliação = 1.1365

Tempo de execução: 60s

---------------------------

Largura da faixa = 123
Melhor altura = 383

Lower Bound 1 = 325
Lower Bound 2 = 337
Avaliação = 1.1365

Tempo de execução: 60s

---------------------------

Largura da faixa = 123
Melhor altura = 383

Lower Bound 1 = 325
Lower Bound 2 = 337
Avaliação = 1.1365

Tempo de execução: 60.0001s

---------------------------

Largura da faixa = 123
Melhor altura = 383

Lower Bound 1 = 325
Lower Bound 2 = 337
Avaliação = 1.1365

Tempo de execução: 60.0001s

---------------------------

Largura da faixa = 123
Melhor altura = 383

Lower Bound 1 = 325
Lower Bound 2 = 337
Avaliação = 1.1365

Tempo de execução: 60.0001s

---------------------------

Largura da faixa = 123
Melhor altura = 383

Lower Bound 1 = 325
Lower Bound 2 = 337
Avaliação = 1.1365

Tempo de execução: 60s

---------------------------

Largura da faixa = 123
Melhor altura = 383

Lower Bound 1 = 325
Lower Bound 2 = 337
Avaliação = 1.1365

Tempo de execução: 60.0001s

---------------------------

Largura da faixa = 123
Melhor altura = 383

Lower Bound 1 = 325
Lower Bound 2 = 337
Avaliação = 1.1365

Tempo de execução: 60s

---------------------------

Largura da faixa = 123
Melhor altura = 383

Lower Bound 1 = 325
Lower Bound 2 = 337
Avaliação = 1.1365

Tempo de execução: 60.0001s

---------------------------

Largura da faixa = 123
Melhor altura = 383

Lower Bound 1 = 325
Lower Bound 2 = 337
Avaliação = 1.1365

Tempo de execução: 60s

---------------------------

Largura da faixa = 123
Melhor altura = 383

Lower Bound 1 = 325
Lower Bound 2 = 337
Avaliação = 1.1365

Tempo de execução: 60s

---------------------------

Largura da faixa = 123
Melhor altura = 383

Lower Bound 1 = 325
Lower Bound 2 = 337
Avaliação = 1.1365

Tempo de execução: 60s

---------------------------

Largura da faixa = 123
Melhor altura = 383

Lower Bound 1 = 325
Lower Bound 2 = 337
Avaliação = 1.1365

Tempo de execução: 60.0002s

---------------------------

Largura da faixa = 123
Melhor altura = 383

Lower Bound 1 = 325
Lower Bound 2 = 337
Avaliação = 1.1365

Tempo de execução: 60.0001s

---------------------------

Largura da faixa = 123
Melhor altura = 383

Lower Bound 1 = 325
Lower Bound 2 = 337
Avaliação = 1.1365

Tempo de execução: 60.0001s

---------------------------

