Largura da faixa = 112
Melhor altura = 432

Lower Bound 1 = 357
Lower Bound 2 = 213
Avaliação = 1.21008

Tempo de execução: 60.0014s

---------------------------

Largura da faixa = 112
Melhor altura = 432

Lower Bound 1 = 357
Lower Bound 2 = 213
Avaliação = 1.21008

Tempo de execução: 60.0006s

---------------------------

Largura da faixa = 112
Melhor altura = 424

Lower Bound 1 = 357
Lower Bound 2 = 213
Avaliação = 1.18768

Tempo de execução: 60.0072s

---------------------------

Largura da faixa = 112
Melhor altura = 421

Lower Bound 1 = 357
Lower Bound 2 = 213
Avaliação = 1.17927

Tempo de execução: 60.0024s

---------------------------

Largura da faixa = 112
Melhor altura = 429

Lower Bound 1 = 357
Lower Bound 2 = 213
Avaliação = 1.20168

Tempo de execução: 60.0008s

---------------------------

Largura da faixa = 112
Melhor altura = 419

Lower Bound 1 = 357
Lower Bound 2 = 213
Avaliação = 1.17367

Tempo de execução: 60.0046s

---------------------------

Largura da faixa = 112
Melhor altura = 428

Lower Bound 1 = 357
Lower Bound 2 = 213
Avaliação = 1.19888

Tempo de execução: 60.0006s

---------------------------

Largura da faixa = 112
Melhor altura = 425

Lower Bound 1 = 357
Lower Bound 2 = 213
Avaliação = 1.19048

Tempo de execução: 60.0003s

---------------------------

Largura da faixa = 112
Melhor altura = 424

Lower Bound 1 = 357
Lower Bound 2 = 213
Avaliação = 1.18768

Tempo de execução: 60.009s

---------------------------

Largura da faixa = 112
Melhor altura = 425

Lower Bound 1 = 357
Lower Bound 2 = 213
Avaliação = 1.19048

Tempo de execução: 60.0001s

---------------------------

Largura da faixa = 112
Melhor altura = 417

Lower Bound 1 = 357
Lower Bound 2 = 213
Avaliação = 1.16807

Tempo de execução: 60.0003s

---------------------------

Largura da faixa = 112
Melhor altura = 425

Lower Bound 1 = 357
Lower Bound 2 = 213
Avaliação = 1.19048

Tempo de execução: 60.0008s

---------------------------

Largura da faixa = 112
Melhor altura = 425

Lower Bound 1 = 357
Lower Bound 2 = 213
Avaliação = 1.19048

Tempo de execução: 60.0033s

---------------------------

Largura da faixa = 112
Melhor altura = 428

Lower Bound 1 = 357
Lower Bound 2 = 213
Avaliação = 1.19888

Tempo de execução: 60.004s

---------------------------

Largura da faixa = 112
Melhor altura = 429

Lower Bound 1 = 357
Lower Bound 2 = 213
Avaliação = 1.20168

Tempo de execução: 60.0009s

---------------------------

Largura da faixa = 112
Melhor altura = 427

Lower Bound 1 = 357
Lower Bound 2 = 213
Avaliação = 1.19608

Tempo de execução: 60.0009s

---------------------------

Largura da faixa = 112
Melhor altura = 426

Lower Bound 1 = 357
Lower Bound 2 = 213
Avaliação = 1.19328

Tempo de execução: 60.0003s

---------------------------

Largura da faixa = 112
Melhor altura = 422

Lower Bound 1 = 357
Lower Bound 2 = 213
Avaliação = 1.18207

Tempo de execução: 60.0047s

---------------------------

Largura da faixa = 112
Melhor altura = 426

Lower Bound 1 = 357
Lower Bound 2 = 213
Avaliação = 1.19328

Tempo de execução: 60.0003s

---------------------------

Largura da faixa = 112
Melhor altura = 427

Lower Bound 1 = 357
Lower Bound 2 = 213
Avaliação = 1.19608

Tempo de execução: 60.0027s

---------------------------

