Largura da faixa = 97
Melhor altura = 499

Lower Bound 1 = 412
Lower Bound 2 = 97
Avaliação = 1.21117

Tempo de execução: 60.0059s

---------------------------

Largura da faixa = 97
Melhor altura = 497

Lower Bound 1 = 412
Lower Bound 2 = 97
Avaliação = 1.20631

Tempo de execução: 60.003s

---------------------------

Largura da faixa = 97
Melhor altura = 500

Lower Bound 1 = 412
Lower Bound 2 = 97
Avaliação = 1.21359

Tempo de execução: 60.0982s

---------------------------

Largura da faixa = 97
Melhor altura = 503

Lower Bound 1 = 412
Lower Bound 2 = 97
Avaliação = 1.22087

Tempo de execução: 60.0104s

---------------------------

Largura da faixa = 97
Melhor altura = 493

Lower Bound 1 = 412
Lower Bound 2 = 97
Avaliação = 1.1966

Tempo de execução: 60.0203s

---------------------------

Largura da faixa = 97
Melhor altura = 500

Lower Bound 1 = 412
Lower Bound 2 = 97
Avaliação = 1.21359

Tempo de execução: 60.0418s

---------------------------

Largura da faixa = 97
Melhor altura = 504

Lower Bound 1 = 412
Lower Bound 2 = 97
Avaliação = 1.2233

Tempo de execução: 60.0025s

---------------------------

Largura da faixa = 97
Melhor altura = 505

Lower Bound 1 = 412
Lower Bound 2 = 97
Avaliação = 1.22573

Tempo de execução: 60.0564s

---------------------------

Largura da faixa = 97
Melhor altura = 497

Lower Bound 1 = 412
Lower Bound 2 = 97
Avaliação = 1.20631

Tempo de execução: 60.0415s

---------------------------

Largura da faixa = 97
Melhor altura = 495

Lower Bound 1 = 412
Lower Bound 2 = 97
Avaliação = 1.20146

Tempo de execução: 60.0064s

---------------------------

Largura da faixa = 97
Melhor altura = 503

Lower Bound 1 = 412
Lower Bound 2 = 97
Avaliação = 1.22087

Tempo de execução: 60.0673s

---------------------------

Largura da faixa = 97
Melhor altura = 509

Lower Bound 1 = 412
Lower Bound 2 = 97
Avaliação = 1.23544

Tempo de execução: 60.0406s

---------------------------

Largura da faixa = 97
Melhor altura = 494

Lower Bound 1 = 412
Lower Bound 2 = 97
Avaliação = 1.19903

Tempo de execução: 60.0285s

---------------------------

Largura da faixa = 97
Melhor altura = 498

Lower Bound 1 = 412
Lower Bound 2 = 97
Avaliação = 1.20874

Tempo de execução: 60.031s

---------------------------

Largura da faixa = 97
Melhor altura = 500

Lower Bound 1 = 412
Lower Bound 2 = 97
Avaliação = 1.21359

Tempo de execução: 60.0785s

---------------------------

Largura da faixa = 97
Melhor altura = 500

Lower Bound 1 = 412
Lower Bound 2 = 97
Avaliação = 1.21359

Tempo de execução: 60.029s

---------------------------

Largura da faixa = 97
Melhor altura = 499

Lower Bound 1 = 412
Lower Bound 2 = 97
Avaliação = 1.21117

Tempo de execução: 60.0601s

---------------------------

Largura da faixa = 97
Melhor altura = 492

Lower Bound 1 = 412
Lower Bound 2 = 97
Avaliação = 1.19417

Tempo de execução: 60.0879s

---------------------------

Largura da faixa = 97
Melhor altura = 501

Lower Bound 1 = 412
Lower Bound 2 = 97
Avaliação = 1.21602

Tempo de execução: 60.0146s

---------------------------

Largura da faixa = 97
Melhor altura = 501

Lower Bound 1 = 412
Lower Bound 2 = 97
Avaliação = 1.21602

Tempo de execução: 60.0508s

---------------------------

