Largura da faixa = 146
Melhor altura = 383

Lower Bound 1 = 273
Lower Bound 2 = 383
Avaliação = 1

Tempo de execução: 60.0001s

---------------------------

Largura da faixa = 146
Melhor altura = 383

Lower Bound 1 = 273
Lower Bound 2 = 383
Avaliação = 1

Tempo de execução: 60s

---------------------------

Largura da faixa = 146
Melhor altura = 383

Lower Bound 1 = 273
Lower Bound 2 = 383
Avaliação = 1

Tempo de execução: 60s

---------------------------

Largura da faixa = 146
Melhor altura = 383

Lower Bound 1 = 273
Lower Bound 2 = 383
Avaliação = 1

Tempo de execução: 60s

---------------------------

Largura da faixa = 146
Melhor altura = 383

Lower Bound 1 = 273
Lower Bound 2 = 383
Avaliação = 1

Tempo de execução: 60s

---------------------------

Largura da faixa = 146
Melhor altura = 383

Lower Bound 1 = 273
Lower Bound 2 = 383
Avaliação = 1

Tempo de execução: 60s

---------------------------

Largura da faixa = 146
Melhor altura = 383

Lower Bound 1 = 273
Lower Bound 2 = 383
Avaliação = 1

Tempo de execução: 60s

---------------------------

Largura da faixa = 146
Melhor altura = 383

Lower Bound 1 = 273
Lower Bound 2 = 383
Avaliação = 1

Tempo de execução: 60s

---------------------------

Largura da faixa = 146
Melhor altura = 383

Lower Bound 1 = 273
Lower Bound 2 = 383
Avaliação = 1

Tempo de execução: 60.0001s

---------------------------

Largura da faixa = 146
Melhor altura = 383

Lower Bound 1 = 273
Lower Bound 2 = 383
Avaliação = 1

Tempo de execução: 60s

---------------------------

Largura da faixa = 146
Melhor altura = 383

Lower Bound 1 = 273
Lower Bound 2 = 383
Avaliação = 1

Tempo de execução: 60s

---------------------------

Largura da faixa = 146
Melhor altura = 383

Lower Bound 1 = 273
Lower Bound 2 = 383
Avaliação = 1

Tempo de execução: 60s

---------------------------

Largura da faixa = 146
Melhor altura = 383

Lower Bound 1 = 273
Lower Bound 2 = 383
Avaliação = 1

Tempo de execução: 60s

---------------------------

Largura da faixa = 146
Melhor altura = 383

Lower Bound 1 = 273
Lower Bound 2 = 383
Avaliação = 1

Tempo de execução: 60s

---------------------------

Largura da faixa = 146
Melhor altura = 383

Lower Bound 1 = 273
Lower Bound 2 = 383
Avaliação = 1

Tempo de execução: 60.0001s

---------------------------

Largura da faixa = 146
Melhor altura = 383

Lower Bound 1 = 273
Lower Bound 2 = 383
Avaliação = 1

Tempo de execução: 60s

---------------------------

Largura da faixa = 146
Melhor altura = 383

Lower Bound 1 = 273
Lower Bound 2 = 383
Avaliação = 1

Tempo de execução: 60.0001s

---------------------------

Largura da faixa = 146
Melhor altura = 383

Lower Bound 1 = 273
Lower Bound 2 = 383
Avaliação = 1

Tempo de execução: 60s

---------------------------

Largura da faixa = 146
Melhor altura = 383

Lower Bound 1 = 273
Lower Bound 2 = 383
Avaliação = 1

Tempo de execução: 60s

---------------------------

Largura da faixa = 146
Melhor altura = 383

Lower Bound 1 = 273
Lower Bound 2 = 383
Avaliação = 1

Tempo de execução: 60s

---------------------------

