Largura da faixa = 108
Melhor altura = 457

Lower Bound 1 = 370
Lower Bound 2 = 230
Avaliação = 1.23514

Tempo de execução: 60.0045s

---------------------------

Largura da faixa = 108
Melhor altura = 463

Lower Bound 1 = 370
Lower Bound 2 = 230
Avaliação = 1.25135

Tempo de execução: 60s

---------------------------

Largura da faixa = 108
Melhor altura = 457

Lower Bound 1 = 370
Lower Bound 2 = 230
Avaliação = 1.23514

Tempo de execução: 60.0028s

---------------------------

Largura da faixa = 108
Melhor altura = 463

Lower Bound 1 = 370
Lower Bound 2 = 230
Avaliação = 1.25135

Tempo de execução: 60.0034s

---------------------------

Largura da faixa = 108
Melhor altura = 468

Lower Bound 1 = 370
Lower Bound 2 = 230
Avaliação = 1.26486

Tempo de execução: 60s

---------------------------

Largura da faixa = 108
Melhor altura = 456

Lower Bound 1 = 370
Lower Bound 2 = 230
Avaliação = 1.23243

Tempo de execução: 60.0121s

---------------------------

Largura da faixa = 108
Melhor altura = 451

Lower Bound 1 = 370
Lower Bound 2 = 230
Avaliação = 1.21892

Tempo de execução: 60.0023s

---------------------------

Largura da faixa = 108
Melhor altura = 454

Lower Bound 1 = 370
Lower Bound 2 = 230
Avaliação = 1.22703

Tempo de execução: 60.0002s

---------------------------

Largura da faixa = 108
Melhor altura = 456

Lower Bound 1 = 370
Lower Bound 2 = 230
Avaliação = 1.23243

Tempo de execução: 60.0137s

---------------------------

Largura da faixa = 108
Melhor altura = 462

Lower Bound 1 = 370
Lower Bound 2 = 230
Avaliação = 1.24865

Tempo de execução: 60.001s

---------------------------

Largura da faixa = 108
Melhor altura = 458

Lower Bound 1 = 370
Lower Bound 2 = 230
Avaliação = 1.23784

Tempo de execução: 60.0006s

---------------------------

Largura da faixa = 108
Melhor altura = 454

Lower Bound 1 = 370
Lower Bound 2 = 230
Avaliação = 1.22703

Tempo de execução: 60.001s

---------------------------

Largura da faixa = 108
Melhor altura = 467

Lower Bound 1 = 370
Lower Bound 2 = 230
Avaliação = 1.26216

Tempo de execução: 60.0013s

---------------------------

Largura da faixa = 108
Melhor altura = 457

Lower Bound 1 = 370
Lower Bound 2 = 230
Avaliação = 1.23514

Tempo de execução: 60.0156s

---------------------------

Largura da faixa = 108
Melhor altura = 461

Lower Bound 1 = 370
Lower Bound 2 = 230
Avaliação = 1.24595

Tempo de execução: 60.0115s

---------------------------

Largura da faixa = 108
Melhor altura = 453

Lower Bound 1 = 370
Lower Bound 2 = 230
Avaliação = 1.22432

Tempo de execução: 60.0063s

---------------------------

Largura da faixa = 108
Melhor altura = 464

Lower Bound 1 = 370
Lower Bound 2 = 230
Avaliação = 1.25405

Tempo de execução: 60.0112s

---------------------------

Largura da faixa = 108
Melhor altura = 457

Lower Bound 1 = 370
Lower Bound 2 = 230
Avaliação = 1.23514

Tempo de execução: 60.0208s

---------------------------

Largura da faixa = 108
Melhor altura = 460

Lower Bound 1 = 370
Lower Bound 2 = 230
Avaliação = 1.24324

Tempo de execução: 60.0095s

---------------------------

Largura da faixa = 108
Melhor altura = 460

Lower Bound 1 = 370
Lower Bound 2 = 230
Avaliação = 1.24324

Tempo de execução: 60.0102s

---------------------------

