Largura da faixa = 109
Melhor altura = 428

Lower Bound 1 = 366
Lower Bound 2 = 248
Avaliação = 1.1694

Tempo de execução: 60.0001s

---------------------------

Largura da faixa = 109
Melhor altura = 435

Lower Bound 1 = 366
Lower Bound 2 = 248
Avaliação = 1.18852

Tempo de execução: 60.0009s

---------------------------

Largura da faixa = 109
Melhor altura = 434

Lower Bound 1 = 366
Lower Bound 2 = 248
Avaliação = 1.18579

Tempo de execução: 60.0015s

---------------------------

Largura da faixa = 109
Melhor altura = 425

Lower Bound 1 = 366
Lower Bound 2 = 248
Avaliação = 1.1612

Tempo de execução: 60s

---------------------------

Largura da faixa = 109
Melhor altura = 430

Lower Bound 1 = 366
Lower Bound 2 = 248
Avaliação = 1.17486

Tempo de execução: 60.0004s

---------------------------

Largura da faixa = 109
Melhor altura = 435

Lower Bound 1 = 366
Lower Bound 2 = 248
Avaliação = 1.18852

Tempo de execução: 60.0013s

---------------------------

Largura da faixa = 109
Melhor altura = 423

Lower Bound 1 = 366
Lower Bound 2 = 248
Avaliação = 1.15574

Tempo de execução: 60.0002s

---------------------------

Largura da faixa = 109
Melhor altura = 427

Lower Bound 1 = 366
Lower Bound 2 = 248
Avaliação = 1.16667

Tempo de execução: 60.0009s

---------------------------

Largura da faixa = 109
Melhor altura = 435

Lower Bound 1 = 366
Lower Bound 2 = 248
Avaliação = 1.18852

Tempo de execução: 60.0011s

---------------------------

Largura da faixa = 109
Melhor altura = 421

Lower Bound 1 = 366
Lower Bound 2 = 248
Avaliação = 1.15027

Tempo de execução: 60.0003s

---------------------------

Largura da faixa = 109
Melhor altura = 430

Lower Bound 1 = 366
Lower Bound 2 = 248
Avaliação = 1.17486

Tempo de execução: 60.0007s

---------------------------

Largura da faixa = 109
Melhor altura = 425

Lower Bound 1 = 366
Lower Bound 2 = 248
Avaliação = 1.1612

Tempo de execução: 60.0009s

---------------------------

Largura da faixa = 109
Melhor altura = 425

Lower Bound 1 = 366
Lower Bound 2 = 248
Avaliação = 1.1612

Tempo de execução: 60.0003s

---------------------------

Largura da faixa = 109
Melhor altura = 426

Lower Bound 1 = 366
Lower Bound 2 = 248
Avaliação = 1.16393

Tempo de execução: 60.0011s

---------------------------

Largura da faixa = 109
Melhor altura = 432

Lower Bound 1 = 366
Lower Bound 2 = 248
Avaliação = 1.18033

Tempo de execução: 60.0006s

---------------------------

Largura da faixa = 109
Melhor altura = 432

Lower Bound 1 = 366
Lower Bound 2 = 248
Avaliação = 1.18033

Tempo de execução: 60.0001s

---------------------------

Largura da faixa = 109
Melhor altura = 429

Lower Bound 1 = 366
Lower Bound 2 = 248
Avaliação = 1.17213

Tempo de execução: 60.0001s

---------------------------

Largura da faixa = 109
Melhor altura = 426

Lower Bound 1 = 366
Lower Bound 2 = 248
Avaliação = 1.16393

Tempo de execução: 60.0016s

---------------------------

Largura da faixa = 109
Melhor altura = 436

Lower Bound 1 = 366
Lower Bound 2 = 248
Avaliação = 1.19126

Tempo de execução: 60.0001s

---------------------------

Largura da faixa = 109
Melhor altura = 437

Lower Bound 1 = 366
Lower Bound 2 = 248
Avaliação = 1.19399

Tempo de execução: 60.0001s

---------------------------

