Largura da faixa = 119
Melhor altura = 391

Lower Bound 1 = 336
Lower Bound 2 = 252
Avaliação = 1.16369

Tempo de execução: 60s

---------------------------

Largura da faixa = 119
Melhor altura = 393

Lower Bound 1 = 336
Lower Bound 2 = 252
Avaliação = 1.16964

Tempo de execução: 60.0002s

---------------------------

Largura da faixa = 119
Melhor altura = 388

Lower Bound 1 = 336
Lower Bound 2 = 252
Avaliação = 1.15476

Tempo de execução: 60.0002s

---------------------------

Largura da faixa = 119
Melhor altura = 388

Lower Bound 1 = 336
Lower Bound 2 = 252
Avaliação = 1.15476

Tempo de execução: 60s

---------------------------

Largura da faixa = 119
Melhor altura = 388

Lower Bound 1 = 336
Lower Bound 2 = 252
Avaliação = 1.15476

Tempo de execução: 60s

---------------------------

Largura da faixa = 119
Melhor altura = 388

Lower Bound 1 = 336
Lower Bound 2 = 252
Avaliação = 1.15476

Tempo de execução: 60.0001s

---------------------------

Largura da faixa = 119
Melhor altura = 388

Lower Bound 1 = 336
Lower Bound 2 = 252
Avaliação = 1.15476

Tempo de execução: 60.0001s

---------------------------

Largura da faixa = 119
Melhor altura = 388

Lower Bound 1 = 336
Lower Bound 2 = 252
Avaliação = 1.15476

Tempo de execução: 60s

---------------------------

Largura da faixa = 119
Melhor altura = 388

Lower Bound 1 = 336
Lower Bound 2 = 252
Avaliação = 1.15476

Tempo de execução: 60.0002s

---------------------------

Largura da faixa = 119
Melhor altura = 388

Lower Bound 1 = 336
Lower Bound 2 = 252
Avaliação = 1.15476

Tempo de execução: 60s

---------------------------

Largura da faixa = 119
Melhor altura = 388

Lower Bound 1 = 336
Lower Bound 2 = 252
Avaliação = 1.15476

Tempo de execução: 60s

---------------------------

Largura da faixa = 119
Melhor altura = 388

Lower Bound 1 = 336
Lower Bound 2 = 252
Avaliação = 1.15476

Tempo de execução: 60.0003s

---------------------------

Largura da faixa = 119
Melhor altura = 391

Lower Bound 1 = 336
Lower Bound 2 = 252
Avaliação = 1.16369

Tempo de execução: 60.0001s

---------------------------

Largura da faixa = 119
Melhor altura = 393

Lower Bound 1 = 336
Lower Bound 2 = 252
Avaliação = 1.16964

Tempo de execução: 60s

---------------------------

Largura da faixa = 119
Melhor altura = 388

Lower Bound 1 = 336
Lower Bound 2 = 252
Avaliação = 1.15476

Tempo de execução: 60s

---------------------------

Largura da faixa = 119
Melhor altura = 388

Lower Bound 1 = 336
Lower Bound 2 = 252
Avaliação = 1.15476

Tempo de execução: 60.0004s

---------------------------

Largura da faixa = 119
Melhor altura = 388

Lower Bound 1 = 336
Lower Bound 2 = 252
Avaliação = 1.15476

Tempo de execução: 60.0005s

---------------------------

Largura da faixa = 119
Melhor altura = 394

Lower Bound 1 = 336
Lower Bound 2 = 252
Avaliação = 1.17262

Tempo de execução: 60.0006s

---------------------------

Largura da faixa = 119
Melhor altura = 388

Lower Bound 1 = 336
Lower Bound 2 = 252
Avaliação = 1.15476

Tempo de execução: 60.0001s

---------------------------

Largura da faixa = 119
Melhor altura = 388

Lower Bound 1 = 336
Lower Bound 2 = 252
Avaliação = 1.15476

Tempo de execução: 60.0005s

---------------------------

