Largura da faixa = 143
Melhor altura = 323

Lower Bound 1 = 279
Lower Bound 2 = 228
Avaliação = 1.15771

Tempo de execução: 60s

---------------------------

Largura da faixa = 143
Melhor altura = 324

Lower Bound 1 = 279
Lower Bound 2 = 228
Avaliação = 1.16129

Tempo de execução: 60s

---------------------------

Largura da faixa = 143
Melhor altura = 323

Lower Bound 1 = 279
Lower Bound 2 = 228
Avaliação = 1.15771

Tempo de execução: 60.0002s

---------------------------

Largura da faixa = 143
Melhor altura = 323

Lower Bound 1 = 279
Lower Bound 2 = 228
Avaliação = 1.15771

Tempo de execução: 60s

---------------------------

Largura da faixa = 143
Melhor altura = 323

Lower Bound 1 = 279
Lower Bound 2 = 228
Avaliação = 1.15771

Tempo de execução: 60.0002s

---------------------------

Largura da faixa = 143
Melhor altura = 323

Lower Bound 1 = 279
Lower Bound 2 = 228
Avaliação = 1.15771

Tempo de execução: 60.0004s

---------------------------

Largura da faixa = 143
Melhor altura = 323

Lower Bound 1 = 279
Lower Bound 2 = 228
Avaliação = 1.15771

Tempo de execução: 60.0002s

---------------------------

Largura da faixa = 143
Melhor altura = 323

Lower Bound 1 = 279
Lower Bound 2 = 228
Avaliação = 1.15771

Tempo de execução: 60.0001s

---------------------------

Largura da faixa = 143
Melhor altura = 323

Lower Bound 1 = 279
Lower Bound 2 = 228
Avaliação = 1.15771

Tempo de execução: 60.0001s

---------------------------

Largura da faixa = 143
Melhor altura = 324

Lower Bound 1 = 279
Lower Bound 2 = 228
Avaliação = 1.16129

Tempo de execução: 60.0004s

---------------------------

Largura da faixa = 143
Melhor altura = 324

Lower Bound 1 = 279
Lower Bound 2 = 228
Avaliação = 1.16129

Tempo de execução: 60.0005s

---------------------------

Largura da faixa = 143
Melhor altura = 324

Lower Bound 1 = 279
Lower Bound 2 = 228
Avaliação = 1.16129

Tempo de execução: 60s

---------------------------

Largura da faixa = 143
Melhor altura = 323

Lower Bound 1 = 279
Lower Bound 2 = 228
Avaliação = 1.15771

Tempo de execução: 60.0001s

---------------------------

Largura da faixa = 143
Melhor altura = 324

Lower Bound 1 = 279
Lower Bound 2 = 228
Avaliação = 1.16129

Tempo de execução: 60.0004s

---------------------------

Largura da faixa = 143
Melhor altura = 325

Lower Bound 1 = 279
Lower Bound 2 = 228
Avaliação = 1.16487

Tempo de execução: 60.0009s

---------------------------

Largura da faixa = 143
Melhor altura = 324

Lower Bound 1 = 279
Lower Bound 2 = 228
Avaliação = 1.16129

Tempo de execução: 60.0002s

---------------------------

Largura da faixa = 143
Melhor altura = 323

Lower Bound 1 = 279
Lower Bound 2 = 228
Avaliação = 1.15771

Tempo de execução: 60.0004s

---------------------------

Largura da faixa = 143
Melhor altura = 323

Lower Bound 1 = 279
Lower Bound 2 = 228
Avaliação = 1.15771

Tempo de execução: 60.0002s

---------------------------

Largura da faixa = 143
Melhor altura = 323

Lower Bound 1 = 279
Lower Bound 2 = 228
Avaliação = 1.15771

Tempo de execução: 60.0003s

---------------------------

Largura da faixa = 143
Melhor altura = 324

Lower Bound 1 = 279
Lower Bound 2 = 228
Avaliação = 1.16129

Tempo de execução: 60.0003s

---------------------------

