Largura da faixa = 91
Melhor altura = 527

Lower Bound 1 = 439
Lower Bound 2 = 364
Avaliação = 1.20046

Tempo de execução: 60.0005s

---------------------------

Largura da faixa = 91
Melhor altura = 531

Lower Bound 1 = 439
Lower Bound 2 = 364
Avaliação = 1.20957

Tempo de execução: 60.0048s

---------------------------

Largura da faixa = 91
Melhor altura = 534

Lower Bound 1 = 439
Lower Bound 2 = 364
Avaliação = 1.2164

Tempo de execução: 60.0103s

---------------------------

Largura da faixa = 91
Melhor altura = 530

Lower Bound 1 = 439
Lower Bound 2 = 364
Avaliação = 1.20729

Tempo de execução: 60.0007s

---------------------------

Largura da faixa = 91
Melhor altura = 529

Lower Bound 1 = 439
Lower Bound 2 = 364
Avaliação = 1.20501

Tempo de execução: 60.0018s

---------------------------

Largura da faixa = 91
Melhor altura = 531

Lower Bound 1 = 439
Lower Bound 2 = 364
Avaliação = 1.20957

Tempo de execução: 60.0088s

---------------------------

Largura da faixa = 91
Melhor altura = 531

Lower Bound 1 = 439
Lower Bound 2 = 364
Avaliação = 1.20957

Tempo de execução: 60.0016s

---------------------------

Largura da faixa = 91
Melhor altura = 530

Lower Bound 1 = 439
Lower Bound 2 = 364
Avaliação = 1.20729

Tempo de execução: 60.0027s

---------------------------

Largura da faixa = 91
Melhor altura = 531

Lower Bound 1 = 439
Lower Bound 2 = 364
Avaliação = 1.20957

Tempo de execução: 60.0034s

---------------------------

Largura da faixa = 91
Melhor altura = 536

Lower Bound 1 = 439
Lower Bound 2 = 364
Avaliação = 1.22096

Tempo de execução: 60.0038s

---------------------------

Largura da faixa = 91
Melhor altura = 529

Lower Bound 1 = 439
Lower Bound 2 = 364
Avaliação = 1.20501

Tempo de execução: 60.0025s

---------------------------

Largura da faixa = 91
Melhor altura = 529

Lower Bound 1 = 439
Lower Bound 2 = 364
Avaliação = 1.20501

Tempo de execução: 60.0038s

---------------------------

Largura da faixa = 91
Melhor altura = 530

Lower Bound 1 = 439
Lower Bound 2 = 364
Avaliação = 1.20729

Tempo de execução: 60.0011s

---------------------------

Largura da faixa = 91
Melhor altura = 531

Lower Bound 1 = 439
Lower Bound 2 = 364
Avaliação = 1.20957

Tempo de execução: 60.0005s

---------------------------

Largura da faixa = 91
Melhor altura = 530

Lower Bound 1 = 439
Lower Bound 2 = 364
Avaliação = 1.20729

Tempo de execução: 60.0076s

---------------------------

Largura da faixa = 91
Melhor altura = 529

Lower Bound 1 = 439
Lower Bound 2 = 364
Avaliação = 1.20501

Tempo de execução: 60.001s

---------------------------

Largura da faixa = 91
Melhor altura = 527

Lower Bound 1 = 439
Lower Bound 2 = 364
Avaliação = 1.20046

Tempo de execução: 60.002s

---------------------------

Largura da faixa = 91
Melhor altura = 529

Lower Bound 1 = 439
Lower Bound 2 = 364
Avaliação = 1.20501

Tempo de execução: 60.0041s

---------------------------

Largura da faixa = 91
Melhor altura = 529

Lower Bound 1 = 439
Lower Bound 2 = 364
Avaliação = 1.20501

Tempo de execução: 60.0012s

---------------------------

Largura da faixa = 91
Melhor altura = 529

Lower Bound 1 = 439
Lower Bound 2 = 364
Avaliação = 1.20501

Tempo de execução: 60.0045s

---------------------------

