Largura da faixa = 150
Melhor altura = 367

Lower Bound 1 = 266
Lower Bound 2 = 321
Avaliação = 1.1433

Tempo de execução: 60s

---------------------------

Largura da faixa = 150
Melhor altura = 367

Lower Bound 1 = 266
Lower Bound 2 = 321
Avaliação = 1.1433

Tempo de execução: 60.0001s

---------------------------

Largura da faixa = 150
Melhor altura = 367

Lower Bound 1 = 266
Lower Bound 2 = 321
Avaliação = 1.1433

Tempo de execução: 60.0002s

---------------------------

Largura da faixa = 150
Melhor altura = 367

Lower Bound 1 = 266
Lower Bound 2 = 321
Avaliação = 1.1433

Tempo de execução: 60.0002s

---------------------------

Largura da faixa = 150
Melhor altura = 367

Lower Bound 1 = 266
Lower Bound 2 = 321
Avaliação = 1.1433

Tempo de execução: 60.0002s

---------------------------

Largura da faixa = 150
Melhor altura = 367

Lower Bound 1 = 266
Lower Bound 2 = 321
Avaliação = 1.1433

Tempo de execução: 60.0001s

---------------------------

Largura da faixa = 150
Melhor altura = 367

Lower Bound 1 = 266
Lower Bound 2 = 321
Avaliação = 1.1433

Tempo de execução: 60s

---------------------------

Largura da faixa = 150
Melhor altura = 367

Lower Bound 1 = 266
Lower Bound 2 = 321
Avaliação = 1.1433

Tempo de execução: 60.0001s

---------------------------

Largura da faixa = 150
Melhor altura = 367

Lower Bound 1 = 266
Lower Bound 2 = 321
Avaliação = 1.1433

Tempo de execução: 60.0001s

---------------------------

Largura da faixa = 150
Melhor altura = 367

Lower Bound 1 = 266
Lower Bound 2 = 321
Avaliação = 1.1433

Tempo de execução: 60s

---------------------------

Largura da faixa = 150
Melhor altura = 367

Lower Bound 1 = 266
Lower Bound 2 = 321
Avaliação = 1.1433

Tempo de execução: 60.0003s

---------------------------

Largura da faixa = 150
Melhor altura = 367

Lower Bound 1 = 266
Lower Bound 2 = 321
Avaliação = 1.1433

Tempo de execução: 60.0003s

---------------------------

Largura da faixa = 150
Melhor altura = 367

Lower Bound 1 = 266
Lower Bound 2 = 321
Avaliação = 1.1433

Tempo de execução: 60s

---------------------------

Largura da faixa = 150
Melhor altura = 367

Lower Bound 1 = 266
Lower Bound 2 = 321
Avaliação = 1.1433

Tempo de execução: 60.0002s

---------------------------

Largura da faixa = 150
Melhor altura = 367

Lower Bound 1 = 266
Lower Bound 2 = 321
Avaliação = 1.1433

Tempo de execução: 60.0002s

---------------------------

Largura da faixa = 150
Melhor altura = 367

Lower Bound 1 = 266
Lower Bound 2 = 321
Avaliação = 1.1433

Tempo de execução: 60s

---------------------------

Largura da faixa = 150
Melhor altura = 367

Lower Bound 1 = 266
Lower Bound 2 = 321
Avaliação = 1.1433

Tempo de execução: 60.0002s

---------------------------

Largura da faixa = 150
Melhor altura = 367

Lower Bound 1 = 266
Lower Bound 2 = 321
Avaliação = 1.1433

Tempo de execução: 60.0001s

---------------------------

Largura da faixa = 150
Melhor altura = 367

Lower Bound 1 = 266
Lower Bound 2 = 321
Avaliação = 1.1433

Tempo de execução: 60.0004s

---------------------------

Largura da faixa = 150
Melhor altura = 367

Lower Bound 1 = 266
Lower Bound 2 = 321
Avaliação = 1.1433

Tempo de execução: 60.0002s

---------------------------

