Largura da faixa = 112
Melhor altura = 420

Lower Bound 1 = 357
Lower Bound 2 = 243
Avaliação = 1.17647

Tempo de execução: 60.0004s

---------------------------

Largura da faixa = 112
Melhor altura = 419

Lower Bound 1 = 357
Lower Bound 2 = 243
Avaliação = 1.17367

Tempo de execução: 60.0037s

---------------------------

Largura da faixa = 112
Melhor altura = 421

Lower Bound 1 = 357
Lower Bound 2 = 243
Avaliação = 1.17927

Tempo de execução: 60.0015s

---------------------------

Largura da faixa = 112
Melhor altura = 436

Lower Bound 1 = 357
Lower Bound 2 = 243
Avaliação = 1.22129

Tempo de execução: 60.0006s

---------------------------

Largura da faixa = 112
Melhor altura = 420

Lower Bound 1 = 357
Lower Bound 2 = 243
Avaliação = 1.17647

Tempo de execução: 60.0001s

---------------------------

Largura da faixa = 112
Melhor altura = 435

Lower Bound 1 = 357
Lower Bound 2 = 243
Avaliação = 1.21849

Tempo de execução: 60.0021s

---------------------------

Largura da faixa = 112
Melhor altura = 427

Lower Bound 1 = 357
Lower Bound 2 = 243
Avaliação = 1.19608

Tempo de execução: 60.0001s

---------------------------

Largura da faixa = 112
Melhor altura = 434

Lower Bound 1 = 357
Lower Bound 2 = 243
Avaliação = 1.21569

Tempo de execução: 60.0001s

---------------------------

Largura da faixa = 112
Melhor altura = 434

Lower Bound 1 = 357
Lower Bound 2 = 243
Avaliação = 1.21569

Tempo de execução: 60.0043s

---------------------------

Largura da faixa = 112
Melhor altura = 436

Lower Bound 1 = 357
Lower Bound 2 = 243
Avaliação = 1.22129

Tempo de execução: 60.0012s

---------------------------

Largura da faixa = 112
Melhor altura = 430

Lower Bound 1 = 357
Lower Bound 2 = 243
Avaliação = 1.20448

Tempo de execução: 60.0011s

---------------------------

Largura da faixa = 112
Melhor altura = 429

Lower Bound 1 = 357
Lower Bound 2 = 243
Avaliação = 1.20168

Tempo de execução: 60.0059s

---------------------------

Largura da faixa = 112
Melhor altura = 428

Lower Bound 1 = 357
Lower Bound 2 = 243
Avaliação = 1.19888

Tempo de execução: 60.0032s

---------------------------

Largura da faixa = 112
Melhor altura = 428

Lower Bound 1 = 357
Lower Bound 2 = 243
Avaliação = 1.19888

Tempo de execução: 60.0032s

---------------------------

Largura da faixa = 112
Melhor altura = 429

Lower Bound 1 = 357
Lower Bound 2 = 243
Avaliação = 1.20168

Tempo de execução: 60.0064s

---------------------------

Largura da faixa = 112
Melhor altura = 430

Lower Bound 1 = 357
Lower Bound 2 = 243
Avaliação = 1.20448

Tempo de execução: 60.0018s

---------------------------

Largura da faixa = 112
Melhor altura = 413

Lower Bound 1 = 357
Lower Bound 2 = 243
Avaliação = 1.15686

Tempo de execução: 60.0041s

---------------------------

Largura da faixa = 112
Melhor altura = 437

Lower Bound 1 = 357
Lower Bound 2 = 243
Avaliação = 1.22409

Tempo de execução: 60.0048s

---------------------------

Largura da faixa = 112
Melhor altura = 428

Lower Bound 1 = 357
Lower Bound 2 = 243
Avaliação = 1.19888

Tempo de execução: 60.0007s

---------------------------

Largura da faixa = 112
Melhor altura = 443

Lower Bound 1 = 357
Lower Bound 2 = 243
Avaliação = 1.2409

Tempo de execução: 60.003s

---------------------------

