Largura da faixa = 93
Melhor altura = 540

Lower Bound 1 = 430
Lower Bound 2 = 246
Avaliação = 1.25581

Tempo de execução: 60.0055s

---------------------------

Largura da faixa = 93
Melhor altura = 544

Lower Bound 1 = 430
Lower Bound 2 = 246
Avaliação = 1.26512

Tempo de execução: 60.0101s

---------------------------

Largura da faixa = 93
Melhor altura = 546

Lower Bound 1 = 430
Lower Bound 2 = 246
Avaliação = 1.26977

Tempo de execução: 60.0557s

---------------------------

Largura da faixa = 93
Melhor altura = 533

Lower Bound 1 = 430
Lower Bound 2 = 246
Avaliação = 1.23953

Tempo de execução: 60.0022s

---------------------------

Largura da faixa = 93
Melhor altura = 543

Lower Bound 1 = 430
Lower Bound 2 = 246
Avaliação = 1.26279

Tempo de execução: 60.001s

---------------------------

Largura da faixa = 93
Melhor altura = 550

Lower Bound 1 = 430
Lower Bound 2 = 246
Avaliação = 1.27907

Tempo de execução: 60.0076s

---------------------------

Largura da faixa = 93
Melhor altura = 546

Lower Bound 1 = 430
Lower Bound 2 = 246
Avaliação = 1.26977

Tempo de execução: 60.013s

---------------------------

Largura da faixa = 93
Melhor altura = 543

Lower Bound 1 = 430
Lower Bound 2 = 246
Avaliação = 1.26279

Tempo de execução: 60.0177s

---------------------------

Largura da faixa = 93
Melhor altura = 545

Lower Bound 1 = 430
Lower Bound 2 = 246
Avaliação = 1.26744

Tempo de execução: 60.0545s

---------------------------

Largura da faixa = 93
Melhor altura = 545

Lower Bound 1 = 430
Lower Bound 2 = 246
Avaliação = 1.26744

Tempo de execução: 60.008s

---------------------------

Largura da faixa = 93
Melhor altura = 547

Lower Bound 1 = 430
Lower Bound 2 = 246
Avaliação = 1.27209

Tempo de execução: 60.0107s

---------------------------

Largura da faixa = 93
Melhor altura = 534

Lower Bound 1 = 430
Lower Bound 2 = 246
Avaliação = 1.24186

Tempo de execução: 60.0407s

---------------------------

Largura da faixa = 93
Melhor altura = 549

Lower Bound 1 = 430
Lower Bound 2 = 246
Avaliação = 1.27674

Tempo de execução: 60.0027s

---------------------------

Largura da faixa = 93
Melhor altura = 541

Lower Bound 1 = 430
Lower Bound 2 = 246
Avaliação = 1.25814

Tempo de execução: 60.0012s

---------------------------

Largura da faixa = 93
Melhor altura = 543

Lower Bound 1 = 430
Lower Bound 2 = 246
Avaliação = 1.26279

Tempo de execução: 60.0621s

---------------------------

Largura da faixa = 93
Melhor altura = 548

Lower Bound 1 = 430
Lower Bound 2 = 246
Avaliação = 1.27442

Tempo de execução: 60.0019s

---------------------------

Largura da faixa = 93
Melhor altura = 545

Lower Bound 1 = 430
Lower Bound 2 = 246
Avaliação = 1.26744

Tempo de execução: 60.0132s

---------------------------

Largura da faixa = 93
Melhor altura = 539

Lower Bound 1 = 430
Lower Bound 2 = 246
Avaliação = 1.25349

Tempo de execução: 60.0486s

---------------------------

Largura da faixa = 93
Melhor altura = 545

Lower Bound 1 = 430
Lower Bound 2 = 246
Avaliação = 1.26744

Tempo de execução: 60.0387s

---------------------------

Largura da faixa = 93
Melhor altura = 544

Lower Bound 1 = 430
Lower Bound 2 = 246
Avaliação = 1.26512

Tempo de execução: 60.0233s

---------------------------

