Largura da faixa = 115
Melhor altura = 430

Lower Bound 1 = 347
Lower Bound 2 = 261
Avaliação = 1.23919

Tempo de execução: 60.0007s

---------------------------

Largura da faixa = 115
Melhor altura = 427

Lower Bound 1 = 347
Lower Bound 2 = 261
Avaliação = 1.23055

Tempo de execução: 60.0017s

---------------------------

Largura da faixa = 115
Melhor altura = 427

Lower Bound 1 = 347
Lower Bound 2 = 261
Avaliação = 1.23055

Tempo de execução: 60.0021s

---------------------------

Largura da faixa = 115
Melhor altura = 425

Lower Bound 1 = 347
Lower Bound 2 = 261
Avaliação = 1.22478

Tempo de execução: 60.0005s

---------------------------

Largura da faixa = 115
Melhor altura = 427

Lower Bound 1 = 347
Lower Bound 2 = 261
Avaliação = 1.23055

Tempo de execução: 60.0017s

---------------------------

Largura da faixa = 115
Melhor altura = 428

Lower Bound 1 = 347
Lower Bound 2 = 261
Avaliação = 1.23343

Tempo de execução: 60.0022s

---------------------------

Largura da faixa = 115
Melhor altura = 428

Lower Bound 1 = 347
Lower Bound 2 = 261
Avaliação = 1.23343

Tempo de execução: 60.0017s

---------------------------

Largura da faixa = 115
Melhor altura = 424

Lower Bound 1 = 347
Lower Bound 2 = 261
Avaliação = 1.2219

Tempo de execução: 60.0003s

---------------------------

Largura da faixa = 115
Melhor altura = 433

Lower Bound 1 = 347
Lower Bound 2 = 261
Avaliação = 1.24784

Tempo de execução: 60.0011s

---------------------------

Largura da faixa = 115
Melhor altura = 430

Lower Bound 1 = 347
Lower Bound 2 = 261
Avaliação = 1.23919

Tempo de execução: 60s

---------------------------

Largura da faixa = 115
Melhor altura = 422

Lower Bound 1 = 347
Lower Bound 2 = 261
Avaliação = 1.21614

Tempo de execução: 60.0002s

---------------------------

Largura da faixa = 115
Melhor altura = 434

Lower Bound 1 = 347
Lower Bound 2 = 261
Avaliação = 1.25072

Tempo de execução: 60.0009s

---------------------------

Largura da faixa = 115
Melhor altura = 430

Lower Bound 1 = 347
Lower Bound 2 = 261
Avaliação = 1.23919

Tempo de execução: 60.0003s

---------------------------

Largura da faixa = 115
Melhor altura = 428

Lower Bound 1 = 347
Lower Bound 2 = 261
Avaliação = 1.23343

Tempo de execução: 60.0002s

---------------------------

Largura da faixa = 115
Melhor altura = 430

Lower Bound 1 = 347
Lower Bound 2 = 261
Avaliação = 1.23919

Tempo de execução: 60.001s

---------------------------

Largura da faixa = 115
Melhor altura = 429

Lower Bound 1 = 347
Lower Bound 2 = 261
Avaliação = 1.23631

Tempo de execução: 60s

---------------------------

Largura da faixa = 115
Melhor altura = 433

Lower Bound 1 = 347
Lower Bound 2 = 261
Avaliação = 1.24784

Tempo de execução: 60.0014s

---------------------------

Largura da faixa = 115
Melhor altura = 429

Lower Bound 1 = 347
Lower Bound 2 = 261
Avaliação = 1.23631

Tempo de execução: 60.0002s

---------------------------

Largura da faixa = 115
Melhor altura = 428

Lower Bound 1 = 347
Lower Bound 2 = 261
Avaliação = 1.23343

Tempo de execução: 60s

---------------------------

Largura da faixa = 115
Melhor altura = 427

Lower Bound 1 = 347
Lower Bound 2 = 261
Avaliação = 1.23055

Tempo de execução: 60s

---------------------------

