Largura da faixa = 102
Melhor altura = 484

Lower Bound 1 = 392
Lower Bound 2 = 102
Avaliação = 1.23469

Tempo de execução: 60.0313s

---------------------------

Largura da faixa = 102
Melhor altura = 485

Lower Bound 1 = 392
Lower Bound 2 = 102
Avaliação = 1.23724

Tempo de execução: 60.0209s

---------------------------

Largura da faixa = 102
Melhor altura = 477

Lower Bound 1 = 392
Lower Bound 2 = 102
Avaliação = 1.21684

Tempo de execução: 60.0695s

---------------------------

Largura da faixa = 102
Melhor altura = 477

Lower Bound 1 = 392
Lower Bound 2 = 102
Avaliação = 1.21684

Tempo de execução: 60.0035s

---------------------------

Largura da faixa = 102
Melhor altura = 481

Lower Bound 1 = 392
Lower Bound 2 = 102
Avaliação = 1.22704

Tempo de execução: 60.0018s

---------------------------

Largura da faixa = 102
Melhor altura = 476

Lower Bound 1 = 392
Lower Bound 2 = 102
Avaliação = 1.21429

Tempo de execução: 60.0192s

---------------------------

Largura da faixa = 102
Melhor altura = 477

Lower Bound 1 = 392
Lower Bound 2 = 102
Avaliação = 1.21684

Tempo de execução: 60.0004s

---------------------------

Largura da faixa = 102
Melhor altura = 479

Lower Bound 1 = 392
Lower Bound 2 = 102
Avaliação = 1.22194

Tempo de execução: 60.0208s

---------------------------

Largura da faixa = 102
Melhor altura = 473

Lower Bound 1 = 392
Lower Bound 2 = 102
Avaliação = 1.20663

Tempo de execução: 60.0698s

---------------------------

Largura da faixa = 102
Melhor altura = 485

Lower Bound 1 = 392
Lower Bound 2 = 102
Avaliação = 1.23724

Tempo de execução: 60.0073s

---------------------------

Largura da faixa = 102
Melhor altura = 479

Lower Bound 1 = 392
Lower Bound 2 = 102
Avaliação = 1.22194

Tempo de execução: 60.0125s

---------------------------

Largura da faixa = 102
Melhor altura = 481

Lower Bound 1 = 392
Lower Bound 2 = 102
Avaliação = 1.22704

Tempo de execução: 60.0164s

---------------------------

Largura da faixa = 102
Melhor altura = 478

Lower Bound 1 = 392
Lower Bound 2 = 102
Avaliação = 1.21939

Tempo de execução: 60.0055s

---------------------------

Largura da faixa = 102
Melhor altura = 480

Lower Bound 1 = 392
Lower Bound 2 = 102
Avaliação = 1.22449

Tempo de execução: 60.0038s

---------------------------

Largura da faixa = 102
Melhor altura = 483

Lower Bound 1 = 392
Lower Bound 2 = 102
Avaliação = 1.23214

Tempo de execução: 60.0299s

---------------------------

Largura da faixa = 102
Melhor altura = 479

Lower Bound 1 = 392
Lower Bound 2 = 102
Avaliação = 1.22194

Tempo de execução: 60.0134s

---------------------------

Largura da faixa = 102
Melhor altura = 470

Lower Bound 1 = 392
Lower Bound 2 = 102
Avaliação = 1.19898

Tempo de execução: 60.0181s

---------------------------

Largura da faixa = 102
Melhor altura = 480

Lower Bound 1 = 392
Lower Bound 2 = 102
Avaliação = 1.22449

Tempo de execução: 60.051s

---------------------------

Largura da faixa = 102
Melhor altura = 475

Lower Bound 1 = 392
Lower Bound 2 = 102
Avaliação = 1.21173

Tempo de execução: 60.0004s

---------------------------

Largura da faixa = 102
Melhor altura = 475

Lower Bound 1 = 392
Lower Bound 2 = 102
Avaliação = 1.21173

Tempo de execução: 60.0002s

---------------------------

