Largura da faixa = 120
Melhor altura = 410

Lower Bound 1 = 333
Lower Bound 2 = 368
Avaliação = 1.11413

Tempo de execução: 60.0002s

---------------------------

Largura da faixa = 120
Melhor altura = 410

Lower Bound 1 = 333
Lower Bound 2 = 368
Avaliação = 1.11413

Tempo de execução: 60.0003s

---------------------------

Largura da faixa = 120
Melhor altura = 410

Lower Bound 1 = 333
Lower Bound 2 = 368
Avaliação = 1.11413

Tempo de execução: 60.0007s

---------------------------

Largura da faixa = 120
Melhor altura = 410

Lower Bound 1 = 333
Lower Bound 2 = 368
Avaliação = 1.11413

Tempo de execução: 60.0001s

---------------------------

Largura da faixa = 120
Melhor altura = 410

Lower Bound 1 = 333
Lower Bound 2 = 368
Avaliação = 1.11413

Tempo de execução: 60s

---------------------------

Largura da faixa = 120
Melhor altura = 410

Lower Bound 1 = 333
Lower Bound 2 = 368
Avaliação = 1.11413

Tempo de execução: 60.0001s

---------------------------

Largura da faixa = 120
Melhor altura = 410

Lower Bound 1 = 333
Lower Bound 2 = 368
Avaliação = 1.11413

Tempo de execução: 60.0001s

---------------------------

Largura da faixa = 120
Melhor altura = 410

Lower Bound 1 = 333
Lower Bound 2 = 368
Avaliação = 1.11413

Tempo de execução: 60.0001s

---------------------------

Largura da faixa = 120
Melhor altura = 410

Lower Bound 1 = 333
Lower Bound 2 = 368
Avaliação = 1.11413

Tempo de execução: 60.0006s

---------------------------

Largura da faixa = 120
Melhor altura = 410

Lower Bound 1 = 333
Lower Bound 2 = 368
Avaliação = 1.11413

Tempo de execução: 60.0001s

---------------------------

Largura da faixa = 120
Melhor altura = 410

Lower Bound 1 = 333
Lower Bound 2 = 368
Avaliação = 1.11413

Tempo de execução: 60s

---------------------------

Largura da faixa = 120
Melhor altura = 410

Lower Bound 1 = 333
Lower Bound 2 = 368
Avaliação = 1.11413

Tempo de execução: 60.0004s

---------------------------

Largura da faixa = 120
Melhor altura = 410

Lower Bound 1 = 333
Lower Bound 2 = 368
Avaliação = 1.11413

Tempo de execução: 60.0001s

---------------------------

Largura da faixa = 120
Melhor altura = 410

Lower Bound 1 = 333
Lower Bound 2 = 368
Avaliação = 1.11413

Tempo de execução: 60s

---------------------------

Largura da faixa = 120
Melhor altura = 410

Lower Bound 1 = 333
Lower Bound 2 = 368
Avaliação = 1.11413

Tempo de execução: 60.0004s

---------------------------

Largura da faixa = 120
Melhor altura = 410

Lower Bound 1 = 333
Lower Bound 2 = 368
Avaliação = 1.11413

Tempo de execução: 60.0001s

---------------------------

Largura da faixa = 120
Melhor altura = 410

Lower Bound 1 = 333
Lower Bound 2 = 368
Avaliação = 1.11413

Tempo de execução: 60.0002s

---------------------------

Largura da faixa = 120
Melhor altura = 410

Lower Bound 1 = 333
Lower Bound 2 = 368
Avaliação = 1.11413

Tempo de execução: 60.0006s

---------------------------

Largura da faixa = 120
Melhor altura = 410

Lower Bound 1 = 333
Lower Bound 2 = 368
Avaliação = 1.11413

Tempo de execução: 60s

---------------------------

Largura da faixa = 120
Melhor altura = 410

Lower Bound 1 = 333
Lower Bound 2 = 368
Avaliação = 1.11413

Tempo de execução: 60.0006s

---------------------------

