Largura da faixa = 161
Melhor altura = 321

Lower Bound 1 = 248
Lower Bound 2 = 310
Avaliação = 1.03548

Tempo de execução: 60s

---------------------------

Largura da faixa = 161
Melhor altura = 321

Lower Bound 1 = 248
Lower Bound 2 = 310
Avaliação = 1.03548

Tempo de execução: 60s

---------------------------

Largura da faixa = 161
Melhor altura = 321

Lower Bound 1 = 248
Lower Bound 2 = 310
Avaliação = 1.03548

Tempo de execução: 60s

---------------------------

Largura da faixa = 161
Melhor altura = 321

Lower Bound 1 = 248
Lower Bound 2 = 310
Avaliação = 1.03548

Tempo de execução: 60s

---------------------------

Largura da faixa = 161
Melhor altura = 321

Lower Bound 1 = 248
Lower Bound 2 = 310
Avaliação = 1.03548

Tempo de execução: 60.0001s

---------------------------

Largura da faixa = 161
Melhor altura = 321

Lower Bound 1 = 248
Lower Bound 2 = 310
Avaliação = 1.03548

Tempo de execução: 60.0001s

---------------------------

Largura da faixa = 161
Melhor altura = 321

Lower Bound 1 = 248
Lower Bound 2 = 310
Avaliação = 1.03548

Tempo de execução: 60s

---------------------------

Largura da faixa = 161
Melhor altura = 321

Lower Bound 1 = 248
Lower Bound 2 = 310
Avaliação = 1.03548

Tempo de execução: 60s

---------------------------

Largura da faixa = 161
Melhor altura = 321

Lower Bound 1 = 248
Lower Bound 2 = 310
Avaliação = 1.03548

Tempo de execução: 60.0001s

---------------------------

Largura da faixa = 161
Melhor altura = 321

Lower Bound 1 = 248
Lower Bound 2 = 310
Avaliação = 1.03548

Tempo de execução: 60s

---------------------------

Largura da faixa = 161
Melhor altura = 321

Lower Bound 1 = 248
Lower Bound 2 = 310
Avaliação = 1.03548

Tempo de execução: 60s

---------------------------

Largura da faixa = 161
Melhor altura = 321

Lower Bound 1 = 248
Lower Bound 2 = 310
Avaliação = 1.03548

Tempo de execução: 60s

---------------------------

Largura da faixa = 161
Melhor altura = 321

Lower Bound 1 = 248
Lower Bound 2 = 310
Avaliação = 1.03548

Tempo de execução: 60s

---------------------------

Largura da faixa = 161
Melhor altura = 321

Lower Bound 1 = 248
Lower Bound 2 = 310
Avaliação = 1.03548

Tempo de execução: 60s

---------------------------

Largura da faixa = 161
Melhor altura = 321

Lower Bound 1 = 248
Lower Bound 2 = 310
Avaliação = 1.03548

Tempo de execução: 60.0001s

---------------------------

Largura da faixa = 161
Melhor altura = 321

Lower Bound 1 = 248
Lower Bound 2 = 310
Avaliação = 1.03548

Tempo de execução: 60s

---------------------------

Largura da faixa = 161
Melhor altura = 321

Lower Bound 1 = 248
Lower Bound 2 = 310
Avaliação = 1.03548

Tempo de execução: 60.0002s

---------------------------

Largura da faixa = 161
Melhor altura = 321

Lower Bound 1 = 248
Lower Bound 2 = 310
Avaliação = 1.03548

Tempo de execução: 60s

---------------------------

Largura da faixa = 161
Melhor altura = 321

Lower Bound 1 = 248
Lower Bound 2 = 310
Avaliação = 1.03548

Tempo de execução: 60s

---------------------------

Largura da faixa = 161
Melhor altura = 321

Lower Bound 1 = 248
Lower Bound 2 = 310
Avaliação = 1.03548

Tempo de execução: 60.0001s

---------------------------

