Largura da faixa = 109
Melhor altura = 447

Lower Bound 1 = 366
Lower Bound 2 = 252
Avaliação = 1.22131

Tempo de execução: 60.0008s

---------------------------

Largura da faixa = 109
Melhor altura = 438

Lower Bound 1 = 366
Lower Bound 2 = 252
Avaliação = 1.19672

Tempo de execução: 60.0015s

---------------------------

Largura da faixa = 109
Melhor altura = 429

Lower Bound 1 = 366
Lower Bound 2 = 252
Avaliação = 1.17213

Tempo de execução: 60.0003s

---------------------------

Largura da faixa = 109
Melhor altura = 429

Lower Bound 1 = 366
Lower Bound 2 = 252
Avaliação = 1.17213

Tempo de execução: 60.0002s

---------------------------

Largura da faixa = 109
Melhor altura = 437

Lower Bound 1 = 366
Lower Bound 2 = 252
Avaliação = 1.19399

Tempo de execução: 60.0002s

---------------------------

Largura da faixa = 109
Melhor altura = 449

Lower Bound 1 = 366
Lower Bound 2 = 252
Avaliação = 1.22678

Tempo de execução: 60.0024s

---------------------------

Largura da faixa = 109
Melhor altura = 438

Lower Bound 1 = 366
Lower Bound 2 = 252
Avaliação = 1.19672

Tempo de execução: 60s

---------------------------

Largura da faixa = 109
Melhor altura = 447

Lower Bound 1 = 366
Lower Bound 2 = 252
Avaliação = 1.22131

Tempo de execução: 60.0008s

---------------------------

Largura da faixa = 109
Melhor altura = 447

Lower Bound 1 = 366
Lower Bound 2 = 252
Avaliação = 1.22131

Tempo de execução: 60.0006s

---------------------------

Largura da faixa = 109
Melhor altura = 434

Lower Bound 1 = 366
Lower Bound 2 = 252
Avaliação = 1.18579

Tempo de execução: 60s

---------------------------

Largura da faixa = 109
Melhor altura = 437

Lower Bound 1 = 366
Lower Bound 2 = 252
Avaliação = 1.19399

Tempo de execução: 60.0001s

---------------------------

Largura da faixa = 109
Melhor altura = 436

Lower Bound 1 = 366
Lower Bound 2 = 252
Avaliação = 1.19126

Tempo de execução: 60.0001s

---------------------------

Largura da faixa = 109
Melhor altura = 452

Lower Bound 1 = 366
Lower Bound 2 = 252
Avaliação = 1.23497

Tempo de execução: 60.0001s

---------------------------

Largura da faixa = 109
Melhor altura = 440

Lower Bound 1 = 366
Lower Bound 2 = 252
Avaliação = 1.20219

Tempo de execução: 60.0005s

---------------------------

Largura da faixa = 109
Melhor altura = 434

Lower Bound 1 = 366
Lower Bound 2 = 252
Avaliação = 1.18579

Tempo de execução: 60.0017s

---------------------------

Largura da faixa = 109
Melhor altura = 439

Lower Bound 1 = 366
Lower Bound 2 = 252
Avaliação = 1.19945

Tempo de execução: 60.0001s

---------------------------

Largura da faixa = 109
Melhor altura = 443

Lower Bound 1 = 366
Lower Bound 2 = 252
Avaliação = 1.21038

Tempo de execução: 60.0005s

---------------------------

Largura da faixa = 109
Melhor altura = 440

Lower Bound 1 = 366
Lower Bound 2 = 252
Avaliação = 1.20219

Tempo de execução: 60.0009s

---------------------------

Largura da faixa = 109
Melhor altura = 443

Lower Bound 1 = 366
Lower Bound 2 = 252
Avaliação = 1.21038

Tempo de execução: 60.0002s

---------------------------

Largura da faixa = 109
Melhor altura = 444

Lower Bound 1 = 366
Lower Bound 2 = 252
Avaliação = 1.21311

Tempo de execução: 60.0003s

---------------------------

