Largura da faixa = 114
Melhor altura = 421

Lower Bound 1 = 350
Lower Bound 2 = 326
Avaliação = 1.20286

Tempo de execução: 60.0004s

---------------------------

Largura da faixa = 114
Melhor altura = 421

Lower Bound 1 = 350
Lower Bound 2 = 326
Avaliação = 1.20286

Tempo de execução: 60.0002s

---------------------------

Largura da faixa = 114
Melhor altura = 421

Lower Bound 1 = 350
Lower Bound 2 = 326
Avaliação = 1.20286

Tempo de execução: 60.0001s

---------------------------

Largura da faixa = 114
Melhor altura = 421

Lower Bound 1 = 350
Lower Bound 2 = 326
Avaliação = 1.20286

Tempo de execução: 60s

---------------------------

Largura da faixa = 114
Melhor altura = 414

Lower Bound 1 = 350
Lower Bound 2 = 326
Avaliação = 1.18286

Tempo de execução: 60.0001s

---------------------------

Largura da faixa = 114
Melhor altura = 421

Lower Bound 1 = 350
Lower Bound 2 = 326
Avaliação = 1.20286

Tempo de execução: 60.0004s

---------------------------

Largura da faixa = 114
Melhor altura = 412

Lower Bound 1 = 350
Lower Bound 2 = 326
Avaliação = 1.17714

Tempo de execução: 60s

---------------------------

Largura da faixa = 114
Melhor altura = 414

Lower Bound 1 = 350
Lower Bound 2 = 326
Avaliação = 1.18286

Tempo de execução: 60.0001s

---------------------------

Largura da faixa = 114
Melhor altura = 424

Lower Bound 1 = 350
Lower Bound 2 = 326
Avaliação = 1.21143

Tempo de execução: 60.0003s

---------------------------

Largura da faixa = 114
Melhor altura = 414

Lower Bound 1 = 350
Lower Bound 2 = 326
Avaliação = 1.18286

Tempo de execução: 60.0001s

---------------------------

Largura da faixa = 114
Melhor altura = 414

Lower Bound 1 = 350
Lower Bound 2 = 326
Avaliação = 1.18286

Tempo de execução: 60s

---------------------------

Largura da faixa = 114
Melhor altura = 414

Lower Bound 1 = 350
Lower Bound 2 = 326
Avaliação = 1.18286

Tempo de execução: 60.0001s

---------------------------

Largura da faixa = 114
Melhor altura = 414

Lower Bound 1 = 350
Lower Bound 2 = 326
Avaliação = 1.18286

Tempo de execução: 60.0005s

---------------------------

Largura da faixa = 114
Melhor altura = 421

Lower Bound 1 = 350
Lower Bound 2 = 326
Avaliação = 1.20286

Tempo de execução: 60.0002s

---------------------------

Largura da faixa = 114
Melhor altura = 414

Lower Bound 1 = 350
Lower Bound 2 = 326
Avaliação = 1.18286

Tempo de execução: 60.0005s

---------------------------

Largura da faixa = 114
Melhor altura = 421

Lower Bound 1 = 350
Lower Bound 2 = 326
Avaliação = 1.20286

Tempo de execução: 60.0001s

---------------------------

Largura da faixa = 114
Melhor altura = 414

Lower Bound 1 = 350
Lower Bound 2 = 326
Avaliação = 1.18286

Tempo de execução: 60.0002s

---------------------------

Largura da faixa = 114
Melhor altura = 422

Lower Bound 1 = 350
Lower Bound 2 = 326
Avaliação = 1.20571

Tempo de execução: 60.0002s

---------------------------

Largura da faixa = 114
Melhor altura = 412

Lower Bound 1 = 350
Lower Bound 2 = 326
Avaliação = 1.17714

Tempo de execução: 60.0001s

---------------------------

Largura da faixa = 114
Melhor altura = 414

Lower Bound 1 = 350
Lower Bound 2 = 326
Avaliação = 1.18286

Tempo de execução: 60.0001s

---------------------------

