Largura da faixa = 151
Melhor altura = 371

Lower Bound 1 = 264
Lower Bound 2 = 343
Avaliação = 1.08163

Tempo de execução: 60.0001s

---------------------------

Largura da faixa = 151
Melhor altura = 371

Lower Bound 1 = 264
Lower Bound 2 = 343
Avaliação = 1.08163

Tempo de execução: 60s

---------------------------

Largura da faixa = 151
Melhor altura = 371

Lower Bound 1 = 264
Lower Bound 2 = 343
Avaliação = 1.08163

Tempo de execução: 60.0001s

---------------------------

Largura da faixa = 151
Melhor altura = 371

Lower Bound 1 = 264
Lower Bound 2 = 343
Avaliação = 1.08163

Tempo de execução: 60s

---------------------------

Largura da faixa = 151
Melhor altura = 371

Lower Bound 1 = 264
Lower Bound 2 = 343
Avaliação = 1.08163

Tempo de execução: 60.0001s

---------------------------

Largura da faixa = 151
Melhor altura = 371

Lower Bound 1 = 264
Lower Bound 2 = 343
Avaliação = 1.08163

Tempo de execução: 60s

---------------------------

Largura da faixa = 151
Melhor altura = 371

Lower Bound 1 = 264
Lower Bound 2 = 343
Avaliação = 1.08163

Tempo de execução: 60s

---------------------------

Largura da faixa = 151
Melhor altura = 371

Lower Bound 1 = 264
Lower Bound 2 = 343
Avaliação = 1.08163

Tempo de execução: 60.0001s

---------------------------

Largura da faixa = 151
Melhor altura = 371

Lower Bound 1 = 264
Lower Bound 2 = 343
Avaliação = 1.08163

Tempo de execução: 60.0001s

---------------------------

Largura da faixa = 151
Melhor altura = 371

Lower Bound 1 = 264
Lower Bound 2 = 343
Avaliação = 1.08163

Tempo de execução: 60s

---------------------------

Largura da faixa = 151
Melhor altura = 371

Lower Bound 1 = 264
Lower Bound 2 = 343
Avaliação = 1.08163

Tempo de execução: 60.0001s

---------------------------

Largura da faixa = 151
Melhor altura = 371

Lower Bound 1 = 264
Lower Bound 2 = 343
Avaliação = 1.08163

Tempo de execução: 60.0001s

---------------------------

Largura da faixa = 151
Melhor altura = 371

Lower Bound 1 = 264
Lower Bound 2 = 343
Avaliação = 1.08163

Tempo de execução: 60s

---------------------------

Largura da faixa = 151
Melhor altura = 371

Lower Bound 1 = 264
Lower Bound 2 = 343
Avaliação = 1.08163

Tempo de execução: 60.0001s

---------------------------

Largura da faixa = 151
Melhor altura = 371

Lower Bound 1 = 264
Lower Bound 2 = 343
Avaliação = 1.08163

Tempo de execução: 60.0002s

---------------------------

Largura da faixa = 151
Melhor altura = 371

Lower Bound 1 = 264
Lower Bound 2 = 343
Avaliação = 1.08163

Tempo de execução: 60s

---------------------------

Largura da faixa = 151
Melhor altura = 371

Lower Bound 1 = 264
Lower Bound 2 = 343
Avaliação = 1.08163

Tempo de execução: 60.0001s

---------------------------

Largura da faixa = 151
Melhor altura = 371

Lower Bound 1 = 264
Lower Bound 2 = 343
Avaliação = 1.08163

Tempo de execução: 60s

---------------------------

Largura da faixa = 151
Melhor altura = 371

Lower Bound 1 = 264
Lower Bound 2 = 343
Avaliação = 1.08163

Tempo de execução: 60s

---------------------------

Largura da faixa = 151
Melhor altura = 371

Lower Bound 1 = 264
Lower Bound 2 = 343
Avaliação = 1.08163

Tempo de execução: 60.0001s

---------------------------

