Largura da faixa = 129
Melhor altura = 416

Lower Bound 1 = 310
Lower Bound 2 = 265
Avaliação = 1.34194

Tempo de execução: 60s

---------------------------

Largura da faixa = 129
Melhor altura = 409

Lower Bound 1 = 310
Lower Bound 2 = 265
Avaliação = 1.31935

Tempo de execução: 60s

---------------------------

Largura da faixa = 129
Melhor altura = 416

Lower Bound 1 = 310
Lower Bound 2 = 265
Avaliação = 1.34194

Tempo de execução: 60.0003s

---------------------------

Largura da faixa = 129
Melhor altura = 412

Lower Bound 1 = 310
Lower Bound 2 = 265
Avaliação = 1.32903

Tempo de execução: 60.0002s

---------------------------

Largura da faixa = 129
Melhor altura = 405

Lower Bound 1 = 310
Lower Bound 2 = 265
Avaliação = 1.30645

Tempo de execução: 60.0001s

---------------------------

Largura da faixa = 129
Melhor altura = 409

Lower Bound 1 = 310
Lower Bound 2 = 265
Avaliação = 1.31935

Tempo de execução: 60.0002s

---------------------------

Largura da faixa = 129
Melhor altura = 412

Lower Bound 1 = 310
Lower Bound 2 = 265
Avaliação = 1.32903

Tempo de execução: 60.0001s

---------------------------

Largura da faixa = 129
Melhor altura = 416

Lower Bound 1 = 310
Lower Bound 2 = 265
Avaliação = 1.34194

Tempo de execução: 60s

---------------------------

Largura da faixa = 129
Melhor altura = 416

Lower Bound 1 = 310
Lower Bound 2 = 265
Avaliação = 1.34194

Tempo de execução: 60s

---------------------------

Largura da faixa = 129
Melhor altura = 412

Lower Bound 1 = 310
Lower Bound 2 = 265
Avaliação = 1.32903

Tempo de execução: 60.0001s

---------------------------

Largura da faixa = 129
Melhor altura = 416

Lower Bound 1 = 310
Lower Bound 2 = 265
Avaliação = 1.34194

Tempo de execução: 60s

---------------------------

Largura da faixa = 129
Melhor altura = 409

Lower Bound 1 = 310
Lower Bound 2 = 265
Avaliação = 1.31935

Tempo de execução: 60.0001s

---------------------------

Largura da faixa = 129
Melhor altura = 416

Lower Bound 1 = 310
Lower Bound 2 = 265
Avaliação = 1.34194

Tempo de execução: 60.0002s

---------------------------

Largura da faixa = 129
Melhor altura = 408

Lower Bound 1 = 310
Lower Bound 2 = 265
Avaliação = 1.31613

Tempo de execução: 60.0002s

---------------------------

Largura da faixa = 129
Melhor altura = 416

Lower Bound 1 = 310
Lower Bound 2 = 265
Avaliação = 1.34194

Tempo de execução: 60.0002s

---------------------------

Largura da faixa = 129
Melhor altura = 412

Lower Bound 1 = 310
Lower Bound 2 = 265
Avaliação = 1.32903

Tempo de execução: 60.0001s

---------------------------

Largura da faixa = 129
Melhor altura = 414

Lower Bound 1 = 310
Lower Bound 2 = 265
Avaliação = 1.33548

Tempo de execução: 60.0001s

---------------------------

Largura da faixa = 129
Melhor altura = 413

Lower Bound 1 = 310
Lower Bound 2 = 265
Avaliação = 1.33226

Tempo de execução: 60.0001s

---------------------------

Largura da faixa = 129
Melhor altura = 418

Lower Bound 1 = 310
Lower Bound 2 = 265
Avaliação = 1.34839

Tempo de execução: 60.0001s

---------------------------

Largura da faixa = 129
Melhor altura = 409

Lower Bound 1 = 310
Lower Bound 2 = 265
Avaliação = 1.31935

Tempo de execução: 60.0005s

---------------------------

