Largura da faixa = 165
Melhor altura = 285

Lower Bound 1 = 242
Lower Bound 2 = 194
Avaliação = 1.17769

Tempo de execução: 60.0002s

---------------------------

Largura da faixa = 165
Melhor altura = 284

Lower Bound 1 = 242
Lower Bound 2 = 194
Avaliação = 1.17355

Tempo de execução: 60.0003s

---------------------------

Largura da faixa = 165
Melhor altura = 283

Lower Bound 1 = 242
Lower Bound 2 = 194
Avaliação = 1.16942

Tempo de execução: 60.0007s

---------------------------

Largura da faixa = 165
Melhor altura = 281

Lower Bound 1 = 242
Lower Bound 2 = 194
Avaliação = 1.16116

Tempo de execução: 60s

---------------------------

Largura da faixa = 165
Melhor altura = 275

Lower Bound 1 = 242
Lower Bound 2 = 194
Avaliação = 1.13636

Tempo de execução: 60.0002s

---------------------------

Largura da faixa = 165
Melhor altura = 285

Lower Bound 1 = 242
Lower Bound 2 = 194
Avaliação = 1.17769

Tempo de execução: 60.0003s

---------------------------

Largura da faixa = 165
Melhor altura = 282

Lower Bound 1 = 242
Lower Bound 2 = 194
Avaliação = 1.16529

Tempo de execução: 60.0001s

---------------------------

Largura da faixa = 165
Melhor altura = 279

Lower Bound 1 = 242
Lower Bound 2 = 194
Avaliação = 1.15289

Tempo de execução: 60.0003s

---------------------------

Largura da faixa = 165
Melhor altura = 281

Lower Bound 1 = 242
Lower Bound 2 = 194
Avaliação = 1.16116

Tempo de execução: 60.0005s

---------------------------

Largura da faixa = 165
Melhor altura = 283

Lower Bound 1 = 242
Lower Bound 2 = 194
Avaliação = 1.16942

Tempo de execução: 60.0002s

---------------------------

Largura da faixa = 165
Melhor altura = 282

Lower Bound 1 = 242
Lower Bound 2 = 194
Avaliação = 1.16529

Tempo de execução: 60.0001s

---------------------------

Largura da faixa = 165
Melhor altura = 282

Lower Bound 1 = 242
Lower Bound 2 = 194
Avaliação = 1.16529

Tempo de execução: 60.0015s

---------------------------

Largura da faixa = 165
Melhor altura = 282

Lower Bound 1 = 242
Lower Bound 2 = 194
Avaliação = 1.16529

Tempo de execução: 60.0003s

---------------------------

Largura da faixa = 165
Melhor altura = 282

Lower Bound 1 = 242
Lower Bound 2 = 194
Avaliação = 1.16529

Tempo de execução: 60.0001s

---------------------------

Largura da faixa = 165
Melhor altura = 282

Lower Bound 1 = 242
Lower Bound 2 = 194
Avaliação = 1.16529

Tempo de execução: 60s

---------------------------

Largura da faixa = 165
Melhor altura = 283

Lower Bound 1 = 242
Lower Bound 2 = 194
Avaliação = 1.16942

Tempo de execução: 60.0001s

---------------------------

Largura da faixa = 165
Melhor altura = 285

Lower Bound 1 = 242
Lower Bound 2 = 194
Avaliação = 1.17769

Tempo de execução: 60s

---------------------------

Largura da faixa = 165
Melhor altura = 286

Lower Bound 1 = 242
Lower Bound 2 = 194
Avaliação = 1.18182

Tempo de execução: 60.0001s

---------------------------

Largura da faixa = 165
Melhor altura = 281

Lower Bound 1 = 242
Lower Bound 2 = 194
Avaliação = 1.16116

Tempo de execução: 60s

---------------------------

Largura da faixa = 165
Melhor altura = 285

Lower Bound 1 = 242
Lower Bound 2 = 194
Avaliação = 1.17769

Tempo de execução: 60.0007s

---------------------------

