Largura da faixa = 86
Melhor altura = 553

Lower Bound 1 = 465
Lower Bound 2 = 236
Avaliação = 1.18925

Tempo de execução: 60.0027s

---------------------------

Largura da faixa = 86
Melhor altura = 549

Lower Bound 1 = 465
Lower Bound 2 = 236
Avaliação = 1.18065

Tempo de execução: 60.0148s

---------------------------

Largura da faixa = 86
Melhor altura = 563

Lower Bound 1 = 465
Lower Bound 2 = 236
Avaliação = 1.21075

Tempo de execução: 60.0205s

---------------------------

Largura da faixa = 86
Melhor altura = 560

Lower Bound 1 = 465
Lower Bound 2 = 236
Avaliação = 1.2043

Tempo de execução: 60.0317s

---------------------------

Largura da faixa = 86
Melhor altura = 566

Lower Bound 1 = 465
Lower Bound 2 = 236
Avaliação = 1.2172

Tempo de execução: 60.0081s

---------------------------

Largura da faixa = 86
Melhor altura = 554

Lower Bound 1 = 465
Lower Bound 2 = 236
Avaliação = 1.1914

Tempo de execução: 60.0687s

---------------------------

Largura da faixa = 86
Melhor altura = 563

Lower Bound 1 = 465
Lower Bound 2 = 236
Avaliação = 1.21075

Tempo de execução: 60.0014s

---------------------------

Largura da faixa = 86
Melhor altura = 558

Lower Bound 1 = 465
Lower Bound 2 = 236
Avaliação = 1.2

Tempo de execução: 60.023s

---------------------------

Largura da faixa = 86
Melhor altura = 558

Lower Bound 1 = 465
Lower Bound 2 = 236
Avaliação = 1.2

Tempo de execução: 60.0479s

---------------------------

Largura da faixa = 86
Melhor altura = 562

Lower Bound 1 = 465
Lower Bound 2 = 236
Avaliação = 1.2086

Tempo de execução: 60.0028s

---------------------------

Largura da faixa = 86
Melhor altura = 559

Lower Bound 1 = 465
Lower Bound 2 = 236
Avaliação = 1.20215

Tempo de execução: 60.0468s

---------------------------

Largura da faixa = 86
Melhor altura = 550

Lower Bound 1 = 465
Lower Bound 2 = 236
Avaliação = 1.1828

Tempo de execução: 60.0664s

---------------------------

Largura da faixa = 86
Melhor altura = 565

Lower Bound 1 = 465
Lower Bound 2 = 236
Avaliação = 1.21505

Tempo de execução: 60.0042s

---------------------------

Largura da faixa = 86
Melhor altura = 552

Lower Bound 1 = 465
Lower Bound 2 = 236
Avaliação = 1.1871

Tempo de execução: 60.025s

---------------------------

Largura da faixa = 86
Melhor altura = 562

Lower Bound 1 = 465
Lower Bound 2 = 236
Avaliação = 1.2086

Tempo de execução: 60.0658s

---------------------------

Largura da faixa = 86
Melhor altura = 554

Lower Bound 1 = 465
Lower Bound 2 = 236
Avaliação = 1.1914

Tempo de execução: 60.0052s

---------------------------

Largura da faixa = 86
Melhor altura = 561

Lower Bound 1 = 465
Lower Bound 2 = 236
Avaliação = 1.20645

Tempo de execução: 60.0057s

---------------------------

Largura da faixa = 86
Melhor altura = 556

Lower Bound 1 = 465
Lower Bound 2 = 236
Avaliação = 1.1957

Tempo de execução: 60.0402s

---------------------------

Largura da faixa = 86
Melhor altura = 559

Lower Bound 1 = 465
Lower Bound 2 = 236
Avaliação = 1.20215

Tempo de execução: 60.0172s

---------------------------

Largura da faixa = 86
Melhor altura = 554

Lower Bound 1 = 465
Lower Bound 2 = 236
Avaliação = 1.1914

Tempo de execução: 60.0345s

---------------------------

