Largura da faixa = 688
Melhor altura = 3605

Lower Bound 1 = 2938
Lower Bound 2 = 2724
Avaliação = 1.22703

Tempo de execução: 60s

---------------------------

Largura da faixa = 688
Melhor altura = 3605

Lower Bound 1 = 2938
Lower Bound 2 = 2724
Avaliação = 1.22703

Tempo de execução: 60s

---------------------------

Largura da faixa = 688
Melhor altura = 3605

Lower Bound 1 = 2938
Lower Bound 2 = 2724
Avaliação = 1.22703

Tempo de execução: 60s

---------------------------

Largura da faixa = 688
Melhor altura = 3605

Lower Bound 1 = 2938
Lower Bound 2 = 2724
Avaliação = 1.22703

Tempo de execução: 60s

---------------------------

Largura da faixa = 688
Melhor altura = 3605

Lower Bound 1 = 2938
Lower Bound 2 = 2724
Avaliação = 1.22703

Tempo de execução: 60s

---------------------------

Largura da faixa = 688
Melhor altura = 3605

Lower Bound 1 = 2938
Lower Bound 2 = 2724
Avaliação = 1.22703

Tempo de execução: 60s

---------------------------

Largura da faixa = 688
Melhor altura = 3605

Lower Bound 1 = 2938
Lower Bound 2 = 2724
Avaliação = 1.22703

Tempo de execução: 60s

---------------------------

Largura da faixa = 688
Melhor altura = 3605

Lower Bound 1 = 2938
Lower Bound 2 = 2724
Avaliação = 1.22703

Tempo de execução: 60s

---------------------------

Largura da faixa = 688
Melhor altura = 3605

Lower Bound 1 = 2938
Lower Bound 2 = 2724
Avaliação = 1.22703

Tempo de execução: 60s

---------------------------

Largura da faixa = 688
Melhor altura = 3605

Lower Bound 1 = 2938
Lower Bound 2 = 2724
Avaliação = 1.22703

Tempo de execução: 60s

---------------------------

Largura da faixa = 688
Melhor altura = 3605

Lower Bound 1 = 2938
Lower Bound 2 = 2724
Avaliação = 1.22703

Tempo de execução: 60s

---------------------------

Largura da faixa = 688
Melhor altura = 3605

Lower Bound 1 = 2938
Lower Bound 2 = 2724
Avaliação = 1.22703

Tempo de execução: 60s

---------------------------

Largura da faixa = 688
Melhor altura = 3605

Lower Bound 1 = 2938
Lower Bound 2 = 2724
Avaliação = 1.22703

Tempo de execução: 60.0001s

---------------------------

Largura da faixa = 688
Melhor altura = 3605

Lower Bound 1 = 2938
Lower Bound 2 = 2724
Avaliação = 1.22703

Tempo de execução: 60s

---------------------------

Largura da faixa = 688
Melhor altura = 3605

Lower Bound 1 = 2938
Lower Bound 2 = 2724
Avaliação = 1.22703

Tempo de execução: 60s

---------------------------

Largura da faixa = 688
Melhor altura = 3605

Lower Bound 1 = 2938
Lower Bound 2 = 2724
Avaliação = 1.22703

Tempo de execução: 60s

---------------------------

Largura da faixa = 688
Melhor altura = 3605

Lower Bound 1 = 2938
Lower Bound 2 = 2724
Avaliação = 1.22703

Tempo de execução: 60.0001s

---------------------------

Largura da faixa = 688
Melhor altura = 3605

Lower Bound 1 = 2938
Lower Bound 2 = 2724
Avaliação = 1.22703

Tempo de execução: 60s

---------------------------

Largura da faixa = 688
Melhor altura = 3605

Lower Bound 1 = 2938
Lower Bound 2 = 2724
Avaliação = 1.22703

Tempo de execução: 60s

---------------------------

Largura da faixa = 688
Melhor altura = 3605

Lower Bound 1 = 2938
Lower Bound 2 = 2724
Avaliação = 1.22703

Tempo de execução: 60s

---------------------------

