Largura da faixa = 1890
Melhor altura = 8661

Lower Bound 1 = 7574
Lower Bound 2 = 1890
Avaliação = 1.14352

Tempo de execução: 60s

---------------------------

Largura da faixa = 1890
Melhor altura = 8709

Lower Bound 1 = 7574
Lower Bound 2 = 1890
Avaliação = 1.14985

Tempo de execução: 60.0006s

---------------------------

Largura da faixa = 1890
Melhor altura = 8764

Lower Bound 1 = 7574
Lower Bound 2 = 1890
Avaliação = 1.15712

Tempo de execução: 60.0011s

---------------------------

Largura da faixa = 1890
Melhor altura = 8704

Lower Bound 1 = 7574
Lower Bound 2 = 1890
Avaliação = 1.14919

Tempo de execução: 60s

---------------------------

Largura da faixa = 1890
Melhor altura = 8661

Lower Bound 1 = 7574
Lower Bound 2 = 1890
Avaliação = 1.14352

Tempo de execução: 60.0001s

---------------------------

Largura da faixa = 1890
Melhor altura = 8731

Lower Bound 1 = 7574
Lower Bound 2 = 1890
Avaliação = 1.15276

Tempo de execução: 60.0002s

---------------------------

Largura da faixa = 1890
Melhor altura = 8688

Lower Bound 1 = 7574
Lower Bound 2 = 1890
Avaliação = 1.14708

Tempo de execução: 60.0003s

---------------------------

Largura da faixa = 1890
Melhor altura = 8725

Lower Bound 1 = 7574
Lower Bound 2 = 1890
Avaliação = 1.15197

Tempo de execução: 60.0005s

---------------------------

Largura da faixa = 1890
Melhor altura = 8709

Lower Bound 1 = 7574
Lower Bound 2 = 1890
Avaliação = 1.14985

Tempo de execução: 60.0007s

---------------------------

Largura da faixa = 1890
Melhor altura = 8672

Lower Bound 1 = 7574
Lower Bound 2 = 1890
Avaliação = 1.14497

Tempo de execução: 60s

---------------------------

Largura da faixa = 1890
Melhor altura = 8651

Lower Bound 1 = 7574
Lower Bound 2 = 1890
Avaliação = 1.1422

Tempo de execução: 60.0002s

---------------------------

Largura da faixa = 1890
Melhor altura = 8726

Lower Bound 1 = 7574
Lower Bound 2 = 1890
Avaliação = 1.1521

Tempo de execução: 60.0006s

---------------------------

Largura da faixa = 1890
Melhor altura = 8723

Lower Bound 1 = 7574
Lower Bound 2 = 1890
Avaliação = 1.1517

Tempo de execução: 60.0001s

---------------------------

Largura da faixa = 1890
Melhor altura = 8791

Lower Bound 1 = 7574
Lower Bound 2 = 1890
Avaliação = 1.16068

Tempo de execução: 60.0007s

---------------------------

Largura da faixa = 1890
Melhor altura = 8649

Lower Bound 1 = 7574
Lower Bound 2 = 1890
Avaliação = 1.14193

Tempo de execução: 60.0001s

---------------------------

Largura da faixa = 1890
Melhor altura = 8683

Lower Bound 1 = 7574
Lower Bound 2 = 1890
Avaliação = 1.14642

Tempo de execução: 60s

---------------------------

Largura da faixa = 1890
Melhor altura = 8703

Lower Bound 1 = 7574
Lower Bound 2 = 1890
Avaliação = 1.14906

Tempo de execução: 60s

---------------------------

Largura da faixa = 1890
Melhor altura = 8752

Lower Bound 1 = 7574
Lower Bound 2 = 1890
Avaliação = 1.15553

Tempo de execução: 60.0008s

---------------------------

Largura da faixa = 1890
Melhor altura = 8721

Lower Bound 1 = 7574
Lower Bound 2 = 1890
Avaliação = 1.15144

Tempo de execução: 60.0003s

---------------------------

Largura da faixa = 1890
Melhor altura = 8739

Lower Bound 1 = 7574
Lower Bound 2 = 1890
Avaliação = 1.15382

Tempo de execução: 60.0005s

---------------------------

