Largura da faixa = 364
Melhor altura = 1704

Lower Bound 1 = 1498
Lower Bound 2 = 1385
Avaliação = 1.13752

Tempo de execução: 60.0001s

---------------------------

Largura da faixa = 364
Melhor altura = 1704

Lower Bound 1 = 1498
Lower Bound 2 = 1385
Avaliação = 1.13752

Tempo de execução: 60s

---------------------------

Largura da faixa = 364
Melhor altura = 1704

Lower Bound 1 = 1498
Lower Bound 2 = 1385
Avaliação = 1.13752

Tempo de execução: 60s

---------------------------

Largura da faixa = 364
Melhor altura = 1704

Lower Bound 1 = 1498
Lower Bound 2 = 1385
Avaliação = 1.13752

Tempo de execução: 60s

---------------------------

Largura da faixa = 364
Melhor altura = 1704

Lower Bound 1 = 1498
Lower Bound 2 = 1385
Avaliação = 1.13752

Tempo de execução: 60s

---------------------------

Largura da faixa = 364
Melhor altura = 1704

Lower Bound 1 = 1498
Lower Bound 2 = 1385
Avaliação = 1.13752

Tempo de execução: 60s

---------------------------

Largura da faixa = 364
Melhor altura = 1704

Lower Bound 1 = 1498
Lower Bound 2 = 1385
Avaliação = 1.13752

Tempo de execução: 60s

---------------------------

Largura da faixa = 364
Melhor altura = 1704

Lower Bound 1 = 1498
Lower Bound 2 = 1385
Avaliação = 1.13752

Tempo de execução: 60s

---------------------------

Largura da faixa = 364
Melhor altura = 1704

Lower Bound 1 = 1498
Lower Bound 2 = 1385
Avaliação = 1.13752

Tempo de execução: 60s

---------------------------

Largura da faixa = 364
Melhor altura = 1704

Lower Bound 1 = 1498
Lower Bound 2 = 1385
Avaliação = 1.13752

Tempo de execução: 60s

---------------------------

Largura da faixa = 364
Melhor altura = 1704

Lower Bound 1 = 1498
Lower Bound 2 = 1385
Avaliação = 1.13752

Tempo de execução: 60s

---------------------------

Largura da faixa = 364
Melhor altura = 1704

Lower Bound 1 = 1498
Lower Bound 2 = 1385
Avaliação = 1.13752

Tempo de execução: 60s

---------------------------

Largura da faixa = 364
Melhor altura = 1704

Lower Bound 1 = 1498
Lower Bound 2 = 1385
Avaliação = 1.13752

Tempo de execução: 60s

---------------------------

Largura da faixa = 364
Melhor altura = 1704

Lower Bound 1 = 1498
Lower Bound 2 = 1385
Avaliação = 1.13752

Tempo de execução: 60s

---------------------------

Largura da faixa = 364
Melhor altura = 1704

Lower Bound 1 = 1498
Lower Bound 2 = 1385
Avaliação = 1.13752

Tempo de execução: 60s

---------------------------

Largura da faixa = 364
Melhor altura = 1704

Lower Bound 1 = 1498
Lower Bound 2 = 1385
Avaliação = 1.13752

Tempo de execução: 60s

---------------------------

Largura da faixa = 364
Melhor altura = 1704

Lower Bound 1 = 1498
Lower Bound 2 = 1385
Avaliação = 1.13752

Tempo de execução: 60s

---------------------------

Largura da faixa = 364
Melhor altura = 1704

Lower Bound 1 = 1498
Lower Bound 2 = 1385
Avaliação = 1.13752

Tempo de execução: 60s

---------------------------

Largura da faixa = 364
Melhor altura = 1704

Lower Bound 1 = 1498
Lower Bound 2 = 1385
Avaliação = 1.13752

Tempo de execução: 60s

---------------------------

Largura da faixa = 364
Melhor altura = 1704

Lower Bound 1 = 1498
Lower Bound 2 = 1385
Avaliação = 1.13752

Tempo de execução: 60s

---------------------------

