Largura da faixa = 184
Melhor altura = 5479

Lower Bound 1 = 3975
Lower Bound 2 = 3762
Avaliação = 1.37836

Tempo de execução: 60.0003s

---------------------------

Largura da faixa = 184
Melhor altura = 5479

Lower Bound 1 = 3975
Lower Bound 2 = 3762
Avaliação = 1.37836

Tempo de execução: 60.0003s

---------------------------

Largura da faixa = 184
Melhor altura = 5479

Lower Bound 1 = 3975
Lower Bound 2 = 3762
Avaliação = 1.37836

Tempo de execução: 60.0006s

---------------------------

Largura da faixa = 184
Melhor altura = 5479

Lower Bound 1 = 3975
Lower Bound 2 = 3762
Avaliação = 1.37836

Tempo de execução: 60s

---------------------------

Largura da faixa = 184
Melhor altura = 5479

Lower Bound 1 = 3975
Lower Bound 2 = 3762
Avaliação = 1.37836

Tempo de execução: 60.0017s

---------------------------

Largura da faixa = 184
Melhor altura = 5479

Lower Bound 1 = 3975
Lower Bound 2 = 3762
Avaliação = 1.37836

Tempo de execução: 60.0011s

---------------------------

Largura da faixa = 184
Melhor altura = 5479

Lower Bound 1 = 3975
Lower Bound 2 = 3762
Avaliação = 1.37836

Tempo de execução: 60.0001s

---------------------------

Largura da faixa = 184
Melhor altura = 5479

Lower Bound 1 = 3975
Lower Bound 2 = 3762
Avaliação = 1.37836

Tempo de execução: 60.0003s

---------------------------

Largura da faixa = 184
Melhor altura = 5479

Lower Bound 1 = 3975
Lower Bound 2 = 3762
Avaliação = 1.37836

Tempo de execução: 60.0001s

---------------------------

Largura da faixa = 184
Melhor altura = 5479

Lower Bound 1 = 3975
Lower Bound 2 = 3762
Avaliação = 1.37836

Tempo de execução: 60.0004s

---------------------------

Largura da faixa = 184
Melhor altura = 5479

Lower Bound 1 = 3975
Lower Bound 2 = 3762
Avaliação = 1.37836

Tempo de execução: 60.0005s

---------------------------

Largura da faixa = 184
Melhor altura = 5479

Lower Bound 1 = 3975
Lower Bound 2 = 3762
Avaliação = 1.37836

Tempo de execução: 60.0001s

---------------------------

Largura da faixa = 184
Melhor altura = 5479

Lower Bound 1 = 3975
Lower Bound 2 = 3762
Avaliação = 1.37836

Tempo de execução: 60.0003s

---------------------------

Largura da faixa = 184
Melhor altura = 5479

Lower Bound 1 = 3975
Lower Bound 2 = 3762
Avaliação = 1.37836

Tempo de execução: 60.0005s

---------------------------

Largura da faixa = 184
Melhor altura = 5479

Lower Bound 1 = 3975
Lower Bound 2 = 3762
Avaliação = 1.37836

Tempo de execução: 60.0005s

---------------------------

Largura da faixa = 184
Melhor altura = 5479

Lower Bound 1 = 3975
Lower Bound 2 = 3762
Avaliação = 1.37836

Tempo de execução: 60s

---------------------------

Largura da faixa = 184
Melhor altura = 5479

Lower Bound 1 = 3975
Lower Bound 2 = 3762
Avaliação = 1.37836

Tempo de execução: 60.0003s

---------------------------

Largura da faixa = 184
Melhor altura = 5479

Lower Bound 1 = 3975
Lower Bound 2 = 3762
Avaliação = 1.37836

Tempo de execução: 60.0011s

---------------------------

Largura da faixa = 184
Melhor altura = 5479

Lower Bound 1 = 3975
Lower Bound 2 = 3762
Avaliação = 1.37836

Tempo de execução: 60.0001s

---------------------------

Largura da faixa = 184
Melhor altura = 5479

Lower Bound 1 = 3975
Lower Bound 2 = 3762
Avaliação = 1.37836

Tempo de execução: 60.0006s

---------------------------

