Largura da faixa = 374
Melhor altura = 7078

Lower Bound 1 = 5360
Lower Bound 2 = 4955
Avaliação = 1.32052

Tempo de execução: 60.0001s

---------------------------

Largura da faixa = 374
Melhor altura = 7078

Lower Bound 1 = 5360
Lower Bound 2 = 4955
Avaliação = 1.32052

Tempo de execução: 60.0002s

---------------------------

Largura da faixa = 374
Melhor altura = 7078

Lower Bound 1 = 5360
Lower Bound 2 = 4955
Avaliação = 1.32052

Tempo de execução: 60s

---------------------------

Largura da faixa = 374
Melhor altura = 7078

Lower Bound 1 = 5360
Lower Bound 2 = 4955
Avaliação = 1.32052

Tempo de execução: 60s

---------------------------

Largura da faixa = 374
Melhor altura = 7078

Lower Bound 1 = 5360
Lower Bound 2 = 4955
Avaliação = 1.32052

Tempo de execução: 60.0001s

---------------------------

Largura da faixa = 374
Melhor altura = 7078

Lower Bound 1 = 5360
Lower Bound 2 = 4955
Avaliação = 1.32052

Tempo de execução: 60.0001s

---------------------------

Largura da faixa = 374
Melhor altura = 7078

Lower Bound 1 = 5360
Lower Bound 2 = 4955
Avaliação = 1.32052

Tempo de execução: 60.0001s

---------------------------

Largura da faixa = 374
Melhor altura = 7078

Lower Bound 1 = 5360
Lower Bound 2 = 4955
Avaliação = 1.32052

Tempo de execução: 60.0002s

---------------------------

Largura da faixa = 374
Melhor altura = 7078

Lower Bound 1 = 5360
Lower Bound 2 = 4955
Avaliação = 1.32052

Tempo de execução: 60.0002s

---------------------------

Largura da faixa = 374
Melhor altura = 7078

Lower Bound 1 = 5360
Lower Bound 2 = 4955
Avaliação = 1.32052

Tempo de execução: 60s

---------------------------

Largura da faixa = 374
Melhor altura = 7078

Lower Bound 1 = 5360
Lower Bound 2 = 4955
Avaliação = 1.32052

Tempo de execução: 60s

---------------------------

Largura da faixa = 374
Melhor altura = 7078

Lower Bound 1 = 5360
Lower Bound 2 = 4955
Avaliação = 1.32052

Tempo de execução: 60.0002s

---------------------------

Largura da faixa = 374
Melhor altura = 7078

Lower Bound 1 = 5360
Lower Bound 2 = 4955
Avaliação = 1.32052

Tempo de execução: 60s

---------------------------

Largura da faixa = 374
Melhor altura = 7078

Lower Bound 1 = 5360
Lower Bound 2 = 4955
Avaliação = 1.32052

Tempo de execução: 60.0001s

---------------------------

Largura da faixa = 374
Melhor altura = 7078

Lower Bound 1 = 5360
Lower Bound 2 = 4955
Avaliação = 1.32052

Tempo de execução: 60.0003s

---------------------------

Largura da faixa = 374
Melhor altura = 7078

Lower Bound 1 = 5360
Lower Bound 2 = 4955
Avaliação = 1.32052

Tempo de execução: 60s

---------------------------

Largura da faixa = 374
Melhor altura = 7078

Lower Bound 1 = 5360
Lower Bound 2 = 4955
Avaliação = 1.32052

Tempo de execução: 60s

---------------------------

Largura da faixa = 374
Melhor altura = 7078

Lower Bound 1 = 5360
Lower Bound 2 = 4955
Avaliação = 1.32052

Tempo de execução: 60.0002s

---------------------------

Largura da faixa = 374
Melhor altura = 7078

Lower Bound 1 = 5360
Lower Bound 2 = 4955
Avaliação = 1.32052

Tempo de execução: 60.0001s

---------------------------

Largura da faixa = 374
Melhor altura = 7078

Lower Bound 1 = 5360
Lower Bound 2 = 4955
Avaliação = 1.32052

Tempo de execução: 60.0004s

---------------------------

