Largura da faixa = 186
Melhor altura = 2923

Lower Bound 1 = 2191
Lower Bound 2 = 2066
Avaliação = 1.33409

Tempo de execução: 60s

---------------------------

Largura da faixa = 186
Melhor altura = 2923

Lower Bound 1 = 2191
Lower Bound 2 = 2066
Avaliação = 1.33409

Tempo de execução: 60.0001s

---------------------------

Largura da faixa = 186
Melhor altura = 2923

Lower Bound 1 = 2191
Lower Bound 2 = 2066
Avaliação = 1.33409

Tempo de execução: 60.0001s

---------------------------

Largura da faixa = 186
Melhor altura = 2923

Lower Bound 1 = 2191
Lower Bound 2 = 2066
Avaliação = 1.33409

Tempo de execução: 60.0001s

---------------------------

Largura da faixa = 186
Melhor altura = 2923

Lower Bound 1 = 2191
Lower Bound 2 = 2066
Avaliação = 1.33409

Tempo de execução: 60.0002s

---------------------------

Largura da faixa = 186
Melhor altura = 2923

Lower Bound 1 = 2191
Lower Bound 2 = 2066
Avaliação = 1.33409

Tempo de execução: 60s

---------------------------

Largura da faixa = 186
Melhor altura = 2923

Lower Bound 1 = 2191
Lower Bound 2 = 2066
Avaliação = 1.33409

Tempo de execução: 60.0001s

---------------------------

Largura da faixa = 186
Melhor altura = 2923

Lower Bound 1 = 2191
Lower Bound 2 = 2066
Avaliação = 1.33409

Tempo de execução: 60.0001s

---------------------------

Largura da faixa = 186
Melhor altura = 2923

Lower Bound 1 = 2191
Lower Bound 2 = 2066
Avaliação = 1.33409

Tempo de execução: 60.0001s

---------------------------

Largura da faixa = 186
Melhor altura = 2923

Lower Bound 1 = 2191
Lower Bound 2 = 2066
Avaliação = 1.33409

Tempo de execução: 60s

---------------------------

Largura da faixa = 186
Melhor altura = 2923

Lower Bound 1 = 2191
Lower Bound 2 = 2066
Avaliação = 1.33409

Tempo de execução: 60s

---------------------------

Largura da faixa = 186
Melhor altura = 2923

Lower Bound 1 = 2191
Lower Bound 2 = 2066
Avaliação = 1.33409

Tempo de execução: 60.0001s

---------------------------

Largura da faixa = 186
Melhor altura = 2923

Lower Bound 1 = 2191
Lower Bound 2 = 2066
Avaliação = 1.33409

Tempo de execução: 60s

---------------------------

Largura da faixa = 186
Melhor altura = 2923

Lower Bound 1 = 2191
Lower Bound 2 = 2066
Avaliação = 1.33409

Tempo de execução: 60.0001s

---------------------------

Largura da faixa = 186
Melhor altura = 2923

Lower Bound 1 = 2191
Lower Bound 2 = 2066
Avaliação = 1.33409

Tempo de execução: 60.0002s

---------------------------

Largura da faixa = 186
Melhor altura = 2923

Lower Bound 1 = 2191
Lower Bound 2 = 2066
Avaliação = 1.33409

Tempo de execução: 60s

---------------------------

Largura da faixa = 186
Melhor altura = 2923

Lower Bound 1 = 2191
Lower Bound 2 = 2066
Avaliação = 1.33409

Tempo de execução: 60.0002s

---------------------------

Largura da faixa = 186
Melhor altura = 2923

Lower Bound 1 = 2191
Lower Bound 2 = 2066
Avaliação = 1.33409

Tempo de execução: 60.0001s

---------------------------

Largura da faixa = 186
Melhor altura = 2923

Lower Bound 1 = 2191
Lower Bound 2 = 2066
Avaliação = 1.33409

Tempo de execução: 60.0002s

---------------------------

Largura da faixa = 186
Melhor altura = 2923

Lower Bound 1 = 2191
Lower Bound 2 = 2066
Avaliação = 1.33409

Tempo de execução: 60.0002s

---------------------------

