Largura da faixa = 746
Melhor altura = 22005

Lower Bound 1 = 16785
Lower Bound 2 = 16467
Avaliação = 1.31099

Tempo de execução: 60s

---------------------------

Largura da faixa = 746
Melhor altura = 22005

Lower Bound 1 = 16785
Lower Bound 2 = 16467
Avaliação = 1.31099

Tempo de execução: 60.0002s

---------------------------

Largura da faixa = 746
Melhor altura = 22005

Lower Bound 1 = 16785
Lower Bound 2 = 16467
Avaliação = 1.31099

Tempo de execução: 60.0004s

---------------------------

Largura da faixa = 746
Melhor altura = 22005

Lower Bound 1 = 16785
Lower Bound 2 = 16467
Avaliação = 1.31099

Tempo de execução: 60.0001s

---------------------------

Largura da faixa = 746
Melhor altura = 22005

Lower Bound 1 = 16785
Lower Bound 2 = 16467
Avaliação = 1.31099

Tempo de execução: 60s

---------------------------

Largura da faixa = 746
Melhor altura = 22005

Lower Bound 1 = 16785
Lower Bound 2 = 16467
Avaliação = 1.31099

Tempo de execução: 60.0003s

---------------------------

Largura da faixa = 746
Melhor altura = 22005

Lower Bound 1 = 16785
Lower Bound 2 = 16467
Avaliação = 1.31099

Tempo de execução: 60.0001s

---------------------------

Largura da faixa = 746
Melhor altura = 22005

Lower Bound 1 = 16785
Lower Bound 2 = 16467
Avaliação = 1.31099

Tempo de execução: 60s

---------------------------

Largura da faixa = 746
Melhor altura = 22005

Lower Bound 1 = 16785
Lower Bound 2 = 16467
Avaliação = 1.31099

Tempo de execução: 60.0001s

---------------------------

Largura da faixa = 746
Melhor altura = 22005

Lower Bound 1 = 16785
Lower Bound 2 = 16467
Avaliação = 1.31099

Tempo de execução: 60s

---------------------------

Largura da faixa = 746
Melhor altura = 22005

Lower Bound 1 = 16785
Lower Bound 2 = 16467
Avaliação = 1.31099

Tempo de execução: 60.0001s

---------------------------

Largura da faixa = 746
Melhor altura = 22005

Lower Bound 1 = 16785
Lower Bound 2 = 16467
Avaliação = 1.31099

Tempo de execução: 60.0021s

---------------------------

Largura da faixa = 746
Melhor altura = 22005

Lower Bound 1 = 16785
Lower Bound 2 = 16467
Avaliação = 1.31099

Tempo de execução: 60.0001s

---------------------------

Largura da faixa = 746
Melhor altura = 22005

Lower Bound 1 = 16785
Lower Bound 2 = 16467
Avaliação = 1.31099

Tempo de execução: 60.0001s

---------------------------

Largura da faixa = 746
Melhor altura = 22005

Lower Bound 1 = 16785
Lower Bound 2 = 16467
Avaliação = 1.31099

Tempo de execução: 60.0004s

---------------------------

Largura da faixa = 746
Melhor altura = 22005

Lower Bound 1 = 16785
Lower Bound 2 = 16467
Avaliação = 1.31099

Tempo de execução: 60s

---------------------------

Largura da faixa = 746
Melhor altura = 22005

Lower Bound 1 = 16785
Lower Bound 2 = 16467
Avaliação = 1.31099

Tempo de execução: 60s

---------------------------

Largura da faixa = 746
Melhor altura = 22005

Lower Bound 1 = 16785
Lower Bound 2 = 16467
Avaliação = 1.31099

Tempo de execução: 60.0012s

---------------------------

Largura da faixa = 746
Melhor altura = 22005

Lower Bound 1 = 16785
Lower Bound 2 = 16467
Avaliação = 1.31099

Tempo de execução: 60.0001s

---------------------------

Largura da faixa = 746
Melhor altura = 22005

Lower Bound 1 = 16785
Lower Bound 2 = 16467
Avaliação = 1.31099

Tempo de execução: 60.0003s

---------------------------

