Largura da faixa = 374
Melhor altura = 10493

Lower Bound 1 = 7501
Lower Bound 2 = 7500
Avaliação = 1.39888

Tempo de execução: 60.0002s

---------------------------

Largura da faixa = 374
Melhor altura = 10493

Lower Bound 1 = 7501
Lower Bound 2 = 7500
Avaliação = 1.39888

Tempo de execução: 60.0007s

---------------------------

Largura da faixa = 374
Melhor altura = 10493

Lower Bound 1 = 7501
Lower Bound 2 = 7500
Avaliação = 1.39888

Tempo de execução: 60.0017s

---------------------------

Largura da faixa = 374
Melhor altura = 10493

Lower Bound 1 = 7501
Lower Bound 2 = 7500
Avaliação = 1.39888

Tempo de execução: 60s

---------------------------

Largura da faixa = 374
Melhor altura = 10493

Lower Bound 1 = 7501
Lower Bound 2 = 7500
Avaliação = 1.39888

Tempo de execução: 60.0004s

---------------------------

Largura da faixa = 374
Melhor altura = 10493

Lower Bound 1 = 7501
Lower Bound 2 = 7500
Avaliação = 1.39888

Tempo de execução: 60.0009s

---------------------------

Largura da faixa = 374
Melhor altura = 10493

Lower Bound 1 = 7501
Lower Bound 2 = 7500
Avaliação = 1.39888

Tempo de execução: 60.0002s

---------------------------

Largura da faixa = 374
Melhor altura = 10493

Lower Bound 1 = 7501
Lower Bound 2 = 7500
Avaliação = 1.39888

Tempo de execução: 60.0006s

---------------------------

Largura da faixa = 374
Melhor altura = 10493

Lower Bound 1 = 7501
Lower Bound 2 = 7500
Avaliação = 1.39888

Tempo de execução: 60.0008s

---------------------------

Largura da faixa = 374
Melhor altura = 10502

Lower Bound 1 = 7501
Lower Bound 2 = 7500
Avaliação = 1.40008

Tempo de execução: 60s

---------------------------

Largura da faixa = 374
Melhor altura = 10493

Lower Bound 1 = 7501
Lower Bound 2 = 7500
Avaliação = 1.39888

Tempo de execução: 60s

---------------------------

Largura da faixa = 374
Melhor altura = 10493

Lower Bound 1 = 7501
Lower Bound 2 = 7500
Avaliação = 1.39888

Tempo de execução: 60.0004s

---------------------------

Largura da faixa = 374
Melhor altura = 10493

Lower Bound 1 = 7501
Lower Bound 2 = 7500
Avaliação = 1.39888

Tempo de execução: 60.0002s

---------------------------

Largura da faixa = 374
Melhor altura = 10493

Lower Bound 1 = 7501
Lower Bound 2 = 7500
Avaliação = 1.39888

Tempo de execução: 60.0003s

---------------------------

Largura da faixa = 374
Melhor altura = 10513

Lower Bound 1 = 7501
Lower Bound 2 = 7500
Avaliação = 1.40155

Tempo de execução: 60.0002s

---------------------------

Largura da faixa = 374
Melhor altura = 10493

Lower Bound 1 = 7501
Lower Bound 2 = 7500
Avaliação = 1.39888

Tempo de execução: 60s

---------------------------

Largura da faixa = 374
Melhor altura = 10493

Lower Bound 1 = 7501
Lower Bound 2 = 7500
Avaliação = 1.39888

Tempo de execução: 60.0006s

---------------------------

Largura da faixa = 374
Melhor altura = 10493

Lower Bound 1 = 7501
Lower Bound 2 = 7500
Avaliação = 1.39888

Tempo de execução: 60.001s

---------------------------

Largura da faixa = 374
Melhor altura = 10493

Lower Bound 1 = 7501
Lower Bound 2 = 7500
Avaliação = 1.39888

Tempo de execução: 60.0002s

---------------------------

Largura da faixa = 374
Melhor altura = 10493

Lower Bound 1 = 7501
Lower Bound 2 = 7500
Avaliação = 1.39888

Tempo de execução: 60.0008s

---------------------------

