Largura da faixa = 186
Melhor altura = 1736

Lower Bound 1 = 1476
Lower Bound 2 = 1169
Avaliação = 1.17615

Tempo de execução: 60s

---------------------------

Largura da faixa = 186
Melhor altura = 1736

Lower Bound 1 = 1476
Lower Bound 2 = 1169
Avaliação = 1.17615

Tempo de execução: 60.0001s

---------------------------

Largura da faixa = 186
Melhor altura = 1736

Lower Bound 1 = 1476
Lower Bound 2 = 1169
Avaliação = 1.17615

Tempo de execução: 60.0001s

---------------------------

Largura da faixa = 186
Melhor altura = 1736

Lower Bound 1 = 1476
Lower Bound 2 = 1169
Avaliação = 1.17615

Tempo de execução: 60.0001s

---------------------------

Largura da faixa = 186
Melhor altura = 1736

Lower Bound 1 = 1476
Lower Bound 2 = 1169
Avaliação = 1.17615

Tempo de execução: 60s

---------------------------

Largura da faixa = 186
Melhor altura = 1736

Lower Bound 1 = 1476
Lower Bound 2 = 1169
Avaliação = 1.17615

Tempo de execução: 60s

---------------------------

Largura da faixa = 186
Melhor altura = 1736

Lower Bound 1 = 1476
Lower Bound 2 = 1169
Avaliação = 1.17615

Tempo de execução: 60s

---------------------------

Largura da faixa = 186
Melhor altura = 1736

Lower Bound 1 = 1476
Lower Bound 2 = 1169
Avaliação = 1.17615

Tempo de execução: 60s

---------------------------

Largura da faixa = 186
Melhor altura = 1736

Lower Bound 1 = 1476
Lower Bound 2 = 1169
Avaliação = 1.17615

Tempo de execução: 60s

---------------------------

Largura da faixa = 186
Melhor altura = 1736

Lower Bound 1 = 1476
Lower Bound 2 = 1169
Avaliação = 1.17615

Tempo de execução: 60.0001s

---------------------------

Largura da faixa = 186
Melhor altura = 1736

Lower Bound 1 = 1476
Lower Bound 2 = 1169
Avaliação = 1.17615

Tempo de execução: 60s

---------------------------

Largura da faixa = 186
Melhor altura = 1736

Lower Bound 1 = 1476
Lower Bound 2 = 1169
Avaliação = 1.17615

Tempo de execução: 60s

---------------------------

Largura da faixa = 186
Melhor altura = 1736

Lower Bound 1 = 1476
Lower Bound 2 = 1169
Avaliação = 1.17615

Tempo de execução: 60s

---------------------------

Largura da faixa = 186
Melhor altura = 1736

Lower Bound 1 = 1476
Lower Bound 2 = 1169
Avaliação = 1.17615

Tempo de execução: 60.0001s

---------------------------

Largura da faixa = 186
Melhor altura = 1736

Lower Bound 1 = 1476
Lower Bound 2 = 1169
Avaliação = 1.17615

Tempo de execução: 60s

---------------------------

Largura da faixa = 186
Melhor altura = 1736

Lower Bound 1 = 1476
Lower Bound 2 = 1169
Avaliação = 1.17615

Tempo de execução: 60.0002s

---------------------------

Largura da faixa = 186
Melhor altura = 1736

Lower Bound 1 = 1476
Lower Bound 2 = 1169
Avaliação = 1.17615

Tempo de execução: 60.0002s

---------------------------

Largura da faixa = 186
Melhor altura = 1736

Lower Bound 1 = 1476
Lower Bound 2 = 1169
Avaliação = 1.17615

Tempo de execução: 60.0001s

---------------------------

Largura da faixa = 186
Melhor altura = 1736

Lower Bound 1 = 1476
Lower Bound 2 = 1169
Avaliação = 1.17615

Tempo de execução: 60.0002s

---------------------------

Largura da faixa = 186
Melhor altura = 1736

Lower Bound 1 = 1476
Lower Bound 2 = 1169
Avaliação = 1.17615

Tempo de execução: 60s

---------------------------

