Largura da faixa = 745
Melhor altura = 12227

Lower Bound 1 = 8773
Lower Bound 2 = 7902
Avaliação = 1.39371

Tempo de execução: 60.0001s

---------------------------

Largura da faixa = 745
Melhor altura = 12227

Lower Bound 1 = 8773
Lower Bound 2 = 7902
Avaliação = 1.39371

Tempo de execução: 60.0002s

---------------------------

Largura da faixa = 745
Melhor altura = 12227

Lower Bound 1 = 8773
Lower Bound 2 = 7902
Avaliação = 1.39371

Tempo de execução: 60.0004s

---------------------------

Largura da faixa = 745
Melhor altura = 12227

Lower Bound 1 = 8773
Lower Bound 2 = 7902
Avaliação = 1.39371

Tempo de execução: 60s

---------------------------

Largura da faixa = 745
Melhor altura = 12227

Lower Bound 1 = 8773
Lower Bound 2 = 7902
Avaliação = 1.39371

Tempo de execução: 60.0002s

---------------------------

Largura da faixa = 745
Melhor altura = 12227

Lower Bound 1 = 8773
Lower Bound 2 = 7902
Avaliação = 1.39371

Tempo de execução: 60.0002s

---------------------------

Largura da faixa = 745
Melhor altura = 12227

Lower Bound 1 = 8773
Lower Bound 2 = 7902
Avaliação = 1.39371

Tempo de execução: 60s

---------------------------

Largura da faixa = 745
Melhor altura = 12227

Lower Bound 1 = 8773
Lower Bound 2 = 7902
Avaliação = 1.39371

Tempo de execução: 60.0001s

---------------------------

Largura da faixa = 745
Melhor altura = 12227

Lower Bound 1 = 8773
Lower Bound 2 = 7902
Avaliação = 1.39371

Tempo de execução: 60.0003s

---------------------------

Largura da faixa = 745
Melhor altura = 12227

Lower Bound 1 = 8773
Lower Bound 2 = 7902
Avaliação = 1.39371

Tempo de execução: 60s

---------------------------

Largura da faixa = 745
Melhor altura = 12227

Lower Bound 1 = 8773
Lower Bound 2 = 7902
Avaliação = 1.39371

Tempo de execução: 60s

---------------------------

Largura da faixa = 745
Melhor altura = 12227

Lower Bound 1 = 8773
Lower Bound 2 = 7902
Avaliação = 1.39371

Tempo de execução: 60.0001s

---------------------------

Largura da faixa = 745
Melhor altura = 12227

Lower Bound 1 = 8773
Lower Bound 2 = 7902
Avaliação = 1.39371

Tempo de execução: 60.0001s

---------------------------

Largura da faixa = 745
Melhor altura = 12227

Lower Bound 1 = 8773
Lower Bound 2 = 7902
Avaliação = 1.39371

Tempo de execução: 60.0001s

---------------------------

Largura da faixa = 745
Melhor altura = 12227

Lower Bound 1 = 8773
Lower Bound 2 = 7902
Avaliação = 1.39371

Tempo de execução: 60.0001s

---------------------------

Largura da faixa = 745
Melhor altura = 12227

Lower Bound 1 = 8773
Lower Bound 2 = 7902
Avaliação = 1.39371

Tempo de execução: 60.0001s

---------------------------

Largura da faixa = 745
Melhor altura = 12227

Lower Bound 1 = 8773
Lower Bound 2 = 7902
Avaliação = 1.39371

Tempo de execução: 60.0001s

---------------------------

Largura da faixa = 745
Melhor altura = 12227

Lower Bound 1 = 8773
Lower Bound 2 = 7902
Avaliação = 1.39371

Tempo de execução: 60s

---------------------------

Largura da faixa = 745
Melhor altura = 12227

Lower Bound 1 = 8773
Lower Bound 2 = 7902
Avaliação = 1.39371

Tempo de execução: 60.0001s

---------------------------

Largura da faixa = 745
Melhor altura = 12227

Lower Bound 1 = 8773
Lower Bound 2 = 7902
Avaliação = 1.39371

Tempo de execução: 60.0005s

---------------------------

