Largura da faixa = 742
Melhor altura = 9654

Lower Bound 1 = 7217
Lower Bound 2 = 6803
Avaliação = 1.33767

Tempo de execução: 60s

---------------------------

Largura da faixa = 742
Melhor altura = 9654

Lower Bound 1 = 7217
Lower Bound 2 = 6803
Avaliação = 1.33767

Tempo de execução: 60.0001s

---------------------------

Largura da faixa = 742
Melhor altura = 9654

Lower Bound 1 = 7217
Lower Bound 2 = 6803
Avaliação = 1.33767

Tempo de execução: 60s

---------------------------

Largura da faixa = 742
Melhor altura = 9654

Lower Bound 1 = 7217
Lower Bound 2 = 6803
Avaliação = 1.33767

Tempo de execução: 60s

---------------------------

Largura da faixa = 742
Melhor altura = 9654

Lower Bound 1 = 7217
Lower Bound 2 = 6803
Avaliação = 1.33767

Tempo de execução: 60s

---------------------------

Largura da faixa = 742
Melhor altura = 9654

Lower Bound 1 = 7217
Lower Bound 2 = 6803
Avaliação = 1.33767

Tempo de execução: 60.0001s

---------------------------

Largura da faixa = 742
Melhor altura = 9654

Lower Bound 1 = 7217
Lower Bound 2 = 6803
Avaliação = 1.33767

Tempo de execução: 60.0001s

---------------------------

Largura da faixa = 742
Melhor altura = 9654

Lower Bound 1 = 7217
Lower Bound 2 = 6803
Avaliação = 1.33767

Tempo de execução: 60.0001s

---------------------------

Largura da faixa = 742
Melhor altura = 9654

Lower Bound 1 = 7217
Lower Bound 2 = 6803
Avaliação = 1.33767

Tempo de execução: 60.0002s

---------------------------

Largura da faixa = 742
Melhor altura = 9654

Lower Bound 1 = 7217
Lower Bound 2 = 6803
Avaliação = 1.33767

Tempo de execução: 60.0001s

---------------------------

Largura da faixa = 742
Melhor altura = 9654

Lower Bound 1 = 7217
Lower Bound 2 = 6803
Avaliação = 1.33767

Tempo de execução: 60s

---------------------------

Largura da faixa = 742
Melhor altura = 9654

Lower Bound 1 = 7217
Lower Bound 2 = 6803
Avaliação = 1.33767

Tempo de execução: 60.0001s

---------------------------

Largura da faixa = 742
Melhor altura = 9654

Lower Bound 1 = 7217
Lower Bound 2 = 6803
Avaliação = 1.33767

Tempo de execução: 60s

---------------------------

Largura da faixa = 742
Melhor altura = 9654

Lower Bound 1 = 7217
Lower Bound 2 = 6803
Avaliação = 1.33767

Tempo de execução: 60s

---------------------------

Largura da faixa = 742
Melhor altura = 9654

Lower Bound 1 = 7217
Lower Bound 2 = 6803
Avaliação = 1.33767

Tempo de execução: 60s

---------------------------

Largura da faixa = 742
Melhor altura = 9654

Lower Bound 1 = 7217
Lower Bound 2 = 6803
Avaliação = 1.33767

Tempo de execução: 60s

---------------------------

Largura da faixa = 742
Melhor altura = 9654

Lower Bound 1 = 7217
Lower Bound 2 = 6803
Avaliação = 1.33767

Tempo de execução: 60.0001s

---------------------------

Largura da faixa = 742
Melhor altura = 9654

Lower Bound 1 = 7217
Lower Bound 2 = 6803
Avaliação = 1.33767

Tempo de execução: 60.0001s

---------------------------

Largura da faixa = 742
Melhor altura = 9654

Lower Bound 1 = 7217
Lower Bound 2 = 6803
Avaliação = 1.33767

Tempo de execução: 60s

---------------------------

Largura da faixa = 742
Melhor altura = 9654

Lower Bound 1 = 7217
Lower Bound 2 = 6803
Avaliação = 1.33767

Tempo de execução: 60.0001s

---------------------------

