Largura da faixa = 35
Melhor altura = 152

Lower Bound 1 = 124
Lower Bound 2 = 117
Avaliação = 1.22581

Tempo de execução: 60.0001s

---------------------------

Largura da faixa = 35
Melhor altura = 155

Lower Bound 1 = 124
Lower Bound 2 = 117
Avaliação = 1.25

Tempo de execução: 60s

---------------------------

Largura da faixa = 35
Melhor altura = 152

Lower Bound 1 = 124
Lower Bound 2 = 117
Avaliação = 1.22581

Tempo de execução: 60.0001s

---------------------------

Largura da faixa = 35
Melhor altura = 152

Lower Bound 1 = 124
Lower Bound 2 = 117
Avaliação = 1.22581

Tempo de execução: 60s

---------------------------

Largura da faixa = 35
Melhor altura = 152

Lower Bound 1 = 124
Lower Bound 2 = 117
Avaliação = 1.22581

Tempo de execução: 60s

---------------------------

Largura da faixa = 35
Melhor altura = 152

Lower Bound 1 = 124
Lower Bound 2 = 117
Avaliação = 1.22581

Tempo de execução: 60s

---------------------------

Largura da faixa = 35
Melhor altura = 152

Lower Bound 1 = 124
Lower Bound 2 = 117
Avaliação = 1.22581

Tempo de execução: 60.0001s

---------------------------

Largura da faixa = 35
Melhor altura = 152

Lower Bound 1 = 124
Lower Bound 2 = 117
Avaliação = 1.22581

Tempo de execução: 60s

---------------------------

Largura da faixa = 35
Melhor altura = 152

Lower Bound 1 = 124
Lower Bound 2 = 117
Avaliação = 1.22581

Tempo de execução: 60s

---------------------------

Largura da faixa = 35
Melhor altura = 152

Lower Bound 1 = 124
Lower Bound 2 = 117
Avaliação = 1.22581

Tempo de execução: 60s

---------------------------

Largura da faixa = 35
Melhor altura = 152

Lower Bound 1 = 124
Lower Bound 2 = 117
Avaliação = 1.22581

Tempo de execução: 60s

---------------------------

Largura da faixa = 35
Melhor altura = 152

Lower Bound 1 = 124
Lower Bound 2 = 117
Avaliação = 1.22581

Tempo de execução: 60.0001s

---------------------------

Largura da faixa = 35
Melhor altura = 152

Lower Bound 1 = 124
Lower Bound 2 = 117
Avaliação = 1.22581

Tempo de execução: 60s

---------------------------

Largura da faixa = 35
Melhor altura = 152

Lower Bound 1 = 124
Lower Bound 2 = 117
Avaliação = 1.22581

Tempo de execução: 60s

---------------------------

Largura da faixa = 35
Melhor altura = 152

Lower Bound 1 = 124
Lower Bound 2 = 117
Avaliação = 1.22581

Tempo de execução: 60.0001s

---------------------------

Largura da faixa = 35
Melhor altura = 152

Lower Bound 1 = 124
Lower Bound 2 = 117
Avaliação = 1.22581

Tempo de execução: 60s

---------------------------

Largura da faixa = 35
Melhor altura = 152

Lower Bound 1 = 124
Lower Bound 2 = 117
Avaliação = 1.22581

Tempo de execução: 60.0001s

---------------------------

Largura da faixa = 35
Melhor altura = 152

Lower Bound 1 = 124
Lower Bound 2 = 117
Avaliação = 1.22581

Tempo de execução: 60.0001s

---------------------------

Largura da faixa = 35
Melhor altura = 152

Lower Bound 1 = 124
Lower Bound 2 = 117
Avaliação = 1.22581

Tempo de execução: 60s

---------------------------

Largura da faixa = 35
Melhor altura = 152

Lower Bound 1 = 124
Lower Bound 2 = 117
Avaliação = 1.22581

Tempo de execução: 60.0001s

---------------------------

