Largura da faixa = 12
Melhor altura = 200

Lower Bound 1 = 174
Lower Bound 2 = 171
Avaliação = 1.14943

Tempo de execução: 60.0001s

---------------------------

Largura da faixa = 12
Melhor altura = 200

Lower Bound 1 = 174
Lower Bound 2 = 171
Avaliação = 1.14943

Tempo de execução: 60s

---------------------------

Largura da faixa = 12
Melhor altura = 198

Lower Bound 1 = 174
Lower Bound 2 = 171
Avaliação = 1.13793

Tempo de execução: 60.0004s

---------------------------

Largura da faixa = 12
Melhor altura = 201

Lower Bound 1 = 174
Lower Bound 2 = 171
Avaliação = 1.15517

Tempo de execução: 60s

---------------------------

Largura da faixa = 12
Melhor altura = 200

Lower Bound 1 = 174
Lower Bound 2 = 171
Avaliação = 1.14943

Tempo de execução: 60.0002s

---------------------------

Largura da faixa = 12
Melhor altura = 201

Lower Bound 1 = 174
Lower Bound 2 = 171
Avaliação = 1.15517

Tempo de execução: 60.0004s

---------------------------

Largura da faixa = 12
Melhor altura = 198

Lower Bound 1 = 174
Lower Bound 2 = 171
Avaliação = 1.13793

Tempo de execução: 60.0002s

---------------------------

Largura da faixa = 12
Melhor altura = 202

Lower Bound 1 = 174
Lower Bound 2 = 171
Avaliação = 1.16092

Tempo de execução: 60s

---------------------------

Largura da faixa = 12
Melhor altura = 201

Lower Bound 1 = 174
Lower Bound 2 = 171
Avaliação = 1.15517

Tempo de execução: 60.0001s

---------------------------

Largura da faixa = 12
Melhor altura = 200

Lower Bound 1 = 174
Lower Bound 2 = 171
Avaliação = 1.14943

Tempo de execução: 60.0001s

---------------------------

Largura da faixa = 12
Melhor altura = 201

Lower Bound 1 = 174
Lower Bound 2 = 171
Avaliação = 1.15517

Tempo de execução: 60.0001s

---------------------------

Largura da faixa = 12
Melhor altura = 201

Lower Bound 1 = 174
Lower Bound 2 = 171
Avaliação = 1.15517

Tempo de execução: 60.0003s

---------------------------

Largura da faixa = 12
Melhor altura = 199

Lower Bound 1 = 174
Lower Bound 2 = 171
Avaliação = 1.14368

Tempo de execução: 60s

---------------------------

Largura da faixa = 12
Melhor altura = 199

Lower Bound 1 = 174
Lower Bound 2 = 171
Avaliação = 1.14368

Tempo de execução: 60.0001s

---------------------------

Largura da faixa = 12
Melhor altura = 200

Lower Bound 1 = 174
Lower Bound 2 = 171
Avaliação = 1.14943

Tempo de execução: 60.0002s

---------------------------

Largura da faixa = 12
Melhor altura = 200

Lower Bound 1 = 174
Lower Bound 2 = 171
Avaliação = 1.14943

Tempo de execução: 60s

---------------------------

Largura da faixa = 12
Melhor altura = 199

Lower Bound 1 = 174
Lower Bound 2 = 171
Avaliação = 1.14368

Tempo de execução: 60s

---------------------------

Largura da faixa = 12
Melhor altura = 199

Lower Bound 1 = 174
Lower Bound 2 = 171
Avaliação = 1.14368

Tempo de execução: 60.0004s

---------------------------

Largura da faixa = 12
Melhor altura = 200

Lower Bound 1 = 174
Lower Bound 2 = 171
Avaliação = 1.14943

Tempo de execução: 60.0001s

---------------------------

Largura da faixa = 12
Melhor altura = 199

Lower Bound 1 = 174
Lower Bound 2 = 171
Avaliação = 1.14368

Tempo de execução: 60s

---------------------------

