Largura da faixa = 12
Melhor altura = 321

Lower Bound 1 = 277
Lower Bound 2 = 262
Avaliação = 1.15884

Tempo de execução: 60.0001s

---------------------------

Largura da faixa = 12
Melhor altura = 322

Lower Bound 1 = 277
Lower Bound 2 = 262
Avaliação = 1.16245

Tempo de execução: 60.0002s

---------------------------

Largura da faixa = 12
Melhor altura = 326

Lower Bound 1 = 277
Lower Bound 2 = 262
Avaliação = 1.1769

Tempo de execução: 60.0005s

---------------------------

Largura da faixa = 12
Melhor altura = 324

Lower Bound 1 = 277
Lower Bound 2 = 262
Avaliação = 1.16968

Tempo de execução: 60.0001s

---------------------------

Largura da faixa = 12
Melhor altura = 320

Lower Bound 1 = 277
Lower Bound 2 = 262
Avaliação = 1.15523

Tempo de execução: 60.0005s

---------------------------

Largura da faixa = 12
Melhor altura = 323

Lower Bound 1 = 277
Lower Bound 2 = 262
Avaliação = 1.16606

Tempo de execução: 60s

---------------------------

Largura da faixa = 12
Melhor altura = 320

Lower Bound 1 = 277
Lower Bound 2 = 262
Avaliação = 1.15523

Tempo de execução: 60.0001s

---------------------------

Largura da faixa = 12
Melhor altura = 320

Lower Bound 1 = 277
Lower Bound 2 = 262
Avaliação = 1.15523

Tempo de execução: 60.0003s

---------------------------

Largura da faixa = 12
Melhor altura = 322

Lower Bound 1 = 277
Lower Bound 2 = 262
Avaliação = 1.16245

Tempo de execução: 60.0005s

---------------------------

Largura da faixa = 12
Melhor altura = 322

Lower Bound 1 = 277
Lower Bound 2 = 262
Avaliação = 1.16245

Tempo de execução: 60.0001s

---------------------------

Largura da faixa = 12
Melhor altura = 323

Lower Bound 1 = 277
Lower Bound 2 = 262
Avaliação = 1.16606

Tempo de execução: 60.0006s

---------------------------

Largura da faixa = 12
Melhor altura = 321

Lower Bound 1 = 277
Lower Bound 2 = 262
Avaliação = 1.15884

Tempo de execução: 60.0005s

---------------------------

Largura da faixa = 12
Melhor altura = 319

Lower Bound 1 = 277
Lower Bound 2 = 262
Avaliação = 1.15162

Tempo de execução: 60.0001s

---------------------------

Largura da faixa = 12
Melhor altura = 323

Lower Bound 1 = 277
Lower Bound 2 = 262
Avaliação = 1.16606

Tempo de execução: 60s

---------------------------

Largura da faixa = 12
Melhor altura = 323

Lower Bound 1 = 277
Lower Bound 2 = 262
Avaliação = 1.16606

Tempo de execução: 60.0002s

---------------------------

Largura da faixa = 12
Melhor altura = 323

Lower Bound 1 = 277
Lower Bound 2 = 262
Avaliação = 1.16606

Tempo de execução: 60.0001s

---------------------------

Largura da faixa = 12
Melhor altura = 322

Lower Bound 1 = 277
Lower Bound 2 = 262
Avaliação = 1.16245

Tempo de execução: 60.0004s

---------------------------

Largura da faixa = 12
Melhor altura = 322

Lower Bound 1 = 277
Lower Bound 2 = 262
Avaliação = 1.16245

Tempo de execução: 60.0002s

---------------------------

Largura da faixa = 12
Melhor altura = 322

Lower Bound 1 = 277
Lower Bound 2 = 262
Avaliação = 1.16245

Tempo de execução: 60s

---------------------------

Largura da faixa = 12
Melhor altura = 322

Lower Bound 1 = 277
Lower Bound 2 = 262
Avaliação = 1.16245

Tempo de execução: 60.0004s

---------------------------

