Largura da faixa = 12
Melhor altura = 145

Lower Bound 1 = 118
Lower Bound 2 = 134
Avaliação = 1.08209

Tempo de execução: 60.0001s

---------------------------

Largura da faixa = 12
Melhor altura = 145

Lower Bound 1 = 118
Lower Bound 2 = 134
Avaliação = 1.08209

Tempo de execução: 60s

---------------------------

Largura da faixa = 12
Melhor altura = 145

Lower Bound 1 = 118
Lower Bound 2 = 134
Avaliação = 1.08209

Tempo de execução: 60.0001s

---------------------------

Largura da faixa = 12
Melhor altura = 145

Lower Bound 1 = 118
Lower Bound 2 = 134
Avaliação = 1.08209

Tempo de execução: 60s

---------------------------

Largura da faixa = 12
Melhor altura = 145

Lower Bound 1 = 118
Lower Bound 2 = 134
Avaliação = 1.08209

Tempo de execução: 60.0001s

---------------------------

Largura da faixa = 12
Melhor altura = 145

Lower Bound 1 = 118
Lower Bound 2 = 134
Avaliação = 1.08209

Tempo de execução: 60s

---------------------------

Largura da faixa = 12
Melhor altura = 145

Lower Bound 1 = 118
Lower Bound 2 = 134
Avaliação = 1.08209

Tempo de execução: 60s

---------------------------

Largura da faixa = 12
Melhor altura = 145

Lower Bound 1 = 118
Lower Bound 2 = 134
Avaliação = 1.08209

Tempo de execução: 60.0001s

---------------------------

Largura da faixa = 12
Melhor altura = 145

Lower Bound 1 = 118
Lower Bound 2 = 134
Avaliação = 1.08209

Tempo de execução: 60s

---------------------------

Largura da faixa = 12
Melhor altura = 145

Lower Bound 1 = 118
Lower Bound 2 = 134
Avaliação = 1.08209

Tempo de execução: 60.0001s

---------------------------

Largura da faixa = 12
Melhor altura = 145

Lower Bound 1 = 118
Lower Bound 2 = 134
Avaliação = 1.08209

Tempo de execução: 60.0001s

---------------------------

Largura da faixa = 12
Melhor altura = 145

Lower Bound 1 = 118
Lower Bound 2 = 134
Avaliação = 1.08209

Tempo de execução: 60s

---------------------------

Largura da faixa = 12
Melhor altura = 145

Lower Bound 1 = 118
Lower Bound 2 = 134
Avaliação = 1.08209

Tempo de execução: 60.0001s

---------------------------

Largura da faixa = 12
Melhor altura = 145

Lower Bound 1 = 118
Lower Bound 2 = 134
Avaliação = 1.08209

Tempo de execução: 60.0002s

---------------------------

Largura da faixa = 12
Melhor altura = 145

Lower Bound 1 = 118
Lower Bound 2 = 134
Avaliação = 1.08209

Tempo de execução: 60s

---------------------------

Largura da faixa = 12
Melhor altura = 145

Lower Bound 1 = 118
Lower Bound 2 = 134
Avaliação = 1.08209

Tempo de execução: 60s

---------------------------

Largura da faixa = 12
Melhor altura = 145

Lower Bound 1 = 118
Lower Bound 2 = 134
Avaliação = 1.08209

Tempo de execução: 60.0001s

---------------------------

Largura da faixa = 12
Melhor altura = 145

Lower Bound 1 = 118
Lower Bound 2 = 134
Avaliação = 1.08209

Tempo de execução: 60s

---------------------------

Largura da faixa = 12
Melhor altura = 145

Lower Bound 1 = 118
Lower Bound 2 = 134
Avaliação = 1.08209

Tempo de execução: 60s

---------------------------

Largura da faixa = 12
Melhor altura = 145

Lower Bound 1 = 118
Lower Bound 2 = 134
Avaliação = 1.08209

Tempo de execução: 60s

---------------------------

