Largura da faixa = 12
Melhor altura = 622

Lower Bound 1 = 518
Lower Bound 2 = 472
Avaliação = 1.20077

Tempo de execução: 60.0001s

---------------------------

Largura da faixa = 12
Melhor altura = 615

Lower Bound 1 = 518
Lower Bound 2 = 472
Avaliação = 1.18726

Tempo de execução: 60.0008s

---------------------------

Largura da faixa = 12
Melhor altura = 614

Lower Bound 1 = 518
Lower Bound 2 = 472
Avaliação = 1.18533

Tempo de execução: 60.0024s

---------------------------

Largura da faixa = 12
Melhor altura = 621

Lower Bound 1 = 518
Lower Bound 2 = 472
Avaliação = 1.19884

Tempo de execução: 60.0004s

---------------------------

Largura da faixa = 12
Melhor altura = 620

Lower Bound 1 = 518
Lower Bound 2 = 472
Avaliação = 1.19691

Tempo de execução: 60.001s

---------------------------

Largura da faixa = 12
Melhor altura = 619

Lower Bound 1 = 518
Lower Bound 2 = 472
Avaliação = 1.19498

Tempo de execução: 60.001s

---------------------------

Largura da faixa = 12
Melhor altura = 612

Lower Bound 1 = 518
Lower Bound 2 = 472
Avaliação = 1.18147

Tempo de execução: 60.0001s

---------------------------

Largura da faixa = 12
Melhor altura = 615

Lower Bound 1 = 518
Lower Bound 2 = 472
Avaliação = 1.18726

Tempo de execução: 60.0009s

---------------------------

Largura da faixa = 12
Melhor altura = 618

Lower Bound 1 = 518
Lower Bound 2 = 472
Avaliação = 1.19305

Tempo de execução: 60.0013s

---------------------------

Largura da faixa = 12
Melhor altura = 613

Lower Bound 1 = 518
Lower Bound 2 = 472
Avaliação = 1.1834

Tempo de execução: 60.0002s

---------------------------

Largura da faixa = 12
Melhor altura = 619

Lower Bound 1 = 518
Lower Bound 2 = 472
Avaliação = 1.19498

Tempo de execução: 60.0002s

---------------------------

Largura da faixa = 12
Melhor altura = 616

Lower Bound 1 = 518
Lower Bound 2 = 472
Avaliação = 1.18919

Tempo de execução: 60.0008s

---------------------------

Largura da faixa = 12
Melhor altura = 620

Lower Bound 1 = 518
Lower Bound 2 = 472
Avaliação = 1.19691

Tempo de execução: 60.0004s

---------------------------

Largura da faixa = 12
Melhor altura = 613

Lower Bound 1 = 518
Lower Bound 2 = 472
Avaliação = 1.1834

Tempo de execução: 60.0003s

---------------------------

Largura da faixa = 12
Melhor altura = 616

Lower Bound 1 = 518
Lower Bound 2 = 472
Avaliação = 1.18919

Tempo de execução: 60.0011s

---------------------------

Largura da faixa = 12
Melhor altura = 620

Lower Bound 1 = 518
Lower Bound 2 = 472
Avaliação = 1.19691

Tempo de execução: 60.0001s

---------------------------

Largura da faixa = 12
Melhor altura = 611

Lower Bound 1 = 518
Lower Bound 2 = 472
Avaliação = 1.17954

Tempo de execução: 60s

---------------------------

Largura da faixa = 12
Melhor altura = 622

Lower Bound 1 = 518
Lower Bound 2 = 472
Avaliação = 1.20077

Tempo de execução: 60.0007s

---------------------------

Largura da faixa = 12
Melhor altura = 616

Lower Bound 1 = 518
Lower Bound 2 = 472
Avaliação = 1.18919

Tempo de execução: 60.0011s

---------------------------

Largura da faixa = 12
Melhor altura = 613

Lower Bound 1 = 518
Lower Bound 2 = 472
Avaliação = 1.1834

Tempo de execução: 60.0008s

---------------------------

