Largura da faixa = 12
Melhor altura = 78

Lower Bound 1 = 61
Lower Bound 2 = 75
Avaliação = 1.04

Tempo de execução: 60s

---------------------------

Largura da faixa = 12
Melhor altura = 78

Lower Bound 1 = 61
Lower Bound 2 = 75
Avaliação = 1.04

Tempo de execução: 60s

---------------------------

Largura da faixa = 12
Melhor altura = 78

Lower Bound 1 = 61
Lower Bound 2 = 75
Avaliação = 1.04

Tempo de execução: 60s

---------------------------

Largura da faixa = 12
Melhor altura = 78

Lower Bound 1 = 61
Lower Bound 2 = 75
Avaliação = 1.04

Tempo de execução: 60s

---------------------------

Largura da faixa = 12
Melhor altura = 78

Lower Bound 1 = 61
Lower Bound 2 = 75
Avaliação = 1.04

Tempo de execução: 60s

---------------------------

Largura da faixa = 12
Melhor altura = 78

Lower Bound 1 = 61
Lower Bound 2 = 75
Avaliação = 1.04

Tempo de execução: 60s

---------------------------

Largura da faixa = 12
Melhor altura = 78

Lower Bound 1 = 61
Lower Bound 2 = 75
Avaliação = 1.04

Tempo de execução: 60.0001s

---------------------------

Largura da faixa = 12
Melhor altura = 78

Lower Bound 1 = 61
Lower Bound 2 = 75
Avaliação = 1.04

Tempo de execução: 60s

---------------------------

Largura da faixa = 12
Melhor altura = 78

Lower Bound 1 = 61
Lower Bound 2 = 75
Avaliação = 1.04

Tempo de execução: 60s

---------------------------

Largura da faixa = 12
Melhor altura = 78

Lower Bound 1 = 61
Lower Bound 2 = 75
Avaliação = 1.04

Tempo de execução: 60s

---------------------------

Largura da faixa = 12
Melhor altura = 78

Lower Bound 1 = 61
Lower Bound 2 = 75
Avaliação = 1.04

Tempo de execução: 60s

---------------------------

Largura da faixa = 12
Melhor altura = 78

Lower Bound 1 = 61
Lower Bound 2 = 75
Avaliação = 1.04

Tempo de execução: 60s

---------------------------

Largura da faixa = 12
Melhor altura = 78

Lower Bound 1 = 61
Lower Bound 2 = 75
Avaliação = 1.04

Tempo de execução: 60s

---------------------------

Largura da faixa = 12
Melhor altura = 78

Lower Bound 1 = 61
Lower Bound 2 = 75
Avaliação = 1.04

Tempo de execução: 60s

---------------------------

Largura da faixa = 12
Melhor altura = 78

Lower Bound 1 = 61
Lower Bound 2 = 75
Avaliação = 1.04

Tempo de execução: 60s

---------------------------

Largura da faixa = 12
Melhor altura = 78

Lower Bound 1 = 61
Lower Bound 2 = 75
Avaliação = 1.04

Tempo de execução: 60s

---------------------------

Largura da faixa = 12
Melhor altura = 78

Lower Bound 1 = 61
Lower Bound 2 = 75
Avaliação = 1.04

Tempo de execução: 60s

---------------------------

Largura da faixa = 12
Melhor altura = 78

Lower Bound 1 = 61
Lower Bound 2 = 75
Avaliação = 1.04

Tempo de execução: 60s

---------------------------

Largura da faixa = 12
Melhor altura = 78

Lower Bound 1 = 61
Lower Bound 2 = 75
Avaliação = 1.04

Tempo de execução: 60s

---------------------------

Largura da faixa = 12
Melhor altura = 78

Lower Bound 1 = 61
Lower Bound 2 = 75
Avaliação = 1.04

Tempo de execução: 60.0001s

---------------------------

