Largura da faixa = 12
Melhor altura = 132

Lower Bound 1 = 118
Lower Bound 2 = 126
Avaliação = 1.04762

Tempo de execução: 60s

---------------------------

Largura da faixa = 12
Melhor altura = 132

Lower Bound 1 = 118
Lower Bound 2 = 126
Avaliação = 1.04762

Tempo de execução: 60.0002s

---------------------------

Largura da faixa = 12
Melhor altura = 131

Lower Bound 1 = 118
Lower Bound 2 = 126
Avaliação = 1.03968

Tempo de execução: 60s

---------------------------

Largura da faixa = 12
Melhor altura = 132

Lower Bound 1 = 118
Lower Bound 2 = 126
Avaliação = 1.04762

Tempo de execução: 60s

---------------------------

Largura da faixa = 12
Melhor altura = 131

Lower Bound 1 = 118
Lower Bound 2 = 126
Avaliação = 1.03968

Tempo de execução: 60.0002s

---------------------------

Largura da faixa = 12
Melhor altura = 132

Lower Bound 1 = 118
Lower Bound 2 = 126
Avaliação = 1.04762

Tempo de execução: 60s

---------------------------

Largura da faixa = 12
Melhor altura = 132

Lower Bound 1 = 118
Lower Bound 2 = 126
Avaliação = 1.04762

Tempo de execução: 60.0001s

---------------------------

Largura da faixa = 12
Melhor altura = 132

Lower Bound 1 = 118
Lower Bound 2 = 126
Avaliação = 1.04762

Tempo de execução: 60s

---------------------------

Largura da faixa = 12
Melhor altura = 131

Lower Bound 1 = 118
Lower Bound 2 = 126
Avaliação = 1.03968

Tempo de execução: 60.0001s

---------------------------

Largura da faixa = 12
Melhor altura = 132

Lower Bound 1 = 118
Lower Bound 2 = 126
Avaliação = 1.04762

Tempo de execução: 60s

---------------------------

Largura da faixa = 12
Melhor altura = 131

Lower Bound 1 = 118
Lower Bound 2 = 126
Avaliação = 1.03968

Tempo de execução: 60s

---------------------------

Largura da faixa = 12
Melhor altura = 131

Lower Bound 1 = 118
Lower Bound 2 = 126
Avaliação = 1.03968

Tempo de execução: 60s

---------------------------

Largura da faixa = 12
Melhor altura = 132

Lower Bound 1 = 118
Lower Bound 2 = 126
Avaliação = 1.04762

Tempo de execução: 60.0001s

---------------------------

Largura da faixa = 12
Melhor altura = 132

Lower Bound 1 = 118
Lower Bound 2 = 126
Avaliação = 1.04762

Tempo de execução: 60.0001s

---------------------------

Largura da faixa = 12
Melhor altura = 131

Lower Bound 1 = 118
Lower Bound 2 = 126
Avaliação = 1.03968

Tempo de execução: 60.0001s

---------------------------

Largura da faixa = 12
Melhor altura = 132

Lower Bound 1 = 118
Lower Bound 2 = 126
Avaliação = 1.04762

Tempo de execução: 60s

---------------------------

Largura da faixa = 12
Melhor altura = 132

Lower Bound 1 = 118
Lower Bound 2 = 126
Avaliação = 1.04762

Tempo de execução: 60.0001s

---------------------------

Largura da faixa = 12
Melhor altura = 132

Lower Bound 1 = 118
Lower Bound 2 = 126
Avaliação = 1.04762

Tempo de execução: 60s

---------------------------

Largura da faixa = 12
Melhor altura = 132

Lower Bound 1 = 118
Lower Bound 2 = 126
Avaliação = 1.04762

Tempo de execução: 60s

---------------------------

Largura da faixa = 12
Melhor altura = 131

Lower Bound 1 = 118
Lower Bound 2 = 126
Avaliação = 1.03968

Tempo de execução: 60s

---------------------------

