Largura da faixa = 12
Melhor altura = 479

Lower Bound 1 = 417
Lower Bound 2 = 350
Avaliação = 1.14868

Tempo de execução: 60.0006s

---------------------------

Largura da faixa = 12
Melhor altura = 481

Lower Bound 1 = 417
Lower Bound 2 = 350
Avaliação = 1.15348

Tempo de execução: 60.0003s

---------------------------

Largura da faixa = 12
Melhor altura = 480

Lower Bound 1 = 417
Lower Bound 2 = 350
Avaliação = 1.15108

Tempo de execução: 60.0006s

---------------------------

Largura da faixa = 12
Melhor altura = 477

Lower Bound 1 = 417
Lower Bound 2 = 350
Avaliação = 1.14388

Tempo de execução: 60.0001s

---------------------------

Largura da faixa = 12
Melhor altura = 476

Lower Bound 1 = 417
Lower Bound 2 = 350
Avaliação = 1.14149

Tempo de execução: 60s

---------------------------

Largura da faixa = 12
Melhor altura = 484

Lower Bound 1 = 417
Lower Bound 2 = 350
Avaliação = 1.16067

Tempo de execução: 60.0002s

---------------------------

Largura da faixa = 12
Melhor altura = 484

Lower Bound 1 = 417
Lower Bound 2 = 350
Avaliação = 1.16067

Tempo de execução: 60.0004s

---------------------------

Largura da faixa = 12
Melhor altura = 478

Lower Bound 1 = 417
Lower Bound 2 = 350
Avaliação = 1.14628

Tempo de execução: 60.0008s

---------------------------

Largura da faixa = 12
Melhor altura = 479

Lower Bound 1 = 417
Lower Bound 2 = 350
Avaliação = 1.14868

Tempo de execução: 60.0006s

---------------------------

Largura da faixa = 12
Melhor altura = 477

Lower Bound 1 = 417
Lower Bound 2 = 350
Avaliação = 1.14388

Tempo de execução: 60.0004s

---------------------------

Largura da faixa = 12
Melhor altura = 478

Lower Bound 1 = 417
Lower Bound 2 = 350
Avaliação = 1.14628

Tempo de execução: 60.0003s

---------------------------

Largura da faixa = 12
Melhor altura = 485

Lower Bound 1 = 417
Lower Bound 2 = 350
Avaliação = 1.16307

Tempo de execução: 60.0009s

---------------------------

Largura da faixa = 12
Melhor altura = 485

Lower Bound 1 = 417
Lower Bound 2 = 350
Avaliação = 1.16307

Tempo de execução: 60s

---------------------------

Largura da faixa = 12
Melhor altura = 481

Lower Bound 1 = 417
Lower Bound 2 = 350
Avaliação = 1.15348

Tempo de execução: 60s

---------------------------

Largura da faixa = 12
Melhor altura = 484

Lower Bound 1 = 417
Lower Bound 2 = 350
Avaliação = 1.16067

Tempo de execução: 60.0002s

---------------------------

Largura da faixa = 12
Melhor altura = 479

Lower Bound 1 = 417
Lower Bound 2 = 350
Avaliação = 1.14868

Tempo de execução: 60.0003s

---------------------------

Largura da faixa = 12
Melhor altura = 478

Lower Bound 1 = 417
Lower Bound 2 = 350
Avaliação = 1.14628

Tempo de execução: 60.0001s

---------------------------

Largura da faixa = 12
Melhor altura = 474

Lower Bound 1 = 417
Lower Bound 2 = 350
Avaliação = 1.13669

Tempo de execução: 60.0001s

---------------------------

Largura da faixa = 12
Melhor altura = 479

Lower Bound 1 = 417
Lower Bound 2 = 350
Avaliação = 1.14868

Tempo de execução: 60.0006s

---------------------------

Largura da faixa = 12
Melhor altura = 476

Lower Bound 1 = 417
Lower Bound 2 = 350
Avaliação = 1.14149

Tempo de execução: 60.0009s

---------------------------

