Largura da faixa = 12
Melhor altura = 395

Lower Bound 1 = 335
Lower Bound 2 = 262
Avaliação = 1.1791

Tempo de execução: 60.0002s

---------------------------

Largura da faixa = 12
Melhor altura = 400

Lower Bound 1 = 335
Lower Bound 2 = 262
Avaliação = 1.19403

Tempo de execução: 60.0003s

---------------------------

Largura da faixa = 12
Melhor altura = 396

Lower Bound 1 = 335
Lower Bound 2 = 262
Avaliação = 1.18209

Tempo de execução: 60.0009s

---------------------------

Largura da faixa = 12
Melhor altura = 395

Lower Bound 1 = 335
Lower Bound 2 = 262
Avaliação = 1.1791

Tempo de execução: 60.0006s

---------------------------

Largura da faixa = 12
Melhor altura = 398

Lower Bound 1 = 335
Lower Bound 2 = 262
Avaliação = 1.18806

Tempo de execução: 60s

---------------------------

Largura da faixa = 12
Melhor altura = 396

Lower Bound 1 = 335
Lower Bound 2 = 262
Avaliação = 1.18209

Tempo de execução: 60.0001s

---------------------------

Largura da faixa = 12
Melhor altura = 400

Lower Bound 1 = 335
Lower Bound 2 = 262
Avaliação = 1.19403

Tempo de execução: 60.0006s

---------------------------

Largura da faixa = 12
Melhor altura = 395

Lower Bound 1 = 335
Lower Bound 2 = 262
Avaliação = 1.1791

Tempo de execução: 60.0005s

---------------------------

Largura da faixa = 12
Melhor altura = 393

Lower Bound 1 = 335
Lower Bound 2 = 262
Avaliação = 1.17313

Tempo de execução: 60.0004s

---------------------------

Largura da faixa = 12
Melhor altura = 399

Lower Bound 1 = 335
Lower Bound 2 = 262
Avaliação = 1.19104

Tempo de execução: 60.0004s

---------------------------

Largura da faixa = 12
Melhor altura = 401

Lower Bound 1 = 335
Lower Bound 2 = 262
Avaliação = 1.19701

Tempo de execução: 60.0004s

---------------------------

Largura da faixa = 12
Melhor altura = 396

Lower Bound 1 = 335
Lower Bound 2 = 262
Avaliação = 1.18209

Tempo de execução: 60.0001s

---------------------------

Largura da faixa = 12
Melhor altura = 394

Lower Bound 1 = 335
Lower Bound 2 = 262
Avaliação = 1.17612

Tempo de execução: 60.0001s

---------------------------

Largura da faixa = 12
Melhor altura = 387

Lower Bound 1 = 335
Lower Bound 2 = 262
Avaliação = 1.15522

Tempo de execução: 60.0002s

---------------------------

Largura da faixa = 12
Melhor altura = 396

Lower Bound 1 = 335
Lower Bound 2 = 262
Avaliação = 1.18209

Tempo de execução: 60.0007s

---------------------------

Largura da faixa = 12
Melhor altura = 389

Lower Bound 1 = 335
Lower Bound 2 = 262
Avaliação = 1.16119

Tempo de execução: 60.0005s

---------------------------

Largura da faixa = 12
Melhor altura = 397

Lower Bound 1 = 335
Lower Bound 2 = 262
Avaliação = 1.18507

Tempo de execução: 60s

---------------------------

Largura da faixa = 12
Melhor altura = 394

Lower Bound 1 = 335
Lower Bound 2 = 262
Avaliação = 1.17612

Tempo de execução: 60.0006s

---------------------------

Largura da faixa = 12
Melhor altura = 393

Lower Bound 1 = 335
Lower Bound 2 = 262
Avaliação = 1.17313

Tempo de execução: 60.0003s

---------------------------

Largura da faixa = 12
Melhor altura = 396

Lower Bound 1 = 335
Lower Bound 2 = 262
Avaliação = 1.18209

Tempo de execução: 60.0005s

---------------------------

