Largura da faixa = 43
Melhor altura = 1222

Lower Bound 1 = 1034
Lower Bound 2 = 348
Avaliação = 1.18182

Tempo de execução: 60s

---------------------------

Largura da faixa = 43
Melhor altura = 1222

Lower Bound 1 = 1034
Lower Bound 2 = 348
Avaliação = 1.18182

Tempo de execução: 60s

---------------------------

Largura da faixa = 43
Melhor altura = 1224

Lower Bound 1 = 1034
Lower Bound 2 = 348
Avaliação = 1.18375

Tempo de execução: 60.0003s

---------------------------

Largura da faixa = 43
Melhor altura = 1221

Lower Bound 1 = 1034
Lower Bound 2 = 348
Avaliação = 1.18085

Tempo de execução: 60s

---------------------------

Largura da faixa = 43
Melhor altura = 1223

Lower Bound 1 = 1034
Lower Bound 2 = 348
Avaliação = 1.18279

Tempo de execução: 60s

---------------------------

Largura da faixa = 43
Melhor altura = 1228

Lower Bound 1 = 1034
Lower Bound 2 = 348
Avaliação = 1.18762

Tempo de execução: 60.0002s

---------------------------

Largura da faixa = 43
Melhor altura = 1227

Lower Bound 1 = 1034
Lower Bound 2 = 348
Avaliação = 1.18665

Tempo de execução: 60.0002s

---------------------------

Largura da faixa = 43
Melhor altura = 1228

Lower Bound 1 = 1034
Lower Bound 2 = 348
Avaliação = 1.18762

Tempo de execução: 60.0004s

---------------------------

Largura da faixa = 43
Melhor altura = 1221

Lower Bound 1 = 1034
Lower Bound 2 = 348
Avaliação = 1.18085

Tempo de execução: 60.0006s

---------------------------

Largura da faixa = 43
Melhor altura = 1221

Lower Bound 1 = 1034
Lower Bound 2 = 348
Avaliação = 1.18085

Tempo de execução: 60.0002s

---------------------------

Largura da faixa = 43
Melhor altura = 1221

Lower Bound 1 = 1034
Lower Bound 2 = 348
Avaliação = 1.18085

Tempo de execução: 60.0003s

---------------------------

Largura da faixa = 43
Melhor altura = 1222

Lower Bound 1 = 1034
Lower Bound 2 = 348
Avaliação = 1.18182

Tempo de execução: 60.0003s

---------------------------

Largura da faixa = 43
Melhor altura = 1227

Lower Bound 1 = 1034
Lower Bound 2 = 348
Avaliação = 1.18665

Tempo de execução: 60s

---------------------------

Largura da faixa = 43
Melhor altura = 1217

Lower Bound 1 = 1034
Lower Bound 2 = 348
Avaliação = 1.17698

Tempo de execução: 60.0002s

---------------------------

Largura da faixa = 43
Melhor altura = 1223

Lower Bound 1 = 1034
Lower Bound 2 = 348
Avaliação = 1.18279

Tempo de execução: 60.0002s

---------------------------

Largura da faixa = 43
Melhor altura = 1223

Lower Bound 1 = 1034
Lower Bound 2 = 348
Avaliação = 1.18279

Tempo de execução: 60.0001s

---------------------------

Largura da faixa = 43
Melhor altura = 1228

Lower Bound 1 = 1034
Lower Bound 2 = 348
Avaliação = 1.18762

Tempo de execução: 60.0002s

---------------------------

Largura da faixa = 43
Melhor altura = 1224

Lower Bound 1 = 1034
Lower Bound 2 = 348
Avaliação = 1.18375

Tempo de execução: 60.0002s

---------------------------

Largura da faixa = 43
Melhor altura = 1222

Lower Bound 1 = 1034
Lower Bound 2 = 348
Avaliação = 1.18182

Tempo de execução: 60.0003s

---------------------------

Largura da faixa = 43
Melhor altura = 1221

Lower Bound 1 = 1034
Lower Bound 2 = 348
Avaliação = 1.18085

Tempo de execução: 60.0009s

---------------------------

