Largura da faixa = 8
Melhor altura = 29

Lower Bound 1 = 28
Lower Bound 2 = 11
Avaliação = 1.03571

Tempo de execução: 60s

---------------------------

Largura da faixa = 8
Melhor altura = 29

Lower Bound 1 = 28
Lower Bound 2 = 11
Avaliação = 1.03571

Tempo de execução: 60s

---------------------------

Largura da faixa = 8
Melhor altura = 29

Lower Bound 1 = 28
Lower Bound 2 = 11
Avaliação = 1.03571

Tempo de execução: 60s

---------------------------

Largura da faixa = 8
Melhor altura = 29

Lower Bound 1 = 28
Lower Bound 2 = 11
Avaliação = 1.03571

Tempo de execução: 60s

---------------------------

Largura da faixa = 8
Melhor altura = 29

Lower Bound 1 = 28
Lower Bound 2 = 11
Avaliação = 1.03571

Tempo de execução: 60s

---------------------------

Largura da faixa = 8
Melhor altura = 29

Lower Bound 1 = 28
Lower Bound 2 = 11
Avaliação = 1.03571

Tempo de execução: 60s

---------------------------

Largura da faixa = 8
Melhor altura = 29

Lower Bound 1 = 28
Lower Bound 2 = 11
Avaliação = 1.03571

Tempo de execução: 60s

---------------------------

Largura da faixa = 8
Melhor altura = 29

Lower Bound 1 = 28
Lower Bound 2 = 11
Avaliação = 1.03571

Tempo de execução: 60s

---------------------------

Largura da faixa = 8
Melhor altura = 29

Lower Bound 1 = 28
Lower Bound 2 = 11
Avaliação = 1.03571

Tempo de execução: 60s

---------------------------

Largura da faixa = 8
Melhor altura = 29

Lower Bound 1 = 28
Lower Bound 2 = 11
Avaliação = 1.03571

Tempo de execução: 60s

---------------------------

Largura da faixa = 8
Melhor altura = 29

Lower Bound 1 = 28
Lower Bound 2 = 11
Avaliação = 1.03571

Tempo de execução: 60s

---------------------------

Largura da faixa = 8
Melhor altura = 29

Lower Bound 1 = 28
Lower Bound 2 = 11
Avaliação = 1.03571

Tempo de execução: 60s

---------------------------

Largura da faixa = 8
Melhor altura = 29

Lower Bound 1 = 28
Lower Bound 2 = 11
Avaliação = 1.03571

Tempo de execução: 60s

---------------------------

Largura da faixa = 8
Melhor altura = 29

Lower Bound 1 = 28
Lower Bound 2 = 11
Avaliação = 1.03571

Tempo de execução: 60s

---------------------------

Largura da faixa = 8
Melhor altura = 29

Lower Bound 1 = 28
Lower Bound 2 = 11
Avaliação = 1.03571

Tempo de execução: 60s

---------------------------

Largura da faixa = 8
Melhor altura = 29

Lower Bound 1 = 28
Lower Bound 2 = 11
Avaliação = 1.03571

Tempo de execução: 60s

---------------------------

Largura da faixa = 8
Melhor altura = 29

Lower Bound 1 = 28
Lower Bound 2 = 11
Avaliação = 1.03571

Tempo de execução: 60s

---------------------------

Largura da faixa = 8
Melhor altura = 29

Lower Bound 1 = 28
Lower Bound 2 = 11
Avaliação = 1.03571

Tempo de execução: 60s

---------------------------

Largura da faixa = 8
Melhor altura = 29

Lower Bound 1 = 28
Lower Bound 2 = 11
Avaliação = 1.03571

Tempo de execução: 60s

---------------------------

Largura da faixa = 8
Melhor altura = 29

Lower Bound 1 = 28
Lower Bound 2 = 11
Avaliação = 1.03571

Tempo de execução: 60s

---------------------------

