Largura da faixa = 35
Melhor altura = 130

Lower Bound 1 = 124
Lower Bound 2 = 54
Avaliação = 1.04839

Tempo de execução: 60s

---------------------------

Largura da faixa = 35
Melhor altura = 130

Lower Bound 1 = 124
Lower Bound 2 = 54
Avaliação = 1.04839

Tempo de execução: 60.0001s

---------------------------

Largura da faixa = 35
Melhor altura = 130

Lower Bound 1 = 124
Lower Bound 2 = 54
Avaliação = 1.04839

Tempo de execução: 60s

---------------------------

Largura da faixa = 35
Melhor altura = 130

Lower Bound 1 = 124
Lower Bound 2 = 54
Avaliação = 1.04839

Tempo de execução: 60.0001s

---------------------------

Largura da faixa = 35
Melhor altura = 130

Lower Bound 1 = 124
Lower Bound 2 = 54
Avaliação = 1.04839

Tempo de execução: 60.0002s

---------------------------

Largura da faixa = 35
Melhor altura = 130

Lower Bound 1 = 124
Lower Bound 2 = 54
Avaliação = 1.04839

Tempo de execução: 60.0001s

---------------------------

Largura da faixa = 35
Melhor altura = 130

Lower Bound 1 = 124
Lower Bound 2 = 54
Avaliação = 1.04839

Tempo de execução: 60.0001s

---------------------------

Largura da faixa = 35
Melhor altura = 130

Lower Bound 1 = 124
Lower Bound 2 = 54
Avaliação = 1.04839

Tempo de execução: 60s

---------------------------

Largura da faixa = 35
Melhor altura = 135

Lower Bound 1 = 124
Lower Bound 2 = 54
Avaliação = 1.08871

Tempo de execução: 60s

---------------------------

Largura da faixa = 35
Melhor altura = 130

Lower Bound 1 = 124
Lower Bound 2 = 54
Avaliação = 1.04839

Tempo de execução: 60s

---------------------------

Largura da faixa = 35
Melhor altura = 130

Lower Bound 1 = 124
Lower Bound 2 = 54
Avaliação = 1.04839

Tempo de execução: 60.0001s

---------------------------

Largura da faixa = 35
Melhor altura = 130

Lower Bound 1 = 124
Lower Bound 2 = 54
Avaliação = 1.04839

Tempo de execução: 60.0001s

---------------------------

Largura da faixa = 35
Melhor altura = 130

Lower Bound 1 = 124
Lower Bound 2 = 54
Avaliação = 1.04839

Tempo de execução: 60s

---------------------------

Largura da faixa = 35
Melhor altura = 130

Lower Bound 1 = 124
Lower Bound 2 = 54
Avaliação = 1.04839

Tempo de execução: 60s

---------------------------

Largura da faixa = 35
Melhor altura = 130

Lower Bound 1 = 124
Lower Bound 2 = 54
Avaliação = 1.04839

Tempo de execução: 60.0001s

---------------------------

Largura da faixa = 35
Melhor altura = 130

Lower Bound 1 = 124
Lower Bound 2 = 54
Avaliação = 1.04839

Tempo de execução: 60.0001s

---------------------------

Largura da faixa = 35
Melhor altura = 130

Lower Bound 1 = 124
Lower Bound 2 = 54
Avaliação = 1.04839

Tempo de execução: 60.0002s

---------------------------

Largura da faixa = 35
Melhor altura = 130

Lower Bound 1 = 124
Lower Bound 2 = 54
Avaliação = 1.04839

Tempo de execução: 60s

---------------------------

Largura da faixa = 35
Melhor altura = 130

Lower Bound 1 = 124
Lower Bound 2 = 54
Avaliação = 1.04839

Tempo de execução: 60s

---------------------------

Largura da faixa = 35
Melhor altura = 133

Lower Bound 1 = 124
Lower Bound 2 = 54
Avaliação = 1.07258

Tempo de execução: 60.0001s

---------------------------

