Largura da faixa = 184
Melhor altura = 1086

Lower Bound 1 = 888
Lower Bound 2 = 934
Avaliação = 1.16274

Tempo de execução: 60s

---------------------------

Largura da faixa = 184
Melhor altura = 1086

Lower Bound 1 = 888
Lower Bound 2 = 934
Avaliação = 1.16274

Tempo de execução: 60s

---------------------------

Largura da faixa = 184
Melhor altura = 1086

Lower Bound 1 = 888
Lower Bound 2 = 934
Avaliação = 1.16274

Tempo de execução: 60s

---------------------------

Largura da faixa = 184
Melhor altura = 1086

Lower Bound 1 = 888
Lower Bound 2 = 934
Avaliação = 1.16274

Tempo de execução: 60s

---------------------------

Largura da faixa = 184
Melhor altura = 1086

Lower Bound 1 = 888
Lower Bound 2 = 934
Avaliação = 1.16274

Tempo de execução: 60s

---------------------------

Largura da faixa = 184
Melhor altura = 1086

Lower Bound 1 = 888
Lower Bound 2 = 934
Avaliação = 1.16274

Tempo de execução: 60s

---------------------------

Largura da faixa = 184
Melhor altura = 1086

Lower Bound 1 = 888
Lower Bound 2 = 934
Avaliação = 1.16274

Tempo de execução: 60s

---------------------------

Largura da faixa = 184
Melhor altura = 1086

Lower Bound 1 = 888
Lower Bound 2 = 934
Avaliação = 1.16274

Tempo de execução: 60s

---------------------------

Largura da faixa = 184
Melhor altura = 1086

Lower Bound 1 = 888
Lower Bound 2 = 934
Avaliação = 1.16274

Tempo de execução: 60s

---------------------------

Largura da faixa = 184
Melhor altura = 1086

Lower Bound 1 = 888
Lower Bound 2 = 934
Avaliação = 1.16274

Tempo de execução: 60s

---------------------------

Largura da faixa = 184
Melhor altura = 1086

Lower Bound 1 = 888
Lower Bound 2 = 934
Avaliação = 1.16274

Tempo de execução: 60s

---------------------------

Largura da faixa = 184
Melhor altura = 1086

Lower Bound 1 = 888
Lower Bound 2 = 934
Avaliação = 1.16274

Tempo de execução: 60s

---------------------------

Largura da faixa = 184
Melhor altura = 1086

Lower Bound 1 = 888
Lower Bound 2 = 934
Avaliação = 1.16274

Tempo de execução: 60s

---------------------------

Largura da faixa = 184
Melhor altura = 1086

Lower Bound 1 = 888
Lower Bound 2 = 934
Avaliação = 1.16274

Tempo de execução: 60s

---------------------------

Largura da faixa = 184
Melhor altura = 1086

Lower Bound 1 = 888
Lower Bound 2 = 934
Avaliação = 1.16274

Tempo de execução: 60s

---------------------------

Largura da faixa = 184
Melhor altura = 1086

Lower Bound 1 = 888
Lower Bound 2 = 934
Avaliação = 1.16274

Tempo de execução: 60s

---------------------------

Largura da faixa = 184
Melhor altura = 1086

Lower Bound 1 = 888
Lower Bound 2 = 934
Avaliação = 1.16274

Tempo de execução: 60s

---------------------------

Largura da faixa = 184
Melhor altura = 1086

Lower Bound 1 = 888
Lower Bound 2 = 934
Avaliação = 1.16274

Tempo de execução: 60s

---------------------------

Largura da faixa = 184
Melhor altura = 1086

Lower Bound 1 = 888
Lower Bound 2 = 934
Avaliação = 1.16274

Tempo de execução: 60s

---------------------------

Largura da faixa = 184
Melhor altura = 1086

Lower Bound 1 = 888
Lower Bound 2 = 934
Avaliação = 1.16274

Tempo de execução: 60s

---------------------------

