Largura da faixa = 688
Melhor altura = 3834

Lower Bound 1 = 2938
Lower Bound 2 = 3292
Avaliação = 1.16464

Tempo de execução: 60s

---------------------------

Largura da faixa = 688
Melhor altura = 3834

Lower Bound 1 = 2938
Lower Bound 2 = 3292
Avaliação = 1.16464

Tempo de execução: 60s

---------------------------

Largura da faixa = 688
Melhor altura = 3834

Lower Bound 1 = 2938
Lower Bound 2 = 3292
Avaliação = 1.16464

Tempo de execução: 60.0001s

---------------------------

Largura da faixa = 688
Melhor altura = 3834

Lower Bound 1 = 2938
Lower Bound 2 = 3292
Avaliação = 1.16464

Tempo de execução: 60s

---------------------------

Largura da faixa = 688
Melhor altura = 3834

Lower Bound 1 = 2938
Lower Bound 2 = 3292
Avaliação = 1.16464

Tempo de execução: 60s

---------------------------

Largura da faixa = 688
Melhor altura = 3834

Lower Bound 1 = 2938
Lower Bound 2 = 3292
Avaliação = 1.16464

Tempo de execução: 60.0001s

---------------------------

Largura da faixa = 688
Melhor altura = 3834

Lower Bound 1 = 2938
Lower Bound 2 = 3292
Avaliação = 1.16464

Tempo de execução: 60s

---------------------------

Largura da faixa = 688
Melhor altura = 3834

Lower Bound 1 = 2938
Lower Bound 2 = 3292
Avaliação = 1.16464

Tempo de execução: 60.0001s

---------------------------

Largura da faixa = 688
Melhor altura = 3834

Lower Bound 1 = 2938
Lower Bound 2 = 3292
Avaliação = 1.16464

Tempo de execução: 60s

---------------------------

Largura da faixa = 688
Melhor altura = 3834

Lower Bound 1 = 2938
Lower Bound 2 = 3292
Avaliação = 1.16464

Tempo de execução: 60s

---------------------------

Largura da faixa = 688
Melhor altura = 3834

Lower Bound 1 = 2938
Lower Bound 2 = 3292
Avaliação = 1.16464

Tempo de execução: 60s

---------------------------

Largura da faixa = 688
Melhor altura = 3834

Lower Bound 1 = 2938
Lower Bound 2 = 3292
Avaliação = 1.16464

Tempo de execução: 60s

---------------------------

Largura da faixa = 688
Melhor altura = 3834

Lower Bound 1 = 2938
Lower Bound 2 = 3292
Avaliação = 1.16464

Tempo de execução: 60s

---------------------------

Largura da faixa = 688
Melhor altura = 3834

Lower Bound 1 = 2938
Lower Bound 2 = 3292
Avaliação = 1.16464

Tempo de execução: 60s

---------------------------

Largura da faixa = 688
Melhor altura = 3834

Lower Bound 1 = 2938
Lower Bound 2 = 3292
Avaliação = 1.16464

Tempo de execução: 60.0001s

---------------------------

Largura da faixa = 688
Melhor altura = 3834

Lower Bound 1 = 2938
Lower Bound 2 = 3292
Avaliação = 1.16464

Tempo de execução: 60s

---------------------------

Largura da faixa = 688
Melhor altura = 3834

Lower Bound 1 = 2938
Lower Bound 2 = 3292
Avaliação = 1.16464

Tempo de execução: 60s

---------------------------

Largura da faixa = 688
Melhor altura = 3834

Lower Bound 1 = 2938
Lower Bound 2 = 3292
Avaliação = 1.16464

Tempo de execução: 60.0001s

---------------------------

Largura da faixa = 688
Melhor altura = 3834

Lower Bound 1 = 2938
Lower Bound 2 = 3292
Avaliação = 1.16464

Tempo de execução: 60s

---------------------------

Largura da faixa = 688
Melhor altura = 3834

Lower Bound 1 = 2938
Lower Bound 2 = 3292
Avaliação = 1.16464

Tempo de execução: 60s

---------------------------

