Largura da faixa = 1890
Melhor altura = 8687

Lower Bound 1 = 7574
Lower Bound 2 = 1890
Avaliação = 1.14695

Tempo de execução: 60s

---------------------------

Largura da faixa = 1890
Melhor altura = 8711

Lower Bound 1 = 7574
Lower Bound 2 = 1890
Avaliação = 1.15012

Tempo de execução: 60.0005s

---------------------------

Largura da faixa = 1890
Melhor altura = 8678

Lower Bound 1 = 7574
Lower Bound 2 = 1890
Avaliação = 1.14576

Tempo de execução: 60.0002s

---------------------------

Largura da faixa = 1890
Melhor altura = 8712

Lower Bound 1 = 7574
Lower Bound 2 = 1890
Avaliação = 1.15025

Tempo de execução: 60s

---------------------------

Largura da faixa = 1890
Melhor altura = 8743

Lower Bound 1 = 7574
Lower Bound 2 = 1890
Avaliação = 1.15434

Tempo de execução: 60.0003s

---------------------------

Largura da faixa = 1890
Melhor altura = 8763

Lower Bound 1 = 7574
Lower Bound 2 = 1890
Avaliação = 1.15698

Tempo de execução: 60.0002s

---------------------------

Largura da faixa = 1890
Melhor altura = 8700

Lower Bound 1 = 7574
Lower Bound 2 = 1890
Avaliação = 1.14867

Tempo de execução: 60.0001s

---------------------------

Largura da faixa = 1890
Melhor altura = 8705

Lower Bound 1 = 7574
Lower Bound 2 = 1890
Avaliação = 1.14933

Tempo de execução: 60.0002s

---------------------------

Largura da faixa = 1890
Melhor altura = 8764

Lower Bound 1 = 7574
Lower Bound 2 = 1890
Avaliação = 1.15712

Tempo de execução: 60.001s

---------------------------

Largura da faixa = 1890
Melhor altura = 8694

Lower Bound 1 = 7574
Lower Bound 2 = 1890
Avaliação = 1.14787

Tempo de execução: 60.0002s

---------------------------

Largura da faixa = 1890
Melhor altura = 8659

Lower Bound 1 = 7574
Lower Bound 2 = 1890
Avaliação = 1.14325

Tempo de execução: 60.0002s

---------------------------

Largura da faixa = 1890
Melhor altura = 8740

Lower Bound 1 = 7574
Lower Bound 2 = 1890
Avaliação = 1.15395

Tempo de execução: 60s

---------------------------

Largura da faixa = 1890
Melhor altura = 8728

Lower Bound 1 = 7574
Lower Bound 2 = 1890
Avaliação = 1.15236

Tempo de execução: 60.0002s

---------------------------

Largura da faixa = 1890
Melhor altura = 8707

Lower Bound 1 = 7574
Lower Bound 2 = 1890
Avaliação = 1.14959

Tempo de execução: 60.0001s

---------------------------

Largura da faixa = 1890
Melhor altura = 8688

Lower Bound 1 = 7574
Lower Bound 2 = 1890
Avaliação = 1.14708

Tempo de execução: 60.0005s

---------------------------

Largura da faixa = 1890
Melhor altura = 8722

Lower Bound 1 = 7574
Lower Bound 2 = 1890
Avaliação = 1.15157

Tempo de execução: 60.0003s

---------------------------

Largura da faixa = 1890
Melhor altura = 8698

Lower Bound 1 = 7574
Lower Bound 2 = 1890
Avaliação = 1.1484

Tempo de execução: 60.0004s

---------------------------

Largura da faixa = 1890
Melhor altura = 8730

Lower Bound 1 = 7574
Lower Bound 2 = 1890
Avaliação = 1.15263

Tempo de execução: 60.0002s

---------------------------

Largura da faixa = 1890
Melhor altura = 8701

Lower Bound 1 = 7574
Lower Bound 2 = 1890
Avaliação = 1.1488

Tempo de execução: 60.0002s

---------------------------

Largura da faixa = 1890
Melhor altura = 8685

Lower Bound 1 = 7574
Lower Bound 2 = 1890
Avaliação = 1.14669

Tempo de execução: 60.0003s

---------------------------

