Largura da faixa = 745
Melhor altura = 12774

Lower Bound 1 = 8773
Lower Bound 2 = 10827
Avaliação = 1.17983

Tempo de execução: 167.237s

---------------------------

Largura da faixa = 745
Melhor altura = 12774

Lower Bound 1 = 8773
Lower Bound 2 = 10827
Avaliação = 1.17983

Tempo de execução: 199.196s

---------------------------

Largura da faixa = 745
Melhor altura = 12774

Lower Bound 1 = 8773
Lower Bound 2 = 10827
Avaliação = 1.17983

Tempo de execução: 172.939s

---------------------------

Largura da faixa = 745
Melhor altura = 12774

Lower Bound 1 = 8773
Lower Bound 2 = 10827
Avaliação = 1.17983

Tempo de execução: 84.9764s

---------------------------

Largura da faixa = 745
Melhor altura = 12774

Lower Bound 1 = 8773
Lower Bound 2 = 10827
Avaliação = 1.17983

Tempo de execução: 84.9764s

---------------------------

Largura da faixa = 745
Melhor altura = 12774

Lower Bound 1 = 8773
Lower Bound 2 = 10827
Avaliação = 1.17983

Tempo de execução: 171.012s

---------------------------

Largura da faixa = 745
Melhor altura = 12774

Lower Bound 1 = 8773
Lower Bound 2 = 10827
Avaliação = 1.17983

Tempo de execução: 242.28s

---------------------------

Largura da faixa = 745
Melhor altura = 12774

Lower Bound 1 = 8773
Lower Bound 2 = 10827
Avaliação = 1.17983

Tempo de execução: 250.474s

---------------------------

Largura da faixa = 745
Melhor altura = 12774

Lower Bound 1 = 8773
Lower Bound 2 = 10827
Avaliação = 1.17983

Tempo de execução: 319.763s

---------------------------

Largura da faixa = 745
Melhor altura = 12774

Lower Bound 1 = 8773
Lower Bound 2 = 10827
Avaliação = 1.17983

Tempo de execução: 528.682s

---------------------------

Largura da faixa = 745
Melhor altura = 12774

Lower Bound 1 = 8773
Lower Bound 2 = 10827
Avaliação = 1.17983

Tempo de execução: 76.5871s

---------------------------

Largura da faixa = 745
Melhor altura = 12774

Lower Bound 1 = 8773
Lower Bound 2 = 10827
Avaliação = 1.17983

Tempo de execução: 108.094s

---------------------------

Largura da faixa = 745
Melhor altura = 12774

Lower Bound 1 = 8773
Lower Bound 2 = 10827
Avaliação = 1.17983

Tempo de execução: 77.1642s

---------------------------

Largura da faixa = 745
Melhor altura = 12774

Lower Bound 1 = 8773
Lower Bound 2 = 10827
Avaliação = 1.17983

Tempo de execução: 61.9926s

---------------------------

Largura da faixa = 745
Melhor altura = 12774

Lower Bound 1 = 8773
Lower Bound 2 = 10827
Avaliação = 1.17983

Tempo de execução: 64.7772s

---------------------------

Largura da faixa = 745
Melhor altura = 12774

Lower Bound 1 = 8773
Lower Bound 2 = 10827
Avaliação = 1.17983

Tempo de execução: 67.4678s

---------------------------

Largura da faixa = 745
Melhor altura = 12774

Lower Bound 1 = 8773
Lower Bound 2 = 10827
Avaliação = 1.17983

Tempo de execução: 67.4678s

---------------------------

Largura da faixa = 745
Melhor altura = 12774

Lower Bound 1 = 8773
Lower Bound 2 = 10827
Avaliação = 1.17983

Tempo de execução: 67.4678s

---------------------------

Largura da faixa = 745
Melhor altura = 12774

Lower Bound 1 = 8773
Lower Bound 2 = 10827
Avaliação = 1.17983

Tempo de execução: 92.0802s

---------------------------

Largura da faixa = 745
Melhor altura = 12774

Lower Bound 1 = 8773
Lower Bound 2 = 10827
Avaliação = 1.17983

Tempo de execução: 92.08s

---------------------------

Largura da faixa = 745
Melhor altura = 12774

Lower Bound 1 = 8773
Lower Bound 2 = 10827
Avaliação = 1.17983

Tempo de execução: 76.9666s

---------------------------

Largura da faixa = 745
Melhor altura = 12774

Lower Bound 1 = 8773
Lower Bound 2 = 10827
Avaliação = 1.17983

Tempo de execução: 62.0012s

---------------------------

Largura da faixa = 745
Melhor altura = 12774

Lower Bound 1 = 8773
Lower Bound 2 = 10827
Avaliação = 1.17983

Tempo de execução: 175.119s

---------------------------

Largura da faixa = 745
Melhor altura = 12774

Lower Bound 1 = 8773
Lower Bound 2 = 10827
Avaliação = 1.17983

Tempo de execução: 100.141s

---------------------------

Largura da faixa = 745
Melhor altura = 12774

Lower Bound 1 = 8773
Lower Bound 2 = 10827
Avaliação = 1.17983

Tempo de execução: 134.255s

---------------------------

Largura da faixa = 745
Melhor altura = 12774

Lower Bound 1 = 8773
Lower Bound 2 = 10827
Avaliação = 1.17983

Tempo de execução: 60.0001s

---------------------------

Largura da faixa = 745
Melhor altura = 12774

Lower Bound 1 = 8773
Lower Bound 2 = 10827
Avaliação = 1.17983

Tempo de execução: 60.0001s

---------------------------

Largura da faixa = 745
Melhor altura = 12774

Lower Bound 1 = 8773
Lower Bound 2 = 10827
Avaliação = 1.17983

Tempo de execução: 60.0004s

---------------------------

Largura da faixa = 745
Melhor altura = 12774

Lower Bound 1 = 8773
Lower Bound 2 = 10827
Avaliação = 1.17983

Tempo de execução: 60.0001s

---------------------------

Largura da faixa = 745
Melhor altura = 12774

Lower Bound 1 = 8773
Lower Bound 2 = 10827
Avaliação = 1.17983

Tempo de execução: 60s

---------------------------

Largura da faixa = 745
Melhor altura = 12774

Lower Bound 1 = 8773
Lower Bound 2 = 10827
Avaliação = 1.17983

Tempo de execução: 60s

---------------------------

Largura da faixa = 745
Melhor altura = 12774

Lower Bound 1 = 8773
Lower Bound 2 = 10827
Avaliação = 1.17983

Tempo de execução: 60s

---------------------------

Largura da faixa = 745
Melhor altura = 12774

Lower Bound 1 = 8773
Lower Bound 2 = 10827
Avaliação = 1.17983

Tempo de execução: 60.0001s

---------------------------

Largura da faixa = 745
Melhor altura = 12774

Lower Bound 1 = 8773
Lower Bound 2 = 10827
Avaliação = 1.17983

Tempo de execução: 60.0005s

---------------------------

Largura da faixa = 745
Melhor altura = 12774

Lower Bound 1 = 8773
Lower Bound 2 = 10827
Avaliação = 1.17983

Tempo de execução: 60s

---------------------------

Largura da faixa = 745
Melhor altura = 12774

Lower Bound 1 = 8773
Lower Bound 2 = 10827
Avaliação = 1.17983

Tempo de execução: 60.0001s

---------------------------

Largura da faixa = 745
Melhor altura = 12774

Lower Bound 1 = 8773
Lower Bound 2 = 10827
Avaliação = 1.17983

Tempo de execução: 60s

---------------------------

Largura da faixa = 745
Melhor altura = 12774

Lower Bound 1 = 8773
Lower Bound 2 = 10827
Avaliação = 1.17983

Tempo de execução: 60.0003s

---------------------------

Largura da faixa = 745
Melhor altura = 12774

Lower Bound 1 = 8773
Lower Bound 2 = 10827
Avaliação = 1.17983

Tempo de execução: 60.0002s

---------------------------

Largura da faixa = 745
Melhor altura = 12774

Lower Bound 1 = 8773
Lower Bound 2 = 10827
Avaliação = 1.17983

Tempo de execução: 60.0002s

---------------------------

Largura da faixa = 745
Melhor altura = 12774

Lower Bound 1 = 8773
Lower Bound 2 = 10827
Avaliação = 1.17983

Tempo de execução: 60s

---------------------------

Largura da faixa = 745
Melhor altura = 12774

Lower Bound 1 = 8773
Lower Bound 2 = 10827
Avaliação = 1.17983

Tempo de execução: 60s

---------------------------

Largura da faixa = 745
Melhor altura = 12774

Lower Bound 1 = 8773
Lower Bound 2 = 10827
Avaliação = 1.17983

Tempo de execução: 60.0001s

---------------------------

Largura da faixa = 745
Melhor altura = 12774

Lower Bound 1 = 8773
Lower Bound 2 = 10827
Avaliação = 1.17983

Tempo de execução: 60.0001s

---------------------------

Largura da faixa = 745
Melhor altura = 12774

Lower Bound 1 = 8773
Lower Bound 2 = 10827
Avaliação = 1.17983

Tempo de execução: 60.0001s

---------------------------

