Largura da faixa = 186
Melhor altura = 2147

Lower Bound 1 = 1476
Lower Bound 2 = 1849
Avaliação = 1.16117

Tempo de execução: 60s

---------------------------

Largura da faixa = 186
Melhor altura = 2147

Lower Bound 1 = 1476
Lower Bound 2 = 1849
Avaliação = 1.16117

Tempo de execução: 60.0001s

---------------------------

Largura da faixa = 186
Melhor altura = 2147

Lower Bound 1 = 1476
Lower Bound 2 = 1849
Avaliação = 1.16117

Tempo de execução: 60.0001s

---------------------------

Largura da faixa = 186
Melhor altura = 2147

Lower Bound 1 = 1476
Lower Bound 2 = 1849
Avaliação = 1.16117

Tempo de execução: 60s

---------------------------

Largura da faixa = 186
Melhor altura = 2147

Lower Bound 1 = 1476
Lower Bound 2 = 1849
Avaliação = 1.16117

Tempo de execução: 60.0001s

---------------------------

Largura da faixa = 186
Melhor altura = 2147

Lower Bound 1 = 1476
Lower Bound 2 = 1849
Avaliação = 1.16117

Tempo de execução: 60s

---------------------------

Largura da faixa = 186
Melhor altura = 2147

Lower Bound 1 = 1476
Lower Bound 2 = 1849
Avaliação = 1.16117

Tempo de execução: 60s

---------------------------

Largura da faixa = 186
Melhor altura = 2147

Lower Bound 1 = 1476
Lower Bound 2 = 1849
Avaliação = 1.16117

Tempo de execução: 60s

---------------------------

Largura da faixa = 186
Melhor altura = 2147

Lower Bound 1 = 1476
Lower Bound 2 = 1849
Avaliação = 1.16117

Tempo de execução: 60s

---------------------------

Largura da faixa = 186
Melhor altura = 2147

Lower Bound 1 = 1476
Lower Bound 2 = 1849
Avaliação = 1.16117

Tempo de execução: 60s

---------------------------

Largura da faixa = 186
Melhor altura = 2147

Lower Bound 1 = 1476
Lower Bound 2 = 1849
Avaliação = 1.16117

Tempo de execução: 60s

---------------------------

Largura da faixa = 186
Melhor altura = 2147

Lower Bound 1 = 1476
Lower Bound 2 = 1849
Avaliação = 1.16117

Tempo de execução: 60s

---------------------------

Largura da faixa = 186
Melhor altura = 2147

Lower Bound 1 = 1476
Lower Bound 2 = 1849
Avaliação = 1.16117

Tempo de execução: 60.0001s

---------------------------

Largura da faixa = 186
Melhor altura = 2147

Lower Bound 1 = 1476
Lower Bound 2 = 1849
Avaliação = 1.16117

Tempo de execução: 60s

---------------------------

Largura da faixa = 186
Melhor altura = 2147

Lower Bound 1 = 1476
Lower Bound 2 = 1849
Avaliação = 1.16117

Tempo de execução: 60.0001s

---------------------------

Largura da faixa = 186
Melhor altura = 2147

Lower Bound 1 = 1476
Lower Bound 2 = 1849
Avaliação = 1.16117

Tempo de execução: 60s

---------------------------

Largura da faixa = 186
Melhor altura = 2147

Lower Bound 1 = 1476
Lower Bound 2 = 1849
Avaliação = 1.16117

Tempo de execução: 60.0001s

---------------------------

Largura da faixa = 186
Melhor altura = 2147

Lower Bound 1 = 1476
Lower Bound 2 = 1849
Avaliação = 1.16117

Tempo de execução: 60s

---------------------------

Largura da faixa = 186
Melhor altura = 2147

Lower Bound 1 = 1476
Lower Bound 2 = 1849
Avaliação = 1.16117

Tempo de execução: 60s

---------------------------

Largura da faixa = 186
Melhor altura = 2147

Lower Bound 1 = 1476
Lower Bound 2 = 1849
Avaliação = 1.16117

Tempo de execução: 60s

---------------------------

