Largura da faixa = 364
Melhor altura = 1735

Lower Bound 1 = 1498
Lower Bound 2 = 1640
Avaliação = 1.05793

Tempo de execução: 60s

---------------------------

Largura da faixa = 364
Melhor altura = 1735

Lower Bound 1 = 1498
Lower Bound 2 = 1640
Avaliação = 1.05793

Tempo de execução: 60s

---------------------------

Largura da faixa = 364
Melhor altura = 1735

Lower Bound 1 = 1498
Lower Bound 2 = 1640
Avaliação = 1.05793

Tempo de execução: 60s

---------------------------

Largura da faixa = 364
Melhor altura = 1735

Lower Bound 1 = 1498
Lower Bound 2 = 1640
Avaliação = 1.05793

Tempo de execução: 60s

---------------------------

Largura da faixa = 364
Melhor altura = 1735

Lower Bound 1 = 1498
Lower Bound 2 = 1640
Avaliação = 1.05793

Tempo de execução: 60s

---------------------------

Largura da faixa = 364
Melhor altura = 1735

Lower Bound 1 = 1498
Lower Bound 2 = 1640
Avaliação = 1.05793

Tempo de execução: 60s

---------------------------

Largura da faixa = 364
Melhor altura = 1735

Lower Bound 1 = 1498
Lower Bound 2 = 1640
Avaliação = 1.05793

Tempo de execução: 60s

---------------------------

Largura da faixa = 364
Melhor altura = 1735

Lower Bound 1 = 1498
Lower Bound 2 = 1640
Avaliação = 1.05793

Tempo de execução: 60s

---------------------------

Largura da faixa = 364
Melhor altura = 1735

Lower Bound 1 = 1498
Lower Bound 2 = 1640
Avaliação = 1.05793

Tempo de execução: 60s

---------------------------

Largura da faixa = 364
Melhor altura = 1735

Lower Bound 1 = 1498
Lower Bound 2 = 1640
Avaliação = 1.05793

Tempo de execução: 60s

---------------------------

Largura da faixa = 364
Melhor altura = 1735

Lower Bound 1 = 1498
Lower Bound 2 = 1640
Avaliação = 1.05793

Tempo de execução: 60s

---------------------------

Largura da faixa = 364
Melhor altura = 1735

Lower Bound 1 = 1498
Lower Bound 2 = 1640
Avaliação = 1.05793

Tempo de execução: 60s

---------------------------

Largura da faixa = 364
Melhor altura = 1735

Lower Bound 1 = 1498
Lower Bound 2 = 1640
Avaliação = 1.05793

Tempo de execução: 60s

---------------------------

Largura da faixa = 364
Melhor altura = 1735

Lower Bound 1 = 1498
Lower Bound 2 = 1640
Avaliação = 1.05793

Tempo de execução: 60s

---------------------------

Largura da faixa = 364
Melhor altura = 1735

Lower Bound 1 = 1498
Lower Bound 2 = 1640
Avaliação = 1.05793

Tempo de execução: 60s

---------------------------

Largura da faixa = 364
Melhor altura = 1735

Lower Bound 1 = 1498
Lower Bound 2 = 1640
Avaliação = 1.05793

Tempo de execução: 60s

---------------------------

Largura da faixa = 364
Melhor altura = 1735

Lower Bound 1 = 1498
Lower Bound 2 = 1640
Avaliação = 1.05793

Tempo de execução: 60.0001s

---------------------------

Largura da faixa = 364
Melhor altura = 1735

Lower Bound 1 = 1498
Lower Bound 2 = 1640
Avaliação = 1.05793

Tempo de execução: 60s

---------------------------

Largura da faixa = 364
Melhor altura = 1735

Lower Bound 1 = 1498
Lower Bound 2 = 1640
Avaliação = 1.05793

Tempo de execução: 60s

---------------------------

Largura da faixa = 364
Melhor altura = 1735

Lower Bound 1 = 1498
Lower Bound 2 = 1640
Avaliação = 1.05793

Tempo de execução: 60s

---------------------------

