Largura da faixa = 746
Melhor altura = 21876

Lower Bound 1 = 16785
Lower Bound 2 = 18792
Avaliação = 1.16411

Tempo de execução: 60s

---------------------------

Largura da faixa = 746
Melhor altura = 21876

Lower Bound 1 = 16785
Lower Bound 2 = 18792
Avaliação = 1.16411

Tempo de execução: 60.0005s

---------------------------

Largura da faixa = 746
Melhor altura = 21876

Lower Bound 1 = 16785
Lower Bound 2 = 18792
Avaliação = 1.16411

Tempo de execução: 60.0007s

---------------------------

Largura da faixa = 746
Melhor altura = 21876

Lower Bound 1 = 16785
Lower Bound 2 = 18792
Avaliação = 1.16411

Tempo de execução: 60s

---------------------------

Largura da faixa = 746
Melhor altura = 21876

Lower Bound 1 = 16785
Lower Bound 2 = 18792
Avaliação = 1.16411

Tempo de execução: 60.0011s

---------------------------

Largura da faixa = 746
Melhor altura = 21876

Lower Bound 1 = 16785
Lower Bound 2 = 18792
Avaliação = 1.16411

Tempo de execução: 60.0008s

---------------------------

Largura da faixa = 746
Melhor altura = 21876

Lower Bound 1 = 16785
Lower Bound 2 = 18792
Avaliação = 1.16411

Tempo de execução: 60.0001s

---------------------------

Largura da faixa = 746
Melhor altura = 21876

Lower Bound 1 = 16785
Lower Bound 2 = 18792
Avaliação = 1.16411

Tempo de execução: 60.0006s

---------------------------

Largura da faixa = 746
Melhor altura = 21876

Lower Bound 1 = 16785
Lower Bound 2 = 18792
Avaliação = 1.16411

Tempo de execução: 60.0012s

---------------------------

Largura da faixa = 746
Melhor altura = 21876

Lower Bound 1 = 16785
Lower Bound 2 = 18792
Avaliação = 1.16411

Tempo de execução: 60.0001s

---------------------------

Largura da faixa = 746
Melhor altura = 21876

Lower Bound 1 = 16785
Lower Bound 2 = 18792
Avaliação = 1.16411

Tempo de execução: 60.0008s

---------------------------

Largura da faixa = 746
Melhor altura = 21876

Lower Bound 1 = 16785
Lower Bound 2 = 18792
Avaliação = 1.16411

Tempo de execução: 60.0009s

---------------------------

Largura da faixa = 746
Melhor altura = 21876

Lower Bound 1 = 16785
Lower Bound 2 = 18792
Avaliação = 1.16411

Tempo de execução: 60.0007s

---------------------------

Largura da faixa = 746
Melhor altura = 21876

Lower Bound 1 = 16785
Lower Bound 2 = 18792
Avaliação = 1.16411

Tempo de execução: 60.0009s

---------------------------

Largura da faixa = 746
Melhor altura = 21876

Lower Bound 1 = 16785
Lower Bound 2 = 18792
Avaliação = 1.16411

Tempo de execução: 60.0018s

---------------------------

Largura da faixa = 746
Melhor altura = 21876

Lower Bound 1 = 16785
Lower Bound 2 = 18792
Avaliação = 1.16411

Tempo de execução: 60s

---------------------------

Largura da faixa = 746
Melhor altura = 21876

Lower Bound 1 = 16785
Lower Bound 2 = 18792
Avaliação = 1.16411

Tempo de execução: 60.0001s

---------------------------

Largura da faixa = 746
Melhor altura = 21876

Lower Bound 1 = 16785
Lower Bound 2 = 18792
Avaliação = 1.16411

Tempo de execução: 60.0005s

---------------------------

Largura da faixa = 746
Melhor altura = 21876

Lower Bound 1 = 16785
Lower Bound 2 = 18792
Avaliação = 1.16411

Tempo de execução: 60.0003s

---------------------------

Largura da faixa = 746
Melhor altura = 21876

Lower Bound 1 = 16785
Lower Bound 2 = 18792
Avaliação = 1.16411

Tempo de execução: 60.0014s

---------------------------

