Largura da faixa = 374
Melhor altura = 7107

Lower Bound 1 = 5360
Lower Bound 2 = 6236
Avaliação = 1.13967

Tempo de execução: 60s

---------------------------

Largura da faixa = 374
Melhor altura = 7107

Lower Bound 1 = 5360
Lower Bound 2 = 6236
Avaliação = 1.13967

Tempo de execução: 60s

---------------------------

Largura da faixa = 374
Melhor altura = 7107

Lower Bound 1 = 5360
Lower Bound 2 = 6236
Avaliação = 1.13967

Tempo de execução: 60s

---------------------------

Largura da faixa = 374
Melhor altura = 7107

Lower Bound 1 = 5360
Lower Bound 2 = 6236
Avaliação = 1.13967

Tempo de execução: 60s

---------------------------

Largura da faixa = 374
Melhor altura = 7107

Lower Bound 1 = 5360
Lower Bound 2 = 6236
Avaliação = 1.13967

Tempo de execução: 60.0003s

---------------------------

Largura da faixa = 374
Melhor altura = 7107

Lower Bound 1 = 5360
Lower Bound 2 = 6236
Avaliação = 1.13967

Tempo de execução: 60.0001s

---------------------------

Largura da faixa = 374
Melhor altura = 7107

Lower Bound 1 = 5360
Lower Bound 2 = 6236
Avaliação = 1.13967

Tempo de execução: 60s

---------------------------

Largura da faixa = 374
Melhor altura = 7107

Lower Bound 1 = 5360
Lower Bound 2 = 6236
Avaliação = 1.13967

Tempo de execução: 60.0004s

---------------------------

Largura da faixa = 374
Melhor altura = 7107

Lower Bound 1 = 5360
Lower Bound 2 = 6236
Avaliação = 1.13967

Tempo de execução: 60.0003s

---------------------------

Largura da faixa = 374
Melhor altura = 7107

Lower Bound 1 = 5360
Lower Bound 2 = 6236
Avaliação = 1.13967

Tempo de execução: 60s

---------------------------

Largura da faixa = 374
Melhor altura = 7107

Lower Bound 1 = 5360
Lower Bound 2 = 6236
Avaliação = 1.13967

Tempo de execução: 60.0001s

---------------------------

Largura da faixa = 374
Melhor altura = 7107

Lower Bound 1 = 5360
Lower Bound 2 = 6236
Avaliação = 1.13967

Tempo de execução: 60.0001s

---------------------------

Largura da faixa = 374
Melhor altura = 7107

Lower Bound 1 = 5360
Lower Bound 2 = 6236
Avaliação = 1.13967

Tempo de execução: 60.0002s

---------------------------

Largura da faixa = 374
Melhor altura = 7107

Lower Bound 1 = 5360
Lower Bound 2 = 6236
Avaliação = 1.13967

Tempo de execução: 60.0001s

---------------------------

Largura da faixa = 374
Melhor altura = 7107

Lower Bound 1 = 5360
Lower Bound 2 = 6236
Avaliação = 1.13967

Tempo de execução: 60.0002s

---------------------------

Largura da faixa = 374
Melhor altura = 7107

Lower Bound 1 = 5360
Lower Bound 2 = 6236
Avaliação = 1.13967

Tempo de execução: 60s

---------------------------

Largura da faixa = 374
Melhor altura = 7107

Lower Bound 1 = 5360
Lower Bound 2 = 6236
Avaliação = 1.13967

Tempo de execução: 60.0002s

---------------------------

Largura da faixa = 374
Melhor altura = 7107

Lower Bound 1 = 5360
Lower Bound 2 = 6236
Avaliação = 1.13967

Tempo de execução: 60s

---------------------------

Largura da faixa = 374
Melhor altura = 7107

Lower Bound 1 = 5360
Lower Bound 2 = 6236
Avaliação = 1.13967

Tempo de execução: 60s

---------------------------

Largura da faixa = 374
Melhor altura = 7107

Lower Bound 1 = 5360
Lower Bound 2 = 6236
Avaliação = 1.13967

Tempo de execução: 60s

---------------------------

