Largura da faixa = 184
Melhor altura = 5723

Lower Bound 1 = 3975
Lower Bound 2 = 4700
Avaliação = 1.21766

Tempo de execução: 60s

---------------------------

Largura da faixa = 184
Melhor altura = 5723

Lower Bound 1 = 3975
Lower Bound 2 = 4700
Avaliação = 1.21766

Tempo de execução: 60.0001s

---------------------------

Largura da faixa = 184
Melhor altura = 5723

Lower Bound 1 = 3975
Lower Bound 2 = 4700
Avaliação = 1.21766

Tempo de execução: 60.0003s

---------------------------

Largura da faixa = 184
Melhor altura = 5723

Lower Bound 1 = 3975
Lower Bound 2 = 4700
Avaliação = 1.21766

Tempo de execução: 60.0002s

---------------------------

Largura da faixa = 184
Melhor altura = 5723

Lower Bound 1 = 3975
Lower Bound 2 = 4700
Avaliação = 1.21766

Tempo de execução: 60s

---------------------------

Largura da faixa = 184
Melhor altura = 5723

Lower Bound 1 = 3975
Lower Bound 2 = 4700
Avaliação = 1.21766

Tempo de execução: 60.0006s

---------------------------

Largura da faixa = 184
Melhor altura = 5723

Lower Bound 1 = 3975
Lower Bound 2 = 4700
Avaliação = 1.21766

Tempo de execução: 60.0002s

---------------------------

Largura da faixa = 184
Melhor altura = 5723

Lower Bound 1 = 3975
Lower Bound 2 = 4700
Avaliação = 1.21766

Tempo de execução: 60.0002s

---------------------------

Largura da faixa = 184
Melhor altura = 5723

Lower Bound 1 = 3975
Lower Bound 2 = 4700
Avaliação = 1.21766

Tempo de execução: 60.0004s

---------------------------

Largura da faixa = 184
Melhor altura = 5723

Lower Bound 1 = 3975
Lower Bound 2 = 4700
Avaliação = 1.21766

Tempo de execução: 60.0007s

---------------------------

Largura da faixa = 184
Melhor altura = 5723

Lower Bound 1 = 3975
Lower Bound 2 = 4700
Avaliação = 1.21766

Tempo de execução: 60.0009s

---------------------------

Largura da faixa = 184
Melhor altura = 5723

Lower Bound 1 = 3975
Lower Bound 2 = 4700
Avaliação = 1.21766

Tempo de execução: 60.0009s

---------------------------

Largura da faixa = 184
Melhor altura = 5723

Lower Bound 1 = 3975
Lower Bound 2 = 4700
Avaliação = 1.21766

Tempo de execução: 60.0002s

---------------------------

Largura da faixa = 184
Melhor altura = 5723

Lower Bound 1 = 3975
Lower Bound 2 = 4700
Avaliação = 1.21766

Tempo de execução: 60s

---------------------------

Largura da faixa = 184
Melhor altura = 5723

Lower Bound 1 = 3975
Lower Bound 2 = 4700
Avaliação = 1.21766

Tempo de execução: 60.0006s

---------------------------

Largura da faixa = 184
Melhor altura = 5723

Lower Bound 1 = 3975
Lower Bound 2 = 4700
Avaliação = 1.21766

Tempo de execução: 60.0001s

---------------------------

Largura da faixa = 184
Melhor altura = 5723

Lower Bound 1 = 3975
Lower Bound 2 = 4700
Avaliação = 1.21766

Tempo de execução: 60s

---------------------------

Largura da faixa = 184
Melhor altura = 5723

Lower Bound 1 = 3975
Lower Bound 2 = 4700
Avaliação = 1.21766

Tempo de execução: 60.0001s

---------------------------

Largura da faixa = 184
Melhor altura = 5723

Lower Bound 1 = 3975
Lower Bound 2 = 4700
Avaliação = 1.21766

Tempo de execução: 60.0001s

---------------------------

Largura da faixa = 184
Melhor altura = 5723

Lower Bound 1 = 3975
Lower Bound 2 = 4700
Avaliação = 1.21766

Tempo de execução: 60.0004s

---------------------------

