Largura da faixa = 186
Melhor altura = 3087

Lower Bound 1 = 2191
Lower Bound 2 = 2720
Avaliação = 1.13493

Tempo de execução: 60.0001s

---------------------------

Largura da faixa = 186
Melhor altura = 3087

Lower Bound 1 = 2191
Lower Bound 2 = 2720
Avaliação = 1.13493

Tempo de execução: 60.0001s

---------------------------

Largura da faixa = 186
Melhor altura = 3087

Lower Bound 1 = 2191
Lower Bound 2 = 2720
Avaliação = 1.13493

Tempo de execução: 60s

---------------------------

Largura da faixa = 186
Melhor altura = 3087

Lower Bound 1 = 2191
Lower Bound 2 = 2720
Avaliação = 1.13493

Tempo de execução: 60s

---------------------------

Largura da faixa = 186
Melhor altura = 3087

Lower Bound 1 = 2191
Lower Bound 2 = 2720
Avaliação = 1.13493

Tempo de execução: 60s

---------------------------

Largura da faixa = 186
Melhor altura = 3087

Lower Bound 1 = 2191
Lower Bound 2 = 2720
Avaliação = 1.13493

Tempo de execução: 60s

---------------------------

Largura da faixa = 186
Melhor altura = 3087

Lower Bound 1 = 2191
Lower Bound 2 = 2720
Avaliação = 1.13493

Tempo de execução: 60.0001s

---------------------------

Largura da faixa = 186
Melhor altura = 3087

Lower Bound 1 = 2191
Lower Bound 2 = 2720
Avaliação = 1.13493

Tempo de execução: 60s

---------------------------

Largura da faixa = 186
Melhor altura = 3087

Lower Bound 1 = 2191
Lower Bound 2 = 2720
Avaliação = 1.13493

Tempo de execução: 60s

---------------------------

Largura da faixa = 186
Melhor altura = 3087

Lower Bound 1 = 2191
Lower Bound 2 = 2720
Avaliação = 1.13493

Tempo de execução: 60s

---------------------------

Largura da faixa = 186
Melhor altura = 3087

Lower Bound 1 = 2191
Lower Bound 2 = 2720
Avaliação = 1.13493

Tempo de execução: 60.0001s

---------------------------

Largura da faixa = 186
Melhor altura = 3087

Lower Bound 1 = 2191
Lower Bound 2 = 2720
Avaliação = 1.13493

Tempo de execução: 60s

---------------------------

Largura da faixa = 186
Melhor altura = 3087

Lower Bound 1 = 2191
Lower Bound 2 = 2720
Avaliação = 1.13493

Tempo de execução: 60s

---------------------------

Largura da faixa = 186
Melhor altura = 3087

Lower Bound 1 = 2191
Lower Bound 2 = 2720
Avaliação = 1.13493

Tempo de execução: 60s

---------------------------

Largura da faixa = 186
Melhor altura = 3087

Lower Bound 1 = 2191
Lower Bound 2 = 2720
Avaliação = 1.13493

Tempo de execução: 60.0002s

---------------------------

Largura da faixa = 186
Melhor altura = 3087

Lower Bound 1 = 2191
Lower Bound 2 = 2720
Avaliação = 1.13493

Tempo de execução: 60s

---------------------------

Largura da faixa = 186
Melhor altura = 3087

Lower Bound 1 = 2191
Lower Bound 2 = 2720
Avaliação = 1.13493

Tempo de execução: 60.0001s

---------------------------

Largura da faixa = 186
Melhor altura = 3087

Lower Bound 1 = 2191
Lower Bound 2 = 2720
Avaliação = 1.13493

Tempo de execução: 60s

---------------------------

Largura da faixa = 186
Melhor altura = 3087

Lower Bound 1 = 2191
Lower Bound 2 = 2720
Avaliação = 1.13493

Tempo de execução: 60s

---------------------------

Largura da faixa = 186
Melhor altura = 3087

Lower Bound 1 = 2191
Lower Bound 2 = 2720
Avaliação = 1.13493

Tempo de execução: 60.0002s

---------------------------

