Largura da faixa = 742
Melhor altura = 9266

Lower Bound 1 = 7217
Lower Bound 2 = 7480
Avaliação = 1.23877

Tempo de execução: 284.338s

---------------------------

Largura da faixa = 742
Melhor altura = 9266

Lower Bound 1 = 7217
Lower Bound 2 = 7480
Avaliação = 1.23877

Tempo de execução: 91.2771s

---------------------------

Largura da faixa = 742
Melhor altura = 9266

Lower Bound 1 = 7217
Lower Bound 2 = 7480
Avaliação = 1.23877

Tempo de execução: 152.102s

---------------------------

Largura da faixa = 742
Melhor altura = 9266

Lower Bound 1 = 7217
Lower Bound 2 = 7480
Avaliação = 1.23877

Tempo de execução: 152.102s

---------------------------

Largura da faixa = 742
Melhor altura = 9266

Lower Bound 1 = 7217
Lower Bound 2 = 7480
Avaliação = 1.23877

Tempo de execução: 123.7s

---------------------------

Largura da faixa = 742
Melhor altura = 9266

Lower Bound 1 = 7217
Lower Bound 2 = 7480
Avaliação = 1.23877

Tempo de execução: 64.2274s

---------------------------

Largura da faixa = 742
Melhor altura = 9266

Lower Bound 1 = 7217
Lower Bound 2 = 7480
Avaliação = 1.23877

Tempo de execução: 60s

---------------------------

Largura da faixa = 742
Melhor altura = 9266

Lower Bound 1 = 7217
Lower Bound 2 = 7480
Avaliação = 1.23877

Tempo de execução: 60s

---------------------------

Largura da faixa = 742
Melhor altura = 9266

Lower Bound 1 = 7217
Lower Bound 2 = 7480
Avaliação = 1.23877

Tempo de execução: 60s

---------------------------

Largura da faixa = 742
Melhor altura = 9266

Lower Bound 1 = 7217
Lower Bound 2 = 7480
Avaliação = 1.23877

Tempo de execução: 60s

---------------------------

Largura da faixa = 742
Melhor altura = 9266

Lower Bound 1 = 7217
Lower Bound 2 = 7480
Avaliação = 1.23877

Tempo de execução: 60s

---------------------------

Largura da faixa = 742
Melhor altura = 9266

Lower Bound 1 = 7217
Lower Bound 2 = 7480
Avaliação = 1.23877

Tempo de execução: 60s

---------------------------

Largura da faixa = 742
Melhor altura = 9266

Lower Bound 1 = 7217
Lower Bound 2 = 7480
Avaliação = 1.23877

Tempo de execução: 60.0001s

---------------------------

Largura da faixa = 742
Melhor altura = 9266

Lower Bound 1 = 7217
Lower Bound 2 = 7480
Avaliação = 1.23877

Tempo de execução: 60.0002s

---------------------------

Largura da faixa = 742
Melhor altura = 9266

Lower Bound 1 = 7217
Lower Bound 2 = 7480
Avaliação = 1.23877

Tempo de execução: 60.0001s

---------------------------

Largura da faixa = 742
Melhor altura = 9266

Lower Bound 1 = 7217
Lower Bound 2 = 7480
Avaliação = 1.23877

Tempo de execução: 60s

---------------------------

Largura da faixa = 742
Melhor altura = 9266

Lower Bound 1 = 7217
Lower Bound 2 = 7480
Avaliação = 1.23877

Tempo de execução: 60.0002s

---------------------------

Largura da faixa = 742
Melhor altura = 9266

Lower Bound 1 = 7217
Lower Bound 2 = 7480
Avaliação = 1.23877

Tempo de execução: 60.0002s

---------------------------

Largura da faixa = 742
Melhor altura = 9266

Lower Bound 1 = 7217
Lower Bound 2 = 7480
Avaliação = 1.23877

Tempo de execução: 60s

---------------------------

Largura da faixa = 742
Melhor altura = 9266

Lower Bound 1 = 7217
Lower Bound 2 = 7480
Avaliação = 1.23877

Tempo de execução: 60.0001s

---------------------------

Largura da faixa = 742
Melhor altura = 9266

Lower Bound 1 = 7217
Lower Bound 2 = 7480
Avaliação = 1.23877

Tempo de execução: 60.0001s

---------------------------

Largura da faixa = 742
Melhor altura = 9266

Lower Bound 1 = 7217
Lower Bound 2 = 7480
Avaliação = 1.23877

Tempo de execução: 60s

---------------------------

Largura da faixa = 742
Melhor altura = 9266

Lower Bound 1 = 7217
Lower Bound 2 = 7480
Avaliação = 1.23877

Tempo de execução: 60.0001s

---------------------------

Largura da faixa = 742
Melhor altura = 9266

Lower Bound 1 = 7217
Lower Bound 2 = 7480
Avaliação = 1.23877

Tempo de execução: 60s

---------------------------

Largura da faixa = 742
Melhor altura = 9266

Lower Bound 1 = 7217
Lower Bound 2 = 7480
Avaliação = 1.23877

Tempo de execução: 60s

---------------------------

Largura da faixa = 742
Melhor altura = 9266

Lower Bound 1 = 7217
Lower Bound 2 = 7480
Avaliação = 1.23877

Tempo de execução: 60s

---------------------------

