Largura da faixa = 374
Melhor altura = 9559

Lower Bound 1 = 7501
Lower Bound 2 = 8483
Avaliação = 1.12684

Tempo de execução: 60.0001s

---------------------------

Largura da faixa = 374
Melhor altura = 9559

Lower Bound 1 = 7501
Lower Bound 2 = 8483
Avaliação = 1.12684

Tempo de execução: 60s

---------------------------

Largura da faixa = 374
Melhor altura = 9559

Lower Bound 1 = 7501
Lower Bound 2 = 8483
Avaliação = 1.12684

Tempo de execução: 60.0003s

---------------------------

Largura da faixa = 374
Melhor altura = 9559

Lower Bound 1 = 7501
Lower Bound 2 = 8483
Avaliação = 1.12684

Tempo de execução: 60.0001s

---------------------------

Largura da faixa = 374
Melhor altura = 9559

Lower Bound 1 = 7501
Lower Bound 2 = 8483
Avaliação = 1.12684

Tempo de execução: 60.0001s

---------------------------

Largura da faixa = 374
Melhor altura = 9559

Lower Bound 1 = 7501
Lower Bound 2 = 8483
Avaliação = 1.12684

Tempo de execução: 60.0009s

---------------------------

Largura da faixa = 374
Melhor altura = 9559

Lower Bound 1 = 7501
Lower Bound 2 = 8483
Avaliação = 1.12684

Tempo de execução: 60.0001s

---------------------------

Largura da faixa = 374
Melhor altura = 9559

Lower Bound 1 = 7501
Lower Bound 2 = 8483
Avaliação = 1.12684

Tempo de execução: 60.0003s

---------------------------

Largura da faixa = 374
Melhor altura = 9559

Lower Bound 1 = 7501
Lower Bound 2 = 8483
Avaliação = 1.12684

Tempo de execução: 60.0006s

---------------------------

Largura da faixa = 374
Melhor altura = 9559

Lower Bound 1 = 7501
Lower Bound 2 = 8483
Avaliação = 1.12684

Tempo de execução: 60.0004s

---------------------------

Largura da faixa = 374
Melhor altura = 9559

Lower Bound 1 = 7501
Lower Bound 2 = 8483
Avaliação = 1.12684

Tempo de execução: 60.0001s

---------------------------

Largura da faixa = 374
Melhor altura = 9559

Lower Bound 1 = 7501
Lower Bound 2 = 8483
Avaliação = 1.12684

Tempo de execução: 60.0018s

---------------------------

Largura da faixa = 374
Melhor altura = 9559

Lower Bound 1 = 7501
Lower Bound 2 = 8483
Avaliação = 1.12684

Tempo de execução: 60.0001s

---------------------------

Largura da faixa = 374
Melhor altura = 9559

Lower Bound 1 = 7501
Lower Bound 2 = 8483
Avaliação = 1.12684

Tempo de execução: 60.0004s

---------------------------

Largura da faixa = 374
Melhor altura = 9559

Lower Bound 1 = 7501
Lower Bound 2 = 8483
Avaliação = 1.12684

Tempo de execução: 60.0004s

---------------------------

Largura da faixa = 374
Melhor altura = 9559

Lower Bound 1 = 7501
Lower Bound 2 = 8483
Avaliação = 1.12684

Tempo de execução: 60.0002s

---------------------------

Largura da faixa = 374
Melhor altura = 9559

Lower Bound 1 = 7501
Lower Bound 2 = 8483
Avaliação = 1.12684

Tempo de execução: 60.0001s

---------------------------

Largura da faixa = 374
Melhor altura = 9559

Lower Bound 1 = 7501
Lower Bound 2 = 8483
Avaliação = 1.12684

Tempo de execução: 60.0002s

---------------------------

Largura da faixa = 374
Melhor altura = 9559

Lower Bound 1 = 7501
Lower Bound 2 = 8483
Avaliação = 1.12684

Tempo de execução: 60s

---------------------------

Largura da faixa = 374
Melhor altura = 9559

Lower Bound 1 = 7501
Lower Bound 2 = 8483
Avaliação = 1.12684

Tempo de execução: 60.0001s

---------------------------

