Largura da faixa = 372
Melhor altura = 4838

Lower Bound 1 = 3311
Lower Bound 2 = 3999
Avaliação = 1.2098

Tempo de execução: 60s

---------------------------

Largura da faixa = 372
Melhor altura = 4838

Lower Bound 1 = 3311
Lower Bound 2 = 3999
Avaliação = 1.2098

Tempo de execução: 60.0001s

---------------------------

Largura da faixa = 372
Melhor altura = 4838

Lower Bound 1 = 3311
Lower Bound 2 = 3999
Avaliação = 1.2098

Tempo de execução: 60s

---------------------------

Largura da faixa = 372
Melhor altura = 4838

Lower Bound 1 = 3311
Lower Bound 2 = 3999
Avaliação = 1.2098

Tempo de execução: 60s

---------------------------

Largura da faixa = 372
Melhor altura = 4838

Lower Bound 1 = 3311
Lower Bound 2 = 3999
Avaliação = 1.2098

Tempo de execução: 60s

---------------------------

Largura da faixa = 372
Melhor altura = 4838

Lower Bound 1 = 3311
Lower Bound 2 = 3999
Avaliação = 1.2098

Tempo de execução: 60s

---------------------------

Largura da faixa = 372
Melhor altura = 4838

Lower Bound 1 = 3311
Lower Bound 2 = 3999
Avaliação = 1.2098

Tempo de execução: 60s

---------------------------

Largura da faixa = 372
Melhor altura = 4838

Lower Bound 1 = 3311
Lower Bound 2 = 3999
Avaliação = 1.2098

Tempo de execução: 60s

---------------------------

Largura da faixa = 372
Melhor altura = 4838

Lower Bound 1 = 3311
Lower Bound 2 = 3999
Avaliação = 1.2098

Tempo de execução: 60s

---------------------------

Largura da faixa = 372
Melhor altura = 4838

Lower Bound 1 = 3311
Lower Bound 2 = 3999
Avaliação = 1.2098

Tempo de execução: 60s

---------------------------

Largura da faixa = 372
Melhor altura = 4838

Lower Bound 1 = 3311
Lower Bound 2 = 3999
Avaliação = 1.2098

Tempo de execução: 60.0001s

---------------------------

Largura da faixa = 372
Melhor altura = 4838

Lower Bound 1 = 3311
Lower Bound 2 = 3999
Avaliação = 1.2098

Tempo de execução: 60s

---------------------------

Largura da faixa = 372
Melhor altura = 4838

Lower Bound 1 = 3311
Lower Bound 2 = 3999
Avaliação = 1.2098

Tempo de execução: 60s

---------------------------

Largura da faixa = 372
Melhor altura = 4838

Lower Bound 1 = 3311
Lower Bound 2 = 3999
Avaliação = 1.2098

Tempo de execução: 60s

---------------------------

Largura da faixa = 372
Melhor altura = 4838

Lower Bound 1 = 3311
Lower Bound 2 = 3999
Avaliação = 1.2098

Tempo de execução: 60s

---------------------------

Largura da faixa = 372
Melhor altura = 4838

Lower Bound 1 = 3311
Lower Bound 2 = 3999
Avaliação = 1.2098

Tempo de execução: 60s

---------------------------

Largura da faixa = 372
Melhor altura = 4838

Lower Bound 1 = 3311
Lower Bound 2 = 3999
Avaliação = 1.2098

Tempo de execução: 60s

---------------------------

Largura da faixa = 372
Melhor altura = 4838

Lower Bound 1 = 3311
Lower Bound 2 = 3999
Avaliação = 1.2098

Tempo de execução: 60.0001s

---------------------------

Largura da faixa = 372
Melhor altura = 4838

Lower Bound 1 = 3311
Lower Bound 2 = 3999
Avaliação = 1.2098

Tempo de execução: 60s

---------------------------

Largura da faixa = 372
Melhor altura = 4838

Lower Bound 1 = 3311
Lower Bound 2 = 3999
Avaliação = 1.2098

Tempo de execução: 60s

---------------------------

