Largura da faixa = 62
Melhor altura = 204

Lower Bound 1 = 169
Lower Bound 2 = 168
Avaliação = 1.2071

Tempo de execução: 60.001s

---------------------------

Largura da faixa = 62
Melhor altura = 205

Lower Bound 1 = 169
Lower Bound 2 = 168
Avaliação = 1.21302

Tempo de execução: 60.0093s

---------------------------

Largura da faixa = 62
Melhor altura = 205

Lower Bound 1 = 169
Lower Bound 2 = 168
Avaliação = 1.21302

Tempo de execução: 60.0017s

---------------------------

Largura da faixa = 62
Melhor altura = 204

Lower Bound 1 = 169
Lower Bound 2 = 168
Avaliação = 1.2071

Tempo de execução: 60.0011s

---------------------------

Largura da faixa = 62
Melhor altura = 205

Lower Bound 1 = 169
Lower Bound 2 = 168
Avaliação = 1.21302

Tempo de execução: 60.0234s

---------------------------

Largura da faixa = 62
Melhor altura = 203

Lower Bound 1 = 169
Lower Bound 2 = 168
Avaliação = 1.20118

Tempo de execução: 60.0222s

---------------------------

Largura da faixa = 62
Melhor altura = 205

Lower Bound 1 = 169
Lower Bound 2 = 168
Avaliação = 1.21302

Tempo de execução: 60.0019s

---------------------------

Largura da faixa = 62
Melhor altura = 206

Lower Bound 1 = 169
Lower Bound 2 = 168
Avaliação = 1.21893

Tempo de execução: 60.01s

---------------------------

Largura da faixa = 62
Melhor altura = 205

Lower Bound 1 = 169
Lower Bound 2 = 168
Avaliação = 1.21302

Tempo de execução: 60.0178s

---------------------------

Largura da faixa = 62
Melhor altura = 205

Lower Bound 1 = 169
Lower Bound 2 = 168
Avaliação = 1.21302

Tempo de execução: 60.0006s

---------------------------

Largura da faixa = 62
Melhor altura = 205

Lower Bound 1 = 169
Lower Bound 2 = 168
Avaliação = 1.21302

Tempo de execução: 60.0246s

---------------------------

Largura da faixa = 62
Melhor altura = 202

Lower Bound 1 = 169
Lower Bound 2 = 168
Avaliação = 1.19527

Tempo de execução: 60.0333s

---------------------------

Largura da faixa = 62
Melhor altura = 204

Lower Bound 1 = 169
Lower Bound 2 = 168
Avaliação = 1.2071

Tempo de execução: 60.0013s

---------------------------

Largura da faixa = 62
Melhor altura = 204

Lower Bound 1 = 169
Lower Bound 2 = 168
Avaliação = 1.2071

Tempo de execução: 60.0231s

---------------------------

Largura da faixa = 62
Melhor altura = 201

Lower Bound 1 = 169
Lower Bound 2 = 168
Avaliação = 1.18935

Tempo de execução: 60.0138s

---------------------------

Largura da faixa = 62
Melhor altura = 204

Lower Bound 1 = 169
Lower Bound 2 = 168
Avaliação = 1.2071

Tempo de execução: 60.0125s

---------------------------

Largura da faixa = 62
Melhor altura = 202

Lower Bound 1 = 169
Lower Bound 2 = 168
Avaliação = 1.19527

Tempo de execução: 60.0138s

---------------------------

Largura da faixa = 62
Melhor altura = 204

Lower Bound 1 = 169
Lower Bound 2 = 168
Avaliação = 1.2071

Tempo de execução: 60.0193s

---------------------------

Largura da faixa = 62
Melhor altura = 205

Lower Bound 1 = 169
Lower Bound 2 = 168
Avaliação = 1.21302

Tempo de execução: 60.0041s

---------------------------

Largura da faixa = 62
Melhor altura = 205

Lower Bound 1 = 169
Lower Bound 2 = 168
Avaliação = 1.21302

Tempo de execução: 60.0142s

---------------------------

