Largura da faixa = 70
Melhor altura = 193

Lower Bound 1 = 150
Lower Bound 2 = 105
Avaliação = 1.28667

Tempo de execução: 60.0161s

---------------------------

Largura da faixa = 70
Melhor altura = 190

Lower Bound 1 = 150
Lower Bound 2 = 105
Avaliação = 1.26667

Tempo de execução: 60.0695s

---------------------------

Largura da faixa = 70
Melhor altura = 195

Lower Bound 1 = 150
Lower Bound 2 = 105
Avaliação = 1.3

Tempo de execução: 60.0734s

---------------------------

Largura da faixa = 70
Melhor altura = 194

Lower Bound 1 = 150
Lower Bound 2 = 105
Avaliação = 1.29333

Tempo de execução: 60.0004s

---------------------------

Largura da faixa = 70
Melhor altura = 191

Lower Bound 1 = 150
Lower Bound 2 = 105
Avaliação = 1.27333

Tempo de execução: 60.019s

---------------------------

Largura da faixa = 70
Melhor altura = 192

Lower Bound 1 = 150
Lower Bound 2 = 105
Avaliação = 1.28

Tempo de execução: 60.0158s

---------------------------

Largura da faixa = 70
Melhor altura = 192

Lower Bound 1 = 150
Lower Bound 2 = 105
Avaliação = 1.28

Tempo de execução: 60.0199s

---------------------------

Largura da faixa = 70
Melhor altura = 196

Lower Bound 1 = 150
Lower Bound 2 = 105
Avaliação = 1.30667

Tempo de execução: 60.0665s

---------------------------

Largura da faixa = 70
Melhor altura = 193

Lower Bound 1 = 150
Lower Bound 2 = 105
Avaliação = 1.28667

Tempo de execução: 60.0885s

---------------------------

Largura da faixa = 70
Melhor altura = 195

Lower Bound 1 = 150
Lower Bound 2 = 105
Avaliação = 1.3

Tempo de execução: 60.0046s

---------------------------

Largura da faixa = 70
Melhor altura = 192

Lower Bound 1 = 150
Lower Bound 2 = 105
Avaliação = 1.28

Tempo de execução: 60.1343s

---------------------------

Largura da faixa = 70
Melhor altura = 196

Lower Bound 1 = 150
Lower Bound 2 = 105
Avaliação = 1.30667

Tempo de execução: 60.1105s

---------------------------

Largura da faixa = 70
Melhor altura = 196

Lower Bound 1 = 150
Lower Bound 2 = 105
Avaliação = 1.30667

Tempo de execução: 60.003s

---------------------------

Largura da faixa = 70
Melhor altura = 196

Lower Bound 1 = 150
Lower Bound 2 = 105
Avaliação = 1.30667

Tempo de execução: 60.0259s

---------------------------

Largura da faixa = 70
Melhor altura = 195

Lower Bound 1 = 150
Lower Bound 2 = 105
Avaliação = 1.3

Tempo de execução: 60.0444s

---------------------------

Largura da faixa = 70
Melhor altura = 194

Lower Bound 1 = 150
Lower Bound 2 = 105
Avaliação = 1.29333

Tempo de execução: 60.0291s

---------------------------

Largura da faixa = 70
Melhor altura = 192

Lower Bound 1 = 150
Lower Bound 2 = 105
Avaliação = 1.28

Tempo de execução: 60.0227s

---------------------------

Largura da faixa = 70
Melhor altura = 195

Lower Bound 1 = 150
Lower Bound 2 = 105
Avaliação = 1.3

Tempo de execução: 60.0688s

---------------------------

Largura da faixa = 70
Melhor altura = 194

Lower Bound 1 = 150
Lower Bound 2 = 105
Avaliação = 1.29333

Tempo de execução: 60.0134s

---------------------------

Largura da faixa = 70
Melhor altura = 193

Lower Bound 1 = 150
Lower Bound 2 = 105
Avaliação = 1.28667

Tempo de execução: 60.085s

---------------------------

