Largura da faixa = 125
Melhor altura = 306

Lower Bound 1 = 240
Lower Bound 2 = 125
Avaliação = 1.275

Tempo de execução: 60.0804s

---------------------------

Largura da faixa = 125
Melhor altura = 294

Lower Bound 1 = 240
Lower Bound 2 = 125
Avaliação = 1.225

Tempo de execução: 60.2913s

---------------------------

Largura da faixa = 125
Melhor altura = 306

Lower Bound 1 = 240
Lower Bound 2 = 125
Avaliação = 1.275

Tempo de execução: 60.313s

---------------------------

Largura da faixa = 125
Melhor altura = 305

Lower Bound 1 = 240
Lower Bound 2 = 125
Avaliação = 1.27083

Tempo de execução: 60.0238s

---------------------------

Largura da faixa = 125
Melhor altura = 293

Lower Bound 1 = 240
Lower Bound 2 = 125
Avaliação = 1.22083

Tempo de execução: 60.0439s

---------------------------

Largura da faixa = 125
Melhor altura = 301

Lower Bound 1 = 240
Lower Bound 2 = 125
Avaliação = 1.25417

Tempo de execução: 60.3058s

---------------------------

Largura da faixa = 125
Melhor altura = 287

Lower Bound 1 = 240
Lower Bound 2 = 125
Avaliação = 1.19583

Tempo de execução: 60.0238s

---------------------------

Largura da faixa = 125
Melhor altura = 302

Lower Bound 1 = 240
Lower Bound 2 = 125
Avaliação = 1.25833

Tempo de execução: 60.0916s

---------------------------

Largura da faixa = 125
Melhor altura = 305

Lower Bound 1 = 240
Lower Bound 2 = 125
Avaliação = 1.27083

Tempo de execução: 60.0561s

---------------------------

Largura da faixa = 125
Melhor altura = 301

Lower Bound 1 = 240
Lower Bound 2 = 125
Avaliação = 1.25417

Tempo de execução: 60.1117s

---------------------------

Largura da faixa = 125
Melhor altura = 300

Lower Bound 1 = 240
Lower Bound 2 = 125
Avaliação = 1.25

Tempo de execução: 60.0883s

---------------------------

Largura da faixa = 125
Melhor altura = 308

Lower Bound 1 = 240
Lower Bound 2 = 125
Avaliação = 1.28333

Tempo de execução: 60.3139s

---------------------------

Largura da faixa = 125
Melhor altura = 296

Lower Bound 1 = 240
Lower Bound 2 = 125
Avaliação = 1.23333

Tempo de execução: 60.0269s

---------------------------

Largura da faixa = 125
Melhor altura = 302

Lower Bound 1 = 240
Lower Bound 2 = 125
Avaliação = 1.25833

Tempo de execução: 60.1808s

---------------------------

Largura da faixa = 125
Melhor altura = 304

Lower Bound 1 = 240
Lower Bound 2 = 125
Avaliação = 1.26667

Tempo de execução: 60.2643s

---------------------------

Largura da faixa = 125
Melhor altura = 289

Lower Bound 1 = 240
Lower Bound 2 = 125
Avaliação = 1.20417

Tempo de execução: 60.1361s

---------------------------

Largura da faixa = 125
Melhor altura = 302

Lower Bound 1 = 240
Lower Bound 2 = 125
Avaliação = 1.25833

Tempo de execução: 60.1901s

---------------------------

Largura da faixa = 125
Melhor altura = 306

Lower Bound 1 = 240
Lower Bound 2 = 125
Avaliação = 1.275

Tempo de execução: 60.2666s

---------------------------

Largura da faixa = 125
Melhor altura = 296

Lower Bound 1 = 240
Lower Bound 2 = 125
Avaliação = 1.23333

Tempo de execução: 60.2234s

---------------------------

Largura da faixa = 125
Melhor altura = 284

Lower Bound 1 = 240
Lower Bound 2 = 125
Avaliação = 1.18333

Tempo de execução: 60.251s

---------------------------

