Largura da faixa = 40
Melhor altura = 46

Lower Bound 1 = 40
Lower Bound 2 = 46
Avaliação = 1

Tempo de execução: 60s

---------------------------

Largura da faixa = 40
Melhor altura = 46

Lower Bound 1 = 40
Lower Bound 2 = 46
Avaliação = 1

Tempo de execução: 60s

---------------------------

Largura da faixa = 40
Melhor altura = 46

Lower Bound 1 = 40
Lower Bound 2 = 46
Avaliação = 1

Tempo de execução: 60s

---------------------------

Largura da faixa = 40
Melhor altura = 46

Lower Bound 1 = 40
Lower Bound 2 = 46
Avaliação = 1

Tempo de execução: 60s

---------------------------

Largura da faixa = 40
Melhor altura = 46

Lower Bound 1 = 40
Lower Bound 2 = 46
Avaliação = 1

Tempo de execução: 60s

---------------------------

Largura da faixa = 40
Melhor altura = 46

Lower Bound 1 = 40
Lower Bound 2 = 46
Avaliação = 1

Tempo de execução: 60s

---------------------------

Largura da faixa = 40
Melhor altura = 46

Lower Bound 1 = 40
Lower Bound 2 = 46
Avaliação = 1

Tempo de execução: 60s

---------------------------

Largura da faixa = 40
Melhor altura = 46

Lower Bound 1 = 40
Lower Bound 2 = 46
Avaliação = 1

Tempo de execução: 60s

---------------------------

Largura da faixa = 40
Melhor altura = 46

Lower Bound 1 = 40
Lower Bound 2 = 46
Avaliação = 1

Tempo de execução: 60s

---------------------------

Largura da faixa = 40
Melhor altura = 46

Lower Bound 1 = 40
Lower Bound 2 = 46
Avaliação = 1

Tempo de execução: 60s

---------------------------

Largura da faixa = 40
Melhor altura = 46

Lower Bound 1 = 40
Lower Bound 2 = 46
Avaliação = 1

Tempo de execução: 60s

---------------------------

Largura da faixa = 40
Melhor altura = 46

Lower Bound 1 = 40
Lower Bound 2 = 46
Avaliação = 1

Tempo de execução: 60s

---------------------------

Largura da faixa = 40
Melhor altura = 46

Lower Bound 1 = 40
Lower Bound 2 = 46
Avaliação = 1

Tempo de execução: 60s

---------------------------

Largura da faixa = 40
Melhor altura = 46

Lower Bound 1 = 40
Lower Bound 2 = 46
Avaliação = 1

Tempo de execução: 60s

---------------------------

Largura da faixa = 40
Melhor altura = 46

Lower Bound 1 = 40
Lower Bound 2 = 46
Avaliação = 1

Tempo de execução: 60s

---------------------------

Largura da faixa = 40
Melhor altura = 46

Lower Bound 1 = 40
Lower Bound 2 = 46
Avaliação = 1

Tempo de execução: 60s

---------------------------

Largura da faixa = 40
Melhor altura = 46

Lower Bound 1 = 40
Lower Bound 2 = 46
Avaliação = 1

Tempo de execução: 60s

---------------------------

Largura da faixa = 40
Melhor altura = 46

Lower Bound 1 = 40
Lower Bound 2 = 46
Avaliação = 1

Tempo de execução: 60s

---------------------------

Largura da faixa = 40
Melhor altura = 46

Lower Bound 1 = 40
Lower Bound 2 = 46
Avaliação = 1

Tempo de execução: 60s

---------------------------

Largura da faixa = 40
Melhor altura = 46

Lower Bound 1 = 40
Lower Bound 2 = 46
Avaliação = 1

Tempo de execução: 60s

---------------------------

