Largura da faixa = 23
Melhor altura = 73

Lower Bound 1 = 65
Lower Bound 2 = 67
Avaliação = 1.08955

Tempo de execução: 60s

---------------------------

Largura da faixa = 23
Melhor altura = 73

Lower Bound 1 = 65
Lower Bound 2 = 67
Avaliação = 1.08955

Tempo de execução: 60s

---------------------------

Largura da faixa = 23
Melhor altura = 73

Lower Bound 1 = 65
Lower Bound 2 = 67
Avaliação = 1.08955

Tempo de execução: 60.0001s

---------------------------

Largura da faixa = 23
Melhor altura = 73

Lower Bound 1 = 65
Lower Bound 2 = 67
Avaliação = 1.08955

Tempo de execução: 60s

---------------------------

Largura da faixa = 23
Melhor altura = 73

Lower Bound 1 = 65
Lower Bound 2 = 67
Avaliação = 1.08955

Tempo de execução: 60s

---------------------------

Largura da faixa = 23
Melhor altura = 73

Lower Bound 1 = 65
Lower Bound 2 = 67
Avaliação = 1.08955

Tempo de execução: 60.0001s

---------------------------

Largura da faixa = 23
Melhor altura = 73

Lower Bound 1 = 65
Lower Bound 2 = 67
Avaliação = 1.08955

Tempo de execução: 60.0001s

---------------------------

Largura da faixa = 23
Melhor altura = 73

Lower Bound 1 = 65
Lower Bound 2 = 67
Avaliação = 1.08955

Tempo de execução: 60s

---------------------------

Largura da faixa = 23
Melhor altura = 73

Lower Bound 1 = 65
Lower Bound 2 = 67
Avaliação = 1.08955

Tempo de execução: 60s

---------------------------

Largura da faixa = 23
Melhor altura = 73

Lower Bound 1 = 65
Lower Bound 2 = 67
Avaliação = 1.08955

Tempo de execução: 60s

---------------------------

Largura da faixa = 23
Melhor altura = 73

Lower Bound 1 = 65
Lower Bound 2 = 67
Avaliação = 1.08955

Tempo de execução: 60s

---------------------------

Largura da faixa = 23
Melhor altura = 73

Lower Bound 1 = 65
Lower Bound 2 = 67
Avaliação = 1.08955

Tempo de execução: 60s

---------------------------

Largura da faixa = 23
Melhor altura = 73

Lower Bound 1 = 65
Lower Bound 2 = 67
Avaliação = 1.08955

Tempo de execução: 60s

---------------------------

Largura da faixa = 23
Melhor altura = 73

Lower Bound 1 = 65
Lower Bound 2 = 67
Avaliação = 1.08955

Tempo de execução: 60s

---------------------------

Largura da faixa = 23
Melhor altura = 73

Lower Bound 1 = 65
Lower Bound 2 = 67
Avaliação = 1.08955

Tempo de execução: 60.0001s

---------------------------

Largura da faixa = 23
Melhor altura = 73

Lower Bound 1 = 65
Lower Bound 2 = 67
Avaliação = 1.08955

Tempo de execução: 60.0001s

---------------------------

Largura da faixa = 23
Melhor altura = 73

Lower Bound 1 = 65
Lower Bound 2 = 67
Avaliação = 1.08955

Tempo de execução: 60s

---------------------------

Largura da faixa = 23
Melhor altura = 73

Lower Bound 1 = 65
Lower Bound 2 = 67
Avaliação = 1.08955

Tempo de execução: 60s

---------------------------

Largura da faixa = 23
Melhor altura = 73

Lower Bound 1 = 65
Lower Bound 2 = 67
Avaliação = 1.08955

Tempo de execução: 60s

---------------------------

Largura da faixa = 23
Melhor altura = 73

Lower Bound 1 = 65
Lower Bound 2 = 67
Avaliação = 1.08955

Tempo de execução: 60s

---------------------------

