Largura da faixa = 72
Melhor altura = 105

Lower Bound 1 = 88
Lower Bound 2 = 73
Avaliação = 1.19318

Tempo de execução: 60.0002s

---------------------------

Largura da faixa = 72
Melhor altura = 105

Lower Bound 1 = 88
Lower Bound 2 = 73
Avaliação = 1.19318

Tempo de execução: 60.0004s

---------------------------

Largura da faixa = 72
Melhor altura = 105

Lower Bound 1 = 88
Lower Bound 2 = 73
Avaliação = 1.19318

Tempo de execução: 60.0001s

---------------------------

Largura da faixa = 72
Melhor altura = 105

Lower Bound 1 = 88
Lower Bound 2 = 73
Avaliação = 1.19318

Tempo de execução: 60s

---------------------------

Largura da faixa = 72
Melhor altura = 105

Lower Bound 1 = 88
Lower Bound 2 = 73
Avaliação = 1.19318

Tempo de execução: 60.0005s

---------------------------

Largura da faixa = 72
Melhor altura = 105

Lower Bound 1 = 88
Lower Bound 2 = 73
Avaliação = 1.19318

Tempo de execução: 60.0005s

---------------------------

Largura da faixa = 72
Melhor altura = 105

Lower Bound 1 = 88
Lower Bound 2 = 73
Avaliação = 1.19318

Tempo de execução: 60.0002s

---------------------------

Largura da faixa = 72
Melhor altura = 107

Lower Bound 1 = 88
Lower Bound 2 = 73
Avaliação = 1.21591

Tempo de execução: 60.0004s

---------------------------

Largura da faixa = 72
Melhor altura = 105

Lower Bound 1 = 88
Lower Bound 2 = 73
Avaliação = 1.19318

Tempo de execução: 60.0004s

---------------------------

Largura da faixa = 72
Melhor altura = 105

Lower Bound 1 = 88
Lower Bound 2 = 73
Avaliação = 1.19318

Tempo de execução: 60.0001s

---------------------------

Largura da faixa = 72
Melhor altura = 105

Lower Bound 1 = 88
Lower Bound 2 = 73
Avaliação = 1.19318

Tempo de execução: 60s

---------------------------

Largura da faixa = 72
Melhor altura = 105

Lower Bound 1 = 88
Lower Bound 2 = 73
Avaliação = 1.19318

Tempo de execução: 60.0001s

---------------------------

Largura da faixa = 72
Melhor altura = 105

Lower Bound 1 = 88
Lower Bound 2 = 73
Avaliação = 1.19318

Tempo de execução: 60.0006s

---------------------------

Largura da faixa = 72
Melhor altura = 105

Lower Bound 1 = 88
Lower Bound 2 = 73
Avaliação = 1.19318

Tempo de execução: 60.0009s

---------------------------

Largura da faixa = 72
Melhor altura = 105

Lower Bound 1 = 88
Lower Bound 2 = 73
Avaliação = 1.19318

Tempo de execução: 60.0011s

---------------------------

Largura da faixa = 72
Melhor altura = 105

Lower Bound 1 = 88
Lower Bound 2 = 73
Avaliação = 1.19318

Tempo de execução: 60.0002s

---------------------------

Largura da faixa = 72
Melhor altura = 105

Lower Bound 1 = 88
Lower Bound 2 = 73
Avaliação = 1.19318

Tempo de execução: 60.0003s

---------------------------

Largura da faixa = 72
Melhor altura = 105

Lower Bound 1 = 88
Lower Bound 2 = 73
Avaliação = 1.19318

Tempo de execução: 60.0007s

---------------------------

Largura da faixa = 72
Melhor altura = 105

Lower Bound 1 = 88
Lower Bound 2 = 73
Avaliação = 1.19318

Tempo de execução: 60.0001s

---------------------------

Largura da faixa = 72
Melhor altura = 105

Lower Bound 1 = 88
Lower Bound 2 = 73
Avaliação = 1.19318

Tempo de execução: 60.0001s

---------------------------

