Largura da faixa = 50
Melhor altura = 155

Lower Bound 1 = 100
Lower Bound 2 = 134
Avaliação = 1.15672

Tempo de execução: 60s

---------------------------

Largura da faixa = 50
Melhor altura = 155

Lower Bound 1 = 100
Lower Bound 2 = 134
Avaliação = 1.15672

Tempo de execução: 60.0017s

---------------------------

Largura da faixa = 50
Melhor altura = 152

Lower Bound 1 = 100
Lower Bound 2 = 134
Avaliação = 1.13433

Tempo de execução: 60.0007s

---------------------------

Largura da faixa = 50
Melhor altura = 158

Lower Bound 1 = 100
Lower Bound 2 = 134
Avaliação = 1.1791

Tempo de execução: 60.0014s

---------------------------

Largura da faixa = 50
Melhor altura = 155

Lower Bound 1 = 100
Lower Bound 2 = 134
Avaliação = 1.15672

Tempo de execução: 60.0022s

---------------------------

Largura da faixa = 50
Melhor altura = 155

Lower Bound 1 = 100
Lower Bound 2 = 134
Avaliação = 1.15672

Tempo de execução: 60.0013s

---------------------------

Largura da faixa = 50
Melhor altura = 155

Lower Bound 1 = 100
Lower Bound 2 = 134
Avaliação = 1.15672

Tempo de execução: 60s

---------------------------

Largura da faixa = 50
Melhor altura = 155

Lower Bound 1 = 100
Lower Bound 2 = 134
Avaliação = 1.15672

Tempo de execução: 60.0015s

---------------------------

Largura da faixa = 50
Melhor altura = 158

Lower Bound 1 = 100
Lower Bound 2 = 134
Avaliação = 1.1791

Tempo de execução: 60.0024s

---------------------------

Largura da faixa = 50
Melhor altura = 155

Lower Bound 1 = 100
Lower Bound 2 = 134
Avaliação = 1.15672

Tempo de execução: 60.001s

---------------------------

Largura da faixa = 50
Melhor altura = 155

Lower Bound 1 = 100
Lower Bound 2 = 134
Avaliação = 1.15672

Tempo de execução: 60.0011s

---------------------------

Largura da faixa = 50
Melhor altura = 158

Lower Bound 1 = 100
Lower Bound 2 = 134
Avaliação = 1.1791

Tempo de execução: 60.0005s

---------------------------

Largura da faixa = 50
Melhor altura = 155

Lower Bound 1 = 100
Lower Bound 2 = 134
Avaliação = 1.15672

Tempo de execução: 60.0001s

---------------------------

Largura da faixa = 50
Melhor altura = 155

Lower Bound 1 = 100
Lower Bound 2 = 134
Avaliação = 1.15672

Tempo de execução: 60.0019s

---------------------------

Largura da faixa = 50
Melhor altura = 155

Lower Bound 1 = 100
Lower Bound 2 = 134
Avaliação = 1.15672

Tempo de execução: 60.002s

---------------------------

Largura da faixa = 50
Melhor altura = 155

Lower Bound 1 = 100
Lower Bound 2 = 134
Avaliação = 1.15672

Tempo de execução: 60.0001s

---------------------------

Largura da faixa = 50
Melhor altura = 155

Lower Bound 1 = 100
Lower Bound 2 = 134
Avaliação = 1.15672

Tempo de execução: 60.0008s

---------------------------

Largura da faixa = 50
Melhor altura = 155

Lower Bound 1 = 100
Lower Bound 2 = 134
Avaliação = 1.15672

Tempo de execução: 60.001s

---------------------------

Largura da faixa = 50
Melhor altura = 155

Lower Bound 1 = 100
Lower Bound 2 = 134
Avaliação = 1.15672

Tempo de execução: 60.0024s

---------------------------

Largura da faixa = 50
Melhor altura = 155

Lower Bound 1 = 100
Lower Bound 2 = 134
Avaliação = 1.15672

Tempo de execução: 60.0012s

---------------------------

