Largura da faixa = 82
Melhor altura = 124

Lower Bound 1 = 97
Lower Bound 2 = 82
Avaliação = 1.27835

Tempo de execução: 60.0002s

---------------------------

Largura da faixa = 82
Melhor altura = 122

Lower Bound 1 = 97
Lower Bound 2 = 82
Avaliação = 1.25773

Tempo de execução: 60.0024s

---------------------------

Largura da faixa = 82
Melhor altura = 126

Lower Bound 1 = 97
Lower Bound 2 = 82
Avaliação = 1.29897

Tempo de execução: 60.0003s

---------------------------

Largura da faixa = 82
Melhor altura = 124

Lower Bound 1 = 97
Lower Bound 2 = 82
Avaliação = 1.27835

Tempo de execução: 60.0004s

---------------------------

Largura da faixa = 82
Melhor altura = 121

Lower Bound 1 = 97
Lower Bound 2 = 82
Avaliação = 1.24742

Tempo de execução: 60.0054s

---------------------------

Largura da faixa = 82
Melhor altura = 123

Lower Bound 1 = 97
Lower Bound 2 = 82
Avaliação = 1.26804

Tempo de execução: 60.0009s

---------------------------

Largura da faixa = 82
Melhor altura = 122

Lower Bound 1 = 97
Lower Bound 2 = 82
Avaliação = 1.25773

Tempo de execução: 60.001s

---------------------------

Largura da faixa = 82
Melhor altura = 122

Lower Bound 1 = 97
Lower Bound 2 = 82
Avaliação = 1.25773

Tempo de execução: 60.0038s

---------------------------

Largura da faixa = 82
Melhor altura = 122

Lower Bound 1 = 97
Lower Bound 2 = 82
Avaliação = 1.25773

Tempo de execução: 60.0018s

---------------------------

Largura da faixa = 82
Melhor altura = 122

Lower Bound 1 = 97
Lower Bound 2 = 82
Avaliação = 1.25773

Tempo de execução: 60.0016s

---------------------------

Largura da faixa = 82
Melhor altura = 121

Lower Bound 1 = 97
Lower Bound 2 = 82
Avaliação = 1.24742

Tempo de execução: 60.003s

---------------------------

Largura da faixa = 82
Melhor altura = 121

Lower Bound 1 = 97
Lower Bound 2 = 82
Avaliação = 1.24742

Tempo de execução: 60.0022s

---------------------------

Largura da faixa = 82
Melhor altura = 122

Lower Bound 1 = 97
Lower Bound 2 = 82
Avaliação = 1.25773

Tempo de execução: 60.0039s

---------------------------

Largura da faixa = 82
Melhor altura = 122

Lower Bound 1 = 97
Lower Bound 2 = 82
Avaliação = 1.25773

Tempo de execução: 60.0025s

---------------------------

Largura da faixa = 82
Melhor altura = 125

Lower Bound 1 = 97
Lower Bound 2 = 82
Avaliação = 1.28866

Tempo de execução: 60.0051s

---------------------------

Largura da faixa = 82
Melhor altura = 123

Lower Bound 1 = 97
Lower Bound 2 = 82
Avaliação = 1.26804

Tempo de execução: 60.0012s

---------------------------

Largura da faixa = 82
Melhor altura = 124

Lower Bound 1 = 97
Lower Bound 2 = 82
Avaliação = 1.27835

Tempo de execução: 60.0017s

---------------------------

Largura da faixa = 82
Melhor altura = 119

Lower Bound 1 = 97
Lower Bound 2 = 82
Avaliação = 1.2268

Tempo de execução: 60.0069s

---------------------------

Largura da faixa = 82
Melhor altura = 123

Lower Bound 1 = 97
Lower Bound 2 = 82
Avaliação = 1.26804

Tempo de execução: 60.0064s

---------------------------

Largura da faixa = 82
Melhor altura = 122

Lower Bound 1 = 97
Lower Bound 2 = 82
Avaliação = 1.25773

Tempo de execução: 60.0101s

---------------------------

