Largura da faixa = 50
Melhor altura = 204

Lower Bound 1 = 160
Lower Bound 2 = 154
Avaliação = 1.275

Tempo de execução: 60.001s

---------------------------

Largura da faixa = 50
Melhor altura = 206

Lower Bound 1 = 160
Lower Bound 2 = 154
Avaliação = 1.2875

Tempo de execução: 60.0017s

---------------------------

Largura da faixa = 50
Melhor altura = 208

Lower Bound 1 = 160
Lower Bound 2 = 154
Avaliação = 1.3

Tempo de execução: 60.0028s

---------------------------

Largura da faixa = 50
Melhor altura = 211

Lower Bound 1 = 160
Lower Bound 2 = 154
Avaliação = 1.31875

Tempo de execução: 60s

---------------------------

Largura da faixa = 50
Melhor altura = 209

Lower Bound 1 = 160
Lower Bound 2 = 154
Avaliação = 1.30625

Tempo de execução: 60.003s

---------------------------

Largura da faixa = 50
Melhor altura = 205

Lower Bound 1 = 160
Lower Bound 2 = 154
Avaliação = 1.28125

Tempo de execução: 60.0024s

---------------------------

Largura da faixa = 50
Melhor altura = 207

Lower Bound 1 = 160
Lower Bound 2 = 154
Avaliação = 1.29375

Tempo de execução: 60s

---------------------------

Largura da faixa = 50
Melhor altura = 208

Lower Bound 1 = 160
Lower Bound 2 = 154
Avaliação = 1.3

Tempo de execução: 60.0003s

---------------------------

Largura da faixa = 50
Melhor altura = 209

Lower Bound 1 = 160
Lower Bound 2 = 154
Avaliação = 1.30625

Tempo de execução: 60.0015s

---------------------------

Largura da faixa = 50
Melhor altura = 207

Lower Bound 1 = 160
Lower Bound 2 = 154
Avaliação = 1.29375

Tempo de execução: 60.0001s

---------------------------

Largura da faixa = 50
Melhor altura = 211

Lower Bound 1 = 160
Lower Bound 2 = 154
Avaliação = 1.31875

Tempo de execução: 60.0001s

---------------------------

Largura da faixa = 50
Melhor altura = 212

Lower Bound 1 = 160
Lower Bound 2 = 154
Avaliação = 1.325

Tempo de execução: 60.0027s

---------------------------

Largura da faixa = 50
Melhor altura = 207

Lower Bound 1 = 160
Lower Bound 2 = 154
Avaliação = 1.29375

Tempo de execução: 60.0012s

---------------------------

Largura da faixa = 50
Melhor altura = 206

Lower Bound 1 = 160
Lower Bound 2 = 154
Avaliação = 1.2875

Tempo de execução: 60.0014s

---------------------------

Largura da faixa = 50
Melhor altura = 210

Lower Bound 1 = 160
Lower Bound 2 = 154
Avaliação = 1.3125

Tempo de execução: 60.0015s

---------------------------

Largura da faixa = 50
Melhor altura = 206

Lower Bound 1 = 160
Lower Bound 2 = 154
Avaliação = 1.2875

Tempo de execução: 60.0003s

---------------------------

Largura da faixa = 50
Melhor altura = 202

Lower Bound 1 = 160
Lower Bound 2 = 154
Avaliação = 1.2625

Tempo de execução: 60.0016s

---------------------------

Largura da faixa = 50
Melhor altura = 213

Lower Bound 1 = 160
Lower Bound 2 = 154
Avaliação = 1.33125

Tempo de execução: 60.0023s

---------------------------

Largura da faixa = 50
Melhor altura = 207

Lower Bound 1 = 160
Lower Bound 2 = 154
Avaliação = 1.29375

Tempo de execução: 60.0008s

---------------------------

Largura da faixa = 50
Melhor altura = 204

Lower Bound 1 = 160
Lower Bound 2 = 154
Avaliação = 1.275

Tempo de execução: 60.0013s

---------------------------

