Largura da faixa = 54
Melhor altura = 180

Lower Bound 1 = 138
Lower Bound 2 = 119
Avaliação = 1.30435

Tempo de execução: 60.0006s

---------------------------

Largura da faixa = 54
Melhor altura = 196

Lower Bound 1 = 138
Lower Bound 2 = 119
Avaliação = 1.42029

Tempo de execução: 60.0052s

---------------------------

Largura da faixa = 54
Melhor altura = 197

Lower Bound 1 = 138
Lower Bound 2 = 119
Avaliação = 1.42754

Tempo de execução: 60.0053s

---------------------------

Largura da faixa = 54
Melhor altura = 179

Lower Bound 1 = 138
Lower Bound 2 = 119
Avaliação = 1.2971

Tempo de execução: 60.0012s

---------------------------

Largura da faixa = 54
Melhor altura = 194

Lower Bound 1 = 138
Lower Bound 2 = 119
Avaliação = 1.4058

Tempo de execução: 60.0017s

---------------------------

Largura da faixa = 54
Melhor altura = 199

Lower Bound 1 = 138
Lower Bound 2 = 119
Avaliação = 1.44203

Tempo de execução: 60.0091s

---------------------------

Largura da faixa = 54
Melhor altura = 186

Lower Bound 1 = 138
Lower Bound 2 = 119
Avaliação = 1.34783

Tempo de execução: 60.0005s

---------------------------

Largura da faixa = 54
Melhor altura = 182

Lower Bound 1 = 138
Lower Bound 2 = 119
Avaliação = 1.31884

Tempo de execução: 60.0032s

---------------------------

Largura da faixa = 54
Melhor altura = 185

Lower Bound 1 = 138
Lower Bound 2 = 119
Avaliação = 1.34058

Tempo de execução: 60.0013s

---------------------------

Largura da faixa = 54
Melhor altura = 188

Lower Bound 1 = 138
Lower Bound 2 = 119
Avaliação = 1.36232

Tempo de execução: 60.0009s

---------------------------

Largura da faixa = 54
Melhor altura = 188

Lower Bound 1 = 138
Lower Bound 2 = 119
Avaliação = 1.36232

Tempo de execução: 60.0035s

---------------------------

Largura da faixa = 54
Melhor altura = 175

Lower Bound 1 = 138
Lower Bound 2 = 119
Avaliação = 1.26812

Tempo de execução: 60.0009s

---------------------------

Largura da faixa = 54
Melhor altura = 193

Lower Bound 1 = 138
Lower Bound 2 = 119
Avaliação = 1.39855

Tempo de execução: 60s

---------------------------

Largura da faixa = 54
Melhor altura = 193

Lower Bound 1 = 138
Lower Bound 2 = 119
Avaliação = 1.39855

Tempo de execução: 60.0003s

---------------------------

Largura da faixa = 54
Melhor altura = 198

Lower Bound 1 = 138
Lower Bound 2 = 119
Avaliação = 1.43478

Tempo de execução: 60.0005s

---------------------------

Largura da faixa = 54
Melhor altura = 179

Lower Bound 1 = 138
Lower Bound 2 = 119
Avaliação = 1.2971

Tempo de execução: 60.0016s

---------------------------

Largura da faixa = 54
Melhor altura = 195

Lower Bound 1 = 138
Lower Bound 2 = 119
Avaliação = 1.41304

Tempo de execução: 60.0017s

---------------------------

Largura da faixa = 54
Melhor altura = 185

Lower Bound 1 = 138
Lower Bound 2 = 119
Avaliação = 1.34058

Tempo de execução: 60.003s

---------------------------

Largura da faixa = 54
Melhor altura = 201

Lower Bound 1 = 138
Lower Bound 2 = 119
Avaliação = 1.45652

Tempo de execução: 60.0011s

---------------------------

Largura da faixa = 54
Melhor altura = 184

Lower Bound 1 = 138
Lower Bound 2 = 119
Avaliação = 1.33333

Tempo de execução: 60.0014s

---------------------------

