Largura da faixa = 62
Melhor altura = 231

Lower Bound 1 = 169
Lower Bound 2 = 185
Avaliação = 1.24865

Tempo de execução: 60.0006s

---------------------------

Largura da faixa = 62
Melhor altura = 242

Lower Bound 1 = 169
Lower Bound 2 = 185
Avaliação = 1.30811

Tempo de execução: 60.0078s

---------------------------

Largura da faixa = 62
Melhor altura = 249

Lower Bound 1 = 169
Lower Bound 2 = 185
Avaliação = 1.34595

Tempo de execução: 60.0208s

---------------------------

Largura da faixa = 62
Melhor altura = 255

Lower Bound 1 = 169
Lower Bound 2 = 185
Avaliação = 1.37838

Tempo de execução: 60.0034s

---------------------------

Largura da faixa = 62
Melhor altura = 238

Lower Bound 1 = 169
Lower Bound 2 = 185
Avaliação = 1.28649

Tempo de execução: 60.0039s

---------------------------

Largura da faixa = 62
Melhor altura = 253

Lower Bound 1 = 169
Lower Bound 2 = 185
Avaliação = 1.36757

Tempo de execução: 60.0288s

---------------------------

Largura da faixa = 62
Melhor altura = 238

Lower Bound 1 = 169
Lower Bound 2 = 185
Avaliação = 1.28649

Tempo de execução: 60.0103s

---------------------------

Largura da faixa = 62
Melhor altura = 244

Lower Bound 1 = 169
Lower Bound 2 = 185
Avaliação = 1.31892

Tempo de execução: 60.0078s

---------------------------

Largura da faixa = 62
Melhor altura = 242

Lower Bound 1 = 169
Lower Bound 2 = 185
Avaliação = 1.30811

Tempo de execução: 60.0011s

---------------------------

Largura da faixa = 62
Melhor altura = 234

Lower Bound 1 = 169
Lower Bound 2 = 185
Avaliação = 1.26486

Tempo de execução: 60.0046s

---------------------------

Largura da faixa = 62
Melhor altura = 242

Lower Bound 1 = 169
Lower Bound 2 = 185
Avaliação = 1.30811

Tempo de execução: 60.0049s

---------------------------

Largura da faixa = 62
Melhor altura = 233

Lower Bound 1 = 169
Lower Bound 2 = 185
Avaliação = 1.25946

Tempo de execução: 60.0014s

---------------------------

Largura da faixa = 62
Melhor altura = 256

Lower Bound 1 = 169
Lower Bound 2 = 185
Avaliação = 1.38378

Tempo de execução: 60.0015s

---------------------------

Largura da faixa = 62
Melhor altura = 242

Lower Bound 1 = 169
Lower Bound 2 = 185
Avaliação = 1.30811

Tempo de execução: 60.0121s

---------------------------

Largura da faixa = 62
Melhor altura = 254

Lower Bound 1 = 169
Lower Bound 2 = 185
Avaliação = 1.37297

Tempo de execução: 60.0226s

---------------------------

Largura da faixa = 62
Melhor altura = 240

Lower Bound 1 = 169
Lower Bound 2 = 185
Avaliação = 1.2973

Tempo de execução: 60.0028s

---------------------------

Largura da faixa = 62
Melhor altura = 253

Lower Bound 1 = 169
Lower Bound 2 = 185
Avaliação = 1.36757

Tempo de execução: 60.0013s

---------------------------

Largura da faixa = 62
Melhor altura = 256

Lower Bound 1 = 169
Lower Bound 2 = 185
Avaliação = 1.38378

Tempo de execução: 60.0333s

---------------------------

Largura da faixa = 62
Melhor altura = 241

Lower Bound 1 = 169
Lower Bound 2 = 185
Avaliação = 1.3027

Tempo de execução: 60.0021s

---------------------------

Largura da faixa = 62
Melhor altura = 247

Lower Bound 1 = 169
Lower Bound 2 = 185
Avaliação = 1.33514

Tempo de execução: 60.0122s

---------------------------

