Largura da faixa = 70
Melhor altura = 215

Lower Bound 1 = 150
Lower Bound 2 = 103
Avaliação = 1.43333

Tempo de execução: 60.0073s

---------------------------

Largura da faixa = 70
Melhor altura = 216

Lower Bound 1 = 150
Lower Bound 2 = 103
Avaliação = 1.44

Tempo de execução: 60.023s

---------------------------

Largura da faixa = 70
Melhor altura = 212

Lower Bound 1 = 150
Lower Bound 2 = 103
Avaliação = 1.41333

Tempo de execução: 60.0429s

---------------------------

Largura da faixa = 70
Melhor altura = 218

Lower Bound 1 = 150
Lower Bound 2 = 103
Avaliação = 1.45333

Tempo de execução: 60.0031s

---------------------------

Largura da faixa = 70
Melhor altura = 217

Lower Bound 1 = 150
Lower Bound 2 = 103
Avaliação = 1.44667

Tempo de execução: 60.0202s

---------------------------

Largura da faixa = 70
Melhor altura = 217

Lower Bound 1 = 150
Lower Bound 2 = 103
Avaliação = 1.44667

Tempo de execução: 60.0021s

---------------------------

Largura da faixa = 70
Melhor altura = 218

Lower Bound 1 = 150
Lower Bound 2 = 103
Avaliação = 1.45333

Tempo de execução: 60.0011s

---------------------------

Largura da faixa = 70
Melhor altura = 215

Lower Bound 1 = 150
Lower Bound 2 = 103
Avaliação = 1.43333

Tempo de execução: 60.0012s

---------------------------

Largura da faixa = 70
Melhor altura = 213

Lower Bound 1 = 150
Lower Bound 2 = 103
Avaliação = 1.42

Tempo de execução: 60.0678s

---------------------------

Largura da faixa = 70
Melhor altura = 217

Lower Bound 1 = 150
Lower Bound 2 = 103
Avaliação = 1.44667

Tempo de execução: 60.0457s

---------------------------

Largura da faixa = 70
Melhor altura = 214

Lower Bound 1 = 150
Lower Bound 2 = 103
Avaliação = 1.42667

Tempo de execução: 60.05s

---------------------------

Largura da faixa = 70
Melhor altura = 214

Lower Bound 1 = 150
Lower Bound 2 = 103
Avaliação = 1.42667

Tempo de execução: 60.0739s

---------------------------

Largura da faixa = 70
Melhor altura = 220

Lower Bound 1 = 150
Lower Bound 2 = 103
Avaliação = 1.46667

Tempo de execução: 60.0024s

---------------------------

Largura da faixa = 70
Melhor altura = 218

Lower Bound 1 = 150
Lower Bound 2 = 103
Avaliação = 1.45333

Tempo de execução: 60.0086s

---------------------------

Largura da faixa = 70
Melhor altura = 215

Lower Bound 1 = 150
Lower Bound 2 = 103
Avaliação = 1.43333

Tempo de execução: 60.0621s

---------------------------

Largura da faixa = 70
Melhor altura = 208

Lower Bound 1 = 150
Lower Bound 2 = 103
Avaliação = 1.38667

Tempo de execução: 60.018s

---------------------------

Largura da faixa = 70
Melhor altura = 217

Lower Bound 1 = 150
Lower Bound 2 = 103
Avaliação = 1.44667

Tempo de execução: 60.0003s

---------------------------

Largura da faixa = 70
Melhor altura = 215

Lower Bound 1 = 150
Lower Bound 2 = 103
Avaliação = 1.43333

Tempo de execução: 60.0318s

---------------------------

Largura da faixa = 70
Melhor altura = 215

Lower Bound 1 = 150
Lower Bound 2 = 103
Avaliação = 1.43333

Tempo de execução: 60.0024s

---------------------------

Largura da faixa = 70
Melhor altura = 219

Lower Bound 1 = 150
Lower Bound 2 = 103
Avaliação = 1.46

Tempo de execução: 60.0827s

---------------------------

