Largura da faixa = 125
Melhor altura = 340

Lower Bound 1 = 240
Lower Bound 2 = 125
Avaliação = 1.41667

Tempo de execução: 60.0234s

---------------------------

Largura da faixa = 125
Melhor altura = 341

Lower Bound 1 = 240
Lower Bound 2 = 125
Avaliação = 1.42083

Tempo de execução: 60.0624s

---------------------------

Largura da faixa = 125
Melhor altura = 333

Lower Bound 1 = 240
Lower Bound 2 = 125
Avaliação = 1.3875

Tempo de execução: 60.1302s

---------------------------

Largura da faixa = 125
Melhor altura = 328

Lower Bound 1 = 240
Lower Bound 2 = 125
Avaliação = 1.36667

Tempo de execução: 60.0692s

---------------------------

Largura da faixa = 125
Melhor altura = 341

Lower Bound 1 = 240
Lower Bound 2 = 125
Avaliação = 1.42083

Tempo de execução: 60.3305s

---------------------------

Largura da faixa = 125
Melhor altura = 335

Lower Bound 1 = 240
Lower Bound 2 = 125
Avaliação = 1.39583

Tempo de execução: 60.3629s

---------------------------

Largura da faixa = 125
Melhor altura = 338

Lower Bound 1 = 240
Lower Bound 2 = 125
Avaliação = 1.40833

Tempo de execução: 60.0511s

---------------------------

Largura da faixa = 125
Melhor altura = 337

Lower Bound 1 = 240
Lower Bound 2 = 125
Avaliação = 1.40417

Tempo de execução: 60.1124s

---------------------------

Largura da faixa = 125
Melhor altura = 329

Lower Bound 1 = 240
Lower Bound 2 = 125
Avaliação = 1.37083

Tempo de execução: 60.2226s

---------------------------

Largura da faixa = 125
Melhor altura = 336

Lower Bound 1 = 240
Lower Bound 2 = 125
Avaliação = 1.4

Tempo de execução: 60.0856s

---------------------------

Largura da faixa = 125
Melhor altura = 341

Lower Bound 1 = 240
Lower Bound 2 = 125
Avaliação = 1.42083

Tempo de execução: 60.1563s

---------------------------

Largura da faixa = 125
Melhor altura = 339

Lower Bound 1 = 240
Lower Bound 2 = 125
Avaliação = 1.4125

Tempo de execução: 60.6346s

---------------------------

Largura da faixa = 125
Melhor altura = 329

Lower Bound 1 = 240
Lower Bound 2 = 125
Avaliação = 1.37083

Tempo de execução: 60.1087s

---------------------------

Largura da faixa = 125
Melhor altura = 341

Lower Bound 1 = 240
Lower Bound 2 = 125
Avaliação = 1.42083

Tempo de execução: 60.1493s

---------------------------

Largura da faixa = 125
Melhor altura = 338

Lower Bound 1 = 240
Lower Bound 2 = 125
Avaliação = 1.40833

Tempo de execução: 60.2494s

---------------------------

Largura da faixa = 125
Melhor altura = 335

Lower Bound 1 = 240
Lower Bound 2 = 125
Avaliação = 1.39583

Tempo de execução: 60.2062s

---------------------------

Largura da faixa = 125
Melhor altura = 341

Lower Bound 1 = 240
Lower Bound 2 = 125
Avaliação = 1.42083

Tempo de execução: 60.3158s

---------------------------

Largura da faixa = 125
Melhor altura = 339

Lower Bound 1 = 240
Lower Bound 2 = 125
Avaliação = 1.4125

Tempo de execução: 60.3364s

---------------------------

Largura da faixa = 125
Melhor altura = 339

Lower Bound 1 = 240
Lower Bound 2 = 125
Avaliação = 1.4125

Tempo de execução: 60.0372s

---------------------------

Largura da faixa = 125
Melhor altura = 340

Lower Bound 1 = 240
Lower Bound 2 = 125
Avaliação = 1.41667

Tempo de execução: 60.006s

---------------------------

