Largura da faixa = 40
Melhor altura = 40

Lower Bound 1 = 40
Lower Bound 2 = 36
Avaliação = 1

Tempo de execução: 60.0001s

---------------------------

Largura da faixa = 40
Melhor altura = 40

Lower Bound 1 = 40
Lower Bound 2 = 36
Avaliação = 1

Tempo de execução: 60s

---------------------------

Largura da faixa = 40
Melhor altura = 40

Lower Bound 1 = 40
Lower Bound 2 = 36
Avaliação = 1

Tempo de execução: 60s

---------------------------

Largura da faixa = 40
Melhor altura = 40

Lower Bound 1 = 40
Lower Bound 2 = 36
Avaliação = 1

Tempo de execução: 60s

---------------------------

Largura da faixa = 40
Melhor altura = 40

Lower Bound 1 = 40
Lower Bound 2 = 36
Avaliação = 1

Tempo de execução: 60s

---------------------------

Largura da faixa = 40
Melhor altura = 40

Lower Bound 1 = 40
Lower Bound 2 = 36
Avaliação = 1

Tempo de execução: 60.0001s

---------------------------

Largura da faixa = 40
Melhor altura = 40

Lower Bound 1 = 40
Lower Bound 2 = 36
Avaliação = 1

Tempo de execução: 60s

---------------------------

Largura da faixa = 40
Melhor altura = 40

Lower Bound 1 = 40
Lower Bound 2 = 36
Avaliação = 1

Tempo de execução: 60.0001s

---------------------------

Largura da faixa = 40
Melhor altura = 40

Lower Bound 1 = 40
Lower Bound 2 = 36
Avaliação = 1

Tempo de execução: 60s

---------------------------

Largura da faixa = 40
Melhor altura = 40

Lower Bound 1 = 40
Lower Bound 2 = 36
Avaliação = 1

Tempo de execução: 60s

---------------------------

Largura da faixa = 40
Melhor altura = 40

Lower Bound 1 = 40
Lower Bound 2 = 36
Avaliação = 1

Tempo de execução: 60s

---------------------------

Largura da faixa = 40
Melhor altura = 40

Lower Bound 1 = 40
Lower Bound 2 = 36
Avaliação = 1

Tempo de execução: 60s

---------------------------

Largura da faixa = 40
Melhor altura = 40

Lower Bound 1 = 40
Lower Bound 2 = 36
Avaliação = 1

Tempo de execução: 60s

---------------------------

Largura da faixa = 40
Melhor altura = 40

Lower Bound 1 = 40
Lower Bound 2 = 36
Avaliação = 1

Tempo de execução: 60s

---------------------------

Largura da faixa = 40
Melhor altura = 40

Lower Bound 1 = 40
Lower Bound 2 = 36
Avaliação = 1

Tempo de execução: 60s

---------------------------

Largura da faixa = 40
Melhor altura = 40

Lower Bound 1 = 40
Lower Bound 2 = 36
Avaliação = 1

Tempo de execução: 60s

---------------------------

Largura da faixa = 40
Melhor altura = 40

Lower Bound 1 = 40
Lower Bound 2 = 36
Avaliação = 1

Tempo de execução: 60s

---------------------------

Largura da faixa = 40
Melhor altura = 40

Lower Bound 1 = 40
Lower Bound 2 = 36
Avaliação = 1

Tempo de execução: 60s

---------------------------

Largura da faixa = 40
Melhor altura = 40

Lower Bound 1 = 40
Lower Bound 2 = 36
Avaliação = 1

Tempo de execução: 60s

---------------------------

Largura da faixa = 40
Melhor altura = 40

Lower Bound 1 = 40
Lower Bound 2 = 36
Avaliação = 1

Tempo de execução: 60.0001s

---------------------------

