Largura da faixa = 23
Melhor altura = 71

Lower Bound 1 = 65
Lower Bound 2 = 49
Avaliação = 1.09231

Tempo de execução: 60s

---------------------------

Largura da faixa = 23
Melhor altura = 71

Lower Bound 1 = 65
Lower Bound 2 = 49
Avaliação = 1.09231

Tempo de execução: 60s

---------------------------

Largura da faixa = 23
Melhor altura = 71

Lower Bound 1 = 65
Lower Bound 2 = 49
Avaliação = 1.09231

Tempo de execução: 60s

---------------------------

Largura da faixa = 23
Melhor altura = 71

Lower Bound 1 = 65
Lower Bound 2 = 49
Avaliação = 1.09231

Tempo de execução: 60s

---------------------------

Largura da faixa = 23
Melhor altura = 71

Lower Bound 1 = 65
Lower Bound 2 = 49
Avaliação = 1.09231

Tempo de execução: 60s

---------------------------

Largura da faixa = 23
Melhor altura = 71

Lower Bound 1 = 65
Lower Bound 2 = 49
Avaliação = 1.09231

Tempo de execução: 60s

---------------------------

Largura da faixa = 23
Melhor altura = 71

Lower Bound 1 = 65
Lower Bound 2 = 49
Avaliação = 1.09231

Tempo de execução: 60s

---------------------------

Largura da faixa = 23
Melhor altura = 71

Lower Bound 1 = 65
Lower Bound 2 = 49
Avaliação = 1.09231

Tempo de execução: 60s

---------------------------

Largura da faixa = 23
Melhor altura = 71

Lower Bound 1 = 65
Lower Bound 2 = 49
Avaliação = 1.09231

Tempo de execução: 60s

---------------------------

Largura da faixa = 23
Melhor altura = 71

Lower Bound 1 = 65
Lower Bound 2 = 49
Avaliação = 1.09231

Tempo de execução: 60s

---------------------------

Largura da faixa = 23
Melhor altura = 71

Lower Bound 1 = 65
Lower Bound 2 = 49
Avaliação = 1.09231

Tempo de execução: 60s

---------------------------

Largura da faixa = 23
Melhor altura = 71

Lower Bound 1 = 65
Lower Bound 2 = 49
Avaliação = 1.09231

Tempo de execução: 60s

---------------------------

Largura da faixa = 23
Melhor altura = 71

Lower Bound 1 = 65
Lower Bound 2 = 49
Avaliação = 1.09231

Tempo de execução: 60.0001s

---------------------------

Largura da faixa = 23
Melhor altura = 71

Lower Bound 1 = 65
Lower Bound 2 = 49
Avaliação = 1.09231

Tempo de execução: 60s

---------------------------

Largura da faixa = 23
Melhor altura = 71

Lower Bound 1 = 65
Lower Bound 2 = 49
Avaliação = 1.09231

Tempo de execução: 60.0001s

---------------------------

Largura da faixa = 23
Melhor altura = 71

Lower Bound 1 = 65
Lower Bound 2 = 49
Avaliação = 1.09231

Tempo de execução: 60s

---------------------------

Largura da faixa = 23
Melhor altura = 71

Lower Bound 1 = 65
Lower Bound 2 = 49
Avaliação = 1.09231

Tempo de execução: 60s

---------------------------

Largura da faixa = 23
Melhor altura = 71

Lower Bound 1 = 65
Lower Bound 2 = 49
Avaliação = 1.09231

Tempo de execução: 60.0002s

---------------------------

Largura da faixa = 23
Melhor altura = 71

Lower Bound 1 = 65
Lower Bound 2 = 49
Avaliação = 1.09231

Tempo de execução: 60s

---------------------------

Largura da faixa = 23
Melhor altura = 71

Lower Bound 1 = 65
Lower Bound 2 = 49
Avaliação = 1.09231

Tempo de execução: 60.0001s

---------------------------

