Largura da faixa = 72
Melhor altura = 95

Lower Bound 1 = 88
Lower Bound 2 = 72
Avaliação = 1.07955

Tempo de execução: 60s

---------------------------

Largura da faixa = 72
Melhor altura = 94

Lower Bound 1 = 88
Lower Bound 2 = 72
Avaliação = 1.06818

Tempo de execução: 60.0001s

---------------------------

Largura da faixa = 72
Melhor altura = 95

Lower Bound 1 = 88
Lower Bound 2 = 72
Avaliação = 1.07955

Tempo de execução: 60.0012s

---------------------------

Largura da faixa = 72
Melhor altura = 95

Lower Bound 1 = 88
Lower Bound 2 = 72
Avaliação = 1.07955

Tempo de execução: 60.0002s

---------------------------

Largura da faixa = 72
Melhor altura = 96

Lower Bound 1 = 88
Lower Bound 2 = 72
Avaliação = 1.09091

Tempo de execução: 60.0003s

---------------------------

Largura da faixa = 72
Melhor altura = 96

Lower Bound 1 = 88
Lower Bound 2 = 72
Avaliação = 1.09091

Tempo de execução: 60.0026s

---------------------------

Largura da faixa = 72
Melhor altura = 94

Lower Bound 1 = 88
Lower Bound 2 = 72
Avaliação = 1.06818

Tempo de execução: 60.0002s

---------------------------

Largura da faixa = 72
Melhor altura = 95

Lower Bound 1 = 88
Lower Bound 2 = 72
Avaliação = 1.07955

Tempo de execução: 60.0002s

---------------------------

Largura da faixa = 72
Melhor altura = 95

Lower Bound 1 = 88
Lower Bound 2 = 72
Avaliação = 1.07955

Tempo de execução: 60.0008s

---------------------------

Largura da faixa = 72
Melhor altura = 94

Lower Bound 1 = 88
Lower Bound 2 = 72
Avaliação = 1.06818

Tempo de execução: 60.0004s

---------------------------

Largura da faixa = 72
Melhor altura = 95

Lower Bound 1 = 88
Lower Bound 2 = 72
Avaliação = 1.07955

Tempo de execução: 60.0012s

---------------------------

Largura da faixa = 72
Melhor altura = 95

Lower Bound 1 = 88
Lower Bound 2 = 72
Avaliação = 1.07955

Tempo de execução: 60.0001s

---------------------------

Largura da faixa = 72
Melhor altura = 95

Lower Bound 1 = 88
Lower Bound 2 = 72
Avaliação = 1.07955

Tempo de execução: 60.0002s

---------------------------

Largura da faixa = 72
Melhor altura = 96

Lower Bound 1 = 88
Lower Bound 2 = 72
Avaliação = 1.09091

Tempo de execução: 60.0005s

---------------------------

Largura da faixa = 72
Melhor altura = 94

Lower Bound 1 = 88
Lower Bound 2 = 72
Avaliação = 1.06818

Tempo de execução: 60.0009s

---------------------------

Largura da faixa = 72
Melhor altura = 95

Lower Bound 1 = 88
Lower Bound 2 = 72
Avaliação = 1.07955

Tempo de execução: 60.0004s

---------------------------

Largura da faixa = 72
Melhor altura = 96

Lower Bound 1 = 88
Lower Bound 2 = 72
Avaliação = 1.09091

Tempo de execução: 60.0007s

---------------------------

Largura da faixa = 72
Melhor altura = 95

Lower Bound 1 = 88
Lower Bound 2 = 72
Avaliação = 1.07955

Tempo de execução: 60.0007s

---------------------------

Largura da faixa = 72
Melhor altura = 96

Lower Bound 1 = 88
Lower Bound 2 = 72
Avaliação = 1.09091

Tempo de execução: 60s

---------------------------

Largura da faixa = 72
Melhor altura = 96

Lower Bound 1 = 88
Lower Bound 2 = 72
Avaliação = 1.09091

Tempo de execução: 60.0001s

---------------------------

