Largura da faixa = 74
Melhor altura = 149

Lower Bound 1 = 135
Lower Bound 2 = 104
Avaliação = 1.1037

Tempo de execução: 60.0001s

---------------------------

Largura da faixa = 74
Melhor altura = 149

Lower Bound 1 = 135
Lower Bound 2 = 104
Avaliação = 1.1037

Tempo de execução: 60.0002s

---------------------------

Largura da faixa = 74
Melhor altura = 149

Lower Bound 1 = 135
Lower Bound 2 = 104
Avaliação = 1.1037

Tempo de execução: 60.0007s

---------------------------

Largura da faixa = 74
Melhor altura = 149

Lower Bound 1 = 135
Lower Bound 2 = 104
Avaliação = 1.1037

Tempo de execução: 60.0006s

---------------------------

Largura da faixa = 74
Melhor altura = 149

Lower Bound 1 = 135
Lower Bound 2 = 104
Avaliação = 1.1037

Tempo de execução: 60.0004s

---------------------------

Largura da faixa = 74
Melhor altura = 150

Lower Bound 1 = 135
Lower Bound 2 = 104
Avaliação = 1.11111

Tempo de execução: 60.0006s

---------------------------

Largura da faixa = 74
Melhor altura = 149

Lower Bound 1 = 135
Lower Bound 2 = 104
Avaliação = 1.1037

Tempo de execução: 60.0007s

---------------------------

Largura da faixa = 74
Melhor altura = 150

Lower Bound 1 = 135
Lower Bound 2 = 104
Avaliação = 1.11111

Tempo de execução: 60.0002s

---------------------------

Largura da faixa = 74
Melhor altura = 149

Lower Bound 1 = 135
Lower Bound 2 = 104
Avaliação = 1.1037

Tempo de execução: 60.001s

---------------------------

Largura da faixa = 74
Melhor altura = 150

Lower Bound 1 = 135
Lower Bound 2 = 104
Avaliação = 1.11111

Tempo de execução: 60.0001s

---------------------------

Largura da faixa = 74
Melhor altura = 148

Lower Bound 1 = 135
Lower Bound 2 = 104
Avaliação = 1.0963

Tempo de execução: 60.0008s

---------------------------

Largura da faixa = 74
Melhor altura = 150

Lower Bound 1 = 135
Lower Bound 2 = 104
Avaliação = 1.11111

Tempo de execução: 60.0011s

---------------------------

Largura da faixa = 74
Melhor altura = 149

Lower Bound 1 = 135
Lower Bound 2 = 104
Avaliação = 1.1037

Tempo de execução: 60s

---------------------------

Largura da faixa = 74
Melhor altura = 149

Lower Bound 1 = 135
Lower Bound 2 = 104
Avaliação = 1.1037

Tempo de execução: 60.0011s

---------------------------

Largura da faixa = 74
Melhor altura = 149

Lower Bound 1 = 135
Lower Bound 2 = 104
Avaliação = 1.1037

Tempo de execução: 60.0015s

---------------------------

Largura da faixa = 74
Melhor altura = 149

Lower Bound 1 = 135
Lower Bound 2 = 104
Avaliação = 1.1037

Tempo de execução: 60.0002s

---------------------------

Largura da faixa = 74
Melhor altura = 150

Lower Bound 1 = 135
Lower Bound 2 = 104
Avaliação = 1.11111

Tempo de execução: 60.0003s

---------------------------

Largura da faixa = 74
Melhor altura = 147

Lower Bound 1 = 135
Lower Bound 2 = 104
Avaliação = 1.08889

Tempo de execução: 60.001s

---------------------------

Largura da faixa = 74
Melhor altura = 148

Lower Bound 1 = 135
Lower Bound 2 = 104
Avaliação = 1.0963

Tempo de execução: 60.0008s

---------------------------

Largura da faixa = 74
Melhor altura = 149

Lower Bound 1 = 135
Lower Bound 2 = 104
Avaliação = 1.1037

Tempo de execução: 60.001s

---------------------------

