Largura da faixa = 50
Melhor altura = 121

Lower Bound 1 = 100
Lower Bound 2 = 91
Avaliação = 1.21

Tempo de execução: 60.0008s

---------------------------

Largura da faixa = 50
Melhor altura = 121

Lower Bound 1 = 100
Lower Bound 2 = 91
Avaliação = 1.21

Tempo de execução: 60.0022s

---------------------------

Largura da faixa = 50
Melhor altura = 120

Lower Bound 1 = 100
Lower Bound 2 = 91
Avaliação = 1.2

Tempo de execução: 60.0034s

---------------------------

Largura da faixa = 50
Melhor altura = 118

Lower Bound 1 = 100
Lower Bound 2 = 91
Avaliação = 1.18

Tempo de execução: 60s

---------------------------

Largura da faixa = 50
Melhor altura = 117

Lower Bound 1 = 100
Lower Bound 2 = 91
Avaliação = 1.17

Tempo de execução: 60.0009s

---------------------------

Largura da faixa = 50
Melhor altura = 120

Lower Bound 1 = 100
Lower Bound 2 = 91
Avaliação = 1.2

Tempo de execução: 60.0021s

---------------------------

Largura da faixa = 50
Melhor altura = 119

Lower Bound 1 = 100
Lower Bound 2 = 91
Avaliação = 1.19

Tempo de execução: 60s

---------------------------

Largura da faixa = 50
Melhor altura = 120

Lower Bound 1 = 100
Lower Bound 2 = 91
Avaliação = 1.2

Tempo de execução: 60.0018s

---------------------------

Largura da faixa = 50
Melhor altura = 121

Lower Bound 1 = 100
Lower Bound 2 = 91
Avaliação = 1.21

Tempo de execução: 60.0009s

---------------------------

Largura da faixa = 50
Melhor altura = 120

Lower Bound 1 = 100
Lower Bound 2 = 91
Avaliação = 1.2

Tempo de execução: 60s

---------------------------

Largura da faixa = 50
Melhor altura = 118

Lower Bound 1 = 100
Lower Bound 2 = 91
Avaliação = 1.18

Tempo de execução: 60.0003s

---------------------------

Largura da faixa = 50
Melhor altura = 119

Lower Bound 1 = 100
Lower Bound 2 = 91
Avaliação = 1.19

Tempo de execução: 60.0009s

---------------------------

Largura da faixa = 50
Melhor altura = 120

Lower Bound 1 = 100
Lower Bound 2 = 91
Avaliação = 1.2

Tempo de execução: 60.0011s

---------------------------

Largura da faixa = 50
Melhor altura = 120

Lower Bound 1 = 100
Lower Bound 2 = 91
Avaliação = 1.2

Tempo de execução: 60.002s

---------------------------

Largura da faixa = 50
Melhor altura = 119

Lower Bound 1 = 100
Lower Bound 2 = 91
Avaliação = 1.19

Tempo de execução: 60.0021s

---------------------------

Largura da faixa = 50
Melhor altura = 119

Lower Bound 1 = 100
Lower Bound 2 = 91
Avaliação = 1.19

Tempo de execução: 60.0001s

---------------------------

Largura da faixa = 50
Melhor altura = 121

Lower Bound 1 = 100
Lower Bound 2 = 91
Avaliação = 1.21

Tempo de execução: 60.0014s

---------------------------

Largura da faixa = 50
Melhor altura = 120

Lower Bound 1 = 100
Lower Bound 2 = 91
Avaliação = 1.2

Tempo de execução: 60.0014s

---------------------------

Largura da faixa = 50
Melhor altura = 118

Lower Bound 1 = 100
Lower Bound 2 = 91
Avaliação = 1.18

Tempo de execução: 60.0006s

---------------------------

Largura da faixa = 50
Melhor altura = 118

Lower Bound 1 = 100
Lower Bound 2 = 91
Avaliação = 1.18

Tempo de execução: 60.0009s

---------------------------

