Largura da faixa = 82
Melhor altura = 113

Lower Bound 1 = 97
Lower Bound 2 = 82
Avaliação = 1.16495

Tempo de execução: 60.0016s

---------------------------

Largura da faixa = 82
Melhor altura = 115

Lower Bound 1 = 97
Lower Bound 2 = 82
Avaliação = 1.18557

Tempo de execução: 60.0039s

---------------------------

Largura da faixa = 82
Melhor altura = 115

Lower Bound 1 = 97
Lower Bound 2 = 82
Avaliação = 1.18557

Tempo de execução: 60.0051s

---------------------------

Largura da faixa = 82
Melhor altura = 113

Lower Bound 1 = 97
Lower Bound 2 = 82
Avaliação = 1.16495

Tempo de execução: 60.0012s

---------------------------

Largura da faixa = 82
Melhor altura = 114

Lower Bound 1 = 97
Lower Bound 2 = 82
Avaliação = 1.17526

Tempo de execução: 60.0047s

---------------------------

Largura da faixa = 82
Melhor altura = 113

Lower Bound 1 = 97
Lower Bound 2 = 82
Avaliação = 1.16495

Tempo de execução: 60.0026s

---------------------------

Largura da faixa = 82
Melhor altura = 112

Lower Bound 1 = 97
Lower Bound 2 = 82
Avaliação = 1.15464

Tempo de execução: 60.0005s

---------------------------

Largura da faixa = 82
Melhor altura = 111

Lower Bound 1 = 97
Lower Bound 2 = 82
Avaliação = 1.14433

Tempo de execução: 60.0014s

---------------------------

Largura da faixa = 82
Melhor altura = 112

Lower Bound 1 = 97
Lower Bound 2 = 82
Avaliação = 1.15464

Tempo de execução: 60.002s

---------------------------

Largura da faixa = 82
Melhor altura = 113

Lower Bound 1 = 97
Lower Bound 2 = 82
Avaliação = 1.16495

Tempo de execução: 60.0016s

---------------------------

Largura da faixa = 82
Melhor altura = 109

Lower Bound 1 = 97
Lower Bound 2 = 82
Avaliação = 1.12371

Tempo de execução: 60.0018s

---------------------------

Largura da faixa = 82
Melhor altura = 112

Lower Bound 1 = 97
Lower Bound 2 = 82
Avaliação = 1.15464

Tempo de execução: 60.0017s

---------------------------

Largura da faixa = 82
Melhor altura = 113

Lower Bound 1 = 97
Lower Bound 2 = 82
Avaliação = 1.16495

Tempo de execução: 60.0004s

---------------------------

Largura da faixa = 82
Melhor altura = 109

Lower Bound 1 = 97
Lower Bound 2 = 82
Avaliação = 1.12371

Tempo de execução: 60.0012s

---------------------------

Largura da faixa = 82
Melhor altura = 113

Lower Bound 1 = 97
Lower Bound 2 = 82
Avaliação = 1.16495

Tempo de execução: 60.0038s

---------------------------

Largura da faixa = 82
Melhor altura = 113

Lower Bound 1 = 97
Lower Bound 2 = 82
Avaliação = 1.16495

Tempo de execução: 60.0008s

---------------------------

Largura da faixa = 82
Melhor altura = 115

Lower Bound 1 = 97
Lower Bound 2 = 82
Avaliação = 1.18557

Tempo de execução: 60.0006s

---------------------------

Largura da faixa = 82
Melhor altura = 115

Lower Bound 1 = 97
Lower Bound 2 = 82
Avaliação = 1.18557

Tempo de execução: 60.0021s

---------------------------

Largura da faixa = 82
Melhor altura = 114

Lower Bound 1 = 97
Lower Bound 2 = 82
Avaliação = 1.17526

Tempo de execução: 60.0018s

---------------------------

Largura da faixa = 82
Melhor altura = 115

Lower Bound 1 = 97
Lower Bound 2 = 82
Avaliação = 1.18557

Tempo de execução: 60.0023s

---------------------------

