Largura da faixa = 50
Melhor altura = 183

Lower Bound 1 = 160
Lower Bound 2 = 71
Avaliação = 1.14375

Tempo de execução: 60.0001s

---------------------------

Largura da faixa = 50
Melhor altura = 179

Lower Bound 1 = 160
Lower Bound 2 = 71
Avaliação = 1.11875

Tempo de execução: 60.0009s

---------------------------

Largura da faixa = 50
Melhor altura = 182

Lower Bound 1 = 160
Lower Bound 2 = 71
Avaliação = 1.1375

Tempo de execução: 60.0008s

---------------------------

Largura da faixa = 50
Melhor altura = 181

Lower Bound 1 = 160
Lower Bound 2 = 71
Avaliação = 1.13125

Tempo de execução: 60.0009s

---------------------------

Largura da faixa = 50
Melhor altura = 179

Lower Bound 1 = 160
Lower Bound 2 = 71
Avaliação = 1.11875

Tempo de execução: 60.0026s

---------------------------

Largura da faixa = 50
Melhor altura = 176

Lower Bound 1 = 160
Lower Bound 2 = 71
Avaliação = 1.1

Tempo de execução: 60.0019s

---------------------------

Largura da faixa = 50
Melhor altura = 179

Lower Bound 1 = 160
Lower Bound 2 = 71
Avaliação = 1.11875

Tempo de execução: 60.0015s

---------------------------

Largura da faixa = 50
Melhor altura = 183

Lower Bound 1 = 160
Lower Bound 2 = 71
Avaliação = 1.14375

Tempo de execução: 60.0016s

---------------------------

Largura da faixa = 50
Melhor altura = 179

Lower Bound 1 = 160
Lower Bound 2 = 71
Avaliação = 1.11875

Tempo de execução: 60.0008s

---------------------------

Largura da faixa = 50
Melhor altura = 181

Lower Bound 1 = 160
Lower Bound 2 = 71
Avaliação = 1.13125

Tempo de execução: 60.0024s

---------------------------

Largura da faixa = 50
Melhor altura = 180

Lower Bound 1 = 160
Lower Bound 2 = 71
Avaliação = 1.125

Tempo de execução: 60.003s

---------------------------

Largura da faixa = 50
Melhor altura = 180

Lower Bound 1 = 160
Lower Bound 2 = 71
Avaliação = 1.125

Tempo de execução: 60.0004s

---------------------------

Largura da faixa = 50
Melhor altura = 180

Lower Bound 1 = 160
Lower Bound 2 = 71
Avaliação = 1.125

Tempo de execução: 60.0001s

---------------------------

Largura da faixa = 50
Melhor altura = 179

Lower Bound 1 = 160
Lower Bound 2 = 71
Avaliação = 1.11875

Tempo de execução: 60.0017s

---------------------------

Largura da faixa = 50
Melhor altura = 181

Lower Bound 1 = 160
Lower Bound 2 = 71
Avaliação = 1.13125

Tempo de execução: 60.0037s

---------------------------

Largura da faixa = 50
Melhor altura = 180

Lower Bound 1 = 160
Lower Bound 2 = 71
Avaliação = 1.125

Tempo de execução: 60.0005s

---------------------------

Largura da faixa = 50
Melhor altura = 181

Lower Bound 1 = 160
Lower Bound 2 = 71
Avaliação = 1.13125

Tempo de execução: 60.0022s

---------------------------

Largura da faixa = 50
Melhor altura = 175

Lower Bound 1 = 160
Lower Bound 2 = 71
Avaliação = 1.09375

Tempo de execução: 60.001s

---------------------------

Largura da faixa = 50
Melhor altura = 181

Lower Bound 1 = 160
Lower Bound 2 = 71
Avaliação = 1.13125

Tempo de execução: 60.0001s

---------------------------

Largura da faixa = 50
Melhor altura = 180

Lower Bound 1 = 160
Lower Bound 2 = 71
Avaliação = 1.125

Tempo de execução: 60.0003s

---------------------------

