Largura da faixa = 54
Melhor altura = 169

Lower Bound 1 = 138
Lower Bound 2 = 126
Avaliação = 1.22464

Tempo de execução: 60.001s

---------------------------

Largura da faixa = 54
Melhor altura = 159

Lower Bound 1 = 138
Lower Bound 2 = 126
Avaliação = 1.15217

Tempo de execução: 60.0008s

---------------------------

Largura da faixa = 54
Melhor altura = 164

Lower Bound 1 = 138
Lower Bound 2 = 126
Avaliação = 1.18841

Tempo de execução: 60.0016s

---------------------------

Largura da faixa = 54
Melhor altura = 163

Lower Bound 1 = 138
Lower Bound 2 = 126
Avaliação = 1.18116

Tempo de execução: 60.0002s

---------------------------

Largura da faixa = 54
Melhor altura = 162

Lower Bound 1 = 138
Lower Bound 2 = 126
Avaliação = 1.17391

Tempo de execução: 60.0017s

---------------------------

Largura da faixa = 54
Melhor altura = 162

Lower Bound 1 = 138
Lower Bound 2 = 126
Avaliação = 1.17391

Tempo de execução: 60.0029s

---------------------------

Largura da faixa = 54
Melhor altura = 166

Lower Bound 1 = 138
Lower Bound 2 = 126
Avaliação = 1.2029

Tempo de execução: 60.0001s

---------------------------

Largura da faixa = 54
Melhor altura = 161

Lower Bound 1 = 138
Lower Bound 2 = 126
Avaliação = 1.16667

Tempo de execução: 60.0029s

---------------------------

Largura da faixa = 54
Melhor altura = 164

Lower Bound 1 = 138
Lower Bound 2 = 126
Avaliação = 1.18841

Tempo de execução: 60.0026s

---------------------------

Largura da faixa = 54
Melhor altura = 167

Lower Bound 1 = 138
Lower Bound 2 = 126
Avaliação = 1.21014

Tempo de execução: 60.001s

---------------------------

Largura da faixa = 54
Melhor altura = 165

Lower Bound 1 = 138
Lower Bound 2 = 126
Avaliação = 1.19565

Tempo de execução: 60.0014s

---------------------------

Largura da faixa = 54
Melhor altura = 163

Lower Bound 1 = 138
Lower Bound 2 = 126
Avaliação = 1.18116

Tempo de execução: 60.0025s

---------------------------

Largura da faixa = 54
Melhor altura = 169

Lower Bound 1 = 138
Lower Bound 2 = 126
Avaliação = 1.22464

Tempo de execução: 60.0011s

---------------------------

Largura da faixa = 54
Melhor altura = 159

Lower Bound 1 = 138
Lower Bound 2 = 126
Avaliação = 1.15217

Tempo de execução: 60.0016s

---------------------------

Largura da faixa = 54
Melhor altura = 163

Lower Bound 1 = 138
Lower Bound 2 = 126
Avaliação = 1.18116

Tempo de execução: 60.0061s

---------------------------

Largura da faixa = 54
Melhor altura = 171

Lower Bound 1 = 138
Lower Bound 2 = 126
Avaliação = 1.23913

Tempo de execução: 60.005s

---------------------------

Largura da faixa = 54
Melhor altura = 164

Lower Bound 1 = 138
Lower Bound 2 = 126
Avaliação = 1.18841

Tempo de execução: 60.0044s

---------------------------

Largura da faixa = 54
Melhor altura = 169

Lower Bound 1 = 138
Lower Bound 2 = 126
Avaliação = 1.22464

Tempo de execução: 60.0108s

---------------------------

Largura da faixa = 54
Melhor altura = 162

Lower Bound 1 = 138
Lower Bound 2 = 126
Avaliação = 1.17391

Tempo de execução: 60.0008s

---------------------------

Largura da faixa = 54
Melhor altura = 166

Lower Bound 1 = 138
Lower Bound 2 = 126
Avaliação = 1.2029

Tempo de execução: 60.004s

---------------------------

