Largura da faixa = 14
Melhor altura = 33

Lower Bound 1 = 28
Lower Bound 2 = 21
Avaliação = 1.17857

Tempo de execução: 60s

---------------------------

Largura da faixa = 14
Melhor altura = 33

Lower Bound 1 = 28
Lower Bound 2 = 21
Avaliação = 1.17857

Tempo de execução: 60.0001s

---------------------------

Largura da faixa = 14
Melhor altura = 33

Lower Bound 1 = 28
Lower Bound 2 = 21
Avaliação = 1.17857

Tempo de execução: 60s

---------------------------

Largura da faixa = 14
Melhor altura = 33

Lower Bound 1 = 28
Lower Bound 2 = 21
Avaliação = 1.17857

Tempo de execução: 60.0001s

---------------------------

Largura da faixa = 14
Melhor altura = 33

Lower Bound 1 = 28
Lower Bound 2 = 21
Avaliação = 1.17857

Tempo de execução: 60s

---------------------------

Largura da faixa = 14
Melhor altura = 33

Lower Bound 1 = 28
Lower Bound 2 = 21
Avaliação = 1.17857

Tempo de execução: 60s

---------------------------

Largura da faixa = 14
Melhor altura = 33

Lower Bound 1 = 28
Lower Bound 2 = 21
Avaliação = 1.17857

Tempo de execução: 60s

---------------------------

Largura da faixa = 14
Melhor altura = 33

Lower Bound 1 = 28
Lower Bound 2 = 21
Avaliação = 1.17857

Tempo de execução: 60.0001s

---------------------------

Largura da faixa = 14
Melhor altura = 33

Lower Bound 1 = 28
Lower Bound 2 = 21
Avaliação = 1.17857

Tempo de execução: 60.0001s

---------------------------

Largura da faixa = 14
Melhor altura = 33

Lower Bound 1 = 28
Lower Bound 2 = 21
Avaliação = 1.17857

Tempo de execução: 60s

---------------------------

Largura da faixa = 14
Melhor altura = 33

Lower Bound 1 = 28
Lower Bound 2 = 21
Avaliação = 1.17857

Tempo de execução: 60.0001s

---------------------------

Largura da faixa = 14
Melhor altura = 33

Lower Bound 1 = 28
Lower Bound 2 = 21
Avaliação = 1.17857

Tempo de execução: 60s

---------------------------

Largura da faixa = 14
Melhor altura = 33

Lower Bound 1 = 28
Lower Bound 2 = 21
Avaliação = 1.17857

Tempo de execução: 60s

---------------------------

Largura da faixa = 14
Melhor altura = 33

Lower Bound 1 = 28
Lower Bound 2 = 21
Avaliação = 1.17857

Tempo de execução: 60.0001s

---------------------------

Largura da faixa = 14
Melhor altura = 33

Lower Bound 1 = 28
Lower Bound 2 = 21
Avaliação = 1.17857

Tempo de execução: 60s

---------------------------

Largura da faixa = 14
Melhor altura = 33

Lower Bound 1 = 28
Lower Bound 2 = 21
Avaliação = 1.17857

Tempo de execução: 60.0001s

---------------------------

Largura da faixa = 14
Melhor altura = 33

Lower Bound 1 = 28
Lower Bound 2 = 21
Avaliação = 1.17857

Tempo de execução: 60s

---------------------------

Largura da faixa = 14
Melhor altura = 33

Lower Bound 1 = 28
Lower Bound 2 = 21
Avaliação = 1.17857

Tempo de execução: 60s

---------------------------

Largura da faixa = 14
Melhor altura = 33

Lower Bound 1 = 28
Lower Bound 2 = 21
Avaliação = 1.17857

Tempo de execução: 60s

---------------------------

Largura da faixa = 14
Melhor altura = 33

Lower Bound 1 = 28
Lower Bound 2 = 21
Avaliação = 1.17857

Tempo de execução: 60s

---------------------------

