Largura da faixa = 21
Melhor altura = 91

Lower Bound 1 = 85
Lower Bound 2 = 63
Avaliação = 1.07059

Tempo de execução: 60s

---------------------------

Largura da faixa = 21
Melhor altura = 90

Lower Bound 1 = 85
Lower Bound 2 = 63
Avaliação = 1.05882

Tempo de execução: 60.0002s

---------------------------

Largura da faixa = 21
Melhor altura = 91

Lower Bound 1 = 85
Lower Bound 2 = 63
Avaliação = 1.07059

Tempo de execução: 60.0001s

---------------------------

Largura da faixa = 21
Melhor altura = 90

Lower Bound 1 = 85
Lower Bound 2 = 63
Avaliação = 1.05882

Tempo de execução: 60.0002s

---------------------------

Largura da faixa = 21
Melhor altura = 91

Lower Bound 1 = 85
Lower Bound 2 = 63
Avaliação = 1.07059

Tempo de execução: 60.0002s

---------------------------

Largura da faixa = 21
Melhor altura = 91

Lower Bound 1 = 85
Lower Bound 2 = 63
Avaliação = 1.07059

Tempo de execução: 60s

---------------------------

Largura da faixa = 21
Melhor altura = 90

Lower Bound 1 = 85
Lower Bound 2 = 63
Avaliação = 1.05882

Tempo de execução: 60s

---------------------------

Largura da faixa = 21
Melhor altura = 91

Lower Bound 1 = 85
Lower Bound 2 = 63
Avaliação = 1.07059

Tempo de execução: 60s

---------------------------

Largura da faixa = 21
Melhor altura = 91

Lower Bound 1 = 85
Lower Bound 2 = 63
Avaliação = 1.07059

Tempo de execução: 60s

---------------------------

Largura da faixa = 21
Melhor altura = 91

Lower Bound 1 = 85
Lower Bound 2 = 63
Avaliação = 1.07059

Tempo de execução: 60.0001s

---------------------------

Largura da faixa = 21
Melhor altura = 91

Lower Bound 1 = 85
Lower Bound 2 = 63
Avaliação = 1.07059

Tempo de execução: 60.0001s

---------------------------

Largura da faixa = 21
Melhor altura = 91

Lower Bound 1 = 85
Lower Bound 2 = 63
Avaliação = 1.07059

Tempo de execução: 60.0003s

---------------------------

Largura da faixa = 21
Melhor altura = 91

Lower Bound 1 = 85
Lower Bound 2 = 63
Avaliação = 1.07059

Tempo de execução: 60s

---------------------------

Largura da faixa = 21
Melhor altura = 91

Lower Bound 1 = 85
Lower Bound 2 = 63
Avaliação = 1.07059

Tempo de execução: 60s

---------------------------

Largura da faixa = 21
Melhor altura = 90

Lower Bound 1 = 85
Lower Bound 2 = 63
Avaliação = 1.05882

Tempo de execução: 60s

---------------------------

Largura da faixa = 21
Melhor altura = 91

Lower Bound 1 = 85
Lower Bound 2 = 63
Avaliação = 1.07059

Tempo de execução: 60s

---------------------------

Largura da faixa = 21
Melhor altura = 90

Lower Bound 1 = 85
Lower Bound 2 = 63
Avaliação = 1.05882

Tempo de execução: 60.0001s

---------------------------

Largura da faixa = 21
Melhor altura = 90

Lower Bound 1 = 85
Lower Bound 2 = 63
Avaliação = 1.05882

Tempo de execução: 60.0001s

---------------------------

Largura da faixa = 21
Melhor altura = 91

Lower Bound 1 = 85
Lower Bound 2 = 63
Avaliação = 1.07059

Tempo de execução: 60s

---------------------------

Largura da faixa = 21
Melhor altura = 91

Lower Bound 1 = 85
Lower Bound 2 = 63
Avaliação = 1.07059

Tempo de execução: 60s

---------------------------

