Largura da faixa = 34
Melhor altura = 183

Lower Bound 1 = 158
Lower Bound 2 = 121
Avaliação = 1.15823

Tempo de execução: 60.0003s

---------------------------

Largura da faixa = 34
Melhor altura = 185

Lower Bound 1 = 158
Lower Bound 2 = 121
Avaliação = 1.17089

Tempo de execução: 60.0007s

---------------------------

Largura da faixa = 34
Melhor altura = 177

Lower Bound 1 = 158
Lower Bound 2 = 121
Avaliação = 1.12025

Tempo de execução: 60.0006s

---------------------------

Largura da faixa = 34
Melhor altura = 184

Lower Bound 1 = 158
Lower Bound 2 = 121
Avaliação = 1.16456

Tempo de execução: 60.0003s

---------------------------

Largura da faixa = 34
Melhor altura = 181

Lower Bound 1 = 158
Lower Bound 2 = 121
Avaliação = 1.14557

Tempo de execução: 60.0025s

---------------------------

Largura da faixa = 34
Melhor altura = 182

Lower Bound 1 = 158
Lower Bound 2 = 121
Avaliação = 1.1519

Tempo de execução: 60.0011s

---------------------------

Largura da faixa = 34
Melhor altura = 178

Lower Bound 1 = 158
Lower Bound 2 = 121
Avaliação = 1.12658

Tempo de execução: 60.0002s

---------------------------

Largura da faixa = 34
Melhor altura = 186

Lower Bound 1 = 158
Lower Bound 2 = 121
Avaliação = 1.17722

Tempo de execução: 60.0004s

---------------------------

Largura da faixa = 34
Melhor altura = 184

Lower Bound 1 = 158
Lower Bound 2 = 121
Avaliação = 1.16456

Tempo de execução: 60.0009s

---------------------------

Largura da faixa = 34
Melhor altura = 182

Lower Bound 1 = 158
Lower Bound 2 = 121
Avaliação = 1.1519

Tempo de execução: 60.0001s

---------------------------

Largura da faixa = 34
Melhor altura = 181

Lower Bound 1 = 158
Lower Bound 2 = 121
Avaliação = 1.14557

Tempo de execução: 60.0003s

---------------------------

Largura da faixa = 34
Melhor altura = 182

Lower Bound 1 = 158
Lower Bound 2 = 121
Avaliação = 1.1519

Tempo de execução: 60.0003s

---------------------------

Largura da faixa = 34
Melhor altura = 183

Lower Bound 1 = 158
Lower Bound 2 = 121
Avaliação = 1.15823

Tempo de execução: 60.0001s

---------------------------

Largura da faixa = 34
Melhor altura = 185

Lower Bound 1 = 158
Lower Bound 2 = 121
Avaliação = 1.17089

Tempo de execução: 60.0006s

---------------------------

Largura da faixa = 34
Melhor altura = 184

Lower Bound 1 = 158
Lower Bound 2 = 121
Avaliação = 1.16456

Tempo de execução: 60.0012s

---------------------------

Largura da faixa = 34
Melhor altura = 177

Lower Bound 1 = 158
Lower Bound 2 = 121
Avaliação = 1.12025

Tempo de execução: 60.0004s

---------------------------

Largura da faixa = 34
Melhor altura = 181

Lower Bound 1 = 158
Lower Bound 2 = 121
Avaliação = 1.14557

Tempo de execução: 60.0025s

---------------------------

Largura da faixa = 34
Melhor altura = 181

Lower Bound 1 = 158
Lower Bound 2 = 121
Avaliação = 1.14557

Tempo de execução: 60.0017s

---------------------------

Largura da faixa = 34
Melhor altura = 184

Lower Bound 1 = 158
Lower Bound 2 = 121
Avaliação = 1.16456

Tempo de execução: 60.0003s

---------------------------

Largura da faixa = 34
Melhor altura = 181

Lower Bound 1 = 158
Lower Bound 2 = 121
Avaliação = 1.14557

Tempo de execução: 60.0028s

---------------------------

