Largura da faixa = 38
Melhor altura = 169

Lower Bound 1 = 142
Lower Bound 2 = 101
Avaliação = 1.19014

Tempo de execução: 60.0002s

---------------------------

Largura da faixa = 38
Melhor altura = 166

Lower Bound 1 = 142
Lower Bound 2 = 101
Avaliação = 1.16901

Tempo de execução: 60.001s

---------------------------

Largura da faixa = 38
Melhor altura = 168

Lower Bound 1 = 142
Lower Bound 2 = 101
Avaliação = 1.1831

Tempo de execução: 60.0002s

---------------------------

Largura da faixa = 38
Melhor altura = 169

Lower Bound 1 = 142
Lower Bound 2 = 101
Avaliação = 1.19014

Tempo de execução: 60.0004s

---------------------------

Largura da faixa = 38
Melhor altura = 171

Lower Bound 1 = 142
Lower Bound 2 = 101
Avaliação = 1.20423

Tempo de execução: 60.0005s

---------------------------

Largura da faixa = 38
Melhor altura = 167

Lower Bound 1 = 142
Lower Bound 2 = 101
Avaliação = 1.17606

Tempo de execução: 60.0021s

---------------------------

Largura da faixa = 38
Melhor altura = 166

Lower Bound 1 = 142
Lower Bound 2 = 101
Avaliação = 1.16901

Tempo de execução: 60.0004s

---------------------------

Largura da faixa = 38
Melhor altura = 168

Lower Bound 1 = 142
Lower Bound 2 = 101
Avaliação = 1.1831

Tempo de execução: 60.0002s

---------------------------

Largura da faixa = 38
Melhor altura = 169

Lower Bound 1 = 142
Lower Bound 2 = 101
Avaliação = 1.19014

Tempo de execução: 60.0002s

---------------------------

Largura da faixa = 38
Melhor altura = 174

Lower Bound 1 = 142
Lower Bound 2 = 101
Avaliação = 1.22535

Tempo de execução: 60.0002s

---------------------------

Largura da faixa = 38
Melhor altura = 166

Lower Bound 1 = 142
Lower Bound 2 = 101
Avaliação = 1.16901

Tempo de execução: 60.0006s

---------------------------

Largura da faixa = 38
Melhor altura = 170

Lower Bound 1 = 142
Lower Bound 2 = 101
Avaliação = 1.19718

Tempo de execução: 60.0027s

---------------------------

Largura da faixa = 38
Melhor altura = 170

Lower Bound 1 = 142
Lower Bound 2 = 101
Avaliação = 1.19718

Tempo de execução: 60.0001s

---------------------------

Largura da faixa = 38
Melhor altura = 163

Lower Bound 1 = 142
Lower Bound 2 = 101
Avaliação = 1.14789

Tempo de execução: 60.0004s

---------------------------

Largura da faixa = 38
Melhor altura = 165

Lower Bound 1 = 142
Lower Bound 2 = 101
Avaliação = 1.16197

Tempo de execução: 60.001s

---------------------------

Largura da faixa = 38
Melhor altura = 170

Lower Bound 1 = 142
Lower Bound 2 = 101
Avaliação = 1.19718

Tempo de execução: 60.0003s

---------------------------

Largura da faixa = 38
Melhor altura = 167

Lower Bound 1 = 142
Lower Bound 2 = 101
Avaliação = 1.17606

Tempo de execução: 60.0001s

---------------------------

Largura da faixa = 38
Melhor altura = 168

Lower Bound 1 = 142
Lower Bound 2 = 101
Avaliação = 1.1831

Tempo de execução: 60.0002s

---------------------------

Largura da faixa = 38
Melhor altura = 169

Lower Bound 1 = 142
Lower Bound 2 = 101
Avaliação = 1.19014

Tempo de execução: 60.0001s

---------------------------

Largura da faixa = 38
Melhor altura = 168

Lower Bound 1 = 142
Lower Bound 2 = 101
Avaliação = 1.1831

Tempo de execução: 60.0003s

---------------------------

