Largura da faixa = 37
Melhor altura = 168

Lower Bound 1 = 145
Lower Bound 2 = 67
Avaliação = 1.15862

Tempo de execução: 60.0012s

---------------------------

Largura da faixa = 37
Melhor altura = 167

Lower Bound 1 = 145
Lower Bound 2 = 67
Avaliação = 1.15172

Tempo de execução: 60.0005s

---------------------------

Largura da faixa = 37
Melhor altura = 171

Lower Bound 1 = 145
Lower Bound 2 = 67
Avaliação = 1.17931

Tempo de execução: 60.001s

---------------------------

Largura da faixa = 37
Melhor altura = 168

Lower Bound 1 = 145
Lower Bound 2 = 67
Avaliação = 1.15862

Tempo de execução: 60.0001s

---------------------------

Largura da faixa = 37
Melhor altura = 168

Lower Bound 1 = 145
Lower Bound 2 = 67
Avaliação = 1.15862

Tempo de execução: 60.001s

---------------------------

Largura da faixa = 37
Melhor altura = 167

Lower Bound 1 = 145
Lower Bound 2 = 67
Avaliação = 1.15172

Tempo de execução: 60.0009s

---------------------------

Largura da faixa = 37
Melhor altura = 167

Lower Bound 1 = 145
Lower Bound 2 = 67
Avaliação = 1.15172

Tempo de execução: 60.0008s

---------------------------

Largura da faixa = 37
Melhor altura = 165

Lower Bound 1 = 145
Lower Bound 2 = 67
Avaliação = 1.13793

Tempo de execução: 60.0006s

---------------------------

Largura da faixa = 37
Melhor altura = 169

Lower Bound 1 = 145
Lower Bound 2 = 67
Avaliação = 1.16552

Tempo de execução: 60.0019s

---------------------------

Largura da faixa = 37
Melhor altura = 167

Lower Bound 1 = 145
Lower Bound 2 = 67
Avaliação = 1.15172

Tempo de execução: 60.0005s

---------------------------

Largura da faixa = 37
Melhor altura = 166

Lower Bound 1 = 145
Lower Bound 2 = 67
Avaliação = 1.14483

Tempo de execução: 60.0007s

---------------------------

Largura da faixa = 37
Melhor altura = 167

Lower Bound 1 = 145
Lower Bound 2 = 67
Avaliação = 1.15172

Tempo de execução: 60.0009s

---------------------------

Largura da faixa = 37
Melhor altura = 168

Lower Bound 1 = 145
Lower Bound 2 = 67
Avaliação = 1.15862

Tempo de execução: 60s

---------------------------

Largura da faixa = 37
Melhor altura = 167

Lower Bound 1 = 145
Lower Bound 2 = 67
Avaliação = 1.15172

Tempo de execução: 60.0014s

---------------------------

Largura da faixa = 37
Melhor altura = 169

Lower Bound 1 = 145
Lower Bound 2 = 67
Avaliação = 1.16552

Tempo de execução: 60.0012s

---------------------------

Largura da faixa = 37
Melhor altura = 168

Lower Bound 1 = 145
Lower Bound 2 = 67
Avaliação = 1.15862

Tempo de execução: 60.0003s

---------------------------

Largura da faixa = 37
Melhor altura = 169

Lower Bound 1 = 145
Lower Bound 2 = 67
Avaliação = 1.16552

Tempo de execução: 60.0017s

---------------------------

Largura da faixa = 37
Melhor altura = 167

Lower Bound 1 = 145
Lower Bound 2 = 67
Avaliação = 1.15172

Tempo de execução: 60.001s

---------------------------

Largura da faixa = 37
Melhor altura = 168

Lower Bound 1 = 145
Lower Bound 2 = 67
Avaliação = 1.15862

Tempo de execução: 60.0015s

---------------------------

Largura da faixa = 37
Melhor altura = 168

Lower Bound 1 = 145
Lower Bound 2 = 67
Avaliação = 1.15862

Tempo de execução: 60.0011s

---------------------------

