Largura da faixa = 55
Melhor altura = 215

Lower Bound 1 = 174
Lower Bound 2 = 131
Avaliação = 1.23563

Tempo de execução: 60.0016s

---------------------------

Largura da faixa = 55
Melhor altura = 214

Lower Bound 1 = 174
Lower Bound 2 = 131
Avaliação = 1.22989

Tempo de execução: 60.004s

---------------------------

Largura da faixa = 55
Melhor altura = 215

Lower Bound 1 = 174
Lower Bound 2 = 131
Avaliação = 1.23563

Tempo de execução: 60.0041s

---------------------------

Largura da faixa = 55
Melhor altura = 218

Lower Bound 1 = 174
Lower Bound 2 = 131
Avaliação = 1.25287

Tempo de execução: 60.0006s

---------------------------

Largura da faixa = 55
Melhor altura = 211

Lower Bound 1 = 174
Lower Bound 2 = 131
Avaliação = 1.21264

Tempo de execução: 60.0017s

---------------------------

Largura da faixa = 55
Melhor altura = 209

Lower Bound 1 = 174
Lower Bound 2 = 131
Avaliação = 1.20115

Tempo de execução: 60.004s

---------------------------

Largura da faixa = 55
Melhor altura = 216

Lower Bound 1 = 174
Lower Bound 2 = 131
Avaliação = 1.24138

Tempo de execução: 60.0001s

---------------------------

Largura da faixa = 55
Melhor altura = 216

Lower Bound 1 = 174
Lower Bound 2 = 131
Avaliação = 1.24138

Tempo de execução: 60.003s

---------------------------

Largura da faixa = 55
Melhor altura = 218

Lower Bound 1 = 174
Lower Bound 2 = 131
Avaliação = 1.25287

Tempo de execução: 60.0038s

---------------------------

Largura da faixa = 55
Melhor altura = 218

Lower Bound 1 = 174
Lower Bound 2 = 131
Avaliação = 1.25287

Tempo de execução: 60.0035s

---------------------------

Largura da faixa = 55
Melhor altura = 213

Lower Bound 1 = 174
Lower Bound 2 = 131
Avaliação = 1.22414

Tempo de execução: 60.0022s

---------------------------

Largura da faixa = 55
Melhor altura = 214

Lower Bound 1 = 174
Lower Bound 2 = 131
Avaliação = 1.22989

Tempo de execução: 60.0037s

---------------------------

Largura da faixa = 55
Melhor altura = 216

Lower Bound 1 = 174
Lower Bound 2 = 131
Avaliação = 1.24138

Tempo de execução: 60.0038s

---------------------------

Largura da faixa = 55
Melhor altura = 211

Lower Bound 1 = 174
Lower Bound 2 = 131
Avaliação = 1.21264

Tempo de execução: 60.0019s

---------------------------

Largura da faixa = 55
Melhor altura = 218

Lower Bound 1 = 174
Lower Bound 2 = 131
Avaliação = 1.25287

Tempo de execução: 60.0021s

---------------------------

Largura da faixa = 55
Melhor altura = 218

Lower Bound 1 = 174
Lower Bound 2 = 131
Avaliação = 1.25287

Tempo de execução: 60.0017s

---------------------------

Largura da faixa = 55
Melhor altura = 214

Lower Bound 1 = 174
Lower Bound 2 = 131
Avaliação = 1.22989

Tempo de execução: 60.0036s

---------------------------

Largura da faixa = 55
Melhor altura = 208

Lower Bound 1 = 174
Lower Bound 2 = 131
Avaliação = 1.1954

Tempo de execução: 60.0042s

---------------------------

Largura da faixa = 55
Melhor altura = 209

Lower Bound 1 = 174
Lower Bound 2 = 131
Avaliação = 1.20115

Tempo de execução: 60.0004s

---------------------------

Largura da faixa = 55
Melhor altura = 211

Lower Bound 1 = 174
Lower Bound 2 = 131
Avaliação = 1.21264

Tempo de execução: 60.0013s

---------------------------

