Largura da faixa = 62
Melhor altura = 183

Lower Bound 1 = 154
Lower Bound 2 = 82
Avaliação = 1.18831

Tempo de execução: 60.0002s

---------------------------

Largura da faixa = 62
Melhor altura = 178

Lower Bound 1 = 154
Lower Bound 2 = 82
Avaliação = 1.15584

Tempo de execução: 60.0053s

---------------------------

Largura da faixa = 62
Melhor altura = 180

Lower Bound 1 = 154
Lower Bound 2 = 82
Avaliação = 1.16883

Tempo de execução: 60.0126s

---------------------------

Largura da faixa = 62
Melhor altura = 180

Lower Bound 1 = 154
Lower Bound 2 = 82
Avaliação = 1.16883

Tempo de execução: 60.0004s

---------------------------

Largura da faixa = 62
Melhor altura = 184

Lower Bound 1 = 154
Lower Bound 2 = 82
Avaliação = 1.19481

Tempo de execução: 60.0025s

---------------------------

Largura da faixa = 62
Melhor altura = 182

Lower Bound 1 = 154
Lower Bound 2 = 82
Avaliação = 1.18182

Tempo de execução: 60.0065s

---------------------------

Largura da faixa = 62
Melhor altura = 178

Lower Bound 1 = 154
Lower Bound 2 = 82
Avaliação = 1.15584

Tempo de execução: 60.0007s

---------------------------

Largura da faixa = 62
Melhor altura = 181

Lower Bound 1 = 154
Lower Bound 2 = 82
Avaliação = 1.17532

Tempo de execução: 60.0022s

---------------------------

Largura da faixa = 62
Melhor altura = 183

Lower Bound 1 = 154
Lower Bound 2 = 82
Avaliação = 1.18831

Tempo de execução: 60.0074s

---------------------------

Largura da faixa = 62
Melhor altura = 184

Lower Bound 1 = 154
Lower Bound 2 = 82
Avaliação = 1.19481

Tempo de execução: 60.0004s

---------------------------

Largura da faixa = 62
Melhor altura = 182

Lower Bound 1 = 154
Lower Bound 2 = 82
Avaliação = 1.18182

Tempo de execução: 60.0113s

---------------------------

Largura da faixa = 62
Melhor altura = 182

Lower Bound 1 = 154
Lower Bound 2 = 82
Avaliação = 1.18182

Tempo de execução: 60.0098s

---------------------------

Largura da faixa = 62
Melhor altura = 183

Lower Bound 1 = 154
Lower Bound 2 = 82
Avaliação = 1.18831

Tempo de execução: 60.0065s

---------------------------

Largura da faixa = 62
Melhor altura = 181

Lower Bound 1 = 154
Lower Bound 2 = 82
Avaliação = 1.17532

Tempo de execução: 60.008s

---------------------------

Largura da faixa = 62
Melhor altura = 180

Lower Bound 1 = 154
Lower Bound 2 = 82
Avaliação = 1.16883

Tempo de execução: 60.0113s

---------------------------

Largura da faixa = 62
Melhor altura = 185

Lower Bound 1 = 154
Lower Bound 2 = 82
Avaliação = 1.2013

Tempo de execução: 60.0062s

---------------------------

Largura da faixa = 62
Melhor altura = 181

Lower Bound 1 = 154
Lower Bound 2 = 82
Avaliação = 1.17532

Tempo de execução: 60.0059s

---------------------------

Largura da faixa = 62
Melhor altura = 177

Lower Bound 1 = 154
Lower Bound 2 = 82
Avaliação = 1.14935

Tempo de execução: 60.0046s

---------------------------

Largura da faixa = 62
Melhor altura = 185

Lower Bound 1 = 154
Lower Bound 2 = 82
Avaliação = 1.2013

Tempo de execução: 60.0005s

---------------------------

Largura da faixa = 62
Melhor altura = 181

Lower Bound 1 = 154
Lower Bound 2 = 82
Avaliação = 1.17532

Tempo de execução: 60s

---------------------------

