Largura da faixa = 61
Melhor altura = 182

Lower Bound 1 = 157
Lower Bound 2 = 73
Avaliação = 1.15924

Tempo de execução: 60.0011s

---------------------------

Largura da faixa = 61
Melhor altura = 183

Lower Bound 1 = 157
Lower Bound 2 = 73
Avaliação = 1.16561

Tempo de execução: 60.0009s

---------------------------

Largura da faixa = 61
Melhor altura = 184

Lower Bound 1 = 157
Lower Bound 2 = 73
Avaliação = 1.17197

Tempo de execução: 60.0078s

---------------------------

Largura da faixa = 61
Melhor altura = 185

Lower Bound 1 = 157
Lower Bound 2 = 73
Avaliação = 1.17834

Tempo de execução: 60.001s

---------------------------

Largura da faixa = 61
Melhor altura = 185

Lower Bound 1 = 157
Lower Bound 2 = 73
Avaliação = 1.17834

Tempo de execução: 60.0009s

---------------------------

Largura da faixa = 61
Melhor altura = 183

Lower Bound 1 = 157
Lower Bound 2 = 73
Avaliação = 1.16561

Tempo de execução: 60.0078s

---------------------------

Largura da faixa = 61
Melhor altura = 186

Lower Bound 1 = 157
Lower Bound 2 = 73
Avaliação = 1.18471

Tempo de execução: 60.0015s

---------------------------

Largura da faixa = 61
Melhor altura = 183

Lower Bound 1 = 157
Lower Bound 2 = 73
Avaliação = 1.16561

Tempo de execução: 60.0037s

---------------------------

Largura da faixa = 61
Melhor altura = 182

Lower Bound 1 = 157
Lower Bound 2 = 73
Avaliação = 1.15924

Tempo de execução: 60.0043s

---------------------------

Largura da faixa = 61
Melhor altura = 182

Lower Bound 1 = 157
Lower Bound 2 = 73
Avaliação = 1.15924

Tempo de execução: 60.0002s

---------------------------

Largura da faixa = 61
Melhor altura = 178

Lower Bound 1 = 157
Lower Bound 2 = 73
Avaliação = 1.13376

Tempo de execução: 60.0002s

---------------------------

Largura da faixa = 61
Melhor altura = 182

Lower Bound 1 = 157
Lower Bound 2 = 73
Avaliação = 1.15924

Tempo de execução: 60.0034s

---------------------------

Largura da faixa = 61
Melhor altura = 186

Lower Bound 1 = 157
Lower Bound 2 = 73
Avaliação = 1.18471

Tempo de execução: 60.0005s

---------------------------

Largura da faixa = 61
Melhor altura = 183

Lower Bound 1 = 157
Lower Bound 2 = 73
Avaliação = 1.16561

Tempo de execução: 60.0014s

---------------------------

Largura da faixa = 61
Melhor altura = 181

Lower Bound 1 = 157
Lower Bound 2 = 73
Avaliação = 1.15287

Tempo de execução: 60.0053s

---------------------------

Largura da faixa = 61
Melhor altura = 188

Lower Bound 1 = 157
Lower Bound 2 = 73
Avaliação = 1.19745

Tempo de execução: 60.0027s

---------------------------

Largura da faixa = 61
Melhor altura = 186

Lower Bound 1 = 157
Lower Bound 2 = 73
Avaliação = 1.18471

Tempo de execução: 60.0018s

---------------------------

Largura da faixa = 61
Melhor altura = 184

Lower Bound 1 = 157
Lower Bound 2 = 73
Avaliação = 1.17197

Tempo de execução: 60.0049s

---------------------------

Largura da faixa = 61
Melhor altura = 184

Lower Bound 1 = 157
Lower Bound 2 = 73
Avaliação = 1.17197

Tempo de execução: 60.0016s

---------------------------

Largura da faixa = 61
Melhor altura = 184

Lower Bound 1 = 157
Lower Bound 2 = 73
Avaliação = 1.17197

Tempo de execução: 60.0035s

---------------------------

