Largura da faixa = 70
Melhor altura = 683

Lower Bound 1 = 548
Lower Bound 2 = 320
Avaliação = 1.24635

Tempo de execução: 60.0107s

---------------------------

Largura da faixa = 70
Melhor altura = 692

Lower Bound 1 = 548
Lower Bound 2 = 320
Avaliação = 1.26277

Tempo de execução: 60.0273s

---------------------------

Largura da faixa = 70
Melhor altura = 694

Lower Bound 1 = 548
Lower Bound 2 = 320
Avaliação = 1.26642

Tempo de execução: 60.0392s

---------------------------

Largura da faixa = 70
Melhor altura = 694

Lower Bound 1 = 548
Lower Bound 2 = 320
Avaliação = 1.26642

Tempo de execução: 60.0122s

---------------------------

Largura da faixa = 70
Melhor altura = 692

Lower Bound 1 = 548
Lower Bound 2 = 320
Avaliação = 1.26277

Tempo de execução: 60.0306s

---------------------------

Largura da faixa = 70
Melhor altura = 699

Lower Bound 1 = 548
Lower Bound 2 = 320
Avaliação = 1.27555

Tempo de execução: 60.0559s

---------------------------

Largura da faixa = 70
Melhor altura = 694

Lower Bound 1 = 548
Lower Bound 2 = 320
Avaliação = 1.26642

Tempo de execução: 60.0036s

---------------------------

Largura da faixa = 70
Melhor altura = 691

Lower Bound 1 = 548
Lower Bound 2 = 320
Avaliação = 1.26095

Tempo de execução: 60.0233s

---------------------------

Largura da faixa = 70
Melhor altura = 686

Lower Bound 1 = 548
Lower Bound 2 = 320
Avaliação = 1.25182

Tempo de execução: 60.0388s

---------------------------

Largura da faixa = 70
Melhor altura = 696

Lower Bound 1 = 548
Lower Bound 2 = 320
Avaliação = 1.27007

Tempo de execução: 60.0056s

---------------------------

Largura da faixa = 70
Melhor altura = 693

Lower Bound 1 = 548
Lower Bound 2 = 320
Avaliação = 1.2646

Tempo de execução: 60.0038s

---------------------------

Largura da faixa = 70
Melhor altura = 684

Lower Bound 1 = 548
Lower Bound 2 = 320
Avaliação = 1.24818

Tempo de execução: 60.022s

---------------------------

Largura da faixa = 70
Melhor altura = 675

Lower Bound 1 = 548
Lower Bound 2 = 320
Avaliação = 1.23175

Tempo de execução: 60.0043s

---------------------------

Largura da faixa = 70
Melhor altura = 691

Lower Bound 1 = 548
Lower Bound 2 = 320
Avaliação = 1.26095

Tempo de execução: 60.0129s

---------------------------

Largura da faixa = 70
Melhor altura = 687

Lower Bound 1 = 548
Lower Bound 2 = 320
Avaliação = 1.25365

Tempo de execução: 60.0272s

---------------------------

Largura da faixa = 70
Melhor altura = 691

Lower Bound 1 = 548
Lower Bound 2 = 320
Avaliação = 1.26095

Tempo de execução: 60.0133s

---------------------------

Largura da faixa = 70
Melhor altura = 686

Lower Bound 1 = 548
Lower Bound 2 = 320
Avaliação = 1.25182

Tempo de execução: 60.0211s

---------------------------

Largura da faixa = 70
Melhor altura = 687

Lower Bound 1 = 548
Lower Bound 2 = 320
Avaliação = 1.25365

Tempo de execução: 60.04s

---------------------------

Largura da faixa = 70
Melhor altura = 690

Lower Bound 1 = 548
Lower Bound 2 = 320
Avaliação = 1.25912

Tempo de execução: 60.0018s

---------------------------

Largura da faixa = 70
Melhor altura = 684

Lower Bound 1 = 548
Lower Bound 2 = 320
Avaliação = 1.24818

Tempo de execução: 60.0043s

---------------------------

