Largura da faixa = 113
Melhor altura = 426

Lower Bound 1 = 339
Lower Bound 2 = 219
Avaliação = 1.25664

Tempo de execução: 60.0063s

---------------------------

Largura da faixa = 113
Melhor altura = 431

Lower Bound 1 = 339
Lower Bound 2 = 219
Avaliação = 1.27139

Tempo de execução: 60.0185s

---------------------------

Largura da faixa = 113
Melhor altura = 422

Lower Bound 1 = 339
Lower Bound 2 = 219
Avaliação = 1.24484

Tempo de execução: 60.0613s

---------------------------

Largura da faixa = 113
Melhor altura = 430

Lower Bound 1 = 339
Lower Bound 2 = 219
Avaliação = 1.26844

Tempo de execução: 60.0026s

---------------------------

Largura da faixa = 113
Melhor altura = 418

Lower Bound 1 = 339
Lower Bound 2 = 219
Avaliação = 1.23304

Tempo de execução: 60.035s

---------------------------

Largura da faixa = 113
Melhor altura = 429

Lower Bound 1 = 339
Lower Bound 2 = 219
Avaliação = 1.26549

Tempo de execução: 60.03s

---------------------------

Largura da faixa = 113
Melhor altura = 433

Lower Bound 1 = 339
Lower Bound 2 = 219
Avaliação = 1.27729

Tempo de execução: 60.0141s

---------------------------

Largura da faixa = 113
Melhor altura = 436

Lower Bound 1 = 339
Lower Bound 2 = 219
Avaliação = 1.28614

Tempo de execução: 60.0184s

---------------------------

Largura da faixa = 113
Melhor altura = 424

Lower Bound 1 = 339
Lower Bound 2 = 219
Avaliação = 1.25074

Tempo de execução: 60.0459s

---------------------------

Largura da faixa = 113
Melhor altura = 420

Lower Bound 1 = 339
Lower Bound 2 = 219
Avaliação = 1.23894

Tempo de execução: 60.007s

---------------------------

Largura da faixa = 113
Melhor altura = 426

Lower Bound 1 = 339
Lower Bound 2 = 219
Avaliação = 1.25664

Tempo de execução: 60.0145s

---------------------------

Largura da faixa = 113
Melhor altura = 437

Lower Bound 1 = 339
Lower Bound 2 = 219
Avaliação = 1.28909

Tempo de execução: 60.044s

---------------------------

Largura da faixa = 113
Melhor altura = 429

Lower Bound 1 = 339
Lower Bound 2 = 219
Avaliação = 1.26549

Tempo de execução: 60.0087s

---------------------------

Largura da faixa = 113
Melhor altura = 425

Lower Bound 1 = 339
Lower Bound 2 = 219
Avaliação = 1.25369

Tempo de execução: 60.0269s

---------------------------

Largura da faixa = 113
Melhor altura = 432

Lower Bound 1 = 339
Lower Bound 2 = 219
Avaliação = 1.27434

Tempo de execução: 60.0366s

---------------------------

Largura da faixa = 113
Melhor altura = 429

Lower Bound 1 = 339
Lower Bound 2 = 219
Avaliação = 1.26549

Tempo de execução: 60.0024s

---------------------------

Largura da faixa = 113
Melhor altura = 424

Lower Bound 1 = 339
Lower Bound 2 = 219
Avaliação = 1.25074

Tempo de execução: 60.0046s

---------------------------

Largura da faixa = 113
Melhor altura = 428

Lower Bound 1 = 339
Lower Bound 2 = 219
Avaliação = 1.26254

Tempo de execução: 60.0117s

---------------------------

Largura da faixa = 113
Melhor altura = 424

Lower Bound 1 = 339
Lower Bound 2 = 219
Avaliação = 1.25074

Tempo de execução: 60.0393s

---------------------------

Largura da faixa = 113
Melhor altura = 432

Lower Bound 1 = 339
Lower Bound 2 = 219
Avaliação = 1.27434

Tempo de execução: 60.0606s

---------------------------

