Largura da faixa = 92
Melhor altura = 511

Lower Bound 1 = 417
Lower Bound 2 = 191
Avaliação = 1.22542

Tempo de execução: 60.0015s

---------------------------

Largura da faixa = 92
Melhor altura = 509

Lower Bound 1 = 417
Lower Bound 2 = 191
Avaliação = 1.22062

Tempo de execução: 60.0142s

---------------------------

Largura da faixa = 92
Melhor altura = 504

Lower Bound 1 = 417
Lower Bound 2 = 191
Avaliação = 1.20863

Tempo de execução: 60.0607s

---------------------------

Largura da faixa = 92
Melhor altura = 506

Lower Bound 1 = 417
Lower Bound 2 = 191
Avaliação = 1.21343

Tempo de execução: 60.0276s

---------------------------

Largura da faixa = 92
Melhor altura = 504

Lower Bound 1 = 417
Lower Bound 2 = 191
Avaliação = 1.20863

Tempo de execução: 60.028s

---------------------------

Largura da faixa = 92
Melhor altura = 505

Lower Bound 1 = 417
Lower Bound 2 = 191
Avaliação = 1.21103

Tempo de execução: 60.0422s

---------------------------

Largura da faixa = 92
Melhor altura = 515

Lower Bound 1 = 417
Lower Bound 2 = 191
Avaliação = 1.23501

Tempo de execução: 60.0133s

---------------------------

Largura da faixa = 92
Melhor altura = 505

Lower Bound 1 = 417
Lower Bound 2 = 191
Avaliação = 1.21103

Tempo de execução: 60.0229s

---------------------------

Largura da faixa = 92
Melhor altura = 513

Lower Bound 1 = 417
Lower Bound 2 = 191
Avaliação = 1.23022

Tempo de execução: 60.0346s

---------------------------

Largura da faixa = 92
Melhor altura = 511

Lower Bound 1 = 417
Lower Bound 2 = 191
Avaliação = 1.22542

Tempo de execução: 60.0119s

---------------------------

Largura da faixa = 92
Melhor altura = 515

Lower Bound 1 = 417
Lower Bound 2 = 191
Avaliação = 1.23501

Tempo de execução: 60.0287s

---------------------------

Largura da faixa = 92
Melhor altura = 508

Lower Bound 1 = 417
Lower Bound 2 = 191
Avaliação = 1.21823

Tempo de execução: 60.0449s

---------------------------

Largura da faixa = 92
Melhor altura = 516

Lower Bound 1 = 417
Lower Bound 2 = 191
Avaliação = 1.23741

Tempo de execução: 60.0025s

---------------------------

Largura da faixa = 92
Melhor altura = 517

Lower Bound 1 = 417
Lower Bound 2 = 191
Avaliação = 1.23981

Tempo de execução: 60.0094s

---------------------------

Largura da faixa = 92
Melhor altura = 514

Lower Bound 1 = 417
Lower Bound 2 = 191
Avaliação = 1.23261

Tempo de execução: 60.0396s

---------------------------

Largura da faixa = 92
Melhor altura = 519

Lower Bound 1 = 417
Lower Bound 2 = 191
Avaliação = 1.2446

Tempo de execução: 60.0142s

---------------------------

Largura da faixa = 92
Melhor altura = 509

Lower Bound 1 = 417
Lower Bound 2 = 191
Avaliação = 1.22062

Tempo de execução: 60.0377s

---------------------------

Largura da faixa = 92
Melhor altura = 511

Lower Bound 1 = 417
Lower Bound 2 = 191
Avaliação = 1.22542

Tempo de execução: 60.0347s

---------------------------

Largura da faixa = 92
Melhor altura = 508

Lower Bound 1 = 417
Lower Bound 2 = 191
Avaliação = 1.21823

Tempo de execução: 60.0067s

---------------------------

Largura da faixa = 92
Melhor altura = 515

Lower Bound 1 = 417
Lower Bound 2 = 191
Avaliação = 1.23501

Tempo de execução: 60.0202s

---------------------------

Largura da faixa = 92
Melhor altura = 509

Lower Bound 1 = 417
Lower Bound 2 = 191
Avaliação = 1.22062

Tempo de execução: 60.0301s

---------------------------

