Largura da faixa = 186
Melhor altura = 1638

Lower Bound 1 = 1476
Lower Bound 2 = 578
Avaliação = 1.10976

Tempo de execução: 60.0001s

---------------------------

Largura da faixa = 186
Melhor altura = 1653

Lower Bound 1 = 1476
Lower Bound 2 = 578
Avaliação = 1.11992

Tempo de execução: 60s

---------------------------

Largura da faixa = 186
Melhor altura = 1653

Lower Bound 1 = 1476
Lower Bound 2 = 578
Avaliação = 1.11992

Tempo de execução: 60s

---------------------------

Largura da faixa = 186
Melhor altura = 1653

Lower Bound 1 = 1476
Lower Bound 2 = 578
Avaliação = 1.11992

Tempo de execução: 60s

---------------------------

Largura da faixa = 186
Melhor altura = 1653

Lower Bound 1 = 1476
Lower Bound 2 = 578
Avaliação = 1.11992

Tempo de execução: 60.0001s

---------------------------

Largura da faixa = 186
Melhor altura = 1669

Lower Bound 1 = 1476
Lower Bound 2 = 578
Avaliação = 1.13076

Tempo de execução: 60.0001s

---------------------------

Largura da faixa = 186
Melhor altura = 1653

Lower Bound 1 = 1476
Lower Bound 2 = 578
Avaliação = 1.11992

Tempo de execução: 60s

---------------------------

Largura da faixa = 186
Melhor altura = 1638

Lower Bound 1 = 1476
Lower Bound 2 = 578
Avaliação = 1.10976

Tempo de execução: 60.0001s

---------------------------

Largura da faixa = 186
Melhor altura = 1638

Lower Bound 1 = 1476
Lower Bound 2 = 578
Avaliação = 1.10976

Tempo de execução: 60.0002s

---------------------------

Largura da faixa = 186
Melhor altura = 1638

Lower Bound 1 = 1476
Lower Bound 2 = 578
Avaliação = 1.10976

Tempo de execução: 60.0001s

---------------------------

Largura da faixa = 186
Melhor altura = 1638

Lower Bound 1 = 1476
Lower Bound 2 = 578
Avaliação = 1.10976

Tempo de execução: 60s

---------------------------

Largura da faixa = 186
Melhor altura = 1638

Lower Bound 1 = 1476
Lower Bound 2 = 578
Avaliação = 1.10976

Tempo de execução: 60.0002s

---------------------------

Largura da faixa = 186
Melhor altura = 1638

Lower Bound 1 = 1476
Lower Bound 2 = 578
Avaliação = 1.10976

Tempo de execução: 60.0001s

---------------------------

Largura da faixa = 186
Melhor altura = 1638

Lower Bound 1 = 1476
Lower Bound 2 = 578
Avaliação = 1.10976

Tempo de execução: 60s

---------------------------

Largura da faixa = 186
Melhor altura = 1650

Lower Bound 1 = 1476
Lower Bound 2 = 578
Avaliação = 1.11789

Tempo de execução: 60.0002s

---------------------------

Largura da faixa = 186
Melhor altura = 1653

Lower Bound 1 = 1476
Lower Bound 2 = 578
Avaliação = 1.11992

Tempo de execução: 60s

---------------------------

Largura da faixa = 186
Melhor altura = 1650

Lower Bound 1 = 1476
Lower Bound 2 = 578
Avaliação = 1.11789

Tempo de execução: 60.0002s

---------------------------

Largura da faixa = 186
Melhor altura = 1650

Lower Bound 1 = 1476
Lower Bound 2 = 578
Avaliação = 1.11789

Tempo de execução: 60.0001s

---------------------------

Largura da faixa = 186
Melhor altura = 1669

Lower Bound 1 = 1476
Lower Bound 2 = 578
Avaliação = 1.13076

Tempo de execução: 60s

---------------------------

Largura da faixa = 186
Melhor altura = 1638

Lower Bound 1 = 1476
Lower Bound 2 = 578
Avaliação = 1.10976

Tempo de execução: 60s

---------------------------

