Largura da faixa = 184
Melhor altura = 5220

Lower Bound 1 = 3975
Lower Bound 2 = 1537
Avaliação = 1.31321

Tempo de execução: 60s

---------------------------

Largura da faixa = 184
Melhor altura = 5199

Lower Bound 1 = 3975
Lower Bound 2 = 1537
Avaliação = 1.30792

Tempo de execução: 60.0005s

---------------------------

Largura da faixa = 184
Melhor altura = 5199

Lower Bound 1 = 3975
Lower Bound 2 = 1537
Avaliação = 1.30792

Tempo de execução: 60.0007s

---------------------------

Largura da faixa = 184
Melhor altura = 5220

Lower Bound 1 = 3975
Lower Bound 2 = 1537
Avaliação = 1.31321

Tempo de execução: 60s

---------------------------

Largura da faixa = 184
Melhor altura = 5199

Lower Bound 1 = 3975
Lower Bound 2 = 1537
Avaliação = 1.30792

Tempo de execução: 60.0012s

---------------------------

Largura da faixa = 184
Melhor altura = 5199

Lower Bound 1 = 3975
Lower Bound 2 = 1537
Avaliação = 1.30792

Tempo de execução: 60.0015s

---------------------------

Largura da faixa = 184
Melhor altura = 5199

Lower Bound 1 = 3975
Lower Bound 2 = 1537
Avaliação = 1.30792

Tempo de execução: 60s

---------------------------

Largura da faixa = 184
Melhor altura = 5220

Lower Bound 1 = 3975
Lower Bound 2 = 1537
Avaliação = 1.31321

Tempo de execução: 60.0004s

---------------------------

Largura da faixa = 184
Melhor altura = 5199

Lower Bound 1 = 3975
Lower Bound 2 = 1537
Avaliação = 1.30792

Tempo de execução: 60.0007s

---------------------------

Largura da faixa = 184
Melhor altura = 5199

Lower Bound 1 = 3975
Lower Bound 2 = 1537
Avaliação = 1.30792

Tempo de execução: 60.0002s

---------------------------

Largura da faixa = 184
Melhor altura = 5199

Lower Bound 1 = 3975
Lower Bound 2 = 1537
Avaliação = 1.30792

Tempo de execução: 60.0013s

---------------------------

Largura da faixa = 184
Melhor altura = 5199

Lower Bound 1 = 3975
Lower Bound 2 = 1537
Avaliação = 1.30792

Tempo de execução: 60.002s

---------------------------

Largura da faixa = 184
Melhor altura = 5199

Lower Bound 1 = 3975
Lower Bound 2 = 1537
Avaliação = 1.30792

Tempo de execução: 60.0004s

---------------------------

Largura da faixa = 184
Melhor altura = 5199

Lower Bound 1 = 3975
Lower Bound 2 = 1537
Avaliação = 1.30792

Tempo de execução: 60.0004s

---------------------------

Largura da faixa = 184
Melhor altura = 5199

Lower Bound 1 = 3975
Lower Bound 2 = 1537
Avaliação = 1.30792

Tempo de execução: 60.0016s

---------------------------

Largura da faixa = 184
Melhor altura = 5220

Lower Bound 1 = 3975
Lower Bound 2 = 1537
Avaliação = 1.31321

Tempo de execução: 60.0002s

---------------------------

Largura da faixa = 184
Melhor altura = 5199

Lower Bound 1 = 3975
Lower Bound 2 = 1537
Avaliação = 1.30792

Tempo de execução: 60.0011s

---------------------------

Largura da faixa = 184
Melhor altura = 5220

Lower Bound 1 = 3975
Lower Bound 2 = 1537
Avaliação = 1.31321

Tempo de execução: 60.0014s

---------------------------

Largura da faixa = 184
Melhor altura = 5220

Lower Bound 1 = 3975
Lower Bound 2 = 1537
Avaliação = 1.31321

Tempo de execução: 60.001s

---------------------------

Largura da faixa = 184
Melhor altura = 5199

Lower Bound 1 = 3975
Lower Bound 2 = 1537
Avaliação = 1.30792

Tempo de execução: 60.001s

---------------------------

