Largura da faixa = 364
Melhor altura = 1685

Lower Bound 1 = 1498
Lower Bound 2 = 606
Avaliação = 1.12483

Tempo de execução: 60s

---------------------------

Largura da faixa = 364
Melhor altura = 1685

Lower Bound 1 = 1498
Lower Bound 2 = 606
Avaliação = 1.12483

Tempo de execução: 60s

---------------------------

Largura da faixa = 364
Melhor altura = 1685

Lower Bound 1 = 1498
Lower Bound 2 = 606
Avaliação = 1.12483

Tempo de execução: 60s

---------------------------

Largura da faixa = 364
Melhor altura = 1685

Lower Bound 1 = 1498
Lower Bound 2 = 606
Avaliação = 1.12483

Tempo de execução: 60s

---------------------------

Largura da faixa = 364
Melhor altura = 1685

Lower Bound 1 = 1498
Lower Bound 2 = 606
Avaliação = 1.12483

Tempo de execução: 60s

---------------------------

Largura da faixa = 364
Melhor altura = 1685

Lower Bound 1 = 1498
Lower Bound 2 = 606
Avaliação = 1.12483

Tempo de execução: 60.0001s

---------------------------

Largura da faixa = 364
Melhor altura = 1685

Lower Bound 1 = 1498
Lower Bound 2 = 606
Avaliação = 1.12483

Tempo de execução: 60s

---------------------------

Largura da faixa = 364
Melhor altura = 1685

Lower Bound 1 = 1498
Lower Bound 2 = 606
Avaliação = 1.12483

Tempo de execução: 60s

---------------------------

Largura da faixa = 364
Melhor altura = 1685

Lower Bound 1 = 1498
Lower Bound 2 = 606
Avaliação = 1.12483

Tempo de execução: 60s

---------------------------

Largura da faixa = 364
Melhor altura = 1685

Lower Bound 1 = 1498
Lower Bound 2 = 606
Avaliação = 1.12483

Tempo de execução: 60s

---------------------------

Largura da faixa = 364
Melhor altura = 1685

Lower Bound 1 = 1498
Lower Bound 2 = 606
Avaliação = 1.12483

Tempo de execução: 60.0001s

---------------------------

Largura da faixa = 364
Melhor altura = 1685

Lower Bound 1 = 1498
Lower Bound 2 = 606
Avaliação = 1.12483

Tempo de execução: 60s

---------------------------

Largura da faixa = 364
Melhor altura = 1685

Lower Bound 1 = 1498
Lower Bound 2 = 606
Avaliação = 1.12483

Tempo de execução: 60s

---------------------------

Largura da faixa = 364
Melhor altura = 1685

Lower Bound 1 = 1498
Lower Bound 2 = 606
Avaliação = 1.12483

Tempo de execução: 60s

---------------------------

Largura da faixa = 364
Melhor altura = 1685

Lower Bound 1 = 1498
Lower Bound 2 = 606
Avaliação = 1.12483

Tempo de execução: 60s

---------------------------

Largura da faixa = 364
Melhor altura = 1685

Lower Bound 1 = 1498
Lower Bound 2 = 606
Avaliação = 1.12483

Tempo de execução: 60s

---------------------------

Largura da faixa = 364
Melhor altura = 1685

Lower Bound 1 = 1498
Lower Bound 2 = 606
Avaliação = 1.12483

Tempo de execução: 60.0001s

---------------------------

Largura da faixa = 364
Melhor altura = 1685

Lower Bound 1 = 1498
Lower Bound 2 = 606
Avaliação = 1.12483

Tempo de execução: 60s

---------------------------

Largura da faixa = 364
Melhor altura = 1685

Lower Bound 1 = 1498
Lower Bound 2 = 606
Avaliação = 1.12483

Tempo de execução: 60.0001s

---------------------------

Largura da faixa = 364
Melhor altura = 1685

Lower Bound 1 = 1498
Lower Bound 2 = 606
Avaliação = 1.12483

Tempo de execução: 60s

---------------------------

