Largura da faixa = 688
Melhor altura = 3533

Lower Bound 1 = 2938
Lower Bound 2 = 1295
Avaliação = 1.20252

Tempo de execução: 60s

---------------------------

Largura da faixa = 688
Melhor altura = 3562

Lower Bound 1 = 2938
Lower Bound 2 = 1295
Avaliação = 1.21239

Tempo de execução: 60s

---------------------------

Largura da faixa = 688
Melhor altura = 3562

Lower Bound 1 = 2938
Lower Bound 2 = 1295
Avaliação = 1.21239

Tempo de execução: 60s

---------------------------

Largura da faixa = 688
Melhor altura = 3533

Lower Bound 1 = 2938
Lower Bound 2 = 1295
Avaliação = 1.20252

Tempo de execução: 60s

---------------------------

Largura da faixa = 688
Melhor altura = 3533

Lower Bound 1 = 2938
Lower Bound 2 = 1295
Avaliação = 1.20252

Tempo de execução: 60s

---------------------------

Largura da faixa = 688
Melhor altura = 3533

Lower Bound 1 = 2938
Lower Bound 2 = 1295
Avaliação = 1.20252

Tempo de execução: 60.0001s

---------------------------

Largura da faixa = 688
Melhor altura = 3533

Lower Bound 1 = 2938
Lower Bound 2 = 1295
Avaliação = 1.20252

Tempo de execução: 60s

---------------------------

Largura da faixa = 688
Melhor altura = 3533

Lower Bound 1 = 2938
Lower Bound 2 = 1295
Avaliação = 1.20252

Tempo de execução: 60s

---------------------------

Largura da faixa = 688
Melhor altura = 3533

Lower Bound 1 = 2938
Lower Bound 2 = 1295
Avaliação = 1.20252

Tempo de execução: 60.0001s

---------------------------

Largura da faixa = 688
Melhor altura = 3562

Lower Bound 1 = 2938
Lower Bound 2 = 1295
Avaliação = 1.21239

Tempo de execução: 60s

---------------------------

Largura da faixa = 688
Melhor altura = 3533

Lower Bound 1 = 2938
Lower Bound 2 = 1295
Avaliação = 1.20252

Tempo de execução: 60s

---------------------------

Largura da faixa = 688
Melhor altura = 3533

Lower Bound 1 = 2938
Lower Bound 2 = 1295
Avaliação = 1.20252

Tempo de execução: 60.0001s

---------------------------

Largura da faixa = 688
Melhor altura = 3533

Lower Bound 1 = 2938
Lower Bound 2 = 1295
Avaliação = 1.20252

Tempo de execução: 60.0001s

---------------------------

Largura da faixa = 688
Melhor altura = 3533

Lower Bound 1 = 2938
Lower Bound 2 = 1295
Avaliação = 1.20252

Tempo de execução: 60.0001s

---------------------------

Largura da faixa = 688
Melhor altura = 3562

Lower Bound 1 = 2938
Lower Bound 2 = 1295
Avaliação = 1.21239

Tempo de execução: 60.0001s

---------------------------

Largura da faixa = 688
Melhor altura = 3562

Lower Bound 1 = 2938
Lower Bound 2 = 1295
Avaliação = 1.21239

Tempo de execução: 60s

---------------------------

Largura da faixa = 688
Melhor altura = 3562

Lower Bound 1 = 2938
Lower Bound 2 = 1295
Avaliação = 1.21239

Tempo de execução: 60s

---------------------------

Largura da faixa = 688
Melhor altura = 3533

Lower Bound 1 = 2938
Lower Bound 2 = 1295
Avaliação = 1.20252

Tempo de execução: 60.0001s

---------------------------

Largura da faixa = 688
Melhor altura = 3533

Lower Bound 1 = 2938
Lower Bound 2 = 1295
Avaliação = 1.20252

Tempo de execução: 60.0001s

---------------------------

Largura da faixa = 688
Melhor altura = 3533

Lower Bound 1 = 2938
Lower Bound 2 = 1295
Avaliação = 1.20252

Tempo de execução: 60s

---------------------------

