Largura da faixa = 186
Melhor altura = 2763

Lower Bound 1 = 2191
Lower Bound 2 = 964
Avaliação = 1.26107

Tempo de execução: 60.0001s

---------------------------

Largura da faixa = 186
Melhor altura = 2763

Lower Bound 1 = 2191
Lower Bound 2 = 964
Avaliação = 1.26107

Tempo de execução: 60.0001s

---------------------------

Largura da faixa = 186
Melhor altura = 2763

Lower Bound 1 = 2191
Lower Bound 2 = 964
Avaliação = 1.26107

Tempo de execução: 60s

---------------------------

Largura da faixa = 186
Melhor altura = 2763

Lower Bound 1 = 2191
Lower Bound 2 = 964
Avaliação = 1.26107

Tempo de execução: 60s

---------------------------

Largura da faixa = 186
Melhor altura = 2763

Lower Bound 1 = 2191
Lower Bound 2 = 964
Avaliação = 1.26107

Tempo de execução: 60.0002s

---------------------------

Largura da faixa = 186
Melhor altura = 2763

Lower Bound 1 = 2191
Lower Bound 2 = 964
Avaliação = 1.26107

Tempo de execução: 60.0004s

---------------------------

Largura da faixa = 186
Melhor altura = 2763

Lower Bound 1 = 2191
Lower Bound 2 = 964
Avaliação = 1.26107

Tempo de execução: 60.0002s

---------------------------

Largura da faixa = 186
Melhor altura = 2763

Lower Bound 1 = 2191
Lower Bound 2 = 964
Avaliação = 1.26107

Tempo de execução: 60s

---------------------------

Largura da faixa = 186
Melhor altura = 2763

Lower Bound 1 = 2191
Lower Bound 2 = 964
Avaliação = 1.26107

Tempo de execução: 60.0001s

---------------------------

Largura da faixa = 186
Melhor altura = 2763

Lower Bound 1 = 2191
Lower Bound 2 = 964
Avaliação = 1.26107

Tempo de execução: 60.0001s

---------------------------

Largura da faixa = 186
Melhor altura = 2763

Lower Bound 1 = 2191
Lower Bound 2 = 964
Avaliação = 1.26107

Tempo de execução: 60.0002s

---------------------------

Largura da faixa = 186
Melhor altura = 2763

Lower Bound 1 = 2191
Lower Bound 2 = 964
Avaliação = 1.26107

Tempo de execução: 60s

---------------------------

Largura da faixa = 186
Melhor altura = 2763

Lower Bound 1 = 2191
Lower Bound 2 = 964
Avaliação = 1.26107

Tempo de execução: 60.0003s

---------------------------

Largura da faixa = 186
Melhor altura = 2763

Lower Bound 1 = 2191
Lower Bound 2 = 964
Avaliação = 1.26107

Tempo de execução: 60.0005s

---------------------------

Largura da faixa = 186
Melhor altura = 2763

Lower Bound 1 = 2191
Lower Bound 2 = 964
Avaliação = 1.26107

Tempo de execução: 60.0003s

---------------------------

Largura da faixa = 186
Melhor altura = 2763

Lower Bound 1 = 2191
Lower Bound 2 = 964
Avaliação = 1.26107

Tempo de execução: 60s

---------------------------

Largura da faixa = 186
Melhor altura = 2763

Lower Bound 1 = 2191
Lower Bound 2 = 964
Avaliação = 1.26107

Tempo de execução: 60.0004s

---------------------------

Largura da faixa = 186
Melhor altura = 2763

Lower Bound 1 = 2191
Lower Bound 2 = 964
Avaliação = 1.26107

Tempo de execução: 60.0004s

---------------------------

Largura da faixa = 186
Melhor altura = 2763

Lower Bound 1 = 2191
Lower Bound 2 = 964
Avaliação = 1.26107

Tempo de execução: 60.0004s

---------------------------

Largura da faixa = 186
Melhor altura = 2763

Lower Bound 1 = 2191
Lower Bound 2 = 964
Avaliação = 1.26107

Tempo de execução: 60.0004s

---------------------------

