Largura da faixa = 372
Melhor altura = 4184

Lower Bound 1 = 3311
Lower Bound 2 = 1298
Avaliação = 1.26367

Tempo de execução: 60s

---------------------------

Largura da faixa = 372
Melhor altura = 4184

Lower Bound 1 = 3311
Lower Bound 2 = 1298
Avaliação = 1.26367

Tempo de execução: 60.0001s

---------------------------

Largura da faixa = 372
Melhor altura = 4184

Lower Bound 1 = 3311
Lower Bound 2 = 1298
Avaliação = 1.26367

Tempo de execução: 60.0002s

---------------------------

Largura da faixa = 372
Melhor altura = 4184

Lower Bound 1 = 3311
Lower Bound 2 = 1298
Avaliação = 1.26367

Tempo de execução: 60s

---------------------------

Largura da faixa = 372
Melhor altura = 4184

Lower Bound 1 = 3311
Lower Bound 2 = 1298
Avaliação = 1.26367

Tempo de execução: 60.0001s

---------------------------

Largura da faixa = 372
Melhor altura = 4184

Lower Bound 1 = 3311
Lower Bound 2 = 1298
Avaliação = 1.26367

Tempo de execução: 60.0001s

---------------------------

Largura da faixa = 372
Melhor altura = 4184

Lower Bound 1 = 3311
Lower Bound 2 = 1298
Avaliação = 1.26367

Tempo de execução: 60.0001s

---------------------------

Largura da faixa = 372
Melhor altura = 4184

Lower Bound 1 = 3311
Lower Bound 2 = 1298
Avaliação = 1.26367

Tempo de execução: 60.0002s

---------------------------

Largura da faixa = 372
Melhor altura = 4184

Lower Bound 1 = 3311
Lower Bound 2 = 1298
Avaliação = 1.26367

Tempo de execução: 60s

---------------------------

Largura da faixa = 372
Melhor altura = 4184

Lower Bound 1 = 3311
Lower Bound 2 = 1298
Avaliação = 1.26367

Tempo de execução: 60.0001s

---------------------------

Largura da faixa = 372
Melhor altura = 4184

Lower Bound 1 = 3311
Lower Bound 2 = 1298
Avaliação = 1.26367

Tempo de execução: 60.0001s

---------------------------

Largura da faixa = 372
Melhor altura = 4184

Lower Bound 1 = 3311
Lower Bound 2 = 1298
Avaliação = 1.26367

Tempo de execução: 60.0001s

---------------------------

Largura da faixa = 372
Melhor altura = 4184

Lower Bound 1 = 3311
Lower Bound 2 = 1298
Avaliação = 1.26367

Tempo de execução: 60s

---------------------------

Largura da faixa = 372
Melhor altura = 4184

Lower Bound 1 = 3311
Lower Bound 2 = 1298
Avaliação = 1.26367

Tempo de execução: 60s

---------------------------

Largura da faixa = 372
Melhor altura = 4184

Lower Bound 1 = 3311
Lower Bound 2 = 1298
Avaliação = 1.26367

Tempo de execução: 60.0001s

---------------------------

Largura da faixa = 372
Melhor altura = 4184

Lower Bound 1 = 3311
Lower Bound 2 = 1298
Avaliação = 1.26367

Tempo de execução: 60s

---------------------------

Largura da faixa = 372
Melhor altura = 4184

Lower Bound 1 = 3311
Lower Bound 2 = 1298
Avaliação = 1.26367

Tempo de execução: 60.0001s

---------------------------

Largura da faixa = 372
Melhor altura = 4184

Lower Bound 1 = 3311
Lower Bound 2 = 1298
Avaliação = 1.26367

Tempo de execução: 60.0001s

---------------------------

Largura da faixa = 372
Melhor altura = 4184

Lower Bound 1 = 3311
Lower Bound 2 = 1298
Avaliação = 1.26367

Tempo de execução: 60.0001s

---------------------------

Largura da faixa = 372
Melhor altura = 4184

Lower Bound 1 = 3311
Lower Bound 2 = 1298
Avaliação = 1.26367

Tempo de execução: 60.0001s

---------------------------

