Largura da faixa = 184
Melhor altura = 1086

Lower Bound 1 = 888
Lower Bound 2 = 334
Avaliação = 1.22297

Tempo de execução: 60s

---------------------------

Largura da faixa = 184
Melhor altura = 1086

Lower Bound 1 = 888
Lower Bound 2 = 334
Avaliação = 1.22297

Tempo de execução: 60.0001s

---------------------------

Largura da faixa = 184
Melhor altura = 1086

Lower Bound 1 = 888
Lower Bound 2 = 334
Avaliação = 1.22297

Tempo de execução: 60s

---------------------------

Largura da faixa = 184
Melhor altura = 1086

Lower Bound 1 = 888
Lower Bound 2 = 334
Avaliação = 1.22297

Tempo de execução: 60s

---------------------------

Largura da faixa = 184
Melhor altura = 1086

Lower Bound 1 = 888
Lower Bound 2 = 334
Avaliação = 1.22297

Tempo de execução: 60s

---------------------------

Largura da faixa = 184
Melhor altura = 1086

Lower Bound 1 = 888
Lower Bound 2 = 334
Avaliação = 1.22297

Tempo de execução: 60s

---------------------------

Largura da faixa = 184
Melhor altura = 1086

Lower Bound 1 = 888
Lower Bound 2 = 334
Avaliação = 1.22297

Tempo de execução: 60s

---------------------------

Largura da faixa = 184
Melhor altura = 1086

Lower Bound 1 = 888
Lower Bound 2 = 334
Avaliação = 1.22297

Tempo de execução: 60s

---------------------------

Largura da faixa = 184
Melhor altura = 1086

Lower Bound 1 = 888
Lower Bound 2 = 334
Avaliação = 1.22297

Tempo de execução: 60s

---------------------------

Largura da faixa = 184
Melhor altura = 1086

Lower Bound 1 = 888
Lower Bound 2 = 334
Avaliação = 1.22297

Tempo de execução: 60s

---------------------------

Largura da faixa = 184
Melhor altura = 1086

Lower Bound 1 = 888
Lower Bound 2 = 334
Avaliação = 1.22297

Tempo de execução: 60s

---------------------------

Largura da faixa = 184
Melhor altura = 1086

Lower Bound 1 = 888
Lower Bound 2 = 334
Avaliação = 1.22297

Tempo de execução: 60s

---------------------------

Largura da faixa = 184
Melhor altura = 1086

Lower Bound 1 = 888
Lower Bound 2 = 334
Avaliação = 1.22297

Tempo de execução: 60s

---------------------------

Largura da faixa = 184
Melhor altura = 1086

Lower Bound 1 = 888
Lower Bound 2 = 334
Avaliação = 1.22297

Tempo de execução: 60s

---------------------------

Largura da faixa = 184
Melhor altura = 1086

Lower Bound 1 = 888
Lower Bound 2 = 334
Avaliação = 1.22297

Tempo de execução: 60s

---------------------------

Largura da faixa = 184
Melhor altura = 1086

Lower Bound 1 = 888
Lower Bound 2 = 334
Avaliação = 1.22297

Tempo de execução: 60s

---------------------------

Largura da faixa = 184
Melhor altura = 1086

Lower Bound 1 = 888
Lower Bound 2 = 334
Avaliação = 1.22297

Tempo de execução: 60.0001s

---------------------------

Largura da faixa = 184
Melhor altura = 1086

Lower Bound 1 = 888
Lower Bound 2 = 334
Avaliação = 1.22297

Tempo de execução: 60s

---------------------------

Largura da faixa = 184
Melhor altura = 1086

Lower Bound 1 = 888
Lower Bound 2 = 334
Avaliação = 1.22297

Tempo de execução: 60s

---------------------------

Largura da faixa = 184
Melhor altura = 1086

Lower Bound 1 = 888
Lower Bound 2 = 334
Avaliação = 1.22297

Tempo de execução: 60s

---------------------------

