Largura da faixa = 746
Melhor altura = 20443

Lower Bound 1 = 16785
Lower Bound 2 = 6167
Avaliação = 1.21793

Tempo de execução: 60.0003s

---------------------------

Largura da faixa = 746
Melhor altura = 20390

Lower Bound 1 = 16785
Lower Bound 2 = 6167
Avaliação = 1.21478

Tempo de execução: 60.0003s

---------------------------

Largura da faixa = 746
Melhor altura = 20390

Lower Bound 1 = 16785
Lower Bound 2 = 6167
Avaliação = 1.21478

Tempo de execução: 60.0009s

---------------------------

Largura da faixa = 746
Melhor altura = 20390

Lower Bound 1 = 16785
Lower Bound 2 = 6167
Avaliação = 1.21478

Tempo de execução: 60.0002s

---------------------------

Largura da faixa = 746
Melhor altura = 20390

Lower Bound 1 = 16785
Lower Bound 2 = 6167
Avaliação = 1.21478

Tempo de execução: 60.0004s

---------------------------

Largura da faixa = 746
Melhor altura = 20390

Lower Bound 1 = 16785
Lower Bound 2 = 6167
Avaliação = 1.21478

Tempo de execução: 60.0011s

---------------------------

Largura da faixa = 746
Melhor altura = 20390

Lower Bound 1 = 16785
Lower Bound 2 = 6167
Avaliação = 1.21478

Tempo de execução: 60.0005s

---------------------------

Largura da faixa = 746
Melhor altura = 20390

Lower Bound 1 = 16785
Lower Bound 2 = 6167
Avaliação = 1.21478

Tempo de execução: 60.0003s

---------------------------

Largura da faixa = 746
Melhor altura = 20390

Lower Bound 1 = 16785
Lower Bound 2 = 6167
Avaliação = 1.21478

Tempo de execução: 60.001s

---------------------------

Largura da faixa = 746
Melhor altura = 20390

Lower Bound 1 = 16785
Lower Bound 2 = 6167
Avaliação = 1.21478

Tempo de execução: 60.0004s

---------------------------

Largura da faixa = 746
Melhor altura = 20390

Lower Bound 1 = 16785
Lower Bound 2 = 6167
Avaliação = 1.21478

Tempo de execução: 60.0008s

---------------------------

Largura da faixa = 746
Melhor altura = 20390

Lower Bound 1 = 16785
Lower Bound 2 = 6167
Avaliação = 1.21478

Tempo de execução: 60.0021s

---------------------------

Largura da faixa = 746
Melhor altura = 20390

Lower Bound 1 = 16785
Lower Bound 2 = 6167
Avaliação = 1.21478

Tempo de execução: 60s

---------------------------

Largura da faixa = 746
Melhor altura = 20390

Lower Bound 1 = 16785
Lower Bound 2 = 6167
Avaliação = 1.21478

Tempo de execução: 60.0001s

---------------------------

Largura da faixa = 746
Melhor altura = 20390

Lower Bound 1 = 16785
Lower Bound 2 = 6167
Avaliação = 1.21478

Tempo de execução: 60.0007s

---------------------------

Largura da faixa = 746
Melhor altura = 20390

Lower Bound 1 = 16785
Lower Bound 2 = 6167
Avaliação = 1.21478

Tempo de execução: 60s

---------------------------

Largura da faixa = 746
Melhor altura = 20390

Lower Bound 1 = 16785
Lower Bound 2 = 6167
Avaliação = 1.21478

Tempo de execução: 60s

---------------------------

Largura da faixa = 746
Melhor altura = 20390

Lower Bound 1 = 16785
Lower Bound 2 = 6167
Avaliação = 1.21478

Tempo de execução: 60s

---------------------------

Largura da faixa = 746
Melhor altura = 20390

Lower Bound 1 = 16785
Lower Bound 2 = 6167
Avaliação = 1.21478

Tempo de execução: 60.0001s

---------------------------

Largura da faixa = 746
Melhor altura = 20390

Lower Bound 1 = 16785
Lower Bound 2 = 6167
Avaliação = 1.21478

Tempo de execução: 60s

---------------------------

