Largura da faixa = 1890
Melhor altura = 8535

Lower Bound 1 = 7574
Lower Bound 2 = 1890
Avaliação = 1.12688

Tempo de execução: 60s

---------------------------

Largura da faixa = 1890
Melhor altura = 8575

Lower Bound 1 = 7574
Lower Bound 2 = 1890
Avaliação = 1.13216

Tempo de execução: 60.0001s

---------------------------

Largura da faixa = 1890
Melhor altura = 8600

Lower Bound 1 = 7574
Lower Bound 2 = 1890
Avaliação = 1.13546

Tempo de execução: 60.0001s

---------------------------

Largura da faixa = 1890
Melhor altura = 8579

Lower Bound 1 = 7574
Lower Bound 2 = 1890
Avaliação = 1.13269

Tempo de execução: 60s

---------------------------

Largura da faixa = 1890
Melhor altura = 8556

Lower Bound 1 = 7574
Lower Bound 2 = 1890
Avaliação = 1.12965

Tempo de execução: 60.0004s

---------------------------

Largura da faixa = 1890
Melhor altura = 8572

Lower Bound 1 = 7574
Lower Bound 2 = 1890
Avaliação = 1.13177

Tempo de execução: 60.0006s

---------------------------

Largura da faixa = 1890
Melhor altura = 8582

Lower Bound 1 = 7574
Lower Bound 2 = 1890
Avaliação = 1.13309

Tempo de execução: 60s

---------------------------

Largura da faixa = 1890
Melhor altura = 8547

Lower Bound 1 = 7574
Lower Bound 2 = 1890
Avaliação = 1.12847

Tempo de execução: 60.0002s

---------------------------

Largura da faixa = 1890
Melhor altura = 8617

Lower Bound 1 = 7574
Lower Bound 2 = 1890
Avaliação = 1.13771

Tempo de execução: 60.0002s

---------------------------

Largura da faixa = 1890
Melhor altura = 8553

Lower Bound 1 = 7574
Lower Bound 2 = 1890
Avaliação = 1.12926

Tempo de execução: 60.0004s

---------------------------

Largura da faixa = 1890
Melhor altura = 8540

Lower Bound 1 = 7574
Lower Bound 2 = 1890
Avaliação = 1.12754

Tempo de execução: 60s

---------------------------

Largura da faixa = 1890
Melhor altura = 8565

Lower Bound 1 = 7574
Lower Bound 2 = 1890
Avaliação = 1.13084

Tempo de execução: 60.0003s

---------------------------

Largura da faixa = 1890
Melhor altura = 8589

Lower Bound 1 = 7574
Lower Bound 2 = 1890
Avaliação = 1.13401

Tempo de execução: 60.0002s

---------------------------

Largura da faixa = 1890
Melhor altura = 8595

Lower Bound 1 = 7574
Lower Bound 2 = 1890
Avaliação = 1.1348

Tempo de execução: 60s

---------------------------

Largura da faixa = 1890
Melhor altura = 8534

Lower Bound 1 = 7574
Lower Bound 2 = 1890
Avaliação = 1.12675

Tempo de execução: 60.0001s

---------------------------

Largura da faixa = 1890
Melhor altura = 8668

Lower Bound 1 = 7574
Lower Bound 2 = 1890
Avaliação = 1.14444

Tempo de execução: 60.0001s

---------------------------

Largura da faixa = 1890
Melhor altura = 8540

Lower Bound 1 = 7574
Lower Bound 2 = 1890
Avaliação = 1.12754

Tempo de execução: 60s

---------------------------

Largura da faixa = 1890
Melhor altura = 8553

Lower Bound 1 = 7574
Lower Bound 2 = 1890
Avaliação = 1.12926

Tempo de execução: 60.0001s

---------------------------

Largura da faixa = 1890
Melhor altura = 8540

Lower Bound 1 = 7574
Lower Bound 2 = 1890
Avaliação = 1.12754

Tempo de execução: 60.0004s

---------------------------

Largura da faixa = 1890
Melhor altura = 8613

Lower Bound 1 = 7574
Lower Bound 2 = 1890
Avaliação = 1.13718

Tempo de execução: 60.0006s

---------------------------

