Largura da faixa = 374
Melhor altura = 9582

Lower Bound 1 = 7501
Lower Bound 2 = 2968
Avaliação = 1.27743

Tempo de execução: 60.0002s

---------------------------

Largura da faixa = 374
Melhor altura = 9503

Lower Bound 1 = 7501
Lower Bound 2 = 2968
Avaliação = 1.2669

Tempo de execução: 60.001s

---------------------------

Largura da faixa = 374
Melhor altura = 9605

Lower Bound 1 = 7501
Lower Bound 2 = 2968
Avaliação = 1.2805

Tempo de execução: 60.001s

---------------------------

Largura da faixa = 374
Melhor altura = 9622

Lower Bound 1 = 7501
Lower Bound 2 = 2968
Avaliação = 1.28276

Tempo de execução: 60.0001s

---------------------------

Largura da faixa = 374
Melhor altura = 9635

Lower Bound 1 = 7501
Lower Bound 2 = 2968
Avaliação = 1.2845

Tempo de execução: 60.0017s

---------------------------

Largura da faixa = 374
Melhor altura = 9637

Lower Bound 1 = 7501
Lower Bound 2 = 2968
Avaliação = 1.28476

Tempo de execução: 60.0016s

---------------------------

Largura da faixa = 374
Melhor altura = 9622

Lower Bound 1 = 7501
Lower Bound 2 = 2968
Avaliação = 1.28276

Tempo de execução: 60.0007s

---------------------------

Largura da faixa = 374
Melhor altura = 9503

Lower Bound 1 = 7501
Lower Bound 2 = 2968
Avaliação = 1.2669

Tempo de execução: 60.0007s

---------------------------

Largura da faixa = 374
Melhor altura = 9622

Lower Bound 1 = 7501
Lower Bound 2 = 2968
Avaliação = 1.28276

Tempo de execução: 60.0009s

---------------------------

Largura da faixa = 374
Melhor altura = 9635

Lower Bound 1 = 7501
Lower Bound 2 = 2968
Avaliação = 1.2845

Tempo de execução: 60s

---------------------------

Largura da faixa = 374
Melhor altura = 9503

Lower Bound 1 = 7501
Lower Bound 2 = 2968
Avaliação = 1.2669

Tempo de execução: 60s

---------------------------

Largura da faixa = 374
Melhor altura = 9660

Lower Bound 1 = 7501
Lower Bound 2 = 2968
Avaliação = 1.28783

Tempo de execução: 60.001s

---------------------------

Largura da faixa = 374
Melhor altura = 9503

Lower Bound 1 = 7501
Lower Bound 2 = 2968
Avaliação = 1.2669

Tempo de execução: 60.0003s

---------------------------

Largura da faixa = 374
Melhor altura = 9503

Lower Bound 1 = 7501
Lower Bound 2 = 2968
Avaliação = 1.2669

Tempo de execução: 60.001s

---------------------------

Largura da faixa = 374
Melhor altura = 9582

Lower Bound 1 = 7501
Lower Bound 2 = 2968
Avaliação = 1.27743

Tempo de execução: 60.0018s

---------------------------

Largura da faixa = 374
Melhor altura = 9622

Lower Bound 1 = 7501
Lower Bound 2 = 2968
Avaliação = 1.28276

Tempo de execução: 60s

---------------------------

Largura da faixa = 374
Melhor altura = 9577

Lower Bound 1 = 7501
Lower Bound 2 = 2968
Avaliação = 1.27676

Tempo de execução: 60.0007s

---------------------------

Largura da faixa = 374
Melhor altura = 9622

Lower Bound 1 = 7501
Lower Bound 2 = 2968
Avaliação = 1.28276

Tempo de execução: 60.0004s

---------------------------

Largura da faixa = 374
Melhor altura = 9622

Lower Bound 1 = 7501
Lower Bound 2 = 2968
Avaliação = 1.28276

Tempo de execução: 60s

---------------------------

Largura da faixa = 374
Melhor altura = 9662

Lower Bound 1 = 7501
Lower Bound 2 = 2968
Avaliação = 1.28809

Tempo de execução: 60.0007s

---------------------------

