Largura da faixa = 742
Melhor altura = 9266

Lower Bound 1 = 7217
Lower Bound 2 = 2556
Avaliação = 1.28391

Tempo de execução: 60s

---------------------------

Largura da faixa = 742
Melhor altura = 9266

Lower Bound 1 = 7217
Lower Bound 2 = 2556
Avaliação = 1.28391

Tempo de execução: 60s

---------------------------

Largura da faixa = 742
Melhor altura = 9266

Lower Bound 1 = 7217
Lower Bound 2 = 2556
Avaliação = 1.28391

Tempo de execução: 60s

---------------------------

Largura da faixa = 742
Melhor altura = 9266

Lower Bound 1 = 7217
Lower Bound 2 = 2556
Avaliação = 1.28391

Tempo de execução: 60s

---------------------------

Largura da faixa = 742
Melhor altura = 9266

Lower Bound 1 = 7217
Lower Bound 2 = 2556
Avaliação = 1.28391

Tempo de execução: 60.0002s

---------------------------

Largura da faixa = 742
Melhor altura = 9266

Lower Bound 1 = 7217
Lower Bound 2 = 2556
Avaliação = 1.28391

Tempo de execução: 60.0001s

---------------------------

Largura da faixa = 742
Melhor altura = 9266

Lower Bound 1 = 7217
Lower Bound 2 = 2556
Avaliação = 1.28391

Tempo de execução: 60s

---------------------------

Largura da faixa = 742
Melhor altura = 9266

Lower Bound 1 = 7217
Lower Bound 2 = 2556
Avaliação = 1.28391

Tempo de execução: 60s

---------------------------

Largura da faixa = 742
Melhor altura = 9266

Lower Bound 1 = 7217
Lower Bound 2 = 2556
Avaliação = 1.28391

Tempo de execução: 60.0001s

---------------------------

Largura da faixa = 742
Melhor altura = 9266

Lower Bound 1 = 7217
Lower Bound 2 = 2556
Avaliação = 1.28391

Tempo de execução: 60.0001s

---------------------------

Largura da faixa = 742
Melhor altura = 9266

Lower Bound 1 = 7217
Lower Bound 2 = 2556
Avaliação = 1.28391

Tempo de execução: 60.0002s

---------------------------

Largura da faixa = 742
Melhor altura = 9266

Lower Bound 1 = 7217
Lower Bound 2 = 2556
Avaliação = 1.28391

Tempo de execução: 60.0001s

---------------------------

Largura da faixa = 742
Melhor altura = 9266

Lower Bound 1 = 7217
Lower Bound 2 = 2556
Avaliação = 1.28391

Tempo de execução: 60.0001s

---------------------------

Largura da faixa = 742
Melhor altura = 9266

Lower Bound 1 = 7217
Lower Bound 2 = 2556
Avaliação = 1.28391

Tempo de execução: 60.0002s

---------------------------

Largura da faixa = 742
Melhor altura = 9266

Lower Bound 1 = 7217
Lower Bound 2 = 2556
Avaliação = 1.28391

Tempo de execução: 60.0002s

---------------------------

Largura da faixa = 742
Melhor altura = 9266

Lower Bound 1 = 7217
Lower Bound 2 = 2556
Avaliação = 1.28391

Tempo de execução: 60.0001s

---------------------------

Largura da faixa = 742
Melhor altura = 9266

Lower Bound 1 = 7217
Lower Bound 2 = 2556
Avaliação = 1.28391

Tempo de execução: 60.0001s

---------------------------

Largura da faixa = 742
Melhor altura = 9266

Lower Bound 1 = 7217
Lower Bound 2 = 2556
Avaliação = 1.28391

Tempo de execução: 60s

---------------------------

Largura da faixa = 742
Melhor altura = 9266

Lower Bound 1 = 7217
Lower Bound 2 = 2556
Avaliação = 1.28391

Tempo de execução: 60s

---------------------------

Largura da faixa = 742
Melhor altura = 9266

Lower Bound 1 = 7217
Lower Bound 2 = 2556
Avaliação = 1.28391

Tempo de execução: 60.0001s

---------------------------

