Largura da faixa = 12
Melhor altura = 366

Lower Bound 1 = 335
Lower Bound 2 = 168
Avaliação = 1.09254

Tempo de execução: 60s

---------------------------

Largura da faixa = 12
Melhor altura = 366

Lower Bound 1 = 335
Lower Bound 2 = 168
Avaliação = 1.09254

Tempo de execução: 60.0003s

---------------------------

Largura da faixa = 12
Melhor altura = 367

Lower Bound 1 = 335
Lower Bound 2 = 168
Avaliação = 1.09552

Tempo de execução: 60.0002s

---------------------------

Largura da faixa = 12
Melhor altura = 370

Lower Bound 1 = 335
Lower Bound 2 = 168
Avaliação = 1.10448

Tempo de execução: 60.0001s

---------------------------

Largura da faixa = 12
Melhor altura = 364

Lower Bound 1 = 335
Lower Bound 2 = 168
Avaliação = 1.08657

Tempo de execução: 60.0004s

---------------------------

Largura da faixa = 12
Melhor altura = 362

Lower Bound 1 = 335
Lower Bound 2 = 168
Avaliação = 1.0806

Tempo de execução: 60.0006s

---------------------------

Largura da faixa = 12
Melhor altura = 368

Lower Bound 1 = 335
Lower Bound 2 = 168
Avaliação = 1.09851

Tempo de execução: 60.0001s

---------------------------

Largura da faixa = 12
Melhor altura = 365

Lower Bound 1 = 335
Lower Bound 2 = 168
Avaliação = 1.08955

Tempo de execução: 60.0001s

---------------------------

Largura da faixa = 12
Melhor altura = 366

Lower Bound 1 = 335
Lower Bound 2 = 168
Avaliação = 1.09254

Tempo de execução: 60.0001s

---------------------------

Largura da faixa = 12
Melhor altura = 366

Lower Bound 1 = 335
Lower Bound 2 = 168
Avaliação = 1.09254

Tempo de execução: 60.0003s

---------------------------

Largura da faixa = 12
Melhor altura = 365

Lower Bound 1 = 335
Lower Bound 2 = 168
Avaliação = 1.08955

Tempo de execução: 60.0005s

---------------------------

Largura da faixa = 12
Melhor altura = 360

Lower Bound 1 = 335
Lower Bound 2 = 168
Avaliação = 1.07463

Tempo de execução: 60.0003s

---------------------------

Largura da faixa = 12
Melhor altura = 367

Lower Bound 1 = 335
Lower Bound 2 = 168
Avaliação = 1.09552

Tempo de execução: 60s

---------------------------

Largura da faixa = 12
Melhor altura = 369

Lower Bound 1 = 335
Lower Bound 2 = 168
Avaliação = 1.10149

Tempo de execução: 60.0001s

---------------------------

Largura da faixa = 12
Melhor altura = 359

Lower Bound 1 = 335
Lower Bound 2 = 168
Avaliação = 1.07164

Tempo de execução: 60.0005s

---------------------------

Largura da faixa = 12
Melhor altura = 361

Lower Bound 1 = 335
Lower Bound 2 = 168
Avaliação = 1.07761

Tempo de execução: 60.0002s

---------------------------

Largura da faixa = 12
Melhor altura = 363

Lower Bound 1 = 335
Lower Bound 2 = 168
Avaliação = 1.08358

Tempo de execução: 60.0004s

---------------------------

Largura da faixa = 12
Melhor altura = 363

Lower Bound 1 = 335
Lower Bound 2 = 168
Avaliação = 1.08358

Tempo de execução: 60.0001s

---------------------------

Largura da faixa = 12
Melhor altura = 366

Lower Bound 1 = 335
Lower Bound 2 = 168
Avaliação = 1.09254

Tempo de execução: 60.0001s

---------------------------

Largura da faixa = 12
Melhor altura = 369

Lower Bound 1 = 335
Lower Bound 2 = 168
Avaliação = 1.10149

Tempo de execução: 60s

---------------------------

