Largura da faixa = 12
Melhor altura = 190

Lower Bound 1 = 174
Lower Bound 2 = 111
Avaliação = 1.09195

Tempo de execução: 60.0002s

---------------------------

Largura da faixa = 12
Melhor altura = 189

Lower Bound 1 = 174
Lower Bound 2 = 111
Avaliação = 1.08621

Tempo de execução: 60.0002s

---------------------------

Largura da faixa = 12
Melhor altura = 189

Lower Bound 1 = 174
Lower Bound 2 = 111
Avaliação = 1.08621

Tempo de execução: 60.0001s

---------------------------

Largura da faixa = 12
Melhor altura = 191

Lower Bound 1 = 174
Lower Bound 2 = 111
Avaliação = 1.0977

Tempo de execução: 60s

---------------------------

Largura da faixa = 12
Melhor altura = 191

Lower Bound 1 = 174
Lower Bound 2 = 111
Avaliação = 1.0977

Tempo de execução: 60.0001s

---------------------------

Largura da faixa = 12
Melhor altura = 191

Lower Bound 1 = 174
Lower Bound 2 = 111
Avaliação = 1.0977

Tempo de execução: 60.0001s

---------------------------

Largura da faixa = 12
Melhor altura = 190

Lower Bound 1 = 174
Lower Bound 2 = 111
Avaliação = 1.09195

Tempo de execução: 60.0002s

---------------------------

Largura da faixa = 12
Melhor altura = 190

Lower Bound 1 = 174
Lower Bound 2 = 111
Avaliação = 1.09195

Tempo de execução: 60.0003s

---------------------------

Largura da faixa = 12
Melhor altura = 189

Lower Bound 1 = 174
Lower Bound 2 = 111
Avaliação = 1.08621

Tempo de execução: 60.0006s

---------------------------

Largura da faixa = 12
Melhor altura = 192

Lower Bound 1 = 174
Lower Bound 2 = 111
Avaliação = 1.10345

Tempo de execução: 60s

---------------------------

Largura da faixa = 12
Melhor altura = 189

Lower Bound 1 = 174
Lower Bound 2 = 111
Avaliação = 1.08621

Tempo de execução: 60.0002s

---------------------------

Largura da faixa = 12
Melhor altura = 193

Lower Bound 1 = 174
Lower Bound 2 = 111
Avaliação = 1.1092

Tempo de execução: 60.0002s

---------------------------

Largura da faixa = 12
Melhor altura = 189

Lower Bound 1 = 174
Lower Bound 2 = 111
Avaliação = 1.08621

Tempo de execução: 60.0001s

---------------------------

Largura da faixa = 12
Melhor altura = 189

Lower Bound 1 = 174
Lower Bound 2 = 111
Avaliação = 1.08621

Tempo de execução: 60s

---------------------------

Largura da faixa = 12
Melhor altura = 191

Lower Bound 1 = 174
Lower Bound 2 = 111
Avaliação = 1.0977

Tempo de execução: 60.0001s

---------------------------

Largura da faixa = 12
Melhor altura = 191

Lower Bound 1 = 174
Lower Bound 2 = 111
Avaliação = 1.0977

Tempo de execução: 60.0001s

---------------------------

Largura da faixa = 12
Melhor altura = 191

Lower Bound 1 = 174
Lower Bound 2 = 111
Avaliação = 1.0977

Tempo de execução: 60s

---------------------------

Largura da faixa = 12
Melhor altura = 191

Lower Bound 1 = 174
Lower Bound 2 = 111
Avaliação = 1.0977

Tempo de execução: 60.0001s

---------------------------

Largura da faixa = 12
Melhor altura = 189

Lower Bound 1 = 174
Lower Bound 2 = 111
Avaliação = 1.08621

Tempo de execução: 60.0001s

---------------------------

Largura da faixa = 12
Melhor altura = 192

Lower Bound 1 = 174
Lower Bound 2 = 111
Avaliação = 1.10345

Tempo de execução: 60.0004s

---------------------------

