Largura da faixa = 12
Melhor altura = 66

Lower Bound 1 = 61
Lower Bound 2 = 32
Avaliação = 1.08197

Tempo de execução: 60s

---------------------------

Largura da faixa = 12
Melhor altura = 66

Lower Bound 1 = 61
Lower Bound 2 = 32
Avaliação = 1.08197

Tempo de execução: 60s

---------------------------

Largura da faixa = 12
Melhor altura = 66

Lower Bound 1 = 61
Lower Bound 2 = 32
Avaliação = 1.08197

Tempo de execução: 60.0001s

---------------------------

Largura da faixa = 12
Melhor altura = 66

Lower Bound 1 = 61
Lower Bound 2 = 32
Avaliação = 1.08197

Tempo de execução: 60s

---------------------------

Largura da faixa = 12
Melhor altura = 66

Lower Bound 1 = 61
Lower Bound 2 = 32
Avaliação = 1.08197

Tempo de execução: 60s

---------------------------

Largura da faixa = 12
Melhor altura = 66

Lower Bound 1 = 61
Lower Bound 2 = 32
Avaliação = 1.08197

Tempo de execução: 60.0001s

---------------------------

Largura da faixa = 12
Melhor altura = 66

Lower Bound 1 = 61
Lower Bound 2 = 32
Avaliação = 1.08197

Tempo de execução: 60s

---------------------------

Largura da faixa = 12
Melhor altura = 66

Lower Bound 1 = 61
Lower Bound 2 = 32
Avaliação = 1.08197

Tempo de execução: 60s

---------------------------

Largura da faixa = 12
Melhor altura = 66

Lower Bound 1 = 61
Lower Bound 2 = 32
Avaliação = 1.08197

Tempo de execução: 60s

---------------------------

Largura da faixa = 12
Melhor altura = 66

Lower Bound 1 = 61
Lower Bound 2 = 32
Avaliação = 1.08197

Tempo de execução: 60s

---------------------------

Largura da faixa = 12
Melhor altura = 66

Lower Bound 1 = 61
Lower Bound 2 = 32
Avaliação = 1.08197

Tempo de execução: 60.0001s

---------------------------

Largura da faixa = 12
Melhor altura = 66

Lower Bound 1 = 61
Lower Bound 2 = 32
Avaliação = 1.08197

Tempo de execução: 60.0001s

---------------------------

Largura da faixa = 12
Melhor altura = 66

Lower Bound 1 = 61
Lower Bound 2 = 32
Avaliação = 1.08197

Tempo de execução: 60s

---------------------------

Largura da faixa = 12
Melhor altura = 66

Lower Bound 1 = 61
Lower Bound 2 = 32
Avaliação = 1.08197

Tempo de execução: 60s

---------------------------

Largura da faixa = 12
Melhor altura = 66

Lower Bound 1 = 61
Lower Bound 2 = 32
Avaliação = 1.08197

Tempo de execução: 60s

---------------------------

Largura da faixa = 12
Melhor altura = 66

Lower Bound 1 = 61
Lower Bound 2 = 32
Avaliação = 1.08197

Tempo de execução: 60.0001s

---------------------------

Largura da faixa = 12
Melhor altura = 66

Lower Bound 1 = 61
Lower Bound 2 = 32
Avaliação = 1.08197

Tempo de execução: 60.0001s

---------------------------

Largura da faixa = 12
Melhor altura = 66

Lower Bound 1 = 61
Lower Bound 2 = 32
Avaliação = 1.08197

Tempo de execução: 60s

---------------------------

Largura da faixa = 12
Melhor altura = 66

Lower Bound 1 = 61
Lower Bound 2 = 32
Avaliação = 1.08197

Tempo de execução: 60s

---------------------------

Largura da faixa = 12
Melhor altura = 66

Lower Bound 1 = 61
Lower Bound 2 = 32
Avaliação = 1.08197

Tempo de execução: 60s

---------------------------

