Largura da faixa = 12
Melhor altura = 135

Lower Bound 1 = 118
Lower Bound 2 = 65
Avaliação = 1.14407

Tempo de execução: 60s

---------------------------

Largura da faixa = 12
Melhor altura = 135

Lower Bound 1 = 118
Lower Bound 2 = 65
Avaliação = 1.14407

Tempo de execução: 60.0001s

---------------------------

Largura da faixa = 12
Melhor altura = 135

Lower Bound 1 = 118
Lower Bound 2 = 65
Avaliação = 1.14407

Tempo de execução: 60.0001s

---------------------------

Largura da faixa = 12
Melhor altura = 135

Lower Bound 1 = 118
Lower Bound 2 = 65
Avaliação = 1.14407

Tempo de execução: 60.0001s

---------------------------

Largura da faixa = 12
Melhor altura = 135

Lower Bound 1 = 118
Lower Bound 2 = 65
Avaliação = 1.14407

Tempo de execução: 60.0001s

---------------------------

Largura da faixa = 12
Melhor altura = 135

Lower Bound 1 = 118
Lower Bound 2 = 65
Avaliação = 1.14407

Tempo de execução: 60.0001s

---------------------------

Largura da faixa = 12
Melhor altura = 135

Lower Bound 1 = 118
Lower Bound 2 = 65
Avaliação = 1.14407

Tempo de execução: 60.0001s

---------------------------

Largura da faixa = 12
Melhor altura = 135

Lower Bound 1 = 118
Lower Bound 2 = 65
Avaliação = 1.14407

Tempo de execução: 60.0002s

---------------------------

Largura da faixa = 12
Melhor altura = 135

Lower Bound 1 = 118
Lower Bound 2 = 65
Avaliação = 1.14407

Tempo de execução: 60s

---------------------------

Largura da faixa = 12
Melhor altura = 135

Lower Bound 1 = 118
Lower Bound 2 = 65
Avaliação = 1.14407

Tempo de execução: 60s

---------------------------

Largura da faixa = 12
Melhor altura = 135

Lower Bound 1 = 118
Lower Bound 2 = 65
Avaliação = 1.14407

Tempo de execução: 60.0001s

---------------------------

Largura da faixa = 12
Melhor altura = 135

Lower Bound 1 = 118
Lower Bound 2 = 65
Avaliação = 1.14407

Tempo de execução: 60s

---------------------------

Largura da faixa = 12
Melhor altura = 135

Lower Bound 1 = 118
Lower Bound 2 = 65
Avaliação = 1.14407

Tempo de execução: 60.0001s

---------------------------

Largura da faixa = 12
Melhor altura = 135

Lower Bound 1 = 118
Lower Bound 2 = 65
Avaliação = 1.14407

Tempo de execução: 60s

---------------------------

Largura da faixa = 12
Melhor altura = 135

Lower Bound 1 = 118
Lower Bound 2 = 65
Avaliação = 1.14407

Tempo de execução: 60s

---------------------------

Largura da faixa = 12
Melhor altura = 135

Lower Bound 1 = 118
Lower Bound 2 = 65
Avaliação = 1.14407

Tempo de execução: 60.0001s

---------------------------

Largura da faixa = 12
Melhor altura = 135

Lower Bound 1 = 118
Lower Bound 2 = 65
Avaliação = 1.14407

Tempo de execução: 60s

---------------------------

Largura da faixa = 12
Melhor altura = 136

Lower Bound 1 = 118
Lower Bound 2 = 65
Avaliação = 1.15254

Tempo de execução: 60.0001s

---------------------------

Largura da faixa = 12
Melhor altura = 135

Lower Bound 1 = 118
Lower Bound 2 = 65
Avaliação = 1.14407

Tempo de execução: 60s

---------------------------

Largura da faixa = 12
Melhor altura = 135

Lower Bound 1 = 118
Lower Bound 2 = 65
Avaliação = 1.14407

Tempo de execução: 60s

---------------------------

