Largura da faixa = 12
Melhor altura = 126

Lower Bound 1 = 118
Lower Bound 2 = 78
Avaliação = 1.0678

Tempo de execução: 60.0001s

---------------------------

Largura da faixa = 12
Melhor altura = 128

Lower Bound 1 = 118
Lower Bound 2 = 78
Avaliação = 1.08475

Tempo de execução: 60.0001s

---------------------------

Largura da faixa = 12
Melhor altura = 126

Lower Bound 1 = 118
Lower Bound 2 = 78
Avaliação = 1.0678

Tempo de execução: 60s

---------------------------

Largura da faixa = 12
Melhor altura = 126

Lower Bound 1 = 118
Lower Bound 2 = 78
Avaliação = 1.0678

Tempo de execução: 60.0001s

---------------------------

Largura da faixa = 12
Melhor altura = 126

Lower Bound 1 = 118
Lower Bound 2 = 78
Avaliação = 1.0678

Tempo de execução: 60s

---------------------------

Largura da faixa = 12
Melhor altura = 128

Lower Bound 1 = 118
Lower Bound 2 = 78
Avaliação = 1.08475

Tempo de execução: 60.0001s

---------------------------

Largura da faixa = 12
Melhor altura = 126

Lower Bound 1 = 118
Lower Bound 2 = 78
Avaliação = 1.0678

Tempo de execução: 60s

---------------------------

Largura da faixa = 12
Melhor altura = 126

Lower Bound 1 = 118
Lower Bound 2 = 78
Avaliação = 1.0678

Tempo de execução: 60.0001s

---------------------------

Largura da faixa = 12
Melhor altura = 126

Lower Bound 1 = 118
Lower Bound 2 = 78
Avaliação = 1.0678

Tempo de execução: 60.0001s

---------------------------

Largura da faixa = 12
Melhor altura = 126

Lower Bound 1 = 118
Lower Bound 2 = 78
Avaliação = 1.0678

Tempo de execução: 60.0001s

---------------------------

Largura da faixa = 12
Melhor altura = 127

Lower Bound 1 = 118
Lower Bound 2 = 78
Avaliação = 1.07627

Tempo de execução: 60.0002s

---------------------------

Largura da faixa = 12
Melhor altura = 130

Lower Bound 1 = 118
Lower Bound 2 = 78
Avaliação = 1.10169

Tempo de execução: 60.0002s

---------------------------

Largura da faixa = 12
Melhor altura = 126

Lower Bound 1 = 118
Lower Bound 2 = 78
Avaliação = 1.0678

Tempo de execução: 60.0002s

---------------------------

Largura da faixa = 12
Melhor altura = 126

Lower Bound 1 = 118
Lower Bound 2 = 78
Avaliação = 1.0678

Tempo de execução: 60s

---------------------------

Largura da faixa = 12
Melhor altura = 127

Lower Bound 1 = 118
Lower Bound 2 = 78
Avaliação = 1.07627

Tempo de execução: 60.0001s

---------------------------

Largura da faixa = 12
Melhor altura = 126

Lower Bound 1 = 118
Lower Bound 2 = 78
Avaliação = 1.0678

Tempo de execução: 60.0001s

---------------------------

Largura da faixa = 12
Melhor altura = 126

Lower Bound 1 = 118
Lower Bound 2 = 78
Avaliação = 1.0678

Tempo de execução: 60.0001s

---------------------------

Largura da faixa = 12
Melhor altura = 126

Lower Bound 1 = 118
Lower Bound 2 = 78
Avaliação = 1.0678

Tempo de execução: 60.0001s

---------------------------

Largura da faixa = 12
Melhor altura = 126

Lower Bound 1 = 118
Lower Bound 2 = 78
Avaliação = 1.0678

Tempo de execução: 60.0001s

---------------------------

Largura da faixa = 12
Melhor altura = 127

Lower Bound 1 = 118
Lower Bound 2 = 78
Avaliação = 1.07627

Tempo de execução: 60.0002s

---------------------------

