Largura da faixa = 12
Melhor altura = 302

Lower Bound 1 = 277
Lower Bound 2 = 140
Avaliação = 1.09025

Tempo de execução: 60s

---------------------------

Largura da faixa = 12
Melhor altura = 305

Lower Bound 1 = 277
Lower Bound 2 = 140
Avaliação = 1.10108

Tempo de execução: 60.0001s

---------------------------

Largura da faixa = 12
Melhor altura = 301

Lower Bound 1 = 277
Lower Bound 2 = 140
Avaliação = 1.08664

Tempo de execução: 60.0005s

---------------------------

Largura da faixa = 12
Melhor altura = 305

Lower Bound 1 = 277
Lower Bound 2 = 140
Avaliação = 1.10108

Tempo de execução: 60.0001s

---------------------------

Largura da faixa = 12
Melhor altura = 307

Lower Bound 1 = 277
Lower Bound 2 = 140
Avaliação = 1.1083

Tempo de execução: 60.0001s

---------------------------

Largura da faixa = 12
Melhor altura = 301

Lower Bound 1 = 277
Lower Bound 2 = 140
Avaliação = 1.08664

Tempo de execução: 60.0002s

---------------------------

Largura da faixa = 12
Melhor altura = 302

Lower Bound 1 = 277
Lower Bound 2 = 140
Avaliação = 1.09025

Tempo de execução: 60.0001s

---------------------------

Largura da faixa = 12
Melhor altura = 303

Lower Bound 1 = 277
Lower Bound 2 = 140
Avaliação = 1.09386

Tempo de execução: 60.0001s

---------------------------

Largura da faixa = 12
Melhor altura = 303

Lower Bound 1 = 277
Lower Bound 2 = 140
Avaliação = 1.09386

Tempo de execução: 60.0001s

---------------------------

Largura da faixa = 12
Melhor altura = 305

Lower Bound 1 = 277
Lower Bound 2 = 140
Avaliação = 1.10108

Tempo de execução: 60s

---------------------------

Largura da faixa = 12
Melhor altura = 304

Lower Bound 1 = 277
Lower Bound 2 = 140
Avaliação = 1.09747

Tempo de execução: 60.0001s

---------------------------

Largura da faixa = 12
Melhor altura = 304

Lower Bound 1 = 277
Lower Bound 2 = 140
Avaliação = 1.09747

Tempo de execução: 60.0003s

---------------------------

Largura da faixa = 12
Melhor altura = 302

Lower Bound 1 = 277
Lower Bound 2 = 140
Avaliação = 1.09025

Tempo de execução: 60.0001s

---------------------------

Largura da faixa = 12
Melhor altura = 303

Lower Bound 1 = 277
Lower Bound 2 = 140
Avaliação = 1.09386

Tempo de execução: 60.0001s

---------------------------

Largura da faixa = 12
Melhor altura = 303

Lower Bound 1 = 277
Lower Bound 2 = 140
Avaliação = 1.09386

Tempo de execução: 60.0001s

---------------------------

Largura da faixa = 12
Melhor altura = 299

Lower Bound 1 = 277
Lower Bound 2 = 140
Avaliação = 1.07942

Tempo de execução: 60.0002s

---------------------------

Largura da faixa = 12
Melhor altura = 303

Lower Bound 1 = 277
Lower Bound 2 = 140
Avaliação = 1.09386

Tempo de execução: 60.0006s

---------------------------

Largura da faixa = 12
Melhor altura = 305

Lower Bound 1 = 277
Lower Bound 2 = 140
Avaliação = 1.10108

Tempo de execução: 60.0003s

---------------------------

Largura da faixa = 12
Melhor altura = 304

Lower Bound 1 = 277
Lower Bound 2 = 140
Avaliação = 1.09747

Tempo de execução: 60.0004s

---------------------------

Largura da faixa = 12
Melhor altura = 308

Lower Bound 1 = 277
Lower Bound 2 = 140
Avaliação = 1.11191

Tempo de execução: 60.0004s

---------------------------

