Largura da faixa = 12
Melhor altura = 241

Lower Bound 1 = 222
Lower Bound 2 = 121
Avaliação = 1.08559

Tempo de execução: 60.0002s

---------------------------

Largura da faixa = 12
Melhor altura = 243

Lower Bound 1 = 222
Lower Bound 2 = 121
Avaliação = 1.09459

Tempo de execução: 60.0004s

---------------------------

Largura da faixa = 12
Melhor altura = 240

Lower Bound 1 = 222
Lower Bound 2 = 121
Avaliação = 1.08108

Tempo de execução: 60.0001s

---------------------------

Largura da faixa = 12
Melhor altura = 238

Lower Bound 1 = 222
Lower Bound 2 = 121
Avaliação = 1.07207

Tempo de execução: 60.0001s

---------------------------

Largura da faixa = 12
Melhor altura = 240

Lower Bound 1 = 222
Lower Bound 2 = 121
Avaliação = 1.08108

Tempo de execução: 60.0004s

---------------------------

Largura da faixa = 12
Melhor altura = 240

Lower Bound 1 = 222
Lower Bound 2 = 121
Avaliação = 1.08108

Tempo de execução: 60.0003s

---------------------------

Largura da faixa = 12
Melhor altura = 242

Lower Bound 1 = 222
Lower Bound 2 = 121
Avaliação = 1.09009

Tempo de execução: 60.0003s

---------------------------

Largura da faixa = 12
Melhor altura = 242

Lower Bound 1 = 222
Lower Bound 2 = 121
Avaliação = 1.09009

Tempo de execução: 60.0004s

---------------------------

Largura da faixa = 12
Melhor altura = 242

Lower Bound 1 = 222
Lower Bound 2 = 121
Avaliação = 1.09009

Tempo de execução: 60.0003s

---------------------------

Largura da faixa = 12
Melhor altura = 242

Lower Bound 1 = 222
Lower Bound 2 = 121
Avaliação = 1.09009

Tempo de execução: 60s

---------------------------

Largura da faixa = 12
Melhor altura = 242

Lower Bound 1 = 222
Lower Bound 2 = 121
Avaliação = 1.09009

Tempo de execução: 60.0004s

---------------------------

Largura da faixa = 12
Melhor altura = 238

Lower Bound 1 = 222
Lower Bound 2 = 121
Avaliação = 1.07207

Tempo de execução: 60.0002s

---------------------------

Largura da faixa = 12
Melhor altura = 240

Lower Bound 1 = 222
Lower Bound 2 = 121
Avaliação = 1.08108

Tempo de execução: 60s

---------------------------

Largura da faixa = 12
Melhor altura = 241

Lower Bound 1 = 222
Lower Bound 2 = 121
Avaliação = 1.08559

Tempo de execução: 60.0001s

---------------------------

Largura da faixa = 12
Melhor altura = 242

Lower Bound 1 = 222
Lower Bound 2 = 121
Avaliação = 1.09009

Tempo de execução: 60.0005s

---------------------------

Largura da faixa = 12
Melhor altura = 242

Lower Bound 1 = 222
Lower Bound 2 = 121
Avaliação = 1.09009

Tempo de execução: 60.0001s

---------------------------

Largura da faixa = 12
Melhor altura = 241

Lower Bound 1 = 222
Lower Bound 2 = 121
Avaliação = 1.08559

Tempo de execução: 60.0002s

---------------------------

Largura da faixa = 12
Melhor altura = 242

Lower Bound 1 = 222
Lower Bound 2 = 121
Avaliação = 1.09009

Tempo de execução: 60.0004s

---------------------------

Largura da faixa = 12
Melhor altura = 240

Lower Bound 1 = 222
Lower Bound 2 = 121
Avaliação = 1.08108

Tempo de execução: 60.0004s

---------------------------

Largura da faixa = 12
Melhor altura = 240

Lower Bound 1 = 222
Lower Bound 2 = 121
Avaliação = 1.08108

Tempo de execução: 60.0004s

---------------------------

