Largura da faixa = 12
Melhor altura = 467

Lower Bound 1 = 417
Lower Bound 2 = 231
Avaliação = 1.1199

Tempo de execução: 60s

---------------------------

Largura da faixa = 12
Melhor altura = 469

Lower Bound 1 = 417
Lower Bound 2 = 231
Avaliação = 1.1247

Tempo de execução: 60.0003s

---------------------------

Largura da faixa = 12
Melhor altura = 467

Lower Bound 1 = 417
Lower Bound 2 = 231
Avaliação = 1.1199

Tempo de execução: 60.0009s

---------------------------

Largura da faixa = 12
Melhor altura = 466

Lower Bound 1 = 417
Lower Bound 2 = 231
Avaliação = 1.11751

Tempo de execução: 60.0003s

---------------------------

Largura da faixa = 12
Melhor altura = 470

Lower Bound 1 = 417
Lower Bound 2 = 231
Avaliação = 1.1271

Tempo de execução: 60.0006s

---------------------------

Largura da faixa = 12
Melhor altura = 466

Lower Bound 1 = 417
Lower Bound 2 = 231
Avaliação = 1.11751

Tempo de execução: 60.0004s

---------------------------

Largura da faixa = 12
Melhor altura = 470

Lower Bound 1 = 417
Lower Bound 2 = 231
Avaliação = 1.1271

Tempo de execução: 60.0001s

---------------------------

Largura da faixa = 12
Melhor altura = 469

Lower Bound 1 = 417
Lower Bound 2 = 231
Avaliação = 1.1247

Tempo de execução: 60.0002s

---------------------------

Largura da faixa = 12
Melhor altura = 470

Lower Bound 1 = 417
Lower Bound 2 = 231
Avaliação = 1.1271

Tempo de execução: 60.001s

---------------------------

Largura da faixa = 12
Melhor altura = 466

Lower Bound 1 = 417
Lower Bound 2 = 231
Avaliação = 1.11751

Tempo de execução: 60.0004s

---------------------------

Largura da faixa = 12
Melhor altura = 472

Lower Bound 1 = 417
Lower Bound 2 = 231
Avaliação = 1.13189

Tempo de execução: 60.0004s

---------------------------

Largura da faixa = 12
Melhor altura = 471

Lower Bound 1 = 417
Lower Bound 2 = 231
Avaliação = 1.1295

Tempo de execução: 60.001s

---------------------------

Largura da faixa = 12
Melhor altura = 471

Lower Bound 1 = 417
Lower Bound 2 = 231
Avaliação = 1.1295

Tempo de execução: 60.0004s

---------------------------

Largura da faixa = 12
Melhor altura = 469

Lower Bound 1 = 417
Lower Bound 2 = 231
Avaliação = 1.1247

Tempo de execução: 60.0001s

---------------------------

Largura da faixa = 12
Melhor altura = 467

Lower Bound 1 = 417
Lower Bound 2 = 231
Avaliação = 1.1199

Tempo de execução: 60.0008s

---------------------------

Largura da faixa = 12
Melhor altura = 465

Lower Bound 1 = 417
Lower Bound 2 = 231
Avaliação = 1.11511

Tempo de execução: 60.0005s

---------------------------

Largura da faixa = 12
Melhor altura = 469

Lower Bound 1 = 417
Lower Bound 2 = 231
Avaliação = 1.1247

Tempo de execução: 60.0001s

---------------------------

Largura da faixa = 12
Melhor altura = 470

Lower Bound 1 = 417
Lower Bound 2 = 231
Avaliação = 1.1271

Tempo de execução: 60.0004s

---------------------------

Largura da faixa = 12
Melhor altura = 461

Lower Bound 1 = 417
Lower Bound 2 = 231
Avaliação = 1.10552

Tempo de execução: 60.0008s

---------------------------

Largura da faixa = 12
Melhor altura = 464

Lower Bound 1 = 417
Lower Bound 2 = 231
Avaliação = 1.11271

Tempo de execução: 60.0006s

---------------------------

