Largura da faixa = 12
Melhor altura = 239

Lower Bound 1 = 222
Lower Bound 2 = 116
Avaliação = 1.07658

Tempo de execução: 60.0001s

---------------------------

Largura da faixa = 12
Melhor altura = 240

Lower Bound 1 = 222
Lower Bound 2 = 116
Avaliação = 1.08108

Tempo de execução: 60.0003s

---------------------------

Largura da faixa = 12
Melhor altura = 238

Lower Bound 1 = 222
Lower Bound 2 = 116
Avaliação = 1.07207

Tempo de execução: 60.0003s

---------------------------

Largura da faixa = 12
Melhor altura = 240

Lower Bound 1 = 222
Lower Bound 2 = 116
Avaliação = 1.08108

Tempo de execução: 60.0001s

---------------------------

Largura da faixa = 12
Melhor altura = 240

Lower Bound 1 = 222
Lower Bound 2 = 116
Avaliação = 1.08108

Tempo de execução: 60.0002s

---------------------------

Largura da faixa = 12
Melhor altura = 239

Lower Bound 1 = 222
Lower Bound 2 = 116
Avaliação = 1.07658

Tempo de execução: 60s

---------------------------

Largura da faixa = 12
Melhor altura = 241

Lower Bound 1 = 222
Lower Bound 2 = 116
Avaliação = 1.08559

Tempo de execução: 60.0001s

---------------------------

Largura da faixa = 12
Melhor altura = 240

Lower Bound 1 = 222
Lower Bound 2 = 116
Avaliação = 1.08108

Tempo de execução: 60s

---------------------------

Largura da faixa = 12
Melhor altura = 241

Lower Bound 1 = 222
Lower Bound 2 = 116
Avaliação = 1.08559

Tempo de execução: 60s

---------------------------

Largura da faixa = 12
Melhor altura = 238

Lower Bound 1 = 222
Lower Bound 2 = 116
Avaliação = 1.07207

Tempo de execução: 60s

---------------------------

Largura da faixa = 12
Melhor altura = 237

Lower Bound 1 = 222
Lower Bound 2 = 116
Avaliação = 1.06757

Tempo de execução: 60s

---------------------------

Largura da faixa = 12
Melhor altura = 241

Lower Bound 1 = 222
Lower Bound 2 = 116
Avaliação = 1.08559

Tempo de execução: 60.0004s

---------------------------

Largura da faixa = 12
Melhor altura = 241

Lower Bound 1 = 222
Lower Bound 2 = 116
Avaliação = 1.08559

Tempo de execução: 60.0001s

---------------------------

Largura da faixa = 12
Melhor altura = 240

Lower Bound 1 = 222
Lower Bound 2 = 116
Avaliação = 1.08108

Tempo de execução: 60.0003s

---------------------------

Largura da faixa = 12
Melhor altura = 238

Lower Bound 1 = 222
Lower Bound 2 = 116
Avaliação = 1.07207

Tempo de execução: 60.0006s

---------------------------

Largura da faixa = 12
Melhor altura = 235

Lower Bound 1 = 222
Lower Bound 2 = 116
Avaliação = 1.05856

Tempo de execução: 60s

---------------------------

Largura da faixa = 12
Melhor altura = 242

Lower Bound 1 = 222
Lower Bound 2 = 116
Avaliação = 1.09009

Tempo de execução: 60s

---------------------------

Largura da faixa = 12
Melhor altura = 239

Lower Bound 1 = 222
Lower Bound 2 = 116
Avaliação = 1.07658

Tempo de execução: 60s

---------------------------

Largura da faixa = 12
Melhor altura = 238

Lower Bound 1 = 222
Lower Bound 2 = 116
Avaliação = 1.07207

Tempo de execução: 60.0001s

---------------------------

Largura da faixa = 12
Melhor altura = 239

Lower Bound 1 = 222
Lower Bound 2 = 116
Avaliação = 1.07658

Tempo de execução: 60.0003s

---------------------------

