Largura da faixa = 43
Melhor altura = 1307

Lower Bound 1 = 1034
Lower Bound 2 = 871
Avaliação = 1.26402

Tempo de execução: 60s

---------------------------

Largura da faixa = 43
Melhor altura = 1308

Lower Bound 1 = 1034
Lower Bound 2 = 871
Avaliação = 1.26499

Tempo de execução: 60s

---------------------------

Largura da faixa = 43
Melhor altura = 1306

Lower Bound 1 = 1034
Lower Bound 2 = 871
Avaliação = 1.26306

Tempo de execução: 60.0001s

---------------------------

Largura da faixa = 43
Melhor altura = 1306

Lower Bound 1 = 1034
Lower Bound 2 = 871
Avaliação = 1.26306

Tempo de execução: 60.0001s

---------------------------

Largura da faixa = 43
Melhor altura = 1306

Lower Bound 1 = 1034
Lower Bound 2 = 871
Avaliação = 1.26306

Tempo de execução: 60.0002s

---------------------------

Largura da faixa = 43
Melhor altura = 1306

Lower Bound 1 = 1034
Lower Bound 2 = 871
Avaliação = 1.26306

Tempo de execução: 60.0005s

---------------------------

Largura da faixa = 43
Melhor altura = 1307

Lower Bound 1 = 1034
Lower Bound 2 = 871
Avaliação = 1.26402

Tempo de execução: 60.0001s

---------------------------

Largura da faixa = 43
Melhor altura = 1306

Lower Bound 1 = 1034
Lower Bound 2 = 871
Avaliação = 1.26306

Tempo de execução: 60.0002s

---------------------------

Largura da faixa = 43
Melhor altura = 1306

Lower Bound 1 = 1034
Lower Bound 2 = 871
Avaliação = 1.26306

Tempo de execução: 60s

---------------------------

Largura da faixa = 43
Melhor altura = 1307

Lower Bound 1 = 1034
Lower Bound 2 = 871
Avaliação = 1.26402

Tempo de execução: 60s

---------------------------

Largura da faixa = 43
Melhor altura = 1305

Lower Bound 1 = 1034
Lower Bound 2 = 871
Avaliação = 1.26209

Tempo de execução: 60.0005s

---------------------------

Largura da faixa = 43
Melhor altura = 1306

Lower Bound 1 = 1034
Lower Bound 2 = 871
Avaliação = 1.26306

Tempo de execução: 60.0006s

---------------------------

Largura da faixa = 43
Melhor altura = 1304

Lower Bound 1 = 1034
Lower Bound 2 = 871
Avaliação = 1.26112

Tempo de execução: 60.0002s

---------------------------

Largura da faixa = 43
Melhor altura = 1306

Lower Bound 1 = 1034
Lower Bound 2 = 871
Avaliação = 1.26306

Tempo de execução: 60.0003s

---------------------------

Largura da faixa = 43
Melhor altura = 1306

Lower Bound 1 = 1034
Lower Bound 2 = 871
Avaliação = 1.26306

Tempo de execução: 60.0004s

---------------------------

Largura da faixa = 43
Melhor altura = 1306

Lower Bound 1 = 1034
Lower Bound 2 = 871
Avaliação = 1.26306

Tempo de execução: 60.0001s

---------------------------

Largura da faixa = 43
Melhor altura = 1306

Lower Bound 1 = 1034
Lower Bound 2 = 871
Avaliação = 1.26306

Tempo de execução: 60.0003s

---------------------------

Largura da faixa = 43
Melhor altura = 1311

Lower Bound 1 = 1034
Lower Bound 2 = 871
Avaliação = 1.26789

Tempo de execução: 60.0002s

---------------------------

Largura da faixa = 43
Melhor altura = 1306

Lower Bound 1 = 1034
Lower Bound 2 = 871
Avaliação = 1.26306

Tempo de execução: 60s

---------------------------

Largura da faixa = 43
Melhor altura = 1306

Lower Bound 1 = 1034
Lower Bound 2 = 871
Avaliação = 1.26306

Tempo de execução: 60.0003s

---------------------------

