Largura da faixa = 35
Melhor altura = 160

Lower Bound 1 = 124
Lower Bound 2 = 116
Avaliação = 1.29032

Tempo de execução: 60s

---------------------------

Largura da faixa = 35
Melhor altura = 160

Lower Bound 1 = 124
Lower Bound 2 = 116
Avaliação = 1.29032

Tempo de execução: 60.0002s

---------------------------

Largura da faixa = 35
Melhor altura = 160

Lower Bound 1 = 124
Lower Bound 2 = 116
Avaliação = 1.29032

Tempo de execução: 60.0003s

---------------------------

Largura da faixa = 35
Melhor altura = 160

Lower Bound 1 = 124
Lower Bound 2 = 116
Avaliação = 1.29032

Tempo de execução: 60.0001s

---------------------------

Largura da faixa = 35
Melhor altura = 160

Lower Bound 1 = 124
Lower Bound 2 = 116
Avaliação = 1.29032

Tempo de execução: 60s

---------------------------

Largura da faixa = 35
Melhor altura = 160

Lower Bound 1 = 124
Lower Bound 2 = 116
Avaliação = 1.29032

Tempo de execução: 60s

---------------------------

Largura da faixa = 35
Melhor altura = 160

Lower Bound 1 = 124
Lower Bound 2 = 116
Avaliação = 1.29032

Tempo de execução: 60s

---------------------------

Largura da faixa = 35
Melhor altura = 160

Lower Bound 1 = 124
Lower Bound 2 = 116
Avaliação = 1.29032

Tempo de execução: 60s

---------------------------

Largura da faixa = 35
Melhor altura = 160

Lower Bound 1 = 124
Lower Bound 2 = 116
Avaliação = 1.29032

Tempo de execução: 60s

---------------------------

Largura da faixa = 35
Melhor altura = 160

Lower Bound 1 = 124
Lower Bound 2 = 116
Avaliação = 1.29032

Tempo de execução: 60s

---------------------------

Largura da faixa = 35
Melhor altura = 160

Lower Bound 1 = 124
Lower Bound 2 = 116
Avaliação = 1.29032

Tempo de execução: 60s

---------------------------

Largura da faixa = 35
Melhor altura = 160

Lower Bound 1 = 124
Lower Bound 2 = 116
Avaliação = 1.29032

Tempo de execução: 60s

---------------------------

Largura da faixa = 35
Melhor altura = 160

Lower Bound 1 = 124
Lower Bound 2 = 116
Avaliação = 1.29032

Tempo de execução: 60s

---------------------------

Largura da faixa = 35
Melhor altura = 160

Lower Bound 1 = 124
Lower Bound 2 = 116
Avaliação = 1.29032

Tempo de execução: 60.0001s

---------------------------

Largura da faixa = 35
Melhor altura = 160

Lower Bound 1 = 124
Lower Bound 2 = 116
Avaliação = 1.29032

Tempo de execução: 60s

---------------------------

Largura da faixa = 35
Melhor altura = 160

Lower Bound 1 = 124
Lower Bound 2 = 116
Avaliação = 1.29032

Tempo de execução: 60s

---------------------------

Largura da faixa = 35
Melhor altura = 160

Lower Bound 1 = 124
Lower Bound 2 = 116
Avaliação = 1.29032

Tempo de execução: 60.0001s

---------------------------

Largura da faixa = 35
Melhor altura = 160

Lower Bound 1 = 124
Lower Bound 2 = 116
Avaliação = 1.29032

Tempo de execução: 60.0001s

---------------------------

Largura da faixa = 35
Melhor altura = 160

Lower Bound 1 = 124
Lower Bound 2 = 116
Avaliação = 1.29032

Tempo de execução: 60s

---------------------------

Largura da faixa = 35
Melhor altura = 160

Lower Bound 1 = 124
Lower Bound 2 = 116
Avaliação = 1.29032

Tempo de execução: 60.0001s

---------------------------

