Largura da faixa = 8
Melhor altura = 32

Lower Bound 1 = 28
Lower Bound 2 = 19
Avaliação = 1.14286

Tempo de execução: 60s

---------------------------

Largura da faixa = 8
Melhor altura = 32

Lower Bound 1 = 28
Lower Bound 2 = 19
Avaliação = 1.14286

Tempo de execução: 60s

---------------------------

Largura da faixa = 8
Melhor altura = 32

Lower Bound 1 = 28
Lower Bound 2 = 19
Avaliação = 1.14286

Tempo de execução: 60s

---------------------------

Largura da faixa = 8
Melhor altura = 32

Lower Bound 1 = 28
Lower Bound 2 = 19
Avaliação = 1.14286

Tempo de execução: 60s

---------------------------

Largura da faixa = 8
Melhor altura = 32

Lower Bound 1 = 28
Lower Bound 2 = 19
Avaliação = 1.14286

Tempo de execução: 60s

---------------------------

Largura da faixa = 8
Melhor altura = 32

Lower Bound 1 = 28
Lower Bound 2 = 19
Avaliação = 1.14286

Tempo de execução: 60s

---------------------------

Largura da faixa = 8
Melhor altura = 32

Lower Bound 1 = 28
Lower Bound 2 = 19
Avaliação = 1.14286

Tempo de execução: 60s

---------------------------

Largura da faixa = 8
Melhor altura = 32

Lower Bound 1 = 28
Lower Bound 2 = 19
Avaliação = 1.14286

Tempo de execução: 60s

---------------------------

Largura da faixa = 8
Melhor altura = 32

Lower Bound 1 = 28
Lower Bound 2 = 19
Avaliação = 1.14286

Tempo de execução: 60s

---------------------------

Largura da faixa = 8
Melhor altura = 32

Lower Bound 1 = 28
Lower Bound 2 = 19
Avaliação = 1.14286

Tempo de execução: 60s

---------------------------

Largura da faixa = 8
Melhor altura = 32

Lower Bound 1 = 28
Lower Bound 2 = 19
Avaliação = 1.14286

Tempo de execução: 60.0001s

---------------------------

Largura da faixa = 8
Melhor altura = 32

Lower Bound 1 = 28
Lower Bound 2 = 19
Avaliação = 1.14286

Tempo de execução: 60.0001s

---------------------------

Largura da faixa = 8
Melhor altura = 32

Lower Bound 1 = 28
Lower Bound 2 = 19
Avaliação = 1.14286

Tempo de execução: 60s

---------------------------

Largura da faixa = 8
Melhor altura = 32

Lower Bound 1 = 28
Lower Bound 2 = 19
Avaliação = 1.14286

Tempo de execução: 60s

---------------------------

Largura da faixa = 8
Melhor altura = 32

Lower Bound 1 = 28
Lower Bound 2 = 19
Avaliação = 1.14286

Tempo de execução: 60.0001s

---------------------------

Largura da faixa = 8
Melhor altura = 32

Lower Bound 1 = 28
Lower Bound 2 = 19
Avaliação = 1.14286

Tempo de execução: 60s

---------------------------

Largura da faixa = 8
Melhor altura = 32

Lower Bound 1 = 28
Lower Bound 2 = 19
Avaliação = 1.14286

Tempo de execução: 60s

---------------------------

Largura da faixa = 8
Melhor altura = 32

Lower Bound 1 = 28
Lower Bound 2 = 19
Avaliação = 1.14286

Tempo de execução: 60s

---------------------------

Largura da faixa = 8
Melhor altura = 32

Lower Bound 1 = 28
Lower Bound 2 = 19
Avaliação = 1.14286

Tempo de execução: 60s

---------------------------

Largura da faixa = 8
Melhor altura = 32

Lower Bound 1 = 28
Lower Bound 2 = 19
Avaliação = 1.14286

Tempo de execução: 60.0001s

---------------------------

