Largura da faixa = 12
Melhor altura = 206

Lower Bound 1 = 174
Lower Bound 2 = 157
Avaliação = 1.18391

Tempo de execução: 60.0001s

---------------------------

Largura da faixa = 12
Melhor altura = 206

Lower Bound 1 = 174
Lower Bound 2 = 157
Avaliação = 1.18391

Tempo de execução: 60.0001s

---------------------------

Largura da faixa = 12
Melhor altura = 206

Lower Bound 1 = 174
Lower Bound 2 = 157
Avaliação = 1.18391

Tempo de execução: 60.0003s

---------------------------

Largura da faixa = 12
Melhor altura = 206

Lower Bound 1 = 174
Lower Bound 2 = 157
Avaliação = 1.18391

Tempo de execução: 60.0001s

---------------------------

Largura da faixa = 12
Melhor altura = 206

Lower Bound 1 = 174
Lower Bound 2 = 157
Avaliação = 1.18391

Tempo de execução: 60.0002s

---------------------------

Largura da faixa = 12
Melhor altura = 206

Lower Bound 1 = 174
Lower Bound 2 = 157
Avaliação = 1.18391

Tempo de execução: 60s

---------------------------

Largura da faixa = 12
Melhor altura = 206

Lower Bound 1 = 174
Lower Bound 2 = 157
Avaliação = 1.18391

Tempo de execução: 60s

---------------------------

Largura da faixa = 12
Melhor altura = 206

Lower Bound 1 = 174
Lower Bound 2 = 157
Avaliação = 1.18391

Tempo de execução: 60.0001s

---------------------------

Largura da faixa = 12
Melhor altura = 205

Lower Bound 1 = 174
Lower Bound 2 = 157
Avaliação = 1.17816

Tempo de execução: 60.0001s

---------------------------

Largura da faixa = 12
Melhor altura = 206

Lower Bound 1 = 174
Lower Bound 2 = 157
Avaliação = 1.18391

Tempo de execução: 60.0003s

---------------------------

Largura da faixa = 12
Melhor altura = 206

Lower Bound 1 = 174
Lower Bound 2 = 157
Avaliação = 1.18391

Tempo de execução: 60s

---------------------------

Largura da faixa = 12
Melhor altura = 206

Lower Bound 1 = 174
Lower Bound 2 = 157
Avaliação = 1.18391

Tempo de execução: 60.0002s

---------------------------

Largura da faixa = 12
Melhor altura = 206

Lower Bound 1 = 174
Lower Bound 2 = 157
Avaliação = 1.18391

Tempo de execução: 60.0001s

---------------------------

Largura da faixa = 12
Melhor altura = 206

Lower Bound 1 = 174
Lower Bound 2 = 157
Avaliação = 1.18391

Tempo de execução: 60s

---------------------------

Largura da faixa = 12
Melhor altura = 206

Lower Bound 1 = 174
Lower Bound 2 = 157
Avaliação = 1.18391

Tempo de execução: 60.0001s

---------------------------

Largura da faixa = 12
Melhor altura = 206

Lower Bound 1 = 174
Lower Bound 2 = 157
Avaliação = 1.18391

Tempo de execução: 60.0001s

---------------------------

Largura da faixa = 12
Melhor altura = 205

Lower Bound 1 = 174
Lower Bound 2 = 157
Avaliação = 1.17816

Tempo de execução: 60s

---------------------------

Largura da faixa = 12
Melhor altura = 206

Lower Bound 1 = 174
Lower Bound 2 = 157
Avaliação = 1.18391

Tempo de execução: 60.0001s

---------------------------

Largura da faixa = 12
Melhor altura = 204

Lower Bound 1 = 174
Lower Bound 2 = 157
Avaliação = 1.17241

Tempo de execução: 60s

---------------------------

Largura da faixa = 12
Melhor altura = 206

Lower Bound 1 = 174
Lower Bound 2 = 157
Avaliação = 1.18391

Tempo de execução: 60.0002s

---------------------------

