Largura da faixa = 12
Melhor altura = 70

Lower Bound 1 = 61
Lower Bound 2 = 63
Avaliação = 1.11111

Tempo de execução: 60s

---------------------------

Largura da faixa = 12
Melhor altura = 70

Lower Bound 1 = 61
Lower Bound 2 = 63
Avaliação = 1.11111

Tempo de execução: 60.0001s

---------------------------

Largura da faixa = 12
Melhor altura = 70

Lower Bound 1 = 61
Lower Bound 2 = 63
Avaliação = 1.11111

Tempo de execução: 60s

---------------------------

Largura da faixa = 12
Melhor altura = 70

Lower Bound 1 = 61
Lower Bound 2 = 63
Avaliação = 1.11111

Tempo de execução: 60s

---------------------------

Largura da faixa = 12
Melhor altura = 70

Lower Bound 1 = 61
Lower Bound 2 = 63
Avaliação = 1.11111

Tempo de execução: 60s

---------------------------

Largura da faixa = 12
Melhor altura = 70

Lower Bound 1 = 61
Lower Bound 2 = 63
Avaliação = 1.11111

Tempo de execução: 60s

---------------------------

Largura da faixa = 12
Melhor altura = 70

Lower Bound 1 = 61
Lower Bound 2 = 63
Avaliação = 1.11111

Tempo de execução: 60s

---------------------------

Largura da faixa = 12
Melhor altura = 70

Lower Bound 1 = 61
Lower Bound 2 = 63
Avaliação = 1.11111

Tempo de execução: 60s

---------------------------

Largura da faixa = 12
Melhor altura = 70

Lower Bound 1 = 61
Lower Bound 2 = 63
Avaliação = 1.11111

Tempo de execução: 60s

---------------------------

Largura da faixa = 12
Melhor altura = 70

Lower Bound 1 = 61
Lower Bound 2 = 63
Avaliação = 1.11111

Tempo de execução: 60s

---------------------------

Largura da faixa = 12
Melhor altura = 70

Lower Bound 1 = 61
Lower Bound 2 = 63
Avaliação = 1.11111

Tempo de execução: 60s

---------------------------

Largura da faixa = 12
Melhor altura = 70

Lower Bound 1 = 61
Lower Bound 2 = 63
Avaliação = 1.11111

Tempo de execução: 60s

---------------------------

Largura da faixa = 12
Melhor altura = 70

Lower Bound 1 = 61
Lower Bound 2 = 63
Avaliação = 1.11111

Tempo de execução: 60s

---------------------------

Largura da faixa = 12
Melhor altura = 70

Lower Bound 1 = 61
Lower Bound 2 = 63
Avaliação = 1.11111

Tempo de execução: 60s

---------------------------

Largura da faixa = 12
Melhor altura = 70

Lower Bound 1 = 61
Lower Bound 2 = 63
Avaliação = 1.11111

Tempo de execução: 60s

---------------------------

Largura da faixa = 12
Melhor altura = 70

Lower Bound 1 = 61
Lower Bound 2 = 63
Avaliação = 1.11111

Tempo de execução: 60s

---------------------------

Largura da faixa = 12
Melhor altura = 70

Lower Bound 1 = 61
Lower Bound 2 = 63
Avaliação = 1.11111

Tempo de execução: 60s

---------------------------

Largura da faixa = 12
Melhor altura = 70

Lower Bound 1 = 61
Lower Bound 2 = 63
Avaliação = 1.11111

Tempo de execução: 60s

---------------------------

Largura da faixa = 12
Melhor altura = 70

Lower Bound 1 = 61
Lower Bound 2 = 63
Avaliação = 1.11111

Tempo de execução: 60s

---------------------------

Largura da faixa = 12
Melhor altura = 70

Lower Bound 1 = 61
Lower Bound 2 = 63
Avaliação = 1.11111

Tempo de execução: 60s

---------------------------

