Largura da faixa = 12
Melhor altura = 136

Lower Bound 1 = 118
Lower Bound 2 = 88
Avaliação = 1.15254

Tempo de execução: 60.0001s

---------------------------

Largura da faixa = 12
Melhor altura = 137

Lower Bound 1 = 118
Lower Bound 2 = 88
Avaliação = 1.16102

Tempo de execução: 60s

---------------------------

Largura da faixa = 12
Melhor altura = 138

Lower Bound 1 = 118
Lower Bound 2 = 88
Avaliação = 1.16949

Tempo de execução: 60.0001s

---------------------------

Largura da faixa = 12
Melhor altura = 137

Lower Bound 1 = 118
Lower Bound 2 = 88
Avaliação = 1.16102

Tempo de execução: 60.0001s

---------------------------

Largura da faixa = 12
Melhor altura = 138

Lower Bound 1 = 118
Lower Bound 2 = 88
Avaliação = 1.16949

Tempo de execução: 60s

---------------------------

Largura da faixa = 12
Melhor altura = 137

Lower Bound 1 = 118
Lower Bound 2 = 88
Avaliação = 1.16102

Tempo de execução: 60.0001s

---------------------------

Largura da faixa = 12
Melhor altura = 137

Lower Bound 1 = 118
Lower Bound 2 = 88
Avaliação = 1.16102

Tempo de execução: 60s

---------------------------

Largura da faixa = 12
Melhor altura = 137

Lower Bound 1 = 118
Lower Bound 2 = 88
Avaliação = 1.16102

Tempo de execução: 60.0002s

---------------------------

Largura da faixa = 12
Melhor altura = 138

Lower Bound 1 = 118
Lower Bound 2 = 88
Avaliação = 1.16949

Tempo de execução: 60.0002s

---------------------------

Largura da faixa = 12
Melhor altura = 137

Lower Bound 1 = 118
Lower Bound 2 = 88
Avaliação = 1.16102

Tempo de execução: 60s

---------------------------

Largura da faixa = 12
Melhor altura = 138

Lower Bound 1 = 118
Lower Bound 2 = 88
Avaliação = 1.16949

Tempo de execução: 60s

---------------------------

Largura da faixa = 12
Melhor altura = 137

Lower Bound 1 = 118
Lower Bound 2 = 88
Avaliação = 1.16102

Tempo de execução: 60s

---------------------------

Largura da faixa = 12
Melhor altura = 138

Lower Bound 1 = 118
Lower Bound 2 = 88
Avaliação = 1.16949

Tempo de execução: 60s

---------------------------

Largura da faixa = 12
Melhor altura = 138

Lower Bound 1 = 118
Lower Bound 2 = 88
Avaliação = 1.16949

Tempo de execução: 60s

---------------------------

Largura da faixa = 12
Melhor altura = 138

Lower Bound 1 = 118
Lower Bound 2 = 88
Avaliação = 1.16949

Tempo de execução: 60.0001s

---------------------------

Largura da faixa = 12
Melhor altura = 137

Lower Bound 1 = 118
Lower Bound 2 = 88
Avaliação = 1.16102

Tempo de execução: 60s

---------------------------

Largura da faixa = 12
Melhor altura = 136

Lower Bound 1 = 118
Lower Bound 2 = 88
Avaliação = 1.15254

Tempo de execução: 60s

---------------------------

Largura da faixa = 12
Melhor altura = 138

Lower Bound 1 = 118
Lower Bound 2 = 88
Avaliação = 1.16949

Tempo de execução: 60.0001s

---------------------------

Largura da faixa = 12
Melhor altura = 138

Lower Bound 1 = 118
Lower Bound 2 = 88
Avaliação = 1.16949

Tempo de execução: 60.0003s

---------------------------

Largura da faixa = 12
Melhor altura = 138

Lower Bound 1 = 118
Lower Bound 2 = 88
Avaliação = 1.16949

Tempo de execução: 60.0002s

---------------------------

