Largura da faixa = 12
Melhor altura = 251

Lower Bound 1 = 222
Lower Bound 2 = 186
Avaliação = 1.13063

Tempo de execução: 60.0001s

---------------------------

Largura da faixa = 12
Melhor altura = 252

Lower Bound 1 = 222
Lower Bound 2 = 186
Avaliação = 1.13514

Tempo de execução: 60.0002s

---------------------------

Largura da faixa = 12
Melhor altura = 251

Lower Bound 1 = 222
Lower Bound 2 = 186
Avaliação = 1.13063

Tempo de execução: 60s

---------------------------

Largura da faixa = 12
Melhor altura = 249

Lower Bound 1 = 222
Lower Bound 2 = 186
Avaliação = 1.12162

Tempo de execução: 60s

---------------------------

Largura da faixa = 12
Melhor altura = 251

Lower Bound 1 = 222
Lower Bound 2 = 186
Avaliação = 1.13063

Tempo de execução: 60.0002s

---------------------------

Largura da faixa = 12
Melhor altura = 251

Lower Bound 1 = 222
Lower Bound 2 = 186
Avaliação = 1.13063

Tempo de execução: 60s

---------------------------

Largura da faixa = 12
Melhor altura = 251

Lower Bound 1 = 222
Lower Bound 2 = 186
Avaliação = 1.13063

Tempo de execução: 60.0001s

---------------------------

Largura da faixa = 12
Melhor altura = 251

Lower Bound 1 = 222
Lower Bound 2 = 186
Avaliação = 1.13063

Tempo de execução: 60.0001s

---------------------------

Largura da faixa = 12
Melhor altura = 251

Lower Bound 1 = 222
Lower Bound 2 = 186
Avaliação = 1.13063

Tempo de execução: 60s

---------------------------

Largura da faixa = 12
Melhor altura = 249

Lower Bound 1 = 222
Lower Bound 2 = 186
Avaliação = 1.12162

Tempo de execução: 60.0001s

---------------------------

Largura da faixa = 12
Melhor altura = 251

Lower Bound 1 = 222
Lower Bound 2 = 186
Avaliação = 1.13063

Tempo de execução: 60.0002s

---------------------------

Largura da faixa = 12
Melhor altura = 248

Lower Bound 1 = 222
Lower Bound 2 = 186
Avaliação = 1.11712

Tempo de execução: 60.0005s

---------------------------

Largura da faixa = 12
Melhor altura = 252

Lower Bound 1 = 222
Lower Bound 2 = 186
Avaliação = 1.13514

Tempo de execução: 60s

---------------------------

Largura da faixa = 12
Melhor altura = 250

Lower Bound 1 = 222
Lower Bound 2 = 186
Avaliação = 1.12613

Tempo de execução: 60.0003s

---------------------------

Largura da faixa = 12
Melhor altura = 249

Lower Bound 1 = 222
Lower Bound 2 = 186
Avaliação = 1.12162

Tempo de execução: 60.0004s

---------------------------

Largura da faixa = 12
Melhor altura = 249

Lower Bound 1 = 222
Lower Bound 2 = 186
Avaliação = 1.12162

Tempo de execução: 60.0001s

---------------------------

Largura da faixa = 12
Melhor altura = 251

Lower Bound 1 = 222
Lower Bound 2 = 186
Avaliação = 1.13063

Tempo de execução: 60s

---------------------------

Largura da faixa = 12
Melhor altura = 251

Lower Bound 1 = 222
Lower Bound 2 = 186
Avaliação = 1.13063

Tempo de execução: 60.0001s

---------------------------

Largura da faixa = 12
Melhor altura = 251

Lower Bound 1 = 222
Lower Bound 2 = 186
Avaliação = 1.13063

Tempo de execução: 60.0002s

---------------------------

Largura da faixa = 12
Melhor altura = 250

Lower Bound 1 = 222
Lower Bound 2 = 186
Avaliação = 1.12613

Tempo de execução: 60.0002s

---------------------------

