Largura da faixa = 12
Melhor altura = 378

Lower Bound 1 = 335
Lower Bound 2 = 276
Avaliação = 1.12836

Tempo de execução: 60.0001s

---------------------------

Largura da faixa = 12
Melhor altura = 379

Lower Bound 1 = 335
Lower Bound 2 = 276
Avaliação = 1.13134

Tempo de execução: 60.0003s

---------------------------

Largura da faixa = 12
Melhor altura = 382

Lower Bound 1 = 335
Lower Bound 2 = 276
Avaliação = 1.1403

Tempo de execução: 60.0002s

---------------------------

Largura da faixa = 12
Melhor altura = 379

Lower Bound 1 = 335
Lower Bound 2 = 276
Avaliação = 1.13134

Tempo de execução: 60.0002s

---------------------------

Largura da faixa = 12
Melhor altura = 381

Lower Bound 1 = 335
Lower Bound 2 = 276
Avaliação = 1.13731

Tempo de execução: 60.0001s

---------------------------

Largura da faixa = 12
Melhor altura = 383

Lower Bound 1 = 335
Lower Bound 2 = 276
Avaliação = 1.14328

Tempo de execução: 60s

---------------------------

Largura da faixa = 12
Melhor altura = 379

Lower Bound 1 = 335
Lower Bound 2 = 276
Avaliação = 1.13134

Tempo de execução: 60.0004s

---------------------------

Largura da faixa = 12
Melhor altura = 380

Lower Bound 1 = 335
Lower Bound 2 = 276
Avaliação = 1.13433

Tempo de execução: 60s

---------------------------

Largura da faixa = 12
Melhor altura = 380

Lower Bound 1 = 335
Lower Bound 2 = 276
Avaliação = 1.13433

Tempo de execução: 60.0004s

---------------------------

Largura da faixa = 12
Melhor altura = 377

Lower Bound 1 = 335
Lower Bound 2 = 276
Avaliação = 1.12537

Tempo de execução: 60.0001s

---------------------------

Largura da faixa = 12
Melhor altura = 381

Lower Bound 1 = 335
Lower Bound 2 = 276
Avaliação = 1.13731

Tempo de execução: 60.0005s

---------------------------

Largura da faixa = 12
Melhor altura = 381

Lower Bound 1 = 335
Lower Bound 2 = 276
Avaliação = 1.13731

Tempo de execução: 60.0001s

---------------------------

Largura da faixa = 12
Melhor altura = 379

Lower Bound 1 = 335
Lower Bound 2 = 276
Avaliação = 1.13134

Tempo de execução: 60.0004s

---------------------------

Largura da faixa = 12
Melhor altura = 376

Lower Bound 1 = 335
Lower Bound 2 = 276
Avaliação = 1.12239

Tempo de execução: 60.0011s

---------------------------

Largura da faixa = 12
Melhor altura = 379

Lower Bound 1 = 335
Lower Bound 2 = 276
Avaliação = 1.13134

Tempo de execução: 60.0013s

---------------------------

Largura da faixa = 12
Melhor altura = 376

Lower Bound 1 = 335
Lower Bound 2 = 276
Avaliação = 1.12239

Tempo de execução: 60s

---------------------------

Largura da faixa = 12
Melhor altura = 381

Lower Bound 1 = 335
Lower Bound 2 = 276
Avaliação = 1.13731

Tempo de execução: 60s

---------------------------

Largura da faixa = 12
Melhor altura = 376

Lower Bound 1 = 335
Lower Bound 2 = 276
Avaliação = 1.12239

Tempo de execução: 60.0002s

---------------------------

Largura da faixa = 12
Melhor altura = 376

Lower Bound 1 = 335
Lower Bound 2 = 276
Avaliação = 1.12239

Tempo de execução: 60.0001s

---------------------------

Largura da faixa = 12
Melhor altura = 380

Lower Bound 1 = 335
Lower Bound 2 = 276
Avaliação = 1.13433

Tempo de execução: 60.0004s

---------------------------

