Largura da faixa = 12
Melhor altura = 134

Lower Bound 1 = 118
Lower Bound 2 = 120
Avaliação = 1.11667

Tempo de execução: 60.0001s

---------------------------

Largura da faixa = 12
Melhor altura = 134

Lower Bound 1 = 118
Lower Bound 2 = 120
Avaliação = 1.11667

Tempo de execução: 60s

---------------------------

Largura da faixa = 12
Melhor altura = 134

Lower Bound 1 = 118
Lower Bound 2 = 120
Avaliação = 1.11667

Tempo de execução: 60.0001s

---------------------------

Largura da faixa = 12
Melhor altura = 134

Lower Bound 1 = 118
Lower Bound 2 = 120
Avaliação = 1.11667

Tempo de execução: 60s

---------------------------

Largura da faixa = 12
Melhor altura = 134

Lower Bound 1 = 118
Lower Bound 2 = 120
Avaliação = 1.11667

Tempo de execução: 60s

---------------------------

Largura da faixa = 12
Melhor altura = 134

Lower Bound 1 = 118
Lower Bound 2 = 120
Avaliação = 1.11667

Tempo de execução: 60.0001s

---------------------------

Largura da faixa = 12
Melhor altura = 134

Lower Bound 1 = 118
Lower Bound 2 = 120
Avaliação = 1.11667

Tempo de execução: 60s

---------------------------

Largura da faixa = 12
Melhor altura = 134

Lower Bound 1 = 118
Lower Bound 2 = 120
Avaliação = 1.11667

Tempo de execução: 60.0001s

---------------------------

Largura da faixa = 12
Melhor altura = 134

Lower Bound 1 = 118
Lower Bound 2 = 120
Avaliação = 1.11667

Tempo de execução: 60s

---------------------------

Largura da faixa = 12
Melhor altura = 134

Lower Bound 1 = 118
Lower Bound 2 = 120
Avaliação = 1.11667

Tempo de execução: 60s

---------------------------

Largura da faixa = 12
Melhor altura = 134

Lower Bound 1 = 118
Lower Bound 2 = 120
Avaliação = 1.11667

Tempo de execução: 60s

---------------------------

Largura da faixa = 12
Melhor altura = 134

Lower Bound 1 = 118
Lower Bound 2 = 120
Avaliação = 1.11667

Tempo de execução: 60s

---------------------------

Largura da faixa = 12
Melhor altura = 134

Lower Bound 1 = 118
Lower Bound 2 = 120
Avaliação = 1.11667

Tempo de execução: 60s

---------------------------

Largura da faixa = 12
Melhor altura = 134

Lower Bound 1 = 118
Lower Bound 2 = 120
Avaliação = 1.11667

Tempo de execução: 60s

---------------------------

Largura da faixa = 12
Melhor altura = 134

Lower Bound 1 = 118
Lower Bound 2 = 120
Avaliação = 1.11667

Tempo de execução: 60.0002s

---------------------------

Largura da faixa = 12
Melhor altura = 134

Lower Bound 1 = 118
Lower Bound 2 = 120
Avaliação = 1.11667

Tempo de execução: 60s

---------------------------

Largura da faixa = 12
Melhor altura = 134

Lower Bound 1 = 118
Lower Bound 2 = 120
Avaliação = 1.11667

Tempo de execução: 60.0001s

---------------------------

Largura da faixa = 12
Melhor altura = 134

Lower Bound 1 = 118
Lower Bound 2 = 120
Avaliação = 1.11667

Tempo de execução: 60s

---------------------------

Largura da faixa = 12
Melhor altura = 134

Lower Bound 1 = 118
Lower Bound 2 = 120
Avaliação = 1.11667

Tempo de execução: 60s

---------------------------

Largura da faixa = 12
Melhor altura = 134

Lower Bound 1 = 118
Lower Bound 2 = 120
Avaliação = 1.11667

Tempo de execução: 60.0001s

---------------------------

