Largura da faixa = 12
Melhor altura = 318

Lower Bound 1 = 277
Lower Bound 2 = 206
Avaliação = 1.14801

Tempo de execução: 60.0001s

---------------------------

Largura da faixa = 12
Melhor altura = 318

Lower Bound 1 = 277
Lower Bound 2 = 206
Avaliação = 1.14801

Tempo de execução: 60.0002s

---------------------------

Largura da faixa = 12
Melhor altura = 322

Lower Bound 1 = 277
Lower Bound 2 = 206
Avaliação = 1.16245

Tempo de execução: 60.0007s

---------------------------

Largura da faixa = 12
Melhor altura = 319

Lower Bound 1 = 277
Lower Bound 2 = 206
Avaliação = 1.15162

Tempo de execução: 60.0002s

---------------------------

Largura da faixa = 12
Melhor altura = 316

Lower Bound 1 = 277
Lower Bound 2 = 206
Avaliação = 1.14079

Tempo de execução: 60s

---------------------------

Largura da faixa = 12
Melhor altura = 319

Lower Bound 1 = 277
Lower Bound 2 = 206
Avaliação = 1.15162

Tempo de execução: 60.0003s

---------------------------

Largura da faixa = 12
Melhor altura = 321

Lower Bound 1 = 277
Lower Bound 2 = 206
Avaliação = 1.15884

Tempo de execução: 60.0004s

---------------------------

Largura da faixa = 12
Melhor altura = 323

Lower Bound 1 = 277
Lower Bound 2 = 206
Avaliação = 1.16606

Tempo de execução: 60.0001s

---------------------------

Largura da faixa = 12
Melhor altura = 315

Lower Bound 1 = 277
Lower Bound 2 = 206
Avaliação = 1.13718

Tempo de execução: 60.0005s

---------------------------

Largura da faixa = 12
Melhor altura = 318

Lower Bound 1 = 277
Lower Bound 2 = 206
Avaliação = 1.14801

Tempo de execução: 60s

---------------------------

Largura da faixa = 12
Melhor altura = 321

Lower Bound 1 = 277
Lower Bound 2 = 206
Avaliação = 1.15884

Tempo de execução: 60.0002s

---------------------------

Largura da faixa = 12
Melhor altura = 319

Lower Bound 1 = 277
Lower Bound 2 = 206
Avaliação = 1.15162

Tempo de execução: 60.0002s

---------------------------

Largura da faixa = 12
Melhor altura = 325

Lower Bound 1 = 277
Lower Bound 2 = 206
Avaliação = 1.17329

Tempo de execução: 60.0002s

---------------------------

Largura da faixa = 12
Melhor altura = 314

Lower Bound 1 = 277
Lower Bound 2 = 206
Avaliação = 1.13357

Tempo de execução: 60s

---------------------------

Largura da faixa = 12
Melhor altura = 319

Lower Bound 1 = 277
Lower Bound 2 = 206
Avaliação = 1.15162

Tempo de execução: 60.0001s

---------------------------

Largura da faixa = 12
Melhor altura = 315

Lower Bound 1 = 277
Lower Bound 2 = 206
Avaliação = 1.13718

Tempo de execução: 60.0005s

---------------------------

Largura da faixa = 12
Melhor altura = 316

Lower Bound 1 = 277
Lower Bound 2 = 206
Avaliação = 1.14079

Tempo de execução: 60.0002s

---------------------------

Largura da faixa = 12
Melhor altura = 313

Lower Bound 1 = 277
Lower Bound 2 = 206
Avaliação = 1.12996

Tempo de execução: 60.0012s

---------------------------

Largura da faixa = 12
Melhor altura = 320

Lower Bound 1 = 277
Lower Bound 2 = 206
Avaliação = 1.15523

Tempo de execução: 60s

---------------------------

Largura da faixa = 12
Melhor altura = 317

Lower Bound 1 = 277
Lower Bound 2 = 206
Avaliação = 1.1444

Tempo de execução: 60.0006s

---------------------------

