Largura da faixa = 12
Melhor altura = 602

Lower Bound 1 = 518
Lower Bound 2 = 427
Avaliação = 1.16216

Tempo de execução: 60.0001s

---------------------------

Largura da faixa = 12
Melhor altura = 615

Lower Bound 1 = 518
Lower Bound 2 = 427
Avaliação = 1.18726

Tempo de execução: 60.0004s

---------------------------

Largura da faixa = 12
Melhor altura = 603

Lower Bound 1 = 518
Lower Bound 2 = 427
Avaliação = 1.16409

Tempo de execução: 60.0013s

---------------------------

Largura da faixa = 12
Melhor altura = 603

Lower Bound 1 = 518
Lower Bound 2 = 427
Avaliação = 1.16409

Tempo de execução: 60.0011s

---------------------------

Largura da faixa = 12
Melhor altura = 612

Lower Bound 1 = 518
Lower Bound 2 = 427
Avaliação = 1.18147

Tempo de execução: 60.0011s

---------------------------

Largura da faixa = 12
Melhor altura = 609

Lower Bound 1 = 518
Lower Bound 2 = 427
Avaliação = 1.17568

Tempo de execução: 60.001s

---------------------------

Largura da faixa = 12
Melhor altura = 604

Lower Bound 1 = 518
Lower Bound 2 = 427
Avaliação = 1.16602

Tempo de execução: 60s

---------------------------

Largura da faixa = 12
Melhor altura = 606

Lower Bound 1 = 518
Lower Bound 2 = 427
Avaliação = 1.16988

Tempo de execução: 60.0007s

---------------------------

Largura da faixa = 12
Melhor altura = 614

Lower Bound 1 = 518
Lower Bound 2 = 427
Avaliação = 1.18533

Tempo de execução: 60.0021s

---------------------------

Largura da faixa = 12
Melhor altura = 614

Lower Bound 1 = 518
Lower Bound 2 = 427
Avaliação = 1.18533

Tempo de execução: 60.0006s

---------------------------

Largura da faixa = 12
Melhor altura = 601

Lower Bound 1 = 518
Lower Bound 2 = 427
Avaliação = 1.16023

Tempo de execução: 60.001s

---------------------------

Largura da faixa = 12
Melhor altura = 616

Lower Bound 1 = 518
Lower Bound 2 = 427
Avaliação = 1.18919

Tempo de execução: 60.0013s

---------------------------

Largura da faixa = 12
Melhor altura = 607

Lower Bound 1 = 518
Lower Bound 2 = 427
Avaliação = 1.17181

Tempo de execução: 60.0004s

---------------------------

Largura da faixa = 12
Melhor altura = 602

Lower Bound 1 = 518
Lower Bound 2 = 427
Avaliação = 1.16216

Tempo de execução: 60.0002s

---------------------------

Largura da faixa = 12
Melhor altura = 609

Lower Bound 1 = 518
Lower Bound 2 = 427
Avaliação = 1.17568

Tempo de execução: 60.0007s

---------------------------

Largura da faixa = 12
Melhor altura = 614

Lower Bound 1 = 518
Lower Bound 2 = 427
Avaliação = 1.18533

Tempo de execução: 60.0006s

---------------------------

Largura da faixa = 12
Melhor altura = 608

Lower Bound 1 = 518
Lower Bound 2 = 427
Avaliação = 1.17375

Tempo de execução: 60.0008s

---------------------------

Largura da faixa = 12
Melhor altura = 595

Lower Bound 1 = 518
Lower Bound 2 = 427
Avaliação = 1.14865

Tempo de execução: 60.0014s

---------------------------

Largura da faixa = 12
Melhor altura = 605

Lower Bound 1 = 518
Lower Bound 2 = 427
Avaliação = 1.16795

Tempo de execução: 60.0002s

---------------------------

Largura da faixa = 12
Melhor altura = 598

Lower Bound 1 = 518
Lower Bound 2 = 427
Avaliação = 1.15444

Tempo de execução: 60.0006s

---------------------------

