Largura da faixa = 12
Melhor altura = 485

Lower Bound 1 = 417
Lower Bound 2 = 363
Avaliação = 1.16307

Tempo de execução: 60.0002s

---------------------------

Largura da faixa = 12
Melhor altura = 482

Lower Bound 1 = 417
Lower Bound 2 = 363
Avaliação = 1.15588

Tempo de execução: 60.0008s

---------------------------

Largura da faixa = 12
Melhor altura = 491

Lower Bound 1 = 417
Lower Bound 2 = 363
Avaliação = 1.17746

Tempo de execução: 60.0009s

---------------------------

Largura da faixa = 12
Melhor altura = 484

Lower Bound 1 = 417
Lower Bound 2 = 363
Avaliação = 1.16067

Tempo de execução: 60.0003s

---------------------------

Largura da faixa = 12
Melhor altura = 487

Lower Bound 1 = 417
Lower Bound 2 = 363
Avaliação = 1.16787

Tempo de execução: 60.0003s

---------------------------

Largura da faixa = 12
Melhor altura = 485

Lower Bound 1 = 417
Lower Bound 2 = 363
Avaliação = 1.16307

Tempo de execução: 60.0006s

---------------------------

Largura da faixa = 12
Melhor altura = 489

Lower Bound 1 = 417
Lower Bound 2 = 363
Avaliação = 1.17266

Tempo de execução: 60.0003s

---------------------------

Largura da faixa = 12
Melhor altura = 484

Lower Bound 1 = 417
Lower Bound 2 = 363
Avaliação = 1.16067

Tempo de execução: 60s

---------------------------

Largura da faixa = 12
Melhor altura = 485

Lower Bound 1 = 417
Lower Bound 2 = 363
Avaliação = 1.16307

Tempo de execução: 60.0008s

---------------------------

Largura da faixa = 12
Melhor altura = 485

Lower Bound 1 = 417
Lower Bound 2 = 363
Avaliação = 1.16307

Tempo de execução: 60.0001s

---------------------------

Largura da faixa = 12
Melhor altura = 484

Lower Bound 1 = 417
Lower Bound 2 = 363
Avaliação = 1.16067

Tempo de execução: 60.0008s

---------------------------

Largura da faixa = 12
Melhor altura = 490

Lower Bound 1 = 417
Lower Bound 2 = 363
Avaliação = 1.17506

Tempo de execução: 60.0006s

---------------------------

Largura da faixa = 12
Melhor altura = 489

Lower Bound 1 = 417
Lower Bound 2 = 363
Avaliação = 1.17266

Tempo de execução: 60.0001s

---------------------------

Largura da faixa = 12
Melhor altura = 484

Lower Bound 1 = 417
Lower Bound 2 = 363
Avaliação = 1.16067

Tempo de execução: 60.0005s

---------------------------

Largura da faixa = 12
Melhor altura = 487

Lower Bound 1 = 417
Lower Bound 2 = 363
Avaliação = 1.16787

Tempo de execução: 60.0007s

---------------------------

Largura da faixa = 12
Melhor altura = 491

Lower Bound 1 = 417
Lower Bound 2 = 363
Avaliação = 1.17746

Tempo de execução: 60s

---------------------------

Largura da faixa = 12
Melhor altura = 482

Lower Bound 1 = 417
Lower Bound 2 = 363
Avaliação = 1.15588

Tempo de execução: 60.0003s

---------------------------

Largura da faixa = 12
Melhor altura = 476

Lower Bound 1 = 417
Lower Bound 2 = 363
Avaliação = 1.14149

Tempo de execução: 60.0012s

---------------------------

Largura da faixa = 12
Melhor altura = 489

Lower Bound 1 = 417
Lower Bound 2 = 363
Avaliação = 1.17266

Tempo de execução: 60.0002s

---------------------------

Largura da faixa = 12
Melhor altura = 492

Lower Bound 1 = 417
Lower Bound 2 = 363
Avaliação = 1.17986

Tempo de execução: 60.0005s

---------------------------

