Largura da faixa = 12
Melhor altura = 248

Lower Bound 1 = 222
Lower Bound 2 = 202
Avaliação = 1.11712

Tempo de execução: 60s

---------------------------

Largura da faixa = 12
Melhor altura = 249

Lower Bound 1 = 222
Lower Bound 2 = 202
Avaliação = 1.12162

Tempo de execução: 60.0001s

---------------------------

Largura da faixa = 12
Melhor altura = 247

Lower Bound 1 = 222
Lower Bound 2 = 202
Avaliação = 1.11261

Tempo de execução: 60.0003s

---------------------------

Largura da faixa = 12
Melhor altura = 246

Lower Bound 1 = 222
Lower Bound 2 = 202
Avaliação = 1.10811

Tempo de execução: 60.0001s

---------------------------

Largura da faixa = 12
Melhor altura = 247

Lower Bound 1 = 222
Lower Bound 2 = 202
Avaliação = 1.11261

Tempo de execução: 60.0003s

---------------------------

Largura da faixa = 12
Melhor altura = 248

Lower Bound 1 = 222
Lower Bound 2 = 202
Avaliação = 1.11712

Tempo de execução: 60s

---------------------------

Largura da faixa = 12
Melhor altura = 247

Lower Bound 1 = 222
Lower Bound 2 = 202
Avaliação = 1.11261

Tempo de execução: 60.0001s

---------------------------

Largura da faixa = 12
Melhor altura = 245

Lower Bound 1 = 222
Lower Bound 2 = 202
Avaliação = 1.1036

Tempo de execução: 60.0002s

---------------------------

Largura da faixa = 12
Melhor altura = 247

Lower Bound 1 = 222
Lower Bound 2 = 202
Avaliação = 1.11261

Tempo de execução: 60.0004s

---------------------------

Largura da faixa = 12
Melhor altura = 247

Lower Bound 1 = 222
Lower Bound 2 = 202
Avaliação = 1.11261

Tempo de execução: 60s

---------------------------

Largura da faixa = 12
Melhor altura = 247

Lower Bound 1 = 222
Lower Bound 2 = 202
Avaliação = 1.11261

Tempo de execução: 60.0002s

---------------------------

Largura da faixa = 12
Melhor altura = 247

Lower Bound 1 = 222
Lower Bound 2 = 202
Avaliação = 1.11261

Tempo de execução: 60.0004s

---------------------------

Largura da faixa = 12
Melhor altura = 247

Lower Bound 1 = 222
Lower Bound 2 = 202
Avaliação = 1.11261

Tempo de execução: 60.0002s

---------------------------

Largura da faixa = 12
Melhor altura = 250

Lower Bound 1 = 222
Lower Bound 2 = 202
Avaliação = 1.12613

Tempo de execução: 60.0003s

---------------------------

Largura da faixa = 12
Melhor altura = 247

Lower Bound 1 = 222
Lower Bound 2 = 202
Avaliação = 1.11261

Tempo de execução: 60.0005s

---------------------------

Largura da faixa = 12
Melhor altura = 248

Lower Bound 1 = 222
Lower Bound 2 = 202
Avaliação = 1.11712

Tempo de execução: 60.0003s

---------------------------

Largura da faixa = 12
Melhor altura = 248

Lower Bound 1 = 222
Lower Bound 2 = 202
Avaliação = 1.11712

Tempo de execução: 60.0004s

---------------------------

Largura da faixa = 12
Melhor altura = 249

Lower Bound 1 = 222
Lower Bound 2 = 202
Avaliação = 1.12162

Tempo de execução: 60s

---------------------------

Largura da faixa = 12
Melhor altura = 247

Lower Bound 1 = 222
Lower Bound 2 = 202
Avaliação = 1.11261

Tempo de execução: 60.0002s

---------------------------

Largura da faixa = 12
Melhor altura = 247

Lower Bound 1 = 222
Lower Bound 2 = 202
Avaliação = 1.11261

Tempo de execução: 60.0002s

---------------------------

