Largura da faixa = 12
Melhor altura = 403

Lower Bound 1 = 335
Lower Bound 2 = 317
Avaliação = 1.20299

Tempo de execução: 60.0002s

---------------------------

Largura da faixa = 12
Melhor altura = 403

Lower Bound 1 = 335
Lower Bound 2 = 317
Avaliação = 1.20299

Tempo de execução: 60.0002s

---------------------------

Largura da faixa = 12
Melhor altura = 403

Lower Bound 1 = 335
Lower Bound 2 = 317
Avaliação = 1.20299

Tempo de execução: 60.0002s

---------------------------

Largura da faixa = 12
Melhor altura = 399

Lower Bound 1 = 335
Lower Bound 2 = 317
Avaliação = 1.19104

Tempo de execução: 60s

---------------------------

Largura da faixa = 12
Melhor altura = 405

Lower Bound 1 = 335
Lower Bound 2 = 317
Avaliação = 1.20896

Tempo de execução: 60.0003s

---------------------------

Largura da faixa = 12
Melhor altura = 403

Lower Bound 1 = 335
Lower Bound 2 = 317
Avaliação = 1.20299

Tempo de execução: 60.0006s

---------------------------

Largura da faixa = 12
Melhor altura = 401

Lower Bound 1 = 335
Lower Bound 2 = 317
Avaliação = 1.19701

Tempo de execução: 60.0002s

---------------------------

Largura da faixa = 12
Melhor altura = 404

Lower Bound 1 = 335
Lower Bound 2 = 317
Avaliação = 1.20597

Tempo de execução: 60.0002s

---------------------------

Largura da faixa = 12
Melhor altura = 402

Lower Bound 1 = 335
Lower Bound 2 = 317
Avaliação = 1.2

Tempo de execução: 60.0002s

---------------------------

Largura da faixa = 12
Melhor altura = 404

Lower Bound 1 = 335
Lower Bound 2 = 317
Avaliação = 1.20597

Tempo de execução: 60.0005s

---------------------------

Largura da faixa = 12
Melhor altura = 404

Lower Bound 1 = 335
Lower Bound 2 = 317
Avaliação = 1.20597

Tempo de execução: 60s

---------------------------

Largura da faixa = 12
Melhor altura = 401

Lower Bound 1 = 335
Lower Bound 2 = 317
Avaliação = 1.19701

Tempo de execução: 60.001s

---------------------------

Largura da faixa = 12
Melhor altura = 408

Lower Bound 1 = 335
Lower Bound 2 = 317
Avaliação = 1.21791

Tempo de execução: 60.0002s

---------------------------

Largura da faixa = 12
Melhor altura = 398

Lower Bound 1 = 335
Lower Bound 2 = 317
Avaliação = 1.18806

Tempo de execução: 60.0004s

---------------------------

Largura da faixa = 12
Melhor altura = 402

Lower Bound 1 = 335
Lower Bound 2 = 317
Avaliação = 1.2

Tempo de execução: 60.0004s

---------------------------

Largura da faixa = 12
Melhor altura = 401

Lower Bound 1 = 335
Lower Bound 2 = 317
Avaliação = 1.19701

Tempo de execução: 60.0001s

---------------------------

Largura da faixa = 12
Melhor altura = 406

Lower Bound 1 = 335
Lower Bound 2 = 317
Avaliação = 1.21194

Tempo de execução: 60s

---------------------------

Largura da faixa = 12
Melhor altura = 409

Lower Bound 1 = 335
Lower Bound 2 = 317
Avaliação = 1.2209

Tempo de execução: 60.0009s

---------------------------

Largura da faixa = 12
Melhor altura = 407

Lower Bound 1 = 335
Lower Bound 2 = 317
Avaliação = 1.21493

Tempo de execução: 60.0002s

---------------------------

Largura da faixa = 12
Melhor altura = 398

Lower Bound 1 = 335
Lower Bound 2 = 317
Avaliação = 1.18806

Tempo de execução: 60.0004s

---------------------------

