Largura da faixa = 12
Melhor altura = 490

Lower Bound 1 = 417
Lower Bound 2 = 408
Avaliação = 1.17506

Tempo de execução: 60.0002s

---------------------------

Largura da faixa = 12
Melhor altura = 492

Lower Bound 1 = 417
Lower Bound 2 = 408
Avaliação = 1.17986

Tempo de execução: 60.0008s

---------------------------

Largura da faixa = 12
Melhor altura = 497

Lower Bound 1 = 417
Lower Bound 2 = 408
Avaliação = 1.19185

Tempo de execução: 60.0008s

---------------------------

Largura da faixa = 12
Melhor altura = 501

Lower Bound 1 = 417
Lower Bound 2 = 408
Avaliação = 1.20144

Tempo de execução: 60.0006s

---------------------------

Largura da faixa = 12
Melhor altura = 495

Lower Bound 1 = 417
Lower Bound 2 = 408
Avaliação = 1.18705

Tempo de execução: 60.0005s

---------------------------

Largura da faixa = 12
Melhor altura = 493

Lower Bound 1 = 417
Lower Bound 2 = 408
Avaliação = 1.18225

Tempo de execução: 60.0013s

---------------------------

Largura da faixa = 12
Melhor altura = 495

Lower Bound 1 = 417
Lower Bound 2 = 408
Avaliação = 1.18705

Tempo de execução: 60.0001s

---------------------------

Largura da faixa = 12
Melhor altura = 494

Lower Bound 1 = 417
Lower Bound 2 = 408
Avaliação = 1.18465

Tempo de execução: 60.0001s

---------------------------

Largura da faixa = 12
Melhor altura = 498

Lower Bound 1 = 417
Lower Bound 2 = 408
Avaliação = 1.19424

Tempo de execução: 60.0016s

---------------------------

Largura da faixa = 12
Melhor altura = 493

Lower Bound 1 = 417
Lower Bound 2 = 408
Avaliação = 1.18225

Tempo de execução: 60.0002s

---------------------------

Largura da faixa = 12
Melhor altura = 495

Lower Bound 1 = 417
Lower Bound 2 = 408
Avaliação = 1.18705

Tempo de execução: 60.0004s

---------------------------

Largura da faixa = 12
Melhor altura = 497

Lower Bound 1 = 417
Lower Bound 2 = 408
Avaliação = 1.19185

Tempo de execução: 60.0009s

---------------------------

Largura da faixa = 12
Melhor altura = 497

Lower Bound 1 = 417
Lower Bound 2 = 408
Avaliação = 1.19185

Tempo de execução: 60.0003s

---------------------------

Largura da faixa = 12
Melhor altura = 497

Lower Bound 1 = 417
Lower Bound 2 = 408
Avaliação = 1.19185

Tempo de execução: 60s

---------------------------

Largura da faixa = 12
Melhor altura = 497

Lower Bound 1 = 417
Lower Bound 2 = 408
Avaliação = 1.19185

Tempo de execução: 60.001s

---------------------------

Largura da faixa = 12
Melhor altura = 491

Lower Bound 1 = 417
Lower Bound 2 = 408
Avaliação = 1.17746

Tempo de execução: 60.0001s

---------------------------

Largura da faixa = 12
Melhor altura = 498

Lower Bound 1 = 417
Lower Bound 2 = 408
Avaliação = 1.19424

Tempo de execução: 60.0004s

---------------------------

Largura da faixa = 12
Melhor altura = 500

Lower Bound 1 = 417
Lower Bound 2 = 408
Avaliação = 1.19904

Tempo de execução: 60.0004s

---------------------------

Largura da faixa = 12
Melhor altura = 497

Lower Bound 1 = 417
Lower Bound 2 = 408
Avaliação = 1.19185

Tempo de execução: 60.0006s

---------------------------

Largura da faixa = 12
Melhor altura = 494

Lower Bound 1 = 417
Lower Bound 2 = 408
Avaliação = 1.18465

Tempo de execução: 60.0007s

---------------------------

