Largura da faixa = 12
Melhor altura = 628

Lower Bound 1 = 518
Lower Bound 2 = 500
Avaliação = 1.21236

Tempo de execução: 60.0005s

---------------------------

Largura da faixa = 12
Melhor altura = 632

Lower Bound 1 = 518
Lower Bound 2 = 500
Avaliação = 1.22008

Tempo de execução: 60.0002s

---------------------------

Largura da faixa = 12
Melhor altura = 633

Lower Bound 1 = 518
Lower Bound 2 = 500
Avaliação = 1.22201

Tempo de execução: 60.0009s

---------------------------

Largura da faixa = 12
Melhor altura = 629

Lower Bound 1 = 518
Lower Bound 2 = 500
Avaliação = 1.21429

Tempo de execução: 60.0001s

---------------------------

Largura da faixa = 12
Melhor altura = 630

Lower Bound 1 = 518
Lower Bound 2 = 500
Avaliação = 1.21622

Tempo de execução: 60.0004s

---------------------------

Largura da faixa = 12
Melhor altura = 633

Lower Bound 1 = 518
Lower Bound 2 = 500
Avaliação = 1.22201

Tempo de execução: 60.0003s

---------------------------

Largura da faixa = 12
Melhor altura = 625

Lower Bound 1 = 518
Lower Bound 2 = 500
Avaliação = 1.20656

Tempo de execução: 60.0013s

---------------------------

Largura da faixa = 12
Melhor altura = 622

Lower Bound 1 = 518
Lower Bound 2 = 500
Avaliação = 1.20077

Tempo de execução: 60.0015s

---------------------------

Largura da faixa = 12
Melhor altura = 629

Lower Bound 1 = 518
Lower Bound 2 = 500
Avaliação = 1.21429

Tempo de execução: 60.0012s

---------------------------

Largura da faixa = 12
Melhor altura = 631

Lower Bound 1 = 518
Lower Bound 2 = 500
Avaliação = 1.21815

Tempo de execução: 60.0003s

---------------------------

Largura da faixa = 12
Melhor altura = 635

Lower Bound 1 = 518
Lower Bound 2 = 500
Avaliação = 1.22587

Tempo de execução: 60.0002s

---------------------------

Largura da faixa = 12
Melhor altura = 624

Lower Bound 1 = 518
Lower Bound 2 = 500
Avaliação = 1.20463

Tempo de execução: 60.0013s

---------------------------

Largura da faixa = 12
Melhor altura = 625

Lower Bound 1 = 518
Lower Bound 2 = 500
Avaliação = 1.20656

Tempo de execução: 60.0007s

---------------------------

Largura da faixa = 12
Melhor altura = 624

Lower Bound 1 = 518
Lower Bound 2 = 500
Avaliação = 1.20463

Tempo de execução: 60.0009s

---------------------------

Largura da faixa = 12
Melhor altura = 633

Lower Bound 1 = 518
Lower Bound 2 = 500
Avaliação = 1.22201

Tempo de execução: 60.0011s

---------------------------

Largura da faixa = 12
Melhor altura = 637

Lower Bound 1 = 518
Lower Bound 2 = 500
Avaliação = 1.22973

Tempo de execução: 60.0001s

---------------------------

Largura da faixa = 12
Melhor altura = 630

Lower Bound 1 = 518
Lower Bound 2 = 500
Avaliação = 1.21622

Tempo de execução: 60.0005s

---------------------------

Largura da faixa = 12
Melhor altura = 637

Lower Bound 1 = 518
Lower Bound 2 = 500
Avaliação = 1.22973

Tempo de execução: 60.0011s

---------------------------

Largura da faixa = 12
Melhor altura = 630

Lower Bound 1 = 518
Lower Bound 2 = 500
Avaliação = 1.21622

Tempo de execução: 60.0002s

---------------------------

Largura da faixa = 12
Melhor altura = 620

Lower Bound 1 = 518
Lower Bound 2 = 500
Avaliação = 1.19691

Tempo de execução: 60.0008s

---------------------------

