Largura da faixa = 12
Melhor altura = 338

Lower Bound 1 = 277
Lower Bound 2 = 293
Avaliação = 1.15358

Tempo de execução: 60.0001s

---------------------------

Largura da faixa = 12
Melhor altura = 336

Lower Bound 1 = 277
Lower Bound 2 = 293
Avaliação = 1.14676

Tempo de execução: 60.0003s

---------------------------

Largura da faixa = 12
Melhor altura = 340

Lower Bound 1 = 277
Lower Bound 2 = 293
Avaliação = 1.16041

Tempo de execução: 60.0004s

---------------------------

Largura da faixa = 12
Melhor altura = 334

Lower Bound 1 = 277
Lower Bound 2 = 293
Avaliação = 1.13993

Tempo de execução: 60.0001s

---------------------------

Largura da faixa = 12
Melhor altura = 335

Lower Bound 1 = 277
Lower Bound 2 = 293
Avaliação = 1.14334

Tempo de execução: 60.0002s

---------------------------

Largura da faixa = 12
Melhor altura = 335

Lower Bound 1 = 277
Lower Bound 2 = 293
Avaliação = 1.14334

Tempo de execução: 60.0004s

---------------------------

Largura da faixa = 12
Melhor altura = 337

Lower Bound 1 = 277
Lower Bound 2 = 293
Avaliação = 1.15017

Tempo de execução: 60s

---------------------------

Largura da faixa = 12
Melhor altura = 339

Lower Bound 1 = 277
Lower Bound 2 = 293
Avaliação = 1.157

Tempo de execução: 60.0004s

---------------------------

Largura da faixa = 12
Melhor altura = 337

Lower Bound 1 = 277
Lower Bound 2 = 293
Avaliação = 1.15017

Tempo de execução: 60.0004s

---------------------------

Largura da faixa = 12
Melhor altura = 338

Lower Bound 1 = 277
Lower Bound 2 = 293
Avaliação = 1.15358

Tempo de execução: 60.0004s

---------------------------

Largura da faixa = 12
Melhor altura = 331

Lower Bound 1 = 277
Lower Bound 2 = 293
Avaliação = 1.12969

Tempo de execução: 60.0001s

---------------------------

Largura da faixa = 12
Melhor altura = 338

Lower Bound 1 = 277
Lower Bound 2 = 293
Avaliação = 1.15358

Tempo de execução: 60.0004s

---------------------------

Largura da faixa = 12
Melhor altura = 339

Lower Bound 1 = 277
Lower Bound 2 = 293
Avaliação = 1.157

Tempo de execução: 60.0002s

---------------------------

Largura da faixa = 12
Melhor altura = 338

Lower Bound 1 = 277
Lower Bound 2 = 293
Avaliação = 1.15358

Tempo de execução: 60s

---------------------------

Largura da faixa = 12
Melhor altura = 334

Lower Bound 1 = 277
Lower Bound 2 = 293
Avaliação = 1.13993

Tempo de execução: 60.0004s

---------------------------

Largura da faixa = 12
Melhor altura = 339

Lower Bound 1 = 277
Lower Bound 2 = 293
Avaliação = 1.157

Tempo de execução: 60.0002s

---------------------------

Largura da faixa = 12
Melhor altura = 339

Lower Bound 1 = 277
Lower Bound 2 = 293
Avaliação = 1.157

Tempo de execução: 60.0003s

---------------------------

Largura da faixa = 12
Melhor altura = 336

Lower Bound 1 = 277
Lower Bound 2 = 293
Avaliação = 1.14676

Tempo de execução: 60.0008s

---------------------------

Largura da faixa = 12
Melhor altura = 339

Lower Bound 1 = 277
Lower Bound 2 = 293
Avaliação = 1.157

Tempo de execução: 60s

---------------------------

Largura da faixa = 12
Melhor altura = 338

Lower Bound 1 = 277
Lower Bound 2 = 293
Avaliação = 1.15358

Tempo de execução: 60.0007s

---------------------------

