Largura da faixa = 12
Melhor altura = 199

Lower Bound 1 = 174
Lower Bound 2 = 186
Avaliação = 1.06989

Tempo de execução: 60.0001s

---------------------------

Largura da faixa = 12
Melhor altura = 199

Lower Bound 1 = 174
Lower Bound 2 = 186
Avaliação = 1.06989

Tempo de execução: 60.0001s

---------------------------

Largura da faixa = 12
Melhor altura = 199

Lower Bound 1 = 174
Lower Bound 2 = 186
Avaliação = 1.06989

Tempo de execução: 60.0001s

---------------------------

Largura da faixa = 12
Melhor altura = 199

Lower Bound 1 = 174
Lower Bound 2 = 186
Avaliação = 1.06989

Tempo de execução: 60.0001s

---------------------------

Largura da faixa = 12
Melhor altura = 199

Lower Bound 1 = 174
Lower Bound 2 = 186
Avaliação = 1.06989

Tempo de execução: 60.0002s

---------------------------

Largura da faixa = 12
Melhor altura = 198

Lower Bound 1 = 174
Lower Bound 2 = 186
Avaliação = 1.06452

Tempo de execução: 60.0001s

---------------------------

Largura da faixa = 12
Melhor altura = 202

Lower Bound 1 = 174
Lower Bound 2 = 186
Avaliação = 1.08602

Tempo de execução: 60s

---------------------------

Largura da faixa = 12
Melhor altura = 201

Lower Bound 1 = 174
Lower Bound 2 = 186
Avaliação = 1.08065

Tempo de execução: 60.0001s

---------------------------

Largura da faixa = 12
Melhor altura = 199

Lower Bound 1 = 174
Lower Bound 2 = 186
Avaliação = 1.06989

Tempo de execução: 60.0001s

---------------------------

Largura da faixa = 12
Melhor altura = 200

Lower Bound 1 = 174
Lower Bound 2 = 186
Avaliação = 1.07527

Tempo de execução: 60s

---------------------------

Largura da faixa = 12
Melhor altura = 199

Lower Bound 1 = 174
Lower Bound 2 = 186
Avaliação = 1.06989

Tempo de execução: 60s

---------------------------

Largura da faixa = 12
Melhor altura = 200

Lower Bound 1 = 174
Lower Bound 2 = 186
Avaliação = 1.07527

Tempo de execução: 60.0001s

---------------------------

Largura da faixa = 12
Melhor altura = 197

Lower Bound 1 = 174
Lower Bound 2 = 186
Avaliação = 1.05914

Tempo de execução: 60.0001s

---------------------------

Largura da faixa = 12
Melhor altura = 200

Lower Bound 1 = 174
Lower Bound 2 = 186
Avaliação = 1.07527

Tempo de execução: 60.0001s

---------------------------

Largura da faixa = 12
Melhor altura = 199

Lower Bound 1 = 174
Lower Bound 2 = 186
Avaliação = 1.06989

Tempo de execução: 60.0002s

---------------------------

Largura da faixa = 12
Melhor altura = 200

Lower Bound 1 = 174
Lower Bound 2 = 186
Avaliação = 1.07527

Tempo de execução: 60.0002s

---------------------------

Largura da faixa = 12
Melhor altura = 200

Lower Bound 1 = 174
Lower Bound 2 = 186
Avaliação = 1.07527

Tempo de execução: 60.0002s

---------------------------

Largura da faixa = 12
Melhor altura = 199

Lower Bound 1 = 174
Lower Bound 2 = 186
Avaliação = 1.06989

Tempo de execução: 60.0003s

---------------------------

Largura da faixa = 12
Melhor altura = 198

Lower Bound 1 = 174
Lower Bound 2 = 186
Avaliação = 1.06452

Tempo de execução: 60s

---------------------------

Largura da faixa = 12
Melhor altura = 197

Lower Bound 1 = 174
Lower Bound 2 = 186
Avaliação = 1.05914

Tempo de execução: 60.0002s

---------------------------

