Largura da faixa = 12
Melhor altura = 140

Lower Bound 1 = 118
Lower Bound 2 = 131
Avaliação = 1.0687

Tempo de execução: 60s

---------------------------

Largura da faixa = 12
Melhor altura = 140

Lower Bound 1 = 118
Lower Bound 2 = 131
Avaliação = 1.0687

Tempo de execução: 60s

---------------------------

Largura da faixa = 12
Melhor altura = 140

Lower Bound 1 = 118
Lower Bound 2 = 131
Avaliação = 1.0687

Tempo de execução: 60.0003s

---------------------------

Largura da faixa = 12
Melhor altura = 139

Lower Bound 1 = 118
Lower Bound 2 = 131
Avaliação = 1.06107

Tempo de execução: 60s

---------------------------

Largura da faixa = 12
Melhor altura = 139

Lower Bound 1 = 118
Lower Bound 2 = 131
Avaliação = 1.06107

Tempo de execução: 60s

---------------------------

Largura da faixa = 12
Melhor altura = 139

Lower Bound 1 = 118
Lower Bound 2 = 131
Avaliação = 1.06107

Tempo de execução: 60s

---------------------------

Largura da faixa = 12
Melhor altura = 140

Lower Bound 1 = 118
Lower Bound 2 = 131
Avaliação = 1.0687

Tempo de execução: 60s

---------------------------

Largura da faixa = 12
Melhor altura = 140

Lower Bound 1 = 118
Lower Bound 2 = 131
Avaliação = 1.0687

Tempo de execução: 60s

---------------------------

Largura da faixa = 12
Melhor altura = 139

Lower Bound 1 = 118
Lower Bound 2 = 131
Avaliação = 1.06107

Tempo de execução: 60s

---------------------------

Largura da faixa = 12
Melhor altura = 139

Lower Bound 1 = 118
Lower Bound 2 = 131
Avaliação = 1.06107

Tempo de execução: 60.0001s

---------------------------

Largura da faixa = 12
Melhor altura = 139

Lower Bound 1 = 118
Lower Bound 2 = 131
Avaliação = 1.06107

Tempo de execução: 60s

---------------------------

Largura da faixa = 12
Melhor altura = 139

Lower Bound 1 = 118
Lower Bound 2 = 131
Avaliação = 1.06107

Tempo de execução: 60.0002s

---------------------------

Largura da faixa = 12
Melhor altura = 140

Lower Bound 1 = 118
Lower Bound 2 = 131
Avaliação = 1.0687

Tempo de execução: 60s

---------------------------

Largura da faixa = 12
Melhor altura = 139

Lower Bound 1 = 118
Lower Bound 2 = 131
Avaliação = 1.06107

Tempo de execução: 60.0001s

---------------------------

Largura da faixa = 12
Melhor altura = 140

Lower Bound 1 = 118
Lower Bound 2 = 131
Avaliação = 1.0687

Tempo de execução: 60.0001s

---------------------------

Largura da faixa = 12
Melhor altura = 140

Lower Bound 1 = 118
Lower Bound 2 = 131
Avaliação = 1.0687

Tempo de execução: 60s

---------------------------

Largura da faixa = 12
Melhor altura = 139

Lower Bound 1 = 118
Lower Bound 2 = 131
Avaliação = 1.06107

Tempo de execução: 60s

---------------------------

Largura da faixa = 12
Melhor altura = 139

Lower Bound 1 = 118
Lower Bound 2 = 131
Avaliação = 1.06107

Tempo de execução: 60s

---------------------------

Largura da faixa = 12
Melhor altura = 139

Lower Bound 1 = 118
Lower Bound 2 = 131
Avaliação = 1.06107

Tempo de execução: 60.0001s

---------------------------

Largura da faixa = 12
Melhor altura = 140

Lower Bound 1 = 118
Lower Bound 2 = 131
Avaliação = 1.0687

Tempo de execução: 60.0001s

---------------------------

