Largura da faixa = 12
Melhor altura = 134

Lower Bound 1 = 118
Lower Bound 2 = 129
Avaliação = 1.03876

Tempo de execução: 60.0001s

---------------------------

Largura da faixa = 12
Melhor altura = 134

Lower Bound 1 = 118
Lower Bound 2 = 129
Avaliação = 1.03876

Tempo de execução: 60.0001s

---------------------------

Largura da faixa = 12
Melhor altura = 134

Lower Bound 1 = 118
Lower Bound 2 = 129
Avaliação = 1.03876

Tempo de execução: 60.0001s

---------------------------

Largura da faixa = 12
Melhor altura = 134

Lower Bound 1 = 118
Lower Bound 2 = 129
Avaliação = 1.03876

Tempo de execução: 60s

---------------------------

Largura da faixa = 12
Melhor altura = 134

Lower Bound 1 = 118
Lower Bound 2 = 129
Avaliação = 1.03876

Tempo de execução: 60.0001s

---------------------------

Largura da faixa = 12
Melhor altura = 134

Lower Bound 1 = 118
Lower Bound 2 = 129
Avaliação = 1.03876

Tempo de execução: 60s

---------------------------

Largura da faixa = 12
Melhor altura = 134

Lower Bound 1 = 118
Lower Bound 2 = 129
Avaliação = 1.03876

Tempo de execução: 60s

---------------------------

Largura da faixa = 12
Melhor altura = 134

Lower Bound 1 = 118
Lower Bound 2 = 129
Avaliação = 1.03876

Tempo de execução: 60s

---------------------------

Largura da faixa = 12
Melhor altura = 134

Lower Bound 1 = 118
Lower Bound 2 = 129
Avaliação = 1.03876

Tempo de execução: 60.0002s

---------------------------

Largura da faixa = 12
Melhor altura = 134

Lower Bound 1 = 118
Lower Bound 2 = 129
Avaliação = 1.03876

Tempo de execução: 60.0001s

---------------------------

Largura da faixa = 12
Melhor altura = 134

Lower Bound 1 = 118
Lower Bound 2 = 129
Avaliação = 1.03876

Tempo de execução: 60s

---------------------------

Largura da faixa = 12
Melhor altura = 134

Lower Bound 1 = 118
Lower Bound 2 = 129
Avaliação = 1.03876

Tempo de execução: 60.0002s

---------------------------

Largura da faixa = 12
Melhor altura = 134

Lower Bound 1 = 118
Lower Bound 2 = 129
Avaliação = 1.03876

Tempo de execução: 60.0001s

---------------------------

Largura da faixa = 12
Melhor altura = 134

Lower Bound 1 = 118
Lower Bound 2 = 129
Avaliação = 1.03876

Tempo de execução: 60s

---------------------------

Largura da faixa = 12
Melhor altura = 134

Lower Bound 1 = 118
Lower Bound 2 = 129
Avaliação = 1.03876

Tempo de execução: 60.0002s

---------------------------

Largura da faixa = 12
Melhor altura = 134

Lower Bound 1 = 118
Lower Bound 2 = 129
Avaliação = 1.03876

Tempo de execução: 60.0001s

---------------------------

Largura da faixa = 12
Melhor altura = 134

Lower Bound 1 = 118
Lower Bound 2 = 129
Avaliação = 1.03876

Tempo de execução: 60.0001s

---------------------------

Largura da faixa = 12
Melhor altura = 134

Lower Bound 1 = 118
Lower Bound 2 = 129
Avaliação = 1.03876

Tempo de execução: 60s

---------------------------

Largura da faixa = 12
Melhor altura = 134

Lower Bound 1 = 118
Lower Bound 2 = 129
Avaliação = 1.03876

Tempo de execução: 60.0001s

---------------------------

Largura da faixa = 12
Melhor altura = 134

Lower Bound 1 = 118
Lower Bound 2 = 129
Avaliação = 1.03876

Tempo de execução: 60.0001s

---------------------------

