Largura da faixa = 15
Melhor altura = 31

Lower Bound 1 = 26
Lower Bound 2 = 27
Avaliação = 1.14815

Tempo de execução: 60s

---------------------------

Largura da faixa = 15
Melhor altura = 31

Lower Bound 1 = 26
Lower Bound 2 = 27
Avaliação = 1.14815

Tempo de execução: 60s

---------------------------

Largura da faixa = 15
Melhor altura = 31

Lower Bound 1 = 26
Lower Bound 2 = 27
Avaliação = 1.14815

Tempo de execução: 60.0001s

---------------------------

Largura da faixa = 15
Melhor altura = 31

Lower Bound 1 = 26
Lower Bound 2 = 27
Avaliação = 1.14815

Tempo de execução: 60s

---------------------------

Largura da faixa = 15
Melhor altura = 31

Lower Bound 1 = 26
Lower Bound 2 = 27
Avaliação = 1.14815

Tempo de execução: 60.0001s

---------------------------

Largura da faixa = 15
Melhor altura = 31

Lower Bound 1 = 26
Lower Bound 2 = 27
Avaliação = 1.14815

Tempo de execução: 60s

---------------------------

Largura da faixa = 15
Melhor altura = 31

Lower Bound 1 = 26
Lower Bound 2 = 27
Avaliação = 1.14815

Tempo de execução: 60s

---------------------------

Largura da faixa = 15
Melhor altura = 31

Lower Bound 1 = 26
Lower Bound 2 = 27
Avaliação = 1.14815

Tempo de execução: 60s

---------------------------

Largura da faixa = 15
Melhor altura = 31

Lower Bound 1 = 26
Lower Bound 2 = 27
Avaliação = 1.14815

Tempo de execução: 60.0001s

---------------------------

Largura da faixa = 15
Melhor altura = 31

Lower Bound 1 = 26
Lower Bound 2 = 27
Avaliação = 1.14815

Tempo de execução: 60.0001s

---------------------------

Largura da faixa = 15
Melhor altura = 31

Lower Bound 1 = 26
Lower Bound 2 = 27
Avaliação = 1.14815

Tempo de execução: 60s

---------------------------

Largura da faixa = 15
Melhor altura = 31

Lower Bound 1 = 26
Lower Bound 2 = 27
Avaliação = 1.14815

Tempo de execução: 60s

---------------------------

Largura da faixa = 15
Melhor altura = 31

Lower Bound 1 = 26
Lower Bound 2 = 27
Avaliação = 1.14815

Tempo de execução: 60s

---------------------------

Largura da faixa = 15
Melhor altura = 31

Lower Bound 1 = 26
Lower Bound 2 = 27
Avaliação = 1.14815

Tempo de execução: 60s

---------------------------

Largura da faixa = 15
Melhor altura = 31

Lower Bound 1 = 26
Lower Bound 2 = 27
Avaliação = 1.14815

Tempo de execução: 60s

---------------------------

Largura da faixa = 15
Melhor altura = 31

Lower Bound 1 = 26
Lower Bound 2 = 27
Avaliação = 1.14815

Tempo de execução: 60s

---------------------------

Largura da faixa = 15
Melhor altura = 31

Lower Bound 1 = 26
Lower Bound 2 = 27
Avaliação = 1.14815

Tempo de execução: 60s

---------------------------

Largura da faixa = 15
Melhor altura = 31

Lower Bound 1 = 26
Lower Bound 2 = 27
Avaliação = 1.14815

Tempo de execução: 60s

---------------------------

Largura da faixa = 15
Melhor altura = 31

Lower Bound 1 = 26
Lower Bound 2 = 27
Avaliação = 1.14815

Tempo de execução: 60s

---------------------------

Largura da faixa = 15
Melhor altura = 31

Lower Bound 1 = 26
Lower Bound 2 = 27
Avaliação = 1.14815

Tempo de execução: 60s

---------------------------

