Largura da faixa = 12
Melhor altura = 38

Lower Bound 1 = 33
Lower Bound 2 = 34
Avaliação = 1.11765

Tempo de execução: 60s

---------------------------

Largura da faixa = 12
Melhor altura = 38

Lower Bound 1 = 33
Lower Bound 2 = 34
Avaliação = 1.11765

Tempo de execução: 60s

---------------------------

Largura da faixa = 12
Melhor altura = 38

Lower Bound 1 = 33
Lower Bound 2 = 34
Avaliação = 1.11765

Tempo de execução: 60s

---------------------------

Largura da faixa = 12
Melhor altura = 38

Lower Bound 1 = 33
Lower Bound 2 = 34
Avaliação = 1.11765

Tempo de execução: 60s

---------------------------

Largura da faixa = 12
Melhor altura = 38

Lower Bound 1 = 33
Lower Bound 2 = 34
Avaliação = 1.11765

Tempo de execução: 60s

---------------------------

Largura da faixa = 12
Melhor altura = 38

Lower Bound 1 = 33
Lower Bound 2 = 34
Avaliação = 1.11765

Tempo de execução: 60s

---------------------------

Largura da faixa = 12
Melhor altura = 38

Lower Bound 1 = 33
Lower Bound 2 = 34
Avaliação = 1.11765

Tempo de execução: 60s

---------------------------

Largura da faixa = 12
Melhor altura = 38

Lower Bound 1 = 33
Lower Bound 2 = 34
Avaliação = 1.11765

Tempo de execução: 60s

---------------------------

Largura da faixa = 12
Melhor altura = 38

Lower Bound 1 = 33
Lower Bound 2 = 34
Avaliação = 1.11765

Tempo de execução: 60s

---------------------------

Largura da faixa = 12
Melhor altura = 38

Lower Bound 1 = 33
Lower Bound 2 = 34
Avaliação = 1.11765

Tempo de execução: 60s

---------------------------

Largura da faixa = 12
Melhor altura = 38

Lower Bound 1 = 33
Lower Bound 2 = 34
Avaliação = 1.11765

Tempo de execução: 60s

---------------------------

Largura da faixa = 12
Melhor altura = 38

Lower Bound 1 = 33
Lower Bound 2 = 34
Avaliação = 1.11765

Tempo de execução: 60s

---------------------------

Largura da faixa = 12
Melhor altura = 38

Lower Bound 1 = 33
Lower Bound 2 = 34
Avaliação = 1.11765

Tempo de execução: 60s

---------------------------

Largura da faixa = 12
Melhor altura = 38

Lower Bound 1 = 33
Lower Bound 2 = 34
Avaliação = 1.11765

Tempo de execução: 60s

---------------------------

Largura da faixa = 12
Melhor altura = 38

Lower Bound 1 = 33
Lower Bound 2 = 34
Avaliação = 1.11765

Tempo de execução: 60s

---------------------------

Largura da faixa = 12
Melhor altura = 38

Lower Bound 1 = 33
Lower Bound 2 = 34
Avaliação = 1.11765

Tempo de execução: 60s

---------------------------

Largura da faixa = 12
Melhor altura = 38

Lower Bound 1 = 33
Lower Bound 2 = 34
Avaliação = 1.11765

Tempo de execução: 60s

---------------------------

Largura da faixa = 12
Melhor altura = 38

Lower Bound 1 = 33
Lower Bound 2 = 34
Avaliação = 1.11765

Tempo de execução: 60s

---------------------------

Largura da faixa = 12
Melhor altura = 38

Lower Bound 1 = 33
Lower Bound 2 = 34
Avaliação = 1.11765

Tempo de execução: 60s

---------------------------

Largura da faixa = 12
Melhor altura = 38

Lower Bound 1 = 33
Lower Bound 2 = 34
Avaliação = 1.11765

Tempo de execução: 60s

---------------------------

