Largura da faixa = 24
Melhor altura = 79

Lower Bound 1 = 75
Lower Bound 2 = 28
Avaliação = 1.05333

Tempo de execução: 60.0001s

---------------------------

Largura da faixa = 24
Melhor altura = 79

Lower Bound 1 = 75
Lower Bound 2 = 28
Avaliação = 1.05333

Tempo de execução: 60.0001s

---------------------------

Largura da faixa = 24
Melhor altura = 80

Lower Bound 1 = 75
Lower Bound 2 = 28
Avaliação = 1.06667

Tempo de execução: 60.0001s

---------------------------

Largura da faixa = 24
Melhor altura = 80

Lower Bound 1 = 75
Lower Bound 2 = 28
Avaliação = 1.06667

Tempo de execução: 60.0001s

---------------------------

Largura da faixa = 24
Melhor altura = 79

Lower Bound 1 = 75
Lower Bound 2 = 28
Avaliação = 1.05333

Tempo de execução: 60.0001s

---------------------------

Largura da faixa = 24
Melhor altura = 80

Lower Bound 1 = 75
Lower Bound 2 = 28
Avaliação = 1.06667

Tempo de execução: 60.0002s

---------------------------

Largura da faixa = 24
Melhor altura = 81

Lower Bound 1 = 75
Lower Bound 2 = 28
Avaliação = 1.08

Tempo de execução: 60.0002s

---------------------------

Largura da faixa = 24
Melhor altura = 79

Lower Bound 1 = 75
Lower Bound 2 = 28
Avaliação = 1.05333

Tempo de execução: 60s

---------------------------

Largura da faixa = 24
Melhor altura = 80

Lower Bound 1 = 75
Lower Bound 2 = 28
Avaliação = 1.06667

Tempo de execução: 60.0002s

---------------------------

Largura da faixa = 24
Melhor altura = 80

Lower Bound 1 = 75
Lower Bound 2 = 28
Avaliação = 1.06667

Tempo de execução: 60s

---------------------------

Largura da faixa = 24
Melhor altura = 80

Lower Bound 1 = 75
Lower Bound 2 = 28
Avaliação = 1.06667

Tempo de execução: 60s

---------------------------

Largura da faixa = 24
Melhor altura = 79

Lower Bound 1 = 75
Lower Bound 2 = 28
Avaliação = 1.05333

Tempo de execução: 60.0002s

---------------------------

Largura da faixa = 24
Melhor altura = 81

Lower Bound 1 = 75
Lower Bound 2 = 28
Avaliação = 1.08

Tempo de execução: 60s

---------------------------

Largura da faixa = 24
Melhor altura = 80

Lower Bound 1 = 75
Lower Bound 2 = 28
Avaliação = 1.06667

Tempo de execução: 60.0004s

---------------------------

Largura da faixa = 24
Melhor altura = 81

Lower Bound 1 = 75
Lower Bound 2 = 28
Avaliação = 1.08

Tempo de execução: 60.0001s

---------------------------

Largura da faixa = 24
Melhor altura = 79

Lower Bound 1 = 75
Lower Bound 2 = 28
Avaliação = 1.05333

Tempo de execução: 60s

---------------------------

Largura da faixa = 24
Melhor altura = 79

Lower Bound 1 = 75
Lower Bound 2 = 28
Avaliação = 1.05333

Tempo de execução: 60.0001s

---------------------------

Largura da faixa = 24
Melhor altura = 80

Lower Bound 1 = 75
Lower Bound 2 = 28
Avaliação = 1.06667

Tempo de execução: 60s

---------------------------

Largura da faixa = 24
Melhor altura = 79

Lower Bound 1 = 75
Lower Bound 2 = 28
Avaliação = 1.05333

Tempo de execução: 60.0001s

---------------------------

Largura da faixa = 24
Melhor altura = 80

Lower Bound 1 = 75
Lower Bound 2 = 28
Avaliação = 1.06667

Tempo de execução: 60.0002s

---------------------------

