Largura da faixa = 28
Melhor altura = 154

Lower Bound 1 = 128
Lower Bound 2 = 121
Avaliação = 1.20312

Tempo de execução: 60s

---------------------------

Largura da faixa = 28
Melhor altura = 155

Lower Bound 1 = 128
Lower Bound 2 = 121
Avaliação = 1.21094

Tempo de execução: 60.0001s

---------------------------

Largura da faixa = 28
Melhor altura = 155

Lower Bound 1 = 128
Lower Bound 2 = 121
Avaliação = 1.21094

Tempo de execução: 60.0001s

---------------------------

Largura da faixa = 28
Melhor altura = 154

Lower Bound 1 = 128
Lower Bound 2 = 121
Avaliação = 1.20312

Tempo de execução: 60.0003s

---------------------------

Largura da faixa = 28
Melhor altura = 154

Lower Bound 1 = 128
Lower Bound 2 = 121
Avaliação = 1.20312

Tempo de execução: 60.0001s

---------------------------

Largura da faixa = 28
Melhor altura = 155

Lower Bound 1 = 128
Lower Bound 2 = 121
Avaliação = 1.21094

Tempo de execução: 60.0003s

---------------------------

Largura da faixa = 28
Melhor altura = 154

Lower Bound 1 = 128
Lower Bound 2 = 121
Avaliação = 1.20312

Tempo de execução: 60.0002s

---------------------------

Largura da faixa = 28
Melhor altura = 154

Lower Bound 1 = 128
Lower Bound 2 = 121
Avaliação = 1.20312

Tempo de execução: 60s

---------------------------

Largura da faixa = 28
Melhor altura = 155

Lower Bound 1 = 128
Lower Bound 2 = 121
Avaliação = 1.21094

Tempo de execução: 60.0005s

---------------------------

Largura da faixa = 28
Melhor altura = 155

Lower Bound 1 = 128
Lower Bound 2 = 121
Avaliação = 1.21094

Tempo de execução: 60.0002s

---------------------------

Largura da faixa = 28
Melhor altura = 154

Lower Bound 1 = 128
Lower Bound 2 = 121
Avaliação = 1.20312

Tempo de execução: 60.0001s

---------------------------

Largura da faixa = 28
Melhor altura = 155

Lower Bound 1 = 128
Lower Bound 2 = 121
Avaliação = 1.21094

Tempo de execução: 60.0011s

---------------------------

Largura da faixa = 28
Melhor altura = 155

Lower Bound 1 = 128
Lower Bound 2 = 121
Avaliação = 1.21094

Tempo de execução: 60s

---------------------------

Largura da faixa = 28
Melhor altura = 154

Lower Bound 1 = 128
Lower Bound 2 = 121
Avaliação = 1.20312

Tempo de execução: 60.0002s

---------------------------

Largura da faixa = 28
Melhor altura = 154

Lower Bound 1 = 128
Lower Bound 2 = 121
Avaliação = 1.20312

Tempo de execução: 60.001s

---------------------------

Largura da faixa = 28
Melhor altura = 155

Lower Bound 1 = 128
Lower Bound 2 = 121
Avaliação = 1.21094

Tempo de execução: 60s

---------------------------

Largura da faixa = 28
Melhor altura = 154

Lower Bound 1 = 128
Lower Bound 2 = 121
Avaliação = 1.20312

Tempo de execução: 60.0002s

---------------------------

Largura da faixa = 28
Melhor altura = 154

Lower Bound 1 = 128
Lower Bound 2 = 121
Avaliação = 1.20312

Tempo de execução: 60.0001s

---------------------------

Largura da faixa = 28
Melhor altura = 154

Lower Bound 1 = 128
Lower Bound 2 = 121
Avaliação = 1.20312

Tempo de execução: 60.0003s

---------------------------

Largura da faixa = 28
Melhor altura = 154

Lower Bound 1 = 128
Lower Bound 2 = 121
Avaliação = 1.20312

Tempo de execução: 60.0002s

---------------------------

