Largura da faixa = 35
Melhor altura = 112

Lower Bound 1 = 102
Lower Bound 2 = 94
Avaliação = 1.09804

Tempo de execução: 60.0003s

---------------------------

Largura da faixa = 35
Melhor altura = 114

Lower Bound 1 = 102
Lower Bound 2 = 94
Avaliação = 1.11765

Tempo de execução: 60.0001s

---------------------------

Largura da faixa = 35
Melhor altura = 112

Lower Bound 1 = 102
Lower Bound 2 = 94
Avaliação = 1.09804

Tempo de execução: 60.0008s

---------------------------

Largura da faixa = 35
Melhor altura = 115

Lower Bound 1 = 102
Lower Bound 2 = 94
Avaliação = 1.12745

Tempo de execução: 60.0001s

---------------------------

Largura da faixa = 35
Melhor altura = 111

Lower Bound 1 = 102
Lower Bound 2 = 94
Avaliação = 1.08824

Tempo de execução: 60.0001s

---------------------------

Largura da faixa = 35
Melhor altura = 114

Lower Bound 1 = 102
Lower Bound 2 = 94
Avaliação = 1.11765

Tempo de execução: 60.0006s

---------------------------

Largura da faixa = 35
Melhor altura = 113

Lower Bound 1 = 102
Lower Bound 2 = 94
Avaliação = 1.10784

Tempo de execução: 60s

---------------------------

Largura da faixa = 35
Melhor altura = 112

Lower Bound 1 = 102
Lower Bound 2 = 94
Avaliação = 1.09804

Tempo de execução: 60s

---------------------------

Largura da faixa = 35
Melhor altura = 113

Lower Bound 1 = 102
Lower Bound 2 = 94
Avaliação = 1.10784

Tempo de execução: 60.0009s

---------------------------

Largura da faixa = 35
Melhor altura = 112

Lower Bound 1 = 102
Lower Bound 2 = 94
Avaliação = 1.09804

Tempo de execução: 60.0001s

---------------------------

Largura da faixa = 35
Melhor altura = 116

Lower Bound 1 = 102
Lower Bound 2 = 94
Avaliação = 1.13725

Tempo de execução: 60.0003s

---------------------------

Largura da faixa = 35
Melhor altura = 115

Lower Bound 1 = 102
Lower Bound 2 = 94
Avaliação = 1.12745

Tempo de execução: 60.0002s

---------------------------

Largura da faixa = 35
Melhor altura = 111

Lower Bound 1 = 102
Lower Bound 2 = 94
Avaliação = 1.08824

Tempo de execução: 60.0004s

---------------------------

Largura da faixa = 35
Melhor altura = 114

Lower Bound 1 = 102
Lower Bound 2 = 94
Avaliação = 1.11765

Tempo de execução: 60.0003s

---------------------------

Largura da faixa = 35
Melhor altura = 114

Lower Bound 1 = 102
Lower Bound 2 = 94
Avaliação = 1.11765

Tempo de execução: 60.0007s

---------------------------

Largura da faixa = 35
Melhor altura = 114

Lower Bound 1 = 102
Lower Bound 2 = 94
Avaliação = 1.11765

Tempo de execução: 60s

---------------------------

Largura da faixa = 35
Melhor altura = 114

Lower Bound 1 = 102
Lower Bound 2 = 94
Avaliação = 1.11765

Tempo de execução: 60.0007s

---------------------------

Largura da faixa = 35
Melhor altura = 111

Lower Bound 1 = 102
Lower Bound 2 = 94
Avaliação = 1.08824

Tempo de execução: 60.0003s

---------------------------

Largura da faixa = 35
Melhor altura = 114

Lower Bound 1 = 102
Lower Bound 2 = 94
Avaliação = 1.11765

Tempo de execução: 60.0001s

---------------------------

Largura da faixa = 35
Melhor altura = 115

Lower Bound 1 = 102
Lower Bound 2 = 94
Avaliação = 1.12745

Tempo de execução: 60.0001s

---------------------------

