Largura da faixa = 30
Melhor altura = 142

Lower Bound 1 = 120
Lower Bound 2 = 113
Avaliação = 1.18333

Tempo de execução: 60.0003s

---------------------------

Largura da faixa = 30
Melhor altura = 139

Lower Bound 1 = 120
Lower Bound 2 = 113
Avaliação = 1.15833

Tempo de execução: 60.0001s

---------------------------

Largura da faixa = 30
Melhor altura = 144

Lower Bound 1 = 120
Lower Bound 2 = 113
Avaliação = 1.2

Tempo de execução: 60.0005s

---------------------------

Largura da faixa = 30
Melhor altura = 141

Lower Bound 1 = 120
Lower Bound 2 = 113
Avaliação = 1.175

Tempo de execução: 60s

---------------------------

Largura da faixa = 30
Melhor altura = 142

Lower Bound 1 = 120
Lower Bound 2 = 113
Avaliação = 1.18333

Tempo de execução: 60s

---------------------------

Largura da faixa = 30
Melhor altura = 141

Lower Bound 1 = 120
Lower Bound 2 = 113
Avaliação = 1.175

Tempo de execução: 60s

---------------------------

Largura da faixa = 30
Melhor altura = 138

Lower Bound 1 = 120
Lower Bound 2 = 113
Avaliação = 1.15

Tempo de execução: 60.0003s

---------------------------

Largura da faixa = 30
Melhor altura = 142

Lower Bound 1 = 120
Lower Bound 2 = 113
Avaliação = 1.18333

Tempo de execução: 60.0002s

---------------------------

Largura da faixa = 30
Melhor altura = 138

Lower Bound 1 = 120
Lower Bound 2 = 113
Avaliação = 1.15

Tempo de execução: 60.0005s

---------------------------

Largura da faixa = 30
Melhor altura = 138

Lower Bound 1 = 120
Lower Bound 2 = 113
Avaliação = 1.15

Tempo de execução: 60.0003s

---------------------------

Largura da faixa = 30
Melhor altura = 143

Lower Bound 1 = 120
Lower Bound 2 = 113
Avaliação = 1.19167

Tempo de execução: 60s

---------------------------

Largura da faixa = 30
Melhor altura = 140

Lower Bound 1 = 120
Lower Bound 2 = 113
Avaliação = 1.16667

Tempo de execução: 60.0012s

---------------------------

Largura da faixa = 30
Melhor altura = 141

Lower Bound 1 = 120
Lower Bound 2 = 113
Avaliação = 1.175

Tempo de execução: 60.0001s

---------------------------

Largura da faixa = 30
Melhor altura = 141

Lower Bound 1 = 120
Lower Bound 2 = 113
Avaliação = 1.175

Tempo de execução: 60.0001s

---------------------------

Largura da faixa = 30
Melhor altura = 139

Lower Bound 1 = 120
Lower Bound 2 = 113
Avaliação = 1.15833

Tempo de execução: 60.0002s

---------------------------

Largura da faixa = 30
Melhor altura = 138

Lower Bound 1 = 120
Lower Bound 2 = 113
Avaliação = 1.15

Tempo de execução: 60.0003s

---------------------------

Largura da faixa = 30
Melhor altura = 140

Lower Bound 1 = 120
Lower Bound 2 = 113
Avaliação = 1.16667

Tempo de execução: 60.0005s

---------------------------

Largura da faixa = 30
Melhor altura = 141

Lower Bound 1 = 120
Lower Bound 2 = 113
Avaliação = 1.175

Tempo de execução: 60.0007s

---------------------------

Largura da faixa = 30
Melhor altura = 141

Lower Bound 1 = 120
Lower Bound 2 = 113
Avaliação = 1.175

Tempo de execução: 60.0003s

---------------------------

Largura da faixa = 30
Melhor altura = 140

Lower Bound 1 = 120
Lower Bound 2 = 113
Avaliação = 1.16667

Tempo de execução: 60.0006s

---------------------------

