Largura da faixa = 38
Melhor altura = 175

Lower Bound 1 = 142
Lower Bound 2 = 110
Avaliação = 1.23239

Tempo de execução: 60.0007s

---------------------------

Largura da faixa = 38
Melhor altura = 176

Lower Bound 1 = 142
Lower Bound 2 = 110
Avaliação = 1.23944

Tempo de execução: 60.0001s

---------------------------

Largura da faixa = 38
Melhor altura = 178

Lower Bound 1 = 142
Lower Bound 2 = 110
Avaliação = 1.25352

Tempo de execução: 60.0004s

---------------------------

Largura da faixa = 38
Melhor altura = 174

Lower Bound 1 = 142
Lower Bound 2 = 110
Avaliação = 1.22535

Tempo de execução: 60.0011s

---------------------------

Largura da faixa = 38
Melhor altura = 175

Lower Bound 1 = 142
Lower Bound 2 = 110
Avaliação = 1.23239

Tempo de execução: 60.0001s

---------------------------

Largura da faixa = 38
Melhor altura = 175

Lower Bound 1 = 142
Lower Bound 2 = 110
Avaliação = 1.23239

Tempo de execução: 60.0029s

---------------------------

Largura da faixa = 38
Melhor altura = 175

Lower Bound 1 = 142
Lower Bound 2 = 110
Avaliação = 1.23239

Tempo de execução: 60.0006s

---------------------------

Largura da faixa = 38
Melhor altura = 178

Lower Bound 1 = 142
Lower Bound 2 = 110
Avaliação = 1.25352

Tempo de execução: 60.001s

---------------------------

Largura da faixa = 38
Melhor altura = 176

Lower Bound 1 = 142
Lower Bound 2 = 110
Avaliação = 1.23944

Tempo de execução: 60.001s

---------------------------

Largura da faixa = 38
Melhor altura = 177

Lower Bound 1 = 142
Lower Bound 2 = 110
Avaliação = 1.24648

Tempo de execução: 60.0002s

---------------------------

Largura da faixa = 38
Melhor altura = 177

Lower Bound 1 = 142
Lower Bound 2 = 110
Avaliação = 1.24648

Tempo de execução: 60.0001s

---------------------------

Largura da faixa = 38
Melhor altura = 180

Lower Bound 1 = 142
Lower Bound 2 = 110
Avaliação = 1.26761

Tempo de execução: 60.0003s

---------------------------

Largura da faixa = 38
Melhor altura = 176

Lower Bound 1 = 142
Lower Bound 2 = 110
Avaliação = 1.23944

Tempo de execução: 60.0011s

---------------------------

Largura da faixa = 38
Melhor altura = 173

Lower Bound 1 = 142
Lower Bound 2 = 110
Avaliação = 1.21831

Tempo de execução: 60.0006s

---------------------------

Largura da faixa = 38
Melhor altura = 180

Lower Bound 1 = 142
Lower Bound 2 = 110
Avaliação = 1.26761

Tempo de execução: 60.0028s

---------------------------

Largura da faixa = 38
Melhor altura = 177

Lower Bound 1 = 142
Lower Bound 2 = 110
Avaliação = 1.24648

Tempo de execução: 60.0005s

---------------------------

Largura da faixa = 38
Melhor altura = 175

Lower Bound 1 = 142
Lower Bound 2 = 110
Avaliação = 1.23239

Tempo de execução: 60.0001s

---------------------------

Largura da faixa = 38
Melhor altura = 176

Lower Bound 1 = 142
Lower Bound 2 = 110
Avaliação = 1.23944

Tempo de execução: 60.0023s

---------------------------

Largura da faixa = 38
Melhor altura = 176

Lower Bound 1 = 142
Lower Bound 2 = 110
Avaliação = 1.23944

Tempo de execução: 60.0004s

---------------------------

Largura da faixa = 38
Melhor altura = 174

Lower Bound 1 = 142
Lower Bound 2 = 110
Avaliação = 1.22535

Tempo de execução: 60.0006s

---------------------------

