Largura da faixa = 37
Melhor altura = 166

Lower Bound 1 = 145
Lower Bound 2 = 95
Avaliação = 1.14483

Tempo de execução: 60.0001s

---------------------------

Largura da faixa = 37
Melhor altura = 165

Lower Bound 1 = 145
Lower Bound 2 = 95
Avaliação = 1.13793

Tempo de execução: 60.0006s

---------------------------

Largura da faixa = 37
Melhor altura = 168

Lower Bound 1 = 145
Lower Bound 2 = 95
Avaliação = 1.15862

Tempo de execução: 60.0016s

---------------------------

Largura da faixa = 37
Melhor altura = 164

Lower Bound 1 = 145
Lower Bound 2 = 95
Avaliação = 1.13103

Tempo de execução: 60.0004s

---------------------------

Largura da faixa = 37
Melhor altura = 168

Lower Bound 1 = 145
Lower Bound 2 = 95
Avaliação = 1.15862

Tempo de execução: 60.0004s

---------------------------

Largura da faixa = 37
Melhor altura = 164

Lower Bound 1 = 145
Lower Bound 2 = 95
Avaliação = 1.13103

Tempo de execução: 60.0024s

---------------------------

Largura da faixa = 37
Melhor altura = 163

Lower Bound 1 = 145
Lower Bound 2 = 95
Avaliação = 1.12414

Tempo de execução: 60.0003s

---------------------------

Largura da faixa = 37
Melhor altura = 164

Lower Bound 1 = 145
Lower Bound 2 = 95
Avaliação = 1.13103

Tempo de execução: 60.0002s

---------------------------

Largura da faixa = 37
Melhor altura = 163

Lower Bound 1 = 145
Lower Bound 2 = 95
Avaliação = 1.12414

Tempo de execução: 60.0008s

---------------------------

Largura da faixa = 37
Melhor altura = 164

Lower Bound 1 = 145
Lower Bound 2 = 95
Avaliação = 1.13103

Tempo de execução: 60.0002s

---------------------------

Largura da faixa = 37
Melhor altura = 165

Lower Bound 1 = 145
Lower Bound 2 = 95
Avaliação = 1.13793

Tempo de execução: 60.0008s

---------------------------

Largura da faixa = 37
Melhor altura = 163

Lower Bound 1 = 145
Lower Bound 2 = 95
Avaliação = 1.12414

Tempo de execução: 60.0012s

---------------------------

Largura da faixa = 37
Melhor altura = 166

Lower Bound 1 = 145
Lower Bound 2 = 95
Avaliação = 1.14483

Tempo de execução: 60s

---------------------------

Largura da faixa = 37
Melhor altura = 167

Lower Bound 1 = 145
Lower Bound 2 = 95
Avaliação = 1.15172

Tempo de execução: 60.0005s

---------------------------

Largura da faixa = 37
Melhor altura = 164

Lower Bound 1 = 145
Lower Bound 2 = 95
Avaliação = 1.13103

Tempo de execução: 60.0006s

---------------------------

Largura da faixa = 37
Melhor altura = 168

Lower Bound 1 = 145
Lower Bound 2 = 95
Avaliação = 1.15862

Tempo de execução: 60.0001s

---------------------------

Largura da faixa = 37
Melhor altura = 166

Lower Bound 1 = 145
Lower Bound 2 = 95
Avaliação = 1.14483

Tempo de execução: 60.0001s

---------------------------

Largura da faixa = 37
Melhor altura = 164

Lower Bound 1 = 145
Lower Bound 2 = 95
Avaliação = 1.13103

Tempo de execução: 60.0003s

---------------------------

Largura da faixa = 37
Melhor altura = 166

Lower Bound 1 = 145
Lower Bound 2 = 95
Avaliação = 1.14483

Tempo de execução: 60.0006s

---------------------------

Largura da faixa = 37
Melhor altura = 166

Lower Bound 1 = 145
Lower Bound 2 = 95
Avaliação = 1.14483

Tempo de execução: 60.0004s

---------------------------

