Largura da faixa = 34
Melhor altura = 188

Lower Bound 1 = 158
Lower Bound 2 = 128
Avaliação = 1.18987

Tempo de execução: 60.0003s

---------------------------

Largura da faixa = 34
Melhor altura = 184

Lower Bound 1 = 158
Lower Bound 2 = 128
Avaliação = 1.16456

Tempo de execução: 60.0006s

---------------------------

Largura da faixa = 34
Melhor altura = 185

Lower Bound 1 = 158
Lower Bound 2 = 128
Avaliação = 1.17089

Tempo de execução: 60.0003s

---------------------------

Largura da faixa = 34
Melhor altura = 184

Lower Bound 1 = 158
Lower Bound 2 = 128
Avaliação = 1.16456

Tempo de execução: 60.0004s

---------------------------

Largura da faixa = 34
Melhor altura = 187

Lower Bound 1 = 158
Lower Bound 2 = 128
Avaliação = 1.18354

Tempo de execução: 60.0003s

---------------------------

Largura da faixa = 34
Melhor altura = 184

Lower Bound 1 = 158
Lower Bound 2 = 128
Avaliação = 1.16456

Tempo de execução: 60.0007s

---------------------------

Largura da faixa = 34
Melhor altura = 185

Lower Bound 1 = 158
Lower Bound 2 = 128
Avaliação = 1.17089

Tempo de execução: 60.0003s

---------------------------

Largura da faixa = 34
Melhor altura = 187

Lower Bound 1 = 158
Lower Bound 2 = 128
Avaliação = 1.18354

Tempo de execução: 60.0003s

---------------------------

Largura da faixa = 34
Melhor altura = 184

Lower Bound 1 = 158
Lower Bound 2 = 128
Avaliação = 1.16456

Tempo de execução: 60.0002s

---------------------------

Largura da faixa = 34
Melhor altura = 186

Lower Bound 1 = 158
Lower Bound 2 = 128
Avaliação = 1.17722

Tempo de execução: 60.0001s

---------------------------

Largura da faixa = 34
Melhor altura = 186

Lower Bound 1 = 158
Lower Bound 2 = 128
Avaliação = 1.17722

Tempo de execução: 60.0003s

---------------------------

Largura da faixa = 34
Melhor altura = 185

Lower Bound 1 = 158
Lower Bound 2 = 128
Avaliação = 1.17089

Tempo de execução: 60.0002s

---------------------------

Largura da faixa = 34
Melhor altura = 184

Lower Bound 1 = 158
Lower Bound 2 = 128
Avaliação = 1.16456

Tempo de execução: 60.0002s

---------------------------

Largura da faixa = 34
Melhor altura = 184

Lower Bound 1 = 158
Lower Bound 2 = 128
Avaliação = 1.16456

Tempo de execução: 60.0008s

---------------------------

Largura da faixa = 34
Melhor altura = 186

Lower Bound 1 = 158
Lower Bound 2 = 128
Avaliação = 1.17722

Tempo de execução: 60.0012s

---------------------------

Largura da faixa = 34
Melhor altura = 185

Lower Bound 1 = 158
Lower Bound 2 = 128
Avaliação = 1.17089

Tempo de execução: 60.0007s

---------------------------

Largura da faixa = 34
Melhor altura = 186

Lower Bound 1 = 158
Lower Bound 2 = 128
Avaliação = 1.17722

Tempo de execução: 60.0011s

---------------------------

Largura da faixa = 34
Melhor altura = 185

Lower Bound 1 = 158
Lower Bound 2 = 128
Avaliação = 1.17089

Tempo de execução: 60.0006s

---------------------------

Largura da faixa = 34
Melhor altura = 184

Lower Bound 1 = 158
Lower Bound 2 = 128
Avaliação = 1.16456

Tempo de execução: 60.0012s

---------------------------

Largura da faixa = 34
Melhor altura = 184

Lower Bound 1 = 158
Lower Bound 2 = 128
Avaliação = 1.16456

Tempo de execução: 60.0007s

---------------------------

