Largura da faixa = 62
Melhor altura = 185

Lower Bound 1 = 154
Lower Bound 2 = 81
Avaliação = 1.2013

Tempo de execução: 60.0019s

---------------------------

Largura da faixa = 62
Melhor altura = 189

Lower Bound 1 = 154
Lower Bound 2 = 81
Avaliação = 1.22727

Tempo de execução: 60.0063s

---------------------------

Largura da faixa = 62
Melhor altura = 194

Lower Bound 1 = 154
Lower Bound 2 = 81
Avaliação = 1.25974

Tempo de execução: 60.0086s

---------------------------

Largura da faixa = 62
Melhor altura = 187

Lower Bound 1 = 154
Lower Bound 2 = 81
Avaliação = 1.21429

Tempo de execução: 60.0007s

---------------------------

Largura da faixa = 62
Melhor altura = 180

Lower Bound 1 = 154
Lower Bound 2 = 81
Avaliação = 1.16883

Tempo de execução: 60.0017s

---------------------------

Largura da faixa = 62
Melhor altura = 191

Lower Bound 1 = 154
Lower Bound 2 = 81
Avaliação = 1.24026

Tempo de execução: 60.0065s

---------------------------

Largura da faixa = 62
Melhor altura = 190

Lower Bound 1 = 154
Lower Bound 2 = 81
Avaliação = 1.23377

Tempo de execução: 60.0006s

---------------------------

Largura da faixa = 62
Melhor altura = 187

Lower Bound 1 = 154
Lower Bound 2 = 81
Avaliação = 1.21429

Tempo de execução: 60.0014s

---------------------------

Largura da faixa = 62
Melhor altura = 190

Lower Bound 1 = 154
Lower Bound 2 = 81
Avaliação = 1.23377

Tempo de execução: 60.0078s

---------------------------

Largura da faixa = 62
Melhor altura = 187

Lower Bound 1 = 154
Lower Bound 2 = 81
Avaliação = 1.21429

Tempo de execução: 60.0043s

---------------------------

Largura da faixa = 62
Melhor altura = 184

Lower Bound 1 = 154
Lower Bound 2 = 81
Avaliação = 1.19481

Tempo de execução: 60.0003s

---------------------------

Largura da faixa = 62
Melhor altura = 192

Lower Bound 1 = 154
Lower Bound 2 = 81
Avaliação = 1.24675

Tempo de execução: 60.0085s

---------------------------

Largura da faixa = 62
Melhor altura = 184

Lower Bound 1 = 154
Lower Bound 2 = 81
Avaliação = 1.19481

Tempo de execução: 60.0004s

---------------------------

Largura da faixa = 62
Melhor altura = 186

Lower Bound 1 = 154
Lower Bound 2 = 81
Avaliação = 1.20779

Tempo de execução: 60.0027s

---------------------------

Largura da faixa = 62
Melhor altura = 183

Lower Bound 1 = 154
Lower Bound 2 = 81
Avaliação = 1.18831

Tempo de execução: 60.0095s

---------------------------

Largura da faixa = 62
Melhor altura = 187

Lower Bound 1 = 154
Lower Bound 2 = 81
Avaliação = 1.21429

Tempo de execução: 60.0014s

---------------------------

Largura da faixa = 62
Melhor altura = 195

Lower Bound 1 = 154
Lower Bound 2 = 81
Avaliação = 1.26623

Tempo de execução: 60.0037s

---------------------------

Largura da faixa = 62
Melhor altura = 179

Lower Bound 1 = 154
Lower Bound 2 = 81
Avaliação = 1.16234

Tempo de execução: 60.0046s

---------------------------

Largura da faixa = 62
Melhor altura = 184

Lower Bound 1 = 154
Lower Bound 2 = 81
Avaliação = 1.19481

Tempo de execução: 60.0001s

---------------------------

Largura da faixa = 62
Melhor altura = 187

Lower Bound 1 = 154
Lower Bound 2 = 81
Avaliação = 1.21429

Tempo de execução: 60.0063s

---------------------------

