Largura da faixa = 55
Melhor altura = 220

Lower Bound 1 = 174
Lower Bound 2 = 136
Avaliação = 1.26437

Tempo de execução: 60.005s

---------------------------

Largura da faixa = 55
Melhor altura = 221

Lower Bound 1 = 174
Lower Bound 2 = 136
Avaliação = 1.27011

Tempo de execução: 60.0033s

---------------------------

Largura da faixa = 55
Melhor altura = 215

Lower Bound 1 = 174
Lower Bound 2 = 136
Avaliação = 1.23563

Tempo de execução: 60.004s

---------------------------

Largura da faixa = 55
Melhor altura = 220

Lower Bound 1 = 174
Lower Bound 2 = 136
Avaliação = 1.26437

Tempo de execução: 60.0011s

---------------------------

Largura da faixa = 55
Melhor altura = 223

Lower Bound 1 = 174
Lower Bound 2 = 136
Avaliação = 1.28161

Tempo de execução: 60.0016s

---------------------------

Largura da faixa = 55
Melhor altura = 222

Lower Bound 1 = 174
Lower Bound 2 = 136
Avaliação = 1.27586

Tempo de execução: 60.0052s

---------------------------

Largura da faixa = 55
Melhor altura = 216

Lower Bound 1 = 174
Lower Bound 2 = 136
Avaliação = 1.24138

Tempo de execução: 60s

---------------------------

Largura da faixa = 55
Melhor altura = 214

Lower Bound 1 = 174
Lower Bound 2 = 136
Avaliação = 1.22989

Tempo de execução: 60.0005s

---------------------------

Largura da faixa = 55
Melhor altura = 222

Lower Bound 1 = 174
Lower Bound 2 = 136
Avaliação = 1.27586

Tempo de execução: 60.0018s

---------------------------

Largura da faixa = 55
Melhor altura = 217

Lower Bound 1 = 174
Lower Bound 2 = 136
Avaliação = 1.24713

Tempo de execução: 60.0005s

---------------------------

Largura da faixa = 55
Melhor altura = 221

Lower Bound 1 = 174
Lower Bound 2 = 136
Avaliação = 1.27011

Tempo de execução: 60.0005s

---------------------------

Largura da faixa = 55
Melhor altura = 222

Lower Bound 1 = 174
Lower Bound 2 = 136
Avaliação = 1.27586

Tempo de execução: 60.0016s

---------------------------

Largura da faixa = 55
Melhor altura = 222

Lower Bound 1 = 174
Lower Bound 2 = 136
Avaliação = 1.27586

Tempo de execução: 60.0009s

---------------------------

Largura da faixa = 55
Melhor altura = 220

Lower Bound 1 = 174
Lower Bound 2 = 136
Avaliação = 1.26437

Tempo de execução: 60.003s

---------------------------

Largura da faixa = 55
Melhor altura = 217

Lower Bound 1 = 174
Lower Bound 2 = 136
Avaliação = 1.24713

Tempo de execução: 60.0038s

---------------------------

Largura da faixa = 55
Melhor altura = 222

Lower Bound 1 = 174
Lower Bound 2 = 136
Avaliação = 1.27586

Tempo de execução: 60.0006s

---------------------------

Largura da faixa = 55
Melhor altura = 221

Lower Bound 1 = 174
Lower Bound 2 = 136
Avaliação = 1.27011

Tempo de execução: 60.0016s

---------------------------

Largura da faixa = 55
Melhor altura = 221

Lower Bound 1 = 174
Lower Bound 2 = 136
Avaliação = 1.27011

Tempo de execução: 60.003s

---------------------------

Largura da faixa = 55
Melhor altura = 215

Lower Bound 1 = 174
Lower Bound 2 = 136
Avaliação = 1.23563

Tempo de execução: 60.0017s

---------------------------

Largura da faixa = 55
Melhor altura = 219

Lower Bound 1 = 174
Lower Bound 2 = 136
Avaliação = 1.25862

Tempo de execução: 60.0046s

---------------------------

