Largura da faixa = 61
Melhor altura = 184

Lower Bound 1 = 157
Lower Bound 2 = 69
Avaliação = 1.17197

Tempo de execução: 60.0003s

---------------------------

Largura da faixa = 61
Melhor altura = 183

Lower Bound 1 = 157
Lower Bound 2 = 69
Avaliação = 1.16561

Tempo de execução: 60.0078s

---------------------------

Largura da faixa = 61
Melhor altura = 182

Lower Bound 1 = 157
Lower Bound 2 = 69
Avaliação = 1.15924

Tempo de execução: 60.0065s

---------------------------

Largura da faixa = 61
Melhor altura = 187

Lower Bound 1 = 157
Lower Bound 2 = 69
Avaliação = 1.19108

Tempo de execução: 60.0023s

---------------------------

Largura da faixa = 61
Melhor altura = 187

Lower Bound 1 = 157
Lower Bound 2 = 69
Avaliação = 1.19108

Tempo de execução: 60.0006s

---------------------------

Largura da faixa = 61
Melhor altura = 185

Lower Bound 1 = 157
Lower Bound 2 = 69
Avaliação = 1.17834

Tempo de execução: 60.0097s

---------------------------

Largura da faixa = 61
Melhor altura = 184

Lower Bound 1 = 157
Lower Bound 2 = 69
Avaliação = 1.17197

Tempo de execução: 60.0034s

---------------------------

Largura da faixa = 61
Melhor altura = 184

Lower Bound 1 = 157
Lower Bound 2 = 69
Avaliação = 1.17197

Tempo de execução: 60.0012s

---------------------------

Largura da faixa = 61
Melhor altura = 184

Lower Bound 1 = 157
Lower Bound 2 = 69
Avaliação = 1.17197

Tempo de execução: 60.0114s

---------------------------

Largura da faixa = 61
Melhor altura = 185

Lower Bound 1 = 157
Lower Bound 2 = 69
Avaliação = 1.17834

Tempo de execução: 60.0024s

---------------------------

Largura da faixa = 61
Melhor altura = 183

Lower Bound 1 = 157
Lower Bound 2 = 69
Avaliação = 1.16561

Tempo de execução: 60.0002s

---------------------------

Largura da faixa = 61
Melhor altura = 185

Lower Bound 1 = 157
Lower Bound 2 = 69
Avaliação = 1.17834

Tempo de execução: 60.0028s

---------------------------

Largura da faixa = 61
Melhor altura = 185

Lower Bound 1 = 157
Lower Bound 2 = 69
Avaliação = 1.17834

Tempo de execução: 60.0005s

---------------------------

Largura da faixa = 61
Melhor altura = 182

Lower Bound 1 = 157
Lower Bound 2 = 69
Avaliação = 1.15924

Tempo de execução: 60.0044s

---------------------------

Largura da faixa = 61
Melhor altura = 182

Lower Bound 1 = 157
Lower Bound 2 = 69
Avaliação = 1.15924

Tempo de execução: 60.0023s

---------------------------

Largura da faixa = 61
Melhor altura = 184

Lower Bound 1 = 157
Lower Bound 2 = 69
Avaliação = 1.17197

Tempo de execução: 60.0005s

---------------------------

Largura da faixa = 61
Melhor altura = 183

Lower Bound 1 = 157
Lower Bound 2 = 69
Avaliação = 1.16561

Tempo de execução: 60.0034s

---------------------------

Largura da faixa = 61
Melhor altura = 182

Lower Bound 1 = 157
Lower Bound 2 = 69
Avaliação = 1.15924

Tempo de execução: 60.0134s

---------------------------

Largura da faixa = 61
Melhor altura = 185

Lower Bound 1 = 157
Lower Bound 2 = 69
Avaliação = 1.17834

Tempo de execução: 60.0053s

---------------------------

Largura da faixa = 61
Melhor altura = 183

Lower Bound 1 = 157
Lower Bound 2 = 69
Avaliação = 1.16561

Tempo de execução: 60.0036s

---------------------------

