Largura da faixa = 70
Melhor altura = 678

Lower Bound 1 = 548
Lower Bound 2 = 314
Avaliação = 1.23723

Tempo de execução: 60.0118s

---------------------------

Largura da faixa = 70
Melhor altura = 681

Lower Bound 1 = 548
Lower Bound 2 = 314
Avaliação = 1.2427

Tempo de execução: 60.0167s

---------------------------

Largura da faixa = 70
Melhor altura = 683

Lower Bound 1 = 548
Lower Bound 2 = 314
Avaliação = 1.24635

Tempo de execução: 60.0195s

---------------------------

Largura da faixa = 70
Melhor altura = 666

Lower Bound 1 = 548
Lower Bound 2 = 314
Avaliação = 1.21533

Tempo de execução: 60.0012s

---------------------------

Largura da faixa = 70
Melhor altura = 679

Lower Bound 1 = 548
Lower Bound 2 = 314
Avaliação = 1.23905

Tempo de execução: 60.0221s

---------------------------

Largura da faixa = 70
Melhor altura = 672

Lower Bound 1 = 548
Lower Bound 2 = 314
Avaliação = 1.22628

Tempo de execução: 60.0173s

---------------------------

Largura da faixa = 70
Melhor altura = 674

Lower Bound 1 = 548
Lower Bound 2 = 314
Avaliação = 1.22993

Tempo de execução: 60.0054s

---------------------------

Largura da faixa = 70
Melhor altura = 671

Lower Bound 1 = 548
Lower Bound 2 = 314
Avaliação = 1.22445

Tempo de execução: 60.0143s

---------------------------

Largura da faixa = 70
Melhor altura = 675

Lower Bound 1 = 548
Lower Bound 2 = 314
Avaliação = 1.23175

Tempo de execução: 60.045s

---------------------------

Largura da faixa = 70
Melhor altura = 672

Lower Bound 1 = 548
Lower Bound 2 = 314
Avaliação = 1.22628

Tempo de execução: 60.0086s

---------------------------

Largura da faixa = 70
Melhor altura = 675

Lower Bound 1 = 548
Lower Bound 2 = 314
Avaliação = 1.23175

Tempo de execução: 60.0022s

---------------------------

Largura da faixa = 70
Melhor altura = 670

Lower Bound 1 = 548
Lower Bound 2 = 314
Avaliação = 1.22263

Tempo de execução: 60.0421s

---------------------------

Largura da faixa = 70
Melhor altura = 687

Lower Bound 1 = 548
Lower Bound 2 = 314
Avaliação = 1.25365

Tempo de execução: 60.0035s

---------------------------

Largura da faixa = 70
Melhor altura = 686

Lower Bound 1 = 548
Lower Bound 2 = 314
Avaliação = 1.25182

Tempo de execução: 60.0073s

---------------------------

Largura da faixa = 70
Melhor altura = 685

Lower Bound 1 = 548
Lower Bound 2 = 314
Avaliação = 1.25

Tempo de execução: 60.0106s

---------------------------

Largura da faixa = 70
Melhor altura = 673

Lower Bound 1 = 548
Lower Bound 2 = 314
Avaliação = 1.2281

Tempo de execução: 60.0132s

---------------------------

Largura da faixa = 70
Melhor altura = 668

Lower Bound 1 = 548
Lower Bound 2 = 314
Avaliação = 1.21898

Tempo de execução: 60.0069s

---------------------------

Largura da faixa = 70
Melhor altura = 666

Lower Bound 1 = 548
Lower Bound 2 = 314
Avaliação = 1.21533

Tempo de execução: 60.0125s

---------------------------

Largura da faixa = 70
Melhor altura = 667

Lower Bound 1 = 548
Lower Bound 2 = 314
Avaliação = 1.21715

Tempo de execução: 60.0001s

---------------------------

Largura da faixa = 70
Melhor altura = 684

Lower Bound 1 = 548
Lower Bound 2 = 314
Avaliação = 1.24818

Tempo de execução: 60.0018s

---------------------------

