Largura da faixa = 113
Melhor altura = 419

Lower Bound 1 = 339
Lower Bound 2 = 184
Avaliação = 1.23599

Tempo de execução: 60.0124s

---------------------------

Largura da faixa = 113
Melhor altura = 428

Lower Bound 1 = 339
Lower Bound 2 = 184
Avaliação = 1.26254

Tempo de execução: 60.0133s

---------------------------

Largura da faixa = 113
Melhor altura = 421

Lower Bound 1 = 339
Lower Bound 2 = 184
Avaliação = 1.24189

Tempo de execução: 60.0562s

---------------------------

Largura da faixa = 113
Melhor altura = 429

Lower Bound 1 = 339
Lower Bound 2 = 184
Avaliação = 1.26549

Tempo de execução: 60.0032s

---------------------------

Largura da faixa = 113
Melhor altura = 420

Lower Bound 1 = 339
Lower Bound 2 = 184
Avaliação = 1.23894

Tempo de execução: 60.0404s

---------------------------

Largura da faixa = 113
Melhor altura = 422

Lower Bound 1 = 339
Lower Bound 2 = 184
Avaliação = 1.24484

Tempo de execução: 60.0082s

---------------------------

Largura da faixa = 113
Melhor altura = 424

Lower Bound 1 = 339
Lower Bound 2 = 184
Avaliação = 1.25074

Tempo de execução: 60.0129s

---------------------------

Largura da faixa = 113
Melhor altura = 427

Lower Bound 1 = 339
Lower Bound 2 = 184
Avaliação = 1.25959

Tempo de execução: 60.0342s

---------------------------

Largura da faixa = 113
Melhor altura = 422

Lower Bound 1 = 339
Lower Bound 2 = 184
Avaliação = 1.24484

Tempo de execução: 60.0237s

---------------------------

Largura da faixa = 113
Melhor altura = 427

Lower Bound 1 = 339
Lower Bound 2 = 184
Avaliação = 1.25959

Tempo de execução: 60.0281s

---------------------------

Largura da faixa = 113
Melhor altura = 423

Lower Bound 1 = 339
Lower Bound 2 = 184
Avaliação = 1.24779

Tempo de execução: 60.0315s

---------------------------

Largura da faixa = 113
Melhor altura = 422

Lower Bound 1 = 339
Lower Bound 2 = 184
Avaliação = 1.24484

Tempo de execução: 60.0707s

---------------------------

Largura da faixa = 113
Melhor altura = 432

Lower Bound 1 = 339
Lower Bound 2 = 184
Avaliação = 1.27434

Tempo de execução: 60.0298s

---------------------------

Largura da faixa = 113
Melhor altura = 427

Lower Bound 1 = 339
Lower Bound 2 = 184
Avaliação = 1.25959

Tempo de execução: 60.0452s

---------------------------

Largura da faixa = 113
Melhor altura = 429

Lower Bound 1 = 339
Lower Bound 2 = 184
Avaliação = 1.26549

Tempo de execução: 60.0641s

---------------------------

Largura da faixa = 113
Melhor altura = 422

Lower Bound 1 = 339
Lower Bound 2 = 184
Avaliação = 1.24484

Tempo de execução: 60.0212s

---------------------------

Largura da faixa = 113
Melhor altura = 426

Lower Bound 1 = 339
Lower Bound 2 = 184
Avaliação = 1.25664

Tempo de execução: 60.0361s

---------------------------

Largura da faixa = 113
Melhor altura = 431

Lower Bound 1 = 339
Lower Bound 2 = 184
Avaliação = 1.27139

Tempo de execução: 60.0438s

---------------------------

Largura da faixa = 113
Melhor altura = 426

Lower Bound 1 = 339
Lower Bound 2 = 184
Avaliação = 1.25664

Tempo de execução: 60.0077s

---------------------------

Largura da faixa = 113
Melhor altura = 418

Lower Bound 1 = 339
Lower Bound 2 = 184
Avaliação = 1.23304

Tempo de execução: 60.0012s

---------------------------

