Largura da faixa = 92
Melhor altura = 537

Lower Bound 1 = 417
Lower Bound 2 = 205
Avaliação = 1.28777

Tempo de execução: 60.0041s

---------------------------

Largura da faixa = 92
Melhor altura = 558

Lower Bound 1 = 417
Lower Bound 2 = 205
Avaliação = 1.33813

Tempo de execução: 60.0053s

---------------------------

Largura da faixa = 92
Melhor altura = 538

Lower Bound 1 = 417
Lower Bound 2 = 205
Avaliação = 1.29017

Tempo de execução: 60.0351s

---------------------------

Largura da faixa = 92
Melhor altura = 559

Lower Bound 1 = 417
Lower Bound 2 = 205
Avaliação = 1.34053

Tempo de execução: 60.007s

---------------------------

Largura da faixa = 92
Melhor altura = 560

Lower Bound 1 = 417
Lower Bound 2 = 205
Avaliação = 1.34293

Tempo de execução: 60.0062s

---------------------------

Largura da faixa = 92
Melhor altura = 560

Lower Bound 1 = 417
Lower Bound 2 = 205
Avaliação = 1.34293

Tempo de execução: 60.0409s

---------------------------

Largura da faixa = 92
Melhor altura = 559

Lower Bound 1 = 417
Lower Bound 2 = 205
Avaliação = 1.34053

Tempo de execução: 60.014s

---------------------------

Largura da faixa = 92
Melhor altura = 557

Lower Bound 1 = 417
Lower Bound 2 = 205
Avaliação = 1.33573

Tempo de execução: 60.0245s

---------------------------

Largura da faixa = 92
Melhor altura = 569

Lower Bound 1 = 417
Lower Bound 2 = 205
Avaliação = 1.36451

Tempo de execução: 60.0708s

---------------------------

Largura da faixa = 92
Melhor altura = 566

Lower Bound 1 = 417
Lower Bound 2 = 205
Avaliação = 1.35731

Tempo de execução: 60.0108s

---------------------------

Largura da faixa = 92
Melhor altura = 560

Lower Bound 1 = 417
Lower Bound 2 = 205
Avaliação = 1.34293

Tempo de execução: 60.0045s

---------------------------

Largura da faixa = 92
Melhor altura = 566

Lower Bound 1 = 417
Lower Bound 2 = 205
Avaliação = 1.35731

Tempo de execução: 60.0077s

---------------------------

Largura da faixa = 92
Melhor altura = 562

Lower Bound 1 = 417
Lower Bound 2 = 205
Avaliação = 1.34772

Tempo de execução: 60.01s

---------------------------

Largura da faixa = 92
Melhor altura = 552

Lower Bound 1 = 417
Lower Bound 2 = 205
Avaliação = 1.32374

Tempo de execução: 60.0076s

---------------------------

Largura da faixa = 92
Melhor altura = 549

Lower Bound 1 = 417
Lower Bound 2 = 205
Avaliação = 1.31655

Tempo de execução: 60.0588s

---------------------------

Largura da faixa = 92
Melhor altura = 563

Lower Bound 1 = 417
Lower Bound 2 = 205
Avaliação = 1.35012

Tempo de execução: 60.012s

---------------------------

Largura da faixa = 92
Melhor altura = 552

Lower Bound 1 = 417
Lower Bound 2 = 205
Avaliação = 1.32374

Tempo de execução: 60.0012s

---------------------------

Largura da faixa = 92
Melhor altura = 562

Lower Bound 1 = 417
Lower Bound 2 = 205
Avaliação = 1.34772

Tempo de execução: 60.0727s

---------------------------

Largura da faixa = 92
Melhor altura = 543

Lower Bound 1 = 417
Lower Bound 2 = 205
Avaliação = 1.30216

Tempo de execução: 60.0018s

---------------------------

Largura da faixa = 92
Melhor altura = 561

Lower Bound 1 = 417
Lower Bound 2 = 205
Avaliação = 1.34532

Tempo de execução: 60.0081s

---------------------------

