Largura da faixa = 1890
Melhor altura = 8591

Lower Bound 1 = 7574
Lower Bound 2 = 1890
Avaliação = 1.13428

Tempo de execução: 60.0001s

---------------------------

Largura da faixa = 1890
Melhor altura = 8665

Lower Bound 1 = 7574
Lower Bound 2 = 1890
Avaliação = 1.14405

Tempo de execução: 60.0004s

---------------------------

Largura da faixa = 1890
Melhor altura = 8647

Lower Bound 1 = 7574
Lower Bound 2 = 1890
Avaliação = 1.14167

Tempo de execução: 60.0005s

---------------------------

Largura da faixa = 1890
Melhor altura = 8622

Lower Bound 1 = 7574
Lower Bound 2 = 1890
Avaliação = 1.13837

Tempo de execução: 60s

---------------------------

Largura da faixa = 1890
Melhor altura = 8662

Lower Bound 1 = 7574
Lower Bound 2 = 1890
Avaliação = 1.14365

Tempo de execução: 60.0004s

---------------------------

Largura da faixa = 1890
Melhor altura = 8589

Lower Bound 1 = 7574
Lower Bound 2 = 1890
Avaliação = 1.13401

Tempo de execução: 60.0001s

---------------------------

Largura da faixa = 1890
Melhor altura = 8611

Lower Bound 1 = 7574
Lower Bound 2 = 1890
Avaliação = 1.13692

Tempo de execução: 60.0001s

---------------------------

Largura da faixa = 1890
Melhor altura = 8680

Lower Bound 1 = 7574
Lower Bound 2 = 1890
Avaliação = 1.14603

Tempo de execução: 60.0001s

---------------------------

Largura da faixa = 1890
Melhor altura = 8612

Lower Bound 1 = 7574
Lower Bound 2 = 1890
Avaliação = 1.13705

Tempo de execução: 60.0001s

---------------------------

Largura da faixa = 1890
Melhor altura = 8632

Lower Bound 1 = 7574
Lower Bound 2 = 1890
Avaliação = 1.13969

Tempo de execução: 60.0001s

---------------------------

Largura da faixa = 1890
Melhor altura = 8630

Lower Bound 1 = 7574
Lower Bound 2 = 1890
Avaliação = 1.13942

Tempo de execução: 60.0003s

---------------------------

Largura da faixa = 1890
Melhor altura = 8660

Lower Bound 1 = 7574
Lower Bound 2 = 1890
Avaliação = 1.14339

Tempo de execução: 60.0009s

---------------------------

Largura da faixa = 1890
Melhor altura = 8628

Lower Bound 1 = 7574
Lower Bound 2 = 1890
Avaliação = 1.13916

Tempo de execução: 60.0002s

---------------------------

Largura da faixa = 1890
Melhor altura = 8650

Lower Bound 1 = 7574
Lower Bound 2 = 1890
Avaliação = 1.14206

Tempo de execução: 60s

---------------------------

Largura da faixa = 1890
Melhor altura = 8559

Lower Bound 1 = 7574
Lower Bound 2 = 1890
Avaliação = 1.13005

Tempo de execução: 60.0011s

---------------------------

Largura da faixa = 1890
Melhor altura = 8633

Lower Bound 1 = 7574
Lower Bound 2 = 1890
Avaliação = 1.13982

Tempo de execução: 60s

---------------------------

Largura da faixa = 1890
Melhor altura = 8530

Lower Bound 1 = 7574
Lower Bound 2 = 1890
Avaliação = 1.12622

Tempo de execução: 60.0001s

---------------------------

Largura da faixa = 1890
Melhor altura = 8576

Lower Bound 1 = 7574
Lower Bound 2 = 1890
Avaliação = 1.13229

Tempo de execução: 60.0005s

---------------------------

Largura da faixa = 1890
Melhor altura = 8596

Lower Bound 1 = 7574
Lower Bound 2 = 1890
Avaliação = 1.13494

Tempo de execução: 60.0004s

---------------------------

Largura da faixa = 1890
Melhor altura = 8629

Lower Bound 1 = 7574
Lower Bound 2 = 1890
Avaliação = 1.13929

Tempo de execução: 60.0008s

---------------------------

