Largura da faixa = 745
Melhor altura = 11916

Lower Bound 1 = 8773
Lower Bound 2 = 6952
Avaliação = 1.35826

Tempo de execução: 60.0001s

---------------------------

Largura da faixa = 745
Melhor altura = 11916

Lower Bound 1 = 8773
Lower Bound 2 = 6952
Avaliação = 1.35826

Tempo de execução: 60.0003s

---------------------------

Largura da faixa = 745
Melhor altura = 11916

Lower Bound 1 = 8773
Lower Bound 2 = 6952
Avaliação = 1.35826

Tempo de execução: 60.0006s

---------------------------

Largura da faixa = 745
Melhor altura = 11916

Lower Bound 1 = 8773
Lower Bound 2 = 6952
Avaliação = 1.35826

Tempo de execução: 60s

---------------------------

Largura da faixa = 745
Melhor altura = 11916

Lower Bound 1 = 8773
Lower Bound 2 = 6952
Avaliação = 1.35826

Tempo de execução: 60.0002s

---------------------------

Largura da faixa = 745
Melhor altura = 11916

Lower Bound 1 = 8773
Lower Bound 2 = 6952
Avaliação = 1.35826

Tempo de execução: 60.0001s

---------------------------

Largura da faixa = 745
Melhor altura = 11916

Lower Bound 1 = 8773
Lower Bound 2 = 6952
Avaliação = 1.35826

Tempo de execução: 60.0002s

---------------------------

Largura da faixa = 745
Melhor altura = 11916

Lower Bound 1 = 8773
Lower Bound 2 = 6952
Avaliação = 1.35826

Tempo de execução: 60.0002s

---------------------------

Largura da faixa = 745
Melhor altura = 11916

Lower Bound 1 = 8773
Lower Bound 2 = 6952
Avaliação = 1.35826

Tempo de execução: 60.0005s

---------------------------

Largura da faixa = 745
Melhor altura = 11916

Lower Bound 1 = 8773
Lower Bound 2 = 6952
Avaliação = 1.35826

Tempo de execução: 60.0001s

---------------------------

Largura da faixa = 745
Melhor altura = 11916

Lower Bound 1 = 8773
Lower Bound 2 = 6952
Avaliação = 1.35826

Tempo de execução: 60s

---------------------------

Largura da faixa = 745
Melhor altura = 11916

Lower Bound 1 = 8773
Lower Bound 2 = 6952
Avaliação = 1.35826

Tempo de execução: 60.0003s

---------------------------

Largura da faixa = 745
Melhor altura = 11916

Lower Bound 1 = 8773
Lower Bound 2 = 6952
Avaliação = 1.35826

Tempo de execução: 60.0001s

---------------------------

Largura da faixa = 745
Melhor altura = 11916

Lower Bound 1 = 8773
Lower Bound 2 = 6952
Avaliação = 1.35826

Tempo de execução: 60.0001s

---------------------------

Largura da faixa = 745
Melhor altura = 11916

Lower Bound 1 = 8773
Lower Bound 2 = 6952
Avaliação = 1.35826

Tempo de execução: 60.0005s

---------------------------

Largura da faixa = 745
Melhor altura = 11916

Lower Bound 1 = 8773
Lower Bound 2 = 6952
Avaliação = 1.35826

Tempo de execução: 60s

---------------------------

Largura da faixa = 745
Melhor altura = 11916

Lower Bound 1 = 8773
Lower Bound 2 = 6952
Avaliação = 1.35826

Tempo de execução: 60.0001s

---------------------------

Largura da faixa = 745
Melhor altura = 11916

Lower Bound 1 = 8773
Lower Bound 2 = 6952
Avaliação = 1.35826

Tempo de execução: 60s

---------------------------

Largura da faixa = 745
Melhor altura = 11916

Lower Bound 1 = 8773
Lower Bound 2 = 6952
Avaliação = 1.35826

Tempo de execução: 60.0001s

---------------------------

Largura da faixa = 745
Melhor altura = 11916

Lower Bound 1 = 8773
Lower Bound 2 = 6952
Avaliação = 1.35826

Tempo de execução: 60.0002s

---------------------------

