Largura da faixa = 372
Melhor altura = 4480

Lower Bound 1 = 3311
Lower Bound 2 = 2332
Avaliação = 1.35307

Tempo de execução: 60s

---------------------------

Largura da faixa = 372
Melhor altura = 4480

Lower Bound 1 = 3311
Lower Bound 2 = 2332
Avaliação = 1.35307

Tempo de execução: 60.0002s

---------------------------

Largura da faixa = 372
Melhor altura = 4480

Lower Bound 1 = 3311
Lower Bound 2 = 2332
Avaliação = 1.35307

Tempo de execução: 60.0001s

---------------------------

Largura da faixa = 372
Melhor altura = 4480

Lower Bound 1 = 3311
Lower Bound 2 = 2332
Avaliação = 1.35307

Tempo de execução: 60s

---------------------------

Largura da faixa = 372
Melhor altura = 4480

Lower Bound 1 = 3311
Lower Bound 2 = 2332
Avaliação = 1.35307

Tempo de execução: 60s

---------------------------

Largura da faixa = 372
Melhor altura = 4480

Lower Bound 1 = 3311
Lower Bound 2 = 2332
Avaliação = 1.35307

Tempo de execução: 60s

---------------------------

Largura da faixa = 372
Melhor altura = 4480

Lower Bound 1 = 3311
Lower Bound 2 = 2332
Avaliação = 1.35307

Tempo de execução: 60s

---------------------------

Largura da faixa = 372
Melhor altura = 4480

Lower Bound 1 = 3311
Lower Bound 2 = 2332
Avaliação = 1.35307

Tempo de execução: 60.0002s

---------------------------

Largura da faixa = 372
Melhor altura = 4480

Lower Bound 1 = 3311
Lower Bound 2 = 2332
Avaliação = 1.35307

Tempo de execução: 60.0002s

---------------------------

Largura da faixa = 372
Melhor altura = 4480

Lower Bound 1 = 3311
Lower Bound 2 = 2332
Avaliação = 1.35307

Tempo de execução: 60.0001s

---------------------------

Largura da faixa = 372
Melhor altura = 4480

Lower Bound 1 = 3311
Lower Bound 2 = 2332
Avaliação = 1.35307

Tempo de execução: 60s

---------------------------

Largura da faixa = 372
Melhor altura = 4480

Lower Bound 1 = 3311
Lower Bound 2 = 2332
Avaliação = 1.35307

Tempo de execução: 60.0002s

---------------------------

Largura da faixa = 372
Melhor altura = 4480

Lower Bound 1 = 3311
Lower Bound 2 = 2332
Avaliação = 1.35307

Tempo de execução: 60s

---------------------------

Largura da faixa = 372
Melhor altura = 4480

Lower Bound 1 = 3311
Lower Bound 2 = 2332
Avaliação = 1.35307

Tempo de execução: 60.0001s

---------------------------

Largura da faixa = 372
Melhor altura = 4480

Lower Bound 1 = 3311
Lower Bound 2 = 2332
Avaliação = 1.35307

Tempo de execução: 60.0002s

---------------------------

Largura da faixa = 372
Melhor altura = 4480

Lower Bound 1 = 3311
Lower Bound 2 = 2332
Avaliação = 1.35307

Tempo de execução: 60s

---------------------------

Largura da faixa = 372
Melhor altura = 4480

Lower Bound 1 = 3311
Lower Bound 2 = 2332
Avaliação = 1.35307

Tempo de execução: 60.0001s

---------------------------

Largura da faixa = 372
Melhor altura = 4480

Lower Bound 1 = 3311
Lower Bound 2 = 2332
Avaliação = 1.35307

Tempo de execução: 60.0001s

---------------------------

Largura da faixa = 372
Melhor altura = 4480

Lower Bound 1 = 3311
Lower Bound 2 = 2332
Avaliação = 1.35307

Tempo de execução: 60s

---------------------------

Largura da faixa = 372
Melhor altura = 4480

Lower Bound 1 = 3311
Lower Bound 2 = 2332
Avaliação = 1.35307

Tempo de execução: 60s

---------------------------

