Largura da faixa = 186
Melhor altura = 2955

Lower Bound 1 = 2191
Lower Bound 2 = 1586
Avaliação = 1.3487

Tempo de execução: 60.0001s

---------------------------

Largura da faixa = 186
Melhor altura = 2955

Lower Bound 1 = 2191
Lower Bound 2 = 1586
Avaliação = 1.3487

Tempo de execução: 60s

---------------------------

Largura da faixa = 186
Melhor altura = 2955

Lower Bound 1 = 2191
Lower Bound 2 = 1586
Avaliação = 1.3487

Tempo de execução: 60.0003s

---------------------------

Largura da faixa = 186
Melhor altura = 2955

Lower Bound 1 = 2191
Lower Bound 2 = 1586
Avaliação = 1.3487

Tempo de execução: 60s

---------------------------

Largura da faixa = 186
Melhor altura = 2955

Lower Bound 1 = 2191
Lower Bound 2 = 1586
Avaliação = 1.3487

Tempo de execução: 60.0002s

---------------------------

Largura da faixa = 186
Melhor altura = 2955

Lower Bound 1 = 2191
Lower Bound 2 = 1586
Avaliação = 1.3487

Tempo de execução: 60.0002s

---------------------------

Largura da faixa = 186
Melhor altura = 2955

Lower Bound 1 = 2191
Lower Bound 2 = 1586
Avaliação = 1.3487

Tempo de execução: 60s

---------------------------

Largura da faixa = 186
Melhor altura = 2955

Lower Bound 1 = 2191
Lower Bound 2 = 1586
Avaliação = 1.3487

Tempo de execução: 60s

---------------------------

Largura da faixa = 186
Melhor altura = 2955

Lower Bound 1 = 2191
Lower Bound 2 = 1586
Avaliação = 1.3487

Tempo de execução: 60.0001s

---------------------------

Largura da faixa = 186
Melhor altura = 2955

Lower Bound 1 = 2191
Lower Bound 2 = 1586
Avaliação = 1.3487

Tempo de execução: 60.0001s

---------------------------

Largura da faixa = 186
Melhor altura = 2955

Lower Bound 1 = 2191
Lower Bound 2 = 1586
Avaliação = 1.3487

Tempo de execução: 60.0002s

---------------------------

Largura da faixa = 186
Melhor altura = 2955

Lower Bound 1 = 2191
Lower Bound 2 = 1586
Avaliação = 1.3487

Tempo de execução: 60.0002s

---------------------------

Largura da faixa = 186
Melhor altura = 2955

Lower Bound 1 = 2191
Lower Bound 2 = 1586
Avaliação = 1.3487

Tempo de execução: 60s

---------------------------

Largura da faixa = 186
Melhor altura = 2955

Lower Bound 1 = 2191
Lower Bound 2 = 1586
Avaliação = 1.3487

Tempo de execução: 60.0001s

---------------------------

Largura da faixa = 186
Melhor altura = 2955

Lower Bound 1 = 2191
Lower Bound 2 = 1586
Avaliação = 1.3487

Tempo de execução: 60.0002s

---------------------------

Largura da faixa = 186
Melhor altura = 2955

Lower Bound 1 = 2191
Lower Bound 2 = 1586
Avaliação = 1.3487

Tempo de execução: 60s

---------------------------

Largura da faixa = 186
Melhor altura = 2955

Lower Bound 1 = 2191
Lower Bound 2 = 1586
Avaliação = 1.3487

Tempo de execução: 60s

---------------------------

Largura da faixa = 186
Melhor altura = 2955

Lower Bound 1 = 2191
Lower Bound 2 = 1586
Avaliação = 1.3487

Tempo de execução: 60s

---------------------------

Largura da faixa = 186
Melhor altura = 2955

Lower Bound 1 = 2191
Lower Bound 2 = 1586
Avaliação = 1.3487

Tempo de execução: 60s

---------------------------

Largura da faixa = 186
Melhor altura = 2955

Lower Bound 1 = 2191
Lower Bound 2 = 1586
Avaliação = 1.3487

Tempo de execução: 60s

---------------------------

