Largura da faixa = 186
Melhor altura = 1770

Lower Bound 1 = 1476
Lower Bound 2 = 1069
Avaliação = 1.19919

Tempo de execução: 60.0001s

---------------------------

Largura da faixa = 186
Melhor altura = 1770

Lower Bound 1 = 1476
Lower Bound 2 = 1069
Avaliação = 1.19919

Tempo de execução: 60.0001s

---------------------------

Largura da faixa = 186
Melhor altura = 1770

Lower Bound 1 = 1476
Lower Bound 2 = 1069
Avaliação = 1.19919

Tempo de execução: 60.0001s

---------------------------

Largura da faixa = 186
Melhor altura = 1770

Lower Bound 1 = 1476
Lower Bound 2 = 1069
Avaliação = 1.19919

Tempo de execução: 60s

---------------------------

Largura da faixa = 186
Melhor altura = 1770

Lower Bound 1 = 1476
Lower Bound 2 = 1069
Avaliação = 1.19919

Tempo de execução: 60s

---------------------------

Largura da faixa = 186
Melhor altura = 1770

Lower Bound 1 = 1476
Lower Bound 2 = 1069
Avaliação = 1.19919

Tempo de execução: 60.0001s

---------------------------

Largura da faixa = 186
Melhor altura = 1770

Lower Bound 1 = 1476
Lower Bound 2 = 1069
Avaliação = 1.19919

Tempo de execução: 60s

---------------------------

Largura da faixa = 186
Melhor altura = 1770

Lower Bound 1 = 1476
Lower Bound 2 = 1069
Avaliação = 1.19919

Tempo de execução: 60s

---------------------------

Largura da faixa = 186
Melhor altura = 1770

Lower Bound 1 = 1476
Lower Bound 2 = 1069
Avaliação = 1.19919

Tempo de execução: 60s

---------------------------

Largura da faixa = 186
Melhor altura = 1770

Lower Bound 1 = 1476
Lower Bound 2 = 1069
Avaliação = 1.19919

Tempo de execução: 60.0001s

---------------------------

Largura da faixa = 186
Melhor altura = 1770

Lower Bound 1 = 1476
Lower Bound 2 = 1069
Avaliação = 1.19919

Tempo de execução: 60.0001s

---------------------------

Largura da faixa = 186
Melhor altura = 1770

Lower Bound 1 = 1476
Lower Bound 2 = 1069
Avaliação = 1.19919

Tempo de execução: 60s

---------------------------

Largura da faixa = 186
Melhor altura = 1770

Lower Bound 1 = 1476
Lower Bound 2 = 1069
Avaliação = 1.19919

Tempo de execução: 60s

---------------------------

Largura da faixa = 186
Melhor altura = 1770

Lower Bound 1 = 1476
Lower Bound 2 = 1069
Avaliação = 1.19919

Tempo de execução: 60s

---------------------------

Largura da faixa = 186
Melhor altura = 1770

Lower Bound 1 = 1476
Lower Bound 2 = 1069
Avaliação = 1.19919

Tempo de execução: 60s

---------------------------

Largura da faixa = 186
Melhor altura = 1770

Lower Bound 1 = 1476
Lower Bound 2 = 1069
Avaliação = 1.19919

Tempo de execução: 60s

---------------------------

Largura da faixa = 186
Melhor altura = 1770

Lower Bound 1 = 1476
Lower Bound 2 = 1069
Avaliação = 1.19919

Tempo de execução: 60s

---------------------------

Largura da faixa = 186
Melhor altura = 1770

Lower Bound 1 = 1476
Lower Bound 2 = 1069
Avaliação = 1.19919

Tempo de execução: 60.0002s

---------------------------

Largura da faixa = 186
Melhor altura = 1770

Lower Bound 1 = 1476
Lower Bound 2 = 1069
Avaliação = 1.19919

Tempo de execução: 60s

---------------------------

Largura da faixa = 186
Melhor altura = 1770

Lower Bound 1 = 1476
Lower Bound 2 = 1069
Avaliação = 1.19919

Tempo de execução: 60.0001s

---------------------------

