Largura da faixa = 688
Melhor altura = 3719

Lower Bound 1 = 2938
Lower Bound 2 = 2041
Avaliação = 1.26583

Tempo de execução: 60s

---------------------------

Largura da faixa = 688
Melhor altura = 3719

Lower Bound 1 = 2938
Lower Bound 2 = 2041
Avaliação = 1.26583

Tempo de execução: 60s

---------------------------

Largura da faixa = 688
Melhor altura = 3719

Lower Bound 1 = 2938
Lower Bound 2 = 2041
Avaliação = 1.26583

Tempo de execução: 60.0001s

---------------------------

Largura da faixa = 688
Melhor altura = 3719

Lower Bound 1 = 2938
Lower Bound 2 = 2041
Avaliação = 1.26583

Tempo de execução: 60s

---------------------------

Largura da faixa = 688
Melhor altura = 3719

Lower Bound 1 = 2938
Lower Bound 2 = 2041
Avaliação = 1.26583

Tempo de execução: 60.0001s

---------------------------

Largura da faixa = 688
Melhor altura = 3719

Lower Bound 1 = 2938
Lower Bound 2 = 2041
Avaliação = 1.26583

Tempo de execução: 60.0001s

---------------------------

Largura da faixa = 688
Melhor altura = 3719

Lower Bound 1 = 2938
Lower Bound 2 = 2041
Avaliação = 1.26583

Tempo de execução: 60s

---------------------------

Largura da faixa = 688
Melhor altura = 3719

Lower Bound 1 = 2938
Lower Bound 2 = 2041
Avaliação = 1.26583

Tempo de execução: 60s

---------------------------

Largura da faixa = 688
Melhor altura = 3719

Lower Bound 1 = 2938
Lower Bound 2 = 2041
Avaliação = 1.26583

Tempo de execução: 60s

---------------------------

Largura da faixa = 688
Melhor altura = 3719

Lower Bound 1 = 2938
Lower Bound 2 = 2041
Avaliação = 1.26583

Tempo de execução: 60s

---------------------------

Largura da faixa = 688
Melhor altura = 3719

Lower Bound 1 = 2938
Lower Bound 2 = 2041
Avaliação = 1.26583

Tempo de execução: 60.0001s

---------------------------

Largura da faixa = 688
Melhor altura = 3719

Lower Bound 1 = 2938
Lower Bound 2 = 2041
Avaliação = 1.26583

Tempo de execução: 60.0001s

---------------------------

Largura da faixa = 688
Melhor altura = 3719

Lower Bound 1 = 2938
Lower Bound 2 = 2041
Avaliação = 1.26583

Tempo de execução: 60s

---------------------------

Largura da faixa = 688
Melhor altura = 3719

Lower Bound 1 = 2938
Lower Bound 2 = 2041
Avaliação = 1.26583

Tempo de execução: 60.0001s

---------------------------

Largura da faixa = 688
Melhor altura = 3719

Lower Bound 1 = 2938
Lower Bound 2 = 2041
Avaliação = 1.26583

Tempo de execução: 60s

---------------------------

Largura da faixa = 688
Melhor altura = 3719

Lower Bound 1 = 2938
Lower Bound 2 = 2041
Avaliação = 1.26583

Tempo de execução: 60s

---------------------------

Largura da faixa = 688
Melhor altura = 3719

Lower Bound 1 = 2938
Lower Bound 2 = 2041
Avaliação = 1.26583

Tempo de execução: 60s

---------------------------

Largura da faixa = 688
Melhor altura = 3719

Lower Bound 1 = 2938
Lower Bound 2 = 2041
Avaliação = 1.26583

Tempo de execução: 60s

---------------------------

Largura da faixa = 688
Melhor altura = 3719

Lower Bound 1 = 2938
Lower Bound 2 = 2041
Avaliação = 1.26583

Tempo de execução: 60s

---------------------------

Largura da faixa = 688
Melhor altura = 3719

Lower Bound 1 = 2938
Lower Bound 2 = 2041
Avaliação = 1.26583

Tempo de execução: 60s

---------------------------

