Largura da faixa = 746
Melhor altura = 21318

Lower Bound 1 = 16785
Lower Bound 2 = 11405
Avaliação = 1.27006

Tempo de execução: 60.0004s

---------------------------

Largura da faixa = 746
Melhor altura = 21318

Lower Bound 1 = 16785
Lower Bound 2 = 11405
Avaliação = 1.27006

Tempo de execução: 60.0004s

---------------------------

Largura da faixa = 746
Melhor altura = 21318

Lower Bound 1 = 16785
Lower Bound 2 = 11405
Avaliação = 1.27006

Tempo de execução: 60.0006s

---------------------------

Largura da faixa = 746
Melhor altura = 21318

Lower Bound 1 = 16785
Lower Bound 2 = 11405
Avaliação = 1.27006

Tempo de execução: 60s

---------------------------

Largura da faixa = 746
Melhor altura = 21318

Lower Bound 1 = 16785
Lower Bound 2 = 11405
Avaliação = 1.27006

Tempo de execução: 60.0004s

---------------------------

Largura da faixa = 746
Melhor altura = 21318

Lower Bound 1 = 16785
Lower Bound 2 = 11405
Avaliação = 1.27006

Tempo de execução: 60.0009s

---------------------------

Largura da faixa = 746
Melhor altura = 21318

Lower Bound 1 = 16785
Lower Bound 2 = 11405
Avaliação = 1.27006

Tempo de execução: 60.001s

---------------------------

Largura da faixa = 746
Melhor altura = 21318

Lower Bound 1 = 16785
Lower Bound 2 = 11405
Avaliação = 1.27006

Tempo de execução: 60.0014s

---------------------------

Largura da faixa = 746
Melhor altura = 21318

Lower Bound 1 = 16785
Lower Bound 2 = 11405
Avaliação = 1.27006

Tempo de execução: 60.0017s

---------------------------

Largura da faixa = 746
Melhor altura = 21318

Lower Bound 1 = 16785
Lower Bound 2 = 11405
Avaliação = 1.27006

Tempo de execução: 60.0001s

---------------------------

Largura da faixa = 746
Melhor altura = 21318

Lower Bound 1 = 16785
Lower Bound 2 = 11405
Avaliação = 1.27006

Tempo de execução: 60.0005s

---------------------------

Largura da faixa = 746
Melhor altura = 21318

Lower Bound 1 = 16785
Lower Bound 2 = 11405
Avaliação = 1.27006

Tempo de execução: 60.0011s

---------------------------

Largura da faixa = 746
Melhor altura = 21318

Lower Bound 1 = 16785
Lower Bound 2 = 11405
Avaliação = 1.27006

Tempo de execução: 60.0001s

---------------------------

Largura da faixa = 746
Melhor altura = 21318

Lower Bound 1 = 16785
Lower Bound 2 = 11405
Avaliação = 1.27006

Tempo de execução: 60s

---------------------------

Largura da faixa = 746
Melhor altura = 21318

Lower Bound 1 = 16785
Lower Bound 2 = 11405
Avaliação = 1.27006

Tempo de execução: 60s

---------------------------

Largura da faixa = 746
Melhor altura = 21318

Lower Bound 1 = 16785
Lower Bound 2 = 11405
Avaliação = 1.27006

Tempo de execução: 60s

---------------------------

Largura da faixa = 746
Melhor altura = 21318

Lower Bound 1 = 16785
Lower Bound 2 = 11405
Avaliação = 1.27006

Tempo de execução: 60.0004s

---------------------------

Largura da faixa = 746
Melhor altura = 21318

Lower Bound 1 = 16785
Lower Bound 2 = 11405
Avaliação = 1.27006

Tempo de execução: 60.0013s

---------------------------

Largura da faixa = 746
Melhor altura = 21318

Lower Bound 1 = 16785
Lower Bound 2 = 11405
Avaliação = 1.27006

Tempo de execução: 60.0003s

---------------------------

Largura da faixa = 746
Melhor altura = 21318

Lower Bound 1 = 16785
Lower Bound 2 = 11405
Avaliação = 1.27006

Tempo de execução: 60.001s

---------------------------

