Largura da faixa = 374
Melhor altura = 10028

Lower Bound 1 = 7501
Lower Bound 2 = 5178
Avaliação = 1.33689

Tempo de execução: 60s

---------------------------

Largura da faixa = 374
Melhor altura = 10028

Lower Bound 1 = 7501
Lower Bound 2 = 5178
Avaliação = 1.33689

Tempo de execução: 60.0002s

---------------------------

Largura da faixa = 374
Melhor altura = 10028

Lower Bound 1 = 7501
Lower Bound 2 = 5178
Avaliação = 1.33689

Tempo de execução: 60.0012s

---------------------------

Largura da faixa = 374
Melhor altura = 10028

Lower Bound 1 = 7501
Lower Bound 2 = 5178
Avaliação = 1.33689

Tempo de execução: 60.0004s

---------------------------

Largura da faixa = 374
Melhor altura = 10028

Lower Bound 1 = 7501
Lower Bound 2 = 5178
Avaliação = 1.33689

Tempo de execução: 60.0006s

---------------------------

Largura da faixa = 374
Melhor altura = 10028

Lower Bound 1 = 7501
Lower Bound 2 = 5178
Avaliação = 1.33689

Tempo de execução: 60.0013s

---------------------------

Largura da faixa = 374
Melhor altura = 10028

Lower Bound 1 = 7501
Lower Bound 2 = 5178
Avaliação = 1.33689

Tempo de execução: 60s

---------------------------

Largura da faixa = 374
Melhor altura = 10028

Lower Bound 1 = 7501
Lower Bound 2 = 5178
Avaliação = 1.33689

Tempo de execução: 60s

---------------------------

Largura da faixa = 374
Melhor altura = 10028

Lower Bound 1 = 7501
Lower Bound 2 = 5178
Avaliação = 1.33689

Tempo de execução: 60.0001s

---------------------------

Largura da faixa = 374
Melhor altura = 10028

Lower Bound 1 = 7501
Lower Bound 2 = 5178
Avaliação = 1.33689

Tempo de execução: 60.0001s

---------------------------

Largura da faixa = 374
Melhor altura = 10028

Lower Bound 1 = 7501
Lower Bound 2 = 5178
Avaliação = 1.33689

Tempo de execução: 60.0015s

---------------------------

Largura da faixa = 374
Melhor altura = 10028

Lower Bound 1 = 7501
Lower Bound 2 = 5178
Avaliação = 1.33689

Tempo de execução: 60.0016s

---------------------------

Largura da faixa = 374
Melhor altura = 10028

Lower Bound 1 = 7501
Lower Bound 2 = 5178
Avaliação = 1.33689

Tempo de execução: 60.0005s

---------------------------

Largura da faixa = 374
Melhor altura = 10028

Lower Bound 1 = 7501
Lower Bound 2 = 5178
Avaliação = 1.33689

Tempo de execução: 60.001s

---------------------------

Largura da faixa = 374
Melhor altura = 10028

Lower Bound 1 = 7501
Lower Bound 2 = 5178
Avaliação = 1.33689

Tempo de execução: 60.0007s

---------------------------

Largura da faixa = 374
Melhor altura = 10028

Lower Bound 1 = 7501
Lower Bound 2 = 5178
Avaliação = 1.33689

Tempo de execução: 60.0001s

---------------------------

Largura da faixa = 374
Melhor altura = 10028

Lower Bound 1 = 7501
Lower Bound 2 = 5178
Avaliação = 1.33689

Tempo de execução: 60.0003s

---------------------------

Largura da faixa = 374
Melhor altura = 10028

Lower Bound 1 = 7501
Lower Bound 2 = 5178
Avaliação = 1.33689

Tempo de execução: 60.0018s

---------------------------

Largura da faixa = 374
Melhor altura = 10028

Lower Bound 1 = 7501
Lower Bound 2 = 5178
Avaliação = 1.33689

Tempo de execução: 60.0001s

---------------------------

Largura da faixa = 374
Melhor altura = 10028

Lower Bound 1 = 7501
Lower Bound 2 = 5178
Avaliação = 1.33689

Tempo de execução: 60s

---------------------------

