Largura da faixa = 374
Melhor altura = 6909

Lower Bound 1 = 5360
Lower Bound 2 = 3682
Avaliação = 1.28899

Tempo de execução: 60s

---------------------------

Largura da faixa = 374
Melhor altura = 6909

Lower Bound 1 = 5360
Lower Bound 2 = 3682
Avaliação = 1.28899

Tempo de execução: 60s

---------------------------

Largura da faixa = 374
Melhor altura = 6909

Lower Bound 1 = 5360
Lower Bound 2 = 3682
Avaliação = 1.28899

Tempo de execução: 60s

---------------------------

Largura da faixa = 374
Melhor altura = 6909

Lower Bound 1 = 5360
Lower Bound 2 = 3682
Avaliação = 1.28899

Tempo de execução: 60s

---------------------------

Largura da faixa = 374
Melhor altura = 6909

Lower Bound 1 = 5360
Lower Bound 2 = 3682
Avaliação = 1.28899

Tempo de execução: 60s

---------------------------

Largura da faixa = 374
Melhor altura = 6909

Lower Bound 1 = 5360
Lower Bound 2 = 3682
Avaliação = 1.28899

Tempo de execução: 60.0005s

---------------------------

Largura da faixa = 374
Melhor altura = 6909

Lower Bound 1 = 5360
Lower Bound 2 = 3682
Avaliação = 1.28899

Tempo de execução: 60.0002s

---------------------------

Largura da faixa = 374
Melhor altura = 6909

Lower Bound 1 = 5360
Lower Bound 2 = 3682
Avaliação = 1.28899

Tempo de execução: 60.0003s

---------------------------

Largura da faixa = 374
Melhor altura = 6909

Lower Bound 1 = 5360
Lower Bound 2 = 3682
Avaliação = 1.28899

Tempo de execução: 60.0001s

---------------------------

Largura da faixa = 374
Melhor altura = 6909

Lower Bound 1 = 5360
Lower Bound 2 = 3682
Avaliação = 1.28899

Tempo de execução: 60s

---------------------------

Largura da faixa = 374
Melhor altura = 6909

Lower Bound 1 = 5360
Lower Bound 2 = 3682
Avaliação = 1.28899

Tempo de execução: 60.0001s

---------------------------

Largura da faixa = 374
Melhor altura = 6909

Lower Bound 1 = 5360
Lower Bound 2 = 3682
Avaliação = 1.28899

Tempo de execução: 60.0001s

---------------------------

Largura da faixa = 374
Melhor altura = 6909

Lower Bound 1 = 5360
Lower Bound 2 = 3682
Avaliação = 1.28899

Tempo de execução: 60s

---------------------------

Largura da faixa = 374
Melhor altura = 6909

Lower Bound 1 = 5360
Lower Bound 2 = 3682
Avaliação = 1.28899

Tempo de execução: 60.0001s

---------------------------

Largura da faixa = 374
Melhor altura = 6909

Lower Bound 1 = 5360
Lower Bound 2 = 3682
Avaliação = 1.28899

Tempo de execução: 60.0003s

---------------------------

Largura da faixa = 374
Melhor altura = 6909

Lower Bound 1 = 5360
Lower Bound 2 = 3682
Avaliação = 1.28899

Tempo de execução: 60.0001s

---------------------------

Largura da faixa = 374
Melhor altura = 6909

Lower Bound 1 = 5360
Lower Bound 2 = 3682
Avaliação = 1.28899

Tempo de execução: 60.0002s

---------------------------

Largura da faixa = 374
Melhor altura = 6909

Lower Bound 1 = 5360
Lower Bound 2 = 3682
Avaliação = 1.28899

Tempo de execução: 60.0002s

---------------------------

Largura da faixa = 374
Melhor altura = 6909

Lower Bound 1 = 5360
Lower Bound 2 = 3682
Avaliação = 1.28899

Tempo de execução: 60s

---------------------------

Largura da faixa = 374
Melhor altura = 6909

Lower Bound 1 = 5360
Lower Bound 2 = 3682
Avaliação = 1.28899

Tempo de execução: 60.0002s

---------------------------

