Largura da faixa = 15
Melhor altura = 28

Lower Bound 1 = 26
Lower Bound 2 = 18
Avaliação = 1.07692

Tempo de execução: 60s

---------------------------

Largura da faixa = 15
Melhor altura = 28

Lower Bound 1 = 26
Lower Bound 2 = 18
Avaliação = 1.07692

Tempo de execução: 60.0001s

---------------------------

Largura da faixa = 15
Melhor altura = 28

Lower Bound 1 = 26
Lower Bound 2 = 18
Avaliação = 1.07692

Tempo de execução: 60.0001s

---------------------------

Largura da faixa = 15
Melhor altura = 28

Lower Bound 1 = 26
Lower Bound 2 = 18
Avaliação = 1.07692

Tempo de execução: 60s

---------------------------

Largura da faixa = 15
Melhor altura = 28

Lower Bound 1 = 26
Lower Bound 2 = 18
Avaliação = 1.07692

Tempo de execução: 60s

---------------------------

Largura da faixa = 15
Melhor altura = 28

Lower Bound 1 = 26
Lower Bound 2 = 18
Avaliação = 1.07692

Tempo de execução: 60s

---------------------------

Largura da faixa = 15
Melhor altura = 28

Lower Bound 1 = 26
Lower Bound 2 = 18
Avaliação = 1.07692

Tempo de execução: 60s

---------------------------

Largura da faixa = 15
Melhor altura = 28

Lower Bound 1 = 26
Lower Bound 2 = 18
Avaliação = 1.07692

Tempo de execução: 60s

---------------------------

Largura da faixa = 15
Melhor altura = 28

Lower Bound 1 = 26
Lower Bound 2 = 18
Avaliação = 1.07692

Tempo de execução: 60.0001s

---------------------------

Largura da faixa = 15
Melhor altura = 28

Lower Bound 1 = 26
Lower Bound 2 = 18
Avaliação = 1.07692

Tempo de execução: 60s

---------------------------

Largura da faixa = 15
Melhor altura = 28

Lower Bound 1 = 26
Lower Bound 2 = 18
Avaliação = 1.07692

Tempo de execução: 60s

---------------------------

Largura da faixa = 15
Melhor altura = 28

Lower Bound 1 = 26
Lower Bound 2 = 18
Avaliação = 1.07692

Tempo de execução: 60s

---------------------------

Largura da faixa = 15
Melhor altura = 28

Lower Bound 1 = 26
Lower Bound 2 = 18
Avaliação = 1.07692

Tempo de execução: 60.0001s

---------------------------

Largura da faixa = 15
Melhor altura = 28

Lower Bound 1 = 26
Lower Bound 2 = 18
Avaliação = 1.07692

Tempo de execução: 60s

---------------------------

Largura da faixa = 15
Melhor altura = 28

Lower Bound 1 = 26
Lower Bound 2 = 18
Avaliação = 1.07692

Tempo de execução: 60.0001s

---------------------------

Largura da faixa = 15
Melhor altura = 28

Lower Bound 1 = 26
Lower Bound 2 = 18
Avaliação = 1.07692

Tempo de execução: 60s

---------------------------

Largura da faixa = 15
Melhor altura = 28

Lower Bound 1 = 26
Lower Bound 2 = 18
Avaliação = 1.07692

Tempo de execução: 60s

---------------------------

Largura da faixa = 15
Melhor altura = 28

Lower Bound 1 = 26
Lower Bound 2 = 18
Avaliação = 1.07692

Tempo de execução: 60.0001s

---------------------------

Largura da faixa = 15
Melhor altura = 28

Lower Bound 1 = 26
Lower Bound 2 = 18
Avaliação = 1.07692

Tempo de execução: 60s

---------------------------

Largura da faixa = 15
Melhor altura = 28

Lower Bound 1 = 26
Lower Bound 2 = 18
Avaliação = 1.07692

Tempo de execução: 60s

---------------------------

