Largura da faixa = 12
Melhor altura = 36

Lower Bound 1 = 33
Lower Bound 2 = 18
Avaliação = 1.09091

Tempo de execução: 60.0001s

---------------------------

Largura da faixa = 12
Melhor altura = 36

Lower Bound 1 = 33
Lower Bound 2 = 18
Avaliação = 1.09091

Tempo de execução: 60s

---------------------------

Largura da faixa = 12
Melhor altura = 36

Lower Bound 1 = 33
Lower Bound 2 = 18
Avaliação = 1.09091

Tempo de execução: 60s

---------------------------

Largura da faixa = 12
Melhor altura = 36

Lower Bound 1 = 33
Lower Bound 2 = 18
Avaliação = 1.09091

Tempo de execução: 60.0001s

---------------------------

Largura da faixa = 12
Melhor altura = 36

Lower Bound 1 = 33
Lower Bound 2 = 18
Avaliação = 1.09091

Tempo de execução: 60s

---------------------------

Largura da faixa = 12
Melhor altura = 36

Lower Bound 1 = 33
Lower Bound 2 = 18
Avaliação = 1.09091

Tempo de execução: 60.0001s

---------------------------

Largura da faixa = 12
Melhor altura = 36

Lower Bound 1 = 33
Lower Bound 2 = 18
Avaliação = 1.09091

Tempo de execução: 60s

---------------------------

Largura da faixa = 12
Melhor altura = 36

Lower Bound 1 = 33
Lower Bound 2 = 18
Avaliação = 1.09091

Tempo de execução: 60s

---------------------------

Largura da faixa = 12
Melhor altura = 36

Lower Bound 1 = 33
Lower Bound 2 = 18
Avaliação = 1.09091

Tempo de execução: 60s

---------------------------

Largura da faixa = 12
Melhor altura = 36

Lower Bound 1 = 33
Lower Bound 2 = 18
Avaliação = 1.09091

Tempo de execução: 60.0001s

---------------------------

Largura da faixa = 12
Melhor altura = 36

Lower Bound 1 = 33
Lower Bound 2 = 18
Avaliação = 1.09091

Tempo de execução: 60s

---------------------------

Largura da faixa = 12
Melhor altura = 36

Lower Bound 1 = 33
Lower Bound 2 = 18
Avaliação = 1.09091

Tempo de execução: 60s

---------------------------

Largura da faixa = 12
Melhor altura = 36

Lower Bound 1 = 33
Lower Bound 2 = 18
Avaliação = 1.09091

Tempo de execução: 60s

---------------------------

Largura da faixa = 12
Melhor altura = 36

Lower Bound 1 = 33
Lower Bound 2 = 18
Avaliação = 1.09091

Tempo de execução: 60.0001s

---------------------------

Largura da faixa = 12
Melhor altura = 36

Lower Bound 1 = 33
Lower Bound 2 = 18
Avaliação = 1.09091

Tempo de execução: 60s

---------------------------

Largura da faixa = 12
Melhor altura = 36

Lower Bound 1 = 33
Lower Bound 2 = 18
Avaliação = 1.09091

Tempo de execução: 60s

---------------------------

Largura da faixa = 12
Melhor altura = 36

Lower Bound 1 = 33
Lower Bound 2 = 18
Avaliação = 1.09091

Tempo de execução: 60.0001s

---------------------------

Largura da faixa = 12
Melhor altura = 36

Lower Bound 1 = 33
Lower Bound 2 = 18
Avaliação = 1.09091

Tempo de execução: 60s

---------------------------

Largura da faixa = 12
Melhor altura = 36

Lower Bound 1 = 33
Lower Bound 2 = 18
Avaliação = 1.09091

Tempo de execução: 60s

---------------------------

Largura da faixa = 12
Melhor altura = 36

Lower Bound 1 = 33
Lower Bound 2 = 18
Avaliação = 1.09091

Tempo de execução: 60.0001s

---------------------------

