Largura da faixa = 13
Melhor altura = 47

Lower Bound 1 = 46
Lower Bound 2 = 13
Avaliação = 1.02174

Tempo de execução: 60s

---------------------------

Largura da faixa = 13
Melhor altura = 47

Lower Bound 1 = 46
Lower Bound 2 = 13
Avaliação = 1.02174

Tempo de execução: 60.0001s

---------------------------

Largura da faixa = 13
Melhor altura = 47

Lower Bound 1 = 46
Lower Bound 2 = 13
Avaliação = 1.02174

Tempo de execução: 60.0001s

---------------------------

Largura da faixa = 13
Melhor altura = 47

Lower Bound 1 = 46
Lower Bound 2 = 13
Avaliação = 1.02174

Tempo de execução: 60s

---------------------------

Largura da faixa = 13
Melhor altura = 47

Lower Bound 1 = 46
Lower Bound 2 = 13
Avaliação = 1.02174

Tempo de execução: 60s

---------------------------

Largura da faixa = 13
Melhor altura = 47

Lower Bound 1 = 46
Lower Bound 2 = 13
Avaliação = 1.02174

Tempo de execução: 60s

---------------------------

Largura da faixa = 13
Melhor altura = 47

Lower Bound 1 = 46
Lower Bound 2 = 13
Avaliação = 1.02174

Tempo de execução: 60.0001s

---------------------------

Largura da faixa = 13
Melhor altura = 47

Lower Bound 1 = 46
Lower Bound 2 = 13
Avaliação = 1.02174

Tempo de execução: 60.0001s

---------------------------

Largura da faixa = 13
Melhor altura = 47

Lower Bound 1 = 46
Lower Bound 2 = 13
Avaliação = 1.02174

Tempo de execução: 60s

---------------------------

Largura da faixa = 13
Melhor altura = 47

Lower Bound 1 = 46
Lower Bound 2 = 13
Avaliação = 1.02174

Tempo de execução: 60.0002s

---------------------------

Largura da faixa = 13
Melhor altura = 47

Lower Bound 1 = 46
Lower Bound 2 = 13
Avaliação = 1.02174

Tempo de execução: 60.0001s

---------------------------

Largura da faixa = 13
Melhor altura = 47

Lower Bound 1 = 46
Lower Bound 2 = 13
Avaliação = 1.02174

Tempo de execução: 60.0001s

---------------------------

Largura da faixa = 13
Melhor altura = 47

Lower Bound 1 = 46
Lower Bound 2 = 13
Avaliação = 1.02174

Tempo de execução: 60s

---------------------------

Largura da faixa = 13
Melhor altura = 47

Lower Bound 1 = 46
Lower Bound 2 = 13
Avaliação = 1.02174

Tempo de execução: 60.0001s

---------------------------

Largura da faixa = 13
Melhor altura = 47

Lower Bound 1 = 46
Lower Bound 2 = 13
Avaliação = 1.02174

Tempo de execução: 60.0001s

---------------------------

Largura da faixa = 13
Melhor altura = 47

Lower Bound 1 = 46
Lower Bound 2 = 13
Avaliação = 1.02174

Tempo de execução: 60s

---------------------------

Largura da faixa = 13
Melhor altura = 47

Lower Bound 1 = 46
Lower Bound 2 = 13
Avaliação = 1.02174

Tempo de execução: 60.0001s

---------------------------

Largura da faixa = 13
Melhor altura = 47

Lower Bound 1 = 46
Lower Bound 2 = 13
Avaliação = 1.02174

Tempo de execução: 60s

---------------------------

Largura da faixa = 13
Melhor altura = 47

Lower Bound 1 = 46
Lower Bound 2 = 13
Avaliação = 1.02174

Tempo de execução: 60.0001s

---------------------------

Largura da faixa = 13
Melhor altura = 47

Lower Bound 1 = 46
Lower Bound 2 = 13
Avaliação = 1.02174

Tempo de execução: 60.0001s

---------------------------

