Largura da faixa = 25
Melhor altura = 76

Lower Bound 1 = 72
Lower Bound 2 = 25
Avaliação = 1.05556

Tempo de execução: 60.0001s

---------------------------

Largura da faixa = 25
Melhor altura = 77

Lower Bound 1 = 72
Lower Bound 2 = 25
Avaliação = 1.06944

Tempo de execução: 60.0001s

---------------------------

Largura da faixa = 25
Melhor altura = 76

Lower Bound 1 = 72
Lower Bound 2 = 25
Avaliação = 1.05556

Tempo de execução: 60.0003s

---------------------------

Largura da faixa = 25
Melhor altura = 76

Lower Bound 1 = 72
Lower Bound 2 = 25
Avaliação = 1.05556

Tempo de execução: 60.0001s

---------------------------

Largura da faixa = 25
Melhor altura = 75

Lower Bound 1 = 72
Lower Bound 2 = 25
Avaliação = 1.04167

Tempo de execução: 60.0001s

---------------------------

Largura da faixa = 25
Melhor altura = 77

Lower Bound 1 = 72
Lower Bound 2 = 25
Avaliação = 1.06944

Tempo de execução: 60.0004s

---------------------------

Largura da faixa = 25
Melhor altura = 77

Lower Bound 1 = 72
Lower Bound 2 = 25
Avaliação = 1.06944

Tempo de execução: 60s

---------------------------

Largura da faixa = 25
Melhor altura = 77

Lower Bound 1 = 72
Lower Bound 2 = 25
Avaliação = 1.06944

Tempo de execução: 60.0002s

---------------------------

Largura da faixa = 25
Melhor altura = 75

Lower Bound 1 = 72
Lower Bound 2 = 25
Avaliação = 1.04167

Tempo de execução: 60s

---------------------------

Largura da faixa = 25
Melhor altura = 76

Lower Bound 1 = 72
Lower Bound 2 = 25
Avaliação = 1.05556

Tempo de execução: 60.0001s

---------------------------

Largura da faixa = 25
Melhor altura = 76

Lower Bound 1 = 72
Lower Bound 2 = 25
Avaliação = 1.05556

Tempo de execução: 60s

---------------------------

Largura da faixa = 25
Melhor altura = 76

Lower Bound 1 = 72
Lower Bound 2 = 25
Avaliação = 1.05556

Tempo de execução: 60s

---------------------------

Largura da faixa = 25
Melhor altura = 75

Lower Bound 1 = 72
Lower Bound 2 = 25
Avaliação = 1.04167

Tempo de execução: 60s

---------------------------

Largura da faixa = 25
Melhor altura = 76

Lower Bound 1 = 72
Lower Bound 2 = 25
Avaliação = 1.05556

Tempo de execução: 60.0003s

---------------------------

Largura da faixa = 25
Melhor altura = 76

Lower Bound 1 = 72
Lower Bound 2 = 25
Avaliação = 1.05556

Tempo de execução: 60.0003s

---------------------------

Largura da faixa = 25
Melhor altura = 77

Lower Bound 1 = 72
Lower Bound 2 = 25
Avaliação = 1.06944

Tempo de execução: 60s

---------------------------

Largura da faixa = 25
Melhor altura = 76

Lower Bound 1 = 72
Lower Bound 2 = 25
Avaliação = 1.05556

Tempo de execução: 60.0001s

---------------------------

Largura da faixa = 25
Melhor altura = 75

Lower Bound 1 = 72
Lower Bound 2 = 25
Avaliação = 1.04167

Tempo de execução: 60.0001s

---------------------------

Largura da faixa = 25
Melhor altura = 76

Lower Bound 1 = 72
Lower Bound 2 = 25
Avaliação = 1.05556

Tempo de execução: 60.0002s

---------------------------

Largura da faixa = 25
Melhor altura = 76

Lower Bound 1 = 72
Lower Bound 2 = 25
Avaliação = 1.05556

Tempo de execução: 60.0004s

---------------------------

