Largura da faixa = 21
Melhor altura = 89

Lower Bound 1 = 85
Lower Bound 2 = 35
Avaliação = 1.04706

Tempo de execução: 60.0001s

---------------------------

Largura da faixa = 21
Melhor altura = 90

Lower Bound 1 = 85
Lower Bound 2 = 35
Avaliação = 1.05882

Tempo de execução: 60s

---------------------------

Largura da faixa = 21
Melhor altura = 90

Lower Bound 1 = 85
Lower Bound 2 = 35
Avaliação = 1.05882

Tempo de execução: 60s

---------------------------

Largura da faixa = 21
Melhor altura = 90

Lower Bound 1 = 85
Lower Bound 2 = 35
Avaliação = 1.05882

Tempo de execução: 60.0001s

---------------------------

Largura da faixa = 21
Melhor altura = 90

Lower Bound 1 = 85
Lower Bound 2 = 35
Avaliação = 1.05882

Tempo de execução: 60.0001s

---------------------------

Largura da faixa = 21
Melhor altura = 89

Lower Bound 1 = 85
Lower Bound 2 = 35
Avaliação = 1.04706

Tempo de execução: 60s

---------------------------

Largura da faixa = 21
Melhor altura = 89

Lower Bound 1 = 85
Lower Bound 2 = 35
Avaliação = 1.04706

Tempo de execução: 60.0001s

---------------------------

Largura da faixa = 21
Melhor altura = 90

Lower Bound 1 = 85
Lower Bound 2 = 35
Avaliação = 1.05882

Tempo de execução: 60.0001s

---------------------------

Largura da faixa = 21
Melhor altura = 90

Lower Bound 1 = 85
Lower Bound 2 = 35
Avaliação = 1.05882

Tempo de execução: 60.0002s

---------------------------

Largura da faixa = 21
Melhor altura = 90

Lower Bound 1 = 85
Lower Bound 2 = 35
Avaliação = 1.05882

Tempo de execução: 60.0001s

---------------------------

Largura da faixa = 21
Melhor altura = 90

Lower Bound 1 = 85
Lower Bound 2 = 35
Avaliação = 1.05882

Tempo de execução: 60.0002s

---------------------------

Largura da faixa = 21
Melhor altura = 89

Lower Bound 1 = 85
Lower Bound 2 = 35
Avaliação = 1.04706

Tempo de execução: 60s

---------------------------

Largura da faixa = 21
Melhor altura = 90

Lower Bound 1 = 85
Lower Bound 2 = 35
Avaliação = 1.05882

Tempo de execução: 60s

---------------------------

Largura da faixa = 21
Melhor altura = 90

Lower Bound 1 = 85
Lower Bound 2 = 35
Avaliação = 1.05882

Tempo de execução: 60.0001s

---------------------------

Largura da faixa = 21
Melhor altura = 90

Lower Bound 1 = 85
Lower Bound 2 = 35
Avaliação = 1.05882

Tempo de execução: 60.0003s

---------------------------

Largura da faixa = 21
Melhor altura = 90

Lower Bound 1 = 85
Lower Bound 2 = 35
Avaliação = 1.05882

Tempo de execução: 60s

---------------------------

Largura da faixa = 21
Melhor altura = 90

Lower Bound 1 = 85
Lower Bound 2 = 35
Avaliação = 1.05882

Tempo de execução: 60s

---------------------------

Largura da faixa = 21
Melhor altura = 90

Lower Bound 1 = 85
Lower Bound 2 = 35
Avaliação = 1.05882

Tempo de execução: 60s

---------------------------

Largura da faixa = 21
Melhor altura = 90

Lower Bound 1 = 85
Lower Bound 2 = 35
Avaliação = 1.05882

Tempo de execução: 60.0001s

---------------------------

Largura da faixa = 21
Melhor altura = 88

Lower Bound 1 = 85
Lower Bound 2 = 35
Avaliação = 1.03529

Tempo de execução: 60.0002s

---------------------------

