Largura da faixa = 24
Melhor altura = 78

Lower Bound 1 = 75
Lower Bound 2 = 28
Avaliação = 1.04

Tempo de execução: 60s

---------------------------

Largura da faixa = 24
Melhor altura = 78

Lower Bound 1 = 75
Lower Bound 2 = 28
Avaliação = 1.04

Tempo de execução: 60s

---------------------------

Largura da faixa = 24
Melhor altura = 78

Lower Bound 1 = 75
Lower Bound 2 = 28
Avaliação = 1.04

Tempo de execução: 60.0003s

---------------------------

Largura da faixa = 24
Melhor altura = 79

Lower Bound 1 = 75
Lower Bound 2 = 28
Avaliação = 1.05333

Tempo de execução: 60.0001s

---------------------------

Largura da faixa = 24
Melhor altura = 79

Lower Bound 1 = 75
Lower Bound 2 = 28
Avaliação = 1.05333

Tempo de execução: 60.0001s

---------------------------

Largura da faixa = 24
Melhor altura = 78

Lower Bound 1 = 75
Lower Bound 2 = 28
Avaliação = 1.04

Tempo de execução: 60.0004s

---------------------------

Largura da faixa = 24
Melhor altura = 79

Lower Bound 1 = 75
Lower Bound 2 = 28
Avaliação = 1.05333

Tempo de execução: 60s

---------------------------

Largura da faixa = 24
Melhor altura = 77

Lower Bound 1 = 75
Lower Bound 2 = 28
Avaliação = 1.02667

Tempo de execução: 60s

---------------------------

Largura da faixa = 24
Melhor altura = 77

Lower Bound 1 = 75
Lower Bound 2 = 28
Avaliação = 1.02667

Tempo de execução: 60.0001s

---------------------------

Largura da faixa = 24
Melhor altura = 79

Lower Bound 1 = 75
Lower Bound 2 = 28
Avaliação = 1.05333

Tempo de execução: 60s

---------------------------

Largura da faixa = 24
Melhor altura = 78

Lower Bound 1 = 75
Lower Bound 2 = 28
Avaliação = 1.04

Tempo de execução: 60s

---------------------------

Largura da faixa = 24
Melhor altura = 79

Lower Bound 1 = 75
Lower Bound 2 = 28
Avaliação = 1.05333

Tempo de execução: 60.0002s

---------------------------

Largura da faixa = 24
Melhor altura = 78

Lower Bound 1 = 75
Lower Bound 2 = 28
Avaliação = 1.04

Tempo de execução: 60.0001s

---------------------------

Largura da faixa = 24
Melhor altura = 78

Lower Bound 1 = 75
Lower Bound 2 = 28
Avaliação = 1.04

Tempo de execução: 60.0001s

---------------------------

Largura da faixa = 24
Melhor altura = 77

Lower Bound 1 = 75
Lower Bound 2 = 28
Avaliação = 1.02667

Tempo de execução: 60.0002s

---------------------------

Largura da faixa = 24
Melhor altura = 78

Lower Bound 1 = 75
Lower Bound 2 = 28
Avaliação = 1.04

Tempo de execução: 60s

---------------------------

Largura da faixa = 24
Melhor altura = 77

Lower Bound 1 = 75
Lower Bound 2 = 28
Avaliação = 1.02667

Tempo de execução: 60.0001s

---------------------------

Largura da faixa = 24
Melhor altura = 78

Lower Bound 1 = 75
Lower Bound 2 = 28
Avaliação = 1.04

Tempo de execução: 60.0001s

---------------------------

Largura da faixa = 24
Melhor altura = 78

Lower Bound 1 = 75
Lower Bound 2 = 28
Avaliação = 1.04

Tempo de execução: 60s

---------------------------

Largura da faixa = 24
Melhor altura = 78

Lower Bound 1 = 75
Lower Bound 2 = 28
Avaliação = 1.04

Tempo de execução: 60.0002s

---------------------------

