Largura da faixa = 28
Melhor altura = 139

Lower Bound 1 = 128
Lower Bound 2 = 69
Avaliação = 1.08594

Tempo de execução: 60s

---------------------------

Largura da faixa = 28
Melhor altura = 139

Lower Bound 1 = 128
Lower Bound 2 = 69
Avaliação = 1.08594

Tempo de execução: 60.0004s

---------------------------

Largura da faixa = 28
Melhor altura = 140

Lower Bound 1 = 128
Lower Bound 2 = 69
Avaliação = 1.09375

Tempo de execução: 60.0001s

---------------------------

Largura da faixa = 28
Melhor altura = 137

Lower Bound 1 = 128
Lower Bound 2 = 69
Avaliação = 1.07031

Tempo de execução: 60.0001s

---------------------------

Largura da faixa = 28
Melhor altura = 139

Lower Bound 1 = 128
Lower Bound 2 = 69
Avaliação = 1.08594

Tempo de execução: 60.0004s

---------------------------

Largura da faixa = 28
Melhor altura = 139

Lower Bound 1 = 128
Lower Bound 2 = 69
Avaliação = 1.08594

Tempo de execução: 60.0002s

---------------------------

Largura da faixa = 28
Melhor altura = 140

Lower Bound 1 = 128
Lower Bound 2 = 69
Avaliação = 1.09375

Tempo de execução: 60.0003s

---------------------------

Largura da faixa = 28
Melhor altura = 139

Lower Bound 1 = 128
Lower Bound 2 = 69
Avaliação = 1.08594

Tempo de execução: 60.0004s

---------------------------

Largura da faixa = 28
Melhor altura = 140

Lower Bound 1 = 128
Lower Bound 2 = 69
Avaliação = 1.09375

Tempo de execução: 60.0005s

---------------------------

Largura da faixa = 28
Melhor altura = 140

Lower Bound 1 = 128
Lower Bound 2 = 69
Avaliação = 1.09375

Tempo de execução: 60.0005s

---------------------------

Largura da faixa = 28
Melhor altura = 140

Lower Bound 1 = 128
Lower Bound 2 = 69
Avaliação = 1.09375

Tempo de execução: 60.0007s

---------------------------

Largura da faixa = 28
Melhor altura = 140

Lower Bound 1 = 128
Lower Bound 2 = 69
Avaliação = 1.09375

Tempo de execução: 60.0007s

---------------------------

Largura da faixa = 28
Melhor altura = 138

Lower Bound 1 = 128
Lower Bound 2 = 69
Avaliação = 1.07812

Tempo de execução: 60.0002s

---------------------------

Largura da faixa = 28
Melhor altura = 140

Lower Bound 1 = 128
Lower Bound 2 = 69
Avaliação = 1.09375

Tempo de execução: 60.0001s

---------------------------

Largura da faixa = 28
Melhor altura = 140

Lower Bound 1 = 128
Lower Bound 2 = 69
Avaliação = 1.09375

Tempo de execução: 60.0001s

---------------------------

Largura da faixa = 28
Melhor altura = 141

Lower Bound 1 = 128
Lower Bound 2 = 69
Avaliação = 1.10156

Tempo de execução: 60.0001s

---------------------------

Largura da faixa = 28
Melhor altura = 141

Lower Bound 1 = 128
Lower Bound 2 = 69
Avaliação = 1.10156

Tempo de execução: 60s

---------------------------

Largura da faixa = 28
Melhor altura = 139

Lower Bound 1 = 128
Lower Bound 2 = 69
Avaliação = 1.08594

Tempo de execução: 60.0006s

---------------------------

Largura da faixa = 28
Melhor altura = 140

Lower Bound 1 = 128
Lower Bound 2 = 69
Avaliação = 1.09375

Tempo de execução: 60.0001s

---------------------------

Largura da faixa = 28
Melhor altura = 140

Lower Bound 1 = 128
Lower Bound 2 = 69
Avaliação = 1.09375

Tempo de execução: 60.0001s

---------------------------

