Largura da faixa = 35
Melhor altura = 113

Lower Bound 1 = 102
Lower Bound 2 = 64
Avaliação = 1.10784

Tempo de execução: 60.0001s

---------------------------

Largura da faixa = 35
Melhor altura = 115

Lower Bound 1 = 102
Lower Bound 2 = 64
Avaliação = 1.12745

Tempo de execução: 60s

---------------------------

Largura da faixa = 35
Melhor altura = 116

Lower Bound 1 = 102
Lower Bound 2 = 64
Avaliação = 1.13725

Tempo de execução: 60.0002s

---------------------------

Largura da faixa = 35
Melhor altura = 115

Lower Bound 1 = 102
Lower Bound 2 = 64
Avaliação = 1.12745

Tempo de execução: 60.0007s

---------------------------

Largura da faixa = 35
Melhor altura = 114

Lower Bound 1 = 102
Lower Bound 2 = 64
Avaliação = 1.11765

Tempo de execução: 60.0007s

---------------------------

Largura da faixa = 35
Melhor altura = 115

Lower Bound 1 = 102
Lower Bound 2 = 64
Avaliação = 1.12745

Tempo de execução: 60.0013s

---------------------------

Largura da faixa = 35
Melhor altura = 114

Lower Bound 1 = 102
Lower Bound 2 = 64
Avaliação = 1.11765

Tempo de execução: 60s

---------------------------

Largura da faixa = 35
Melhor altura = 116

Lower Bound 1 = 102
Lower Bound 2 = 64
Avaliação = 1.13725

Tempo de execução: 60.0005s

---------------------------

Largura da faixa = 35
Melhor altura = 118

Lower Bound 1 = 102
Lower Bound 2 = 64
Avaliação = 1.15686

Tempo de execução: 60.0002s

---------------------------

Largura da faixa = 35
Melhor altura = 115

Lower Bound 1 = 102
Lower Bound 2 = 64
Avaliação = 1.12745

Tempo de execução: 60s

---------------------------

Largura da faixa = 35
Melhor altura = 115

Lower Bound 1 = 102
Lower Bound 2 = 64
Avaliação = 1.12745

Tempo de execução: 60s

---------------------------

Largura da faixa = 35
Melhor altura = 116

Lower Bound 1 = 102
Lower Bound 2 = 64
Avaliação = 1.13725

Tempo de execução: 60s

---------------------------

Largura da faixa = 35
Melhor altura = 116

Lower Bound 1 = 102
Lower Bound 2 = 64
Avaliação = 1.13725

Tempo de execução: 60.0004s

---------------------------

Largura da faixa = 35
Melhor altura = 116

Lower Bound 1 = 102
Lower Bound 2 = 64
Avaliação = 1.13725

Tempo de execução: 60.0012s

---------------------------

Largura da faixa = 35
Melhor altura = 115

Lower Bound 1 = 102
Lower Bound 2 = 64
Avaliação = 1.12745

Tempo de execução: 60.0013s

---------------------------

Largura da faixa = 35
Melhor altura = 119

Lower Bound 1 = 102
Lower Bound 2 = 64
Avaliação = 1.16667

Tempo de execução: 60.0003s

---------------------------

Largura da faixa = 35
Melhor altura = 114

Lower Bound 1 = 102
Lower Bound 2 = 64
Avaliação = 1.11765

Tempo de execução: 60.0008s

---------------------------

Largura da faixa = 35
Melhor altura = 116

Lower Bound 1 = 102
Lower Bound 2 = 64
Avaliação = 1.13725

Tempo de execução: 60.0009s

---------------------------

Largura da faixa = 35
Melhor altura = 117

Lower Bound 1 = 102
Lower Bound 2 = 64
Avaliação = 1.14706

Tempo de execução: 60s

---------------------------

Largura da faixa = 35
Melhor altura = 117

Lower Bound 1 = 102
Lower Bound 2 = 64
Avaliação = 1.14706

Tempo de execução: 60.0001s

---------------------------

