Largura da faixa = 30
Melhor altura = 132

Lower Bound 1 = 120
Lower Bound 2 = 76
Avaliação = 1.1

Tempo de execução: 60s

---------------------------

Largura da faixa = 30
Melhor altura = 132

Lower Bound 1 = 120
Lower Bound 2 = 76
Avaliação = 1.1

Tempo de execução: 60.0003s

---------------------------

Largura da faixa = 30
Melhor altura = 131

Lower Bound 1 = 120
Lower Bound 2 = 76
Avaliação = 1.09167

Tempo de execução: 60.0001s

---------------------------

Largura da faixa = 30
Melhor altura = 133

Lower Bound 1 = 120
Lower Bound 2 = 76
Avaliação = 1.10833

Tempo de execução: 60.0003s

---------------------------

Largura da faixa = 30
Melhor altura = 132

Lower Bound 1 = 120
Lower Bound 2 = 76
Avaliação = 1.1

Tempo de execução: 60.0006s

---------------------------

Largura da faixa = 30
Melhor altura = 131

Lower Bound 1 = 120
Lower Bound 2 = 76
Avaliação = 1.09167

Tempo de execução: 60.001s

---------------------------

Largura da faixa = 30
Melhor altura = 133

Lower Bound 1 = 120
Lower Bound 2 = 76
Avaliação = 1.10833

Tempo de execução: 60.0002s

---------------------------

Largura da faixa = 30
Melhor altura = 132

Lower Bound 1 = 120
Lower Bound 2 = 76
Avaliação = 1.1

Tempo de execução: 60s

---------------------------

Largura da faixa = 30
Melhor altura = 129

Lower Bound 1 = 120
Lower Bound 2 = 76
Avaliação = 1.075

Tempo de execução: 60.0002s

---------------------------

Largura da faixa = 30
Melhor altura = 132

Lower Bound 1 = 120
Lower Bound 2 = 76
Avaliação = 1.1

Tempo de execução: 60.0001s

---------------------------

Largura da faixa = 30
Melhor altura = 132

Lower Bound 1 = 120
Lower Bound 2 = 76
Avaliação = 1.1

Tempo de execução: 60s

---------------------------

Largura da faixa = 30
Melhor altura = 130

Lower Bound 1 = 120
Lower Bound 2 = 76
Avaliação = 1.08333

Tempo de execução: 60.0007s

---------------------------

Largura da faixa = 30
Melhor altura = 132

Lower Bound 1 = 120
Lower Bound 2 = 76
Avaliação = 1.1

Tempo de execução: 60.0001s

---------------------------

Largura da faixa = 30
Melhor altura = 131

Lower Bound 1 = 120
Lower Bound 2 = 76
Avaliação = 1.09167

Tempo de execução: 60.0003s

---------------------------

Largura da faixa = 30
Melhor altura = 131

Lower Bound 1 = 120
Lower Bound 2 = 76
Avaliação = 1.09167

Tempo de execução: 60.0009s

---------------------------

Largura da faixa = 30
Melhor altura = 132

Lower Bound 1 = 120
Lower Bound 2 = 76
Avaliação = 1.1

Tempo de execução: 60.0001s

---------------------------

Largura da faixa = 30
Melhor altura = 131

Lower Bound 1 = 120
Lower Bound 2 = 76
Avaliação = 1.09167

Tempo de execução: 60.0001s

---------------------------

Largura da faixa = 30
Melhor altura = 133

Lower Bound 1 = 120
Lower Bound 2 = 76
Avaliação = 1.10833

Tempo de execução: 60.0002s

---------------------------

Largura da faixa = 30
Melhor altura = 133

Lower Bound 1 = 120
Lower Bound 2 = 76
Avaliação = 1.10833

Tempo de execução: 60s

---------------------------

Largura da faixa = 30
Melhor altura = 132

Lower Bound 1 = 120
Lower Bound 2 = 76
Avaliação = 1.1

Tempo de execução: 60.0002s

---------------------------

