Largura da faixa = 34
Melhor altura = 173

Lower Bound 1 = 158
Lower Bound 2 = 74
Avaliação = 1.09494

Tempo de execução: 60.0007s

---------------------------

Largura da faixa = 34
Melhor altura = 177

Lower Bound 1 = 158
Lower Bound 2 = 74
Avaliação = 1.12025

Tempo de execução: 60.0007s

---------------------------

Largura da faixa = 34
Melhor altura = 175

Lower Bound 1 = 158
Lower Bound 2 = 74
Avaliação = 1.10759

Tempo de execução: 60.0006s

---------------------------

Largura da faixa = 34
Melhor altura = 175

Lower Bound 1 = 158
Lower Bound 2 = 74
Avaliação = 1.10759

Tempo de execução: 60.0005s

---------------------------

Largura da faixa = 34
Melhor altura = 173

Lower Bound 1 = 158
Lower Bound 2 = 74
Avaliação = 1.09494

Tempo de execução: 60.0017s

---------------------------

Largura da faixa = 34
Melhor altura = 174

Lower Bound 1 = 158
Lower Bound 2 = 74
Avaliação = 1.10127

Tempo de execução: 60.0009s

---------------------------

Largura da faixa = 34
Melhor altura = 177

Lower Bound 1 = 158
Lower Bound 2 = 74
Avaliação = 1.12025

Tempo de execução: 60.0007s

---------------------------

Largura da faixa = 34
Melhor altura = 178

Lower Bound 1 = 158
Lower Bound 2 = 74
Avaliação = 1.12658

Tempo de execução: 60.0007s

---------------------------

Largura da faixa = 34
Melhor altura = 173

Lower Bound 1 = 158
Lower Bound 2 = 74
Avaliação = 1.09494

Tempo de execução: 60.0003s

---------------------------

Largura da faixa = 34
Melhor altura = 176

Lower Bound 1 = 158
Lower Bound 2 = 74
Avaliação = 1.11392

Tempo de execução: 60.0009s

---------------------------

Largura da faixa = 34
Melhor altura = 173

Lower Bound 1 = 158
Lower Bound 2 = 74
Avaliação = 1.09494

Tempo de execução: 60.0009s

---------------------------

Largura da faixa = 34
Melhor altura = 174

Lower Bound 1 = 158
Lower Bound 2 = 74
Avaliação = 1.10127

Tempo de execução: 60.001s

---------------------------

Largura da faixa = 34
Melhor altura = 179

Lower Bound 1 = 158
Lower Bound 2 = 74
Avaliação = 1.13291

Tempo de execução: 60.0003s

---------------------------

Largura da faixa = 34
Melhor altura = 176

Lower Bound 1 = 158
Lower Bound 2 = 74
Avaliação = 1.11392

Tempo de execução: 60.0009s

---------------------------

Largura da faixa = 34
Melhor altura = 178

Lower Bound 1 = 158
Lower Bound 2 = 74
Avaliação = 1.12658

Tempo de execução: 60.0021s

---------------------------

Largura da faixa = 34
Melhor altura = 173

Lower Bound 1 = 158
Lower Bound 2 = 74
Avaliação = 1.09494

Tempo de execução: 60.0005s

---------------------------

Largura da faixa = 34
Melhor altura = 174

Lower Bound 1 = 158
Lower Bound 2 = 74
Avaliação = 1.10127

Tempo de execução: 60s

---------------------------

Largura da faixa = 34
Melhor altura = 173

Lower Bound 1 = 158
Lower Bound 2 = 74
Avaliação = 1.09494

Tempo de execução: 60.001s

---------------------------

Largura da faixa = 34
Melhor altura = 175

Lower Bound 1 = 158
Lower Bound 2 = 74
Avaliação = 1.10759

Tempo de execução: 60.0001s

---------------------------

Largura da faixa = 34
Melhor altura = 175

Lower Bound 1 = 158
Lower Bound 2 = 74
Avaliação = 1.10759

Tempo de execução: 60.0015s

---------------------------

