Largura da faixa = 37
Melhor altura = 161

Lower Bound 1 = 145
Lower Bound 2 = 79
Avaliação = 1.11034

Tempo de execução: 60.0002s

---------------------------

Largura da faixa = 37
Melhor altura = 160

Lower Bound 1 = 145
Lower Bound 2 = 79
Avaliação = 1.10345

Tempo de execução: 60.0006s

---------------------------

Largura da faixa = 37
Melhor altura = 158

Lower Bound 1 = 145
Lower Bound 2 = 79
Avaliação = 1.08966

Tempo de execução: 60s

---------------------------

Largura da faixa = 37
Melhor altura = 159

Lower Bound 1 = 145
Lower Bound 2 = 79
Avaliação = 1.09655

Tempo de execução: 60.0001s

---------------------------

Largura da faixa = 37
Melhor altura = 160

Lower Bound 1 = 145
Lower Bound 2 = 79
Avaliação = 1.10345

Tempo de execução: 60s

---------------------------

Largura da faixa = 37
Melhor altura = 162

Lower Bound 1 = 145
Lower Bound 2 = 79
Avaliação = 1.11724

Tempo de execução: 60.0019s

---------------------------

Largura da faixa = 37
Melhor altura = 162

Lower Bound 1 = 145
Lower Bound 2 = 79
Avaliação = 1.11724

Tempo de execução: 60.0002s

---------------------------

Largura da faixa = 37
Melhor altura = 162

Lower Bound 1 = 145
Lower Bound 2 = 79
Avaliação = 1.11724

Tempo de execução: 60.0003s

---------------------------

Largura da faixa = 37
Melhor altura = 158

Lower Bound 1 = 145
Lower Bound 2 = 79
Avaliação = 1.08966

Tempo de execução: 60.0004s

---------------------------

Largura da faixa = 37
Melhor altura = 160

Lower Bound 1 = 145
Lower Bound 2 = 79
Avaliação = 1.10345

Tempo de execução: 60.0004s

---------------------------

Largura da faixa = 37
Melhor altura = 163

Lower Bound 1 = 145
Lower Bound 2 = 79
Avaliação = 1.12414

Tempo de execução: 60.0022s

---------------------------

Largura da faixa = 37
Melhor altura = 162

Lower Bound 1 = 145
Lower Bound 2 = 79
Avaliação = 1.11724

Tempo de execução: 60.0016s

---------------------------

Largura da faixa = 37
Melhor altura = 161

Lower Bound 1 = 145
Lower Bound 2 = 79
Avaliação = 1.11034

Tempo de execução: 60.0002s

---------------------------

Largura da faixa = 37
Melhor altura = 163

Lower Bound 1 = 145
Lower Bound 2 = 79
Avaliação = 1.12414

Tempo de execução: 60.0001s

---------------------------

Largura da faixa = 37
Melhor altura = 163

Lower Bound 1 = 145
Lower Bound 2 = 79
Avaliação = 1.12414

Tempo de execução: 60.0007s

---------------------------

Largura da faixa = 37
Melhor altura = 162

Lower Bound 1 = 145
Lower Bound 2 = 79
Avaliação = 1.11724

Tempo de execução: 60.0008s

---------------------------

Largura da faixa = 37
Melhor altura = 162

Lower Bound 1 = 145
Lower Bound 2 = 79
Avaliação = 1.11724

Tempo de execução: 60.0003s

---------------------------

Largura da faixa = 37
Melhor altura = 161

Lower Bound 1 = 145
Lower Bound 2 = 79
Avaliação = 1.11034

Tempo de execução: 60.0032s

---------------------------

Largura da faixa = 37
Melhor altura = 164

Lower Bound 1 = 145
Lower Bound 2 = 79
Avaliação = 1.13103

Tempo de execução: 60.0005s

---------------------------

Largura da faixa = 37
Melhor altura = 160

Lower Bound 1 = 145
Lower Bound 2 = 79
Avaliação = 1.10345

Tempo de execução: 60.0017s

---------------------------

