Largura da faixa = 55
Melhor altura = 202

Lower Bound 1 = 174
Lower Bound 2 = 110
Avaliação = 1.16092

Tempo de execução: 60.0006s

---------------------------

Largura da faixa = 55
Melhor altura = 206

Lower Bound 1 = 174
Lower Bound 2 = 110
Avaliação = 1.18391

Tempo de execução: 60.002s

---------------------------

Largura da faixa = 55
Melhor altura = 200

Lower Bound 1 = 174
Lower Bound 2 = 110
Avaliação = 1.14943

Tempo de execução: 60.005s

---------------------------

Largura da faixa = 55
Melhor altura = 205

Lower Bound 1 = 174
Lower Bound 2 = 110
Avaliação = 1.17816

Tempo de execução: 60s

---------------------------

Largura da faixa = 55
Melhor altura = 202

Lower Bound 1 = 174
Lower Bound 2 = 110
Avaliação = 1.16092

Tempo de execução: 60.0016s

---------------------------

Largura da faixa = 55
Melhor altura = 202

Lower Bound 1 = 174
Lower Bound 2 = 110
Avaliação = 1.16092

Tempo de execução: 60.004s

---------------------------

Largura da faixa = 55
Melhor altura = 198

Lower Bound 1 = 174
Lower Bound 2 = 110
Avaliação = 1.13793

Tempo de execução: 60.0025s

---------------------------

Largura da faixa = 55
Melhor altura = 201

Lower Bound 1 = 174
Lower Bound 2 = 110
Avaliação = 1.15517

Tempo de execução: 60.0043s

---------------------------

Largura da faixa = 55
Melhor altura = 207

Lower Bound 1 = 174
Lower Bound 2 = 110
Avaliação = 1.18966

Tempo de execução: 60.0019s

---------------------------

Largura da faixa = 55
Melhor altura = 202

Lower Bound 1 = 174
Lower Bound 2 = 110
Avaliação = 1.16092

Tempo de execução: 60s

---------------------------

Largura da faixa = 55
Melhor altura = 202

Lower Bound 1 = 174
Lower Bound 2 = 110
Avaliação = 1.16092

Tempo de execução: 60.0008s

---------------------------

Largura da faixa = 55
Melhor altura = 203

Lower Bound 1 = 174
Lower Bound 2 = 110
Avaliação = 1.16667

Tempo de execução: 60.0018s

---------------------------

Largura da faixa = 55
Melhor altura = 201

Lower Bound 1 = 174
Lower Bound 2 = 110
Avaliação = 1.15517

Tempo de execução: 60.0013s

---------------------------

Largura da faixa = 55
Melhor altura = 201

Lower Bound 1 = 174
Lower Bound 2 = 110
Avaliação = 1.15517

Tempo de execução: 60.0005s

---------------------------

Largura da faixa = 55
Melhor altura = 204

Lower Bound 1 = 174
Lower Bound 2 = 110
Avaliação = 1.17241

Tempo de execução: 60.0019s

---------------------------

Largura da faixa = 55
Melhor altura = 205

Lower Bound 1 = 174
Lower Bound 2 = 110
Avaliação = 1.17816

Tempo de execução: 60.0001s

---------------------------

Largura da faixa = 55
Melhor altura = 203

Lower Bound 1 = 174
Lower Bound 2 = 110
Avaliação = 1.16667

Tempo de execução: 60.0034s

---------------------------

Largura da faixa = 55
Melhor altura = 203

Lower Bound 1 = 174
Lower Bound 2 = 110
Avaliação = 1.16667

Tempo de execução: 60.0008s

---------------------------

Largura da faixa = 55
Melhor altura = 204

Lower Bound 1 = 174
Lower Bound 2 = 110
Avaliação = 1.17241

Tempo de execução: 60.0006s

---------------------------

Largura da faixa = 55
Melhor altura = 203

Lower Bound 1 = 174
Lower Bound 2 = 110
Avaliação = 1.16667

Tempo de execução: 60.0027s

---------------------------

