Largura da faixa = 62
Melhor altura = 177

Lower Bound 1 = 154
Lower Bound 2 = 68
Avaliação = 1.14935

Tempo de execução: 60.002s

---------------------------

Largura da faixa = 62
Melhor altura = 181

Lower Bound 1 = 154
Lower Bound 2 = 68
Avaliação = 1.17532

Tempo de execução: 60.0031s

---------------------------

Largura da faixa = 62
Melhor altura = 177

Lower Bound 1 = 154
Lower Bound 2 = 68
Avaliação = 1.14935

Tempo de execução: 60.0067s

---------------------------

Largura da faixa = 62
Melhor altura = 179

Lower Bound 1 = 154
Lower Bound 2 = 68
Avaliação = 1.16234

Tempo de execução: 60.0005s

---------------------------

Largura da faixa = 62
Melhor altura = 175

Lower Bound 1 = 154
Lower Bound 2 = 68
Avaliação = 1.13636

Tempo de execução: 60.0023s

---------------------------

Largura da faixa = 62
Melhor altura = 177

Lower Bound 1 = 154
Lower Bound 2 = 68
Avaliação = 1.14935

Tempo de execução: 60.0044s

---------------------------

Largura da faixa = 62
Melhor altura = 180

Lower Bound 1 = 154
Lower Bound 2 = 68
Avaliação = 1.16883

Tempo de execução: 60.0002s

---------------------------

Largura da faixa = 62
Melhor altura = 180

Lower Bound 1 = 154
Lower Bound 2 = 68
Avaliação = 1.16883

Tempo de execução: 60.0013s

---------------------------

Largura da faixa = 62
Melhor altura = 178

Lower Bound 1 = 154
Lower Bound 2 = 68
Avaliação = 1.15584

Tempo de execução: 60.0062s

---------------------------

Largura da faixa = 62
Melhor altura = 179

Lower Bound 1 = 154
Lower Bound 2 = 68
Avaliação = 1.16234

Tempo de execução: 60.0033s

---------------------------

Largura da faixa = 62
Melhor altura = 177

Lower Bound 1 = 154
Lower Bound 2 = 68
Avaliação = 1.14935

Tempo de execução: 60.0055s

---------------------------

Largura da faixa = 62
Melhor altura = 176

Lower Bound 1 = 154
Lower Bound 2 = 68
Avaliação = 1.14286

Tempo de execução: 60.0056s

---------------------------

Largura da faixa = 62
Melhor altura = 179

Lower Bound 1 = 154
Lower Bound 2 = 68
Avaliação = 1.16234

Tempo de execução: 60.0008s

---------------------------

Largura da faixa = 62
Melhor altura = 183

Lower Bound 1 = 154
Lower Bound 2 = 68
Avaliação = 1.18831

Tempo de execução: 60.0014s

---------------------------

Largura da faixa = 62
Melhor altura = 180

Lower Bound 1 = 154
Lower Bound 2 = 68
Avaliação = 1.16883

Tempo de execução: 60.0075s

---------------------------

Largura da faixa = 62
Melhor altura = 179

Lower Bound 1 = 154
Lower Bound 2 = 68
Avaliação = 1.16234

Tempo de execução: 60.0033s

---------------------------

Largura da faixa = 62
Melhor altura = 180

Lower Bound 1 = 154
Lower Bound 2 = 68
Avaliação = 1.16883

Tempo de execução: 60.0013s

---------------------------

Largura da faixa = 62
Melhor altura = 181

Lower Bound 1 = 154
Lower Bound 2 = 68
Avaliação = 1.17532

Tempo de execução: 60.0066s

---------------------------

Largura da faixa = 62
Melhor altura = 180

Lower Bound 1 = 154
Lower Bound 2 = 68
Avaliação = 1.16883

Tempo de execução: 60.0031s

---------------------------

Largura da faixa = 62
Melhor altura = 178

Lower Bound 1 = 154
Lower Bound 2 = 68
Avaliação = 1.15584

Tempo de execução: 60.0082s

---------------------------

