Largura da faixa = 61
Melhor altura = 180

Lower Bound 1 = 157
Lower Bound 2 = 69
Avaliação = 1.1465

Tempo de execução: 60.001s

---------------------------

Largura da faixa = 61
Melhor altura = 180

Lower Bound 1 = 157
Lower Bound 2 = 69
Avaliação = 1.1465

Tempo de execução: 60.0044s

---------------------------

Largura da faixa = 61
Melhor altura = 179

Lower Bound 1 = 157
Lower Bound 2 = 69
Avaliação = 1.14013

Tempo de execução: 60.0045s

---------------------------

Largura da faixa = 61
Melhor altura = 177

Lower Bound 1 = 157
Lower Bound 2 = 69
Avaliação = 1.12739

Tempo de execução: 60.0034s

---------------------------

Largura da faixa = 61
Melhor altura = 178

Lower Bound 1 = 157
Lower Bound 2 = 69
Avaliação = 1.13376

Tempo de execução: 60.0002s

---------------------------

Largura da faixa = 61
Melhor altura = 175

Lower Bound 1 = 157
Lower Bound 2 = 69
Avaliação = 1.11465

Tempo de execução: 60.0055s

---------------------------

Largura da faixa = 61
Melhor altura = 179

Lower Bound 1 = 157
Lower Bound 2 = 69
Avaliação = 1.14013

Tempo de execução: 60.0027s

---------------------------

Largura da faixa = 61
Melhor altura = 176

Lower Bound 1 = 157
Lower Bound 2 = 69
Avaliação = 1.12102

Tempo de execução: 60.0022s

---------------------------

Largura da faixa = 61
Melhor altura = 179

Lower Bound 1 = 157
Lower Bound 2 = 69
Avaliação = 1.14013

Tempo de execução: 60.0015s

---------------------------

Largura da faixa = 61
Melhor altura = 177

Lower Bound 1 = 157
Lower Bound 2 = 69
Avaliação = 1.12739

Tempo de execução: 60.0017s

---------------------------

Largura da faixa = 61
Melhor altura = 178

Lower Bound 1 = 157
Lower Bound 2 = 69
Avaliação = 1.13376

Tempo de execução: 60.0064s

---------------------------

Largura da faixa = 61
Melhor altura = 176

Lower Bound 1 = 157
Lower Bound 2 = 69
Avaliação = 1.12102

Tempo de execução: 60.0065s

---------------------------

Largura da faixa = 61
Melhor altura = 178

Lower Bound 1 = 157
Lower Bound 2 = 69
Avaliação = 1.13376

Tempo de execução: 60.0012s

---------------------------

Largura da faixa = 61
Melhor altura = 178

Lower Bound 1 = 157
Lower Bound 2 = 69
Avaliação = 1.13376

Tempo de execução: 60.008s

---------------------------

Largura da faixa = 61
Melhor altura = 177

Lower Bound 1 = 157
Lower Bound 2 = 69
Avaliação = 1.12739

Tempo de execução: 60.0089s

---------------------------

Largura da faixa = 61
Melhor altura = 181

Lower Bound 1 = 157
Lower Bound 2 = 69
Avaliação = 1.15287

Tempo de execução: 60.0005s

---------------------------

Largura da faixa = 61
Melhor altura = 179

Lower Bound 1 = 157
Lower Bound 2 = 69
Avaliação = 1.14013

Tempo de execução: 60.0039s

---------------------------

Largura da faixa = 61
Melhor altura = 182

Lower Bound 1 = 157
Lower Bound 2 = 69
Avaliação = 1.15924

Tempo de execução: 60.0054s

---------------------------

Largura da faixa = 61
Melhor altura = 180

Lower Bound 1 = 157
Lower Bound 2 = 69
Avaliação = 1.1465

Tempo de execução: 60.0026s

---------------------------

Largura da faixa = 61
Melhor altura = 178

Lower Bound 1 = 157
Lower Bound 2 = 69
Avaliação = 1.13376

Tempo de execução: 60.0007s

---------------------------

