Largura da faixa = 92
Melhor altura = 556

Lower Bound 1 = 417
Lower Bound 2 = 207
Avaliação = 1.33333

Tempo de execução: 60.0546s

---------------------------

Largura da faixa = 92
Melhor altura = 555

Lower Bound 1 = 417
Lower Bound 2 = 207
Avaliação = 1.33094

Tempo de execução: 60.0229s

---------------------------

Largura da faixa = 92
Melhor altura = 555

Lower Bound 1 = 417
Lower Bound 2 = 207
Avaliação = 1.33094

Tempo de execução: 60.0797s

---------------------------

Largura da faixa = 92
Melhor altura = 557

Lower Bound 1 = 417
Lower Bound 2 = 207
Avaliação = 1.33573

Tempo de execução: 60.0273s

---------------------------

Largura da faixa = 92
Melhor altura = 549

Lower Bound 1 = 417
Lower Bound 2 = 207
Avaliação = 1.31655

Tempo de execução: 60.0193s

---------------------------

Largura da faixa = 92
Melhor altura = 553

Lower Bound 1 = 417
Lower Bound 2 = 207
Avaliação = 1.32614

Tempo de execução: 60.0594s

---------------------------

Largura da faixa = 92
Melhor altura = 537

Lower Bound 1 = 417
Lower Bound 2 = 207
Avaliação = 1.28777

Tempo de execução: 60.0039s

---------------------------

Largura da faixa = 92
Melhor altura = 556

Lower Bound 1 = 417
Lower Bound 2 = 207
Avaliação = 1.33333

Tempo de execução: 60.0046s

---------------------------

Largura da faixa = 92
Melhor altura = 556

Lower Bound 1 = 417
Lower Bound 2 = 207
Avaliação = 1.33333

Tempo de execução: 60.0579s

---------------------------

Largura da faixa = 92
Melhor altura = 537

Lower Bound 1 = 417
Lower Bound 2 = 207
Avaliação = 1.28777

Tempo de execução: 60.0007s

---------------------------

Largura da faixa = 92
Melhor altura = 551

Lower Bound 1 = 417
Lower Bound 2 = 207
Avaliação = 1.32134

Tempo de execução: 60.0032s

---------------------------

Largura da faixa = 92
Melhor altura = 551

Lower Bound 1 = 417
Lower Bound 2 = 207
Avaliação = 1.32134

Tempo de execução: 60.0846s

---------------------------

Largura da faixa = 92
Melhor altura = 546

Lower Bound 1 = 417
Lower Bound 2 = 207
Avaliação = 1.30935

Tempo de execução: 60.0286s

---------------------------

Largura da faixa = 92
Melhor altura = 535

Lower Bound 1 = 417
Lower Bound 2 = 207
Avaliação = 1.28297

Tempo de execução: 60.0569s

---------------------------

Largura da faixa = 92
Melhor altura = 553

Lower Bound 1 = 417
Lower Bound 2 = 207
Avaliação = 1.32614

Tempo de execução: 60.0405s

---------------------------

Largura da faixa = 92
Melhor altura = 553

Lower Bound 1 = 417
Lower Bound 2 = 207
Avaliação = 1.32614

Tempo de execução: 60.0039s

---------------------------

Largura da faixa = 92
Melhor altura = 555

Lower Bound 1 = 417
Lower Bound 2 = 207
Avaliação = 1.33094

Tempo de execução: 60.0134s

---------------------------

Largura da faixa = 92
Melhor altura = 552

Lower Bound 1 = 417
Lower Bound 2 = 207
Avaliação = 1.32374

Tempo de execução: 60.0626s

---------------------------

Largura da faixa = 92
Melhor altura = 553

Lower Bound 1 = 417
Lower Bound 2 = 207
Avaliação = 1.32614

Tempo de execução: 60.0044s

---------------------------

Largura da faixa = 92
Melhor altura = 554

Lower Bound 1 = 417
Lower Bound 2 = 207
Avaliação = 1.32854

Tempo de execução: 60.0975s

---------------------------

