Largura da faixa = 70
Melhor altura = 673

Lower Bound 1 = 548
Lower Bound 2 = 318
Avaliação = 1.2281

Tempo de execução: 60.0007s

---------------------------

Largura da faixa = 70
Melhor altura = 672

Lower Bound 1 = 548
Lower Bound 2 = 318
Avaliação = 1.22628

Tempo de execução: 60.0129s

---------------------------

Largura da faixa = 70
Melhor altura = 670

Lower Bound 1 = 548
Lower Bound 2 = 318
Avaliação = 1.22263

Tempo de execução: 60.052s

---------------------------

Largura da faixa = 70
Melhor altura = 680

Lower Bound 1 = 548
Lower Bound 2 = 318
Avaliação = 1.24088

Tempo de execução: 60.0067s

---------------------------

Largura da faixa = 70
Melhor altura = 680

Lower Bound 1 = 548
Lower Bound 2 = 318
Avaliação = 1.24088

Tempo de execução: 60.0179s

---------------------------

Largura da faixa = 70
Melhor altura = 677

Lower Bound 1 = 548
Lower Bound 2 = 318
Avaliação = 1.2354

Tempo de execução: 60.0063s

---------------------------

Largura da faixa = 70
Melhor altura = 668

Lower Bound 1 = 548
Lower Bound 2 = 318
Avaliação = 1.21898

Tempo de execução: 60.0048s

---------------------------

Largura da faixa = 70
Melhor altura = 676

Lower Bound 1 = 548
Lower Bound 2 = 318
Avaliação = 1.23358

Tempo de execução: 60.0154s

---------------------------

Largura da faixa = 70
Melhor altura = 684

Lower Bound 1 = 548
Lower Bound 2 = 318
Avaliação = 1.24818

Tempo de execução: 60.0582s

---------------------------

Largura da faixa = 70
Melhor altura = 677

Lower Bound 1 = 548
Lower Bound 2 = 318
Avaliação = 1.2354

Tempo de execução: 60.0147s

---------------------------

Largura da faixa = 70
Melhor altura = 660

Lower Bound 1 = 548
Lower Bound 2 = 318
Avaliação = 1.20438

Tempo de execução: 60.0199s

---------------------------

Largura da faixa = 70
Melhor altura = 673

Lower Bound 1 = 548
Lower Bound 2 = 318
Avaliação = 1.2281

Tempo de execução: 60.0445s

---------------------------

Largura da faixa = 70
Melhor altura = 677

Lower Bound 1 = 548
Lower Bound 2 = 318
Avaliação = 1.2354

Tempo de execução: 60.0243s

---------------------------

Largura da faixa = 70
Melhor altura = 660

Lower Bound 1 = 548
Lower Bound 2 = 318
Avaliação = 1.20438

Tempo de execução: 60.0308s

---------------------------

Largura da faixa = 70
Melhor altura = 660

Lower Bound 1 = 548
Lower Bound 2 = 318
Avaliação = 1.20438

Tempo de execução: 60.0201s

---------------------------

Largura da faixa = 70
Melhor altura = 659

Lower Bound 1 = 548
Lower Bound 2 = 318
Avaliação = 1.20255

Tempo de execução: 60.0056s

---------------------------

Largura da faixa = 70
Melhor altura = 665

Lower Bound 1 = 548
Lower Bound 2 = 318
Avaliação = 1.2135

Tempo de execução: 60.0093s

---------------------------

Largura da faixa = 70
Melhor altura = 666

Lower Bound 1 = 548
Lower Bound 2 = 318
Avaliação = 1.21533

Tempo de execução: 60.0208s

---------------------------

Largura da faixa = 70
Melhor altura = 680

Lower Bound 1 = 548
Lower Bound 2 = 318
Avaliação = 1.24088

Tempo de execução: 60.0196s

---------------------------

Largura da faixa = 70
Melhor altura = 669

Lower Bound 1 = 548
Lower Bound 2 = 318
Avaliação = 1.2208

Tempo de execução: 60.0346s

---------------------------

