Largura da faixa = 113
Melhor altura = 434

Lower Bound 1 = 339
Lower Bound 2 = 197
Avaliação = 1.28024

Tempo de execução: 60.0042s

---------------------------

Largura da faixa = 113
Melhor altura = 431

Lower Bound 1 = 339
Lower Bound 2 = 197
Avaliação = 1.27139

Tempo de execução: 60.0242s

---------------------------

Largura da faixa = 113
Melhor altura = 428

Lower Bound 1 = 339
Lower Bound 2 = 197
Avaliação = 1.26254

Tempo de execução: 60.0533s

---------------------------

Largura da faixa = 113
Melhor altura = 432

Lower Bound 1 = 339
Lower Bound 2 = 197
Avaliação = 1.27434

Tempo de execução: 60.0037s

---------------------------

Largura da faixa = 113
Melhor altura = 431

Lower Bound 1 = 339
Lower Bound 2 = 197
Avaliação = 1.27139

Tempo de execução: 60.0068s

---------------------------

Largura da faixa = 113
Melhor altura = 433

Lower Bound 1 = 339
Lower Bound 2 = 197
Avaliação = 1.27729

Tempo de execução: 60.02s

---------------------------

Largura da faixa = 113
Melhor altura = 440

Lower Bound 1 = 339
Lower Bound 2 = 197
Avaliação = 1.29794

Tempo de execução: 60.0088s

---------------------------

Largura da faixa = 113
Melhor altura = 429

Lower Bound 1 = 339
Lower Bound 2 = 197
Avaliação = 1.26549

Tempo de execução: 60.0349s

---------------------------

Largura da faixa = 113
Melhor altura = 425

Lower Bound 1 = 339
Lower Bound 2 = 197
Avaliação = 1.25369

Tempo de execução: 60.0253s

---------------------------

Largura da faixa = 113
Melhor altura = 429

Lower Bound 1 = 339
Lower Bound 2 = 197
Avaliação = 1.26549

Tempo de execução: 60.0092s

---------------------------

Largura da faixa = 113
Melhor altura = 432

Lower Bound 1 = 339
Lower Bound 2 = 197
Avaliação = 1.27434

Tempo de execução: 60.0154s

---------------------------

Largura da faixa = 113
Melhor altura = 421

Lower Bound 1 = 339
Lower Bound 2 = 197
Avaliação = 1.24189

Tempo de execução: 60.0026s

---------------------------

Largura da faixa = 113
Melhor altura = 433

Lower Bound 1 = 339
Lower Bound 2 = 197
Avaliação = 1.27729

Tempo de execução: 60.0301s

---------------------------

Largura da faixa = 113
Melhor altura = 434

Lower Bound 1 = 339
Lower Bound 2 = 197
Avaliação = 1.28024

Tempo de execução: 60.0372s

---------------------------

Largura da faixa = 113
Melhor altura = 428

Lower Bound 1 = 339
Lower Bound 2 = 197
Avaliação = 1.26254

Tempo de execução: 60.045s

---------------------------

Largura da faixa = 113
Melhor altura = 435

Lower Bound 1 = 339
Lower Bound 2 = 197
Avaliação = 1.28319

Tempo de execução: 60.0055s

---------------------------

Largura da faixa = 113
Melhor altura = 438

Lower Bound 1 = 339
Lower Bound 2 = 197
Avaliação = 1.29204

Tempo de execução: 60.0193s

---------------------------

Largura da faixa = 113
Melhor altura = 435

Lower Bound 1 = 339
Lower Bound 2 = 197
Avaliação = 1.28319

Tempo de execução: 60.0274s

---------------------------

Largura da faixa = 113
Melhor altura = 436

Lower Bound 1 = 339
Lower Bound 2 = 197
Avaliação = 1.28614

Tempo de execução: 60.0345s

---------------------------

Largura da faixa = 113
Melhor altura = 423

Lower Bound 1 = 339
Lower Bound 2 = 197
Avaliação = 1.24779

Tempo de execução: 60.0454s

---------------------------

