Largura da faixa = 372
Melhor altura = 4649

Lower Bound 1 = 3311
Lower Bound 2 = 4649
Avaliação = 1

Tempo de execução: 60s

---------------------------

Largura da faixa = 372
Melhor altura = 4649

Lower Bound 1 = 3311
Lower Bound 2 = 4649
Avaliação = 1

Tempo de execução: 60s

---------------------------

Largura da faixa = 372
Melhor altura = 4649

Lower Bound 1 = 3311
Lower Bound 2 = 4649
Avaliação = 1

Tempo de execução: 60s

---------------------------

Largura da faixa = 372
Melhor altura = 4649

Lower Bound 1 = 3311
Lower Bound 2 = 4649
Avaliação = 1

Tempo de execução: 60s

---------------------------

Largura da faixa = 372
Melhor altura = 4649

Lower Bound 1 = 3311
Lower Bound 2 = 4649
Avaliação = 1

Tempo de execução: 60.0001s

---------------------------

Largura da faixa = 372
Melhor altura = 4649

Lower Bound 1 = 3311
Lower Bound 2 = 4649
Avaliação = 1

Tempo de execução: 60.0001s

---------------------------

Largura da faixa = 372
Melhor altura = 4649

Lower Bound 1 = 3311
Lower Bound 2 = 4649
Avaliação = 1

Tempo de execução: 60s

---------------------------

Largura da faixa = 372
Melhor altura = 4649

Lower Bound 1 = 3311
Lower Bound 2 = 4649
Avaliação = 1

Tempo de execução: 60.0001s

---------------------------

Largura da faixa = 372
Melhor altura = 4649

Lower Bound 1 = 3311
Lower Bound 2 = 4649
Avaliação = 1

Tempo de execução: 60s

---------------------------

Largura da faixa = 372
Melhor altura = 4649

Lower Bound 1 = 3311
Lower Bound 2 = 4649
Avaliação = 1

Tempo de execução: 60s

---------------------------

Largura da faixa = 372
Melhor altura = 4649

Lower Bound 1 = 3311
Lower Bound 2 = 4649
Avaliação = 1

Tempo de execução: 60.0001s

---------------------------

Largura da faixa = 372
Melhor altura = 4649

Lower Bound 1 = 3311
Lower Bound 2 = 4649
Avaliação = 1

Tempo de execução: 60s

---------------------------

Largura da faixa = 372
Melhor altura = 4649

Lower Bound 1 = 3311
Lower Bound 2 = 4649
Avaliação = 1

Tempo de execução: 60s

---------------------------

Largura da faixa = 372
Melhor altura = 4649

Lower Bound 1 = 3311
Lower Bound 2 = 4649
Avaliação = 1

Tempo de execução: 60s

---------------------------

Largura da faixa = 372
Melhor altura = 4649

Lower Bound 1 = 3311
Lower Bound 2 = 4649
Avaliação = 1

Tempo de execução: 60s

---------------------------

Largura da faixa = 372
Melhor altura = 4649

Lower Bound 1 = 3311
Lower Bound 2 = 4649
Avaliação = 1

Tempo de execução: 60s

---------------------------

Largura da faixa = 372
Melhor altura = 4649

Lower Bound 1 = 3311
Lower Bound 2 = 4649
Avaliação = 1

Tempo de execução: 60.0001s

---------------------------

Largura da faixa = 372
Melhor altura = 4649

Lower Bound 1 = 3311
Lower Bound 2 = 4649
Avaliação = 1

Tempo de execução: 60s

---------------------------

Largura da faixa = 372
Melhor altura = 4649

Lower Bound 1 = 3311
Lower Bound 2 = 4649
Avaliação = 1

Tempo de execução: 60.0001s

---------------------------

Largura da faixa = 372
Melhor altura = 4649

Lower Bound 1 = 3311
Lower Bound 2 = 4649
Avaliação = 1

Tempo de execução: 60s

---------------------------

