Largura da faixa = 186
Melhor altura = 3074

Lower Bound 1 = 2191
Lower Bound 2 = 3058
Avaliação = 1.00523

Tempo de execução: 60s

---------------------------

Largura da faixa = 186
Melhor altura = 3074

Lower Bound 1 = 2191
Lower Bound 2 = 3058
Avaliação = 1.00523

Tempo de execução: 60s

---------------------------

Largura da faixa = 186
Melhor altura = 3074

Lower Bound 1 = 2191
Lower Bound 2 = 3058
Avaliação = 1.00523

Tempo de execução: 60s

---------------------------

Largura da faixa = 186
Melhor altura = 3074

Lower Bound 1 = 2191
Lower Bound 2 = 3058
Avaliação = 1.00523

Tempo de execução: 60s

---------------------------

Largura da faixa = 186
Melhor altura = 3074

Lower Bound 1 = 2191
Lower Bound 2 = 3058
Avaliação = 1.00523

Tempo de execução: 60s

---------------------------

Largura da faixa = 186
Melhor altura = 3074

Lower Bound 1 = 2191
Lower Bound 2 = 3058
Avaliação = 1.00523

Tempo de execução: 60.0001s

---------------------------

Largura da faixa = 186
Melhor altura = 3074

Lower Bound 1 = 2191
Lower Bound 2 = 3058
Avaliação = 1.00523

Tempo de execução: 60s

---------------------------

Largura da faixa = 186
Melhor altura = 3074

Lower Bound 1 = 2191
Lower Bound 2 = 3058
Avaliação = 1.00523

Tempo de execução: 60.0001s

---------------------------

Largura da faixa = 186
Melhor altura = 3074

Lower Bound 1 = 2191
Lower Bound 2 = 3058
Avaliação = 1.00523

Tempo de execução: 60.0002s

---------------------------

Largura da faixa = 186
Melhor altura = 3074

Lower Bound 1 = 2191
Lower Bound 2 = 3058
Avaliação = 1.00523

Tempo de execução: 60s

---------------------------

Largura da faixa = 186
Melhor altura = 3074

Lower Bound 1 = 2191
Lower Bound 2 = 3058
Avaliação = 1.00523

Tempo de execução: 60.0001s

---------------------------

Largura da faixa = 186
Melhor altura = 3074

Lower Bound 1 = 2191
Lower Bound 2 = 3058
Avaliação = 1.00523

Tempo de execução: 60s

---------------------------

Largura da faixa = 186
Melhor altura = 3074

Lower Bound 1 = 2191
Lower Bound 2 = 3058
Avaliação = 1.00523

Tempo de execução: 60s

---------------------------

Largura da faixa = 186
Melhor altura = 3074

Lower Bound 1 = 2191
Lower Bound 2 = 3058
Avaliação = 1.00523

Tempo de execução: 60.0001s

---------------------------

Largura da faixa = 186
Melhor altura = 3074

Lower Bound 1 = 2191
Lower Bound 2 = 3058
Avaliação = 1.00523

Tempo de execução: 60.0002s

---------------------------

Largura da faixa = 186
Melhor altura = 3074

Lower Bound 1 = 2191
Lower Bound 2 = 3058
Avaliação = 1.00523

Tempo de execução: 60s

---------------------------

Largura da faixa = 186
Melhor altura = 3074

Lower Bound 1 = 2191
Lower Bound 2 = 3058
Avaliação = 1.00523

Tempo de execução: 60.0003s

---------------------------

Largura da faixa = 186
Melhor altura = 3074

Lower Bound 1 = 2191
Lower Bound 2 = 3058
Avaliação = 1.00523

Tempo de execução: 60.0001s

---------------------------

Largura da faixa = 186
Melhor altura = 3074

Lower Bound 1 = 2191
Lower Bound 2 = 3058
Avaliação = 1.00523

Tempo de execução: 60s

---------------------------

Largura da faixa = 186
Melhor altura = 3074

Lower Bound 1 = 2191
Lower Bound 2 = 3058
Avaliação = 1.00523

Tempo de execução: 60s

---------------------------

