Largura da faixa = 364
Melhor altura = 1890

Lower Bound 1 = 1498
Lower Bound 2 = 1890
Avaliação = 1

Tempo de execução: 60s

---------------------------

Largura da faixa = 364
Melhor altura = 1890

Lower Bound 1 = 1498
Lower Bound 2 = 1890
Avaliação = 1

Tempo de execução: 60s

---------------------------

Largura da faixa = 364
Melhor altura = 1890

Lower Bound 1 = 1498
Lower Bound 2 = 1890
Avaliação = 1

Tempo de execução: 60s

---------------------------

Largura da faixa = 364
Melhor altura = 1890

Lower Bound 1 = 1498
Lower Bound 2 = 1890
Avaliação = 1

Tempo de execução: 60s

---------------------------

Largura da faixa = 364
Melhor altura = 1890

Lower Bound 1 = 1498
Lower Bound 2 = 1890
Avaliação = 1

Tempo de execução: 60s

---------------------------

Largura da faixa = 364
Melhor altura = 1890

Lower Bound 1 = 1498
Lower Bound 2 = 1890
Avaliação = 1

Tempo de execução: 60s

---------------------------

Largura da faixa = 364
Melhor altura = 1890

Lower Bound 1 = 1498
Lower Bound 2 = 1890
Avaliação = 1

Tempo de execução: 60s

---------------------------

Largura da faixa = 364
Melhor altura = 1890

Lower Bound 1 = 1498
Lower Bound 2 = 1890
Avaliação = 1

Tempo de execução: 60s

---------------------------

Largura da faixa = 364
Melhor altura = 1890

Lower Bound 1 = 1498
Lower Bound 2 = 1890
Avaliação = 1

Tempo de execução: 60s

---------------------------

Largura da faixa = 364
Melhor altura = 1890

Lower Bound 1 = 1498
Lower Bound 2 = 1890
Avaliação = 1

Tempo de execução: 60s

---------------------------

Largura da faixa = 364
Melhor altura = 1890

Lower Bound 1 = 1498
Lower Bound 2 = 1890
Avaliação = 1

Tempo de execução: 60s

---------------------------

Largura da faixa = 364
Melhor altura = 1890

Lower Bound 1 = 1498
Lower Bound 2 = 1890
Avaliação = 1

Tempo de execução: 60s

---------------------------

Largura da faixa = 364
Melhor altura = 1890

Lower Bound 1 = 1498
Lower Bound 2 = 1890
Avaliação = 1

Tempo de execução: 60s

---------------------------

Largura da faixa = 364
Melhor altura = 1890

Lower Bound 1 = 1498
Lower Bound 2 = 1890
Avaliação = 1

Tempo de execução: 60s

---------------------------

Largura da faixa = 364
Melhor altura = 1890

Lower Bound 1 = 1498
Lower Bound 2 = 1890
Avaliação = 1

Tempo de execução: 60s

---------------------------

Largura da faixa = 364
Melhor altura = 1890

Lower Bound 1 = 1498
Lower Bound 2 = 1890
Avaliação = 1

Tempo de execução: 60s

---------------------------

Largura da faixa = 364
Melhor altura = 1890

Lower Bound 1 = 1498
Lower Bound 2 = 1890
Avaliação = 1

Tempo de execução: 60s

---------------------------

Largura da faixa = 364
Melhor altura = 1890

Lower Bound 1 = 1498
Lower Bound 2 = 1890
Avaliação = 1

Tempo de execução: 60s

---------------------------

Largura da faixa = 364
Melhor altura = 1890

Lower Bound 1 = 1498
Lower Bound 2 = 1890
Avaliação = 1

Tempo de execução: 60s

---------------------------

Largura da faixa = 364
Melhor altura = 1890

Lower Bound 1 = 1498
Lower Bound 2 = 1890
Avaliação = 1

Tempo de execução: 60s

---------------------------

