Largura da faixa = 184
Melhor altura = 5550

Lower Bound 1 = 3975
Lower Bound 2 = 5550
Avaliação = 1

Tempo de execução: 60.0004s

---------------------------

Largura da faixa = 184
Melhor altura = 5550

Lower Bound 1 = 3975
Lower Bound 2 = 5550
Avaliação = 1

Tempo de execução: 60.0005s

---------------------------

Largura da faixa = 184
Melhor altura = 5550

Lower Bound 1 = 3975
Lower Bound 2 = 5550
Avaliação = 1

Tempo de execução: 60.0015s

---------------------------

Largura da faixa = 184
Melhor altura = 5550

Lower Bound 1 = 3975
Lower Bound 2 = 5550
Avaliação = 1

Tempo de execução: 60.0001s

---------------------------

Largura da faixa = 184
Melhor altura = 5550

Lower Bound 1 = 3975
Lower Bound 2 = 5550
Avaliação = 1

Tempo de execução: 60s

---------------------------

Largura da faixa = 184
Melhor altura = 5550

Lower Bound 1 = 3975
Lower Bound 2 = 5550
Avaliação = 1

Tempo de execução: 60.0007s

---------------------------

Largura da faixa = 184
Melhor altura = 5550

Lower Bound 1 = 3975
Lower Bound 2 = 5550
Avaliação = 1

Tempo de execução: 60.0002s

---------------------------

Largura da faixa = 184
Melhor altura = 5550

Lower Bound 1 = 3975
Lower Bound 2 = 5550
Avaliação = 1

Tempo de execução: 60.0002s

---------------------------

Largura da faixa = 184
Melhor altura = 5550

Lower Bound 1 = 3975
Lower Bound 2 = 5550
Avaliação = 1

Tempo de execução: 60.001s

---------------------------

Largura da faixa = 184
Melhor altura = 5550

Lower Bound 1 = 3975
Lower Bound 2 = 5550
Avaliação = 1

Tempo de execução: 60.0001s

---------------------------

Largura da faixa = 184
Melhor altura = 5550

Lower Bound 1 = 3975
Lower Bound 2 = 5550
Avaliação = 1

Tempo de execução: 60.0014s

---------------------------

Largura da faixa = 184
Melhor altura = 5550

Lower Bound 1 = 3975
Lower Bound 2 = 5550
Avaliação = 1

Tempo de execução: 60.0019s

---------------------------

Largura da faixa = 184
Melhor altura = 5550

Lower Bound 1 = 3975
Lower Bound 2 = 5550
Avaliação = 1

Tempo de execução: 60.0006s

---------------------------

Largura da faixa = 184
Melhor altura = 5550

Lower Bound 1 = 3975
Lower Bound 2 = 5550
Avaliação = 1

Tempo de execução: 60.001s

---------------------------

Largura da faixa = 184
Melhor altura = 5550

Lower Bound 1 = 3975
Lower Bound 2 = 5550
Avaliação = 1

Tempo de execução: 60.0016s

---------------------------

Largura da faixa = 184
Melhor altura = 5550

Lower Bound 1 = 3975
Lower Bound 2 = 5550
Avaliação = 1

Tempo de execução: 60s

---------------------------

Largura da faixa = 184
Melhor altura = 5550

Lower Bound 1 = 3975
Lower Bound 2 = 5550
Avaliação = 1

Tempo de execução: 60s

---------------------------

Largura da faixa = 184
Melhor altura = 5550

Lower Bound 1 = 3975
Lower Bound 2 = 5550
Avaliação = 1

Tempo de execução: 60.0005s

---------------------------

Largura da faixa = 184
Melhor altura = 5550

Lower Bound 1 = 3975
Lower Bound 2 = 5550
Avaliação = 1

Tempo de execução: 60s

---------------------------

Largura da faixa = 184
Melhor altura = 5550

Lower Bound 1 = 3975
Lower Bound 2 = 5550
Avaliação = 1

Tempo de execução: 60.0005s

---------------------------

