Largura da faixa = 374
Melhor altura = 10517

Lower Bound 1 = 7501
Lower Bound 2 = 10517
Avaliação = 1

Tempo de execução: 60.0003s

---------------------------

Largura da faixa = 374
Melhor altura = 10517

Lower Bound 1 = 7501
Lower Bound 2 = 10517
Avaliação = 1

Tempo de execução: 60.0004s

---------------------------

Largura da faixa = 374
Melhor altura = 10517

Lower Bound 1 = 7501
Lower Bound 2 = 10517
Avaliação = 1

Tempo de execução: 60.0007s

---------------------------

Largura da faixa = 374
Melhor altura = 10517

Lower Bound 1 = 7501
Lower Bound 2 = 10517
Avaliação = 1

Tempo de execução: 60s

---------------------------

Largura da faixa = 374
Melhor altura = 10517

Lower Bound 1 = 7501
Lower Bound 2 = 10517
Avaliação = 1

Tempo de execução: 60.0001s

---------------------------

Largura da faixa = 374
Melhor altura = 10517

Lower Bound 1 = 7501
Lower Bound 2 = 10517
Avaliação = 1

Tempo de execução: 60.0013s

---------------------------

Largura da faixa = 374
Melhor altura = 10517

Lower Bound 1 = 7501
Lower Bound 2 = 10517
Avaliação = 1

Tempo de execução: 60.0004s

---------------------------

Largura da faixa = 374
Melhor altura = 10517

Lower Bound 1 = 7501
Lower Bound 2 = 10517
Avaliação = 1

Tempo de execução: 60.0006s

---------------------------

Largura da faixa = 374
Melhor altura = 10517

Lower Bound 1 = 7501
Lower Bound 2 = 10517
Avaliação = 1

Tempo de execução: 60.0011s

---------------------------

Largura da faixa = 374
Melhor altura = 10517

Lower Bound 1 = 7501
Lower Bound 2 = 10517
Avaliação = 1

Tempo de execução: 60s

---------------------------

Largura da faixa = 374
Melhor altura = 10517

Lower Bound 1 = 7501
Lower Bound 2 = 10517
Avaliação = 1

Tempo de execução: 60.0002s

---------------------------

Largura da faixa = 374
Melhor altura = 10517

Lower Bound 1 = 7501
Lower Bound 2 = 10517
Avaliação = 1

Tempo de execução: 60s

---------------------------

Largura da faixa = 374
Melhor altura = 10517

Lower Bound 1 = 7501
Lower Bound 2 = 10517
Avaliação = 1

Tempo de execução: 60s

---------------------------

Largura da faixa = 374
Melhor altura = 10517

Lower Bound 1 = 7501
Lower Bound 2 = 10517
Avaliação = 1

Tempo de execução: 60.0002s

---------------------------

Largura da faixa = 374
Melhor altura = 10517

Lower Bound 1 = 7501
Lower Bound 2 = 10517
Avaliação = 1

Tempo de execução: 60.0003s

---------------------------

Largura da faixa = 374
Melhor altura = 10517

Lower Bound 1 = 7501
Lower Bound 2 = 10517
Avaliação = 1

Tempo de execução: 60.0006s

---------------------------

Largura da faixa = 374
Melhor altura = 10517

Lower Bound 1 = 7501
Lower Bound 2 = 10517
Avaliação = 1

Tempo de execução: 60.0005s

---------------------------

Largura da faixa = 374
Melhor altura = 10517

Lower Bound 1 = 7501
Lower Bound 2 = 10517
Avaliação = 1

Tempo de execução: 60.0002s

---------------------------

Largura da faixa = 374
Melhor altura = 10517

Lower Bound 1 = 7501
Lower Bound 2 = 10517
Avaliação = 1

Tempo de execução: 60s

---------------------------

Largura da faixa = 374
Melhor altura = 10517

Lower Bound 1 = 7501
Lower Bound 2 = 10517
Avaliação = 1

Tempo de execução: 60.0001s

---------------------------

