Largura da faixa = 1890
Melhor altura = 8753

Lower Bound 1 = 7574
Lower Bound 2 = 1890
Avaliação = 1.15566

Tempo de execução: 60.0002s

---------------------------

Largura da faixa = 1890
Melhor altura = 8640

Lower Bound 1 = 7574
Lower Bound 2 = 1890
Avaliação = 1.14074

Tempo de execução: 60.0004s

---------------------------

Largura da faixa = 1890
Melhor altura = 8640

Lower Bound 1 = 7574
Lower Bound 2 = 1890
Avaliação = 1.14074

Tempo de execução: 60.0011s

---------------------------

Largura da faixa = 1890
Melhor altura = 8773

Lower Bound 1 = 7574
Lower Bound 2 = 1890
Avaliação = 1.1583

Tempo de execução: 60.0002s

---------------------------

Largura da faixa = 1890
Melhor altura = 8829

Lower Bound 1 = 7574
Lower Bound 2 = 1890
Avaliação = 1.1657

Tempo de execução: 60.0003s

---------------------------

Largura da faixa = 1890
Melhor altura = 8669

Lower Bound 1 = 7574
Lower Bound 2 = 1890
Avaliação = 1.14457

Tempo de execução: 60.0003s

---------------------------

Largura da faixa = 1890
Melhor altura = 8644

Lower Bound 1 = 7574
Lower Bound 2 = 1890
Avaliação = 1.14127

Tempo de execução: 60.0003s

---------------------------

Largura da faixa = 1890
Melhor altura = 8637

Lower Bound 1 = 7574
Lower Bound 2 = 1890
Avaliação = 1.14035

Tempo de execução: 60.0001s

---------------------------

Largura da faixa = 1890
Melhor altura = 8788

Lower Bound 1 = 7574
Lower Bound 2 = 1890
Avaliação = 1.16029

Tempo de execução: 60.0008s

---------------------------

Largura da faixa = 1890
Melhor altura = 8895

Lower Bound 1 = 7574
Lower Bound 2 = 1890
Avaliação = 1.17441

Tempo de execução: 60.0001s

---------------------------

Largura da faixa = 1890
Melhor altura = 8658

Lower Bound 1 = 7574
Lower Bound 2 = 1890
Avaliação = 1.14312

Tempo de execução: 60.0002s

---------------------------

Largura da faixa = 1890
Melhor altura = 8672

Lower Bound 1 = 7574
Lower Bound 2 = 1890
Avaliação = 1.14497

Tempo de execução: 60.0003s

---------------------------

Largura da faixa = 1890
Melhor altura = 8741

Lower Bound 1 = 7574
Lower Bound 2 = 1890
Avaliação = 1.15408

Tempo de execução: 60.0001s

---------------------------

Largura da faixa = 1890
Melhor altura = 8649

Lower Bound 1 = 7574
Lower Bound 2 = 1890
Avaliação = 1.14193

Tempo de execução: 60.0002s

---------------------------

Largura da faixa = 1890
Melhor altura = 8637

Lower Bound 1 = 7574
Lower Bound 2 = 1890
Avaliação = 1.14035

Tempo de execução: 60.0005s

---------------------------

Largura da faixa = 1890
Melhor altura = 8697

Lower Bound 1 = 7574
Lower Bound 2 = 1890
Avaliação = 1.14827

Tempo de execução: 60s

---------------------------

Largura da faixa = 1890
Melhor altura = 8775

Lower Bound 1 = 7574
Lower Bound 2 = 1890
Avaliação = 1.15857

Tempo de execução: 60.0004s

---------------------------

Largura da faixa = 1890
Melhor altura = 8833

Lower Bound 1 = 7574
Lower Bound 2 = 1890
Avaliação = 1.16623

Tempo de execução: 60.0005s

---------------------------

Largura da faixa = 1890
Melhor altura = 8693

Lower Bound 1 = 7574
Lower Bound 2 = 1890
Avaliação = 1.14774

Tempo de execução: 60s

---------------------------

Largura da faixa = 1890
Melhor altura = 8756

Lower Bound 1 = 7574
Lower Bound 2 = 1890
Avaliação = 1.15606

Tempo de execução: 60.0001s

---------------------------

