Largura da faixa = 688
Melhor altura = 4024

Lower Bound 1 = 2938
Lower Bound 2 = 3598
Avaliação = 1.1184

Tempo de execução: 60s

---------------------------

Largura da faixa = 688
Melhor altura = 4024

Lower Bound 1 = 2938
Lower Bound 2 = 3598
Avaliação = 1.1184

Tempo de execução: 60s

---------------------------

Largura da faixa = 688
Melhor altura = 4024

Lower Bound 1 = 2938
Lower Bound 2 = 3598
Avaliação = 1.1184

Tempo de execução: 60s

---------------------------

Largura da faixa = 688
Melhor altura = 4024

Lower Bound 1 = 2938
Lower Bound 2 = 3598
Avaliação = 1.1184

Tempo de execução: 60s

---------------------------

Largura da faixa = 688
Melhor altura = 4024

Lower Bound 1 = 2938
Lower Bound 2 = 3598
Avaliação = 1.1184

Tempo de execução: 60s

---------------------------

Largura da faixa = 688
Melhor altura = 4024

Lower Bound 1 = 2938
Lower Bound 2 = 3598
Avaliação = 1.1184

Tempo de execução: 60s

---------------------------

Largura da faixa = 688
Melhor altura = 4024

Lower Bound 1 = 2938
Lower Bound 2 = 3598
Avaliação = 1.1184

Tempo de execução: 60s

---------------------------

Largura da faixa = 688
Melhor altura = 4024

Lower Bound 1 = 2938
Lower Bound 2 = 3598
Avaliação = 1.1184

Tempo de execução: 60s

---------------------------

Largura da faixa = 688
Melhor altura = 4024

Lower Bound 1 = 2938
Lower Bound 2 = 3598
Avaliação = 1.1184

Tempo de execução: 60s

---------------------------

Largura da faixa = 688
Melhor altura = 4024

Lower Bound 1 = 2938
Lower Bound 2 = 3598
Avaliação = 1.1184

Tempo de execução: 60s

---------------------------

Largura da faixa = 688
Melhor altura = 4024

Lower Bound 1 = 2938
Lower Bound 2 = 3598
Avaliação = 1.1184

Tempo de execução: 60s

---------------------------

Largura da faixa = 688
Melhor altura = 4024

Lower Bound 1 = 2938
Lower Bound 2 = 3598
Avaliação = 1.1184

Tempo de execução: 60s

---------------------------

Largura da faixa = 688
Melhor altura = 4024

Lower Bound 1 = 2938
Lower Bound 2 = 3598
Avaliação = 1.1184

Tempo de execução: 60s

---------------------------

Largura da faixa = 688
Melhor altura = 4024

Lower Bound 1 = 2938
Lower Bound 2 = 3598
Avaliação = 1.1184

Tempo de execução: 60s

---------------------------

Largura da faixa = 688
Melhor altura = 4024

Lower Bound 1 = 2938
Lower Bound 2 = 3598
Avaliação = 1.1184

Tempo de execução: 60s

---------------------------

Largura da faixa = 688
Melhor altura = 4024

Lower Bound 1 = 2938
Lower Bound 2 = 3598
Avaliação = 1.1184

Tempo de execução: 60.0001s

---------------------------

Largura da faixa = 688
Melhor altura = 4024

Lower Bound 1 = 2938
Lower Bound 2 = 3598
Avaliação = 1.1184

Tempo de execução: 60s

---------------------------

Largura da faixa = 688
Melhor altura = 4024

Lower Bound 1 = 2938
Lower Bound 2 = 3598
Avaliação = 1.1184

Tempo de execução: 60s

---------------------------

Largura da faixa = 688
Melhor altura = 4024

Lower Bound 1 = 2938
Lower Bound 2 = 3598
Avaliação = 1.1184

Tempo de execução: 60s

---------------------------

Largura da faixa = 688
Melhor altura = 4024

Lower Bound 1 = 2938
Lower Bound 2 = 3598
Avaliação = 1.1184

Tempo de execução: 60.0001s

---------------------------

