Largura da faixa = 184
Melhor altura = 1086

Lower Bound 1 = 888
Lower Bound 2 = 1086
Avaliação = 1

Tempo de execução: 60s

---------------------------

Largura da faixa = 184
Melhor altura = 1086

Lower Bound 1 = 888
Lower Bound 2 = 1086
Avaliação = 1

Tempo de execução: 60s

---------------------------

Largura da faixa = 184
Melhor altura = 1086

Lower Bound 1 = 888
Lower Bound 2 = 1086
Avaliação = 1

Tempo de execução: 60s

---------------------------

Largura da faixa = 184
Melhor altura = 1086

Lower Bound 1 = 888
Lower Bound 2 = 1086
Avaliação = 1

Tempo de execução: 60s

---------------------------

Largura da faixa = 184
Melhor altura = 1086

Lower Bound 1 = 888
Lower Bound 2 = 1086
Avaliação = 1

Tempo de execução: 60s

---------------------------

Largura da faixa = 184
Melhor altura = 1086

Lower Bound 1 = 888
Lower Bound 2 = 1086
Avaliação = 1

Tempo de execução: 60s

---------------------------

Largura da faixa = 184
Melhor altura = 1086

Lower Bound 1 = 888
Lower Bound 2 = 1086
Avaliação = 1

Tempo de execução: 60s

---------------------------

Largura da faixa = 184
Melhor altura = 1086

Lower Bound 1 = 888
Lower Bound 2 = 1086
Avaliação = 1

Tempo de execução: 60s

---------------------------

Largura da faixa = 184
Melhor altura = 1086

Lower Bound 1 = 888
Lower Bound 2 = 1086
Avaliação = 1

Tempo de execução: 60s

---------------------------

Largura da faixa = 184
Melhor altura = 1086

Lower Bound 1 = 888
Lower Bound 2 = 1086
Avaliação = 1

Tempo de execução: 60s

---------------------------

Largura da faixa = 184
Melhor altura = 1086

Lower Bound 1 = 888
Lower Bound 2 = 1086
Avaliação = 1

Tempo de execução: 60s

---------------------------

Largura da faixa = 184
Melhor altura = 1086

Lower Bound 1 = 888
Lower Bound 2 = 1086
Avaliação = 1

Tempo de execução: 60s

---------------------------

Largura da faixa = 184
Melhor altura = 1086

Lower Bound 1 = 888
Lower Bound 2 = 1086
Avaliação = 1

Tempo de execução: 60s

---------------------------

Largura da faixa = 184
Melhor altura = 1086

Lower Bound 1 = 888
Lower Bound 2 = 1086
Avaliação = 1

Tempo de execução: 60s

---------------------------

Largura da faixa = 184
Melhor altura = 1086

Lower Bound 1 = 888
Lower Bound 2 = 1086
Avaliação = 1

Tempo de execução: 60s

---------------------------

Largura da faixa = 184
Melhor altura = 1086

Lower Bound 1 = 888
Lower Bound 2 = 1086
Avaliação = 1

Tempo de execução: 60s

---------------------------

Largura da faixa = 184
Melhor altura = 1086

Lower Bound 1 = 888
Lower Bound 2 = 1086
Avaliação = 1

Tempo de execução: 60s

---------------------------

Largura da faixa = 184
Melhor altura = 1086

Lower Bound 1 = 888
Lower Bound 2 = 1086
Avaliação = 1

Tempo de execução: 60s

---------------------------

Largura da faixa = 184
Melhor altura = 1086

Lower Bound 1 = 888
Lower Bound 2 = 1086
Avaliação = 1

Tempo de execução: 60s

---------------------------

Largura da faixa = 184
Melhor altura = 1086

Lower Bound 1 = 888
Lower Bound 2 = 1086
Avaliação = 1

Tempo de execução: 60s

---------------------------

