Largura da faixa = 746
Melhor altura = 23005

Lower Bound 1 = 16785
Lower Bound 2 = 22535
Avaliação = 1.02086

Tempo de execução: 60s

---------------------------

Largura da faixa = 746
Melhor altura = 23005

Lower Bound 1 = 16785
Lower Bound 2 = 22535
Avaliação = 1.02086

Tempo de execução: 60.0012s

---------------------------

Largura da faixa = 746
Melhor altura = 23005

Lower Bound 1 = 16785
Lower Bound 2 = 22535
Avaliação = 1.02086

Tempo de execução: 60.0011s

---------------------------

Largura da faixa = 746
Melhor altura = 23005

Lower Bound 1 = 16785
Lower Bound 2 = 22535
Avaliação = 1.02086

Tempo de execução: 60.0002s

---------------------------

Largura da faixa = 746
Melhor altura = 23005

Lower Bound 1 = 16785
Lower Bound 2 = 22535
Avaliação = 1.02086

Tempo de execução: 60.0001s

---------------------------

Largura da faixa = 746
Melhor altura = 23005

Lower Bound 1 = 16785
Lower Bound 2 = 22535
Avaliação = 1.02086

Tempo de execução: 60.001s

---------------------------

Largura da faixa = 746
Melhor altura = 23005

Lower Bound 1 = 16785
Lower Bound 2 = 22535
Avaliação = 1.02086

Tempo de execução: 60.0002s

---------------------------

Largura da faixa = 746
Melhor altura = 23005

Lower Bound 1 = 16785
Lower Bound 2 = 22535
Avaliação = 1.02086

Tempo de execução: 60.0003s

---------------------------

Largura da faixa = 746
Melhor altura = 23005

Lower Bound 1 = 16785
Lower Bound 2 = 22535
Avaliação = 1.02086

Tempo de execução: 60.0003s

---------------------------

Largura da faixa = 746
Melhor altura = 23005

Lower Bound 1 = 16785
Lower Bound 2 = 22535
Avaliação = 1.02086

Tempo de execução: 60.0002s

---------------------------

Largura da faixa = 746
Melhor altura = 23005

Lower Bound 1 = 16785
Lower Bound 2 = 22535
Avaliação = 1.02086

Tempo de execução: 60.0003s

---------------------------

Largura da faixa = 746
Melhor altura = 23005

Lower Bound 1 = 16785
Lower Bound 2 = 22535
Avaliação = 1.02086

Tempo de execução: 60.0006s

---------------------------

Largura da faixa = 746
Melhor altura = 23005

Lower Bound 1 = 16785
Lower Bound 2 = 22535
Avaliação = 1.02086

Tempo de execução: 60.0001s

---------------------------

Largura da faixa = 746
Melhor altura = 23005

Lower Bound 1 = 16785
Lower Bound 2 = 22535
Avaliação = 1.02086

Tempo de execução: 60.0001s

---------------------------

Largura da faixa = 746
Melhor altura = 23005

Lower Bound 1 = 16785
Lower Bound 2 = 22535
Avaliação = 1.02086

Tempo de execução: 60.0007s

---------------------------

Largura da faixa = 746
Melhor altura = 23005

Lower Bound 1 = 16785
Lower Bound 2 = 22535
Avaliação = 1.02086

Tempo de execução: 60.0002s

---------------------------

Largura da faixa = 746
Melhor altura = 23005

Lower Bound 1 = 16785
Lower Bound 2 = 22535
Avaliação = 1.02086

Tempo de execução: 60.0002s

---------------------------

Largura da faixa = 746
Melhor altura = 23005

Lower Bound 1 = 16785
Lower Bound 2 = 22535
Avaliação = 1.02086

Tempo de execução: 60.0013s

---------------------------

Largura da faixa = 746
Melhor altura = 23005

Lower Bound 1 = 16785
Lower Bound 2 = 22535
Avaliação = 1.02086

Tempo de execução: 60.0001s

---------------------------

Largura da faixa = 746
Melhor altura = 23005

Lower Bound 1 = 16785
Lower Bound 2 = 22535
Avaliação = 1.02086

Tempo de execução: 60.0004s

---------------------------

