Largura da faixa = 374
Melhor altura = 7458

Lower Bound 1 = 5360
Lower Bound 2 = 7458
Avaliação = 1

Tempo de execução: 60.0001s

---------------------------

Largura da faixa = 374
Melhor altura = 7458

Lower Bound 1 = 5360
Lower Bound 2 = 7458
Avaliação = 1

Tempo de execução: 60.0001s

---------------------------

Largura da faixa = 374
Melhor altura = 7458

Lower Bound 1 = 5360
Lower Bound 2 = 7458
Avaliação = 1

Tempo de execução: 60s

---------------------------

Largura da faixa = 374
Melhor altura = 7458

Lower Bound 1 = 5360
Lower Bound 2 = 7458
Avaliação = 1

Tempo de execução: 60s

---------------------------

Largura da faixa = 374
Melhor altura = 7458

Lower Bound 1 = 5360
Lower Bound 2 = 7458
Avaliação = 1

Tempo de execução: 60s

---------------------------

Largura da faixa = 374
Melhor altura = 7458

Lower Bound 1 = 5360
Lower Bound 2 = 7458
Avaliação = 1

Tempo de execução: 60.0001s

---------------------------

Largura da faixa = 374
Melhor altura = 7458

Lower Bound 1 = 5360
Lower Bound 2 = 7458
Avaliação = 1

Tempo de execução: 60s

---------------------------

Largura da faixa = 374
Melhor altura = 7458

Lower Bound 1 = 5360
Lower Bound 2 = 7458
Avaliação = 1

Tempo de execução: 60.0001s

---------------------------

Largura da faixa = 374
Melhor altura = 7458

Lower Bound 1 = 5360
Lower Bound 2 = 7458
Avaliação = 1

Tempo de execução: 60.0001s

---------------------------

Largura da faixa = 374
Melhor altura = 7458

Lower Bound 1 = 5360
Lower Bound 2 = 7458
Avaliação = 1

Tempo de execução: 60s

---------------------------

Largura da faixa = 374
Melhor altura = 7458

Lower Bound 1 = 5360
Lower Bound 2 = 7458
Avaliação = 1

Tempo de execução: 60s

---------------------------

Largura da faixa = 374
Melhor altura = 7458

Lower Bound 1 = 5360
Lower Bound 2 = 7458
Avaliação = 1

Tempo de execução: 60.0001s

---------------------------

Largura da faixa = 374
Melhor altura = 7458

Lower Bound 1 = 5360
Lower Bound 2 = 7458
Avaliação = 1

Tempo de execução: 60s

---------------------------

Largura da faixa = 374
Melhor altura = 7458

Lower Bound 1 = 5360
Lower Bound 2 = 7458
Avaliação = 1

Tempo de execução: 60s

---------------------------

Largura da faixa = 374
Melhor altura = 7458

Lower Bound 1 = 5360
Lower Bound 2 = 7458
Avaliação = 1

Tempo de execução: 60.0004s

---------------------------

Largura da faixa = 374
Melhor altura = 7458

Lower Bound 1 = 5360
Lower Bound 2 = 7458
Avaliação = 1

Tempo de execução: 60.0001s

---------------------------

Largura da faixa = 374
Melhor altura = 7458

Lower Bound 1 = 5360
Lower Bound 2 = 7458
Avaliação = 1

Tempo de execução: 60.0002s

---------------------------

Largura da faixa = 374
Melhor altura = 7458

Lower Bound 1 = 5360
Lower Bound 2 = 7458
Avaliação = 1

Tempo de execução: 60.0001s

---------------------------

Largura da faixa = 374
Melhor altura = 7458

Lower Bound 1 = 5360
Lower Bound 2 = 7458
Avaliação = 1

Tempo de execução: 60s

---------------------------

Largura da faixa = 374
Melhor altura = 7458

Lower Bound 1 = 5360
Lower Bound 2 = 7458
Avaliação = 1

Tempo de execução: 60.0002s

---------------------------

