Largura da faixa = 186
Melhor altura = 1927

Lower Bound 1 = 1476
Lower Bound 2 = 1824
Avaliação = 1.05647

Tempo de execução: 60s

---------------------------

Largura da faixa = 186
Melhor altura = 1927

Lower Bound 1 = 1476
Lower Bound 2 = 1824
Avaliação = 1.05647

Tempo de execução: 60s

---------------------------

Largura da faixa = 186
Melhor altura = 1927

Lower Bound 1 = 1476
Lower Bound 2 = 1824
Avaliação = 1.05647

Tempo de execução: 60.0001s

---------------------------

Largura da faixa = 186
Melhor altura = 1927

Lower Bound 1 = 1476
Lower Bound 2 = 1824
Avaliação = 1.05647

Tempo de execução: 60s

---------------------------

Largura da faixa = 186
Melhor altura = 1927

Lower Bound 1 = 1476
Lower Bound 2 = 1824
Avaliação = 1.05647

Tempo de execução: 60.0001s

---------------------------

Largura da faixa = 186
Melhor altura = 1927

Lower Bound 1 = 1476
Lower Bound 2 = 1824
Avaliação = 1.05647

Tempo de execução: 60.0001s

---------------------------

Largura da faixa = 186
Melhor altura = 1927

Lower Bound 1 = 1476
Lower Bound 2 = 1824
Avaliação = 1.05647

Tempo de execução: 60.0001s

---------------------------

Largura da faixa = 186
Melhor altura = 1927

Lower Bound 1 = 1476
Lower Bound 2 = 1824
Avaliação = 1.05647

Tempo de execução: 60.0001s

---------------------------

Largura da faixa = 186
Melhor altura = 1927

Lower Bound 1 = 1476
Lower Bound 2 = 1824
Avaliação = 1.05647

Tempo de execução: 60.0001s

---------------------------

Largura da faixa = 186
Melhor altura = 1927

Lower Bound 1 = 1476
Lower Bound 2 = 1824
Avaliação = 1.05647

Tempo de execução: 60s

---------------------------

Largura da faixa = 186
Melhor altura = 1927

Lower Bound 1 = 1476
Lower Bound 2 = 1824
Avaliação = 1.05647

Tempo de execução: 60s

---------------------------

Largura da faixa = 186
Melhor altura = 1927

Lower Bound 1 = 1476
Lower Bound 2 = 1824
Avaliação = 1.05647

Tempo de execução: 60s

---------------------------

Largura da faixa = 186
Melhor altura = 1927

Lower Bound 1 = 1476
Lower Bound 2 = 1824
Avaliação = 1.05647

Tempo de execução: 60s

---------------------------

Largura da faixa = 186
Melhor altura = 1927

Lower Bound 1 = 1476
Lower Bound 2 = 1824
Avaliação = 1.05647

Tempo de execução: 60.0001s

---------------------------

Largura da faixa = 186
Melhor altura = 1927

Lower Bound 1 = 1476
Lower Bound 2 = 1824
Avaliação = 1.05647

Tempo de execução: 60s

---------------------------

Largura da faixa = 186
Melhor altura = 1927

Lower Bound 1 = 1476
Lower Bound 2 = 1824
Avaliação = 1.05647

Tempo de execução: 60s

---------------------------

Largura da faixa = 186
Melhor altura = 1927

Lower Bound 1 = 1476
Lower Bound 2 = 1824
Avaliação = 1.05647

Tempo de execução: 60.0001s

---------------------------

Largura da faixa = 186
Melhor altura = 1927

Lower Bound 1 = 1476
Lower Bound 2 = 1824
Avaliação = 1.05647

Tempo de execução: 60.0001s

---------------------------

Largura da faixa = 186
Melhor altura = 1927

Lower Bound 1 = 1476
Lower Bound 2 = 1824
Avaliação = 1.05647

Tempo de execução: 60s

---------------------------

Largura da faixa = 186
Melhor altura = 1927

Lower Bound 1 = 1476
Lower Bound 2 = 1824
Avaliação = 1.05647

Tempo de execução: 60.0001s

---------------------------

