Largura da faixa = 742
Melhor altura = 9983

Lower Bound 1 = 7217
Lower Bound 2 = 9983
Avaliação = 1

Tempo de execução: 60s

---------------------------

Largura da faixa = 742
Melhor altura = 9983

Lower Bound 1 = 7217
Lower Bound 2 = 9983
Avaliação = 1

Tempo de execução: 60.0001s

---------------------------

Largura da faixa = 742
Melhor altura = 9983

Lower Bound 1 = 7217
Lower Bound 2 = 9983
Avaliação = 1

Tempo de execução: 60s

---------------------------

Largura da faixa = 742
Melhor altura = 9983

Lower Bound 1 = 7217
Lower Bound 2 = 9983
Avaliação = 1

Tempo de execução: 60s

---------------------------

Largura da faixa = 742
Melhor altura = 9983

Lower Bound 1 = 7217
Lower Bound 2 = 9983
Avaliação = 1

Tempo de execução: 60s

---------------------------

Largura da faixa = 742
Melhor altura = 9983

Lower Bound 1 = 7217
Lower Bound 2 = 9983
Avaliação = 1

Tempo de execução: 60s

---------------------------

Largura da faixa = 742
Melhor altura = 9983

Lower Bound 1 = 7217
Lower Bound 2 = 9983
Avaliação = 1

Tempo de execução: 60s

---------------------------

Largura da faixa = 742
Melhor altura = 9983

Lower Bound 1 = 7217
Lower Bound 2 = 9983
Avaliação = 1

Tempo de execução: 60.0001s

---------------------------

Largura da faixa = 742
Melhor altura = 9983

Lower Bound 1 = 7217
Lower Bound 2 = 9983
Avaliação = 1

Tempo de execução: 60s

---------------------------

Largura da faixa = 742
Melhor altura = 9983

Lower Bound 1 = 7217
Lower Bound 2 = 9983
Avaliação = 1

Tempo de execução: 60s

---------------------------

Largura da faixa = 742
Melhor altura = 9983

Lower Bound 1 = 7217
Lower Bound 2 = 9983
Avaliação = 1

Tempo de execução: 60s

---------------------------

Largura da faixa = 742
Melhor altura = 9983

Lower Bound 1 = 7217
Lower Bound 2 = 9983
Avaliação = 1

Tempo de execução: 60.0001s

---------------------------

Largura da faixa = 742
Melhor altura = 9983

Lower Bound 1 = 7217
Lower Bound 2 = 9983
Avaliação = 1

Tempo de execução: 60.0001s

---------------------------

Largura da faixa = 742
Melhor altura = 9983

Lower Bound 1 = 7217
Lower Bound 2 = 9983
Avaliação = 1

Tempo de execução: 60.0001s

---------------------------

Largura da faixa = 742
Melhor altura = 9983

Lower Bound 1 = 7217
Lower Bound 2 = 9983
Avaliação = 1

Tempo de execução: 60s

---------------------------

Largura da faixa = 742
Melhor altura = 9983

Lower Bound 1 = 7217
Lower Bound 2 = 9983
Avaliação = 1

Tempo de execução: 60s

---------------------------

Largura da faixa = 742
Melhor altura = 9983

Lower Bound 1 = 7217
Lower Bound 2 = 9983
Avaliação = 1

Tempo de execução: 60s

---------------------------

Largura da faixa = 742
Melhor altura = 9983

Lower Bound 1 = 7217
Lower Bound 2 = 9983
Avaliação = 1

Tempo de execução: 60s

---------------------------

Largura da faixa = 742
Melhor altura = 9983

Lower Bound 1 = 7217
Lower Bound 2 = 9983
Avaliação = 1

Tempo de execução: 60s

---------------------------

Largura da faixa = 742
Melhor altura = 9983

Lower Bound 1 = 7217
Lower Bound 2 = 9983
Avaliação = 1

Tempo de execução: 60.0001s

---------------------------

