Largura da faixa = 745
Melhor altura = 12854

Lower Bound 1 = 8773
Lower Bound 2 = 12854
Avaliação = 1

Tempo de execução: 60s

---------------------------

Largura da faixa = 745
Melhor altura = 12854

Lower Bound 1 = 8773
Lower Bound 2 = 12854
Avaliação = 1

Tempo de execução: 60s

---------------------------

Largura da faixa = 745
Melhor altura = 12854

Lower Bound 1 = 8773
Lower Bound 2 = 12854
Avaliação = 1

Tempo de execução: 60.0004s

---------------------------

Largura da faixa = 745
Melhor altura = 12854

Lower Bound 1 = 8773
Lower Bound 2 = 12854
Avaliação = 1

Tempo de execução: 60.0001s

---------------------------

Largura da faixa = 745
Melhor altura = 12854

Lower Bound 1 = 8773
Lower Bound 2 = 12854
Avaliação = 1

Tempo de execução: 60s

---------------------------

Largura da faixa = 745
Melhor altura = 12854

Lower Bound 1 = 8773
Lower Bound 2 = 12854
Avaliação = 1

Tempo de execução: 60.0005s

---------------------------

Largura da faixa = 745
Melhor altura = 12854

Lower Bound 1 = 8773
Lower Bound 2 = 12854
Avaliação = 1

Tempo de execução: 60.0001s

---------------------------

Largura da faixa = 745
Melhor altura = 12854

Lower Bound 1 = 8773
Lower Bound 2 = 12854
Avaliação = 1

Tempo de execução: 60.0002s

---------------------------

Largura da faixa = 745
Melhor altura = 12854

Lower Bound 1 = 8773
Lower Bound 2 = 12854
Avaliação = 1

Tempo de execução: 60.0003s

---------------------------

Largura da faixa = 745
Melhor altura = 12854

Lower Bound 1 = 8773
Lower Bound 2 = 12854
Avaliação = 1

Tempo de execução: 60s

---------------------------

Largura da faixa = 745
Melhor altura = 12854

Lower Bound 1 = 8773
Lower Bound 2 = 12854
Avaliação = 1

Tempo de execução: 60.0001s

---------------------------

Largura da faixa = 745
Melhor altura = 12854

Lower Bound 1 = 8773
Lower Bound 2 = 12854
Avaliação = 1

Tempo de execução: 60.0001s

---------------------------

Largura da faixa = 745
Melhor altura = 12854

Lower Bound 1 = 8773
Lower Bound 2 = 12854
Avaliação = 1

Tempo de execução: 60s

---------------------------

Largura da faixa = 745
Melhor altura = 12854

Lower Bound 1 = 8773
Lower Bound 2 = 12854
Avaliação = 1

Tempo de execução: 60.0003s

---------------------------

Largura da faixa = 745
Melhor altura = 12854

Lower Bound 1 = 8773
Lower Bound 2 = 12854
Avaliação = 1

Tempo de execução: 60s

---------------------------

Largura da faixa = 745
Melhor altura = 12854

Lower Bound 1 = 8773
Lower Bound 2 = 12854
Avaliação = 1

Tempo de execução: 60.0002s

---------------------------

Largura da faixa = 745
Melhor altura = 12854

Lower Bound 1 = 8773
Lower Bound 2 = 12854
Avaliação = 1

Tempo de execução: 60.0001s

---------------------------

Largura da faixa = 745
Melhor altura = 12854

Lower Bound 1 = 8773
Lower Bound 2 = 12854
Avaliação = 1

Tempo de execução: 60.0001s

---------------------------

Largura da faixa = 745
Melhor altura = 12854

Lower Bound 1 = 8773
Lower Bound 2 = 12854
Avaliação = 1

Tempo de execução: 60s

---------------------------

Largura da faixa = 745
Melhor altura = 12854

Lower Bound 1 = 8773
Lower Bound 2 = 12854
Avaliação = 1

Tempo de execução: 60s

---------------------------

