Largura da faixa = 62
Melhor altura = 263

Lower Bound 1 = 169
Lower Bound 2 = 239
Avaliação = 1.10042

Tempo de execução: 60.0058s

---------------------------

Largura da faixa = 62
Melhor altura = 262

Lower Bound 1 = 169
Lower Bound 2 = 239
Avaliação = 1.09623

Tempo de execução: 60.0152s

---------------------------

Largura da faixa = 62
Melhor altura = 261

Lower Bound 1 = 169
Lower Bound 2 = 239
Avaliação = 1.09205

Tempo de execução: 60.0233s

---------------------------

Largura da faixa = 62
Melhor altura = 263

Lower Bound 1 = 169
Lower Bound 2 = 239
Avaliação = 1.10042

Tempo de execução: 60.0008s

---------------------------

Largura da faixa = 62
Melhor altura = 260

Lower Bound 1 = 169
Lower Bound 2 = 239
Avaliação = 1.08787

Tempo de execução: 60.0069s

---------------------------

Largura da faixa = 62
Melhor altura = 263

Lower Bound 1 = 169
Lower Bound 2 = 239
Avaliação = 1.10042

Tempo de execução: 60.0181s

---------------------------

Largura da faixa = 62
Melhor altura = 260

Lower Bound 1 = 169
Lower Bound 2 = 239
Avaliação = 1.08787

Tempo de execução: 60.0012s

---------------------------

Largura da faixa = 62
Melhor altura = 262

Lower Bound 1 = 169
Lower Bound 2 = 239
Avaliação = 1.09623

Tempo de execução: 60.0029s

---------------------------

Largura da faixa = 62
Melhor altura = 264

Lower Bound 1 = 169
Lower Bound 2 = 239
Avaliação = 1.1046

Tempo de execução: 60.0031s

---------------------------

Largura da faixa = 62
Melhor altura = 259

Lower Bound 1 = 169
Lower Bound 2 = 239
Avaliação = 1.08368

Tempo de execução: 60.001s

---------------------------

Largura da faixa = 62
Melhor altura = 260

Lower Bound 1 = 169
Lower Bound 2 = 239
Avaliação = 1.08787

Tempo de execução: 60.0009s

---------------------------

Largura da faixa = 62
Melhor altura = 262

Lower Bound 1 = 169
Lower Bound 2 = 239
Avaliação = 1.09623

Tempo de execução: 60s

---------------------------

Largura da faixa = 62
Melhor altura = 263

Lower Bound 1 = 169
Lower Bound 2 = 239
Avaliação = 1.10042

Tempo de execução: 60.0141s

---------------------------

Largura da faixa = 62
Melhor altura = 261

Lower Bound 1 = 169
Lower Bound 2 = 239
Avaliação = 1.09205

Tempo de execução: 60.0121s

---------------------------

Largura da faixa = 62
Melhor altura = 259

Lower Bound 1 = 169
Lower Bound 2 = 239
Avaliação = 1.08368

Tempo de execução: 60.0072s

---------------------------

Largura da faixa = 62
Melhor altura = 261

Lower Bound 1 = 169
Lower Bound 2 = 239
Avaliação = 1.09205

Tempo de execução: 60.0017s

---------------------------

Largura da faixa = 62
Melhor altura = 260

Lower Bound 1 = 169
Lower Bound 2 = 239
Avaliação = 1.08787

Tempo de execução: 60.0122s

---------------------------

Largura da faixa = 62
Melhor altura = 262

Lower Bound 1 = 169
Lower Bound 2 = 239
Avaliação = 1.09623

Tempo de execução: 60.0092s

---------------------------

Largura da faixa = 62
Melhor altura = 261

Lower Bound 1 = 169
Lower Bound 2 = 239
Avaliação = 1.09205

Tempo de execução: 60.001s

---------------------------

Largura da faixa = 62
Melhor altura = 262

Lower Bound 1 = 169
Lower Bound 2 = 239
Avaliação = 1.09623

Tempo de execução: 60.042s

---------------------------

