Largura da faixa = 70
Melhor altura = 205

Lower Bound 1 = 150
Lower Bound 2 = 112
Avaliação = 1.36667

Tempo de execução: 60.0121s

---------------------------

Largura da faixa = 70
Melhor altura = 205

Lower Bound 1 = 150
Lower Bound 2 = 112
Avaliação = 1.36667

Tempo de execução: 60.092s

---------------------------

Largura da faixa = 70
Melhor altura = 206

Lower Bound 1 = 150
Lower Bound 2 = 112
Avaliação = 1.37333

Tempo de execução: 60.0581s

---------------------------

Largura da faixa = 70
Melhor altura = 205

Lower Bound 1 = 150
Lower Bound 2 = 112
Avaliação = 1.36667

Tempo de execução: 60.0017s

---------------------------

Largura da faixa = 70
Melhor altura = 203

Lower Bound 1 = 150
Lower Bound 2 = 112
Avaliação = 1.35333

Tempo de execução: 60.0271s

---------------------------

Largura da faixa = 70
Melhor altura = 204

Lower Bound 1 = 150
Lower Bound 2 = 112
Avaliação = 1.36

Tempo de execução: 60.0389s

---------------------------

Largura da faixa = 70
Melhor altura = 202

Lower Bound 1 = 150
Lower Bound 2 = 112
Avaliação = 1.34667

Tempo de execução: 60.0235s

---------------------------

Largura da faixa = 70
Melhor altura = 207

Lower Bound 1 = 150
Lower Bound 2 = 112
Avaliação = 1.38

Tempo de execução: 60.0805s

---------------------------

Largura da faixa = 70
Melhor altura = 209

Lower Bound 1 = 150
Lower Bound 2 = 112
Avaliação = 1.39333

Tempo de execução: 60.0916s

---------------------------

Largura da faixa = 70
Melhor altura = 202

Lower Bound 1 = 150
Lower Bound 2 = 112
Avaliação = 1.34667

Tempo de execução: 60.0088s

---------------------------

Largura da faixa = 70
Melhor altura = 200

Lower Bound 1 = 150
Lower Bound 2 = 112
Avaliação = 1.33333

Tempo de execução: 60.0165s

---------------------------

Largura da faixa = 70
Melhor altura = 200

Lower Bound 1 = 150
Lower Bound 2 = 112
Avaliação = 1.33333

Tempo de execução: 60.0758s

---------------------------

Largura da faixa = 70
Melhor altura = 202

Lower Bound 1 = 150
Lower Bound 2 = 112
Avaliação = 1.34667

Tempo de execução: 60.0018s

---------------------------

Largura da faixa = 70
Melhor altura = 207

Lower Bound 1 = 150
Lower Bound 2 = 112
Avaliação = 1.38

Tempo de execução: 60.0122s

---------------------------

Largura da faixa = 70
Melhor altura = 205

Lower Bound 1 = 150
Lower Bound 2 = 112
Avaliação = 1.36667

Tempo de execução: 60.0433s

---------------------------

Largura da faixa = 70
Melhor altura = 199

Lower Bound 1 = 150
Lower Bound 2 = 112
Avaliação = 1.32667

Tempo de execução: 60.0038s

---------------------------

Largura da faixa = 70
Melhor altura = 206

Lower Bound 1 = 150
Lower Bound 2 = 112
Avaliação = 1.37333

Tempo de execução: 60.0141s

---------------------------

Largura da faixa = 70
Melhor altura = 206

Lower Bound 1 = 150
Lower Bound 2 = 112
Avaliação = 1.37333

Tempo de execução: 60.0636s

---------------------------

Largura da faixa = 70
Melhor altura = 210

Lower Bound 1 = 150
Lower Bound 2 = 112
Avaliação = 1.4

Tempo de execução: 60.0005s

---------------------------

Largura da faixa = 70
Melhor altura = 207

Lower Bound 1 = 150
Lower Bound 2 = 112
Avaliação = 1.38

Tempo de execução: 60.0056s

---------------------------

