Largura da faixa = 125
Melhor altura = 279

Lower Bound 1 = 240
Lower Bound 2 = 125
Avaliação = 1.1625

Tempo de execução: 60.0542s

---------------------------

Largura da faixa = 125
Melhor altura = 284

Lower Bound 1 = 240
Lower Bound 2 = 125
Avaliação = 1.18333

Tempo de execução: 60.1515s

---------------------------

Largura da faixa = 125
Melhor altura = 284

Lower Bound 1 = 240
Lower Bound 2 = 125
Avaliação = 1.18333

Tempo de execução: 60.2466s

---------------------------

Largura da faixa = 125
Melhor altura = 284

Lower Bound 1 = 240
Lower Bound 2 = 125
Avaliação = 1.18333

Tempo de execução: 60.1247s

---------------------------

Largura da faixa = 125
Melhor altura = 283

Lower Bound 1 = 240
Lower Bound 2 = 125
Avaliação = 1.17917

Tempo de execução: 60.1317s

---------------------------

Largura da faixa = 125
Melhor altura = 283

Lower Bound 1 = 240
Lower Bound 2 = 125
Avaliação = 1.17917

Tempo de execução: 60.3229s

---------------------------

Largura da faixa = 125
Melhor altura = 282

Lower Bound 1 = 240
Lower Bound 2 = 125
Avaliação = 1.175

Tempo de execução: 60.059s

---------------------------

Largura da faixa = 125
Melhor altura = 283

Lower Bound 1 = 240
Lower Bound 2 = 125
Avaliação = 1.17917

Tempo de execução: 60.2639s

---------------------------

Largura da faixa = 125
Melhor altura = 284

Lower Bound 1 = 240
Lower Bound 2 = 125
Avaliação = 1.18333

Tempo de execução: 60.2493s

---------------------------

Largura da faixa = 125
Melhor altura = 283

Lower Bound 1 = 240
Lower Bound 2 = 125
Avaliação = 1.17917

Tempo de execução: 60.0803s

---------------------------

Largura da faixa = 125
Melhor altura = 283

Lower Bound 1 = 240
Lower Bound 2 = 125
Avaliação = 1.17917

Tempo de execução: 60.2297s

---------------------------

Largura da faixa = 125
Melhor altura = 279

Lower Bound 1 = 240
Lower Bound 2 = 125
Avaliação = 1.1625

Tempo de execução: 60.2675s

---------------------------

Largura da faixa = 125
Melhor altura = 283

Lower Bound 1 = 240
Lower Bound 2 = 125
Avaliação = 1.17917

Tempo de execução: 60.034s

---------------------------

Largura da faixa = 125
Melhor altura = 280

Lower Bound 1 = 240
Lower Bound 2 = 125
Avaliação = 1.16667

Tempo de execução: 60.1744s

---------------------------

Largura da faixa = 125
Melhor altura = 281

Lower Bound 1 = 240
Lower Bound 2 = 125
Avaliação = 1.17083

Tempo de execução: 60.5378s

---------------------------

Largura da faixa = 125
Melhor altura = 280

Lower Bound 1 = 240
Lower Bound 2 = 125
Avaliação = 1.16667

Tempo de execução: 60.0186s

---------------------------

Largura da faixa = 125
Melhor altura = 281

Lower Bound 1 = 240
Lower Bound 2 = 125
Avaliação = 1.17083

Tempo de execução: 60.2798s

---------------------------

Largura da faixa = 125
Melhor altura = 283

Lower Bound 1 = 240
Lower Bound 2 = 125
Avaliação = 1.17917

Tempo de execução: 60.2863s

---------------------------

Largura da faixa = 125
Melhor altura = 278

Lower Bound 1 = 240
Lower Bound 2 = 125
Avaliação = 1.15833

Tempo de execução: 60.0835s

---------------------------

Largura da faixa = 125
Melhor altura = 280

Lower Bound 1 = 240
Lower Bound 2 = 125
Avaliação = 1.16667

Tempo de execução: 60.0548s

---------------------------

