Largura da faixa = 40
Melhor altura = 40

Lower Bound 1 = 40
Lower Bound 2 = 40
Avaliação = 1

Tempo de execução: 60s

---------------------------

Largura da faixa = 40
Melhor altura = 40

Lower Bound 1 = 40
Lower Bound 2 = 40
Avaliação = 1

Tempo de execução: 60s

---------------------------

Largura da faixa = 40
Melhor altura = 40

Lower Bound 1 = 40
Lower Bound 2 = 40
Avaliação = 1

Tempo de execução: 60s

---------------------------

Largura da faixa = 40
Melhor altura = 40

Lower Bound 1 = 40
Lower Bound 2 = 40
Avaliação = 1

Tempo de execução: 60s

---------------------------

Largura da faixa = 40
Melhor altura = 40

Lower Bound 1 = 40
Lower Bound 2 = 40
Avaliação = 1

Tempo de execução: 60s

---------------------------

Largura da faixa = 40
Melhor altura = 40

Lower Bound 1 = 40
Lower Bound 2 = 40
Avaliação = 1

Tempo de execução: 60s

---------------------------

Largura da faixa = 40
Melhor altura = 40

Lower Bound 1 = 40
Lower Bound 2 = 40
Avaliação = 1

Tempo de execução: 60s

---------------------------

Largura da faixa = 40
Melhor altura = 40

Lower Bound 1 = 40
Lower Bound 2 = 40
Avaliação = 1

Tempo de execução: 60s

---------------------------

Largura da faixa = 40
Melhor altura = 40

Lower Bound 1 = 40
Lower Bound 2 = 40
Avaliação = 1

Tempo de execução: 60s

---------------------------

Largura da faixa = 40
Melhor altura = 40

Lower Bound 1 = 40
Lower Bound 2 = 40
Avaliação = 1

Tempo de execução: 60s

---------------------------

Largura da faixa = 40
Melhor altura = 40

Lower Bound 1 = 40
Lower Bound 2 = 40
Avaliação = 1

Tempo de execução: 60s

---------------------------

Largura da faixa = 40
Melhor altura = 40

Lower Bound 1 = 40
Lower Bound 2 = 40
Avaliação = 1

Tempo de execução: 60s

---------------------------

Largura da faixa = 40
Melhor altura = 40

Lower Bound 1 = 40
Lower Bound 2 = 40
Avaliação = 1

Tempo de execução: 60s

---------------------------

Largura da faixa = 40
Melhor altura = 40

Lower Bound 1 = 40
Lower Bound 2 = 40
Avaliação = 1

Tempo de execução: 60s

---------------------------

Largura da faixa = 40
Melhor altura = 40

Lower Bound 1 = 40
Lower Bound 2 = 40
Avaliação = 1

Tempo de execução: 60s

---------------------------

Largura da faixa = 40
Melhor altura = 40

Lower Bound 1 = 40
Lower Bound 2 = 40
Avaliação = 1

Tempo de execução: 60s

---------------------------

Largura da faixa = 40
Melhor altura = 40

Lower Bound 1 = 40
Lower Bound 2 = 40
Avaliação = 1

Tempo de execução: 60s

---------------------------

Largura da faixa = 40
Melhor altura = 40

Lower Bound 1 = 40
Lower Bound 2 = 40
Avaliação = 1

Tempo de execução: 60s

---------------------------

Largura da faixa = 40
Melhor altura = 40

Lower Bound 1 = 40
Lower Bound 2 = 40
Avaliação = 1

Tempo de execução: 60s

---------------------------

Largura da faixa = 40
Melhor altura = 40

Lower Bound 1 = 40
Lower Bound 2 = 40
Avaliação = 1

Tempo de execução: 60s

---------------------------

