Largura da faixa = 23
Melhor altura = 75

Lower Bound 1 = 65
Lower Bound 2 = 48
Avaliação = 1.15385

Tempo de execução: 60s

---------------------------

Largura da faixa = 23
Melhor altura = 75

Lower Bound 1 = 65
Lower Bound 2 = 48
Avaliação = 1.15385

Tempo de execução: 60s

---------------------------

Largura da faixa = 23
Melhor altura = 75

Lower Bound 1 = 65
Lower Bound 2 = 48
Avaliação = 1.15385

Tempo de execução: 60s

---------------------------

Largura da faixa = 23
Melhor altura = 75

Lower Bound 1 = 65
Lower Bound 2 = 48
Avaliação = 1.15385

Tempo de execução: 60s

---------------------------

Largura da faixa = 23
Melhor altura = 75

Lower Bound 1 = 65
Lower Bound 2 = 48
Avaliação = 1.15385

Tempo de execução: 60s

---------------------------

Largura da faixa = 23
Melhor altura = 75

Lower Bound 1 = 65
Lower Bound 2 = 48
Avaliação = 1.15385

Tempo de execução: 60.0001s

---------------------------

Largura da faixa = 23
Melhor altura = 75

Lower Bound 1 = 65
Lower Bound 2 = 48
Avaliação = 1.15385

Tempo de execução: 60s

---------------------------

Largura da faixa = 23
Melhor altura = 75

Lower Bound 1 = 65
Lower Bound 2 = 48
Avaliação = 1.15385

Tempo de execução: 60s

---------------------------

Largura da faixa = 23
Melhor altura = 75

Lower Bound 1 = 65
Lower Bound 2 = 48
Avaliação = 1.15385

Tempo de execução: 60s

---------------------------

Largura da faixa = 23
Melhor altura = 75

Lower Bound 1 = 65
Lower Bound 2 = 48
Avaliação = 1.15385

Tempo de execução: 60s

---------------------------

Largura da faixa = 23
Melhor altura = 75

Lower Bound 1 = 65
Lower Bound 2 = 48
Avaliação = 1.15385

Tempo de execução: 60s

---------------------------

Largura da faixa = 23
Melhor altura = 75

Lower Bound 1 = 65
Lower Bound 2 = 48
Avaliação = 1.15385

Tempo de execução: 60s

---------------------------

Largura da faixa = 23
Melhor altura = 75

Lower Bound 1 = 65
Lower Bound 2 = 48
Avaliação = 1.15385

Tempo de execução: 60s

---------------------------

Largura da faixa = 23
Melhor altura = 75

Lower Bound 1 = 65
Lower Bound 2 = 48
Avaliação = 1.15385

Tempo de execução: 60.0001s

---------------------------

Largura da faixa = 23
Melhor altura = 75

Lower Bound 1 = 65
Lower Bound 2 = 48
Avaliação = 1.15385

Tempo de execução: 60.0001s

---------------------------

Largura da faixa = 23
Melhor altura = 75

Lower Bound 1 = 65
Lower Bound 2 = 48
Avaliação = 1.15385

Tempo de execução: 60.0001s

---------------------------

Largura da faixa = 23
Melhor altura = 75

Lower Bound 1 = 65
Lower Bound 2 = 48
Avaliação = 1.15385

Tempo de execução: 60.0001s

---------------------------

Largura da faixa = 23
Melhor altura = 75

Lower Bound 1 = 65
Lower Bound 2 = 48
Avaliação = 1.15385

Tempo de execução: 60s

---------------------------

Largura da faixa = 23
Melhor altura = 75

Lower Bound 1 = 65
Lower Bound 2 = 48
Avaliação = 1.15385

Tempo de execução: 60.0001s

---------------------------

Largura da faixa = 23
Melhor altura = 75

Lower Bound 1 = 65
Lower Bound 2 = 48
Avaliação = 1.15385

Tempo de execução: 60.0001s

---------------------------

