Largura da faixa = 74
Melhor altura = 152

Lower Bound 1 = 135
Lower Bound 2 = 100
Avaliação = 1.12593

Tempo de execução: 60.0004s

---------------------------

Largura da faixa = 74
Melhor altura = 152

Lower Bound 1 = 135
Lower Bound 2 = 100
Avaliação = 1.12593

Tempo de execução: 60.0007s

---------------------------

Largura da faixa = 74
Melhor altura = 153

Lower Bound 1 = 135
Lower Bound 2 = 100
Avaliação = 1.13333

Tempo de execução: 60.0018s

---------------------------

Largura da faixa = 74
Melhor altura = 154

Lower Bound 1 = 135
Lower Bound 2 = 100
Avaliação = 1.14074

Tempo de execução: 60.0002s

---------------------------

Largura da faixa = 74
Melhor altura = 152

Lower Bound 1 = 135
Lower Bound 2 = 100
Avaliação = 1.12593

Tempo de execução: 60s

---------------------------

Largura da faixa = 74
Melhor altura = 153

Lower Bound 1 = 135
Lower Bound 2 = 100
Avaliação = 1.13333

Tempo de execução: 60.0006s

---------------------------

Largura da faixa = 74
Melhor altura = 154

Lower Bound 1 = 135
Lower Bound 2 = 100
Avaliação = 1.14074

Tempo de execução: 60.0006s

---------------------------

Largura da faixa = 74
Melhor altura = 153

Lower Bound 1 = 135
Lower Bound 2 = 100
Avaliação = 1.13333

Tempo de execução: 60.0013s

---------------------------

Largura da faixa = 74
Melhor altura = 153

Lower Bound 1 = 135
Lower Bound 2 = 100
Avaliação = 1.13333

Tempo de execução: 60.0002s

---------------------------

Largura da faixa = 74
Melhor altura = 153

Lower Bound 1 = 135
Lower Bound 2 = 100
Avaliação = 1.13333

Tempo de execução: 60.0006s

---------------------------

Largura da faixa = 74
Melhor altura = 153

Lower Bound 1 = 135
Lower Bound 2 = 100
Avaliação = 1.13333

Tempo de execução: 60.0006s

---------------------------

Largura da faixa = 74
Melhor altura = 154

Lower Bound 1 = 135
Lower Bound 2 = 100
Avaliação = 1.14074

Tempo de execução: 60.0001s

---------------------------

Largura da faixa = 74
Melhor altura = 152

Lower Bound 1 = 135
Lower Bound 2 = 100
Avaliação = 1.12593

Tempo de execução: 60.0001s

---------------------------

Largura da faixa = 74
Melhor altura = 152

Lower Bound 1 = 135
Lower Bound 2 = 100
Avaliação = 1.12593

Tempo de execução: 60.0007s

---------------------------

Largura da faixa = 74
Melhor altura = 152

Lower Bound 1 = 135
Lower Bound 2 = 100
Avaliação = 1.12593

Tempo de execução: 60.0008s

---------------------------

Largura da faixa = 74
Melhor altura = 152

Lower Bound 1 = 135
Lower Bound 2 = 100
Avaliação = 1.12593

Tempo de execução: 60.0003s

---------------------------

Largura da faixa = 74
Melhor altura = 151

Lower Bound 1 = 135
Lower Bound 2 = 100
Avaliação = 1.11852

Tempo de execução: 60.0014s

---------------------------

Largura da faixa = 74
Melhor altura = 152

Lower Bound 1 = 135
Lower Bound 2 = 100
Avaliação = 1.12593

Tempo de execução: 60.0014s

---------------------------

Largura da faixa = 74
Melhor altura = 151

Lower Bound 1 = 135
Lower Bound 2 = 100
Avaliação = 1.11852

Tempo de execução: 60.0002s

---------------------------

Largura da faixa = 74
Melhor altura = 152

Lower Bound 1 = 135
Lower Bound 2 = 100
Avaliação = 1.12593

Tempo de execução: 60.0007s

---------------------------

