Largura da faixa = 50
Melhor altura = 124

Lower Bound 1 = 100
Lower Bound 2 = 99
Avaliação = 1.24

Tempo de execução: 60.0007s

---------------------------

Largura da faixa = 50
Melhor altura = 127

Lower Bound 1 = 100
Lower Bound 2 = 99
Avaliação = 1.27

Tempo de execução: 60s

---------------------------

Largura da faixa = 50
Melhor altura = 126

Lower Bound 1 = 100
Lower Bound 2 = 99
Avaliação = 1.26

Tempo de execução: 60.0012s

---------------------------

Largura da faixa = 50
Melhor altura = 127

Lower Bound 1 = 100
Lower Bound 2 = 99
Avaliação = 1.27

Tempo de execução: 60.0002s

---------------------------

Largura da faixa = 50
Melhor altura = 125

Lower Bound 1 = 100
Lower Bound 2 = 99
Avaliação = 1.25

Tempo de execução: 60.0014s

---------------------------

Largura da faixa = 50
Melhor altura = 129

Lower Bound 1 = 100
Lower Bound 2 = 99
Avaliação = 1.29

Tempo de execução: 60.0003s

---------------------------

Largura da faixa = 50
Melhor altura = 129

Lower Bound 1 = 100
Lower Bound 2 = 99
Avaliação = 1.29

Tempo de execução: 60.0003s

---------------------------

Largura da faixa = 50
Melhor altura = 127

Lower Bound 1 = 100
Lower Bound 2 = 99
Avaliação = 1.27

Tempo de execução: 60.0001s

---------------------------

Largura da faixa = 50
Melhor altura = 125

Lower Bound 1 = 100
Lower Bound 2 = 99
Avaliação = 1.25

Tempo de execução: 60.001s

---------------------------

Largura da faixa = 50
Melhor altura = 127

Lower Bound 1 = 100
Lower Bound 2 = 99
Avaliação = 1.27

Tempo de execução: 60.0007s

---------------------------

Largura da faixa = 50
Melhor altura = 128

Lower Bound 1 = 100
Lower Bound 2 = 99
Avaliação = 1.28

Tempo de execução: 60.0014s

---------------------------

Largura da faixa = 50
Melhor altura = 129

Lower Bound 1 = 100
Lower Bound 2 = 99
Avaliação = 1.29

Tempo de execução: 60.0013s

---------------------------

Largura da faixa = 50
Melhor altura = 130

Lower Bound 1 = 100
Lower Bound 2 = 99
Avaliação = 1.3

Tempo de execução: 60.0006s

---------------------------

Largura da faixa = 50
Melhor altura = 127

Lower Bound 1 = 100
Lower Bound 2 = 99
Avaliação = 1.27

Tempo de execução: 60.0016s

---------------------------

Largura da faixa = 50
Melhor altura = 129

Lower Bound 1 = 100
Lower Bound 2 = 99
Avaliação = 1.29

Tempo de execução: 60.0025s

---------------------------

Largura da faixa = 50
Melhor altura = 129

Lower Bound 1 = 100
Lower Bound 2 = 99
Avaliação = 1.29

Tempo de execução: 60.0001s

---------------------------

Largura da faixa = 50
Melhor altura = 130

Lower Bound 1 = 100
Lower Bound 2 = 99
Avaliação = 1.3

Tempo de execução: 60.0005s

---------------------------

Largura da faixa = 50
Melhor altura = 128

Lower Bound 1 = 100
Lower Bound 2 = 99
Avaliação = 1.28

Tempo de execução: 60.0009s

---------------------------

Largura da faixa = 50
Melhor altura = 128

Lower Bound 1 = 100
Lower Bound 2 = 99
Avaliação = 1.28

Tempo de execução: 60.0001s

---------------------------

Largura da faixa = 50
Melhor altura = 129

Lower Bound 1 = 100
Lower Bound 2 = 99
Avaliação = 1.29

Tempo de execução: 60.0009s

---------------------------

