Largura da faixa = 82
Melhor altura = 120

Lower Bound 1 = 97
Lower Bound 2 = 82
Avaliação = 1.23711

Tempo de execução: 60.0008s

---------------------------

Largura da faixa = 82
Melhor altura = 120

Lower Bound 1 = 97
Lower Bound 2 = 82
Avaliação = 1.23711

Tempo de execução: 60.0008s

---------------------------

Largura da faixa = 82
Melhor altura = 119

Lower Bound 1 = 97
Lower Bound 2 = 82
Avaliação = 1.2268

Tempo de execução: 60.0056s

---------------------------

Largura da faixa = 82
Melhor altura = 121

Lower Bound 1 = 97
Lower Bound 2 = 82
Avaliação = 1.24742

Tempo de execução: 60.0013s

---------------------------

Largura da faixa = 82
Melhor altura = 122

Lower Bound 1 = 97
Lower Bound 2 = 82
Avaliação = 1.25773

Tempo de execução: 60.0023s

---------------------------

Largura da faixa = 82
Melhor altura = 111

Lower Bound 1 = 97
Lower Bound 2 = 82
Avaliação = 1.14433

Tempo de execução: 60.0021s

---------------------------

Largura da faixa = 82
Melhor altura = 119

Lower Bound 1 = 97
Lower Bound 2 = 82
Avaliação = 1.2268

Tempo de execução: 60.0001s

---------------------------

Largura da faixa = 82
Melhor altura = 122

Lower Bound 1 = 97
Lower Bound 2 = 82
Avaliação = 1.25773

Tempo de execução: 60.0043s

---------------------------

Largura da faixa = 82
Melhor altura = 125

Lower Bound 1 = 97
Lower Bound 2 = 82
Avaliação = 1.28866

Tempo de execução: 60.0047s

---------------------------

Largura da faixa = 82
Melhor altura = 121

Lower Bound 1 = 97
Lower Bound 2 = 82
Avaliação = 1.24742

Tempo de execução: 60.001s

---------------------------

Largura da faixa = 82
Melhor altura = 114

Lower Bound 1 = 97
Lower Bound 2 = 82
Avaliação = 1.17526

Tempo de execução: 60.0066s

---------------------------

Largura da faixa = 82
Melhor altura = 122

Lower Bound 1 = 97
Lower Bound 2 = 82
Avaliação = 1.25773

Tempo de execução: 60.0058s

---------------------------

Largura da faixa = 82
Melhor altura = 124

Lower Bound 1 = 97
Lower Bound 2 = 82
Avaliação = 1.27835

Tempo de execução: 60.0003s

---------------------------

Largura da faixa = 82
Melhor altura = 120

Lower Bound 1 = 97
Lower Bound 2 = 82
Avaliação = 1.23711

Tempo de execução: 60.0012s

---------------------------

Largura da faixa = 82
Melhor altura = 114

Lower Bound 1 = 97
Lower Bound 2 = 82
Avaliação = 1.17526

Tempo de execução: 60.0071s

---------------------------

Largura da faixa = 82
Melhor altura = 117

Lower Bound 1 = 97
Lower Bound 2 = 82
Avaliação = 1.20619

Tempo de execução: 60.0014s

---------------------------

Largura da faixa = 82
Melhor altura = 116

Lower Bound 1 = 97
Lower Bound 2 = 82
Avaliação = 1.19588

Tempo de execução: 60.0026s

---------------------------

Largura da faixa = 82
Melhor altura = 120

Lower Bound 1 = 97
Lower Bound 2 = 82
Avaliação = 1.23711

Tempo de execução: 60.0003s

---------------------------

Largura da faixa = 82
Melhor altura = 119

Lower Bound 1 = 97
Lower Bound 2 = 82
Avaliação = 1.2268

Tempo de execução: 60.0024s

---------------------------

Largura da faixa = 82
Melhor altura = 118

Lower Bound 1 = 97
Lower Bound 2 = 82
Avaliação = 1.21649

Tempo de execução: 60.0031s

---------------------------

