Largura da faixa = 50
Melhor altura = 190

Lower Bound 1 = 160
Lower Bound 2 = 125
Avaliação = 1.1875

Tempo de execução: 60.0024s

---------------------------

Largura da faixa = 50
Melhor altura = 190

Lower Bound 1 = 160
Lower Bound 2 = 125
Avaliação = 1.1875

Tempo de execução: 60.0019s

---------------------------

Largura da faixa = 50
Melhor altura = 193

Lower Bound 1 = 160
Lower Bound 2 = 125
Avaliação = 1.20625

Tempo de execução: 60.0046s

---------------------------

Largura da faixa = 50
Melhor altura = 190

Lower Bound 1 = 160
Lower Bound 2 = 125
Avaliação = 1.1875

Tempo de execução: 60.0002s

---------------------------

Largura da faixa = 50
Melhor altura = 191

Lower Bound 1 = 160
Lower Bound 2 = 125
Avaliação = 1.19375

Tempo de execução: 60.0012s

---------------------------

Largura da faixa = 50
Melhor altura = 194

Lower Bound 1 = 160
Lower Bound 2 = 125
Avaliação = 1.2125

Tempo de execução: 60.001s

---------------------------

Largura da faixa = 50
Melhor altura = 192

Lower Bound 1 = 160
Lower Bound 2 = 125
Avaliação = 1.2

Tempo de execução: 60.0009s

---------------------------

Largura da faixa = 50
Melhor altura = 193

Lower Bound 1 = 160
Lower Bound 2 = 125
Avaliação = 1.20625

Tempo de execução: 60.0005s

---------------------------

Largura da faixa = 50
Melhor altura = 194

Lower Bound 1 = 160
Lower Bound 2 = 125
Avaliação = 1.2125

Tempo de execução: 60.0049s

---------------------------

Largura da faixa = 50
Melhor altura = 196

Lower Bound 1 = 160
Lower Bound 2 = 125
Avaliação = 1.225

Tempo de execução: 60.001s

---------------------------

Largura da faixa = 50
Melhor altura = 194

Lower Bound 1 = 160
Lower Bound 2 = 125
Avaliação = 1.2125

Tempo de execução: 60.0034s

---------------------------

Largura da faixa = 50
Melhor altura = 194

Lower Bound 1 = 160
Lower Bound 2 = 125
Avaliação = 1.2125

Tempo de execução: 60.0033s

---------------------------

Largura da faixa = 50
Melhor altura = 186

Lower Bound 1 = 160
Lower Bound 2 = 125
Avaliação = 1.1625

Tempo de execução: 60.0009s

---------------------------

Largura da faixa = 50
Melhor altura = 192

Lower Bound 1 = 160
Lower Bound 2 = 125
Avaliação = 1.2

Tempo de execução: 60.0007s

---------------------------

Largura da faixa = 50
Melhor altura = 189

Lower Bound 1 = 160
Lower Bound 2 = 125
Avaliação = 1.18125

Tempo de execução: 60.0005s

---------------------------

Largura da faixa = 50
Melhor altura = 189

Lower Bound 1 = 160
Lower Bound 2 = 125
Avaliação = 1.18125

Tempo de execução: 60s

---------------------------

Largura da faixa = 50
Melhor altura = 186

Lower Bound 1 = 160
Lower Bound 2 = 125
Avaliação = 1.1625

Tempo de execução: 60.0002s

---------------------------

Largura da faixa = 50
Melhor altura = 191

Lower Bound 1 = 160
Lower Bound 2 = 125
Avaliação = 1.19375

Tempo de execução: 60.0009s

---------------------------

Largura da faixa = 50
Melhor altura = 192

Lower Bound 1 = 160
Lower Bound 2 = 125
Avaliação = 1.2

Tempo de execução: 60.0019s

---------------------------

Largura da faixa = 50
Melhor altura = 193

Lower Bound 1 = 160
Lower Bound 2 = 125
Avaliação = 1.20625

Tempo de execução: 60.0019s

---------------------------

