Largura da faixa = 54
Melhor altura = 181

Lower Bound 1 = 138
Lower Bound 2 = 101
Avaliação = 1.31159

Tempo de execução: 60.0039s

---------------------------

Largura da faixa = 54
Melhor altura = 167

Lower Bound 1 = 138
Lower Bound 2 = 101
Avaliação = 1.21014

Tempo de execução: 60.0021s

---------------------------

Largura da faixa = 54
Melhor altura = 170

Lower Bound 1 = 138
Lower Bound 2 = 101
Avaliação = 1.23188

Tempo de execução: 60.0042s

---------------------------

Largura da faixa = 54
Melhor altura = 171

Lower Bound 1 = 138
Lower Bound 2 = 101
Avaliação = 1.23913

Tempo de execução: 60.0002s

---------------------------

Largura da faixa = 54
Melhor altura = 169

Lower Bound 1 = 138
Lower Bound 2 = 101
Avaliação = 1.22464

Tempo de execução: 60.0029s

---------------------------

Largura da faixa = 54
Melhor altura = 163

Lower Bound 1 = 138
Lower Bound 2 = 101
Avaliação = 1.18116

Tempo de execução: 60.0006s

---------------------------

Largura da faixa = 54
Melhor altura = 170

Lower Bound 1 = 138
Lower Bound 2 = 101
Avaliação = 1.23188

Tempo de execução: 60.0042s

---------------------------

Largura da faixa = 54
Melhor altura = 170

Lower Bound 1 = 138
Lower Bound 2 = 101
Avaliação = 1.23188

Tempo de execução: 60.0129s

---------------------------

Largura da faixa = 54
Melhor altura = 172

Lower Bound 1 = 138
Lower Bound 2 = 101
Avaliação = 1.24638

Tempo de execução: 60.0088s

---------------------------

Largura da faixa = 54
Melhor altura = 169

Lower Bound 1 = 138
Lower Bound 2 = 101
Avaliação = 1.22464

Tempo de execução: 60.0008s

---------------------------

Largura da faixa = 54
Melhor altura = 172

Lower Bound 1 = 138
Lower Bound 2 = 101
Avaliação = 1.24638

Tempo de execução: 60.0003s

---------------------------

Largura da faixa = 54
Melhor altura = 171

Lower Bound 1 = 138
Lower Bound 2 = 101
Avaliação = 1.23913

Tempo de execução: 60.0005s

---------------------------

Largura da faixa = 54
Melhor altura = 173

Lower Bound 1 = 138
Lower Bound 2 = 101
Avaliação = 1.25362

Tempo de execução: 60.0021s

---------------------------

Largura da faixa = 54
Melhor altura = 168

Lower Bound 1 = 138
Lower Bound 2 = 101
Avaliação = 1.21739

Tempo de execução: 60.0006s

---------------------------

Largura da faixa = 54
Melhor altura = 166

Lower Bound 1 = 138
Lower Bound 2 = 101
Avaliação = 1.2029

Tempo de execução: 60.0064s

---------------------------

Largura da faixa = 54
Melhor altura = 173

Lower Bound 1 = 138
Lower Bound 2 = 101
Avaliação = 1.25362

Tempo de execução: 60.003s

---------------------------

Largura da faixa = 54
Melhor altura = 169

Lower Bound 1 = 138
Lower Bound 2 = 101
Avaliação = 1.22464

Tempo de execução: 60.0014s

---------------------------

Largura da faixa = 54
Melhor altura = 164

Lower Bound 1 = 138
Lower Bound 2 = 101
Avaliação = 1.18841

Tempo de execução: 60.0008s

---------------------------

Largura da faixa = 54
Melhor altura = 170

Lower Bound 1 = 138
Lower Bound 2 = 101
Avaliação = 1.23188

Tempo de execução: 60.0052s

---------------------------

Largura da faixa = 54
Melhor altura = 173

Lower Bound 1 = 138
Lower Bound 2 = 101
Avaliação = 1.25362

Tempo de execução: 60.0023s

---------------------------

