Largura da faixa = 104
Melhor altura = 444

Lower Bound 1 = 384
Lower Bound 2 = 292
Avaliação = 1.15625

Tempo de execução: 60s

---------------------------

Largura da faixa = 104
Melhor altura = 446

Lower Bound 1 = 384
Lower Bound 2 = 292
Avaliação = 1.16146

Tempo de execução: 60.0001s

---------------------------

Largura da faixa = 104
Melhor altura = 447

Lower Bound 1 = 384
Lower Bound 2 = 292
Avaliação = 1.16406

Tempo de execução: 60.0011s

---------------------------

Largura da faixa = 104
Melhor altura = 430

Lower Bound 1 = 384
Lower Bound 2 = 292
Avaliação = 1.11979

Tempo de execução: 60.0001s

---------------------------

Largura da faixa = 104
Melhor altura = 447

Lower Bound 1 = 384
Lower Bound 2 = 292
Avaliação = 1.16406

Tempo de execução: 60.0002s

---------------------------

Largura da faixa = 104
Melhor altura = 447

Lower Bound 1 = 384
Lower Bound 2 = 292
Avaliação = 1.16406

Tempo de execução: 60.0005s

---------------------------

Largura da faixa = 104
Melhor altura = 444

Lower Bound 1 = 384
Lower Bound 2 = 292
Avaliação = 1.15625

Tempo de execução: 60s

---------------------------

Largura da faixa = 104
Melhor altura = 444

Lower Bound 1 = 384
Lower Bound 2 = 292
Avaliação = 1.15625

Tempo de execução: 60.0002s

---------------------------

Largura da faixa = 104
Melhor altura = 453

Lower Bound 1 = 384
Lower Bound 2 = 292
Avaliação = 1.17969

Tempo de execução: 60.0001s

---------------------------

Largura da faixa = 104
Melhor altura = 443

Lower Bound 1 = 384
Lower Bound 2 = 292
Avaliação = 1.15365

Tempo de execução: 60.0004s

---------------------------

Largura da faixa = 104
Melhor altura = 447

Lower Bound 1 = 384
Lower Bound 2 = 292
Avaliação = 1.16406

Tempo de execução: 60.0002s

---------------------------

Largura da faixa = 104
Melhor altura = 446

Lower Bound 1 = 384
Lower Bound 2 = 292
Avaliação = 1.16146

Tempo de execução: 60.0003s

---------------------------

Largura da faixa = 104
Melhor altura = 436

Lower Bound 1 = 384
Lower Bound 2 = 292
Avaliação = 1.13542

Tempo de execução: 60.0003s

---------------------------

Largura da faixa = 104
Melhor altura = 429

Lower Bound 1 = 384
Lower Bound 2 = 292
Avaliação = 1.11719

Tempo de execução: 60.0002s

---------------------------

Largura da faixa = 104
Melhor altura = 442

Lower Bound 1 = 384
Lower Bound 2 = 292
Avaliação = 1.15104

Tempo de execução: 60.0001s

---------------------------

Largura da faixa = 104
Melhor altura = 434

Lower Bound 1 = 384
Lower Bound 2 = 292
Avaliação = 1.13021

Tempo de execução: 60.0002s

---------------------------

Largura da faixa = 104
Melhor altura = 444

Lower Bound 1 = 384
Lower Bound 2 = 292
Avaliação = 1.15625

Tempo de execução: 60.0003s

---------------------------

Largura da faixa = 104
Melhor altura = 430

Lower Bound 1 = 384
Lower Bound 2 = 292
Avaliação = 1.11979

Tempo de execução: 60.0013s

---------------------------

Largura da faixa = 104
Melhor altura = 447

Lower Bound 1 = 384
Lower Bound 2 = 292
Avaliação = 1.16406

Tempo de execução: 60.0003s

---------------------------

Largura da faixa = 104
Melhor altura = 443

Lower Bound 1 = 384
Lower Bound 2 = 292
Avaliação = 1.15365

Tempo de execução: 60.0005s

---------------------------

