Largura da faixa = 123
Melhor altura = 377

Lower Bound 1 = 325
Lower Bound 2 = 279
Avaliação = 1.16

Tempo de execução: 60.0001s

---------------------------

Largura da faixa = 123
Melhor altura = 377

Lower Bound 1 = 325
Lower Bound 2 = 279
Avaliação = 1.16

Tempo de execução: 60.0001s

---------------------------

Largura da faixa = 123
Melhor altura = 377

Lower Bound 1 = 325
Lower Bound 2 = 279
Avaliação = 1.16

Tempo de execução: 60.0001s

---------------------------

Largura da faixa = 123
Melhor altura = 377

Lower Bound 1 = 325
Lower Bound 2 = 279
Avaliação = 1.16

Tempo de execução: 60s

---------------------------

Largura da faixa = 123
Melhor altura = 377

Lower Bound 1 = 325
Lower Bound 2 = 279
Avaliação = 1.16

Tempo de execução: 60.0001s

---------------------------

Largura da faixa = 123
Melhor altura = 377

Lower Bound 1 = 325
Lower Bound 2 = 279
Avaliação = 1.16

Tempo de execução: 60.0001s

---------------------------

Largura da faixa = 123
Melhor altura = 377

Lower Bound 1 = 325
Lower Bound 2 = 279
Avaliação = 1.16

Tempo de execução: 60s

---------------------------

Largura da faixa = 123
Melhor altura = 377

Lower Bound 1 = 325
Lower Bound 2 = 279
Avaliação = 1.16

Tempo de execução: 60.0001s

---------------------------

Largura da faixa = 123
Melhor altura = 377

Lower Bound 1 = 325
Lower Bound 2 = 279
Avaliação = 1.16

Tempo de execução: 60s

---------------------------

Largura da faixa = 123
Melhor altura = 377

Lower Bound 1 = 325
Lower Bound 2 = 279
Avaliação = 1.16

Tempo de execução: 60s

---------------------------

Largura da faixa = 123
Melhor altura = 377

Lower Bound 1 = 325
Lower Bound 2 = 279
Avaliação = 1.16

Tempo de execução: 60.0001s

---------------------------

Largura da faixa = 123
Melhor altura = 377

Lower Bound 1 = 325
Lower Bound 2 = 279
Avaliação = 1.16

Tempo de execução: 60.0001s

---------------------------

Largura da faixa = 123
Melhor altura = 377

Lower Bound 1 = 325
Lower Bound 2 = 279
Avaliação = 1.16

Tempo de execução: 60s

---------------------------

Largura da faixa = 123
Melhor altura = 377

Lower Bound 1 = 325
Lower Bound 2 = 279
Avaliação = 1.16

Tempo de execução: 60.0001s

---------------------------

Largura da faixa = 123
Melhor altura = 377

Lower Bound 1 = 325
Lower Bound 2 = 279
Avaliação = 1.16

Tempo de execução: 60s

---------------------------

Largura da faixa = 123
Melhor altura = 377

Lower Bound 1 = 325
Lower Bound 2 = 279
Avaliação = 1.16

Tempo de execução: 60.0001s

---------------------------

Largura da faixa = 123
Melhor altura = 377

Lower Bound 1 = 325
Lower Bound 2 = 279
Avaliação = 1.16

Tempo de execução: 60s

---------------------------

Largura da faixa = 123
Melhor altura = 377

Lower Bound 1 = 325
Lower Bound 2 = 279
Avaliação = 1.16

Tempo de execução: 60s

---------------------------

Largura da faixa = 123
Melhor altura = 377

Lower Bound 1 = 325
Lower Bound 2 = 279
Avaliação = 1.16

Tempo de execução: 60.0001s

---------------------------

Largura da faixa = 123
Melhor altura = 377

Lower Bound 1 = 325
Lower Bound 2 = 279
Avaliação = 1.16

Tempo de execução: 60.0001s

---------------------------

