Largura da faixa = 109
Melhor altura = 410

Lower Bound 1 = 366
Lower Bound 2 = 237
Avaliação = 1.12022

Tempo de execução: 60.0003s

---------------------------

Largura da faixa = 109
Melhor altura = 411

Lower Bound 1 = 366
Lower Bound 2 = 237
Avaliação = 1.12295

Tempo de execução: 60.0002s

---------------------------

Largura da faixa = 109
Melhor altura = 410

Lower Bound 1 = 366
Lower Bound 2 = 237
Avaliação = 1.12022

Tempo de execução: 60.0008s

---------------------------

Largura da faixa = 109
Melhor altura = 409

Lower Bound 1 = 366
Lower Bound 2 = 237
Avaliação = 1.11749

Tempo de execução: 60s

---------------------------

Largura da faixa = 109
Melhor altura = 413

Lower Bound 1 = 366
Lower Bound 2 = 237
Avaliação = 1.12842

Tempo de execução: 60.0005s

---------------------------

Largura da faixa = 109
Melhor altura = 415

Lower Bound 1 = 366
Lower Bound 2 = 237
Avaliação = 1.13388

Tempo de execução: 60.0004s

---------------------------

Largura da faixa = 109
Melhor altura = 416

Lower Bound 1 = 366
Lower Bound 2 = 237
Avaliação = 1.13661

Tempo de execução: 60.0001s

---------------------------

Largura da faixa = 109
Melhor altura = 405

Lower Bound 1 = 366
Lower Bound 2 = 237
Avaliação = 1.10656

Tempo de execução: 60.0001s

---------------------------

Largura da faixa = 109
Melhor altura = 405

Lower Bound 1 = 366
Lower Bound 2 = 237
Avaliação = 1.10656

Tempo de execução: 60.0001s

---------------------------

Largura da faixa = 109
Melhor altura = 406

Lower Bound 1 = 366
Lower Bound 2 = 237
Avaliação = 1.10929

Tempo de execução: 60.0005s

---------------------------

Largura da faixa = 109
Melhor altura = 410

Lower Bound 1 = 366
Lower Bound 2 = 237
Avaliação = 1.12022

Tempo de execução: 60.0004s

---------------------------

Largura da faixa = 109
Melhor altura = 406

Lower Bound 1 = 366
Lower Bound 2 = 237
Avaliação = 1.10929

Tempo de execução: 60.0019s

---------------------------

Largura da faixa = 109
Melhor altura = 410

Lower Bound 1 = 366
Lower Bound 2 = 237
Avaliação = 1.12022

Tempo de execução: 60s

---------------------------

Largura da faixa = 109
Melhor altura = 410

Lower Bound 1 = 366
Lower Bound 2 = 237
Avaliação = 1.12022

Tempo de execução: 60.0003s

---------------------------

Largura da faixa = 109
Melhor altura = 410

Lower Bound 1 = 366
Lower Bound 2 = 237
Avaliação = 1.12022

Tempo de execução: 60.0017s

---------------------------

Largura da faixa = 109
Melhor altura = 405

Lower Bound 1 = 366
Lower Bound 2 = 237
Avaliação = 1.10656

Tempo de execução: 60s

---------------------------

Largura da faixa = 109
Melhor altura = 412

Lower Bound 1 = 366
Lower Bound 2 = 237
Avaliação = 1.12568

Tempo de execução: 60.0003s

---------------------------

Largura da faixa = 109
Melhor altura = 408

Lower Bound 1 = 366
Lower Bound 2 = 237
Avaliação = 1.11475

Tempo de execução: 60.0003s

---------------------------

Largura da faixa = 109
Melhor altura = 407

Lower Bound 1 = 366
Lower Bound 2 = 237
Avaliação = 1.11202

Tempo de execução: 60.0002s

---------------------------

Largura da faixa = 109
Melhor altura = 413

Lower Bound 1 = 366
Lower Bound 2 = 237
Avaliação = 1.12842

Tempo de execução: 60.0003s

---------------------------

