Largura da faixa = 102
Melhor altura = 477

Lower Bound 1 = 392
Lower Bound 2 = 121
Avaliação = 1.21684

Tempo de execução: 60.0421s

---------------------------

Largura da faixa = 102
Melhor altura = 472

Lower Bound 1 = 392
Lower Bound 2 = 121
Avaliação = 1.20408

Tempo de execução: 60.0402s

---------------------------

Largura da faixa = 102
Melhor altura = 481

Lower Bound 1 = 392
Lower Bound 2 = 121
Avaliação = 1.22704

Tempo de execução: 60.036s

---------------------------

Largura da faixa = 102
Melhor altura = 476

Lower Bound 1 = 392
Lower Bound 2 = 121
Avaliação = 1.21429

Tempo de execução: 60.0097s

---------------------------

Largura da faixa = 102
Melhor altura = 478

Lower Bound 1 = 392
Lower Bound 2 = 121
Avaliação = 1.21939

Tempo de execução: 60.0427s

---------------------------

Largura da faixa = 102
Melhor altura = 473

Lower Bound 1 = 392
Lower Bound 2 = 121
Avaliação = 1.20663

Tempo de execução: 60.034s

---------------------------

Largura da faixa = 102
Melhor altura = 477

Lower Bound 1 = 392
Lower Bound 2 = 121
Avaliação = 1.21684

Tempo de execução: 60.0041s

---------------------------

Largura da faixa = 102
Melhor altura = 473

Lower Bound 1 = 392
Lower Bound 2 = 121
Avaliação = 1.20663

Tempo de execução: 60.0124s

---------------------------

Largura da faixa = 102
Melhor altura = 470

Lower Bound 1 = 392
Lower Bound 2 = 121
Avaliação = 1.19898

Tempo de execução: 60.0461s

---------------------------

Largura da faixa = 102
Melhor altura = 466

Lower Bound 1 = 392
Lower Bound 2 = 121
Avaliação = 1.18878

Tempo de execução: 60.0067s

---------------------------

Largura da faixa = 102
Melhor altura = 475

Lower Bound 1 = 392
Lower Bound 2 = 121
Avaliação = 1.21173

Tempo de execução: 60.0209s

---------------------------

Largura da faixa = 102
Melhor altura = 470

Lower Bound 1 = 392
Lower Bound 2 = 121
Avaliação = 1.19898

Tempo de execução: 60.0286s

---------------------------

Largura da faixa = 102
Melhor altura = 476

Lower Bound 1 = 392
Lower Bound 2 = 121
Avaliação = 1.21429

Tempo de execução: 60.0199s

---------------------------

Largura da faixa = 102
Melhor altura = 474

Lower Bound 1 = 392
Lower Bound 2 = 121
Avaliação = 1.20918

Tempo de execução: 60.0459s

---------------------------

Largura da faixa = 102
Melhor altura = 476

Lower Bound 1 = 392
Lower Bound 2 = 121
Avaliação = 1.21429

Tempo de execução: 60.0344s

---------------------------

Largura da faixa = 102
Melhor altura = 467

Lower Bound 1 = 392
Lower Bound 2 = 121
Avaliação = 1.19133

Tempo de execução: 60.0234s

---------------------------

Largura da faixa = 102
Melhor altura = 478

Lower Bound 1 = 392
Lower Bound 2 = 121
Avaliação = 1.21939

Tempo de execução: 60.0247s

---------------------------

Largura da faixa = 102
Melhor altura = 467

Lower Bound 1 = 392
Lower Bound 2 = 121
Avaliação = 1.19133

Tempo de execução: 60.0297s

---------------------------

Largura da faixa = 102
Melhor altura = 474

Lower Bound 1 = 392
Lower Bound 2 = 121
Avaliação = 1.20918

Tempo de execução: 60.0207s

---------------------------

Largura da faixa = 102
Melhor altura = 472

Lower Bound 1 = 392
Lower Bound 2 = 121
Avaliação = 1.20408

Tempo de execução: 60.0783s

---------------------------

