Largura da faixa = 161
Melhor altura = 332

Lower Bound 1 = 248
Lower Bound 2 = 310
Avaliação = 1.07097

Tempo de execução: 60.0001s

---------------------------

Largura da faixa = 161
Melhor altura = 332

Lower Bound 1 = 248
Lower Bound 2 = 310
Avaliação = 1.07097

Tempo de execução: 60.0001s

---------------------------

Largura da faixa = 161
Melhor altura = 332

Lower Bound 1 = 248
Lower Bound 2 = 310
Avaliação = 1.07097

Tempo de execução: 60.0001s

---------------------------

Largura da faixa = 161
Melhor altura = 332

Lower Bound 1 = 248
Lower Bound 2 = 310
Avaliação = 1.07097

Tempo de execução: 60s

---------------------------

Largura da faixa = 161
Melhor altura = 332

Lower Bound 1 = 248
Lower Bound 2 = 310
Avaliação = 1.07097

Tempo de execução: 60s

---------------------------

Largura da faixa = 161
Melhor altura = 332

Lower Bound 1 = 248
Lower Bound 2 = 310
Avaliação = 1.07097

Tempo de execução: 60s

---------------------------

Largura da faixa = 161
Melhor altura = 332

Lower Bound 1 = 248
Lower Bound 2 = 310
Avaliação = 1.07097

Tempo de execução: 60s

---------------------------

Largura da faixa = 161
Melhor altura = 332

Lower Bound 1 = 248
Lower Bound 2 = 310
Avaliação = 1.07097

Tempo de execução: 60s

---------------------------

Largura da faixa = 161
Melhor altura = 332

Lower Bound 1 = 248
Lower Bound 2 = 310
Avaliação = 1.07097

Tempo de execução: 60.0002s

---------------------------

Largura da faixa = 161
Melhor altura = 332

Lower Bound 1 = 248
Lower Bound 2 = 310
Avaliação = 1.07097

Tempo de execução: 60s

---------------------------

Largura da faixa = 161
Melhor altura = 332

Lower Bound 1 = 248
Lower Bound 2 = 310
Avaliação = 1.07097

Tempo de execução: 60.0001s

---------------------------

Largura da faixa = 161
Melhor altura = 332

Lower Bound 1 = 248
Lower Bound 2 = 310
Avaliação = 1.07097

Tempo de execução: 60s

---------------------------

Largura da faixa = 161
Melhor altura = 332

Lower Bound 1 = 248
Lower Bound 2 = 310
Avaliação = 1.07097

Tempo de execução: 60.0001s

---------------------------

Largura da faixa = 161
Melhor altura = 332

Lower Bound 1 = 248
Lower Bound 2 = 310
Avaliação = 1.07097

Tempo de execução: 60.0002s

---------------------------

Largura da faixa = 161
Melhor altura = 332

Lower Bound 1 = 248
Lower Bound 2 = 310
Avaliação = 1.07097

Tempo de execução: 60s

---------------------------

Largura da faixa = 161
Melhor altura = 332

Lower Bound 1 = 248
Lower Bound 2 = 310
Avaliação = 1.07097

Tempo de execução: 60s

---------------------------

Largura da faixa = 161
Melhor altura = 332

Lower Bound 1 = 248
Lower Bound 2 = 310
Avaliação = 1.07097

Tempo de execução: 60.0001s

---------------------------

Largura da faixa = 161
Melhor altura = 332

Lower Bound 1 = 248
Lower Bound 2 = 310
Avaliação = 1.07097

Tempo de execução: 60s

---------------------------

Largura da faixa = 161
Melhor altura = 332

Lower Bound 1 = 248
Lower Bound 2 = 310
Avaliação = 1.07097

Tempo de execução: 60s

---------------------------

Largura da faixa = 161
Melhor altura = 332

Lower Bound 1 = 248
Lower Bound 2 = 310
Avaliação = 1.07097

Tempo de execução: 60.0001s

---------------------------

