Largura da faixa = 180
Melhor altura = 248

Lower Bound 1 = 222
Lower Bound 2 = 180
Avaliação = 1.11712

Tempo de execução: 60.0003s

---------------------------

Largura da faixa = 180
Melhor altura = 246

Lower Bound 1 = 222
Lower Bound 2 = 180
Avaliação = 1.10811

Tempo de execução: 60.0004s

---------------------------

Largura da faixa = 180
Melhor altura = 245

Lower Bound 1 = 222
Lower Bound 2 = 180
Avaliação = 1.1036

Tempo de execução: 60.0005s

---------------------------

Largura da faixa = 180
Melhor altura = 248

Lower Bound 1 = 222
Lower Bound 2 = 180
Avaliação = 1.11712

Tempo de execução: 60.0003s

---------------------------

Largura da faixa = 180
Melhor altura = 254

Lower Bound 1 = 222
Lower Bound 2 = 180
Avaliação = 1.14414

Tempo de execução: 60.0003s

---------------------------

Largura da faixa = 180
Melhor altura = 248

Lower Bound 1 = 222
Lower Bound 2 = 180
Avaliação = 1.11712

Tempo de execução: 60.0002s

---------------------------

Largura da faixa = 180
Melhor altura = 248

Lower Bound 1 = 222
Lower Bound 2 = 180
Avaliação = 1.11712

Tempo de execução: 60.0001s

---------------------------

Largura da faixa = 180
Melhor altura = 245

Lower Bound 1 = 222
Lower Bound 2 = 180
Avaliação = 1.1036

Tempo de execução: 60.0002s

---------------------------

Largura da faixa = 180
Melhor altura = 251

Lower Bound 1 = 222
Lower Bound 2 = 180
Avaliação = 1.13063

Tempo de execução: 60.0002s

---------------------------

Largura da faixa = 180
Melhor altura = 253

Lower Bound 1 = 222
Lower Bound 2 = 180
Avaliação = 1.13964

Tempo de execução: 60.0003s

---------------------------

Largura da faixa = 180
Melhor altura = 248

Lower Bound 1 = 222
Lower Bound 2 = 180
Avaliação = 1.11712

Tempo de execução: 60.0001s

---------------------------

Largura da faixa = 180
Melhor altura = 246

Lower Bound 1 = 222
Lower Bound 2 = 180
Avaliação = 1.10811

Tempo de execução: 60.0002s

---------------------------

Largura da faixa = 180
Melhor altura = 246

Lower Bound 1 = 222
Lower Bound 2 = 180
Avaliação = 1.10811

Tempo de execução: 60s

---------------------------

Largura da faixa = 180
Melhor altura = 247

Lower Bound 1 = 222
Lower Bound 2 = 180
Avaliação = 1.11261

Tempo de execução: 60.0004s

---------------------------

Largura da faixa = 180
Melhor altura = 245

Lower Bound 1 = 222
Lower Bound 2 = 180
Avaliação = 1.1036

Tempo de execução: 60.0004s

---------------------------

Largura da faixa = 180
Melhor altura = 246

Lower Bound 1 = 222
Lower Bound 2 = 180
Avaliação = 1.10811

Tempo de execução: 60.0001s

---------------------------

Largura da faixa = 180
Melhor altura = 245

Lower Bound 1 = 222
Lower Bound 2 = 180
Avaliação = 1.1036

Tempo de execução: 60.0001s

---------------------------

Largura da faixa = 180
Melhor altura = 248

Lower Bound 1 = 222
Lower Bound 2 = 180
Avaliação = 1.11712

Tempo de execução: 60.0002s

---------------------------

Largura da faixa = 180
Melhor altura = 251

Lower Bound 1 = 222
Lower Bound 2 = 180
Avaliação = 1.13063

Tempo de execução: 60s

---------------------------

Largura da faixa = 180
Melhor altura = 249

Lower Bound 1 = 222
Lower Bound 2 = 180
Avaliação = 1.12162

Tempo de execução: 60.0002s

---------------------------

