Largura da faixa = 119
Melhor altura = 393

Lower Bound 1 = 336
Lower Bound 2 = 275
Avaliação = 1.16964

Tempo de execução: 60.0001s

---------------------------

Largura da faixa = 119
Melhor altura = 394

Lower Bound 1 = 336
Lower Bound 2 = 275
Avaliação = 1.17262

Tempo de execução: 60.0003s

---------------------------

Largura da faixa = 119
Melhor altura = 385

Lower Bound 1 = 336
Lower Bound 2 = 275
Avaliação = 1.14583

Tempo de execução: 60s

---------------------------

Largura da faixa = 119
Melhor altura = 398

Lower Bound 1 = 336
Lower Bound 2 = 275
Avaliação = 1.18452

Tempo de execução: 60.0001s

---------------------------

Largura da faixa = 119
Melhor altura = 397

Lower Bound 1 = 336
Lower Bound 2 = 275
Avaliação = 1.18155

Tempo de execução: 60.0002s

---------------------------

Largura da faixa = 119
Melhor altura = 393

Lower Bound 1 = 336
Lower Bound 2 = 275
Avaliação = 1.16964

Tempo de execução: 60s

---------------------------

Largura da faixa = 119
Melhor altura = 394

Lower Bound 1 = 336
Lower Bound 2 = 275
Avaliação = 1.17262

Tempo de execução: 60s

---------------------------

Largura da faixa = 119
Melhor altura = 394

Lower Bound 1 = 336
Lower Bound 2 = 275
Avaliação = 1.17262

Tempo de execução: 60.0001s

---------------------------

Largura da faixa = 119
Melhor altura = 397

Lower Bound 1 = 336
Lower Bound 2 = 275
Avaliação = 1.18155

Tempo de execução: 60.0002s

---------------------------

Largura da faixa = 119
Melhor altura = 393

Lower Bound 1 = 336
Lower Bound 2 = 275
Avaliação = 1.16964

Tempo de execução: 60s

---------------------------

Largura da faixa = 119
Melhor altura = 393

Lower Bound 1 = 336
Lower Bound 2 = 275
Avaliação = 1.16964

Tempo de execução: 60.0001s

---------------------------

Largura da faixa = 119
Melhor altura = 397

Lower Bound 1 = 336
Lower Bound 2 = 275
Avaliação = 1.18155

Tempo de execução: 60.0002s

---------------------------

Largura da faixa = 119
Melhor altura = 394

Lower Bound 1 = 336
Lower Bound 2 = 275
Avaliação = 1.17262

Tempo de execução: 60s

---------------------------

Largura da faixa = 119
Melhor altura = 394

Lower Bound 1 = 336
Lower Bound 2 = 275
Avaliação = 1.17262

Tempo de execução: 60.0002s

---------------------------

Largura da faixa = 119
Melhor altura = 393

Lower Bound 1 = 336
Lower Bound 2 = 275
Avaliação = 1.16964

Tempo de execução: 60.0003s

---------------------------

Largura da faixa = 119
Melhor altura = 394

Lower Bound 1 = 336
Lower Bound 2 = 275
Avaliação = 1.17262

Tempo de execução: 60s

---------------------------

Largura da faixa = 119
Melhor altura = 385

Lower Bound 1 = 336
Lower Bound 2 = 275
Avaliação = 1.14583

Tempo de execução: 60s

---------------------------

Largura da faixa = 119
Melhor altura = 394

Lower Bound 1 = 336
Lower Bound 2 = 275
Avaliação = 1.17262

Tempo de execução: 60.0001s

---------------------------

Largura da faixa = 119
Melhor altura = 394

Lower Bound 1 = 336
Lower Bound 2 = 275
Avaliação = 1.17262

Tempo de execução: 60.0001s

---------------------------

Largura da faixa = 119
Melhor altura = 394

Lower Bound 1 = 336
Lower Bound 2 = 275
Avaliação = 1.17262

Tempo de execução: 60.0002s

---------------------------

