Largura da faixa = 112
Melhor altura = 421

Lower Bound 1 = 357
Lower Bound 2 = 203
Avaliação = 1.17927

Tempo de execução: 60.0007s

---------------------------

Largura da faixa = 112
Melhor altura = 421

Lower Bound 1 = 357
Lower Bound 2 = 203
Avaliação = 1.17927

Tempo de execução: 60.0023s

---------------------------

Largura da faixa = 112
Melhor altura = 405

Lower Bound 1 = 357
Lower Bound 2 = 203
Avaliação = 1.13445

Tempo de execução: 60.0064s

---------------------------

Largura da faixa = 112
Melhor altura = 413

Lower Bound 1 = 357
Lower Bound 2 = 203
Avaliação = 1.15686

Tempo de execução: 60.0021s

---------------------------

Largura da faixa = 112
Melhor altura = 414

Lower Bound 1 = 357
Lower Bound 2 = 203
Avaliação = 1.15966

Tempo de execução: 60.0007s

---------------------------

Largura da faixa = 112
Melhor altura = 409

Lower Bound 1 = 357
Lower Bound 2 = 203
Avaliação = 1.14566

Tempo de execução: 60.0023s

---------------------------

Largura da faixa = 112
Melhor altura = 406

Lower Bound 1 = 357
Lower Bound 2 = 203
Avaliação = 1.13725

Tempo de execução: 60.0013s

---------------------------

Largura da faixa = 112
Melhor altura = 422

Lower Bound 1 = 357
Lower Bound 2 = 203
Avaliação = 1.18207

Tempo de execução: 60s

---------------------------

Largura da faixa = 112
Melhor altura = 426

Lower Bound 1 = 357
Lower Bound 2 = 203
Avaliação = 1.19328

Tempo de execução: 60.0032s

---------------------------

Largura da faixa = 112
Melhor altura = 422

Lower Bound 1 = 357
Lower Bound 2 = 203
Avaliação = 1.18207

Tempo de execução: 60.0006s

---------------------------

Largura da faixa = 112
Melhor altura = 422

Lower Bound 1 = 357
Lower Bound 2 = 203
Avaliação = 1.18207

Tempo de execução: 60.0004s

---------------------------

Largura da faixa = 112
Melhor altura = 412

Lower Bound 1 = 357
Lower Bound 2 = 203
Avaliação = 1.15406

Tempo de execução: 60.0014s

---------------------------

Largura da faixa = 112
Melhor altura = 409

Lower Bound 1 = 357
Lower Bound 2 = 203
Avaliação = 1.14566

Tempo de execução: 60.0023s

---------------------------

Largura da faixa = 112
Melhor altura = 421

Lower Bound 1 = 357
Lower Bound 2 = 203
Avaliação = 1.17927

Tempo de execução: 60.0014s

---------------------------

Largura da faixa = 112
Melhor altura = 416

Lower Bound 1 = 357
Lower Bound 2 = 203
Avaliação = 1.16527

Tempo de execução: 60.0008s

---------------------------

Largura da faixa = 112
Melhor altura = 422

Lower Bound 1 = 357
Lower Bound 2 = 203
Avaliação = 1.18207

Tempo de execução: 60.0004s

---------------------------

Largura da faixa = 112
Melhor altura = 433

Lower Bound 1 = 357
Lower Bound 2 = 203
Avaliação = 1.21289

Tempo de execução: 60.0027s

---------------------------

Largura da faixa = 112
Melhor altura = 414

Lower Bound 1 = 357
Lower Bound 2 = 203
Avaliação = 1.15966

Tempo de execução: 60.0063s

---------------------------

Largura da faixa = 112
Melhor altura = 419

Lower Bound 1 = 357
Lower Bound 2 = 203
Avaliação = 1.17367

Tempo de execução: 60.0003s

---------------------------

Largura da faixa = 112
Melhor altura = 416

Lower Bound 1 = 357
Lower Bound 2 = 203
Avaliação = 1.16527

Tempo de execução: 60.0068s

---------------------------

