Largura da faixa = 112
Melhor altura = 405

Lower Bound 1 = 357
Lower Bound 2 = 325
Avaliação = 1.13445

Tempo de execução: 60.0001s

---------------------------

Largura da faixa = 112
Melhor altura = 402

Lower Bound 1 = 357
Lower Bound 2 = 325
Avaliação = 1.12605

Tempo de execução: 60.0002s

---------------------------

Largura da faixa = 112
Melhor altura = 402

Lower Bound 1 = 357
Lower Bound 2 = 325
Avaliação = 1.12605

Tempo de execução: 60.0007s

---------------------------

Largura da faixa = 112
Melhor altura = 402

Lower Bound 1 = 357
Lower Bound 2 = 325
Avaliação = 1.12605

Tempo de execução: 60.0001s

---------------------------

Largura da faixa = 112
Melhor altura = 405

Lower Bound 1 = 357
Lower Bound 2 = 325
Avaliação = 1.13445

Tempo de execução: 60.0002s

---------------------------

Largura da faixa = 112
Melhor altura = 405

Lower Bound 1 = 357
Lower Bound 2 = 325
Avaliação = 1.13445

Tempo de execução: 60.0001s

---------------------------

Largura da faixa = 112
Melhor altura = 402

Lower Bound 1 = 357
Lower Bound 2 = 325
Avaliação = 1.12605

Tempo de execução: 60s

---------------------------

Largura da faixa = 112
Melhor altura = 402

Lower Bound 1 = 357
Lower Bound 2 = 325
Avaliação = 1.12605

Tempo de execução: 60.0001s

---------------------------

Largura da faixa = 112
Melhor altura = 405

Lower Bound 1 = 357
Lower Bound 2 = 325
Avaliação = 1.13445

Tempo de execução: 60.0003s

---------------------------

Largura da faixa = 112
Melhor altura = 405

Lower Bound 1 = 357
Lower Bound 2 = 325
Avaliação = 1.13445

Tempo de execução: 60.0001s

---------------------------

Largura da faixa = 112
Melhor altura = 402

Lower Bound 1 = 357
Lower Bound 2 = 325
Avaliação = 1.12605

Tempo de execução: 60.0003s

---------------------------

Largura da faixa = 112
Melhor altura = 405

Lower Bound 1 = 357
Lower Bound 2 = 325
Avaliação = 1.13445

Tempo de execução: 60.0007s

---------------------------

Largura da faixa = 112
Melhor altura = 405

Lower Bound 1 = 357
Lower Bound 2 = 325
Avaliação = 1.13445

Tempo de execução: 60.0001s

---------------------------

Largura da faixa = 112
Melhor altura = 405

Lower Bound 1 = 357
Lower Bound 2 = 325
Avaliação = 1.13445

Tempo de execução: 60.0003s

---------------------------

Largura da faixa = 112
Melhor altura = 405

Lower Bound 1 = 357
Lower Bound 2 = 325
Avaliação = 1.13445

Tempo de execução: 60.0003s

---------------------------

Largura da faixa = 112
Melhor altura = 405

Lower Bound 1 = 357
Lower Bound 2 = 325
Avaliação = 1.13445

Tempo de execução: 60s

---------------------------

Largura da faixa = 112
Melhor altura = 402

Lower Bound 1 = 357
Lower Bound 2 = 325
Avaliação = 1.12605

Tempo de execução: 60.0001s

---------------------------

Largura da faixa = 112
Melhor altura = 402

Lower Bound 1 = 357
Lower Bound 2 = 325
Avaliação = 1.12605

Tempo de execução: 60.0003s

---------------------------

Largura da faixa = 112
Melhor altura = 402

Lower Bound 1 = 357
Lower Bound 2 = 325
Avaliação = 1.12605

Tempo de execução: 60s

---------------------------

Largura da faixa = 112
Melhor altura = 405

Lower Bound 1 = 357
Lower Bound 2 = 325
Avaliação = 1.13445

Tempo de execução: 60.0002s

---------------------------

