Largura da faixa = 105
Melhor altura = 499

Lower Bound 1 = 380
Lower Bound 2 = 272
Avaliação = 1.31316

Tempo de execução: 60.0101s

---------------------------

Largura da faixa = 105
Melhor altura = 493

Lower Bound 1 = 380
Lower Bound 2 = 272
Avaliação = 1.29737

Tempo de execução: 60.0061s

---------------------------

Largura da faixa = 105
Melhor altura = 505

Lower Bound 1 = 380
Lower Bound 2 = 272
Avaliação = 1.32895

Tempo de execução: 60.0189s

---------------------------

Largura da faixa = 105
Melhor altura = 497

Lower Bound 1 = 380
Lower Bound 2 = 272
Avaliação = 1.30789

Tempo de execução: 60.001s

---------------------------

Largura da faixa = 105
Melhor altura = 498

Lower Bound 1 = 380
Lower Bound 2 = 272
Avaliação = 1.31053

Tempo de execução: 60.0069s

---------------------------

Largura da faixa = 105
Melhor altura = 484

Lower Bound 1 = 380
Lower Bound 2 = 272
Avaliação = 1.27368

Tempo de execução: 60.0134s

---------------------------

Largura da faixa = 105
Melhor altura = 499

Lower Bound 1 = 380
Lower Bound 2 = 272
Avaliação = 1.31316

Tempo de execução: 60.0009s

---------------------------

Largura da faixa = 105
Melhor altura = 503

Lower Bound 1 = 380
Lower Bound 2 = 272
Avaliação = 1.32368

Tempo de execução: 60.006s

---------------------------

Largura da faixa = 105
Melhor altura = 504

Lower Bound 1 = 380
Lower Bound 2 = 272
Avaliação = 1.32632

Tempo de execução: 60.0063s

---------------------------

Largura da faixa = 105
Melhor altura = 495

Lower Bound 1 = 380
Lower Bound 2 = 272
Avaliação = 1.30263

Tempo de execução: 60.0028s

---------------------------

Largura da faixa = 105
Melhor altura = 510

Lower Bound 1 = 380
Lower Bound 2 = 272
Avaliação = 1.34211

Tempo de execução: 60.009s

---------------------------

Largura da faixa = 105
Melhor altura = 496

Lower Bound 1 = 380
Lower Bound 2 = 272
Avaliação = 1.30526

Tempo de execução: 60.0162s

---------------------------

Largura da faixa = 105
Melhor altura = 506

Lower Bound 1 = 380
Lower Bound 2 = 272
Avaliação = 1.33158

Tempo de execução: 60.0032s

---------------------------

Largura da faixa = 105
Melhor altura = 508

Lower Bound 1 = 380
Lower Bound 2 = 272
Avaliação = 1.33684

Tempo de execução: 60.0096s

---------------------------

Largura da faixa = 105
Melhor altura = 494

Lower Bound 1 = 380
Lower Bound 2 = 272
Avaliação = 1.3

Tempo de execução: 60.0027s

---------------------------

Largura da faixa = 105
Melhor altura = 490

Lower Bound 1 = 380
Lower Bound 2 = 272
Avaliação = 1.28947

Tempo de execução: 60.0047s

---------------------------

Largura da faixa = 105
Melhor altura = 492

Lower Bound 1 = 380
Lower Bound 2 = 272
Avaliação = 1.29474

Tempo de execução: 60.0036s

---------------------------

Largura da faixa = 105
Melhor altura = 494

Lower Bound 1 = 380
Lower Bound 2 = 272
Avaliação = 1.3

Tempo de execução: 60.0092s

---------------------------

Largura da faixa = 105
Melhor altura = 503

Lower Bound 1 = 380
Lower Bound 2 = 272
Avaliação = 1.32368

Tempo de execução: 60.0058s

---------------------------

Largura da faixa = 105
Melhor altura = 490

Lower Bound 1 = 380
Lower Bound 2 = 272
Avaliação = 1.28947

Tempo de execução: 60.0063s

---------------------------

