Largura da faixa = 122
Melhor altura = 364

Lower Bound 1 = 327
Lower Bound 2 = 243
Avaliação = 1.11315

Tempo de execução: 60.0001s

---------------------------

Largura da faixa = 122
Melhor altura = 364

Lower Bound 1 = 327
Lower Bound 2 = 243
Avaliação = 1.11315

Tempo de execução: 60.0002s

---------------------------

Largura da faixa = 122
Melhor altura = 368

Lower Bound 1 = 327
Lower Bound 2 = 243
Avaliação = 1.12538

Tempo de execução: 60.0005s

---------------------------

Largura da faixa = 122
Melhor altura = 368

Lower Bound 1 = 327
Lower Bound 2 = 243
Avaliação = 1.12538

Tempo de execução: 60s

---------------------------

Largura da faixa = 122
Melhor altura = 364

Lower Bound 1 = 327
Lower Bound 2 = 243
Avaliação = 1.11315

Tempo de execução: 60.0001s

---------------------------

Largura da faixa = 122
Melhor altura = 364

Lower Bound 1 = 327
Lower Bound 2 = 243
Avaliação = 1.11315

Tempo de execução: 60.0002s

---------------------------

Largura da faixa = 122
Melhor altura = 368

Lower Bound 1 = 327
Lower Bound 2 = 243
Avaliação = 1.12538

Tempo de execução: 60.0001s

---------------------------

Largura da faixa = 122
Melhor altura = 371

Lower Bound 1 = 327
Lower Bound 2 = 243
Avaliação = 1.13456

Tempo de execução: 60.0005s

---------------------------

Largura da faixa = 122
Melhor altura = 366

Lower Bound 1 = 327
Lower Bound 2 = 243
Avaliação = 1.11927

Tempo de execução: 60.0002s

---------------------------

Largura da faixa = 122
Melhor altura = 364

Lower Bound 1 = 327
Lower Bound 2 = 243
Avaliação = 1.11315

Tempo de execução: 60s

---------------------------

Largura da faixa = 122
Melhor altura = 364

Lower Bound 1 = 327
Lower Bound 2 = 243
Avaliação = 1.11315

Tempo de execução: 60.0002s

---------------------------

Largura da faixa = 122
Melhor altura = 364

Lower Bound 1 = 327
Lower Bound 2 = 243
Avaliação = 1.11315

Tempo de execução: 60.0001s

---------------------------

Largura da faixa = 122
Melhor altura = 368

Lower Bound 1 = 327
Lower Bound 2 = 243
Avaliação = 1.12538

Tempo de execução: 60.0001s

---------------------------

Largura da faixa = 122
Melhor altura = 368

Lower Bound 1 = 327
Lower Bound 2 = 243
Avaliação = 1.12538

Tempo de execução: 60.0001s

---------------------------

Largura da faixa = 122
Melhor altura = 368

Lower Bound 1 = 327
Lower Bound 2 = 243
Avaliação = 1.12538

Tempo de execução: 60s

---------------------------

Largura da faixa = 122
Melhor altura = 368

Lower Bound 1 = 327
Lower Bound 2 = 243
Avaliação = 1.12538

Tempo de execução: 60s

---------------------------

Largura da faixa = 122
Melhor altura = 369

Lower Bound 1 = 327
Lower Bound 2 = 243
Avaliação = 1.12844

Tempo de execução: 60.0002s

---------------------------

Largura da faixa = 122
Melhor altura = 364

Lower Bound 1 = 327
Lower Bound 2 = 243
Avaliação = 1.11315

Tempo de execução: 60.0005s

---------------------------

Largura da faixa = 122
Melhor altura = 364

Lower Bound 1 = 327
Lower Bound 2 = 243
Avaliação = 1.11315

Tempo de execução: 60.0001s

---------------------------

Largura da faixa = 122
Melhor altura = 364

Lower Bound 1 = 327
Lower Bound 2 = 243
Avaliação = 1.11315

Tempo de execução: 60.0004s

---------------------------

