Largura da faixa = 91
Melhor altura = 514

Lower Bound 1 = 439
Lower Bound 2 = 321
Avaliação = 1.17084

Tempo de execução: 60.0004s

---------------------------

Largura da faixa = 91
Melhor altura = 522

Lower Bound 1 = 439
Lower Bound 2 = 321
Avaliação = 1.18907

Tempo de execução: 60.0005s

---------------------------

Largura da faixa = 91
Melhor altura = 515

Lower Bound 1 = 439
Lower Bound 2 = 321
Avaliação = 1.17312

Tempo de execução: 60.0011s

---------------------------

Largura da faixa = 91
Melhor altura = 516

Lower Bound 1 = 439
Lower Bound 2 = 321
Avaliação = 1.1754

Tempo de execução: 60.0002s

---------------------------

Largura da faixa = 91
Melhor altura = 525

Lower Bound 1 = 439
Lower Bound 2 = 321
Avaliação = 1.1959

Tempo de execução: 60.0002s

---------------------------

Largura da faixa = 91
Melhor altura = 513

Lower Bound 1 = 439
Lower Bound 2 = 321
Avaliação = 1.16856

Tempo de execução: 60.0013s

---------------------------

Largura da faixa = 91
Melhor altura = 504

Lower Bound 1 = 439
Lower Bound 2 = 321
Avaliação = 1.14806

Tempo de execução: 60.0002s

---------------------------

Largura da faixa = 91
Melhor altura = 518

Lower Bound 1 = 439
Lower Bound 2 = 321
Avaliação = 1.17995

Tempo de execução: 60.0003s

---------------------------

Largura da faixa = 91
Melhor altura = 525

Lower Bound 1 = 439
Lower Bound 2 = 321
Avaliação = 1.1959

Tempo de execução: 60.0021s

---------------------------

Largura da faixa = 91
Melhor altura = 513

Lower Bound 1 = 439
Lower Bound 2 = 321
Avaliação = 1.16856

Tempo de execução: 60.0009s

---------------------------

Largura da faixa = 91
Melhor altura = 512

Lower Bound 1 = 439
Lower Bound 2 = 321
Avaliação = 1.16629

Tempo de execução: 60.001s

---------------------------

Largura da faixa = 91
Melhor altura = 510

Lower Bound 1 = 439
Lower Bound 2 = 321
Avaliação = 1.16173

Tempo de execução: 60.0024s

---------------------------

Largura da faixa = 91
Melhor altura = 510

Lower Bound 1 = 439
Lower Bound 2 = 321
Avaliação = 1.16173

Tempo de execução: 60.0001s

---------------------------

Largura da faixa = 91
Melhor altura = 513

Lower Bound 1 = 439
Lower Bound 2 = 321
Avaliação = 1.16856

Tempo de execução: 60.0004s

---------------------------

Largura da faixa = 91
Melhor altura = 509

Lower Bound 1 = 439
Lower Bound 2 = 321
Avaliação = 1.15945

Tempo de execução: 60.0015s

---------------------------

Largura da faixa = 91
Melhor altura = 512

Lower Bound 1 = 439
Lower Bound 2 = 321
Avaliação = 1.16629

Tempo de execução: 60.0002s

---------------------------

Largura da faixa = 91
Melhor altura = 518

Lower Bound 1 = 439
Lower Bound 2 = 321
Avaliação = 1.17995

Tempo de execução: 60.003s

---------------------------

Largura da faixa = 91
Melhor altura = 517

Lower Bound 1 = 439
Lower Bound 2 = 321
Avaliação = 1.17768

Tempo de execução: 60.0038s

---------------------------

Largura da faixa = 91
Melhor altura = 511

Lower Bound 1 = 439
Lower Bound 2 = 321
Avaliação = 1.16401

Tempo de execução: 60.0013s

---------------------------

Largura da faixa = 91
Melhor altura = 519

Lower Bound 1 = 439
Lower Bound 2 = 321
Avaliação = 1.18223

Tempo de execução: 60.0035s

---------------------------

