Largura da faixa = 85
Melhor altura = 594

Lower Bound 1 = 470
Lower Bound 2 = 260
Avaliação = 1.26383

Tempo de execução: 60.0096s

---------------------------

Largura da faixa = 85
Melhor altura = 598

Lower Bound 1 = 470
Lower Bound 2 = 260
Avaliação = 1.27234

Tempo de execução: 60.0086s

---------------------------

Largura da faixa = 85
Melhor altura = 594

Lower Bound 1 = 470
Lower Bound 2 = 260
Avaliação = 1.26383

Tempo de execução: 60.0583s

---------------------------

Largura da faixa = 85
Melhor altura = 585

Lower Bound 1 = 470
Lower Bound 2 = 260
Avaliação = 1.24468

Tempo de execução: 60.0063s

---------------------------

Largura da faixa = 85
Melhor altura = 598

Lower Bound 1 = 470
Lower Bound 2 = 260
Avaliação = 1.27234

Tempo de execução: 60.0208s

---------------------------

Largura da faixa = 85
Melhor altura = 601

Lower Bound 1 = 470
Lower Bound 2 = 260
Avaliação = 1.27872

Tempo de execução: 60.0171s

---------------------------

Largura da faixa = 85
Melhor altura = 594

Lower Bound 1 = 470
Lower Bound 2 = 260
Avaliação = 1.26383

Tempo de execução: 60.0178s

---------------------------

Largura da faixa = 85
Melhor altura = 600

Lower Bound 1 = 470
Lower Bound 2 = 260
Avaliação = 1.2766

Tempo de execução: 60.0201s

---------------------------

Largura da faixa = 85
Melhor altura = 609

Lower Bound 1 = 470
Lower Bound 2 = 260
Avaliação = 1.29574

Tempo de execução: 60.029s

---------------------------

Largura da faixa = 85
Melhor altura = 597

Lower Bound 1 = 470
Lower Bound 2 = 260
Avaliação = 1.27021

Tempo de execução: 60.0077s

---------------------------

Largura da faixa = 85
Melhor altura = 595

Lower Bound 1 = 470
Lower Bound 2 = 260
Avaliação = 1.26596

Tempo de execução: 60.0151s

---------------------------

Largura da faixa = 85
Melhor altura = 592

Lower Bound 1 = 470
Lower Bound 2 = 260
Avaliação = 1.25957

Tempo de execução: 60.025s

---------------------------

Largura da faixa = 85
Melhor altura = 591

Lower Bound 1 = 470
Lower Bound 2 = 260
Avaliação = 1.25745

Tempo de execução: 60.0061s

---------------------------

Largura da faixa = 85
Melhor altura = 596

Lower Bound 1 = 470
Lower Bound 2 = 260
Avaliação = 1.26809

Tempo de execução: 60.0141s

---------------------------

Largura da faixa = 85
Melhor altura = 592

Lower Bound 1 = 470
Lower Bound 2 = 260
Avaliação = 1.25957

Tempo de execução: 60.0514s

---------------------------

Largura da faixa = 85
Melhor altura = 593

Lower Bound 1 = 470
Lower Bound 2 = 260
Avaliação = 1.2617

Tempo de execução: 60.0179s

---------------------------

Largura da faixa = 85
Melhor altura = 589

Lower Bound 1 = 470
Lower Bound 2 = 260
Avaliação = 1.25319

Tempo de execução: 60.0174s

---------------------------

Largura da faixa = 85
Melhor altura = 590

Lower Bound 1 = 470
Lower Bound 2 = 260
Avaliação = 1.25532

Tempo de execução: 60.046s

---------------------------

Largura da faixa = 85
Melhor altura = 602

Lower Bound 1 = 470
Lower Bound 2 = 260
Avaliação = 1.28085

Tempo de execução: 60.0212s

---------------------------

Largura da faixa = 85
Melhor altura = 599

Lower Bound 1 = 470
Lower Bound 2 = 260
Avaliação = 1.27447

Tempo de execução: 60.0405s

---------------------------

