Largura da faixa = 114
Melhor altura = 384

Lower Bound 1 = 350
Lower Bound 2 = 250
Avaliação = 1.09714

Tempo de execução: 60.0002s

---------------------------

Largura da faixa = 114
Melhor altura = 384

Lower Bound 1 = 350
Lower Bound 2 = 250
Avaliação = 1.09714

Tempo de execução: 60.0001s

---------------------------

Largura da faixa = 114
Melhor altura = 384

Lower Bound 1 = 350
Lower Bound 2 = 250
Avaliação = 1.09714

Tempo de execução: 60.0006s

---------------------------

Largura da faixa = 114
Melhor altura = 384

Lower Bound 1 = 350
Lower Bound 2 = 250
Avaliação = 1.09714

Tempo de execução: 60s

---------------------------

Largura da faixa = 114
Melhor altura = 384

Lower Bound 1 = 350
Lower Bound 2 = 250
Avaliação = 1.09714

Tempo de execução: 60.0001s

---------------------------

Largura da faixa = 114
Melhor altura = 384

Lower Bound 1 = 350
Lower Bound 2 = 250
Avaliação = 1.09714

Tempo de execução: 60.0003s

---------------------------

Largura da faixa = 114
Melhor altura = 384

Lower Bound 1 = 350
Lower Bound 2 = 250
Avaliação = 1.09714

Tempo de execução: 60.0001s

---------------------------

Largura da faixa = 114
Melhor altura = 384

Lower Bound 1 = 350
Lower Bound 2 = 250
Avaliação = 1.09714

Tempo de execução: 60.0001s

---------------------------

Largura da faixa = 114
Melhor altura = 384

Lower Bound 1 = 350
Lower Bound 2 = 250
Avaliação = 1.09714

Tempo de execução: 60.0004s

---------------------------

Largura da faixa = 114
Melhor altura = 384

Lower Bound 1 = 350
Lower Bound 2 = 250
Avaliação = 1.09714

Tempo de execução: 60.0004s

---------------------------

Largura da faixa = 114
Melhor altura = 384

Lower Bound 1 = 350
Lower Bound 2 = 250
Avaliação = 1.09714

Tempo de execução: 60.0002s

---------------------------

Largura da faixa = 114
Melhor altura = 397

Lower Bound 1 = 350
Lower Bound 2 = 250
Avaliação = 1.13429

Tempo de execução: 60.0003s

---------------------------

Largura da faixa = 114
Melhor altura = 390

Lower Bound 1 = 350
Lower Bound 2 = 250
Avaliação = 1.11429

Tempo de execução: 60s

---------------------------

Largura da faixa = 114
Melhor altura = 384

Lower Bound 1 = 350
Lower Bound 2 = 250
Avaliação = 1.09714

Tempo de execução: 60.0001s

---------------------------

Largura da faixa = 114
Melhor altura = 384

Lower Bound 1 = 350
Lower Bound 2 = 250
Avaliação = 1.09714

Tempo de execução: 60.0003s

---------------------------

Largura da faixa = 114
Melhor altura = 391

Lower Bound 1 = 350
Lower Bound 2 = 250
Avaliação = 1.11714

Tempo de execução: 60.0001s

---------------------------

Largura da faixa = 114
Melhor altura = 384

Lower Bound 1 = 350
Lower Bound 2 = 250
Avaliação = 1.09714

Tempo de execução: 60.0003s

---------------------------

Largura da faixa = 114
Melhor altura = 384

Lower Bound 1 = 350
Lower Bound 2 = 250
Avaliação = 1.09714

Tempo de execução: 60.0004s

---------------------------

Largura da faixa = 114
Melhor altura = 384

Lower Bound 1 = 350
Lower Bound 2 = 250
Avaliação = 1.09714

Tempo de execução: 60.0002s

---------------------------

Largura da faixa = 114
Melhor altura = 384

Lower Bound 1 = 350
Lower Bound 2 = 250
Avaliação = 1.09714

Tempo de execução: 60.0004s

---------------------------

