Largura da faixa = 132
Melhor altura = 336

Lower Bound 1 = 303
Lower Bound 2 = 182
Avaliação = 1.10891

Tempo de execução: 60s

---------------------------

Largura da faixa = 132
Melhor altura = 339

Lower Bound 1 = 303
Lower Bound 2 = 182
Avaliação = 1.11881

Tempo de execução: 60s

---------------------------

Largura da faixa = 132
Melhor altura = 339

Lower Bound 1 = 303
Lower Bound 2 = 182
Avaliação = 1.11881

Tempo de execução: 60.0001s

---------------------------

Largura da faixa = 132
Melhor altura = 339

Lower Bound 1 = 303
Lower Bound 2 = 182
Avaliação = 1.11881

Tempo de execução: 60s

---------------------------

Largura da faixa = 132
Melhor altura = 337

Lower Bound 1 = 303
Lower Bound 2 = 182
Avaliação = 1.11221

Tempo de execução: 60s

---------------------------

Largura da faixa = 132
Melhor altura = 336

Lower Bound 1 = 303
Lower Bound 2 = 182
Avaliação = 1.10891

Tempo de execução: 60.0001s

---------------------------

Largura da faixa = 132
Melhor altura = 336

Lower Bound 1 = 303
Lower Bound 2 = 182
Avaliação = 1.10891

Tempo de execução: 60.0002s

---------------------------

Largura da faixa = 132
Melhor altura = 336

Lower Bound 1 = 303
Lower Bound 2 = 182
Avaliação = 1.10891

Tempo de execução: 60.0002s

---------------------------

Largura da faixa = 132
Melhor altura = 336

Lower Bound 1 = 303
Lower Bound 2 = 182
Avaliação = 1.10891

Tempo de execução: 60s

---------------------------

Largura da faixa = 132
Melhor altura = 336

Lower Bound 1 = 303
Lower Bound 2 = 182
Avaliação = 1.10891

Tempo de execução: 60.0001s

---------------------------

Largura da faixa = 132
Melhor altura = 336

Lower Bound 1 = 303
Lower Bound 2 = 182
Avaliação = 1.10891

Tempo de execução: 60s

---------------------------

Largura da faixa = 132
Melhor altura = 336

Lower Bound 1 = 303
Lower Bound 2 = 182
Avaliação = 1.10891

Tempo de execução: 60s

---------------------------

Largura da faixa = 132
Melhor altura = 336

Lower Bound 1 = 303
Lower Bound 2 = 182
Avaliação = 1.10891

Tempo de execução: 60s

---------------------------

Largura da faixa = 132
Melhor altura = 336

Lower Bound 1 = 303
Lower Bound 2 = 182
Avaliação = 1.10891

Tempo de execução: 60s

---------------------------

Largura da faixa = 132
Melhor altura = 337

Lower Bound 1 = 303
Lower Bound 2 = 182
Avaliação = 1.11221

Tempo de execução: 60.0002s

---------------------------

Largura da faixa = 132
Melhor altura = 336

Lower Bound 1 = 303
Lower Bound 2 = 182
Avaliação = 1.10891

Tempo de execução: 60s

---------------------------

Largura da faixa = 132
Melhor altura = 336

Lower Bound 1 = 303
Lower Bound 2 = 182
Avaliação = 1.10891

Tempo de execução: 60s

---------------------------

Largura da faixa = 132
Melhor altura = 336

Lower Bound 1 = 303
Lower Bound 2 = 182
Avaliação = 1.10891

Tempo de execução: 60s

---------------------------

Largura da faixa = 132
Melhor altura = 336

Lower Bound 1 = 303
Lower Bound 2 = 182
Avaliação = 1.10891

Tempo de execução: 60s

---------------------------

Largura da faixa = 132
Melhor altura = 336

Lower Bound 1 = 303
Lower Bound 2 = 182
Avaliação = 1.10891

Tempo de execução: 60.0002s

---------------------------

