Largura da faixa = 129
Melhor altura = 347

Lower Bound 1 = 310
Lower Bound 2 = 236
Avaliação = 1.11935

Tempo de execução: 60.0002s

---------------------------

Largura da faixa = 129
Melhor altura = 347

Lower Bound 1 = 310
Lower Bound 2 = 236
Avaliação = 1.11935

Tempo de execução: 60.0004s

---------------------------

Largura da faixa = 129
Melhor altura = 347

Lower Bound 1 = 310
Lower Bound 2 = 236
Avaliação = 1.11935

Tempo de execução: 60.0004s

---------------------------

Largura da faixa = 129
Melhor altura = 335

Lower Bound 1 = 310
Lower Bound 2 = 236
Avaliação = 1.08065

Tempo de execução: 60.0001s

---------------------------

Largura da faixa = 129
Melhor altura = 347

Lower Bound 1 = 310
Lower Bound 2 = 236
Avaliação = 1.11935

Tempo de execução: 60.0001s

---------------------------

Largura da faixa = 129
Melhor altura = 349

Lower Bound 1 = 310
Lower Bound 2 = 236
Avaliação = 1.12581

Tempo de execução: 60.0004s

---------------------------

Largura da faixa = 129
Melhor altura = 347

Lower Bound 1 = 310
Lower Bound 2 = 236
Avaliação = 1.11935

Tempo de execução: 60.0001s

---------------------------

Largura da faixa = 129
Melhor altura = 349

Lower Bound 1 = 310
Lower Bound 2 = 236
Avaliação = 1.12581

Tempo de execução: 60.0003s

---------------------------

Largura da faixa = 129
Melhor altura = 346

Lower Bound 1 = 310
Lower Bound 2 = 236
Avaliação = 1.11613

Tempo de execução: 60.0002s

---------------------------

Largura da faixa = 129
Melhor altura = 343

Lower Bound 1 = 310
Lower Bound 2 = 236
Avaliação = 1.10645

Tempo de execução: 60.0002s

---------------------------

Largura da faixa = 129
Melhor altura = 345

Lower Bound 1 = 310
Lower Bound 2 = 236
Avaliação = 1.1129

Tempo de execução: 60.0001s

---------------------------

Largura da faixa = 129
Melhor altura = 347

Lower Bound 1 = 310
Lower Bound 2 = 236
Avaliação = 1.11935

Tempo de execução: 60.0003s

---------------------------

Largura da faixa = 129
Melhor altura = 347

Lower Bound 1 = 310
Lower Bound 2 = 236
Avaliação = 1.11935

Tempo de execução: 60.0003s

---------------------------

Largura da faixa = 129
Melhor altura = 347

Lower Bound 1 = 310
Lower Bound 2 = 236
Avaliação = 1.11935

Tempo de execução: 60.0001s

---------------------------

Largura da faixa = 129
Melhor altura = 342

Lower Bound 1 = 310
Lower Bound 2 = 236
Avaliação = 1.10323

Tempo de execução: 60.0004s

---------------------------

Largura da faixa = 129
Melhor altura = 341

Lower Bound 1 = 310
Lower Bound 2 = 236
Avaliação = 1.1

Tempo de execução: 60s

---------------------------

Largura da faixa = 129
Melhor altura = 342

Lower Bound 1 = 310
Lower Bound 2 = 236
Avaliação = 1.10323

Tempo de execução: 60.0003s

---------------------------

Largura da faixa = 129
Melhor altura = 344

Lower Bound 1 = 310
Lower Bound 2 = 236
Avaliação = 1.10968

Tempo de execução: 60.0004s

---------------------------

Largura da faixa = 129
Melhor altura = 342

Lower Bound 1 = 310
Lower Bound 2 = 236
Avaliação = 1.10323

Tempo de execução: 60.0005s

---------------------------

Largura da faixa = 129
Melhor altura = 346

Lower Bound 1 = 310
Lower Bound 2 = 236
Avaliação = 1.11613

Tempo de execução: 60.0002s

---------------------------

