Largura da faixa = 75
Melhor altura = 661

Lower Bound 1 = 533
Lower Bound 2 = 299
Avaliação = 1.24015

Tempo de execução: 60.0017s

---------------------------

Largura da faixa = 75
Melhor altura = 660

Lower Bound 1 = 533
Lower Bound 2 = 299
Avaliação = 1.23827

Tempo de execução: 60.0162s

---------------------------

Largura da faixa = 75
Melhor altura = 663

Lower Bound 1 = 533
Lower Bound 2 = 299
Avaliação = 1.2439

Tempo de execução: 60.0241s

---------------------------

Largura da faixa = 75
Melhor altura = 666

Lower Bound 1 = 533
Lower Bound 2 = 299
Avaliação = 1.24953

Tempo de execução: 60.0005s

---------------------------

Largura da faixa = 75
Melhor altura = 660

Lower Bound 1 = 533
Lower Bound 2 = 299
Avaliação = 1.23827

Tempo de execução: 60.0039s

---------------------------

Largura da faixa = 75
Melhor altura = 659

Lower Bound 1 = 533
Lower Bound 2 = 299
Avaliação = 1.2364

Tempo de execução: 60.0008s

---------------------------

Largura da faixa = 75
Melhor altura = 655

Lower Bound 1 = 533
Lower Bound 2 = 299
Avaliação = 1.22889

Tempo de execução: 60.0159s

---------------------------

Largura da faixa = 75
Melhor altura = 663

Lower Bound 1 = 533
Lower Bound 2 = 299
Avaliação = 1.2439

Tempo de execução: 60.0143s

---------------------------

Largura da faixa = 75
Melhor altura = 661

Lower Bound 1 = 533
Lower Bound 2 = 299
Avaliação = 1.24015

Tempo de execução: 60.0212s

---------------------------

Largura da faixa = 75
Melhor altura = 663

Lower Bound 1 = 533
Lower Bound 2 = 299
Avaliação = 1.2439

Tempo de execução: 60.0048s

---------------------------

Largura da faixa = 75
Melhor altura = 656

Lower Bound 1 = 533
Lower Bound 2 = 299
Avaliação = 1.23077

Tempo de execução: 60.0395s

---------------------------

Largura da faixa = 75
Melhor altura = 659

Lower Bound 1 = 533
Lower Bound 2 = 299
Avaliação = 1.2364

Tempo de execução: 60.0481s

---------------------------

Largura da faixa = 75
Melhor altura = 668

Lower Bound 1 = 533
Lower Bound 2 = 299
Avaliação = 1.25328

Tempo de execução: 60.0031s

---------------------------

Largura da faixa = 75
Melhor altura = 657

Lower Bound 1 = 533
Lower Bound 2 = 299
Avaliação = 1.23265

Tempo de execução: 60.0111s

---------------------------

Largura da faixa = 75
Melhor altura = 654

Lower Bound 1 = 533
Lower Bound 2 = 299
Avaliação = 1.22702

Tempo de execução: 60.0506s

---------------------------

Largura da faixa = 75
Melhor altura = 659

Lower Bound 1 = 533
Lower Bound 2 = 299
Avaliação = 1.2364

Tempo de execução: 60.0176s

---------------------------

Largura da faixa = 75
Melhor altura = 654

Lower Bound 1 = 533
Lower Bound 2 = 299
Avaliação = 1.22702

Tempo de execução: 60.0171s

---------------------------

Largura da faixa = 75
Melhor altura = 663

Lower Bound 1 = 533
Lower Bound 2 = 299
Avaliação = 1.2439

Tempo de execução: 60.0313s

---------------------------

Largura da faixa = 75
Melhor altura = 661

Lower Bound 1 = 533
Lower Bound 2 = 299
Avaliação = 1.24015

Tempo de execução: 60.0331s

---------------------------

Largura da faixa = 75
Melhor altura = 659

Lower Bound 1 = 533
Lower Bound 2 = 299
Avaliação = 1.2364

Tempo de execução: 60.0305s

---------------------------

