Largura da faixa = 117
Melhor altura = 397

Lower Bound 1 = 341
Lower Bound 2 = 165
Avaliação = 1.16422

Tempo de execução: 60.0015s

---------------------------

Largura da faixa = 117
Melhor altura = 400

Lower Bound 1 = 341
Lower Bound 2 = 165
Avaliação = 1.17302

Tempo de execução: 60.0124s

---------------------------

Largura da faixa = 117
Melhor altura = 398

Lower Bound 1 = 341
Lower Bound 2 = 165
Avaliação = 1.16716

Tempo de execução: 60.0109s

---------------------------

Largura da faixa = 117
Melhor altura = 395

Lower Bound 1 = 341
Lower Bound 2 = 165
Avaliação = 1.15836

Tempo de execução: 60.0002s

---------------------------

Largura da faixa = 117
Melhor altura = 396

Lower Bound 1 = 341
Lower Bound 2 = 165
Avaliação = 1.16129

Tempo de execução: 60.0021s

---------------------------

Largura da faixa = 117
Melhor altura = 396

Lower Bound 1 = 341
Lower Bound 2 = 165
Avaliação = 1.16129

Tempo de execução: 60.0025s

---------------------------

Largura da faixa = 117
Melhor altura = 391

Lower Bound 1 = 341
Lower Bound 2 = 165
Avaliação = 1.14663

Tempo de execução: 60.0004s

---------------------------

Largura da faixa = 117
Melhor altura = 394

Lower Bound 1 = 341
Lower Bound 2 = 165
Avaliação = 1.15543

Tempo de execução: 60.0069s

---------------------------

Largura da faixa = 117
Melhor altura = 395

Lower Bound 1 = 341
Lower Bound 2 = 165
Avaliação = 1.15836

Tempo de execução: 60.022s

---------------------------

Largura da faixa = 117
Melhor altura = 398

Lower Bound 1 = 341
Lower Bound 2 = 165
Avaliação = 1.16716

Tempo de execução: 60.0015s

---------------------------

Largura da faixa = 117
Melhor altura = 399

Lower Bound 1 = 341
Lower Bound 2 = 165
Avaliação = 1.17009

Tempo de execução: 60.0078s

---------------------------

Largura da faixa = 117
Melhor altura = 398

Lower Bound 1 = 341
Lower Bound 2 = 165
Avaliação = 1.16716

Tempo de execução: 60.008s

---------------------------

Largura da faixa = 117
Melhor altura = 390

Lower Bound 1 = 341
Lower Bound 2 = 165
Avaliação = 1.1437

Tempo de execução: 60.0063s

---------------------------

Largura da faixa = 117
Melhor altura = 398

Lower Bound 1 = 341
Lower Bound 2 = 165
Avaliação = 1.16716

Tempo de execução: 60.0022s

---------------------------

Largura da faixa = 117
Melhor altura = 396

Lower Bound 1 = 341
Lower Bound 2 = 165
Avaliação = 1.16129

Tempo de execução: 60.0083s

---------------------------

Largura da faixa = 117
Melhor altura = 389

Lower Bound 1 = 341
Lower Bound 2 = 165
Avaliação = 1.14076

Tempo de execução: 60.0002s

---------------------------

Largura da faixa = 117
Melhor altura = 395

Lower Bound 1 = 341
Lower Bound 2 = 165
Avaliação = 1.15836

Tempo de execução: 60.0022s

---------------------------

Largura da faixa = 117
Melhor altura = 401

Lower Bound 1 = 341
Lower Bound 2 = 165
Avaliação = 1.17595

Tempo de execução: 60.0112s

---------------------------

Largura da faixa = 117
Melhor altura = 395

Lower Bound 1 = 341
Lower Bound 2 = 165
Avaliação = 1.15836

Tempo de execução: 60.0013s

---------------------------

Largura da faixa = 117
Melhor altura = 393

Lower Bound 1 = 341
Lower Bound 2 = 165
Avaliação = 1.15249

Tempo de execução: 60.008s

---------------------------

