Largura da faixa = 112
Melhor altura = 431

Lower Bound 1 = 357
Lower Bound 2 = 194
Avaliação = 1.20728

Tempo de execução: 60.0015s

---------------------------

Largura da faixa = 112
Melhor altura = 436

Lower Bound 1 = 357
Lower Bound 2 = 194
Avaliação = 1.22129

Tempo de execução: 60.0002s

---------------------------

Largura da faixa = 112
Melhor altura = 437

Lower Bound 1 = 357
Lower Bound 2 = 194
Avaliação = 1.22409

Tempo de execução: 60.0023s

---------------------------

Largura da faixa = 112
Melhor altura = 435

Lower Bound 1 = 357
Lower Bound 2 = 194
Avaliação = 1.21849

Tempo de execução: 60.0002s

---------------------------

Largura da faixa = 112
Melhor altura = 438

Lower Bound 1 = 357
Lower Bound 2 = 194
Avaliação = 1.22689

Tempo de execução: 60.0028s

---------------------------

Largura da faixa = 112
Melhor altura = 436

Lower Bound 1 = 357
Lower Bound 2 = 194
Avaliação = 1.22129

Tempo de execução: 60.0035s

---------------------------

Largura da faixa = 112
Melhor altura = 434

Lower Bound 1 = 357
Lower Bound 2 = 194
Avaliação = 1.21569

Tempo de execução: 60.0002s

---------------------------

Largura da faixa = 112
Melhor altura = 431

Lower Bound 1 = 357
Lower Bound 2 = 194
Avaliação = 1.20728

Tempo de execução: 60.0007s

---------------------------

Largura da faixa = 112
Melhor altura = 430

Lower Bound 1 = 357
Lower Bound 2 = 194
Avaliação = 1.20448

Tempo de execução: 60.0059s

---------------------------

Largura da faixa = 112
Melhor altura = 443

Lower Bound 1 = 357
Lower Bound 2 = 194
Avaliação = 1.2409

Tempo de execução: 60.0006s

---------------------------

Largura da faixa = 112
Melhor altura = 430

Lower Bound 1 = 357
Lower Bound 2 = 194
Avaliação = 1.20448

Tempo de execução: 60s

---------------------------

Largura da faixa = 112
Melhor altura = 436

Lower Bound 1 = 357
Lower Bound 2 = 194
Avaliação = 1.22129

Tempo de execução: 60.0043s

---------------------------

Largura da faixa = 112
Melhor altura = 434

Lower Bound 1 = 357
Lower Bound 2 = 194
Avaliação = 1.21569

Tempo de execução: 60.0019s

---------------------------

Largura da faixa = 112
Melhor altura = 432

Lower Bound 1 = 357
Lower Bound 2 = 194
Avaliação = 1.21008

Tempo de execução: 60.0023s

---------------------------

Largura da faixa = 112
Melhor altura = 437

Lower Bound 1 = 357
Lower Bound 2 = 194
Avaliação = 1.22409

Tempo de execução: 60.0043s

---------------------------

Largura da faixa = 112
Melhor altura = 434

Lower Bound 1 = 357
Lower Bound 2 = 194
Avaliação = 1.21569

Tempo de execução: 60.0002s

---------------------------

Largura da faixa = 112
Melhor altura = 441

Lower Bound 1 = 357
Lower Bound 2 = 194
Avaliação = 1.23529

Tempo de execução: 60.0062s

---------------------------

Largura da faixa = 112
Melhor altura = 444

Lower Bound 1 = 357
Lower Bound 2 = 194
Avaliação = 1.2437

Tempo de execução: 60.0083s

---------------------------

Largura da faixa = 112
Melhor altura = 437

Lower Bound 1 = 357
Lower Bound 2 = 194
Avaliação = 1.22409

Tempo de execução: 60.0045s

---------------------------

Largura da faixa = 112
Melhor altura = 445

Lower Bound 1 = 357
Lower Bound 2 = 194
Avaliação = 1.2465

Tempo de execução: 60.0052s

---------------------------

