Largura da faixa = 83
Melhor altura = 618

Lower Bound 1 = 481
Lower Bound 2 = 237
Avaliação = 1.28482

Tempo de execução: 60.0038s

---------------------------

Largura da faixa = 83
Melhor altura = 616

Lower Bound 1 = 481
Lower Bound 2 = 237
Avaliação = 1.28067

Tempo de execução: 60.0074s

---------------------------

Largura da faixa = 83
Melhor altura = 618

Lower Bound 1 = 481
Lower Bound 2 = 237
Avaliação = 1.28482

Tempo de execução: 60.0532s

---------------------------

Largura da faixa = 83
Melhor altura = 621

Lower Bound 1 = 481
Lower Bound 2 = 237
Avaliação = 1.29106

Tempo de execução: 60.003s

---------------------------

Largura da faixa = 83
Melhor altura = 611

Lower Bound 1 = 481
Lower Bound 2 = 237
Avaliação = 1.27027

Tempo de execução: 60.0073s

---------------------------

Largura da faixa = 83
Melhor altura = 622

Lower Bound 1 = 481
Lower Bound 2 = 237
Avaliação = 1.29314

Tempo de execução: 60.0104s

---------------------------

Largura da faixa = 83
Melhor altura = 607

Lower Bound 1 = 481
Lower Bound 2 = 237
Avaliação = 1.26195

Tempo de execução: 60.0072s

---------------------------

Largura da faixa = 83
Melhor altura = 620

Lower Bound 1 = 481
Lower Bound 2 = 237
Avaliação = 1.28898

Tempo de execução: 60.0244s

---------------------------

Largura da faixa = 83
Melhor altura = 618

Lower Bound 1 = 481
Lower Bound 2 = 237
Avaliação = 1.28482

Tempo de execução: 60.0403s

---------------------------

Largura da faixa = 83
Melhor altura = 627

Lower Bound 1 = 481
Lower Bound 2 = 237
Avaliação = 1.30353

Tempo de execução: 60.0006s

---------------------------

Largura da faixa = 83
Melhor altura = 604

Lower Bound 1 = 481
Lower Bound 2 = 237
Avaliação = 1.25572

Tempo de execução: 60.0141s

---------------------------

Largura da faixa = 83
Melhor altura = 619

Lower Bound 1 = 481
Lower Bound 2 = 237
Avaliação = 1.2869

Tempo de execução: 60.0019s

---------------------------

Largura da faixa = 83
Melhor altura = 616

Lower Bound 1 = 481
Lower Bound 2 = 237
Avaliação = 1.28067

Tempo de execução: 60s

---------------------------

Largura da faixa = 83
Melhor altura = 621

Lower Bound 1 = 481
Lower Bound 2 = 237
Avaliação = 1.29106

Tempo de execução: 60.017s

---------------------------

Largura da faixa = 83
Melhor altura = 618

Lower Bound 1 = 481
Lower Bound 2 = 237
Avaliação = 1.28482

Tempo de execução: 60.0135s

---------------------------

Largura da faixa = 83
Melhor altura = 624

Lower Bound 1 = 481
Lower Bound 2 = 237
Avaliação = 1.2973

Tempo de execução: 60.0035s

---------------------------

Largura da faixa = 83
Melhor altura = 615

Lower Bound 1 = 481
Lower Bound 2 = 237
Avaliação = 1.27859

Tempo de execução: 60.002s

---------------------------

Largura da faixa = 83
Melhor altura = 614

Lower Bound 1 = 481
Lower Bound 2 = 237
Avaliação = 1.27651

Tempo de execução: 60.0521s

---------------------------

Largura da faixa = 83
Melhor altura = 614

Lower Bound 1 = 481
Lower Bound 2 = 237
Avaliação = 1.27651

Tempo de execução: 60.0102s

---------------------------

Largura da faixa = 83
Melhor altura = 630

Lower Bound 1 = 481
Lower Bound 2 = 237
Avaliação = 1.30977

Tempo de execução: 60.05s

---------------------------

