Largura da faixa = 97
Melhor altura = 489

Lower Bound 1 = 412
Lower Bound 2 = 253
Avaliação = 1.18689

Tempo de execução: 60s

---------------------------

Largura da faixa = 97
Melhor altura = 487

Lower Bound 1 = 412
Lower Bound 2 = 253
Avaliação = 1.18204

Tempo de execução: 60.0026s

---------------------------

Largura da faixa = 97
Melhor altura = 484

Lower Bound 1 = 412
Lower Bound 2 = 253
Avaliação = 1.17476

Tempo de execução: 60.0055s

---------------------------

Largura da faixa = 97
Melhor altura = 481

Lower Bound 1 = 412
Lower Bound 2 = 253
Avaliação = 1.16748

Tempo de execução: 60.0001s

---------------------------

Largura da faixa = 97
Melhor altura = 488

Lower Bound 1 = 412
Lower Bound 2 = 253
Avaliação = 1.18447

Tempo de execução: 60.0019s

---------------------------

Largura da faixa = 97
Melhor altura = 488

Lower Bound 1 = 412
Lower Bound 2 = 253
Avaliação = 1.18447

Tempo de execução: 60.0052s

---------------------------

Largura da faixa = 97
Melhor altura = 492

Lower Bound 1 = 412
Lower Bound 2 = 253
Avaliação = 1.19417

Tempo de execução: 60.0011s

---------------------------

Largura da faixa = 97
Melhor altura = 486

Lower Bound 1 = 412
Lower Bound 2 = 253
Avaliação = 1.17961

Tempo de execução: 60.0003s

---------------------------

Largura da faixa = 97
Melhor altura = 483

Lower Bound 1 = 412
Lower Bound 2 = 253
Avaliação = 1.17233

Tempo de execução: 60.0048s

---------------------------

Largura da faixa = 97
Melhor altura = 493

Lower Bound 1 = 412
Lower Bound 2 = 253
Avaliação = 1.1966

Tempo de execução: 60.0029s

---------------------------

Largura da faixa = 97
Melhor altura = 492

Lower Bound 1 = 412
Lower Bound 2 = 253
Avaliação = 1.19417

Tempo de execução: 60.0005s

---------------------------

Largura da faixa = 97
Melhor altura = 498

Lower Bound 1 = 412
Lower Bound 2 = 253
Avaliação = 1.20874

Tempo de execução: 60.0007s

---------------------------

Largura da faixa = 97
Melhor altura = 494

Lower Bound 1 = 412
Lower Bound 2 = 253
Avaliação = 1.19903

Tempo de execução: 60.0001s

---------------------------

Largura da faixa = 97
Melhor altura = 486

Lower Bound 1 = 412
Lower Bound 2 = 253
Avaliação = 1.17961

Tempo de execução: 60.0022s

---------------------------

Largura da faixa = 97
Melhor altura = 496

Lower Bound 1 = 412
Lower Bound 2 = 253
Avaliação = 1.20388

Tempo de execução: 60.0022s

---------------------------

Largura da faixa = 97
Melhor altura = 500

Lower Bound 1 = 412
Lower Bound 2 = 253
Avaliação = 1.21359

Tempo de execução: 60.0001s

---------------------------

Largura da faixa = 97
Melhor altura = 482

Lower Bound 1 = 412
Lower Bound 2 = 253
Avaliação = 1.1699

Tempo de execução: 60.0036s

---------------------------

Largura da faixa = 97
Melhor altura = 498

Lower Bound 1 = 412
Lower Bound 2 = 253
Avaliação = 1.20874

Tempo de execução: 60.0057s

---------------------------

Largura da faixa = 97
Melhor altura = 481

Lower Bound 1 = 412
Lower Bound 2 = 253
Avaliação = 1.16748

Tempo de execução: 60.0005s

---------------------------

Largura da faixa = 97
Melhor altura = 492

Lower Bound 1 = 412
Lower Bound 2 = 253
Avaliação = 1.19417

Tempo de execução: 60.004s

---------------------------

