Largura da faixa = 108
Melhor altura = 454

Lower Bound 1 = 370
Lower Bound 2 = 279
Avaliação = 1.22703

Tempo de execução: 60.0045s

---------------------------

Largura da faixa = 108
Melhor altura = 470

Lower Bound 1 = 370
Lower Bound 2 = 279
Avaliação = 1.27027

Tempo de execução: 60.006s

---------------------------

Largura da faixa = 108
Melhor altura = 477

Lower Bound 1 = 370
Lower Bound 2 = 279
Avaliação = 1.28919

Tempo de execução: 60.0054s

---------------------------

Largura da faixa = 108
Melhor altura = 455

Lower Bound 1 = 370
Lower Bound 2 = 279
Avaliação = 1.22973

Tempo de execução: 60.0005s

---------------------------

Largura da faixa = 108
Melhor altura = 473

Lower Bound 1 = 370
Lower Bound 2 = 279
Avaliação = 1.27838

Tempo de execução: 60.0085s

---------------------------

Largura da faixa = 108
Melhor altura = 468

Lower Bound 1 = 370
Lower Bound 2 = 279
Avaliação = 1.26486

Tempo de execução: 60.0146s

---------------------------

Largura da faixa = 108
Melhor altura = 471

Lower Bound 1 = 370
Lower Bound 2 = 279
Avaliação = 1.27297

Tempo de execução: 60.0026s

---------------------------

Largura da faixa = 108
Melhor altura = 457

Lower Bound 1 = 370
Lower Bound 2 = 279
Avaliação = 1.23514

Tempo de execução: 60.0027s

---------------------------

Largura da faixa = 108
Melhor altura = 471

Lower Bound 1 = 370
Lower Bound 2 = 279
Avaliação = 1.27297

Tempo de execução: 60.0094s

---------------------------

Largura da faixa = 108
Melhor altura = 472

Lower Bound 1 = 370
Lower Bound 2 = 279
Avaliação = 1.27568

Tempo de execução: 60.0005s

---------------------------

Largura da faixa = 108
Melhor altura = 463

Lower Bound 1 = 370
Lower Bound 2 = 279
Avaliação = 1.25135

Tempo de execução: 60.0071s

---------------------------

Largura da faixa = 108
Melhor altura = 459

Lower Bound 1 = 370
Lower Bound 2 = 279
Avaliação = 1.24054

Tempo de execução: 60.0108s

---------------------------

Largura da faixa = 108
Melhor altura = 482

Lower Bound 1 = 370
Lower Bound 2 = 279
Avaliação = 1.3027

Tempo de execução: 60.0084s

---------------------------

Largura da faixa = 108
Melhor altura = 473

Lower Bound 1 = 370
Lower Bound 2 = 279
Avaliação = 1.27838

Tempo de execução: 60.0108s

---------------------------

Largura da faixa = 108
Melhor altura = 470

Lower Bound 1 = 370
Lower Bound 2 = 279
Avaliação = 1.27027

Tempo de execução: 60.0156s

---------------------------

Largura da faixa = 108
Melhor altura = 478

Lower Bound 1 = 370
Lower Bound 2 = 279
Avaliação = 1.29189

Tempo de execução: 60.001s

---------------------------

Largura da faixa = 108
Melhor altura = 468

Lower Bound 1 = 370
Lower Bound 2 = 279
Avaliação = 1.26486

Tempo de execução: 60.0098s

---------------------------

Largura da faixa = 108
Melhor altura = 481

Lower Bound 1 = 370
Lower Bound 2 = 279
Avaliação = 1.3

Tempo de execução: 60.0162s

---------------------------

Largura da faixa = 108
Melhor altura = 476

Lower Bound 1 = 370
Lower Bound 2 = 279
Avaliação = 1.28649

Tempo de execução: 60.0046s

---------------------------

Largura da faixa = 108
Melhor altura = 470

Lower Bound 1 = 370
Lower Bound 2 = 279
Avaliação = 1.27027

Tempo de execução: 60.0091s

---------------------------

