Largura da faixa = 74
Melhor altura = 699

Lower Bound 1 = 540
Lower Bound 2 = 310
Avaliação = 1.29444

Tempo de execução: 60.0099s

---------------------------

Largura da faixa = 74
Melhor altura = 700

Lower Bound 1 = 540
Lower Bound 2 = 310
Avaliação = 1.2963

Tempo de execução: 60.024s

---------------------------

Largura da faixa = 74
Melhor altura = 687

Lower Bound 1 = 540
Lower Bound 2 = 310
Avaliação = 1.27222

Tempo de execução: 60.0066s

---------------------------

Largura da faixa = 74
Melhor altura = 699

Lower Bound 1 = 540
Lower Bound 2 = 310
Avaliação = 1.29444

Tempo de execução: 60.0027s

---------------------------

Largura da faixa = 74
Melhor altura = 714

Lower Bound 1 = 540
Lower Bound 2 = 310
Avaliação = 1.32222

Tempo de execução: 60.0216s

---------------------------

Largura da faixa = 74
Melhor altura = 695

Lower Bound 1 = 540
Lower Bound 2 = 310
Avaliação = 1.28704

Tempo de execução: 60.043s

---------------------------

Largura da faixa = 74
Melhor altura = 694

Lower Bound 1 = 540
Lower Bound 2 = 310
Avaliação = 1.28519

Tempo de execução: 60.0052s

---------------------------

Largura da faixa = 74
Melhor altura = 696

Lower Bound 1 = 540
Lower Bound 2 = 310
Avaliação = 1.28889

Tempo de execução: 60.0113s

---------------------------

Largura da faixa = 74
Melhor altura = 710

Lower Bound 1 = 540
Lower Bound 2 = 310
Avaliação = 1.31481

Tempo de execução: 60.0171s

---------------------------

Largura da faixa = 74
Melhor altura = 709

Lower Bound 1 = 540
Lower Bound 2 = 310
Avaliação = 1.31296

Tempo de execução: 60.015s

---------------------------

Largura da faixa = 74
Melhor altura = 701

Lower Bound 1 = 540
Lower Bound 2 = 310
Avaliação = 1.29815

Tempo de execução: 60.0069s

---------------------------

Largura da faixa = 74
Melhor altura = 698

Lower Bound 1 = 540
Lower Bound 2 = 310
Avaliação = 1.29259

Tempo de execução: 60.009s

---------------------------

Largura da faixa = 74
Melhor altura = 700

Lower Bound 1 = 540
Lower Bound 2 = 310
Avaliação = 1.2963

Tempo de execução: 60.0068s

---------------------------

Largura da faixa = 74
Melhor altura = 699

Lower Bound 1 = 540
Lower Bound 2 = 310
Avaliação = 1.29444

Tempo de execução: 60.0254s

---------------------------

Largura da faixa = 74
Melhor altura = 703

Lower Bound 1 = 540
Lower Bound 2 = 310
Avaliação = 1.30185

Tempo de execução: 60.0267s

---------------------------

Largura da faixa = 74
Melhor altura = 701

Lower Bound 1 = 540
Lower Bound 2 = 310
Avaliação = 1.29815

Tempo de execução: 60.0037s

---------------------------

Largura da faixa = 74
Melhor altura = 701

Lower Bound 1 = 540
Lower Bound 2 = 310
Avaliação = 1.29815

Tempo de execução: 60.009s

---------------------------

Largura da faixa = 74
Melhor altura = 697

Lower Bound 1 = 540
Lower Bound 2 = 310
Avaliação = 1.29074

Tempo de execução: 60.0435s

---------------------------

Largura da faixa = 74
Melhor altura = 707

Lower Bound 1 = 540
Lower Bound 2 = 310
Avaliação = 1.30926

Tempo de execução: 60.0086s

---------------------------

Largura da faixa = 74
Melhor altura = 697

Lower Bound 1 = 540
Lower Bound 2 = 310
Avaliação = 1.29074

Tempo de execução: 60.0102s

---------------------------

