Largura da faixa = 109
Melhor altura = 400

Lower Bound 1 = 366
Lower Bound 2 = 294
Avaliação = 1.0929

Tempo de execução: 60s

---------------------------

Largura da faixa = 109
Melhor altura = 401

Lower Bound 1 = 366
Lower Bound 2 = 294
Avaliação = 1.09563

Tempo de execução: 60.0004s

---------------------------

Largura da faixa = 109
Melhor altura = 401

Lower Bound 1 = 366
Lower Bound 2 = 294
Avaliação = 1.09563

Tempo de execução: 60.0017s

---------------------------

Largura da faixa = 109
Melhor altura = 404

Lower Bound 1 = 366
Lower Bound 2 = 294
Avaliação = 1.10383

Tempo de execução: 60.0007s

---------------------------

Largura da faixa = 109
Melhor altura = 404

Lower Bound 1 = 366
Lower Bound 2 = 294
Avaliação = 1.10383

Tempo de execução: 60.0003s

---------------------------

Largura da faixa = 109
Melhor altura = 405

Lower Bound 1 = 366
Lower Bound 2 = 294
Avaliação = 1.10656

Tempo de execução: 60.0007s

---------------------------

Largura da faixa = 109
Melhor altura = 400

Lower Bound 1 = 366
Lower Bound 2 = 294
Avaliação = 1.0929

Tempo de execução: 60.0002s

---------------------------

Largura da faixa = 109
Melhor altura = 400

Lower Bound 1 = 366
Lower Bound 2 = 294
Avaliação = 1.0929

Tempo de execução: 60.0009s

---------------------------

Largura da faixa = 109
Melhor altura = 401

Lower Bound 1 = 366
Lower Bound 2 = 294
Avaliação = 1.09563

Tempo de execução: 60.0022s

---------------------------

Largura da faixa = 109
Melhor altura = 401

Lower Bound 1 = 366
Lower Bound 2 = 294
Avaliação = 1.09563

Tempo de execução: 60.0001s

---------------------------

Largura da faixa = 109
Melhor altura = 403

Lower Bound 1 = 366
Lower Bound 2 = 294
Avaliação = 1.10109

Tempo de execução: 60.0002s

---------------------------

Largura da faixa = 109
Melhor altura = 405

Lower Bound 1 = 366
Lower Bound 2 = 294
Avaliação = 1.10656

Tempo de execução: 60.0016s

---------------------------

Largura da faixa = 109
Melhor altura = 402

Lower Bound 1 = 366
Lower Bound 2 = 294
Avaliação = 1.09836

Tempo de execução: 60.0007s

---------------------------

Largura da faixa = 109
Melhor altura = 402

Lower Bound 1 = 366
Lower Bound 2 = 294
Avaliação = 1.09836

Tempo de execução: 60.0004s

---------------------------

Largura da faixa = 109
Melhor altura = 400

Lower Bound 1 = 366
Lower Bound 2 = 294
Avaliação = 1.0929

Tempo de execução: 60.0013s

---------------------------

Largura da faixa = 109
Melhor altura = 400

Lower Bound 1 = 366
Lower Bound 2 = 294
Avaliação = 1.0929

Tempo de execução: 60s

---------------------------

Largura da faixa = 109
Melhor altura = 405

Lower Bound 1 = 366
Lower Bound 2 = 294
Avaliação = 1.10656

Tempo de execução: 60.0004s

---------------------------

Largura da faixa = 109
Melhor altura = 405

Lower Bound 1 = 366
Lower Bound 2 = 294
Avaliação = 1.10656

Tempo de execução: 60.0009s

---------------------------

Largura da faixa = 109
Melhor altura = 402

Lower Bound 1 = 366
Lower Bound 2 = 294
Avaliação = 1.09836

Tempo de execução: 60s

---------------------------

Largura da faixa = 109
Melhor altura = 401

Lower Bound 1 = 366
Lower Bound 2 = 294
Avaliação = 1.09563

Tempo de execução: 60.0006s

---------------------------

