Largura da faixa = 143
Melhor altura = 322

Lower Bound 1 = 279
Lower Bound 2 = 228
Avaliação = 1.15412

Tempo de execução: 60.0004s

---------------------------

Largura da faixa = 143
Melhor altura = 323

Lower Bound 1 = 279
Lower Bound 2 = 228
Avaliação = 1.15771

Tempo de execução: 60.0005s

---------------------------

Largura da faixa = 143
Melhor altura = 319

Lower Bound 1 = 279
Lower Bound 2 = 228
Avaliação = 1.14337

Tempo de execução: 60.0014s

---------------------------

Largura da faixa = 143
Melhor altura = 317

Lower Bound 1 = 279
Lower Bound 2 = 228
Avaliação = 1.1362

Tempo de execução: 60.0001s

---------------------------

Largura da faixa = 143
Melhor altura = 322

Lower Bound 1 = 279
Lower Bound 2 = 228
Avaliação = 1.15412

Tempo de execução: 60.0003s

---------------------------

Largura da faixa = 143
Melhor altura = 324

Lower Bound 1 = 279
Lower Bound 2 = 228
Avaliação = 1.16129

Tempo de execução: 60s

---------------------------

Largura da faixa = 143
Melhor altura = 322

Lower Bound 1 = 279
Lower Bound 2 = 228
Avaliação = 1.15412

Tempo de execução: 60.0001s

---------------------------

Largura da faixa = 143
Melhor altura = 317

Lower Bound 1 = 279
Lower Bound 2 = 228
Avaliação = 1.1362

Tempo de execução: 60.0007s

---------------------------

Largura da faixa = 143
Melhor altura = 319

Lower Bound 1 = 279
Lower Bound 2 = 228
Avaliação = 1.14337

Tempo de execução: 60.0011s

---------------------------

Largura da faixa = 143
Melhor altura = 324

Lower Bound 1 = 279
Lower Bound 2 = 228
Avaliação = 1.16129

Tempo de execução: 60.0001s

---------------------------

Largura da faixa = 143
Melhor altura = 319

Lower Bound 1 = 279
Lower Bound 2 = 228
Avaliação = 1.14337

Tempo de execução: 60s

---------------------------

Largura da faixa = 143
Melhor altura = 323

Lower Bound 1 = 279
Lower Bound 2 = 228
Avaliação = 1.15771

Tempo de execução: 60.0005s

---------------------------

Largura da faixa = 143
Melhor altura = 319

Lower Bound 1 = 279
Lower Bound 2 = 228
Avaliação = 1.14337

Tempo de execução: 60s

---------------------------

Largura da faixa = 143
Melhor altura = 323

Lower Bound 1 = 279
Lower Bound 2 = 228
Avaliação = 1.15771

Tempo de execução: 60.0005s

---------------------------

Largura da faixa = 143
Melhor altura = 323

Lower Bound 1 = 279
Lower Bound 2 = 228
Avaliação = 1.15771

Tempo de execução: 60.0007s

---------------------------

Largura da faixa = 143
Melhor altura = 319

Lower Bound 1 = 279
Lower Bound 2 = 228
Avaliação = 1.14337

Tempo de execução: 60.0007s

---------------------------

Largura da faixa = 143
Melhor altura = 316

Lower Bound 1 = 279
Lower Bound 2 = 228
Avaliação = 1.13262

Tempo de execução: 60.0003s

---------------------------

Largura da faixa = 143
Melhor altura = 324

Lower Bound 1 = 279
Lower Bound 2 = 228
Avaliação = 1.16129

Tempo de execução: 60.0003s

---------------------------

Largura da faixa = 143
Melhor altura = 322

Lower Bound 1 = 279
Lower Bound 2 = 228
Avaliação = 1.15412

Tempo de execução: 60.0003s

---------------------------

Largura da faixa = 143
Melhor altura = 324

Lower Bound 1 = 279
Lower Bound 2 = 228
Avaliação = 1.16129

Tempo de execução: 60.0005s

---------------------------

