Largura da faixa = 115
Melhor altura = 393

Lower Bound 1 = 347
Lower Bound 2 = 244
Avaliação = 1.13256

Tempo de execução: 60.0002s

---------------------------

Largura da faixa = 115
Melhor altura = 397

Lower Bound 1 = 347
Lower Bound 2 = 244
Avaliação = 1.14409

Tempo de execução: 60.0009s

---------------------------

Largura da faixa = 115
Melhor altura = 396

Lower Bound 1 = 347
Lower Bound 2 = 244
Avaliação = 1.14121

Tempo de execução: 60.0014s

---------------------------

Largura da faixa = 115
Melhor altura = 395

Lower Bound 1 = 347
Lower Bound 2 = 244
Avaliação = 1.13833

Tempo de execução: 60.0003s

---------------------------

Largura da faixa = 115
Melhor altura = 403

Lower Bound 1 = 347
Lower Bound 2 = 244
Avaliação = 1.16138

Tempo de execução: 60.0004s

---------------------------

Largura da faixa = 115
Melhor altura = 401

Lower Bound 1 = 347
Lower Bound 2 = 244
Avaliação = 1.15562

Tempo de execução: 60.0014s

---------------------------

Largura da faixa = 115
Melhor altura = 397

Lower Bound 1 = 347
Lower Bound 2 = 244
Avaliação = 1.14409

Tempo de execução: 60s

---------------------------

Largura da faixa = 115
Melhor altura = 402

Lower Bound 1 = 347
Lower Bound 2 = 244
Avaliação = 1.1585

Tempo de execução: 60.0016s

---------------------------

Largura da faixa = 115
Melhor altura = 397

Lower Bound 1 = 347
Lower Bound 2 = 244
Avaliação = 1.14409

Tempo de execução: 60.0012s

---------------------------

Largura da faixa = 115
Melhor altura = 398

Lower Bound 1 = 347
Lower Bound 2 = 244
Avaliação = 1.14697

Tempo de execução: 60.0004s

---------------------------

Largura da faixa = 115
Melhor altura = 393

Lower Bound 1 = 347
Lower Bound 2 = 244
Avaliação = 1.13256

Tempo de execução: 60.0009s

---------------------------

Largura da faixa = 115
Melhor altura = 398

Lower Bound 1 = 347
Lower Bound 2 = 244
Avaliação = 1.14697

Tempo de execução: 60.0015s

---------------------------

Largura da faixa = 115
Melhor altura = 397

Lower Bound 1 = 347
Lower Bound 2 = 244
Avaliação = 1.14409

Tempo de execução: 60.0001s

---------------------------

Largura da faixa = 115
Melhor altura = 398

Lower Bound 1 = 347
Lower Bound 2 = 244
Avaliação = 1.14697

Tempo de execução: 60.001s

---------------------------

Largura da faixa = 115
Melhor altura = 395

Lower Bound 1 = 347
Lower Bound 2 = 244
Avaliação = 1.13833

Tempo de execução: 60.0022s

---------------------------

Largura da faixa = 115
Melhor altura = 394

Lower Bound 1 = 347
Lower Bound 2 = 244
Avaliação = 1.13545

Tempo de execução: 60.0008s

---------------------------

Largura da faixa = 115
Melhor altura = 405

Lower Bound 1 = 347
Lower Bound 2 = 244
Avaliação = 1.16715

Tempo de execução: 60.0024s

---------------------------

Largura da faixa = 115
Melhor altura = 397

Lower Bound 1 = 347
Lower Bound 2 = 244
Avaliação = 1.14409

Tempo de execução: 60.0036s

---------------------------

Largura da faixa = 115
Melhor altura = 397

Lower Bound 1 = 347
Lower Bound 2 = 244
Avaliação = 1.14409

Tempo de execução: 60.0013s

---------------------------

Largura da faixa = 115
Melhor altura = 392

Lower Bound 1 = 347
Lower Bound 2 = 244
Avaliação = 1.12968

Tempo de execução: 60.0018s

---------------------------

