Largura da faixa = 117
Melhor altura = 420

Lower Bound 1 = 341
Lower Bound 2 = 179
Avaliação = 1.23167

Tempo de execução: 60.0024s

---------------------------

Largura da faixa = 117
Melhor altura = 405

Lower Bound 1 = 341
Lower Bound 2 = 179
Avaliação = 1.18768

Tempo de execução: 60.0073s

---------------------------

Largura da faixa = 117
Melhor altura = 412

Lower Bound 1 = 341
Lower Bound 2 = 179
Avaliação = 1.20821

Tempo de execução: 60.0124s

---------------------------

Largura da faixa = 117
Melhor altura = 404

Lower Bound 1 = 341
Lower Bound 2 = 179
Avaliação = 1.18475

Tempo de execução: 60.0005s

---------------------------

Largura da faixa = 117
Melhor altura = 417

Lower Bound 1 = 341
Lower Bound 2 = 179
Avaliação = 1.22287

Tempo de execução: 60.0045s

---------------------------

Largura da faixa = 117
Melhor altura = 413

Lower Bound 1 = 341
Lower Bound 2 = 179
Avaliação = 1.21114

Tempo de execução: 60.0082s

---------------------------

Largura da faixa = 117
Melhor altura = 409

Lower Bound 1 = 341
Lower Bound 2 = 179
Avaliação = 1.19941

Tempo de execução: 60.0011s

---------------------------

Largura da faixa = 117
Melhor altura = 415

Lower Bound 1 = 341
Lower Bound 2 = 179
Avaliação = 1.21701

Tempo de execução: 60.0037s

---------------------------

Largura da faixa = 117
Melhor altura = 425

Lower Bound 1 = 341
Lower Bound 2 = 179
Avaliação = 1.24633

Tempo de execução: 60.0165s

---------------------------

Largura da faixa = 117
Melhor altura = 412

Lower Bound 1 = 341
Lower Bound 2 = 179
Avaliação = 1.20821

Tempo de execução: 60.0001s

---------------------------

Largura da faixa = 117
Melhor altura = 412

Lower Bound 1 = 341
Lower Bound 2 = 179
Avaliação = 1.20821

Tempo de execução: 60.0052s

---------------------------

Largura da faixa = 117
Melhor altura = 411

Lower Bound 1 = 341
Lower Bound 2 = 179
Avaliação = 1.20528

Tempo de execução: 60.0051s

---------------------------

Largura da faixa = 117
Melhor altura = 421

Lower Bound 1 = 341
Lower Bound 2 = 179
Avaliação = 1.2346

Tempo de execução: 60s

---------------------------

Largura da faixa = 117
Melhor altura = 413

Lower Bound 1 = 341
Lower Bound 2 = 179
Avaliação = 1.21114

Tempo de execução: 60.0027s

---------------------------

Largura da faixa = 117
Melhor altura = 421

Lower Bound 1 = 341
Lower Bound 2 = 179
Avaliação = 1.2346

Tempo de execução: 60.0011s

---------------------------

Largura da faixa = 117
Melhor altura = 415

Lower Bound 1 = 341
Lower Bound 2 = 179
Avaliação = 1.21701

Tempo de execução: 60.003s

---------------------------

Largura da faixa = 117
Melhor altura = 413

Lower Bound 1 = 341
Lower Bound 2 = 179
Avaliação = 1.21114

Tempo de execução: 60.0024s

---------------------------

Largura da faixa = 117
Melhor altura = 415

Lower Bound 1 = 341
Lower Bound 2 = 179
Avaliação = 1.21701

Tempo de execução: 60.003s

---------------------------

Largura da faixa = 117
Melhor altura = 399

Lower Bound 1 = 341
Lower Bound 2 = 179
Avaliação = 1.17009

Tempo de execução: 60.005s

---------------------------

Largura da faixa = 117
Melhor altura = 405

Lower Bound 1 = 341
Lower Bound 2 = 179
Avaliação = 1.18768

Tempo de execução: 60.0187s

---------------------------

