Largura da faixa = 167
Melhor altura = 313

Lower Bound 1 = 239
Lower Bound 2 = 255
Avaliação = 1.22745

Tempo de execução: 60s

---------------------------

Largura da faixa = 167
Melhor altura = 313

Lower Bound 1 = 239
Lower Bound 2 = 255
Avaliação = 1.22745

Tempo de execução: 60.0001s

---------------------------

Largura da faixa = 167
Melhor altura = 313

Lower Bound 1 = 239
Lower Bound 2 = 255
Avaliação = 1.22745

Tempo de execução: 60.0001s

---------------------------

Largura da faixa = 167
Melhor altura = 313

Lower Bound 1 = 239
Lower Bound 2 = 255
Avaliação = 1.22745

Tempo de execução: 60s

---------------------------

Largura da faixa = 167
Melhor altura = 313

Lower Bound 1 = 239
Lower Bound 2 = 255
Avaliação = 1.22745

Tempo de execução: 60.0001s

---------------------------

Largura da faixa = 167
Melhor altura = 313

Lower Bound 1 = 239
Lower Bound 2 = 255
Avaliação = 1.22745

Tempo de execução: 60.0001s

---------------------------

Largura da faixa = 167
Melhor altura = 313

Lower Bound 1 = 239
Lower Bound 2 = 255
Avaliação = 1.22745

Tempo de execução: 60s

---------------------------

Largura da faixa = 167
Melhor altura = 313

Lower Bound 1 = 239
Lower Bound 2 = 255
Avaliação = 1.22745

Tempo de execução: 60.0002s

---------------------------

Largura da faixa = 167
Melhor altura = 313

Lower Bound 1 = 239
Lower Bound 2 = 255
Avaliação = 1.22745

Tempo de execução: 60s

---------------------------

Largura da faixa = 167
Melhor altura = 313

Lower Bound 1 = 239
Lower Bound 2 = 255
Avaliação = 1.22745

Tempo de execução: 60.0002s

---------------------------

Largura da faixa = 167
Melhor altura = 313

Lower Bound 1 = 239
Lower Bound 2 = 255
Avaliação = 1.22745

Tempo de execução: 60s

---------------------------

Largura da faixa = 167
Melhor altura = 313

Lower Bound 1 = 239
Lower Bound 2 = 255
Avaliação = 1.22745

Tempo de execução: 60.0002s

---------------------------

Largura da faixa = 167
Melhor altura = 313

Lower Bound 1 = 239
Lower Bound 2 = 255
Avaliação = 1.22745

Tempo de execução: 60.0001s

---------------------------

Largura da faixa = 167
Melhor altura = 313

Lower Bound 1 = 239
Lower Bound 2 = 255
Avaliação = 1.22745

Tempo de execução: 60s

---------------------------

Largura da faixa = 167
Melhor altura = 313

Lower Bound 1 = 239
Lower Bound 2 = 255
Avaliação = 1.22745

Tempo de execução: 60.0001s

---------------------------

Largura da faixa = 167
Melhor altura = 313

Lower Bound 1 = 239
Lower Bound 2 = 255
Avaliação = 1.22745

Tempo de execução: 60.0001s

---------------------------

Largura da faixa = 167
Melhor altura = 313

Lower Bound 1 = 239
Lower Bound 2 = 255
Avaliação = 1.22745

Tempo de execução: 60.0002s

---------------------------

Largura da faixa = 167
Melhor altura = 313

Lower Bound 1 = 239
Lower Bound 2 = 255
Avaliação = 1.22745

Tempo de execução: 60.0001s

---------------------------

Largura da faixa = 167
Melhor altura = 313

Lower Bound 1 = 239
Lower Bound 2 = 255
Avaliação = 1.22745

Tempo de execução: 60s

---------------------------

Largura da faixa = 167
Melhor altura = 313

Lower Bound 1 = 239
Lower Bound 2 = 255
Avaliação = 1.22745

Tempo de execução: 60.0002s

---------------------------

