Largura da faixa = 146
Melhor altura = 296

Lower Bound 1 = 273
Lower Bound 2 = 199
Avaliação = 1.08425

Tempo de execução: 60s

---------------------------

Largura da faixa = 146
Melhor altura = 294

Lower Bound 1 = 273
Lower Bound 2 = 199
Avaliação = 1.07692

Tempo de execução: 60.0001s

---------------------------

Largura da faixa = 146
Melhor altura = 295

Lower Bound 1 = 273
Lower Bound 2 = 199
Avaliação = 1.08059

Tempo de execução: 60s

---------------------------

Largura da faixa = 146
Melhor altura = 295

Lower Bound 1 = 273
Lower Bound 2 = 199
Avaliação = 1.08059

Tempo de execução: 60s

---------------------------

Largura da faixa = 146
Melhor altura = 296

Lower Bound 1 = 273
Lower Bound 2 = 199
Avaliação = 1.08425

Tempo de execução: 60.0001s

---------------------------

Largura da faixa = 146
Melhor altura = 292

Lower Bound 1 = 273
Lower Bound 2 = 199
Avaliação = 1.0696

Tempo de execução: 60s

---------------------------

Largura da faixa = 146
Melhor altura = 295

Lower Bound 1 = 273
Lower Bound 2 = 199
Avaliação = 1.08059

Tempo de execução: 60.0001s

---------------------------

Largura da faixa = 146
Melhor altura = 293

Lower Bound 1 = 273
Lower Bound 2 = 199
Avaliação = 1.07326

Tempo de execução: 60.0003s

---------------------------

Largura da faixa = 146
Melhor altura = 293

Lower Bound 1 = 273
Lower Bound 2 = 199
Avaliação = 1.07326

Tempo de execução: 60.0004s

---------------------------

Largura da faixa = 146
Melhor altura = 294

Lower Bound 1 = 273
Lower Bound 2 = 199
Avaliação = 1.07692

Tempo de execução: 60.0001s

---------------------------

Largura da faixa = 146
Melhor altura = 294

Lower Bound 1 = 273
Lower Bound 2 = 199
Avaliação = 1.07692

Tempo de execução: 60.0001s

---------------------------

Largura da faixa = 146
Melhor altura = 293

Lower Bound 1 = 273
Lower Bound 2 = 199
Avaliação = 1.07326

Tempo de execução: 60.0003s

---------------------------

Largura da faixa = 146
Melhor altura = 293

Lower Bound 1 = 273
Lower Bound 2 = 199
Avaliação = 1.07326

Tempo de execução: 60.0002s

---------------------------

Largura da faixa = 146
Melhor altura = 294

Lower Bound 1 = 273
Lower Bound 2 = 199
Avaliação = 1.07692

Tempo de execução: 60.0003s

---------------------------

Largura da faixa = 146
Melhor altura = 292

Lower Bound 1 = 273
Lower Bound 2 = 199
Avaliação = 1.0696

Tempo de execução: 60.0005s

---------------------------

Largura da faixa = 146
Melhor altura = 295

Lower Bound 1 = 273
Lower Bound 2 = 199
Avaliação = 1.08059

Tempo de execução: 60.0001s

---------------------------

Largura da faixa = 146
Melhor altura = 290

Lower Bound 1 = 273
Lower Bound 2 = 199
Avaliação = 1.06227

Tempo de execução: 60.0002s

---------------------------

Largura da faixa = 146
Melhor altura = 295

Lower Bound 1 = 273
Lower Bound 2 = 199
Avaliação = 1.08059

Tempo de execução: 60.0003s

---------------------------

Largura da faixa = 146
Melhor altura = 300

Lower Bound 1 = 273
Lower Bound 2 = 199
Avaliação = 1.0989

Tempo de execução: 60.0001s

---------------------------

Largura da faixa = 146
Melhor altura = 293

Lower Bound 1 = 273
Lower Bound 2 = 199
Avaliação = 1.07326

Tempo de execução: 60s

---------------------------

