Largura da faixa = 120
Melhor altura = 392

Lower Bound 1 = 333
Lower Bound 2 = 316
Avaliação = 1.17718

Tempo de execução: 60.0002s

---------------------------

Largura da faixa = 120
Melhor altura = 392

Lower Bound 1 = 333
Lower Bound 2 = 316
Avaliação = 1.17718

Tempo de execução: 60.0001s

---------------------------

Largura da faixa = 120
Melhor altura = 388

Lower Bound 1 = 333
Lower Bound 2 = 316
Avaliação = 1.16517

Tempo de execução: 60.0001s

---------------------------

Largura da faixa = 120
Melhor altura = 388

Lower Bound 1 = 333
Lower Bound 2 = 316
Avaliação = 1.16517

Tempo de execução: 60s

---------------------------

Largura da faixa = 120
Melhor altura = 394

Lower Bound 1 = 333
Lower Bound 2 = 316
Avaliação = 1.18318

Tempo de execução: 60.0001s

---------------------------

Largura da faixa = 120
Melhor altura = 388

Lower Bound 1 = 333
Lower Bound 2 = 316
Avaliação = 1.16517

Tempo de execução: 60.0004s

---------------------------

Largura da faixa = 120
Melhor altura = 391

Lower Bound 1 = 333
Lower Bound 2 = 316
Avaliação = 1.17417

Tempo de execução: 60s

---------------------------

Largura da faixa = 120
Melhor altura = 392

Lower Bound 1 = 333
Lower Bound 2 = 316
Avaliação = 1.17718

Tempo de execução: 60.0002s

---------------------------

Largura da faixa = 120
Melhor altura = 392

Lower Bound 1 = 333
Lower Bound 2 = 316
Avaliação = 1.17718

Tempo de execução: 60.0001s

---------------------------

Largura da faixa = 120
Melhor altura = 390

Lower Bound 1 = 333
Lower Bound 2 = 316
Avaliação = 1.17117

Tempo de execução: 60s

---------------------------

Largura da faixa = 120
Melhor altura = 390

Lower Bound 1 = 333
Lower Bound 2 = 316
Avaliação = 1.17117

Tempo de execução: 60s

---------------------------

Largura da faixa = 120
Melhor altura = 390

Lower Bound 1 = 333
Lower Bound 2 = 316
Avaliação = 1.17117

Tempo de execução: 60.0004s

---------------------------

Largura da faixa = 120
Melhor altura = 391

Lower Bound 1 = 333
Lower Bound 2 = 316
Avaliação = 1.17417

Tempo de execução: 60s

---------------------------

Largura da faixa = 120
Melhor altura = 390

Lower Bound 1 = 333
Lower Bound 2 = 316
Avaliação = 1.17117

Tempo de execução: 60.0006s

---------------------------

Largura da faixa = 120
Melhor altura = 392

Lower Bound 1 = 333
Lower Bound 2 = 316
Avaliação = 1.17718

Tempo de execução: 60.0008s

---------------------------

Largura da faixa = 120
Melhor altura = 387

Lower Bound 1 = 333
Lower Bound 2 = 316
Avaliação = 1.16216

Tempo de execução: 60.0001s

---------------------------

Largura da faixa = 120
Melhor altura = 392

Lower Bound 1 = 333
Lower Bound 2 = 316
Avaliação = 1.17718

Tempo de execução: 60.0006s

---------------------------

Largura da faixa = 120
Melhor altura = 387

Lower Bound 1 = 333
Lower Bound 2 = 316
Avaliação = 1.16216

Tempo de execução: 60.0005s

---------------------------

Largura da faixa = 120
Melhor altura = 392

Lower Bound 1 = 333
Lower Bound 2 = 316
Avaliação = 1.17718

Tempo de execução: 60.0006s

---------------------------

Largura da faixa = 120
Melhor altura = 393

Lower Bound 1 = 333
Lower Bound 2 = 316
Avaliação = 1.18018

Tempo de execução: 60.0007s

---------------------------

