Largura da faixa = 115
Melhor altura = 402

Lower Bound 1 = 347
Lower Bound 2 = 210
Avaliação = 1.1585

Tempo de execução: 60.0004s

---------------------------

Largura da faixa = 115
Melhor altura = 403

Lower Bound 1 = 347
Lower Bound 2 = 210
Avaliação = 1.16138

Tempo de execução: 60.0009s

---------------------------

Largura da faixa = 115
Melhor altura = 400

Lower Bound 1 = 347
Lower Bound 2 = 210
Avaliação = 1.15274

Tempo de execução: 60.0017s

---------------------------

Largura da faixa = 115
Melhor altura = 401

Lower Bound 1 = 347
Lower Bound 2 = 210
Avaliação = 1.15562

Tempo de execução: 60.0004s

---------------------------

Largura da faixa = 115
Melhor altura = 400

Lower Bound 1 = 347
Lower Bound 2 = 210
Avaliação = 1.15274

Tempo de execução: 60.0011s

---------------------------

Largura da faixa = 115
Melhor altura = 394

Lower Bound 1 = 347
Lower Bound 2 = 210
Avaliação = 1.13545

Tempo de execução: 60.0015s

---------------------------

Largura da faixa = 115
Melhor altura = 399

Lower Bound 1 = 347
Lower Bound 2 = 210
Avaliação = 1.14986

Tempo de execução: 60.0001s

---------------------------

Largura da faixa = 115
Melhor altura = 409

Lower Bound 1 = 347
Lower Bound 2 = 210
Avaliação = 1.17867

Tempo de execução: 60.0002s

---------------------------

Largura da faixa = 115
Melhor altura = 407

Lower Bound 1 = 347
Lower Bound 2 = 210
Avaliação = 1.17291

Tempo de execução: 60.0001s

---------------------------

Largura da faixa = 115
Melhor altura = 413

Lower Bound 1 = 347
Lower Bound 2 = 210
Avaliação = 1.1902

Tempo de execução: 60.0001s

---------------------------

Largura da faixa = 115
Melhor altura = 396

Lower Bound 1 = 347
Lower Bound 2 = 210
Avaliação = 1.14121

Tempo de execução: 60.0006s

---------------------------

Largura da faixa = 115
Melhor altura = 402

Lower Bound 1 = 347
Lower Bound 2 = 210
Avaliação = 1.1585

Tempo de execução: 60.0022s

---------------------------

Largura da faixa = 115
Melhor altura = 406

Lower Bound 1 = 347
Lower Bound 2 = 210
Avaliação = 1.17003

Tempo de execução: 60.001s

---------------------------

Largura da faixa = 115
Melhor altura = 405

Lower Bound 1 = 347
Lower Bound 2 = 210
Avaliação = 1.16715

Tempo de execução: 60.0014s

---------------------------

Largura da faixa = 115
Melhor altura = 390

Lower Bound 1 = 347
Lower Bound 2 = 210
Avaliação = 1.12392

Tempo de execução: 60s

---------------------------

Largura da faixa = 115
Melhor altura = 406

Lower Bound 1 = 347
Lower Bound 2 = 210
Avaliação = 1.17003

Tempo de execução: 60.0004s

---------------------------

Largura da faixa = 115
Melhor altura = 400

Lower Bound 1 = 347
Lower Bound 2 = 210
Avaliação = 1.15274

Tempo de execução: 60.0012s

---------------------------

Largura da faixa = 115
Melhor altura = 406

Lower Bound 1 = 347
Lower Bound 2 = 210
Avaliação = 1.17003

Tempo de execução: 60.0028s

---------------------------

Largura da faixa = 115
Melhor altura = 406

Lower Bound 1 = 347
Lower Bound 2 = 210
Avaliação = 1.17003

Tempo de execução: 60.0003s

---------------------------

Largura da faixa = 115
Melhor altura = 407

Lower Bound 1 = 347
Lower Bound 2 = 210
Avaliação = 1.17291

Tempo de execução: 60.0008s

---------------------------

