Largura da faixa = 121
Melhor altura = 372

Lower Bound 1 = 330
Lower Bound 2 = 288
Avaliação = 1.12727

Tempo de execução: 60s

---------------------------

Largura da faixa = 121
Melhor altura = 372

Lower Bound 1 = 330
Lower Bound 2 = 288
Avaliação = 1.12727

Tempo de execução: 60s

---------------------------

Largura da faixa = 121
Melhor altura = 372

Lower Bound 1 = 330
Lower Bound 2 = 288
Avaliação = 1.12727

Tempo de execução: 60.0001s

---------------------------

Largura da faixa = 121
Melhor altura = 372

Lower Bound 1 = 330
Lower Bound 2 = 288
Avaliação = 1.12727

Tempo de execução: 60s

---------------------------

Largura da faixa = 121
Melhor altura = 372

Lower Bound 1 = 330
Lower Bound 2 = 288
Avaliação = 1.12727

Tempo de execução: 60.0001s

---------------------------

Largura da faixa = 121
Melhor altura = 369

Lower Bound 1 = 330
Lower Bound 2 = 288
Avaliação = 1.11818

Tempo de execução: 60s

---------------------------

Largura da faixa = 121
Melhor altura = 369

Lower Bound 1 = 330
Lower Bound 2 = 288
Avaliação = 1.11818

Tempo de execução: 60.0001s

---------------------------

Largura da faixa = 121
Melhor altura = 369

Lower Bound 1 = 330
Lower Bound 2 = 288
Avaliação = 1.11818

Tempo de execução: 60.0001s

---------------------------

Largura da faixa = 121
Melhor altura = 372

Lower Bound 1 = 330
Lower Bound 2 = 288
Avaliação = 1.12727

Tempo de execução: 60s

---------------------------

Largura da faixa = 121
Melhor altura = 369

Lower Bound 1 = 330
Lower Bound 2 = 288
Avaliação = 1.11818

Tempo de execução: 60s

---------------------------

Largura da faixa = 121
Melhor altura = 369

Lower Bound 1 = 330
Lower Bound 2 = 288
Avaliação = 1.11818

Tempo de execução: 60s

---------------------------

Largura da faixa = 121
Melhor altura = 369

Lower Bound 1 = 330
Lower Bound 2 = 288
Avaliação = 1.11818

Tempo de execução: 60.0001s

---------------------------

Largura da faixa = 121
Melhor altura = 369

Lower Bound 1 = 330
Lower Bound 2 = 288
Avaliação = 1.11818

Tempo de execução: 60s

---------------------------

Largura da faixa = 121
Melhor altura = 369

Lower Bound 1 = 330
Lower Bound 2 = 288
Avaliação = 1.11818

Tempo de execução: 60.0001s

---------------------------

Largura da faixa = 121
Melhor altura = 372

Lower Bound 1 = 330
Lower Bound 2 = 288
Avaliação = 1.12727

Tempo de execução: 60s

---------------------------

Largura da faixa = 121
Melhor altura = 372

Lower Bound 1 = 330
Lower Bound 2 = 288
Avaliação = 1.12727

Tempo de execução: 60s

---------------------------

Largura da faixa = 121
Melhor altura = 372

Lower Bound 1 = 330
Lower Bound 2 = 288
Avaliação = 1.12727

Tempo de execução: 60s

---------------------------

Largura da faixa = 121
Melhor altura = 372

Lower Bound 1 = 330
Lower Bound 2 = 288
Avaliação = 1.12727

Tempo de execução: 60s

---------------------------

Largura da faixa = 121
Melhor altura = 372

Lower Bound 1 = 330
Lower Bound 2 = 288
Avaliação = 1.12727

Tempo de execução: 60s

---------------------------

Largura da faixa = 121
Melhor altura = 372

Lower Bound 1 = 330
Lower Bound 2 = 288
Avaliação = 1.12727

Tempo de execução: 60s

---------------------------

