Largura da faixa = 94
Melhor altura = 506

Lower Bound 1 = 425
Lower Bound 2 = 133
Avaliação = 1.19059

Tempo de execução: 60.0053s

---------------------------

Largura da faixa = 94
Melhor altura = 499

Lower Bound 1 = 425
Lower Bound 2 = 133
Avaliação = 1.17412

Tempo de execução: 60.018s

---------------------------

Largura da faixa = 94
Melhor altura = 502

Lower Bound 1 = 425
Lower Bound 2 = 133
Avaliação = 1.18118

Tempo de execução: 60.0234s

---------------------------

Largura da faixa = 94
Melhor altura = 501

Lower Bound 1 = 425
Lower Bound 2 = 133
Avaliação = 1.17882

Tempo de execução: 60.0135s

---------------------------

Largura da faixa = 94
Melhor altura = 504

Lower Bound 1 = 425
Lower Bound 2 = 133
Avaliação = 1.18588

Tempo de execução: 60.0482s

---------------------------

Largura da faixa = 94
Melhor altura = 496

Lower Bound 1 = 425
Lower Bound 2 = 133
Avaliação = 1.16706

Tempo de execução: 60.037s

---------------------------

Largura da faixa = 94
Melhor altura = 505

Lower Bound 1 = 425
Lower Bound 2 = 133
Avaliação = 1.18824

Tempo de execução: 60.0136s

---------------------------

Largura da faixa = 94
Melhor altura = 496

Lower Bound 1 = 425
Lower Bound 2 = 133
Avaliação = 1.16706

Tempo de execução: 60.0849s

---------------------------

Largura da faixa = 94
Melhor altura = 501

Lower Bound 1 = 425
Lower Bound 2 = 133
Avaliação = 1.17882

Tempo de execução: 60.0756s

---------------------------

Largura da faixa = 94
Melhor altura = 505

Lower Bound 1 = 425
Lower Bound 2 = 133
Avaliação = 1.18824

Tempo de execução: 60.0004s

---------------------------

Largura da faixa = 94
Melhor altura = 503

Lower Bound 1 = 425
Lower Bound 2 = 133
Avaliação = 1.18353

Tempo de execução: 60.0001s

---------------------------

Largura da faixa = 94
Melhor altura = 500

Lower Bound 1 = 425
Lower Bound 2 = 133
Avaliação = 1.17647

Tempo de execução: 60.008s

---------------------------

Largura da faixa = 94
Melhor altura = 506

Lower Bound 1 = 425
Lower Bound 2 = 133
Avaliação = 1.19059

Tempo de execução: 60.0363s

---------------------------

Largura da faixa = 94
Melhor altura = 499

Lower Bound 1 = 425
Lower Bound 2 = 133
Avaliação = 1.17412

Tempo de execução: 60.0206s

---------------------------

Largura da faixa = 94
Melhor altura = 504

Lower Bound 1 = 425
Lower Bound 2 = 133
Avaliação = 1.18588

Tempo de execução: 60.0729s

---------------------------

Largura da faixa = 94
Melhor altura = 503

Lower Bound 1 = 425
Lower Bound 2 = 133
Avaliação = 1.18353

Tempo de execução: 60.0364s

---------------------------

Largura da faixa = 94
Melhor altura = 499

Lower Bound 1 = 425
Lower Bound 2 = 133
Avaliação = 1.17412

Tempo de execução: 60.0303s

---------------------------

Largura da faixa = 94
Melhor altura = 505

Lower Bound 1 = 425
Lower Bound 2 = 133
Avaliação = 1.18824

Tempo de execução: 60.0621s

---------------------------

Largura da faixa = 94
Melhor altura = 501

Lower Bound 1 = 425
Lower Bound 2 = 133
Avaliação = 1.17882

Tempo de execução: 60.0218s

---------------------------

Largura da faixa = 94
Melhor altura = 505

Lower Bound 1 = 425
Lower Bound 2 = 133
Avaliação = 1.18824

Tempo de execução: 60.0218s

---------------------------

