Largura da faixa = 97
Melhor altura = 501

Lower Bound 1 = 412
Lower Bound 2 = 303
Avaliação = 1.21602

Tempo de execução: 60s

---------------------------

Largura da faixa = 97
Melhor altura = 500

Lower Bound 1 = 412
Lower Bound 2 = 303
Avaliação = 1.21359

Tempo de execução: 60.0002s

---------------------------

Largura da faixa = 97
Melhor altura = 498

Lower Bound 1 = 412
Lower Bound 2 = 303
Avaliação = 1.20874

Tempo de execução: 60.0004s

---------------------------

Largura da faixa = 97
Melhor altura = 506

Lower Bound 1 = 412
Lower Bound 2 = 303
Avaliação = 1.22816

Tempo de execução: 60.0011s

---------------------------

Largura da faixa = 97
Melhor altura = 506

Lower Bound 1 = 412
Lower Bound 2 = 303
Avaliação = 1.22816

Tempo de execução: 60.0017s

---------------------------

Largura da faixa = 97
Melhor altura = 510

Lower Bound 1 = 412
Lower Bound 2 = 303
Avaliação = 1.23786

Tempo de execução: 60.004s

---------------------------

Largura da faixa = 97
Melhor altura = 497

Lower Bound 1 = 412
Lower Bound 2 = 303
Avaliação = 1.20631

Tempo de execução: 60.0003s

---------------------------

Largura da faixa = 97
Melhor altura = 497

Lower Bound 1 = 412
Lower Bound 2 = 303
Avaliação = 1.20631

Tempo de execução: 60.0029s

---------------------------

Largura da faixa = 97
Melhor altura = 499

Lower Bound 1 = 412
Lower Bound 2 = 303
Avaliação = 1.21117

Tempo de execução: 60s

---------------------------

Largura da faixa = 97
Melhor altura = 501

Lower Bound 1 = 412
Lower Bound 2 = 303
Avaliação = 1.21602

Tempo de execução: 60.0009s

---------------------------

Largura da faixa = 97
Melhor altura = 508

Lower Bound 1 = 412
Lower Bound 2 = 303
Avaliação = 1.23301

Tempo de execução: 60.0027s

---------------------------

Largura da faixa = 97
Melhor altura = 501

Lower Bound 1 = 412
Lower Bound 2 = 303
Avaliação = 1.21602

Tempo de execução: 60.0081s

---------------------------

Largura da faixa = 97
Melhor altura = 502

Lower Bound 1 = 412
Lower Bound 2 = 303
Avaliação = 1.21845

Tempo de execução: 60.0007s

---------------------------

Largura da faixa = 97
Melhor altura = 503

Lower Bound 1 = 412
Lower Bound 2 = 303
Avaliação = 1.22087

Tempo de execução: 60.0031s

---------------------------

Largura da faixa = 97
Melhor altura = 501

Lower Bound 1 = 412
Lower Bound 2 = 303
Avaliação = 1.21602

Tempo de execução: 60.0002s

---------------------------

Largura da faixa = 97
Melhor altura = 511

Lower Bound 1 = 412
Lower Bound 2 = 303
Avaliação = 1.24029

Tempo de execução: 60.0007s

---------------------------

Largura da faixa = 97
Melhor altura = 507

Lower Bound 1 = 412
Lower Bound 2 = 303
Avaliação = 1.23058

Tempo de execução: 60.0019s

---------------------------

Largura da faixa = 97
Melhor altura = 502

Lower Bound 1 = 412
Lower Bound 2 = 303
Avaliação = 1.21845

Tempo de execução: 60.0002s

---------------------------

Largura da faixa = 97
Melhor altura = 508

Lower Bound 1 = 412
Lower Bound 2 = 303
Avaliação = 1.23301

Tempo de execução: 60.0017s

---------------------------

Largura da faixa = 97
Melhor altura = 500

Lower Bound 1 = 412
Lower Bound 2 = 303
Avaliação = 1.21359

Tempo de execução: 60.0078s

---------------------------

