Largura da faixa = 123
Melhor altura = 397

Lower Bound 1 = 325
Lower Bound 2 = 193
Avaliação = 1.22154

Tempo de execução: 60.0003s

---------------------------

Largura da faixa = 123
Melhor altura = 393

Lower Bound 1 = 325
Lower Bound 2 = 193
Avaliação = 1.20923

Tempo de execução: 60.008s

---------------------------

Largura da faixa = 123
Melhor altura = 394

Lower Bound 1 = 325
Lower Bound 2 = 193
Avaliação = 1.21231

Tempo de execução: 60.0018s

---------------------------

Largura da faixa = 123
Melhor altura = 385

Lower Bound 1 = 325
Lower Bound 2 = 193
Avaliação = 1.18462

Tempo de execução: 60.0018s

---------------------------

Largura da faixa = 123
Melhor altura = 390

Lower Bound 1 = 325
Lower Bound 2 = 193
Avaliação = 1.2

Tempo de execução: 60.0034s

---------------------------

Largura da faixa = 123
Melhor altura = 401

Lower Bound 1 = 325
Lower Bound 2 = 193
Avaliação = 1.23385

Tempo de execução: 60.0019s

---------------------------

Largura da faixa = 123
Melhor altura = 392

Lower Bound 1 = 325
Lower Bound 2 = 193
Avaliação = 1.20615

Tempo de execução: 60.0002s

---------------------------

Largura da faixa = 123
Melhor altura = 392

Lower Bound 1 = 325
Lower Bound 2 = 193
Avaliação = 1.20615

Tempo de execução: 60.0005s

---------------------------

Largura da faixa = 123
Melhor altura = 386

Lower Bound 1 = 325
Lower Bound 2 = 193
Avaliação = 1.18769

Tempo de execução: 60.0046s

---------------------------

Largura da faixa = 123
Melhor altura = 380

Lower Bound 1 = 325
Lower Bound 2 = 193
Avaliação = 1.16923

Tempo de execução: 60.0021s

---------------------------

Largura da faixa = 123
Melhor altura = 393

Lower Bound 1 = 325
Lower Bound 2 = 193
Avaliação = 1.20923

Tempo de execução: 60.0055s

---------------------------

Largura da faixa = 123
Melhor altura = 393

Lower Bound 1 = 325
Lower Bound 2 = 193
Avaliação = 1.20923

Tempo de execução: 60.003s

---------------------------

Largura da faixa = 123
Melhor altura = 388

Lower Bound 1 = 325
Lower Bound 2 = 193
Avaliação = 1.19385

Tempo de execução: 60.0003s

---------------------------

Largura da faixa = 123
Melhor altura = 393

Lower Bound 1 = 325
Lower Bound 2 = 193
Avaliação = 1.20923

Tempo de execução: 60.0012s

---------------------------

Largura da faixa = 123
Melhor altura = 385

Lower Bound 1 = 325
Lower Bound 2 = 193
Avaliação = 1.18462

Tempo de execução: 60.0004s

---------------------------

Largura da faixa = 123
Melhor altura = 392

Lower Bound 1 = 325
Lower Bound 2 = 193
Avaliação = 1.20615

Tempo de execução: 60.0006s

---------------------------

Largura da faixa = 123
Melhor altura = 398

Lower Bound 1 = 325
Lower Bound 2 = 193
Avaliação = 1.22462

Tempo de execução: 60.0004s

---------------------------

Largura da faixa = 123
Melhor altura = 384

Lower Bound 1 = 325
Lower Bound 2 = 193
Avaliação = 1.18154

Tempo de execução: 60.011s

---------------------------

Largura da faixa = 123
Melhor altura = 397

Lower Bound 1 = 325
Lower Bound 2 = 193
Avaliação = 1.22154

Tempo de execução: 60.0035s

---------------------------

Largura da faixa = 123
Melhor altura = 391

Lower Bound 1 = 325
Lower Bound 2 = 193
Avaliação = 1.20308

Tempo de execução: 60.0047s

---------------------------

