Largura da faixa = 93
Melhor altura = 492

Lower Bound 1 = 430
Lower Bound 2 = 278
Avaliação = 1.14419

Tempo de execução: 60.0003s

---------------------------

Largura da faixa = 93
Melhor altura = 485

Lower Bound 1 = 430
Lower Bound 2 = 278
Avaliação = 1.12791

Tempo de execução: 60.0009s

---------------------------

Largura da faixa = 93
Melhor altura = 500

Lower Bound 1 = 430
Lower Bound 2 = 278
Avaliação = 1.16279

Tempo de execução: 60.0008s

---------------------------

Largura da faixa = 93
Melhor altura = 476

Lower Bound 1 = 430
Lower Bound 2 = 278
Avaliação = 1.10698

Tempo de execução: 60.0001s

---------------------------

Largura da faixa = 93
Melhor altura = 488

Lower Bound 1 = 430
Lower Bound 2 = 278
Avaliação = 1.13488

Tempo de execução: 60.0007s

---------------------------

Largura da faixa = 93
Melhor altura = 492

Lower Bound 1 = 430
Lower Bound 2 = 278
Avaliação = 1.14419

Tempo de execução: 60.0009s

---------------------------

Largura da faixa = 93
Melhor altura = 485

Lower Bound 1 = 430
Lower Bound 2 = 278
Avaliação = 1.12791

Tempo de execução: 60.0004s

---------------------------

Largura da faixa = 93
Melhor altura = 488

Lower Bound 1 = 430
Lower Bound 2 = 278
Avaliação = 1.13488

Tempo de execução: 60s

---------------------------

Largura da faixa = 93
Melhor altura = 491

Lower Bound 1 = 430
Lower Bound 2 = 278
Avaliação = 1.14186

Tempo de execução: 60.0013s

---------------------------

Largura da faixa = 93
Melhor altura = 491

Lower Bound 1 = 430
Lower Bound 2 = 278
Avaliação = 1.14186

Tempo de execução: 60.0001s

---------------------------

Largura da faixa = 93
Melhor altura = 495

Lower Bound 1 = 430
Lower Bound 2 = 278
Avaliação = 1.15116

Tempo de execução: 60.0003s

---------------------------

Largura da faixa = 93
Melhor altura = 493

Lower Bound 1 = 430
Lower Bound 2 = 278
Avaliação = 1.14651

Tempo de execução: 60.0012s

---------------------------

Largura da faixa = 93
Melhor altura = 496

Lower Bound 1 = 430
Lower Bound 2 = 278
Avaliação = 1.15349

Tempo de execução: 60.0001s

---------------------------

Largura da faixa = 93
Melhor altura = 502

Lower Bound 1 = 430
Lower Bound 2 = 278
Avaliação = 1.16744

Tempo de execução: 60.0005s

---------------------------

Largura da faixa = 93
Melhor altura = 481

Lower Bound 1 = 430
Lower Bound 2 = 278
Avaliação = 1.1186

Tempo de execução: 60.0002s

---------------------------

Largura da faixa = 93
Melhor altura = 492

Lower Bound 1 = 430
Lower Bound 2 = 278
Avaliação = 1.14419

Tempo de execução: 60.0002s

---------------------------

Largura da faixa = 93
Melhor altura = 473

Lower Bound 1 = 430
Lower Bound 2 = 278
Avaliação = 1.1

Tempo de execução: 60.0007s

---------------------------

Largura da faixa = 93
Melhor altura = 484

Lower Bound 1 = 430
Lower Bound 2 = 278
Avaliação = 1.12558

Tempo de execução: 60.0015s

---------------------------

Largura da faixa = 93
Melhor altura = 494

Lower Bound 1 = 430
Lower Bound 2 = 278
Avaliação = 1.14884

Tempo de execução: 60.0001s

---------------------------

Largura da faixa = 93
Melhor altura = 488

Lower Bound 1 = 430
Lower Bound 2 = 278
Avaliação = 1.13488

Tempo de execução: 60.0004s

---------------------------

