Largura da faixa = 146
Melhor altura = 400

Lower Bound 1 = 273
Lower Bound 2 = 359
Avaliação = 1.11421

Tempo de execução: 60s

---------------------------

Largura da faixa = 146
Melhor altura = 400

Lower Bound 1 = 273
Lower Bound 2 = 359
Avaliação = 1.11421

Tempo de execução: 60s

---------------------------

Largura da faixa = 146
Melhor altura = 400

Lower Bound 1 = 273
Lower Bound 2 = 359
Avaliação = 1.11421

Tempo de execução: 60s

---------------------------

Largura da faixa = 146
Melhor altura = 400

Lower Bound 1 = 273
Lower Bound 2 = 359
Avaliação = 1.11421

Tempo de execução: 60s

---------------------------

Largura da faixa = 146
Melhor altura = 400

Lower Bound 1 = 273
Lower Bound 2 = 359
Avaliação = 1.11421

Tempo de execução: 60.0001s

---------------------------

Largura da faixa = 146
Melhor altura = 400

Lower Bound 1 = 273
Lower Bound 2 = 359
Avaliação = 1.11421

Tempo de execução: 60.0001s

---------------------------

Largura da faixa = 146
Melhor altura = 400

Lower Bound 1 = 273
Lower Bound 2 = 359
Avaliação = 1.11421

Tempo de execução: 60s

---------------------------

Largura da faixa = 146
Melhor altura = 400

Lower Bound 1 = 273
Lower Bound 2 = 359
Avaliação = 1.11421

Tempo de execução: 60.0001s

---------------------------

Largura da faixa = 146
Melhor altura = 400

Lower Bound 1 = 273
Lower Bound 2 = 359
Avaliação = 1.11421

Tempo de execução: 60.0001s

---------------------------

Largura da faixa = 146
Melhor altura = 400

Lower Bound 1 = 273
Lower Bound 2 = 359
Avaliação = 1.11421

Tempo de execução: 60s

---------------------------

Largura da faixa = 146
Melhor altura = 400

Lower Bound 1 = 273
Lower Bound 2 = 359
Avaliação = 1.11421

Tempo de execução: 60s

---------------------------

Largura da faixa = 146
Melhor altura = 400

Lower Bound 1 = 273
Lower Bound 2 = 359
Avaliação = 1.11421

Tempo de execução: 60s

---------------------------

Largura da faixa = 146
Melhor altura = 400

Lower Bound 1 = 273
Lower Bound 2 = 359
Avaliação = 1.11421

Tempo de execução: 60s

---------------------------

Largura da faixa = 146
Melhor altura = 400

Lower Bound 1 = 273
Lower Bound 2 = 359
Avaliação = 1.11421

Tempo de execução: 60.0001s

---------------------------

Largura da faixa = 146
Melhor altura = 400

Lower Bound 1 = 273
Lower Bound 2 = 359
Avaliação = 1.11421

Tempo de execução: 60s

---------------------------

Largura da faixa = 146
Melhor altura = 400

Lower Bound 1 = 273
Lower Bound 2 = 359
Avaliação = 1.11421

Tempo de execução: 60s

---------------------------

Largura da faixa = 146
Melhor altura = 400

Lower Bound 1 = 273
Lower Bound 2 = 359
Avaliação = 1.11421

Tempo de execução: 60s

---------------------------

Largura da faixa = 146
Melhor altura = 400

Lower Bound 1 = 273
Lower Bound 2 = 359
Avaliação = 1.11421

Tempo de execução: 60s

---------------------------

Largura da faixa = 146
Melhor altura = 400

Lower Bound 1 = 273
Lower Bound 2 = 359
Avaliação = 1.11421

Tempo de execução: 60s

---------------------------

Largura da faixa = 146
Melhor altura = 400

Lower Bound 1 = 273
Lower Bound 2 = 359
Avaliação = 1.11421

Tempo de execução: 60.0001s

---------------------------

