Largura da faixa = 96
Melhor altura = 496

Lower Bound 1 = 416
Lower Bound 2 = 342
Avaliação = 1.19231

Tempo de execução: 60.0003s

---------------------------

Largura da faixa = 96
Melhor altura = 527

Lower Bound 1 = 416
Lower Bound 2 = 342
Avaliação = 1.26683

Tempo de execução: 60.0005s

---------------------------

Largura da faixa = 96
Melhor altura = 501

Lower Bound 1 = 416
Lower Bound 2 = 342
Avaliação = 1.20433

Tempo de execução: 60.0005s

---------------------------

Largura da faixa = 96
Melhor altura = 511

Lower Bound 1 = 416
Lower Bound 2 = 342
Avaliação = 1.22837

Tempo de execução: 60.0011s

---------------------------

Largura da faixa = 96
Melhor altura = 518

Lower Bound 1 = 416
Lower Bound 2 = 342
Avaliação = 1.24519

Tempo de execução: 60.0005s

---------------------------

Largura da faixa = 96
Melhor altura = 523

Lower Bound 1 = 416
Lower Bound 2 = 342
Avaliação = 1.25721

Tempo de execução: 60.002s

---------------------------

Largura da faixa = 96
Melhor altura = 511

Lower Bound 1 = 416
Lower Bound 2 = 342
Avaliação = 1.22837

Tempo de execução: 60.0008s

---------------------------

Largura da faixa = 96
Melhor altura = 511

Lower Bound 1 = 416
Lower Bound 2 = 342
Avaliação = 1.22837

Tempo de execução: 60.0027s

---------------------------

Largura da faixa = 96
Melhor altura = 507

Lower Bound 1 = 416
Lower Bound 2 = 342
Avaliação = 1.21875

Tempo de execução: 60.0056s

---------------------------

Largura da faixa = 96
Melhor altura = 512

Lower Bound 1 = 416
Lower Bound 2 = 342
Avaliação = 1.23077

Tempo de execução: 60.0018s

---------------------------

Largura da faixa = 96
Melhor altura = 517

Lower Bound 1 = 416
Lower Bound 2 = 342
Avaliação = 1.24279

Tempo de execução: 60.002s

---------------------------

Largura da faixa = 96
Melhor altura = 515

Lower Bound 1 = 416
Lower Bound 2 = 342
Avaliação = 1.23798

Tempo de execução: 60.0025s

---------------------------

Largura da faixa = 96
Melhor altura = 517

Lower Bound 1 = 416
Lower Bound 2 = 342
Avaliação = 1.24279

Tempo de execução: 60.001s

---------------------------

Largura da faixa = 96
Melhor altura = 521

Lower Bound 1 = 416
Lower Bound 2 = 342
Avaliação = 1.2524

Tempo de execução: 60.0009s

---------------------------

Largura da faixa = 96
Melhor altura = 504

Lower Bound 1 = 416
Lower Bound 2 = 342
Avaliação = 1.21154

Tempo de execução: 60.0032s

---------------------------

Largura da faixa = 96
Melhor altura = 511

Lower Bound 1 = 416
Lower Bound 2 = 342
Avaliação = 1.22837

Tempo de execução: 60s

---------------------------

Largura da faixa = 96
Melhor altura = 512

Lower Bound 1 = 416
Lower Bound 2 = 342
Avaliação = 1.23077

Tempo de execução: 60.0003s

---------------------------

Largura da faixa = 96
Melhor altura = 516

Lower Bound 1 = 416
Lower Bound 2 = 342
Avaliação = 1.24038

Tempo de execução: 60.001s

---------------------------

Largura da faixa = 96
Melhor altura = 508

Lower Bound 1 = 416
Lower Bound 2 = 342
Avaliação = 1.22115

Tempo de execução: 60.0001s

---------------------------

Largura da faixa = 96
Melhor altura = 521

Lower Bound 1 = 416
Lower Bound 2 = 342
Avaliação = 1.2524

Tempo de execução: 60.0003s

---------------------------

