Largura da faixa = 165
Melhor altura = 260

Lower Bound 1 = 242
Lower Bound 2 = 166
Avaliação = 1.07438

Tempo de execução: 60.0001s

---------------------------

Largura da faixa = 165
Melhor altura = 268

Lower Bound 1 = 242
Lower Bound 2 = 166
Avaliação = 1.10744

Tempo de execução: 60s

---------------------------

Largura da faixa = 165
Melhor altura = 267

Lower Bound 1 = 242
Lower Bound 2 = 166
Avaliação = 1.10331

Tempo de execução: 60.0006s

---------------------------

Largura da faixa = 165
Melhor altura = 270

Lower Bound 1 = 242
Lower Bound 2 = 166
Avaliação = 1.1157

Tempo de execução: 60.0002s

---------------------------

Largura da faixa = 165
Melhor altura = 269

Lower Bound 1 = 242
Lower Bound 2 = 166
Avaliação = 1.11157

Tempo de execução: 60.0001s

---------------------------

Largura da faixa = 165
Melhor altura = 265

Lower Bound 1 = 242
Lower Bound 2 = 166
Avaliação = 1.09504

Tempo de execução: 60.0002s

---------------------------

Largura da faixa = 165
Melhor altura = 268

Lower Bound 1 = 242
Lower Bound 2 = 166
Avaliação = 1.10744

Tempo de execução: 60.0005s

---------------------------

Largura da faixa = 165
Melhor altura = 268

Lower Bound 1 = 242
Lower Bound 2 = 166
Avaliação = 1.10744

Tempo de execução: 60.0009s

---------------------------

Largura da faixa = 165
Melhor altura = 270

Lower Bound 1 = 242
Lower Bound 2 = 166
Avaliação = 1.1157

Tempo de execução: 60.0005s

---------------------------

Largura da faixa = 165
Melhor altura = 270

Lower Bound 1 = 242
Lower Bound 2 = 166
Avaliação = 1.1157

Tempo de execução: 60.0001s

---------------------------

Largura da faixa = 165
Melhor altura = 266

Lower Bound 1 = 242
Lower Bound 2 = 166
Avaliação = 1.09917

Tempo de execução: 60.0005s

---------------------------

Largura da faixa = 165
Melhor altura = 266

Lower Bound 1 = 242
Lower Bound 2 = 166
Avaliação = 1.09917

Tempo de execução: 60.0003s

---------------------------

Largura da faixa = 165
Melhor altura = 266

Lower Bound 1 = 242
Lower Bound 2 = 166
Avaliação = 1.09917

Tempo de execução: 60s

---------------------------

Largura da faixa = 165
Melhor altura = 271

Lower Bound 1 = 242
Lower Bound 2 = 166
Avaliação = 1.11983

Tempo de execução: 60.0001s

---------------------------

Largura da faixa = 165
Melhor altura = 271

Lower Bound 1 = 242
Lower Bound 2 = 166
Avaliação = 1.11983

Tempo de execução: 60.0009s

---------------------------

Largura da faixa = 165
Melhor altura = 266

Lower Bound 1 = 242
Lower Bound 2 = 166
Avaliação = 1.09917

Tempo de execução: 60s

---------------------------

Largura da faixa = 165
Melhor altura = 270

Lower Bound 1 = 242
Lower Bound 2 = 166
Avaliação = 1.1157

Tempo de execução: 60.0004s

---------------------------

Largura da faixa = 165
Melhor altura = 268

Lower Bound 1 = 242
Lower Bound 2 = 166
Avaliação = 1.10744

Tempo de execução: 60.0009s

---------------------------

Largura da faixa = 165
Melhor altura = 266

Lower Bound 1 = 242
Lower Bound 2 = 166
Avaliação = 1.09917

Tempo de execução: 60s

---------------------------

Largura da faixa = 165
Melhor altura = 268

Lower Bound 1 = 242
Lower Bound 2 = 166
Avaliação = 1.10744

Tempo de execução: 60.0003s

---------------------------

