Largura da faixa = 104
Melhor altura = 504

Lower Bound 1 = 384
Lower Bound 2 = 265
Avaliação = 1.3125

Tempo de execução: 60.0022s

---------------------------

Largura da faixa = 104
Melhor altura = 510

Lower Bound 1 = 384
Lower Bound 2 = 265
Avaliação = 1.32812

Tempo de execução: 60.0013s

---------------------------

Largura da faixa = 104
Melhor altura = 493

Lower Bound 1 = 384
Lower Bound 2 = 265
Avaliação = 1.28385

Tempo de execução: 60.0205s

---------------------------

Largura da faixa = 104
Melhor altura = 493

Lower Bound 1 = 384
Lower Bound 2 = 265
Avaliação = 1.28385

Tempo de execução: 60.0141s

---------------------------

Largura da faixa = 104
Melhor altura = 490

Lower Bound 1 = 384
Lower Bound 2 = 265
Avaliação = 1.27604

Tempo de execução: 60.0057s

---------------------------

Largura da faixa = 104
Melhor altura = 502

Lower Bound 1 = 384
Lower Bound 2 = 265
Avaliação = 1.30729

Tempo de execução: 60.0178s

---------------------------

Largura da faixa = 104
Melhor altura = 509

Lower Bound 1 = 384
Lower Bound 2 = 265
Avaliação = 1.32552

Tempo de execução: 60.0036s

---------------------------

Largura da faixa = 104
Melhor altura = 507

Lower Bound 1 = 384
Lower Bound 2 = 265
Avaliação = 1.32031

Tempo de execução: 60.0024s

---------------------------

Largura da faixa = 104
Melhor altura = 500

Lower Bound 1 = 384
Lower Bound 2 = 265
Avaliação = 1.30208

Tempo de execução: 60.0045s

---------------------------

Largura da faixa = 104
Melhor altura = 508

Lower Bound 1 = 384
Lower Bound 2 = 265
Avaliação = 1.32292

Tempo de execução: 60.0077s

---------------------------

Largura da faixa = 104
Melhor altura = 500

Lower Bound 1 = 384
Lower Bound 2 = 265
Avaliação = 1.30208

Tempo de execução: 60.0065s

---------------------------

Largura da faixa = 104
Melhor altura = 505

Lower Bound 1 = 384
Lower Bound 2 = 265
Avaliação = 1.3151

Tempo de execução: 60.0151s

---------------------------

Largura da faixa = 104
Melhor altura = 484

Lower Bound 1 = 384
Lower Bound 2 = 265
Avaliação = 1.26042

Tempo de execução: 60.0001s

---------------------------

Largura da faixa = 104
Melhor altura = 495

Lower Bound 1 = 384
Lower Bound 2 = 265
Avaliação = 1.28906

Tempo de execução: 60.0067s

---------------------------

Largura da faixa = 104
Melhor altura = 497

Lower Bound 1 = 384
Lower Bound 2 = 265
Avaliação = 1.29427

Tempo de execução: 60.0197s

---------------------------

Largura da faixa = 104
Melhor altura = 505

Lower Bound 1 = 384
Lower Bound 2 = 265
Avaliação = 1.3151

Tempo de execução: 60.0014s

---------------------------

Largura da faixa = 104
Melhor altura = 494

Lower Bound 1 = 384
Lower Bound 2 = 265
Avaliação = 1.28646

Tempo de execução: 60.0072s

---------------------------

Largura da faixa = 104
Melhor altura = 499

Lower Bound 1 = 384
Lower Bound 2 = 265
Avaliação = 1.29948

Tempo de execução: 60.014s

---------------------------

Largura da faixa = 104
Melhor altura = 503

Lower Bound 1 = 384
Lower Bound 2 = 265
Avaliação = 1.3099

Tempo de execução: 60.0035s

---------------------------

Largura da faixa = 104
Melhor altura = 500

Lower Bound 1 = 384
Lower Bound 2 = 265
Avaliação = 1.30208

Tempo de execução: 60.0085s

---------------------------

