Largura da faixa = 106
Melhor altura = 487

Lower Bound 1 = 377
Lower Bound 2 = 332
Avaliação = 1.29178

Tempo de execução: 60.0002s

---------------------------

Largura da faixa = 106
Melhor altura = 489

Lower Bound 1 = 377
Lower Bound 2 = 332
Avaliação = 1.29708

Tempo de execução: 60.0022s

---------------------------

Largura da faixa = 106
Melhor altura = 493

Lower Bound 1 = 377
Lower Bound 2 = 332
Avaliação = 1.30769

Tempo de execução: 60.0049s

---------------------------

Largura da faixa = 106
Melhor altura = 484

Lower Bound 1 = 377
Lower Bound 2 = 332
Avaliação = 1.28382

Tempo de execução: 60.0014s

---------------------------

Largura da faixa = 106
Melhor altura = 491

Lower Bound 1 = 377
Lower Bound 2 = 332
Avaliação = 1.30239

Tempo de execução: 60.0038s

---------------------------

Largura da faixa = 106
Melhor altura = 499

Lower Bound 1 = 377
Lower Bound 2 = 332
Avaliação = 1.32361

Tempo de execução: 60.0064s

---------------------------

Largura da faixa = 106
Melhor altura = 495

Lower Bound 1 = 377
Lower Bound 2 = 332
Avaliação = 1.313

Tempo de execução: 60.0011s

---------------------------

Largura da faixa = 106
Melhor altura = 482

Lower Bound 1 = 377
Lower Bound 2 = 332
Avaliação = 1.27851

Tempo de execução: 60.0008s

---------------------------

Largura da faixa = 106
Melhor altura = 493

Lower Bound 1 = 377
Lower Bound 2 = 332
Avaliação = 1.30769

Tempo de execução: 60.0002s

---------------------------

Largura da faixa = 106
Melhor altura = 496

Lower Bound 1 = 377
Lower Bound 2 = 332
Avaliação = 1.31565

Tempo de execução: 60.0003s

---------------------------

Largura da faixa = 106
Melhor altura = 499

Lower Bound 1 = 377
Lower Bound 2 = 332
Avaliação = 1.32361

Tempo de execução: 60.0024s

---------------------------

Largura da faixa = 106
Melhor altura = 490

Lower Bound 1 = 377
Lower Bound 2 = 332
Avaliação = 1.29973

Tempo de execução: 60.0149s

---------------------------

Largura da faixa = 106
Melhor altura = 498

Lower Bound 1 = 377
Lower Bound 2 = 332
Avaliação = 1.32095

Tempo de execução: 60.0023s

---------------------------

Largura da faixa = 106
Melhor altura = 493

Lower Bound 1 = 377
Lower Bound 2 = 332
Avaliação = 1.30769

Tempo de execução: 60.0043s

---------------------------

Largura da faixa = 106
Melhor altura = 492

Lower Bound 1 = 377
Lower Bound 2 = 332
Avaliação = 1.30504

Tempo de execução: 60.002s

---------------------------

Largura da faixa = 106
Melhor altura = 486

Lower Bound 1 = 377
Lower Bound 2 = 332
Avaliação = 1.28912

Tempo de execução: 60.0004s

---------------------------

Largura da faixa = 106
Melhor altura = 495

Lower Bound 1 = 377
Lower Bound 2 = 332
Avaliação = 1.313

Tempo de execução: 60.0043s

---------------------------

Largura da faixa = 106
Melhor altura = 491

Lower Bound 1 = 377
Lower Bound 2 = 332
Avaliação = 1.30239

Tempo de execução: 60.0046s

---------------------------

Largura da faixa = 106
Melhor altura = 496

Lower Bound 1 = 377
Lower Bound 2 = 332
Avaliação = 1.31565

Tempo de execução: 60.0018s

---------------------------

Largura da faixa = 106
Melhor altura = 482

Lower Bound 1 = 377
Lower Bound 2 = 332
Avaliação = 1.27851

Tempo de execução: 60.0002s

---------------------------

