Largura da faixa = 131
Melhor altura = 353

Lower Bound 1 = 305
Lower Bound 2 = 143
Avaliação = 1.15738

Tempo de execução: 60.0005s

---------------------------

Largura da faixa = 131
Melhor altura = 357

Lower Bound 1 = 305
Lower Bound 2 = 143
Avaliação = 1.17049

Tempo de execução: 60.0005s

---------------------------

Largura da faixa = 131
Melhor altura = 355

Lower Bound 1 = 305
Lower Bound 2 = 143
Avaliação = 1.16393

Tempo de execução: 60.0018s

---------------------------

Largura da faixa = 131
Melhor altura = 355

Lower Bound 1 = 305
Lower Bound 2 = 143
Avaliação = 1.16393

Tempo de execução: 60s

---------------------------

Largura da faixa = 131
Melhor altura = 347

Lower Bound 1 = 305
Lower Bound 2 = 143
Avaliação = 1.1377

Tempo de execução: 60.0001s

---------------------------

Largura da faixa = 131
Melhor altura = 349

Lower Bound 1 = 305
Lower Bound 2 = 143
Avaliação = 1.14426

Tempo de execução: 60.0006s

---------------------------

Largura da faixa = 131
Melhor altura = 360

Lower Bound 1 = 305
Lower Bound 2 = 143
Avaliação = 1.18033

Tempo de execução: 60s

---------------------------

Largura da faixa = 131
Melhor altura = 355

Lower Bound 1 = 305
Lower Bound 2 = 143
Avaliação = 1.16393

Tempo de execução: 60.0029s

---------------------------

Largura da faixa = 131
Melhor altura = 356

Lower Bound 1 = 305
Lower Bound 2 = 143
Avaliação = 1.16721

Tempo de execução: 60.0026s

---------------------------

Largura da faixa = 131
Melhor altura = 353

Lower Bound 1 = 305
Lower Bound 2 = 143
Avaliação = 1.15738

Tempo de execução: 60.0001s

---------------------------

Largura da faixa = 131
Melhor altura = 352

Lower Bound 1 = 305
Lower Bound 2 = 143
Avaliação = 1.1541

Tempo de execução: 60.001s

---------------------------

Largura da faixa = 131
Melhor altura = 359

Lower Bound 1 = 305
Lower Bound 2 = 143
Avaliação = 1.17705

Tempo de execução: 60.0021s

---------------------------

Largura da faixa = 131
Melhor altura = 361

Lower Bound 1 = 305
Lower Bound 2 = 143
Avaliação = 1.18361

Tempo de execução: 60.0003s

---------------------------

Largura da faixa = 131
Melhor altura = 354

Lower Bound 1 = 305
Lower Bound 2 = 143
Avaliação = 1.16066

Tempo de execução: 60.0004s

---------------------------

Largura da faixa = 131
Melhor altura = 353

Lower Bound 1 = 305
Lower Bound 2 = 143
Avaliação = 1.15738

Tempo de execução: 60.0001s

---------------------------

Largura da faixa = 131
Melhor altura = 361

Lower Bound 1 = 305
Lower Bound 2 = 143
Avaliação = 1.18361

Tempo de execução: 60.0008s

---------------------------

Largura da faixa = 131
Melhor altura = 356

Lower Bound 1 = 305
Lower Bound 2 = 143
Avaliação = 1.16721

Tempo de execução: 60.0021s

---------------------------

Largura da faixa = 131
Melhor altura = 361

Lower Bound 1 = 305
Lower Bound 2 = 143
Avaliação = 1.18361

Tempo de execução: 60.0006s

---------------------------

Largura da faixa = 131
Melhor altura = 357

Lower Bound 1 = 305
Lower Bound 2 = 143
Avaliação = 1.17049

Tempo de execução: 60s

---------------------------

Largura da faixa = 131
Melhor altura = 360

Lower Bound 1 = 305
Lower Bound 2 = 143
Avaliação = 1.18033

Tempo de execução: 60.0006s

---------------------------

