Largura da faixa = 88
Melhor altura = 560

Lower Bound 1 = 454
Lower Bound 2 = 138
Avaliação = 1.23348

Tempo de execução: 60.0217s

---------------------------

Largura da faixa = 88
Melhor altura = 555

Lower Bound 1 = 454
Lower Bound 2 = 138
Avaliação = 1.22247

Tempo de execução: 60.0336s

---------------------------

Largura da faixa = 88
Melhor altura = 561

Lower Bound 1 = 454
Lower Bound 2 = 138
Avaliação = 1.23568

Tempo de execução: 60.0597s

---------------------------

Largura da faixa = 88
Melhor altura = 560

Lower Bound 1 = 454
Lower Bound 2 = 138
Avaliação = 1.23348

Tempo de execução: 60.0009s

---------------------------

Largura da faixa = 88
Melhor altura = 563

Lower Bound 1 = 454
Lower Bound 2 = 138
Avaliação = 1.24009

Tempo de execução: 60.0508s

---------------------------

Largura da faixa = 88
Melhor altura = 560

Lower Bound 1 = 454
Lower Bound 2 = 138
Avaliação = 1.23348

Tempo de execução: 60.0544s

---------------------------

Largura da faixa = 88
Melhor altura = 560

Lower Bound 1 = 454
Lower Bound 2 = 138
Avaliação = 1.23348

Tempo de execução: 60.0044s

---------------------------

Largura da faixa = 88
Melhor altura = 561

Lower Bound 1 = 454
Lower Bound 2 = 138
Avaliação = 1.23568

Tempo de execução: 60.0218s

---------------------------

Largura da faixa = 88
Melhor altura = 563

Lower Bound 1 = 454
Lower Bound 2 = 138
Avaliação = 1.24009

Tempo de execução: 60.0329s

---------------------------

Largura da faixa = 88
Melhor altura = 561

Lower Bound 1 = 454
Lower Bound 2 = 138
Avaliação = 1.23568

Tempo de execução: 60.0005s

---------------------------

Largura da faixa = 88
Melhor altura = 558

Lower Bound 1 = 454
Lower Bound 2 = 138
Avaliação = 1.22907

Tempo de execução: 60.0049s

---------------------------

Largura da faixa = 88
Melhor altura = 562

Lower Bound 1 = 454
Lower Bound 2 = 138
Avaliação = 1.23789

Tempo de execução: 60.0357s

---------------------------

Largura da faixa = 88
Melhor altura = 565

Lower Bound 1 = 454
Lower Bound 2 = 138
Avaliação = 1.24449

Tempo de execução: 60.0007s

---------------------------

Largura da faixa = 88
Melhor altura = 561

Lower Bound 1 = 454
Lower Bound 2 = 138
Avaliação = 1.23568

Tempo de execução: 60.0094s

---------------------------

Largura da faixa = 88
Melhor altura = 562

Lower Bound 1 = 454
Lower Bound 2 = 138
Avaliação = 1.23789

Tempo de execução: 60.0378s

---------------------------

Largura da faixa = 88
Melhor altura = 557

Lower Bound 1 = 454
Lower Bound 2 = 138
Avaliação = 1.22687

Tempo de execução: 60.0183s

---------------------------

Largura da faixa = 88
Melhor altura = 560

Lower Bound 1 = 454
Lower Bound 2 = 138
Avaliação = 1.23348

Tempo de execução: 60.0224s

---------------------------

Largura da faixa = 88
Melhor altura = 557

Lower Bound 1 = 454
Lower Bound 2 = 138
Avaliação = 1.22687

Tempo de execução: 60.0725s

---------------------------

Largura da faixa = 88
Melhor altura = 560

Lower Bound 1 = 454
Lower Bound 2 = 138
Avaliação = 1.23348

Tempo de execução: 60.0051s

---------------------------

Largura da faixa = 88
Melhor altura = 557

Lower Bound 1 = 454
Lower Bound 2 = 138
Avaliação = 1.22687

Tempo de execução: 60.0171s

---------------------------

