Largura da faixa = 116
Melhor altura = 423

Lower Bound 1 = 344
Lower Bound 2 = 181
Avaliação = 1.22965

Tempo de execução: 60.0021s

---------------------------

Largura da faixa = 116
Melhor altura = 422

Lower Bound 1 = 344
Lower Bound 2 = 181
Avaliação = 1.22674

Tempo de execução: 60.0019s

---------------------------

Largura da faixa = 116
Melhor altura = 420

Lower Bound 1 = 344
Lower Bound 2 = 181
Avaliação = 1.22093

Tempo de execução: 60.0105s

---------------------------

Largura da faixa = 116
Melhor altura = 430

Lower Bound 1 = 344
Lower Bound 2 = 181
Avaliação = 1.25

Tempo de execução: 60.0017s

---------------------------

Largura da faixa = 116
Melhor altura = 418

Lower Bound 1 = 344
Lower Bound 2 = 181
Avaliação = 1.21512

Tempo de execução: 60.0034s

---------------------------

Largura da faixa = 116
Melhor altura = 423

Lower Bound 1 = 344
Lower Bound 2 = 181
Avaliação = 1.22965

Tempo de execução: 60.0058s

---------------------------

Largura da faixa = 116
Melhor altura = 417

Lower Bound 1 = 344
Lower Bound 2 = 181
Avaliação = 1.21221

Tempo de execução: 60.0029s

---------------------------

Largura da faixa = 116
Melhor altura = 423

Lower Bound 1 = 344
Lower Bound 2 = 181
Avaliação = 1.22965

Tempo de execução: 60.0023s

---------------------------

Largura da faixa = 116
Melhor altura = 429

Lower Bound 1 = 344
Lower Bound 2 = 181
Avaliação = 1.24709

Tempo de execução: 60.0065s

---------------------------

Largura da faixa = 116
Melhor altura = 415

Lower Bound 1 = 344
Lower Bound 2 = 181
Avaliação = 1.2064

Tempo de execução: 60.0003s

---------------------------

Largura da faixa = 116
Melhor altura = 424

Lower Bound 1 = 344
Lower Bound 2 = 181
Avaliação = 1.23256

Tempo de execução: 60.0052s

---------------------------

Largura da faixa = 116
Melhor altura = 421

Lower Bound 1 = 344
Lower Bound 2 = 181
Avaliação = 1.22384

Tempo de execução: 60.0105s

---------------------------

Largura da faixa = 116
Melhor altura = 424

Lower Bound 1 = 344
Lower Bound 2 = 181
Avaliação = 1.23256

Tempo de execução: 60.0022s

---------------------------

Largura da faixa = 116
Melhor altura = 414

Lower Bound 1 = 344
Lower Bound 2 = 181
Avaliação = 1.20349

Tempo de execução: 60.0036s

---------------------------

Largura da faixa = 116
Melhor altura = 416

Lower Bound 1 = 344
Lower Bound 2 = 181
Avaliação = 1.2093

Tempo de execução: 60.005s

---------------------------

Largura da faixa = 116
Melhor altura = 422

Lower Bound 1 = 344
Lower Bound 2 = 181
Avaliação = 1.22674

Tempo de execução: 60.0014s

---------------------------

Largura da faixa = 116
Melhor altura = 418

Lower Bound 1 = 344
Lower Bound 2 = 181
Avaliação = 1.21512

Tempo de execução: 60.0063s

---------------------------

Largura da faixa = 116
Melhor altura = 408

Lower Bound 1 = 344
Lower Bound 2 = 181
Avaliação = 1.18605

Tempo de execução: 60.0078s

---------------------------

Largura da faixa = 116
Melhor altura = 418

Lower Bound 1 = 344
Lower Bound 2 = 181
Avaliação = 1.21512

Tempo de execução: 60.0003s

---------------------------

Largura da faixa = 116
Melhor altura = 422

Lower Bound 1 = 344
Lower Bound 2 = 181
Avaliação = 1.22674

Tempo de execução: 60.0041s

---------------------------

