Largura da faixa = 110
Melhor altura = 438

Lower Bound 1 = 363
Lower Bound 2 = 208
Avaliação = 1.20661

Tempo de execução: 60.0023s

---------------------------

Largura da faixa = 110
Melhor altura = 448

Lower Bound 1 = 363
Lower Bound 2 = 208
Avaliação = 1.23416

Tempo de execução: 60.003s

---------------------------

Largura da faixa = 110
Melhor altura = 444

Lower Bound 1 = 363
Lower Bound 2 = 208
Avaliação = 1.22314

Tempo de execução: 60.008s

---------------------------

Largura da faixa = 110
Melhor altura = 438

Lower Bound 1 = 363
Lower Bound 2 = 208
Avaliação = 1.20661

Tempo de execução: 60.0003s

---------------------------

Largura da faixa = 110
Melhor altura = 446

Lower Bound 1 = 363
Lower Bound 2 = 208
Avaliação = 1.22865

Tempo de execução: 60.0056s

---------------------------

Largura da faixa = 110
Melhor altura = 434

Lower Bound 1 = 363
Lower Bound 2 = 208
Avaliação = 1.19559

Tempo de execução: 60.0059s

---------------------------

Largura da faixa = 110
Melhor altura = 442

Lower Bound 1 = 363
Lower Bound 2 = 208
Avaliação = 1.21763

Tempo de execução: 60.0052s

---------------------------

Largura da faixa = 110
Melhor altura = 435

Lower Bound 1 = 363
Lower Bound 2 = 208
Avaliação = 1.19835

Tempo de execução: 60.0057s

---------------------------

Largura da faixa = 110
Melhor altura = 436

Lower Bound 1 = 363
Lower Bound 2 = 208
Avaliação = 1.2011

Tempo de execução: 60.0131s

---------------------------

Largura da faixa = 110
Melhor altura = 434

Lower Bound 1 = 363
Lower Bound 2 = 208
Avaliação = 1.19559

Tempo de execução: 60.0016s

---------------------------

Largura da faixa = 110
Melhor altura = 431

Lower Bound 1 = 363
Lower Bound 2 = 208
Avaliação = 1.18733

Tempo de execução: 60.0004s

---------------------------

Largura da faixa = 110
Melhor altura = 440

Lower Bound 1 = 363
Lower Bound 2 = 208
Avaliação = 1.21212

Tempo de execução: 60.0028s

---------------------------

Largura da faixa = 110
Melhor altura = 439

Lower Bound 1 = 363
Lower Bound 2 = 208
Avaliação = 1.20937

Tempo de execução: 60.002s

---------------------------

Largura da faixa = 110
Melhor altura = 432

Lower Bound 1 = 363
Lower Bound 2 = 208
Avaliação = 1.19008

Tempo de execução: 60.0042s

---------------------------

Largura da faixa = 110
Melhor altura = 440

Lower Bound 1 = 363
Lower Bound 2 = 208
Avaliação = 1.21212

Tempo de execução: 60.0107s

---------------------------

Largura da faixa = 110
Melhor altura = 436

Lower Bound 1 = 363
Lower Bound 2 = 208
Avaliação = 1.2011

Tempo de execução: 60.0001s

---------------------------

Largura da faixa = 110
Melhor altura = 434

Lower Bound 1 = 363
Lower Bound 2 = 208
Avaliação = 1.19559

Tempo de execução: 60.0014s

---------------------------

Largura da faixa = 110
Melhor altura = 441

Lower Bound 1 = 363
Lower Bound 2 = 208
Avaliação = 1.21488

Tempo de execução: 60.0053s

---------------------------

Largura da faixa = 110
Melhor altura = 435

Lower Bound 1 = 363
Lower Bound 2 = 208
Avaliação = 1.19835

Tempo de execução: 60.0061s

---------------------------

Largura da faixa = 110
Melhor altura = 442

Lower Bound 1 = 363
Lower Bound 2 = 208
Avaliação = 1.21763

Tempo de execução: 60.0125s

---------------------------

