Largura da faixa = 116
Melhor altura = 409

Lower Bound 1 = 344
Lower Bound 2 = 234
Avaliação = 1.18895

Tempo de execução: 60.0049s

---------------------------

Largura da faixa = 116
Melhor altura = 413

Lower Bound 1 = 344
Lower Bound 2 = 234
Avaliação = 1.20058

Tempo de execução: 60.0001s

---------------------------

Largura da faixa = 116
Melhor altura = 409

Lower Bound 1 = 344
Lower Bound 2 = 234
Avaliação = 1.18895

Tempo de execução: 60.0027s

---------------------------

Largura da faixa = 116
Melhor altura = 409

Lower Bound 1 = 344
Lower Bound 2 = 234
Avaliação = 1.18895

Tempo de execução: 60.0005s

---------------------------

Largura da faixa = 116
Melhor altura = 425

Lower Bound 1 = 344
Lower Bound 2 = 234
Avaliação = 1.23547

Tempo de execução: 60.0025s

---------------------------

Largura da faixa = 116
Melhor altura = 425

Lower Bound 1 = 344
Lower Bound 2 = 234
Avaliação = 1.23547

Tempo de execução: 60.0052s

---------------------------

Largura da faixa = 116
Melhor altura = 402

Lower Bound 1 = 344
Lower Bound 2 = 234
Avaliação = 1.1686

Tempo de execução: 60.0011s

---------------------------

Largura da faixa = 116
Melhor altura = 422

Lower Bound 1 = 344
Lower Bound 2 = 234
Avaliação = 1.22674

Tempo de execução: 60.0011s

---------------------------

Largura da faixa = 116
Melhor altura = 428

Lower Bound 1 = 344
Lower Bound 2 = 234
Avaliação = 1.24419

Tempo de execução: 60.0099s

---------------------------

Largura da faixa = 116
Melhor altura = 414

Lower Bound 1 = 344
Lower Bound 2 = 234
Avaliação = 1.20349

Tempo de execução: 60.0002s

---------------------------

Largura da faixa = 116
Melhor altura = 419

Lower Bound 1 = 344
Lower Bound 2 = 234
Avaliação = 1.21802

Tempo de execução: 60.0003s

---------------------------

Largura da faixa = 116
Melhor altura = 416

Lower Bound 1 = 344
Lower Bound 2 = 234
Avaliação = 1.2093

Tempo de execução: 60.0016s

---------------------------

Largura da faixa = 116
Melhor altura = 421

Lower Bound 1 = 344
Lower Bound 2 = 234
Avaliação = 1.22384

Tempo de execução: 60.0007s

---------------------------

Largura da faixa = 116
Melhor altura = 420

Lower Bound 1 = 344
Lower Bound 2 = 234
Avaliação = 1.22093

Tempo de execução: 60.0005s

---------------------------

Largura da faixa = 116
Melhor altura = 418

Lower Bound 1 = 344
Lower Bound 2 = 234
Avaliação = 1.21512

Tempo de execução: 60.0019s

---------------------------

Largura da faixa = 116
Melhor altura = 416

Lower Bound 1 = 344
Lower Bound 2 = 234
Avaliação = 1.2093

Tempo de execução: 60.0014s

---------------------------

Largura da faixa = 116
Melhor altura = 414

Lower Bound 1 = 344
Lower Bound 2 = 234
Avaliação = 1.20349

Tempo de execução: 60.0024s

---------------------------

Largura da faixa = 116
Melhor altura = 413

Lower Bound 1 = 344
Lower Bound 2 = 234
Avaliação = 1.20058

Tempo de execução: 60.0081s

---------------------------

Largura da faixa = 116
Melhor altura = 427

Lower Bound 1 = 344
Lower Bound 2 = 234
Avaliação = 1.24128

Tempo de execução: 60.0052s

---------------------------

Largura da faixa = 116
Melhor altura = 420

Lower Bound 1 = 344
Lower Bound 2 = 234
Avaliação = 1.22093

Tempo de execução: 60.0143s

---------------------------

