Largura da faixa = 97
Melhor altura = 469

Lower Bound 1 = 412
Lower Bound 2 = 340
Avaliação = 1.13835

Tempo de execução: 60.0001s

---------------------------

Largura da faixa = 97
Melhor altura = 474

Lower Bound 1 = 412
Lower Bound 2 = 340
Avaliação = 1.15049

Tempo de execução: 60s

---------------------------

Largura da faixa = 97
Melhor altura = 475

Lower Bound 1 = 412
Lower Bound 2 = 340
Avaliação = 1.15291

Tempo de execução: 60.0002s

---------------------------

Largura da faixa = 97
Melhor altura = 475

Lower Bound 1 = 412
Lower Bound 2 = 340
Avaliação = 1.15291

Tempo de execução: 60s

---------------------------

Largura da faixa = 97
Melhor altura = 473

Lower Bound 1 = 412
Lower Bound 2 = 340
Avaliação = 1.14806

Tempo de execução: 60.0001s

---------------------------

Largura da faixa = 97
Melhor altura = 475

Lower Bound 1 = 412
Lower Bound 2 = 340
Avaliação = 1.15291

Tempo de execução: 60.0004s

---------------------------

Largura da faixa = 97
Melhor altura = 469

Lower Bound 1 = 412
Lower Bound 2 = 340
Avaliação = 1.13835

Tempo de execução: 60s

---------------------------

Largura da faixa = 97
Melhor altura = 475

Lower Bound 1 = 412
Lower Bound 2 = 340
Avaliação = 1.15291

Tempo de execução: 60.0003s

---------------------------

Largura da faixa = 97
Melhor altura = 469

Lower Bound 1 = 412
Lower Bound 2 = 340
Avaliação = 1.13835

Tempo de execução: 60.0004s

---------------------------

Largura da faixa = 97
Melhor altura = 474

Lower Bound 1 = 412
Lower Bound 2 = 340
Avaliação = 1.15049

Tempo de execução: 60.0001s

---------------------------

Largura da faixa = 97
Melhor altura = 473

Lower Bound 1 = 412
Lower Bound 2 = 340
Avaliação = 1.14806

Tempo de execução: 60.0001s

---------------------------

Largura da faixa = 97
Melhor altura = 473

Lower Bound 1 = 412
Lower Bound 2 = 340
Avaliação = 1.14806

Tempo de execução: 60s

---------------------------

Largura da faixa = 97
Melhor altura = 475

Lower Bound 1 = 412
Lower Bound 2 = 340
Avaliação = 1.15291

Tempo de execução: 60.0002s

---------------------------

Largura da faixa = 97
Melhor altura = 473

Lower Bound 1 = 412
Lower Bound 2 = 340
Avaliação = 1.14806

Tempo de execução: 60.0001s

---------------------------

Largura da faixa = 97
Melhor altura = 469

Lower Bound 1 = 412
Lower Bound 2 = 340
Avaliação = 1.13835

Tempo de execução: 60s

---------------------------

Largura da faixa = 97
Melhor altura = 473

Lower Bound 1 = 412
Lower Bound 2 = 340
Avaliação = 1.14806

Tempo de execução: 60s

---------------------------

Largura da faixa = 97
Melhor altura = 469

Lower Bound 1 = 412
Lower Bound 2 = 340
Avaliação = 1.13835

Tempo de execução: 60.0001s

---------------------------

Largura da faixa = 97
Melhor altura = 475

Lower Bound 1 = 412
Lower Bound 2 = 340
Avaliação = 1.15291

Tempo de execução: 60.0003s

---------------------------

Largura da faixa = 97
Melhor altura = 473

Lower Bound 1 = 412
Lower Bound 2 = 340
Avaliação = 1.14806

Tempo de execução: 60s

---------------------------

Largura da faixa = 97
Melhor altura = 469

Lower Bound 1 = 412
Lower Bound 2 = 340
Avaliação = 1.13835

Tempo de execução: 60.0001s

---------------------------

