Largura da faixa = 96
Melhor altura = 515

Lower Bound 1 = 416
Lower Bound 2 = 372
Avaliação = 1.23798

Tempo de execução: 60.0006s

---------------------------

Largura da faixa = 96
Melhor altura = 519

Lower Bound 1 = 416
Lower Bound 2 = 372
Avaliação = 1.2476

Tempo de execução: 60.0035s

---------------------------

Largura da faixa = 96
Melhor altura = 522

Lower Bound 1 = 416
Lower Bound 2 = 372
Avaliação = 1.25481

Tempo de execução: 60.0049s

---------------------------

Largura da faixa = 96
Melhor altura = 523

Lower Bound 1 = 416
Lower Bound 2 = 372
Avaliação = 1.25721

Tempo de execução: 60.0006s

---------------------------

Largura da faixa = 96
Melhor altura = 521

Lower Bound 1 = 416
Lower Bound 2 = 372
Avaliação = 1.2524

Tempo de execução: 60.0006s

---------------------------

Largura da faixa = 96
Melhor altura = 520

Lower Bound 1 = 416
Lower Bound 2 = 372
Avaliação = 1.25

Tempo de execução: 60.005s

---------------------------

Largura da faixa = 96
Melhor altura = 516

Lower Bound 1 = 416
Lower Bound 2 = 372
Avaliação = 1.24038

Tempo de execução: 60.0009s

---------------------------

Largura da faixa = 96
Melhor altura = 526

Lower Bound 1 = 416
Lower Bound 2 = 372
Avaliação = 1.26442

Tempo de execução: 60.0003s

---------------------------

Largura da faixa = 96
Melhor altura = 522

Lower Bound 1 = 416
Lower Bound 2 = 372
Avaliação = 1.25481

Tempo de execução: 60.0022s

---------------------------

Largura da faixa = 96
Melhor altura = 533

Lower Bound 1 = 416
Lower Bound 2 = 372
Avaliação = 1.28125

Tempo de execução: 60.0009s

---------------------------

Largura da faixa = 96
Melhor altura = 518

Lower Bound 1 = 416
Lower Bound 2 = 372
Avaliação = 1.24519

Tempo de execução: 60.0039s

---------------------------

Largura da faixa = 96
Melhor altura = 518

Lower Bound 1 = 416
Lower Bound 2 = 372
Avaliação = 1.24519

Tempo de execução: 60.0023s

---------------------------

Largura da faixa = 96
Melhor altura = 521

Lower Bound 1 = 416
Lower Bound 2 = 372
Avaliação = 1.2524

Tempo de execução: 60.0015s

---------------------------

Largura da faixa = 96
Melhor altura = 523

Lower Bound 1 = 416
Lower Bound 2 = 372
Avaliação = 1.25721

Tempo de execução: 60.0019s

---------------------------

Largura da faixa = 96
Melhor altura = 522

Lower Bound 1 = 416
Lower Bound 2 = 372
Avaliação = 1.25481

Tempo de execução: 60.0003s

---------------------------

Largura da faixa = 96
Melhor altura = 524

Lower Bound 1 = 416
Lower Bound 2 = 372
Avaliação = 1.25962

Tempo de execução: 60.0002s

---------------------------

Largura da faixa = 96
Melhor altura = 516

Lower Bound 1 = 416
Lower Bound 2 = 372
Avaliação = 1.24038

Tempo de execução: 60.0012s

---------------------------

Largura da faixa = 96
Melhor altura = 521

Lower Bound 1 = 416
Lower Bound 2 = 372
Avaliação = 1.2524

Tempo de execução: 60.0007s

---------------------------

Largura da faixa = 96
Melhor altura = 514

Lower Bound 1 = 416
Lower Bound 2 = 372
Avaliação = 1.23558

Tempo de execução: 60.0024s

---------------------------

Largura da faixa = 96
Melhor altura = 521

Lower Bound 1 = 416
Lower Bound 2 = 372
Avaliação = 1.2524

Tempo de execução: 60.0008s

---------------------------

