Largura da faixa = 119
Melhor altura = 383

Lower Bound 1 = 336
Lower Bound 2 = 274
Avaliação = 1.13988

Tempo de execução: 60s

---------------------------

Largura da faixa = 119
Melhor altura = 388

Lower Bound 1 = 336
Lower Bound 2 = 274
Avaliação = 1.15476

Tempo de execução: 60.0003s

---------------------------

Largura da faixa = 119
Melhor altura = 383

Lower Bound 1 = 336
Lower Bound 2 = 274
Avaliação = 1.13988

Tempo de execução: 60.0004s

---------------------------

Largura da faixa = 119
Melhor altura = 388

Lower Bound 1 = 336
Lower Bound 2 = 274
Avaliação = 1.15476

Tempo de execução: 60s

---------------------------

Largura da faixa = 119
Melhor altura = 388

Lower Bound 1 = 336
Lower Bound 2 = 274
Avaliação = 1.15476

Tempo de execução: 60s

---------------------------

Largura da faixa = 119
Melhor altura = 388

Lower Bound 1 = 336
Lower Bound 2 = 274
Avaliação = 1.15476

Tempo de execução: 60.0002s

---------------------------

Largura da faixa = 119
Melhor altura = 390

Lower Bound 1 = 336
Lower Bound 2 = 274
Avaliação = 1.16071

Tempo de execução: 60s

---------------------------

Largura da faixa = 119
Melhor altura = 388

Lower Bound 1 = 336
Lower Bound 2 = 274
Avaliação = 1.15476

Tempo de execução: 60.0003s

---------------------------

Largura da faixa = 119
Melhor altura = 388

Lower Bound 1 = 336
Lower Bound 2 = 274
Avaliação = 1.15476

Tempo de execução: 60s

---------------------------

Largura da faixa = 119
Melhor altura = 388

Lower Bound 1 = 336
Lower Bound 2 = 274
Avaliação = 1.15476

Tempo de execução: 60.0001s

---------------------------

Largura da faixa = 119
Melhor altura = 388

Lower Bound 1 = 336
Lower Bound 2 = 274
Avaliação = 1.15476

Tempo de execução: 60.0003s

---------------------------

Largura da faixa = 119
Melhor altura = 383

Lower Bound 1 = 336
Lower Bound 2 = 274
Avaliação = 1.13988

Tempo de execução: 60s

---------------------------

Largura da faixa = 119
Melhor altura = 383

Lower Bound 1 = 336
Lower Bound 2 = 274
Avaliação = 1.13988

Tempo de execução: 60s

---------------------------

Largura da faixa = 119
Melhor altura = 383

Lower Bound 1 = 336
Lower Bound 2 = 274
Avaliação = 1.13988

Tempo de execução: 60.0004s

---------------------------

Largura da faixa = 119
Melhor altura = 383

Lower Bound 1 = 336
Lower Bound 2 = 274
Avaliação = 1.13988

Tempo de execução: 60.0003s

---------------------------

Largura da faixa = 119
Melhor altura = 383

Lower Bound 1 = 336
Lower Bound 2 = 274
Avaliação = 1.13988

Tempo de execução: 60s

---------------------------

Largura da faixa = 119
Melhor altura = 388

Lower Bound 1 = 336
Lower Bound 2 = 274
Avaliação = 1.15476

Tempo de execução: 60.0004s

---------------------------

Largura da faixa = 119
Melhor altura = 388

Lower Bound 1 = 336
Lower Bound 2 = 274
Avaliação = 1.15476

Tempo de execução: 60.0004s

---------------------------

Largura da faixa = 119
Melhor altura = 383

Lower Bound 1 = 336
Lower Bound 2 = 274
Avaliação = 1.13988

Tempo de execução: 60.0001s

---------------------------

Largura da faixa = 119
Melhor altura = 383

Lower Bound 1 = 336
Lower Bound 2 = 274
Avaliação = 1.13988

Tempo de execução: 60s

---------------------------

