Largura da faixa = 105
Melhor altura = 431

Lower Bound 1 = 380
Lower Bound 2 = 204
Avaliação = 1.13421

Tempo de execução: 60.0001s

---------------------------

Largura da faixa = 105
Melhor altura = 430

Lower Bound 1 = 380
Lower Bound 2 = 204
Avaliação = 1.13158

Tempo de execução: 60.0008s

---------------------------

Largura da faixa = 105
Melhor altura = 429

Lower Bound 1 = 380
Lower Bound 2 = 204
Avaliação = 1.12895

Tempo de execução: 60.0016s

---------------------------

Largura da faixa = 105
Melhor altura = 420

Lower Bound 1 = 380
Lower Bound 2 = 204
Avaliação = 1.10526

Tempo de execução: 60.0002s

---------------------------

Largura da faixa = 105
Melhor altura = 425

Lower Bound 1 = 380
Lower Bound 2 = 204
Avaliação = 1.11842

Tempo de execução: 60.0004s

---------------------------

Largura da faixa = 105
Melhor altura = 427

Lower Bound 1 = 380
Lower Bound 2 = 204
Avaliação = 1.12368

Tempo de execução: 60.0006s

---------------------------

Largura da faixa = 105
Melhor altura = 434

Lower Bound 1 = 380
Lower Bound 2 = 204
Avaliação = 1.14211

Tempo de execução: 60.0003s

---------------------------

Largura da faixa = 105
Melhor altura = 426

Lower Bound 1 = 380
Lower Bound 2 = 204
Avaliação = 1.12105

Tempo de execução: 60.0003s

---------------------------

Largura da faixa = 105
Melhor altura = 424

Lower Bound 1 = 380
Lower Bound 2 = 204
Avaliação = 1.11579

Tempo de execução: 60.0011s

---------------------------

Largura da faixa = 105
Melhor altura = 426

Lower Bound 1 = 380
Lower Bound 2 = 204
Avaliação = 1.12105

Tempo de execução: 60.0001s

---------------------------

Largura da faixa = 105
Melhor altura = 422

Lower Bound 1 = 380
Lower Bound 2 = 204
Avaliação = 1.11053

Tempo de execução: 60.0011s

---------------------------

Largura da faixa = 105
Melhor altura = 426

Lower Bound 1 = 380
Lower Bound 2 = 204
Avaliação = 1.12105

Tempo de execução: 60.0016s

---------------------------

Largura da faixa = 105
Melhor altura = 431

Lower Bound 1 = 380
Lower Bound 2 = 204
Avaliação = 1.13421

Tempo de execução: 60.0001s

---------------------------

Largura da faixa = 105
Melhor altura = 433

Lower Bound 1 = 380
Lower Bound 2 = 204
Avaliação = 1.13947

Tempo de execução: 60s

---------------------------

Largura da faixa = 105
Melhor altura = 421

Lower Bound 1 = 380
Lower Bound 2 = 204
Avaliação = 1.10789

Tempo de execução: 60.0011s

---------------------------

Largura da faixa = 105
Melhor altura = 428

Lower Bound 1 = 380
Lower Bound 2 = 204
Avaliação = 1.12632

Tempo de execução: 60.0003s

---------------------------

Largura da faixa = 105
Melhor altura = 425

Lower Bound 1 = 380
Lower Bound 2 = 204
Avaliação = 1.11842

Tempo de execução: 60.0008s

---------------------------

Largura da faixa = 105
Melhor altura = 427

Lower Bound 1 = 380
Lower Bound 2 = 204
Avaliação = 1.12368

Tempo de execução: 60.0016s

---------------------------

Largura da faixa = 105
Melhor altura = 437

Lower Bound 1 = 380
Lower Bound 2 = 204
Avaliação = 1.15

Tempo de execução: 60.0001s

---------------------------

Largura da faixa = 105
Melhor altura = 430

Lower Bound 1 = 380
Lower Bound 2 = 204
Avaliação = 1.13158

Tempo de execução: 60.0023s

---------------------------

