Largura da faixa = 146
Melhor altura = 309

Lower Bound 1 = 273
Lower Bound 2 = 203
Avaliação = 1.13187

Tempo de execução: 60s

---------------------------

Largura da faixa = 146
Melhor altura = 309

Lower Bound 1 = 273
Lower Bound 2 = 203
Avaliação = 1.13187

Tempo de execução: 60s

---------------------------

Largura da faixa = 146
Melhor altura = 309

Lower Bound 1 = 273
Lower Bound 2 = 203
Avaliação = 1.13187

Tempo de execução: 60.0001s

---------------------------

Largura da faixa = 146
Melhor altura = 309

Lower Bound 1 = 273
Lower Bound 2 = 203
Avaliação = 1.13187

Tempo de execução: 60s

---------------------------

Largura da faixa = 146
Melhor altura = 309

Lower Bound 1 = 273
Lower Bound 2 = 203
Avaliação = 1.13187

Tempo de execução: 60s

---------------------------

Largura da faixa = 146
Melhor altura = 309

Lower Bound 1 = 273
Lower Bound 2 = 203
Avaliação = 1.13187

Tempo de execução: 60s

---------------------------

Largura da faixa = 146
Melhor altura = 309

Lower Bound 1 = 273
Lower Bound 2 = 203
Avaliação = 1.13187

Tempo de execução: 60.0001s

---------------------------

Largura da faixa = 146
Melhor altura = 309

Lower Bound 1 = 273
Lower Bound 2 = 203
Avaliação = 1.13187

Tempo de execução: 60.0001s

---------------------------

Largura da faixa = 146
Melhor altura = 309

Lower Bound 1 = 273
Lower Bound 2 = 203
Avaliação = 1.13187

Tempo de execução: 60s

---------------------------

Largura da faixa = 146
Melhor altura = 309

Lower Bound 1 = 273
Lower Bound 2 = 203
Avaliação = 1.13187

Tempo de execução: 60s

---------------------------

Largura da faixa = 146
Melhor altura = 309

Lower Bound 1 = 273
Lower Bound 2 = 203
Avaliação = 1.13187

Tempo de execução: 60s

---------------------------

Largura da faixa = 146
Melhor altura = 309

Lower Bound 1 = 273
Lower Bound 2 = 203
Avaliação = 1.13187

Tempo de execução: 60.0001s

---------------------------

Largura da faixa = 146
Melhor altura = 309

Lower Bound 1 = 273
Lower Bound 2 = 203
Avaliação = 1.13187

Tempo de execução: 60s

---------------------------

Largura da faixa = 146
Melhor altura = 309

Lower Bound 1 = 273
Lower Bound 2 = 203
Avaliação = 1.13187

Tempo de execução: 60.0001s

---------------------------

Largura da faixa = 146
Melhor altura = 309

Lower Bound 1 = 273
Lower Bound 2 = 203
Avaliação = 1.13187

Tempo de execução: 60.0001s

---------------------------

Largura da faixa = 146
Melhor altura = 309

Lower Bound 1 = 273
Lower Bound 2 = 203
Avaliação = 1.13187

Tempo de execução: 60s

---------------------------

Largura da faixa = 146
Melhor altura = 309

Lower Bound 1 = 273
Lower Bound 2 = 203
Avaliação = 1.13187

Tempo de execução: 60s

---------------------------

Largura da faixa = 146
Melhor altura = 309

Lower Bound 1 = 273
Lower Bound 2 = 203
Avaliação = 1.13187

Tempo de execução: 60s

---------------------------

Largura da faixa = 146
Melhor altura = 309

Lower Bound 1 = 273
Lower Bound 2 = 203
Avaliação = 1.13187

Tempo de execução: 60s

---------------------------

Largura da faixa = 146
Melhor altura = 309

Lower Bound 1 = 273
Lower Bound 2 = 203
Avaliação = 1.13187

Tempo de execução: 60.0001s

---------------------------

