Largura da faixa = 159
Melhor altura = 304

Lower Bound 1 = 251
Lower Bound 2 = 282
Avaliação = 1.07801

Tempo de execução: 60s

---------------------------

Largura da faixa = 159
Melhor altura = 305

Lower Bound 1 = 251
Lower Bound 2 = 282
Avaliação = 1.08156

Tempo de execução: 60.0005s

---------------------------

Largura da faixa = 159
Melhor altura = 304

Lower Bound 1 = 251
Lower Bound 2 = 282
Avaliação = 1.07801

Tempo de execução: 60.0005s

---------------------------

Largura da faixa = 159
Melhor altura = 304

Lower Bound 1 = 251
Lower Bound 2 = 282
Avaliação = 1.07801

Tempo de execução: 60.0003s

---------------------------

Largura da faixa = 159
Melhor altura = 303

Lower Bound 1 = 251
Lower Bound 2 = 282
Avaliação = 1.07447

Tempo de execução: 60.0004s

---------------------------

Largura da faixa = 159
Melhor altura = 304

Lower Bound 1 = 251
Lower Bound 2 = 282
Avaliação = 1.07801

Tempo de execução: 60.0005s

---------------------------

Largura da faixa = 159
Melhor altura = 304

Lower Bound 1 = 251
Lower Bound 2 = 282
Avaliação = 1.07801

Tempo de execução: 60s

---------------------------

Largura da faixa = 159
Melhor altura = 304

Lower Bound 1 = 251
Lower Bound 2 = 282
Avaliação = 1.07801

Tempo de execução: 60.0001s

---------------------------

Largura da faixa = 159
Melhor altura = 304

Lower Bound 1 = 251
Lower Bound 2 = 282
Avaliação = 1.07801

Tempo de execução: 60.0007s

---------------------------

Largura da faixa = 159
Melhor altura = 304

Lower Bound 1 = 251
Lower Bound 2 = 282
Avaliação = 1.07801

Tempo de execução: 60.0001s

---------------------------

Largura da faixa = 159
Melhor altura = 304

Lower Bound 1 = 251
Lower Bound 2 = 282
Avaliação = 1.07801

Tempo de execução: 60.0001s

---------------------------

Largura da faixa = 159
Melhor altura = 304

Lower Bound 1 = 251
Lower Bound 2 = 282
Avaliação = 1.07801

Tempo de execução: 60.0009s

---------------------------

Largura da faixa = 159
Melhor altura = 304

Lower Bound 1 = 251
Lower Bound 2 = 282
Avaliação = 1.07801

Tempo de execução: 60.0001s

---------------------------

Largura da faixa = 159
Melhor altura = 304

Lower Bound 1 = 251
Lower Bound 2 = 282
Avaliação = 1.07801

Tempo de execução: 60s

---------------------------

Largura da faixa = 159
Melhor altura = 304

Lower Bound 1 = 251
Lower Bound 2 = 282
Avaliação = 1.07801

Tempo de execução: 60s

---------------------------

Largura da faixa = 159
Melhor altura = 304

Lower Bound 1 = 251
Lower Bound 2 = 282
Avaliação = 1.07801

Tempo de execução: 60.0003s

---------------------------

Largura da faixa = 159
Melhor altura = 304

Lower Bound 1 = 251
Lower Bound 2 = 282
Avaliação = 1.07801

Tempo de execução: 60.0008s

---------------------------

Largura da faixa = 159
Melhor altura = 305

Lower Bound 1 = 251
Lower Bound 2 = 282
Avaliação = 1.08156

Tempo de execução: 60.0004s

---------------------------

Largura da faixa = 159
Melhor altura = 304

Lower Bound 1 = 251
Lower Bound 2 = 282
Avaliação = 1.07801

Tempo de execução: 60.0002s

---------------------------

Largura da faixa = 159
Melhor altura = 304

Lower Bound 1 = 251
Lower Bound 2 = 282
Avaliação = 1.07801

Tempo de execução: 60.0001s

---------------------------

