Largura da faixa = 91
Melhor altura = 509

Lower Bound 1 = 439
Lower Bound 2 = 272
Avaliação = 1.15945

Tempo de execução: 60.001s

---------------------------

Largura da faixa = 91
Melhor altura = 504

Lower Bound 1 = 439
Lower Bound 2 = 272
Avaliação = 1.14806

Tempo de execução: 60.0072s

---------------------------

Largura da faixa = 91
Melhor altura = 508

Lower Bound 1 = 439
Lower Bound 2 = 272
Avaliação = 1.15718

Tempo de execução: 60.0031s

---------------------------

Largura da faixa = 91
Melhor altura = 503

Lower Bound 1 = 439
Lower Bound 2 = 272
Avaliação = 1.14579

Tempo de execução: 60.0003s

---------------------------

Largura da faixa = 91
Melhor altura = 514

Lower Bound 1 = 439
Lower Bound 2 = 272
Avaliação = 1.17084

Tempo de execução: 60.0003s

---------------------------

Largura da faixa = 91
Melhor altura = 506

Lower Bound 1 = 439
Lower Bound 2 = 272
Avaliação = 1.15262

Tempo de execução: 60.0062s

---------------------------

Largura da faixa = 91
Melhor altura = 509

Lower Bound 1 = 439
Lower Bound 2 = 272
Avaliação = 1.15945

Tempo de execução: 60.0003s

---------------------------

Largura da faixa = 91
Melhor altura = 508

Lower Bound 1 = 439
Lower Bound 2 = 272
Avaliação = 1.15718

Tempo de execução: 60.0019s

---------------------------

Largura da faixa = 91
Melhor altura = 509

Lower Bound 1 = 439
Lower Bound 2 = 272
Avaliação = 1.15945

Tempo de execução: 60.0001s

---------------------------

Largura da faixa = 91
Melhor altura = 502

Lower Bound 1 = 439
Lower Bound 2 = 272
Avaliação = 1.14351

Tempo de execução: 60.0011s

---------------------------

Largura da faixa = 91
Melhor altura = 507

Lower Bound 1 = 439
Lower Bound 2 = 272
Avaliação = 1.1549

Tempo de execução: 60.0001s

---------------------------

Largura da faixa = 91
Melhor altura = 505

Lower Bound 1 = 439
Lower Bound 2 = 272
Avaliação = 1.15034

Tempo de execução: 60.0049s

---------------------------

Largura da faixa = 91
Melhor altura = 505

Lower Bound 1 = 439
Lower Bound 2 = 272
Avaliação = 1.15034

Tempo de execução: 60.0027s

---------------------------

Largura da faixa = 91
Melhor altura = 506

Lower Bound 1 = 439
Lower Bound 2 = 272
Avaliação = 1.15262

Tempo de execução: 60.0043s

---------------------------

Largura da faixa = 91
Melhor altura = 510

Lower Bound 1 = 439
Lower Bound 2 = 272
Avaliação = 1.16173

Tempo de execução: 60.0068s

---------------------------

Largura da faixa = 91
Melhor altura = 509

Lower Bound 1 = 439
Lower Bound 2 = 272
Avaliação = 1.15945

Tempo de execução: 60.0004s

---------------------------

Largura da faixa = 91
Melhor altura = 505

Lower Bound 1 = 439
Lower Bound 2 = 272
Avaliação = 1.15034

Tempo de execução: 60.0003s

---------------------------

Largura da faixa = 91
Melhor altura = 502

Lower Bound 1 = 439
Lower Bound 2 = 272
Avaliação = 1.14351

Tempo de execução: 60.0033s

---------------------------

Largura da faixa = 91
Melhor altura = 507

Lower Bound 1 = 439
Lower Bound 2 = 272
Avaliação = 1.1549

Tempo de execução: 60.0015s

---------------------------

Largura da faixa = 91
Melhor altura = 506

Lower Bound 1 = 439
Lower Bound 2 = 272
Avaliação = 1.15262

Tempo de execução: 60.0039s

---------------------------

