Largura da faixa = 119
Melhor altura = 369

Lower Bound 1 = 336
Lower Bound 2 = 222
Avaliação = 1.09821

Tempo de execução: 60.0001s

---------------------------

Largura da faixa = 119
Melhor altura = 370

Lower Bound 1 = 336
Lower Bound 2 = 222
Avaliação = 1.10119

Tempo de execução: 60s

---------------------------

Largura da faixa = 119
Melhor altura = 369

Lower Bound 1 = 336
Lower Bound 2 = 222
Avaliação = 1.09821

Tempo de execução: 60.0003s

---------------------------

Largura da faixa = 119
Melhor altura = 369

Lower Bound 1 = 336
Lower Bound 2 = 222
Avaliação = 1.09821

Tempo de execução: 60s

---------------------------

Largura da faixa = 119
Melhor altura = 370

Lower Bound 1 = 336
Lower Bound 2 = 222
Avaliação = 1.10119

Tempo de execução: 60s

---------------------------

Largura da faixa = 119
Melhor altura = 377

Lower Bound 1 = 336
Lower Bound 2 = 222
Avaliação = 1.12202

Tempo de execução: 60.0001s

---------------------------

Largura da faixa = 119
Melhor altura = 368

Lower Bound 1 = 336
Lower Bound 2 = 222
Avaliação = 1.09524

Tempo de execução: 60.0003s

---------------------------

Largura da faixa = 119
Melhor altura = 367

Lower Bound 1 = 336
Lower Bound 2 = 222
Avaliação = 1.09226

Tempo de execução: 60.0001s

---------------------------

Largura da faixa = 119
Melhor altura = 367

Lower Bound 1 = 336
Lower Bound 2 = 222
Avaliação = 1.09226

Tempo de execução: 60.0004s

---------------------------

Largura da faixa = 119
Melhor altura = 374

Lower Bound 1 = 336
Lower Bound 2 = 222
Avaliação = 1.1131

Tempo de execução: 60.0002s

---------------------------

Largura da faixa = 119
Melhor altura = 370

Lower Bound 1 = 336
Lower Bound 2 = 222
Avaliação = 1.10119

Tempo de execução: 60.0003s

---------------------------

Largura da faixa = 119
Melhor altura = 371

Lower Bound 1 = 336
Lower Bound 2 = 222
Avaliação = 1.10417

Tempo de execução: 60.0007s

---------------------------

Largura da faixa = 119
Melhor altura = 374

Lower Bound 1 = 336
Lower Bound 2 = 222
Avaliação = 1.1131

Tempo de execução: 60.0002s

---------------------------

Largura da faixa = 119
Melhor altura = 367

Lower Bound 1 = 336
Lower Bound 2 = 222
Avaliação = 1.09226

Tempo de execução: 60.0001s

---------------------------

Largura da faixa = 119
Melhor altura = 367

Lower Bound 1 = 336
Lower Bound 2 = 222
Avaliação = 1.09226

Tempo de execução: 60.0004s

---------------------------

Largura da faixa = 119
Melhor altura = 370

Lower Bound 1 = 336
Lower Bound 2 = 222
Avaliação = 1.10119

Tempo de execução: 60.0003s

---------------------------

Largura da faixa = 119
Melhor altura = 375

Lower Bound 1 = 336
Lower Bound 2 = 222
Avaliação = 1.11607

Tempo de execução: 60.0001s

---------------------------

Largura da faixa = 119
Melhor altura = 374

Lower Bound 1 = 336
Lower Bound 2 = 222
Avaliação = 1.1131

Tempo de execução: 60.0003s

---------------------------

Largura da faixa = 119
Melhor altura = 367

Lower Bound 1 = 336
Lower Bound 2 = 222
Avaliação = 1.09226

Tempo de execução: 60.0001s

---------------------------

Largura da faixa = 119
Melhor altura = 371

Lower Bound 1 = 336
Lower Bound 2 = 222
Avaliação = 1.10417

Tempo de execução: 60s

---------------------------

