Largura da faixa = 97
Melhor altura = 496

Lower Bound 1 = 412
Lower Bound 2 = 340
Avaliação = 1.20388

Tempo de execução: 60s

---------------------------

Largura da faixa = 97
Melhor altura = 496

Lower Bound 1 = 412
Lower Bound 2 = 340
Avaliação = 1.20388

Tempo de execução: 60.0001s

---------------------------

Largura da faixa = 97
Melhor altura = 496

Lower Bound 1 = 412
Lower Bound 2 = 340
Avaliação = 1.20388

Tempo de execução: 60s

---------------------------

Largura da faixa = 97
Melhor altura = 496

Lower Bound 1 = 412
Lower Bound 2 = 340
Avaliação = 1.20388

Tempo de execução: 60s

---------------------------

Largura da faixa = 97
Melhor altura = 496

Lower Bound 1 = 412
Lower Bound 2 = 340
Avaliação = 1.20388

Tempo de execução: 60.0001s

---------------------------

Largura da faixa = 97
Melhor altura = 496

Lower Bound 1 = 412
Lower Bound 2 = 340
Avaliação = 1.20388

Tempo de execução: 60.0001s

---------------------------

Largura da faixa = 97
Melhor altura = 496

Lower Bound 1 = 412
Lower Bound 2 = 340
Avaliação = 1.20388

Tempo de execução: 60s

---------------------------

Largura da faixa = 97
Melhor altura = 496

Lower Bound 1 = 412
Lower Bound 2 = 340
Avaliação = 1.20388

Tempo de execução: 60.0001s

---------------------------

Largura da faixa = 97
Melhor altura = 496

Lower Bound 1 = 412
Lower Bound 2 = 340
Avaliação = 1.20388

Tempo de execução: 60.0001s

---------------------------

Largura da faixa = 97
Melhor altura = 496

Lower Bound 1 = 412
Lower Bound 2 = 340
Avaliação = 1.20388

Tempo de execução: 60s

---------------------------

Largura da faixa = 97
Melhor altura = 496

Lower Bound 1 = 412
Lower Bound 2 = 340
Avaliação = 1.20388

Tempo de execução: 60.0001s

---------------------------

Largura da faixa = 97
Melhor altura = 496

Lower Bound 1 = 412
Lower Bound 2 = 340
Avaliação = 1.20388

Tempo de execução: 60s

---------------------------

Largura da faixa = 97
Melhor altura = 496

Lower Bound 1 = 412
Lower Bound 2 = 340
Avaliação = 1.20388

Tempo de execução: 60s

---------------------------

Largura da faixa = 97
Melhor altura = 496

Lower Bound 1 = 412
Lower Bound 2 = 340
Avaliação = 1.20388

Tempo de execução: 60s

---------------------------

Largura da faixa = 97
Melhor altura = 496

Lower Bound 1 = 412
Lower Bound 2 = 340
Avaliação = 1.20388

Tempo de execução: 60.0002s

---------------------------

Largura da faixa = 97
Melhor altura = 496

Lower Bound 1 = 412
Lower Bound 2 = 340
Avaliação = 1.20388

Tempo de execução: 60.0001s

---------------------------

Largura da faixa = 97
Melhor altura = 496

Lower Bound 1 = 412
Lower Bound 2 = 340
Avaliação = 1.20388

Tempo de execução: 60.0002s

---------------------------

Largura da faixa = 97
Melhor altura = 496

Lower Bound 1 = 412
Lower Bound 2 = 340
Avaliação = 1.20388

Tempo de execução: 60s

---------------------------

Largura da faixa = 97
Melhor altura = 496

Lower Bound 1 = 412
Lower Bound 2 = 340
Avaliação = 1.20388

Tempo de execução: 60.0003s

---------------------------

Largura da faixa = 97
Melhor altura = 496

Lower Bound 1 = 412
Lower Bound 2 = 340
Avaliação = 1.20388

Tempo de execução: 60s

---------------------------

