Largura da faixa = 108
Melhor altura = 466

Lower Bound 1 = 370
Lower Bound 2 = 215
Avaliação = 1.25946

Tempo de execução: 60.0004s

---------------------------

Largura da faixa = 108
Melhor altura = 459

Lower Bound 1 = 370
Lower Bound 2 = 215
Avaliação = 1.24054

Tempo de execução: 60.0014s

---------------------------

Largura da faixa = 108
Melhor altura = 449

Lower Bound 1 = 370
Lower Bound 2 = 215
Avaliação = 1.21351

Tempo de execução: 60.0002s

---------------------------

Largura da faixa = 108
Melhor altura = 463

Lower Bound 1 = 370
Lower Bound 2 = 215
Avaliação = 1.25135

Tempo de execução: 60.0002s

---------------------------

Largura da faixa = 108
Melhor altura = 458

Lower Bound 1 = 370
Lower Bound 2 = 215
Avaliação = 1.23784

Tempo de execução: 60.0042s

---------------------------

Largura da faixa = 108
Melhor altura = 433

Lower Bound 1 = 370
Lower Bound 2 = 215
Avaliação = 1.17027

Tempo de execução: 60.0103s

---------------------------

Largura da faixa = 108
Melhor altura = 463

Lower Bound 1 = 370
Lower Bound 2 = 215
Avaliação = 1.25135

Tempo de execução: 60.0002s

---------------------------

Largura da faixa = 108
Melhor altura = 461

Lower Bound 1 = 370
Lower Bound 2 = 215
Avaliação = 1.24595

Tempo de execução: 60.0001s

---------------------------

Largura da faixa = 108
Melhor altura = 467

Lower Bound 1 = 370
Lower Bound 2 = 215
Avaliação = 1.26216

Tempo de execução: 60.0201s

---------------------------

Largura da faixa = 108
Melhor altura = 443

Lower Bound 1 = 370
Lower Bound 2 = 215
Avaliação = 1.1973

Tempo de execução: 60s

---------------------------

Largura da faixa = 108
Melhor altura = 464

Lower Bound 1 = 370
Lower Bound 2 = 215
Avaliação = 1.25405

Tempo de execução: 60.0036s

---------------------------

Largura da faixa = 108
Melhor altura = 468

Lower Bound 1 = 370
Lower Bound 2 = 215
Avaliação = 1.26486

Tempo de execução: 60.0141s

---------------------------

Largura da faixa = 108
Melhor altura = 451

Lower Bound 1 = 370
Lower Bound 2 = 215
Avaliação = 1.21892

Tempo de execução: 60.0011s

---------------------------

Largura da faixa = 108
Melhor altura = 450

Lower Bound 1 = 370
Lower Bound 2 = 215
Avaliação = 1.21622

Tempo de execução: 60.0103s

---------------------------

Largura da faixa = 108
Melhor altura = 453

Lower Bound 1 = 370
Lower Bound 2 = 215
Avaliação = 1.22432

Tempo de execução: 60.0075s

---------------------------

Largura da faixa = 108
Melhor altura = 465

Lower Bound 1 = 370
Lower Bound 2 = 215
Avaliação = 1.25676

Tempo de execução: 60.0048s

---------------------------

Largura da faixa = 108
Melhor altura = 455

Lower Bound 1 = 370
Lower Bound 2 = 215
Avaliação = 1.22973

Tempo de execução: 60.0015s

---------------------------

Largura da faixa = 108
Melhor altura = 457

Lower Bound 1 = 370
Lower Bound 2 = 215
Avaliação = 1.23514

Tempo de execução: 60.0056s

---------------------------

Largura da faixa = 108
Melhor altura = 451

Lower Bound 1 = 370
Lower Bound 2 = 215
Avaliação = 1.21892

Tempo de execução: 60.0015s

---------------------------

Largura da faixa = 108
Melhor altura = 455

Lower Bound 1 = 370
Lower Bound 2 = 215
Avaliação = 1.22973

Tempo de execução: 60.0136s

---------------------------

