Largura da faixa = 93
Melhor altura = 535

Lower Bound 1 = 430
Lower Bound 2 = 245
Avaliação = 1.24419

Tempo de execução: 60.0169s

---------------------------

Largura da faixa = 93
Melhor altura = 542

Lower Bound 1 = 430
Lower Bound 2 = 245
Avaliação = 1.26047

Tempo de execução: 60.0558s

---------------------------

Largura da faixa = 93
Melhor altura = 540

Lower Bound 1 = 430
Lower Bound 2 = 245
Avaliação = 1.25581

Tempo de execução: 60.0668s

---------------------------

Largura da faixa = 93
Melhor altura = 527

Lower Bound 1 = 430
Lower Bound 2 = 245
Avaliação = 1.22558

Tempo de execução: 60.014s

---------------------------

Largura da faixa = 93
Melhor altura = 543

Lower Bound 1 = 430
Lower Bound 2 = 245
Avaliação = 1.26279

Tempo de execução: 60.0324s

---------------------------

Largura da faixa = 93
Melhor altura = 543

Lower Bound 1 = 430
Lower Bound 2 = 245
Avaliação = 1.26279

Tempo de execução: 60.0235s

---------------------------

Largura da faixa = 93
Melhor altura = 543

Lower Bound 1 = 430
Lower Bound 2 = 245
Avaliação = 1.26279

Tempo de execução: 60.012s

---------------------------

Largura da faixa = 93
Melhor altura = 539

Lower Bound 1 = 430
Lower Bound 2 = 245
Avaliação = 1.25349

Tempo de execução: 60.0325s

---------------------------

Largura da faixa = 93
Melhor altura = 535

Lower Bound 1 = 430
Lower Bound 2 = 245
Avaliação = 1.24419

Tempo de execução: 60.012s

---------------------------

Largura da faixa = 93
Melhor altura = 534

Lower Bound 1 = 430
Lower Bound 2 = 245
Avaliação = 1.24186

Tempo de execução: 60.0026s

---------------------------

Largura da faixa = 93
Melhor altura = 525

Lower Bound 1 = 430
Lower Bound 2 = 245
Avaliação = 1.22093

Tempo de execução: 60.022s

---------------------------

Largura da faixa = 93
Melhor altura = 542

Lower Bound 1 = 430
Lower Bound 2 = 245
Avaliação = 1.26047

Tempo de execução: 60.0893s

---------------------------

Largura da faixa = 93
Melhor altura = 550

Lower Bound 1 = 430
Lower Bound 2 = 245
Avaliação = 1.27907

Tempo de execução: 60.0056s

---------------------------

Largura da faixa = 93
Melhor altura = 545

Lower Bound 1 = 430
Lower Bound 2 = 245
Avaliação = 1.26744

Tempo de execução: 60.029s

---------------------------

Largura da faixa = 93
Melhor altura = 536

Lower Bound 1 = 430
Lower Bound 2 = 245
Avaliação = 1.24651

Tempo de execução: 60.0063s

---------------------------

Largura da faixa = 93
Melhor altura = 532

Lower Bound 1 = 430
Lower Bound 2 = 245
Avaliação = 1.23721

Tempo de execução: 60.0039s

---------------------------

Largura da faixa = 93
Melhor altura = 554

Lower Bound 1 = 430
Lower Bound 2 = 245
Avaliação = 1.28837

Tempo de execução: 60.0056s

---------------------------

Largura da faixa = 93
Melhor altura = 547

Lower Bound 1 = 430
Lower Bound 2 = 245
Avaliação = 1.27209

Tempo de execução: 60.0625s

---------------------------

Largura da faixa = 93
Melhor altura = 540

Lower Bound 1 = 430
Lower Bound 2 = 245
Avaliação = 1.25581

Tempo de execução: 60.0095s

---------------------------

Largura da faixa = 93
Melhor altura = 537

Lower Bound 1 = 430
Lower Bound 2 = 245
Avaliação = 1.24884

Tempo de execução: 60.0457s

---------------------------

