Largura da faixa = 86
Melhor altura = 559

Lower Bound 1 = 465
Lower Bound 2 = 273
Avaliação = 1.20215

Tempo de execução: 60.0131s

---------------------------

Largura da faixa = 86
Melhor altura = 565

Lower Bound 1 = 465
Lower Bound 2 = 273
Avaliação = 1.21505

Tempo de execução: 60.0232s

---------------------------

Largura da faixa = 86
Melhor altura = 565

Lower Bound 1 = 465
Lower Bound 2 = 273
Avaliação = 1.21505

Tempo de execução: 60.0412s

---------------------------

Largura da faixa = 86
Melhor altura = 566

Lower Bound 1 = 465
Lower Bound 2 = 273
Avaliação = 1.2172

Tempo de execução: 60.0096s

---------------------------

Largura da faixa = 86
Melhor altura = 565

Lower Bound 1 = 465
Lower Bound 2 = 273
Avaliação = 1.21505

Tempo de execução: 60.017s

---------------------------

Largura da faixa = 86
Melhor altura = 567

Lower Bound 1 = 465
Lower Bound 2 = 273
Avaliação = 1.21935

Tempo de execução: 60.027s

---------------------------

Largura da faixa = 86
Melhor altura = 563

Lower Bound 1 = 465
Lower Bound 2 = 273
Avaliação = 1.21075

Tempo de execução: 60.0176s

---------------------------

Largura da faixa = 86
Melhor altura = 564

Lower Bound 1 = 465
Lower Bound 2 = 273
Avaliação = 1.2129

Tempo de execução: 60.0374s

---------------------------

Largura da faixa = 86
Melhor altura = 560

Lower Bound 1 = 465
Lower Bound 2 = 273
Avaliação = 1.2043

Tempo de execução: 60.0273s

---------------------------

Largura da faixa = 86
Melhor altura = 563

Lower Bound 1 = 465
Lower Bound 2 = 273
Avaliação = 1.21075

Tempo de execução: 60.0023s

---------------------------

Largura da faixa = 86
Melhor altura = 550

Lower Bound 1 = 465
Lower Bound 2 = 273
Avaliação = 1.1828

Tempo de execução: 60.0482s

---------------------------

Largura da faixa = 86
Melhor altura = 560

Lower Bound 1 = 465
Lower Bound 2 = 273
Avaliação = 1.2043

Tempo de execução: 60.0459s

---------------------------

Largura da faixa = 86
Melhor altura = 561

Lower Bound 1 = 465
Lower Bound 2 = 273
Avaliação = 1.20645

Tempo de execução: 60.0104s

---------------------------

Largura da faixa = 86
Melhor altura = 559

Lower Bound 1 = 465
Lower Bound 2 = 273
Avaliação = 1.20215

Tempo de execução: 60.0012s

---------------------------

Largura da faixa = 86
Melhor altura = 557

Lower Bound 1 = 465
Lower Bound 2 = 273
Avaliação = 1.19785

Tempo de execução: 60.0395s

---------------------------

Largura da faixa = 86
Melhor altura = 565

Lower Bound 1 = 465
Lower Bound 2 = 273
Avaliação = 1.21505

Tempo de execução: 60.0181s

---------------------------

Largura da faixa = 86
Melhor altura = 564

Lower Bound 1 = 465
Lower Bound 2 = 273
Avaliação = 1.2129

Tempo de execução: 60.0361s

---------------------------

Largura da faixa = 86
Melhor altura = 565

Lower Bound 1 = 465
Lower Bound 2 = 273
Avaliação = 1.21505

Tempo de execução: 60.0701s

---------------------------

Largura da faixa = 86
Melhor altura = 564

Lower Bound 1 = 465
Lower Bound 2 = 273
Avaliação = 1.2129

Tempo de execução: 60.0036s

---------------------------

Largura da faixa = 86
Melhor altura = 565

Lower Bound 1 = 465
Lower Bound 2 = 273
Avaliação = 1.21505

Tempo de execução: 60.0419s

---------------------------

