Largura da faixa = 105
Melhor altura = 433

Lower Bound 1 = 380
Lower Bound 2 = 230
Avaliação = 1.13947

Tempo de execução: 60s

---------------------------

Largura da faixa = 105
Melhor altura = 428

Lower Bound 1 = 380
Lower Bound 2 = 230
Avaliação = 1.12632

Tempo de execução: 60.0007s

---------------------------

Largura da faixa = 105
Melhor altura = 434

Lower Bound 1 = 380
Lower Bound 2 = 230
Avaliação = 1.14211

Tempo de execução: 60.0014s

---------------------------

Largura da faixa = 105
Melhor altura = 428

Lower Bound 1 = 380
Lower Bound 2 = 230
Avaliação = 1.12632

Tempo de execução: 60.0003s

---------------------------

Largura da faixa = 105
Melhor altura = 440

Lower Bound 1 = 380
Lower Bound 2 = 230
Avaliação = 1.15789

Tempo de execução: 60.0001s

---------------------------

Largura da faixa = 105
Melhor altura = 428

Lower Bound 1 = 380
Lower Bound 2 = 230
Avaliação = 1.12632

Tempo de execução: 60s

---------------------------

Largura da faixa = 105
Melhor altura = 426

Lower Bound 1 = 380
Lower Bound 2 = 230
Avaliação = 1.12105

Tempo de execução: 60.0008s

---------------------------

Largura da faixa = 105
Melhor altura = 428

Lower Bound 1 = 380
Lower Bound 2 = 230
Avaliação = 1.12632

Tempo de execução: 60.0001s

---------------------------

Largura da faixa = 105
Melhor altura = 424

Lower Bound 1 = 380
Lower Bound 2 = 230
Avaliação = 1.11579

Tempo de execução: 60.002s

---------------------------

Largura da faixa = 105
Melhor altura = 437

Lower Bound 1 = 380
Lower Bound 2 = 230
Avaliação = 1.15

Tempo de execução: 60.0003s

---------------------------

Largura da faixa = 105
Melhor altura = 428

Lower Bound 1 = 380
Lower Bound 2 = 230
Avaliação = 1.12632

Tempo de execução: 60s

---------------------------

Largura da faixa = 105
Melhor altura = 423

Lower Bound 1 = 380
Lower Bound 2 = 230
Avaliação = 1.11316

Tempo de execução: 60.0013s

---------------------------

Largura da faixa = 105
Melhor altura = 429

Lower Bound 1 = 380
Lower Bound 2 = 230
Avaliação = 1.12895

Tempo de execução: 60.0001s

---------------------------

Largura da faixa = 105
Melhor altura = 426

Lower Bound 1 = 380
Lower Bound 2 = 230
Avaliação = 1.12105

Tempo de execução: 60.0003s

---------------------------

Largura da faixa = 105
Melhor altura = 429

Lower Bound 1 = 380
Lower Bound 2 = 230
Avaliação = 1.12895

Tempo de execução: 60.0008s

---------------------------

Largura da faixa = 105
Melhor altura = 429

Lower Bound 1 = 380
Lower Bound 2 = 230
Avaliação = 1.12895

Tempo de execução: 60.0002s

---------------------------

Largura da faixa = 105
Melhor altura = 440

Lower Bound 1 = 380
Lower Bound 2 = 230
Avaliação = 1.15789

Tempo de execução: 60.0001s

---------------------------

Largura da faixa = 105
Melhor altura = 433

Lower Bound 1 = 380
Lower Bound 2 = 230
Avaliação = 1.13947

Tempo de execução: 60.0015s

---------------------------

Largura da faixa = 105
Melhor altura = 431

Lower Bound 1 = 380
Lower Bound 2 = 230
Avaliação = 1.13421

Tempo de execução: 60.0013s

---------------------------

Largura da faixa = 105
Melhor altura = 426

Lower Bound 1 = 380
Lower Bound 2 = 230
Avaliação = 1.12105

Tempo de execução: 60.0015s

---------------------------

