Largura da faixa = 97
Melhor altura = 486

Lower Bound 1 = 412
Lower Bound 2 = 113
Avaliação = 1.17961

Tempo de execução: 60.0002s

---------------------------

Largura da faixa = 97
Melhor altura = 494

Lower Bound 1 = 412
Lower Bound 2 = 113
Avaliação = 1.19903

Tempo de execução: 60.0105s

---------------------------

Largura da faixa = 97
Melhor altura = 494

Lower Bound 1 = 412
Lower Bound 2 = 113
Avaliação = 1.19903

Tempo de execução: 60.0397s

---------------------------

Largura da faixa = 97
Melhor altura = 500

Lower Bound 1 = 412
Lower Bound 2 = 113
Avaliação = 1.21359

Tempo de execução: 60.0157s

---------------------------

Largura da faixa = 97
Melhor altura = 500

Lower Bound 1 = 412
Lower Bound 2 = 113
Avaliação = 1.21359

Tempo de execução: 60.0179s

---------------------------

Largura da faixa = 97
Melhor altura = 496

Lower Bound 1 = 412
Lower Bound 2 = 113
Avaliação = 1.20388

Tempo de execução: 60.0157s

---------------------------

Largura da faixa = 97
Melhor altura = 494

Lower Bound 1 = 412
Lower Bound 2 = 113
Avaliação = 1.19903

Tempo de execução: 60.0065s

---------------------------

Largura da faixa = 97
Melhor altura = 498

Lower Bound 1 = 412
Lower Bound 2 = 113
Avaliação = 1.20874

Tempo de execução: 60.0186s

---------------------------

Largura da faixa = 97
Melhor altura = 493

Lower Bound 1 = 412
Lower Bound 2 = 113
Avaliação = 1.1966

Tempo de execução: 60.0626s

---------------------------

Largura da faixa = 97
Melhor altura = 493

Lower Bound 1 = 412
Lower Bound 2 = 113
Avaliação = 1.1966

Tempo de execução: 60.0065s

---------------------------

Largura da faixa = 97
Melhor altura = 500

Lower Bound 1 = 412
Lower Bound 2 = 113
Avaliação = 1.21359

Tempo de execução: 60.0161s

---------------------------

Largura da faixa = 97
Melhor altura = 486

Lower Bound 1 = 412
Lower Bound 2 = 113
Avaliação = 1.17961

Tempo de execução: 60.0335s

---------------------------

Largura da faixa = 97
Melhor altura = 497

Lower Bound 1 = 412
Lower Bound 2 = 113
Avaliação = 1.20631

Tempo de execução: 60.0046s

---------------------------

Largura da faixa = 97
Melhor altura = 493

Lower Bound 1 = 412
Lower Bound 2 = 113
Avaliação = 1.1966

Tempo de execução: 60.031s

---------------------------

Largura da faixa = 97
Melhor altura = 494

Lower Bound 1 = 412
Lower Bound 2 = 113
Avaliação = 1.19903

Tempo de execução: 60.0015s

---------------------------

Largura da faixa = 97
Melhor altura = 494

Lower Bound 1 = 412
Lower Bound 2 = 113
Avaliação = 1.19903

Tempo de execução: 60.0028s

---------------------------

Largura da faixa = 97
Melhor altura = 493

Lower Bound 1 = 412
Lower Bound 2 = 113
Avaliação = 1.1966

Tempo de execução: 60.0537s

---------------------------

Largura da faixa = 97
Melhor altura = 498

Lower Bound 1 = 412
Lower Bound 2 = 113
Avaliação = 1.20874

Tempo de execução: 60.0147s

---------------------------

Largura da faixa = 97
Melhor altura = 487

Lower Bound 1 = 412
Lower Bound 2 = 113
Avaliação = 1.18204

Tempo de execução: 60.0044s

---------------------------

Largura da faixa = 97
Melhor altura = 499

Lower Bound 1 = 412
Lower Bound 2 = 113
Avaliação = 1.21117

Tempo de execução: 60.0361s

---------------------------

