Largura da faixa = 165
Melhor altura = 276

Lower Bound 1 = 242
Lower Bound 2 = 198
Avaliação = 1.1405

Tempo de execução: 60.0001s

---------------------------

Largura da faixa = 165
Melhor altura = 285

Lower Bound 1 = 242
Lower Bound 2 = 198
Avaliação = 1.17769

Tempo de execução: 60s

---------------------------

Largura da faixa = 165
Melhor altura = 282

Lower Bound 1 = 242
Lower Bound 2 = 198
Avaliação = 1.16529

Tempo de execução: 60.0005s

---------------------------

Largura da faixa = 165
Melhor altura = 285

Lower Bound 1 = 242
Lower Bound 2 = 198
Avaliação = 1.17769

Tempo de execução: 60.0001s

---------------------------

Largura da faixa = 165
Melhor altura = 278

Lower Bound 1 = 242
Lower Bound 2 = 198
Avaliação = 1.14876

Tempo de execução: 60.0001s

---------------------------

Largura da faixa = 165
Melhor altura = 274

Lower Bound 1 = 242
Lower Bound 2 = 198
Avaliação = 1.13223

Tempo de execução: 60.0005s

---------------------------

Largura da faixa = 165
Melhor altura = 277

Lower Bound 1 = 242
Lower Bound 2 = 198
Avaliação = 1.14463

Tempo de execução: 60.0005s

---------------------------

Largura da faixa = 165
Melhor altura = 279

Lower Bound 1 = 242
Lower Bound 2 = 198
Avaliação = 1.15289

Tempo de execução: 60.0004s

---------------------------

Largura da faixa = 165
Melhor altura = 279

Lower Bound 1 = 242
Lower Bound 2 = 198
Avaliação = 1.15289

Tempo de execução: 60.0001s

---------------------------

Largura da faixa = 165
Melhor altura = 281

Lower Bound 1 = 242
Lower Bound 2 = 198
Avaliação = 1.16116

Tempo de execução: 60.0002s

---------------------------

Largura da faixa = 165
Melhor altura = 282

Lower Bound 1 = 242
Lower Bound 2 = 198
Avaliação = 1.16529

Tempo de execução: 60.0008s

---------------------------

Largura da faixa = 165
Melhor altura = 285

Lower Bound 1 = 242
Lower Bound 2 = 198
Avaliação = 1.17769

Tempo de execução: 60.0009s

---------------------------

Largura da faixa = 165
Melhor altura = 284

Lower Bound 1 = 242
Lower Bound 2 = 198
Avaliação = 1.17355

Tempo de execução: 60.0001s

---------------------------

Largura da faixa = 165
Melhor altura = 275

Lower Bound 1 = 242
Lower Bound 2 = 198
Avaliação = 1.13636

Tempo de execução: 60.0004s

---------------------------

Largura da faixa = 165
Melhor altura = 281

Lower Bound 1 = 242
Lower Bound 2 = 198
Avaliação = 1.16116

Tempo de execução: 60.0001s

---------------------------

Largura da faixa = 165
Melhor altura = 286

Lower Bound 1 = 242
Lower Bound 2 = 198
Avaliação = 1.18182

Tempo de execução: 60.0001s

---------------------------

Largura da faixa = 165
Melhor altura = 288

Lower Bound 1 = 242
Lower Bound 2 = 198
Avaliação = 1.19008

Tempo de execução: 60.0001s

---------------------------

Largura da faixa = 165
Melhor altura = 282

Lower Bound 1 = 242
Lower Bound 2 = 198
Avaliação = 1.16529

Tempo de execução: 60.0003s

---------------------------

Largura da faixa = 165
Melhor altura = 283

Lower Bound 1 = 242
Lower Bound 2 = 198
Avaliação = 1.16942

Tempo de execução: 60.0001s

---------------------------

Largura da faixa = 165
Melhor altura = 284

Lower Bound 1 = 242
Lower Bound 2 = 198
Avaliação = 1.17355

Tempo de execução: 60s

---------------------------

