Largura da faixa = 150
Melhor altura = 287

Lower Bound 1 = 266
Lower Bound 2 = 271
Avaliação = 1.05904

Tempo de execução: 60s

---------------------------

Largura da faixa = 150
Melhor altura = 287

Lower Bound 1 = 266
Lower Bound 2 = 271
Avaliação = 1.05904

Tempo de execução: 60.0001s

---------------------------

Largura da faixa = 150
Melhor altura = 287

Lower Bound 1 = 266
Lower Bound 2 = 271
Avaliação = 1.05904

Tempo de execução: 60.0001s

---------------------------

Largura da faixa = 150
Melhor altura = 287

Lower Bound 1 = 266
Lower Bound 2 = 271
Avaliação = 1.05904

Tempo de execução: 60.0001s

---------------------------

Largura da faixa = 150
Melhor altura = 287

Lower Bound 1 = 266
Lower Bound 2 = 271
Avaliação = 1.05904

Tempo de execução: 60.0002s

---------------------------

Largura da faixa = 150
Melhor altura = 287

Lower Bound 1 = 266
Lower Bound 2 = 271
Avaliação = 1.05904

Tempo de execução: 60.0004s

---------------------------

Largura da faixa = 150
Melhor altura = 287

Lower Bound 1 = 266
Lower Bound 2 = 271
Avaliação = 1.05904

Tempo de execução: 60s

---------------------------

Largura da faixa = 150
Melhor altura = 287

Lower Bound 1 = 266
Lower Bound 2 = 271
Avaliação = 1.05904

Tempo de execução: 60.0002s

---------------------------

Largura da faixa = 150
Melhor altura = 287

Lower Bound 1 = 266
Lower Bound 2 = 271
Avaliação = 1.05904

Tempo de execução: 60.0003s

---------------------------

Largura da faixa = 150
Melhor altura = 287

Lower Bound 1 = 266
Lower Bound 2 = 271
Avaliação = 1.05904

Tempo de execução: 60.0001s

---------------------------

Largura da faixa = 150
Melhor altura = 287

Lower Bound 1 = 266
Lower Bound 2 = 271
Avaliação = 1.05904

Tempo de execução: 60s

---------------------------

Largura da faixa = 150
Melhor altura = 287

Lower Bound 1 = 266
Lower Bound 2 = 271
Avaliação = 1.05904

Tempo de execução: 60s

---------------------------

Largura da faixa = 150
Melhor altura = 287

Lower Bound 1 = 266
Lower Bound 2 = 271
Avaliação = 1.05904

Tempo de execução: 60s

---------------------------

Largura da faixa = 150
Melhor altura = 287

Lower Bound 1 = 266
Lower Bound 2 = 271
Avaliação = 1.05904

Tempo de execução: 60s

---------------------------

Largura da faixa = 150
Melhor altura = 287

Lower Bound 1 = 266
Lower Bound 2 = 271
Avaliação = 1.05904

Tempo de execução: 60.0002s

---------------------------

Largura da faixa = 150
Melhor altura = 287

Lower Bound 1 = 266
Lower Bound 2 = 271
Avaliação = 1.05904

Tempo de execução: 60s

---------------------------

Largura da faixa = 150
Melhor altura = 287

Lower Bound 1 = 266
Lower Bound 2 = 271
Avaliação = 1.05904

Tempo de execução: 60s

---------------------------

Largura da faixa = 150
Melhor altura = 287

Lower Bound 1 = 266
Lower Bound 2 = 271
Avaliação = 1.05904

Tempo de execução: 60.0003s

---------------------------

Largura da faixa = 150
Melhor altura = 287

Lower Bound 1 = 266
Lower Bound 2 = 271
Avaliação = 1.05904

Tempo de execução: 60s

---------------------------

Largura da faixa = 150
Melhor altura = 287

Lower Bound 1 = 266
Lower Bound 2 = 271
Avaliação = 1.05904

Tempo de execução: 60.0002s

---------------------------

