Largura da faixa = 98
Melhor altura = 495

Lower Bound 1 = 408
Lower Bound 2 = 226
Avaliação = 1.21324

Tempo de execução: 60.0043s

---------------------------

Largura da faixa = 98
Melhor altura = 493

Lower Bound 1 = 408
Lower Bound 2 = 226
Avaliação = 1.20833

Tempo de execução: 60.0005s

---------------------------

Largura da faixa = 98
Melhor altura = 495

Lower Bound 1 = 408
Lower Bound 2 = 226
Avaliação = 1.21324

Tempo de execução: 60.0067s

---------------------------

Largura da faixa = 98
Melhor altura = 504

Lower Bound 1 = 408
Lower Bound 2 = 226
Avaliação = 1.23529

Tempo de execução: 60.0003s

---------------------------

Largura da faixa = 98
Melhor altura = 511

Lower Bound 1 = 408
Lower Bound 2 = 226
Avaliação = 1.25245

Tempo de execução: 60.0023s

---------------------------

Largura da faixa = 98
Melhor altura = 499

Lower Bound 1 = 408
Lower Bound 2 = 226
Avaliação = 1.22304

Tempo de execução: 60.005s

---------------------------

Largura da faixa = 98
Melhor altura = 489

Lower Bound 1 = 408
Lower Bound 2 = 226
Avaliação = 1.19853

Tempo de execução: 60.0078s

---------------------------

Largura da faixa = 98
Melhor altura = 498

Lower Bound 1 = 408
Lower Bound 2 = 226
Avaliação = 1.22059

Tempo de execução: 60.0097s

---------------------------

Largura da faixa = 98
Melhor altura = 489

Lower Bound 1 = 408
Lower Bound 2 = 226
Avaliação = 1.19853

Tempo de execução: 60.0076s

---------------------------

Largura da faixa = 98
Melhor altura = 485

Lower Bound 1 = 408
Lower Bound 2 = 226
Avaliação = 1.18873

Tempo de execução: 60.0005s

---------------------------

Largura da faixa = 98
Melhor altura = 488

Lower Bound 1 = 408
Lower Bound 2 = 226
Avaliação = 1.19608

Tempo de execução: 60.0083s

---------------------------

Largura da faixa = 98
Melhor altura = 490

Lower Bound 1 = 408
Lower Bound 2 = 226
Avaliação = 1.20098

Tempo de execução: 60.0049s

---------------------------

Largura da faixa = 98
Melhor altura = 499

Lower Bound 1 = 408
Lower Bound 2 = 226
Avaliação = 1.22304

Tempo de execução: 60.0013s

---------------------------

Largura da faixa = 98
Melhor altura = 483

Lower Bound 1 = 408
Lower Bound 2 = 226
Avaliação = 1.18382

Tempo de execução: 60.0004s

---------------------------

Largura da faixa = 98
Melhor altura = 502

Lower Bound 1 = 408
Lower Bound 2 = 226
Avaliação = 1.23039

Tempo de execução: 60.0035s

---------------------------

Largura da faixa = 98
Melhor altura = 481

Lower Bound 1 = 408
Lower Bound 2 = 226
Avaliação = 1.17892

Tempo de execução: 60.0003s

---------------------------

Largura da faixa = 98
Melhor altura = 497

Lower Bound 1 = 408
Lower Bound 2 = 226
Avaliação = 1.21814

Tempo de execução: 60.0017s

---------------------------

Largura da faixa = 98
Melhor altura = 493

Lower Bound 1 = 408
Lower Bound 2 = 226
Avaliação = 1.20833

Tempo de execução: 60.0087s

---------------------------

Largura da faixa = 98
Melhor altura = 488

Lower Bound 1 = 408
Lower Bound 2 = 226
Avaliação = 1.19608

Tempo de execução: 60.0003s

---------------------------

Largura da faixa = 98
Melhor altura = 481

Lower Bound 1 = 408
Lower Bound 2 = 226
Avaliação = 1.17892

Tempo de execução: 60.0005s

---------------------------

