Largura da faixa = 143
Melhor altura = 317

Lower Bound 1 = 279
Lower Bound 2 = 198
Avaliação = 1.1362

Tempo de execução: 60s

---------------------------

Largura da faixa = 143
Melhor altura = 317

Lower Bound 1 = 279
Lower Bound 2 = 198
Avaliação = 1.1362

Tempo de execução: 60.0004s

---------------------------

Largura da faixa = 143
Melhor altura = 319

Lower Bound 1 = 279
Lower Bound 2 = 198
Avaliação = 1.14337

Tempo de execução: 60.0004s

---------------------------

Largura da faixa = 143
Melhor altura = 317

Lower Bound 1 = 279
Lower Bound 2 = 198
Avaliação = 1.1362

Tempo de execução: 60s

---------------------------

Largura da faixa = 143
Melhor altura = 317

Lower Bound 1 = 279
Lower Bound 2 = 198
Avaliação = 1.1362

Tempo de execução: 60.0003s

---------------------------

Largura da faixa = 143
Melhor altura = 318

Lower Bound 1 = 279
Lower Bound 2 = 198
Avaliação = 1.13978

Tempo de execução: 60.0001s

---------------------------

Largura da faixa = 143
Melhor altura = 317

Lower Bound 1 = 279
Lower Bound 2 = 198
Avaliação = 1.1362

Tempo de execução: 60.0001s

---------------------------

Largura da faixa = 143
Melhor altura = 315

Lower Bound 1 = 279
Lower Bound 2 = 198
Avaliação = 1.12903

Tempo de execução: 60.0001s

---------------------------

Largura da faixa = 143
Melhor altura = 318

Lower Bound 1 = 279
Lower Bound 2 = 198
Avaliação = 1.13978

Tempo de execução: 60.0003s

---------------------------

Largura da faixa = 143
Melhor altura = 319

Lower Bound 1 = 279
Lower Bound 2 = 198
Avaliação = 1.14337

Tempo de execução: 60s

---------------------------

Largura da faixa = 143
Melhor altura = 318

Lower Bound 1 = 279
Lower Bound 2 = 198
Avaliação = 1.13978

Tempo de execução: 60.0003s

---------------------------

Largura da faixa = 143
Melhor altura = 318

Lower Bound 1 = 279
Lower Bound 2 = 198
Avaliação = 1.13978

Tempo de execução: 60.0001s

---------------------------

Largura da faixa = 143
Melhor altura = 314

Lower Bound 1 = 279
Lower Bound 2 = 198
Avaliação = 1.12545

Tempo de execução: 60s

---------------------------

Largura da faixa = 143
Melhor altura = 315

Lower Bound 1 = 279
Lower Bound 2 = 198
Avaliação = 1.12903

Tempo de execução: 60.0004s

---------------------------

Largura da faixa = 143
Melhor altura = 313

Lower Bound 1 = 279
Lower Bound 2 = 198
Avaliação = 1.12186

Tempo de execução: 60.0007s

---------------------------

Largura da faixa = 143
Melhor altura = 317

Lower Bound 1 = 279
Lower Bound 2 = 198
Avaliação = 1.1362

Tempo de execução: 60.0001s

---------------------------

Largura da faixa = 143
Melhor altura = 315

Lower Bound 1 = 279
Lower Bound 2 = 198
Avaliação = 1.12903

Tempo de execução: 60.0003s

---------------------------

Largura da faixa = 143
Melhor altura = 317

Lower Bound 1 = 279
Lower Bound 2 = 198
Avaliação = 1.1362

Tempo de execução: 60.0005s

---------------------------

Largura da faixa = 143
Melhor altura = 318

Lower Bound 1 = 279
Lower Bound 2 = 198
Avaliação = 1.13978

Tempo de execução: 60.0001s

---------------------------

Largura da faixa = 143
Melhor altura = 317

Lower Bound 1 = 279
Lower Bound 2 = 198
Avaliação = 1.1362

Tempo de execução: 60.0006s

---------------------------

