Largura da faixa = 151
Melhor altura = 315

Lower Bound 1 = 264
Lower Bound 2 = 247
Avaliação = 1.19318

Tempo de execução: 60s

---------------------------

Largura da faixa = 151
Melhor altura = 315

Lower Bound 1 = 264
Lower Bound 2 = 247
Avaliação = 1.19318

Tempo de execução: 60s

---------------------------

Largura da faixa = 151
Melhor altura = 315

Lower Bound 1 = 264
Lower Bound 2 = 247
Avaliação = 1.19318

Tempo de execução: 60.0001s

---------------------------

Largura da faixa = 151
Melhor altura = 315

Lower Bound 1 = 264
Lower Bound 2 = 247
Avaliação = 1.19318

Tempo de execução: 60.0001s

---------------------------

Largura da faixa = 151
Melhor altura = 315

Lower Bound 1 = 264
Lower Bound 2 = 247
Avaliação = 1.19318

Tempo de execução: 60.0001s

---------------------------

Largura da faixa = 151
Melhor altura = 315

Lower Bound 1 = 264
Lower Bound 2 = 247
Avaliação = 1.19318

Tempo de execução: 60.0001s

---------------------------

Largura da faixa = 151
Melhor altura = 315

Lower Bound 1 = 264
Lower Bound 2 = 247
Avaliação = 1.19318

Tempo de execução: 60s

---------------------------

Largura da faixa = 151
Melhor altura = 315

Lower Bound 1 = 264
Lower Bound 2 = 247
Avaliação = 1.19318

Tempo de execução: 60.0001s

---------------------------

Largura da faixa = 151
Melhor altura = 315

Lower Bound 1 = 264
Lower Bound 2 = 247
Avaliação = 1.19318

Tempo de execução: 60.0002s

---------------------------

Largura da faixa = 151
Melhor altura = 315

Lower Bound 1 = 264
Lower Bound 2 = 247
Avaliação = 1.19318

Tempo de execução: 60s

---------------------------

Largura da faixa = 151
Melhor altura = 315

Lower Bound 1 = 264
Lower Bound 2 = 247
Avaliação = 1.19318

Tempo de execução: 60.0001s

---------------------------

Largura da faixa = 151
Melhor altura = 315

Lower Bound 1 = 264
Lower Bound 2 = 247
Avaliação = 1.19318

Tempo de execução: 60.0001s

---------------------------

Largura da faixa = 151
Melhor altura = 315

Lower Bound 1 = 264
Lower Bound 2 = 247
Avaliação = 1.19318

Tempo de execução: 60.0001s

---------------------------

Largura da faixa = 151
Melhor altura = 315

Lower Bound 1 = 264
Lower Bound 2 = 247
Avaliação = 1.19318

Tempo de execução: 60.0002s

---------------------------

Largura da faixa = 151
Melhor altura = 315

Lower Bound 1 = 264
Lower Bound 2 = 247
Avaliação = 1.19318

Tempo de execução: 60.0001s

---------------------------

Largura da faixa = 151
Melhor altura = 315

Lower Bound 1 = 264
Lower Bound 2 = 247
Avaliação = 1.19318

Tempo de execução: 60s

---------------------------

Largura da faixa = 151
Melhor altura = 315

Lower Bound 1 = 264
Lower Bound 2 = 247
Avaliação = 1.19318

Tempo de execução: 60.0001s

---------------------------

Largura da faixa = 151
Melhor altura = 315

Lower Bound 1 = 264
Lower Bound 2 = 247
Avaliação = 1.19318

Tempo de execução: 60.0002s

---------------------------

Largura da faixa = 151
Melhor altura = 315

Lower Bound 1 = 264
Lower Bound 2 = 247
Avaliação = 1.19318

Tempo de execução: 60s

---------------------------

Largura da faixa = 151
Melhor altura = 315

Lower Bound 1 = 264
Lower Bound 2 = 247
Avaliação = 1.19318

Tempo de execução: 60s

---------------------------

