Largura da faixa = 30
Melhor altura = 102

Lower Bound 1 = 91
Lower Bound 2 = 30
Avaliação = 1.12088

Tempo de execução: 60.0002s

---------------------------

Largura da faixa = 30
Melhor altura = 102

Lower Bound 1 = 91
Lower Bound 2 = 30
Avaliação = 1.12088

Tempo de execução: 60.0005s

---------------------------

Largura da faixa = 30
Melhor altura = 99

Lower Bound 1 = 91
Lower Bound 2 = 30
Avaliação = 1.08791

Tempo de execução: 60.0015s

---------------------------

Largura da faixa = 30
Melhor altura = 101

Lower Bound 1 = 91
Lower Bound 2 = 30
Avaliação = 1.10989

Tempo de execução: 60.0008s

---------------------------

Largura da faixa = 30
Melhor altura = 101

Lower Bound 1 = 91
Lower Bound 2 = 30
Avaliação = 1.10989

Tempo de execução: 60.0003s

---------------------------

Largura da faixa = 30
Melhor altura = 102

Lower Bound 1 = 91
Lower Bound 2 = 30
Avaliação = 1.12088

Tempo de execução: 60.0021s

---------------------------

Largura da faixa = 30
Melhor altura = 102

Lower Bound 1 = 91
Lower Bound 2 = 30
Avaliação = 1.12088

Tempo de execução: 60s

---------------------------

Largura da faixa = 30
Melhor altura = 100

Lower Bound 1 = 91
Lower Bound 2 = 30
Avaliação = 1.0989

Tempo de execução: 60.0003s

---------------------------

Largura da faixa = 30
Melhor altura = 100

Lower Bound 1 = 91
Lower Bound 2 = 30
Avaliação = 1.0989

Tempo de execução: 60.0013s

---------------------------

Largura da faixa = 30
Melhor altura = 101

Lower Bound 1 = 91
Lower Bound 2 = 30
Avaliação = 1.10989

Tempo de execução: 60.0002s

---------------------------

Largura da faixa = 30
Melhor altura = 100

Lower Bound 1 = 91
Lower Bound 2 = 30
Avaliação = 1.0989

Tempo de execução: 60.0008s

---------------------------

Largura da faixa = 30
Melhor altura = 100

Lower Bound 1 = 91
Lower Bound 2 = 30
Avaliação = 1.0989

Tempo de execução: 60.0029s

---------------------------

Largura da faixa = 30
Melhor altura = 102

Lower Bound 1 = 91
Lower Bound 2 = 30
Avaliação = 1.12088

Tempo de execução: 60.0001s

---------------------------

Largura da faixa = 30
Melhor altura = 102

Lower Bound 1 = 91
Lower Bound 2 = 30
Avaliação = 1.12088

Tempo de execução: 60.0007s

---------------------------

Largura da faixa = 30
Melhor altura = 101

Lower Bound 1 = 91
Lower Bound 2 = 30
Avaliação = 1.10989

Tempo de execução: 60.001s

---------------------------

Largura da faixa = 30
Melhor altura = 100

Lower Bound 1 = 91
Lower Bound 2 = 30
Avaliação = 1.0989

Tempo de execução: 60.0002s

---------------------------

Largura da faixa = 30
Melhor altura = 100

Lower Bound 1 = 91
Lower Bound 2 = 30
Avaliação = 1.0989

Tempo de execução: 60.0003s

---------------------------

Largura da faixa = 30
Melhor altura = 102

Lower Bound 1 = 91
Lower Bound 2 = 30
Avaliação = 1.12088

Tempo de execução: 60.0007s

---------------------------

Largura da faixa = 30
Melhor altura = 101

Lower Bound 1 = 91
Lower Bound 2 = 30
Avaliação = 1.10989

Tempo de execução: 60.0005s

---------------------------

Largura da faixa = 30
Melhor altura = 100

Lower Bound 1 = 91
Lower Bound 2 = 30
Avaliação = 1.0989

Tempo de execução: 60.0004s

---------------------------

