Largura da faixa = 23
Melhor altura = 101

Lower Bound 1 = 91
Lower Bound 2 = 23
Avaliação = 1.10989

Tempo de execução: 60.0001s

---------------------------

Largura da faixa = 23
Melhor altura = 102

Lower Bound 1 = 91
Lower Bound 2 = 23
Avaliação = 1.12088

Tempo de execução: 60.0001s

---------------------------

Largura da faixa = 23
Melhor altura = 100

Lower Bound 1 = 91
Lower Bound 2 = 23
Avaliação = 1.0989

Tempo de execução: 60.0026s

---------------------------

Largura da faixa = 23
Melhor altura = 101

Lower Bound 1 = 91
Lower Bound 2 = 23
Avaliação = 1.10989

Tempo de execução: 60.0003s

---------------------------

Largura da faixa = 23
Melhor altura = 100

Lower Bound 1 = 91
Lower Bound 2 = 23
Avaliação = 1.0989

Tempo de execução: 60.0011s

---------------------------

Largura da faixa = 23
Melhor altura = 101

Lower Bound 1 = 91
Lower Bound 2 = 23
Avaliação = 1.10989

Tempo de execução: 60.0008s

---------------------------

Largura da faixa = 23
Melhor altura = 100

Lower Bound 1 = 91
Lower Bound 2 = 23
Avaliação = 1.0989

Tempo de execução: 60.0007s

---------------------------

Largura da faixa = 23
Melhor altura = 102

Lower Bound 1 = 91
Lower Bound 2 = 23
Avaliação = 1.12088

Tempo de execução: 60.0018s

---------------------------

Largura da faixa = 23
Melhor altura = 99

Lower Bound 1 = 91
Lower Bound 2 = 23
Avaliação = 1.08791

Tempo de execução: 60.0023s

---------------------------

Largura da faixa = 23
Melhor altura = 100

Lower Bound 1 = 91
Lower Bound 2 = 23
Avaliação = 1.0989

Tempo de execução: 60.0003s

---------------------------

Largura da faixa = 23
Melhor altura = 98

Lower Bound 1 = 91
Lower Bound 2 = 23
Avaliação = 1.07692

Tempo de execução: 60.0007s

---------------------------

Largura da faixa = 23
Melhor altura = 102

Lower Bound 1 = 91
Lower Bound 2 = 23
Avaliação = 1.12088

Tempo de execução: 60.0016s

---------------------------

Largura da faixa = 23
Melhor altura = 99

Lower Bound 1 = 91
Lower Bound 2 = 23
Avaliação = 1.08791

Tempo de execução: 60.0002s

---------------------------

Largura da faixa = 23
Melhor altura = 102

Lower Bound 1 = 91
Lower Bound 2 = 23
Avaliação = 1.12088

Tempo de execução: 60.0012s

---------------------------

Largura da faixa = 23
Melhor altura = 101

Lower Bound 1 = 91
Lower Bound 2 = 23
Avaliação = 1.10989

Tempo de execução: 60.0006s

---------------------------

Largura da faixa = 23
Melhor altura = 101

Lower Bound 1 = 91
Lower Bound 2 = 23
Avaliação = 1.10989

Tempo de execução: 60.0002s

---------------------------

Largura da faixa = 23
Melhor altura = 101

Lower Bound 1 = 91
Lower Bound 2 = 23
Avaliação = 1.10989

Tempo de execução: 60.0007s

---------------------------

Largura da faixa = 23
Melhor altura = 102

Lower Bound 1 = 91
Lower Bound 2 = 23
Avaliação = 1.12088

Tempo de execução: 60.0006s

---------------------------

Largura da faixa = 23
Melhor altura = 101

Lower Bound 1 = 91
Lower Bound 2 = 23
Avaliação = 1.10989

Tempo de execução: 60.0005s

---------------------------

Largura da faixa = 23
Melhor altura = 100

Lower Bound 1 = 91
Lower Bound 2 = 23
Avaliação = 1.0989

Tempo de execução: 60.0021s

---------------------------

