Largura da faixa = 32
Melhor altura = 1271

Lower Bound 1 = 1047
Lower Bound 2 = 32
Avaliação = 1.21394

Tempo de execução: 60.0041s

---------------------------

Largura da faixa = 32
Melhor altura = 1274

Lower Bound 1 = 1047
Lower Bound 2 = 32
Avaliação = 1.21681

Tempo de execução: 60.033s

---------------------------

Largura da faixa = 32
Melhor altura = 1275

Lower Bound 1 = 1047
Lower Bound 2 = 32
Avaliação = 1.21777

Tempo de execução: 60.0453s

---------------------------

Largura da faixa = 32
Melhor altura = 1271

Lower Bound 1 = 1047
Lower Bound 2 = 32
Avaliação = 1.21394

Tempo de execução: 60.022s

---------------------------

Largura da faixa = 32
Melhor altura = 1266

Lower Bound 1 = 1047
Lower Bound 2 = 32
Avaliação = 1.20917

Tempo de execução: 60.0682s

---------------------------

Largura da faixa = 32
Melhor altura = 1264

Lower Bound 1 = 1047
Lower Bound 2 = 32
Avaliação = 1.20726

Tempo de execução: 60.0934s

---------------------------

Largura da faixa = 32
Melhor altura = 1269

Lower Bound 1 = 1047
Lower Bound 2 = 32
Avaliação = 1.21203

Tempo de execução: 60.0007s

---------------------------

Largura da faixa = 32
Melhor altura = 1257

Lower Bound 1 = 1047
Lower Bound 2 = 32
Avaliação = 1.20057

Tempo de execução: 60.0398s

---------------------------

Largura da faixa = 32
Melhor altura = 1268

Lower Bound 1 = 1047
Lower Bound 2 = 32
Avaliação = 1.21108

Tempo de execução: 60.0421s

---------------------------

Largura da faixa = 32
Melhor altura = 1270

Lower Bound 1 = 1047
Lower Bound 2 = 32
Avaliação = 1.21299

Tempo de execução: 60.0155s

---------------------------

Largura da faixa = 32
Melhor altura = 1275

Lower Bound 1 = 1047
Lower Bound 2 = 32
Avaliação = 1.21777

Tempo de execução: 60.0337s

---------------------------

Largura da faixa = 32
Melhor altura = 1265

Lower Bound 1 = 1047
Lower Bound 2 = 32
Avaliação = 1.20821

Tempo de execução: 60.1035s

---------------------------

Largura da faixa = 32
Melhor altura = 1266

Lower Bound 1 = 1047
Lower Bound 2 = 32
Avaliação = 1.20917

Tempo de execução: 60.0317s

---------------------------

Largura da faixa = 32
Melhor altura = 1275

Lower Bound 1 = 1047
Lower Bound 2 = 32
Avaliação = 1.21777

Tempo de execução: 60.0351s

---------------------------

Largura da faixa = 32
Melhor altura = 1272

Lower Bound 1 = 1047
Lower Bound 2 = 32
Avaliação = 1.2149

Tempo de execução: 60.0368s

---------------------------

Largura da faixa = 32
Melhor altura = 1265

Lower Bound 1 = 1047
Lower Bound 2 = 32
Avaliação = 1.20821

Tempo de execução: 60.0068s

---------------------------

Largura da faixa = 32
Melhor altura = 1264

Lower Bound 1 = 1047
Lower Bound 2 = 32
Avaliação = 1.20726

Tempo de execução: 60.0572s

---------------------------

Largura da faixa = 32
Melhor altura = 1272

Lower Bound 1 = 1047
Lower Bound 2 = 32
Avaliação = 1.2149

Tempo de execução: 60.0628s

---------------------------

Largura da faixa = 32
Melhor altura = 1269

Lower Bound 1 = 1047
Lower Bound 2 = 32
Avaliação = 1.21203

Tempo de execução: 60.0043s

---------------------------

Largura da faixa = 32
Melhor altura = 1267

Lower Bound 1 = 1047
Lower Bound 2 = 32
Avaliação = 1.21012

Tempo de execução: 60.0206s

---------------------------

