Largura da faixa = 23
Melhor altura = 100

Lower Bound 1 = 93
Lower Bound 2 = 23
Avaliação = 1.07527

Tempo de execução: 60.0001s

---------------------------

Largura da faixa = 23
Melhor altura = 102

Lower Bound 1 = 93
Lower Bound 2 = 23
Avaliação = 1.09677

Tempo de execução: 60.0008s

---------------------------

Largura da faixa = 23
Melhor altura = 102

Lower Bound 1 = 93
Lower Bound 2 = 23
Avaliação = 1.09677

Tempo de execução: 60.0004s

---------------------------

Largura da faixa = 23
Melhor altura = 102

Lower Bound 1 = 93
Lower Bound 2 = 23
Avaliação = 1.09677

Tempo de execução: 60.0002s

---------------------------

Largura da faixa = 23
Melhor altura = 102

Lower Bound 1 = 93
Lower Bound 2 = 23
Avaliação = 1.09677

Tempo de execução: 60.0006s

---------------------------

Largura da faixa = 23
Melhor altura = 102

Lower Bound 1 = 93
Lower Bound 2 = 23
Avaliação = 1.09677

Tempo de execução: 60.0004s

---------------------------

Largura da faixa = 23
Melhor altura = 103

Lower Bound 1 = 93
Lower Bound 2 = 23
Avaliação = 1.10753

Tempo de execução: 60.0003s

---------------------------

Largura da faixa = 23
Melhor altura = 102

Lower Bound 1 = 93
Lower Bound 2 = 23
Avaliação = 1.09677

Tempo de execução: 60s

---------------------------

Largura da faixa = 23
Melhor altura = 102

Lower Bound 1 = 93
Lower Bound 2 = 23
Avaliação = 1.09677

Tempo de execução: 60.0005s

---------------------------

Largura da faixa = 23
Melhor altura = 103

Lower Bound 1 = 93
Lower Bound 2 = 23
Avaliação = 1.10753

Tempo de execução: 60.0003s

---------------------------

Largura da faixa = 23
Melhor altura = 101

Lower Bound 1 = 93
Lower Bound 2 = 23
Avaliação = 1.08602

Tempo de execução: 60.0006s

---------------------------

Largura da faixa = 23
Melhor altura = 104

Lower Bound 1 = 93
Lower Bound 2 = 23
Avaliação = 1.11828

Tempo de execução: 60.0016s

---------------------------

Largura da faixa = 23
Melhor altura = 103

Lower Bound 1 = 93
Lower Bound 2 = 23
Avaliação = 1.10753

Tempo de execução: 60s

---------------------------

Largura da faixa = 23
Melhor altura = 102

Lower Bound 1 = 93
Lower Bound 2 = 23
Avaliação = 1.09677

Tempo de execução: 60.0005s

---------------------------

Largura da faixa = 23
Melhor altura = 101

Lower Bound 1 = 93
Lower Bound 2 = 23
Avaliação = 1.08602

Tempo de execução: 60.0009s

---------------------------

Largura da faixa = 23
Melhor altura = 101

Lower Bound 1 = 93
Lower Bound 2 = 23
Avaliação = 1.08602

Tempo de execução: 60.0001s

---------------------------

Largura da faixa = 23
Melhor altura = 103

Lower Bound 1 = 93
Lower Bound 2 = 23
Avaliação = 1.10753

Tempo de execução: 60.001s

---------------------------

Largura da faixa = 23
Melhor altura = 102

Lower Bound 1 = 93
Lower Bound 2 = 23
Avaliação = 1.09677

Tempo de execução: 60.0013s

---------------------------

Largura da faixa = 23
Melhor altura = 103

Lower Bound 1 = 93
Lower Bound 2 = 23
Avaliação = 1.10753

Tempo de execução: 60.0002s

---------------------------

Largura da faixa = 23
Melhor altura = 102

Lower Bound 1 = 93
Lower Bound 2 = 23
Avaliação = 1.09677

Tempo de execução: 60.001s

---------------------------

