Largura da faixa = 24
Melhor altura = 397

Lower Bound 1 = 343
Lower Bound 2 = 24
Avaliação = 1.15743

Tempo de execução: 60.0008s

---------------------------

Largura da faixa = 24
Melhor altura = 398

Lower Bound 1 = 343
Lower Bound 2 = 24
Avaliação = 1.16035

Tempo de execução: 60.0011s

---------------------------

Largura da faixa = 24
Melhor altura = 398

Lower Bound 1 = 343
Lower Bound 2 = 24
Avaliação = 1.16035

Tempo de execução: 60.0037s

---------------------------

Largura da faixa = 24
Melhor altura = 395

Lower Bound 1 = 343
Lower Bound 2 = 24
Avaliação = 1.1516

Tempo de execução: 60.0005s

---------------------------

Largura da faixa = 24
Melhor altura = 397

Lower Bound 1 = 343
Lower Bound 2 = 24
Avaliação = 1.15743

Tempo de execução: 60.0012s

---------------------------

Largura da faixa = 24
Melhor altura = 398

Lower Bound 1 = 343
Lower Bound 2 = 24
Avaliação = 1.16035

Tempo de execução: 60.0018s

---------------------------

Largura da faixa = 24
Melhor altura = 397

Lower Bound 1 = 343
Lower Bound 2 = 24
Avaliação = 1.15743

Tempo de execução: 60.0012s

---------------------------

Largura da faixa = 24
Melhor altura = 396

Lower Bound 1 = 343
Lower Bound 2 = 24
Avaliação = 1.15452

Tempo de execução: 60.0042s

---------------------------

Largura da faixa = 24
Melhor altura = 398

Lower Bound 1 = 343
Lower Bound 2 = 24
Avaliação = 1.16035

Tempo de execução: 60.0045s

---------------------------

Largura da faixa = 24
Melhor altura = 396

Lower Bound 1 = 343
Lower Bound 2 = 24
Avaliação = 1.15452

Tempo de execução: 60.0003s

---------------------------

Largura da faixa = 24
Melhor altura = 392

Lower Bound 1 = 343
Lower Bound 2 = 24
Avaliação = 1.14286

Tempo de execução: 60.0039s

---------------------------

Largura da faixa = 24
Melhor altura = 396

Lower Bound 1 = 343
Lower Bound 2 = 24
Avaliação = 1.15452

Tempo de execução: 60.0059s

---------------------------

Largura da faixa = 24
Melhor altura = 396

Lower Bound 1 = 343
Lower Bound 2 = 24
Avaliação = 1.15452

Tempo de execução: 60.0001s

---------------------------

Largura da faixa = 24
Melhor altura = 399

Lower Bound 1 = 343
Lower Bound 2 = 24
Avaliação = 1.16327

Tempo de execução: 60.001s

---------------------------

Largura da faixa = 24
Melhor altura = 400

Lower Bound 1 = 343
Lower Bound 2 = 24
Avaliação = 1.16618

Tempo de execução: 60.0067s

---------------------------

Largura da faixa = 24
Melhor altura = 391

Lower Bound 1 = 343
Lower Bound 2 = 24
Avaliação = 1.13994

Tempo de execução: 60.0015s

---------------------------

Largura da faixa = 24
Melhor altura = 395

Lower Bound 1 = 343
Lower Bound 2 = 24
Avaliação = 1.1516

Tempo de execução: 60.0055s

---------------------------

Largura da faixa = 24
Melhor altura = 399

Lower Bound 1 = 343
Lower Bound 2 = 24
Avaliação = 1.16327

Tempo de execução: 60.0115s

---------------------------

Largura da faixa = 24
Melhor altura = 399

Lower Bound 1 = 343
Lower Bound 2 = 24
Avaliação = 1.16327

Tempo de execução: 60.0048s

---------------------------

Largura da faixa = 24
Melhor altura = 399

Lower Bound 1 = 343
Lower Bound 2 = 24
Avaliação = 1.16327

Tempo de execução: 60.0074s

---------------------------

