Largura da faixa = 36
Melhor altura = 658

Lower Bound 1 = 536
Lower Bound 2 = 36
Avaliação = 1.22761

Tempo de execução: 60.0046s

---------------------------

Largura da faixa = 36
Melhor altura = 656

Lower Bound 1 = 536
Lower Bound 2 = 36
Avaliação = 1.22388

Tempo de execução: 60.0062s

---------------------------

Largura da faixa = 36
Melhor altura = 648

Lower Bound 1 = 536
Lower Bound 2 = 36
Avaliação = 1.20896

Tempo de execução: 60.061s

---------------------------

Largura da faixa = 36
Melhor altura = 656

Lower Bound 1 = 536
Lower Bound 2 = 36
Avaliação = 1.22388

Tempo de execução: 60.013s

---------------------------

Largura da faixa = 36
Melhor altura = 651

Lower Bound 1 = 536
Lower Bound 2 = 36
Avaliação = 1.21455

Tempo de execução: 60.0203s

---------------------------

Largura da faixa = 36
Melhor altura = 658

Lower Bound 1 = 536
Lower Bound 2 = 36
Avaliação = 1.22761

Tempo de execução: 60.0233s

---------------------------

Largura da faixa = 36
Melhor altura = 645

Lower Bound 1 = 536
Lower Bound 2 = 36
Avaliação = 1.20336

Tempo de execução: 60.0213s

---------------------------

Largura da faixa = 36
Melhor altura = 652

Lower Bound 1 = 536
Lower Bound 2 = 36
Avaliação = 1.21642

Tempo de execução: 60.0235s

---------------------------

Largura da faixa = 36
Melhor altura = 648

Lower Bound 1 = 536
Lower Bound 2 = 36
Avaliação = 1.20896

Tempo de execução: 60.047s

---------------------------

Largura da faixa = 36
Melhor altura = 656

Lower Bound 1 = 536
Lower Bound 2 = 36
Avaliação = 1.22388

Tempo de execução: 60.0015s

---------------------------

Largura da faixa = 36
Melhor altura = 654

Lower Bound 1 = 536
Lower Bound 2 = 36
Avaliação = 1.22015

Tempo de execução: 60.0243s

---------------------------

Largura da faixa = 36
Melhor altura = 655

Lower Bound 1 = 536
Lower Bound 2 = 36
Avaliação = 1.22201

Tempo de execução: 60.0405s

---------------------------

Largura da faixa = 36
Melhor altura = 657

Lower Bound 1 = 536
Lower Bound 2 = 36
Avaliação = 1.22575

Tempo de execução: 60.0113s

---------------------------

Largura da faixa = 36
Melhor altura = 657

Lower Bound 1 = 536
Lower Bound 2 = 36
Avaliação = 1.22575

Tempo de execução: 60.0013s

---------------------------

Largura da faixa = 36
Melhor altura = 662

Lower Bound 1 = 536
Lower Bound 2 = 36
Avaliação = 1.23507

Tempo de execução: 60.0087s

---------------------------

Largura da faixa = 36
Melhor altura = 653

Lower Bound 1 = 536
Lower Bound 2 = 36
Avaliação = 1.21828

Tempo de execução: 60.0122s

---------------------------

Largura da faixa = 36
Melhor altura = 647

Lower Bound 1 = 536
Lower Bound 2 = 36
Avaliação = 1.20709

Tempo de execução: 60.0183s

---------------------------

Largura da faixa = 36
Melhor altura = 652

Lower Bound 1 = 536
Lower Bound 2 = 36
Avaliação = 1.21642

Tempo de execução: 60.0116s

---------------------------

Largura da faixa = 36
Melhor altura = 658

Lower Bound 1 = 536
Lower Bound 2 = 36
Avaliação = 1.22761

Tempo de execução: 60.004s

---------------------------

Largura da faixa = 36
Melhor altura = 652

Lower Bound 1 = 536
Lower Bound 2 = 36
Avaliação = 1.21642

Tempo de execução: 60.0432s

---------------------------

