Largura da faixa = 34
Melhor altura = 90

Lower Bound 1 = 83
Lower Bound 2 = 34
Avaliação = 1.08434

Tempo de execução: 60.0002s

---------------------------

Largura da faixa = 34
Melhor altura = 94

Lower Bound 1 = 83
Lower Bound 2 = 34
Avaliação = 1.13253

Tempo de execução: 60.0001s

---------------------------

Largura da faixa = 34
Melhor altura = 92

Lower Bound 1 = 83
Lower Bound 2 = 34
Avaliação = 1.10843

Tempo de execução: 60.0014s

---------------------------

Largura da faixa = 34
Melhor altura = 92

Lower Bound 1 = 83
Lower Bound 2 = 34
Avaliação = 1.10843

Tempo de execução: 60.0003s

---------------------------

Largura da faixa = 34
Melhor altura = 91

Lower Bound 1 = 83
Lower Bound 2 = 34
Avaliação = 1.09639

Tempo de execução: 60.0004s

---------------------------

Largura da faixa = 34
Melhor altura = 92

Lower Bound 1 = 83
Lower Bound 2 = 34
Avaliação = 1.10843

Tempo de execução: 60.0005s

---------------------------

Largura da faixa = 34
Melhor altura = 93

Lower Bound 1 = 83
Lower Bound 2 = 34
Avaliação = 1.12048

Tempo de execução: 60s

---------------------------

Largura da faixa = 34
Melhor altura = 94

Lower Bound 1 = 83
Lower Bound 2 = 34
Avaliação = 1.13253

Tempo de execução: 60.0004s

---------------------------

Largura da faixa = 34
Melhor altura = 91

Lower Bound 1 = 83
Lower Bound 2 = 34
Avaliação = 1.09639

Tempo de execução: 60.0007s

---------------------------

Largura da faixa = 34
Melhor altura = 90

Lower Bound 1 = 83
Lower Bound 2 = 34
Avaliação = 1.08434

Tempo de execução: 60s

---------------------------

Largura da faixa = 34
Melhor altura = 93

Lower Bound 1 = 83
Lower Bound 2 = 34
Avaliação = 1.12048

Tempo de execução: 60.0006s

---------------------------

Largura da faixa = 34
Melhor altura = 93

Lower Bound 1 = 83
Lower Bound 2 = 34
Avaliação = 1.12048

Tempo de execução: 60.0002s

---------------------------

Largura da faixa = 34
Melhor altura = 91

Lower Bound 1 = 83
Lower Bound 2 = 34
Avaliação = 1.09639

Tempo de execução: 60.0001s

---------------------------

Largura da faixa = 34
Melhor altura = 93

Lower Bound 1 = 83
Lower Bound 2 = 34
Avaliação = 1.12048

Tempo de execução: 60.0003s

---------------------------

Largura da faixa = 34
Melhor altura = 93

Lower Bound 1 = 83
Lower Bound 2 = 34
Avaliação = 1.12048

Tempo de execução: 60.0001s

---------------------------

Largura da faixa = 34
Melhor altura = 92

Lower Bound 1 = 83
Lower Bound 2 = 34
Avaliação = 1.10843

Tempo de execução: 60s

---------------------------

Largura da faixa = 34
Melhor altura = 93

Lower Bound 1 = 83
Lower Bound 2 = 34
Avaliação = 1.12048

Tempo de execução: 60.0005s

---------------------------

Largura da faixa = 34
Melhor altura = 89

Lower Bound 1 = 83
Lower Bound 2 = 34
Avaliação = 1.07229

Tempo de execução: 60.0009s

---------------------------

Largura da faixa = 34
Melhor altura = 92

Lower Bound 1 = 83
Lower Bound 2 = 34
Avaliação = 1.10843

Tempo de execução: 60.0002s

---------------------------

Largura da faixa = 34
Melhor altura = 92

Lower Bound 1 = 83
Lower Bound 2 = 34
Avaliação = 1.10843

Tempo de execução: 60.0001s

---------------------------

