Largura da faixa = 1
Melhor altura = 75

Lower Bound 1 = 75
Lower Bound 2 = 75
Avaliação = 1

Tempo de execução: 60s

---------------------------

Largura da faixa = 1
Melhor altura = 75

Lower Bound 1 = 75
Lower Bound 2 = 75
Avaliação = 1

Tempo de execução: 60s

---------------------------

Largura da faixa = 1
Melhor altura = 75

Lower Bound 1 = 75
Lower Bound 2 = 75
Avaliação = 1

Tempo de execução: 60s

---------------------------

Largura da faixa = 1
Melhor altura = 75

Lower Bound 1 = 75
Lower Bound 2 = 75
Avaliação = 1

Tempo de execução: 60s

---------------------------

Largura da faixa = 1
Melhor altura = 75

Lower Bound 1 = 75
Lower Bound 2 = 75
Avaliação = 1

Tempo de execução: 60s

---------------------------

Largura da faixa = 1
Melhor altura = 75

Lower Bound 1 = 75
Lower Bound 2 = 75
Avaliação = 1

Tempo de execução: 60s

---------------------------

Largura da faixa = 1
Melhor altura = 75

Lower Bound 1 = 75
Lower Bound 2 = 75
Avaliação = 1

Tempo de execução: 60s

---------------------------

Largura da faixa = 1
Melhor altura = 75

Lower Bound 1 = 75
Lower Bound 2 = 75
Avaliação = 1

Tempo de execução: 60s

---------------------------

Largura da faixa = 1
Melhor altura = 75

Lower Bound 1 = 75
Lower Bound 2 = 75
Avaliação = 1

Tempo de execução: 60s

---------------------------

Largura da faixa = 1
Melhor altura = 75

Lower Bound 1 = 75
Lower Bound 2 = 75
Avaliação = 1

Tempo de execução: 60s

---------------------------

Largura da faixa = 1
Melhor altura = 75

Lower Bound 1 = 75
Lower Bound 2 = 75
Avaliação = 1

Tempo de execução: 60s

---------------------------

Largura da faixa = 1
Melhor altura = 75

Lower Bound 1 = 75
Lower Bound 2 = 75
Avaliação = 1

Tempo de execução: 60s

---------------------------

Largura da faixa = 1
Melhor altura = 75

Lower Bound 1 = 75
Lower Bound 2 = 75
Avaliação = 1

Tempo de execução: 60s

---------------------------

Largura da faixa = 1
Melhor altura = 75

Lower Bound 1 = 75
Lower Bound 2 = 75
Avaliação = 1

Tempo de execução: 60s

---------------------------

Largura da faixa = 1
Melhor altura = 75

Lower Bound 1 = 75
Lower Bound 2 = 75
Avaliação = 1

Tempo de execução: 60s

---------------------------

Largura da faixa = 1
Melhor altura = 75

Lower Bound 1 = 75
Lower Bound 2 = 75
Avaliação = 1

Tempo de execução: 60s

---------------------------

Largura da faixa = 1
Melhor altura = 75

Lower Bound 1 = 75
Lower Bound 2 = 75
Avaliação = 1

Tempo de execução: 60s

---------------------------

Largura da faixa = 1
Melhor altura = 75

Lower Bound 1 = 75
Lower Bound 2 = 75
Avaliação = 1

Tempo de execução: 60s

---------------------------

Largura da faixa = 1
Melhor altura = 75

Lower Bound 1 = 75
Lower Bound 2 = 75
Avaliação = 1

Tempo de execução: 60s

---------------------------

Largura da faixa = 1
Melhor altura = 75

Lower Bound 1 = 75
Lower Bound 2 = 75
Avaliação = 1

Tempo de execução: 60s

---------------------------

