Largura da faixa = 1
Melhor altura = 71

Lower Bound 1 = 71
Lower Bound 2 = 71
Avaliação = 1

Tempo de execução: 60s

---------------------------

Largura da faixa = 1
Melhor altura = 71

Lower Bound 1 = 71
Lower Bound 2 = 71
Avaliação = 1

Tempo de execução: 60s

---------------------------

Largura da faixa = 1
Melhor altura = 71

Lower Bound 1 = 71
Lower Bound 2 = 71
Avaliação = 1

Tempo de execução: 60s

---------------------------

Largura da faixa = 1
Melhor altura = 71

Lower Bound 1 = 71
Lower Bound 2 = 71
Avaliação = 1

Tempo de execução: 60s

---------------------------

Largura da faixa = 1
Melhor altura = 71

Lower Bound 1 = 71
Lower Bound 2 = 71
Avaliação = 1

Tempo de execução: 60s

---------------------------

Largura da faixa = 1
Melhor altura = 71

Lower Bound 1 = 71
Lower Bound 2 = 71
Avaliação = 1

Tempo de execução: 60s

---------------------------

Largura da faixa = 1
Melhor altura = 71

Lower Bound 1 = 71
Lower Bound 2 = 71
Avaliação = 1

Tempo de execução: 60s

---------------------------

Largura da faixa = 1
Melhor altura = 71

Lower Bound 1 = 71
Lower Bound 2 = 71
Avaliação = 1

Tempo de execução: 60s

---------------------------

Largura da faixa = 1
Melhor altura = 71

Lower Bound 1 = 71
Lower Bound 2 = 71
Avaliação = 1

Tempo de execução: 60s

---------------------------

Largura da faixa = 1
Melhor altura = 71

Lower Bound 1 = 71
Lower Bound 2 = 71
Avaliação = 1

Tempo de execução: 60s

---------------------------

Largura da faixa = 1
Melhor altura = 71

Lower Bound 1 = 71
Lower Bound 2 = 71
Avaliação = 1

Tempo de execução: 60s

---------------------------

Largura da faixa = 1
Melhor altura = 71

Lower Bound 1 = 71
Lower Bound 2 = 71
Avaliação = 1

Tempo de execução: 60s

---------------------------

Largura da faixa = 1
Melhor altura = 71

Lower Bound 1 = 71
Lower Bound 2 = 71
Avaliação = 1

Tempo de execução: 60s

---------------------------

Largura da faixa = 1
Melhor altura = 71

Lower Bound 1 = 71
Lower Bound 2 = 71
Avaliação = 1

Tempo de execução: 60s

---------------------------

Largura da faixa = 1
Melhor altura = 71

Lower Bound 1 = 71
Lower Bound 2 = 71
Avaliação = 1

Tempo de execução: 60s

---------------------------

Largura da faixa = 1
Melhor altura = 71

Lower Bound 1 = 71
Lower Bound 2 = 71
Avaliação = 1

Tempo de execução: 60s

---------------------------

Largura da faixa = 1
Melhor altura = 71

Lower Bound 1 = 71
Lower Bound 2 = 71
Avaliação = 1

Tempo de execução: 60s

---------------------------

Largura da faixa = 1
Melhor altura = 71

Lower Bound 1 = 71
Lower Bound 2 = 71
Avaliação = 1

Tempo de execução: 60s

---------------------------

Largura da faixa = 1
Melhor altura = 71

Lower Bound 1 = 71
Lower Bound 2 = 71
Avaliação = 1

Tempo de execução: 60s

---------------------------

Largura da faixa = 1
Melhor altura = 71

Lower Bound 1 = 71
Lower Bound 2 = 71
Avaliação = 1

Tempo de execução: 60s

---------------------------

