Largura da faixa = 1
Melhor altura = 120

Lower Bound 1 = 120
Lower Bound 2 = 120
Avaliação = 1

Tempo de execução: 60s

---------------------------

Largura da faixa = 1
Melhor altura = 120

Lower Bound 1 = 120
Lower Bound 2 = 120
Avaliação = 1

Tempo de execução: 60s

---------------------------

Largura da faixa = 1
Melhor altura = 120

Lower Bound 1 = 120
Lower Bound 2 = 120
Avaliação = 1

Tempo de execução: 60s

---------------------------

Largura da faixa = 1
Melhor altura = 120

Lower Bound 1 = 120
Lower Bound 2 = 120
Avaliação = 1

Tempo de execução: 60s

---------------------------

Largura da faixa = 1
Melhor altura = 120

Lower Bound 1 = 120
Lower Bound 2 = 120
Avaliação = 1

Tempo de execução: 60s

---------------------------

Largura da faixa = 1
Melhor altura = 120

Lower Bound 1 = 120
Lower Bound 2 = 120
Avaliação = 1

Tempo de execução: 60s

---------------------------

Largura da faixa = 1
Melhor altura = 120

Lower Bound 1 = 120
Lower Bound 2 = 120
Avaliação = 1

Tempo de execução: 60s

---------------------------

Largura da faixa = 1
Melhor altura = 120

Lower Bound 1 = 120
Lower Bound 2 = 120
Avaliação = 1

Tempo de execução: 60s

---------------------------

Largura da faixa = 1
Melhor altura = 120

Lower Bound 1 = 120
Lower Bound 2 = 120
Avaliação = 1

Tempo de execução: 60s

---------------------------

Largura da faixa = 1
Melhor altura = 120

Lower Bound 1 = 120
Lower Bound 2 = 120
Avaliação = 1

Tempo de execução: 60s

---------------------------

Largura da faixa = 1
Melhor altura = 120

Lower Bound 1 = 120
Lower Bound 2 = 120
Avaliação = 1

Tempo de execução: 60s

---------------------------

Largura da faixa = 1
Melhor altura = 120

Lower Bound 1 = 120
Lower Bound 2 = 120
Avaliação = 1

Tempo de execução: 60s

---------------------------

Largura da faixa = 1
Melhor altura = 120

Lower Bound 1 = 120
Lower Bound 2 = 120
Avaliação = 1

Tempo de execução: 60s

---------------------------

Largura da faixa = 1
Melhor altura = 120

Lower Bound 1 = 120
Lower Bound 2 = 120
Avaliação = 1

Tempo de execução: 60s

---------------------------

Largura da faixa = 1
Melhor altura = 120

Lower Bound 1 = 120
Lower Bound 2 = 120
Avaliação = 1

Tempo de execução: 60s

---------------------------

Largura da faixa = 1
Melhor altura = 120

Lower Bound 1 = 120
Lower Bound 2 = 120
Avaliação = 1

Tempo de execução: 60s

---------------------------

Largura da faixa = 1
Melhor altura = 120

Lower Bound 1 = 120
Lower Bound 2 = 120
Avaliação = 1

Tempo de execução: 60s

---------------------------

Largura da faixa = 1
Melhor altura = 120

Lower Bound 1 = 120
Lower Bound 2 = 120
Avaliação = 1

Tempo de execução: 60s

---------------------------

Largura da faixa = 1
Melhor altura = 120

Lower Bound 1 = 120
Lower Bound 2 = 120
Avaliação = 1

Tempo de execução: 60s

---------------------------

Largura da faixa = 1
Melhor altura = 120

Lower Bound 1 = 120
Lower Bound 2 = 120
Avaliação = 1

Tempo de execução: 60s

---------------------------

