Largura da faixa = 36
Melhor altura = 1047

Lower Bound 1 = 853
Lower Bound 2 = 36
Avaliação = 1.22743

Tempo de execução: 60.0055s

---------------------------

Largura da faixa = 36
Melhor altura = 1044

Lower Bound 1 = 853
Lower Bound 2 = 36
Avaliação = 1.22392

Tempo de execução: 60.0104s

---------------------------

Largura da faixa = 36
Melhor altura = 1044

Lower Bound 1 = 853
Lower Bound 2 = 36
Avaliação = 1.22392

Tempo de execução: 60.0709s

---------------------------

Largura da faixa = 36
Melhor altura = 1047

Lower Bound 1 = 853
Lower Bound 2 = 36
Avaliação = 1.22743

Tempo de execução: 60.0272s

---------------------------

Largura da faixa = 36
Melhor altura = 1045

Lower Bound 1 = 853
Lower Bound 2 = 36
Avaliação = 1.22509

Tempo de execução: 60.0369s

---------------------------

Largura da faixa = 36
Melhor altura = 1032

Lower Bound 1 = 853
Lower Bound 2 = 36
Avaliação = 1.20985

Tempo de execução: 60.0921s

---------------------------

Largura da faixa = 36
Melhor altura = 1049

Lower Bound 1 = 853
Lower Bound 2 = 36
Avaliação = 1.22978

Tempo de execução: 60.0022s

---------------------------

Largura da faixa = 36
Melhor altura = 1052

Lower Bound 1 = 853
Lower Bound 2 = 36
Avaliação = 1.23329

Tempo de execução: 60.0338s

---------------------------

Largura da faixa = 36
Melhor altura = 1040

Lower Bound 1 = 853
Lower Bound 2 = 36
Avaliação = 1.21923

Tempo de execução: 60.0393s

---------------------------

Largura da faixa = 36
Melhor altura = 1043

Lower Bound 1 = 853
Lower Bound 2 = 36
Avaliação = 1.22274

Tempo de execução: 60.0133s

---------------------------

Largura da faixa = 36
Melhor altura = 1050

Lower Bound 1 = 853
Lower Bound 2 = 36
Avaliação = 1.23095

Tempo de execução: 60.0278s

---------------------------

Largura da faixa = 36
Melhor altura = 1042

Lower Bound 1 = 853
Lower Bound 2 = 36
Avaliação = 1.22157

Tempo de execução: 60.0293s

---------------------------

Largura da faixa = 36
Melhor altura = 1050

Lower Bound 1 = 853
Lower Bound 2 = 36
Avaliação = 1.23095

Tempo de execução: 60.0194s

---------------------------

Largura da faixa = 36
Melhor altura = 1051

Lower Bound 1 = 853
Lower Bound 2 = 36
Avaliação = 1.23212

Tempo de execução: 60.0401s

---------------------------

Largura da faixa = 36
Melhor altura = 1041

Lower Bound 1 = 853
Lower Bound 2 = 36
Avaliação = 1.2204

Tempo de execução: 60.0419s

---------------------------

Largura da faixa = 36
Melhor altura = 1043

Lower Bound 1 = 853
Lower Bound 2 = 36
Avaliação = 1.22274

Tempo de execução: 60.0479s

---------------------------

Largura da faixa = 36
Melhor altura = 1048

Lower Bound 1 = 853
Lower Bound 2 = 36
Avaliação = 1.2286

Tempo de execução: 60.067s

---------------------------

Largura da faixa = 36
Melhor altura = 1026

Lower Bound 1 = 853
Lower Bound 2 = 36
Avaliação = 1.20281

Tempo de execução: 60.0676s

---------------------------

Largura da faixa = 36
Melhor altura = 1039

Lower Bound 1 = 853
Lower Bound 2 = 36
Avaliação = 1.21805

Tempo de execução: 60.0259s

---------------------------

Largura da faixa = 36
Melhor altura = 1043

Lower Bound 1 = 853
Lower Bound 2 = 36
Avaliação = 1.22274

Tempo de execução: 60.042s

---------------------------

