Largura da faixa = 34
Melhor altura = 119

Lower Bound 1 = 106
Lower Bound 2 = 34
Avaliação = 1.12264

Tempo de execução: 60.0001s

---------------------------

Largura da faixa = 34
Melhor altura = 119

Lower Bound 1 = 106
Lower Bound 2 = 34
Avaliação = 1.12264

Tempo de execução: 60.0001s

---------------------------

Largura da faixa = 34
Melhor altura = 120

Lower Bound 1 = 106
Lower Bound 2 = 34
Avaliação = 1.13208

Tempo de execução: 60.0008s

---------------------------

Largura da faixa = 34
Melhor altura = 119

Lower Bound 1 = 106
Lower Bound 2 = 34
Avaliação = 1.12264

Tempo de execução: 60s

---------------------------

Largura da faixa = 34
Melhor altura = 121

Lower Bound 1 = 106
Lower Bound 2 = 34
Avaliação = 1.14151

Tempo de execução: 60.0002s

---------------------------

Largura da faixa = 34
Melhor altura = 120

Lower Bound 1 = 106
Lower Bound 2 = 34
Avaliação = 1.13208

Tempo de execução: 60.001s

---------------------------

Largura da faixa = 34
Melhor altura = 120

Lower Bound 1 = 106
Lower Bound 2 = 34
Avaliação = 1.13208

Tempo de execução: 60.0001s

---------------------------

Largura da faixa = 34
Melhor altura = 120

Lower Bound 1 = 106
Lower Bound 2 = 34
Avaliação = 1.13208

Tempo de execução: 60.0006s

---------------------------

Largura da faixa = 34
Melhor altura = 120

Lower Bound 1 = 106
Lower Bound 2 = 34
Avaliação = 1.13208

Tempo de execução: 60.0013s

---------------------------

Largura da faixa = 34
Melhor altura = 120

Lower Bound 1 = 106
Lower Bound 2 = 34
Avaliação = 1.13208

Tempo de execução: 60.0002s

---------------------------

Largura da faixa = 34
Melhor altura = 121

Lower Bound 1 = 106
Lower Bound 2 = 34
Avaliação = 1.14151

Tempo de execução: 60.0001s

---------------------------

Largura da faixa = 34
Melhor altura = 121

Lower Bound 1 = 106
Lower Bound 2 = 34
Avaliação = 1.14151

Tempo de execução: 60.0008s

---------------------------

Largura da faixa = 34
Melhor altura = 120

Lower Bound 1 = 106
Lower Bound 2 = 34
Avaliação = 1.13208

Tempo de execução: 60.0001s

---------------------------

Largura da faixa = 34
Melhor altura = 120

Lower Bound 1 = 106
Lower Bound 2 = 34
Avaliação = 1.13208

Tempo de execução: 60.0003s

---------------------------

Largura da faixa = 34
Melhor altura = 121

Lower Bound 1 = 106
Lower Bound 2 = 34
Avaliação = 1.14151

Tempo de execução: 60.0011s

---------------------------

Largura da faixa = 34
Melhor altura = 120

Lower Bound 1 = 106
Lower Bound 2 = 34
Avaliação = 1.13208

Tempo de execução: 60.0002s

---------------------------

Largura da faixa = 34
Melhor altura = 119

Lower Bound 1 = 106
Lower Bound 2 = 34
Avaliação = 1.12264

Tempo de execução: 60.0006s

---------------------------

Largura da faixa = 34
Melhor altura = 120

Lower Bound 1 = 106
Lower Bound 2 = 34
Avaliação = 1.13208

Tempo de execução: 60.0016s

---------------------------

Largura da faixa = 34
Melhor altura = 121

Lower Bound 1 = 106
Lower Bound 2 = 34
Avaliação = 1.14151

Tempo de execução: 60.0001s

---------------------------

Largura da faixa = 34
Melhor altura = 121

Lower Bound 1 = 106
Lower Bound 2 = 34
Avaliação = 1.14151

Tempo de execução: 60.0007s

---------------------------

Largura da faixa = 34
Melhor altura = 119

Lower Bound 1 = 106
Lower Bound 2 = 34
Avaliação = 1.12264

Tempo de execução: 60.0001s

---------------------------

