Largura da faixa = 34
Melhor altura = 84

Lower Bound 1 = 75
Lower Bound 2 = 34
Avaliação = 1.12

Tempo de execução: 60.0001s

---------------------------

Largura da faixa = 34
Melhor altura = 84

Lower Bound 1 = 75
Lower Bound 2 = 34
Avaliação = 1.12

Tempo de execução: 60.0007s

---------------------------

Largura da faixa = 34
Melhor altura = 83

Lower Bound 1 = 75
Lower Bound 2 = 34
Avaliação = 1.10667

Tempo de execução: 60.0009s

---------------------------

Largura da faixa = 34
Melhor altura = 86

Lower Bound 1 = 75
Lower Bound 2 = 34
Avaliação = 1.14667

Tempo de execução: 60.0005s

---------------------------

Largura da faixa = 34
Melhor altura = 86

Lower Bound 1 = 75
Lower Bound 2 = 34
Avaliação = 1.14667

Tempo de execução: 60.0005s

---------------------------

Largura da faixa = 34
Melhor altura = 85

Lower Bound 1 = 75
Lower Bound 2 = 34
Avaliação = 1.13333

Tempo de execução: 60.0005s

---------------------------

Largura da faixa = 34
Melhor altura = 83

Lower Bound 1 = 75
Lower Bound 2 = 34
Avaliação = 1.10667

Tempo de execução: 60.0003s

---------------------------

Largura da faixa = 34
Melhor altura = 85

Lower Bound 1 = 75
Lower Bound 2 = 34
Avaliação = 1.13333

Tempo de execução: 60.0003s

---------------------------

Largura da faixa = 34
Melhor altura = 85

Lower Bound 1 = 75
Lower Bound 2 = 34
Avaliação = 1.13333

Tempo de execução: 60.0004s

---------------------------

Largura da faixa = 34
Melhor altura = 85

Lower Bound 1 = 75
Lower Bound 2 = 34
Avaliação = 1.13333

Tempo de execução: 60.0003s

---------------------------

Largura da faixa = 34
Melhor altura = 86

Lower Bound 1 = 75
Lower Bound 2 = 34
Avaliação = 1.14667

Tempo de execução: 60s

---------------------------

Largura da faixa = 34
Melhor altura = 84

Lower Bound 1 = 75
Lower Bound 2 = 34
Avaliação = 1.12

Tempo de execução: 60.0008s

---------------------------

Largura da faixa = 34
Melhor altura = 84

Lower Bound 1 = 75
Lower Bound 2 = 34
Avaliação = 1.12

Tempo de execução: 60.0001s

---------------------------

Largura da faixa = 34
Melhor altura = 86

Lower Bound 1 = 75
Lower Bound 2 = 34
Avaliação = 1.14667

Tempo de execução: 60.0002s

---------------------------

Largura da faixa = 34
Melhor altura = 85

Lower Bound 1 = 75
Lower Bound 2 = 34
Avaliação = 1.13333

Tempo de execução: 60.0011s

---------------------------

Largura da faixa = 34
Melhor altura = 86

Lower Bound 1 = 75
Lower Bound 2 = 34
Avaliação = 1.14667

Tempo de execução: 60.0001s

---------------------------

Largura da faixa = 34
Melhor altura = 86

Lower Bound 1 = 75
Lower Bound 2 = 34
Avaliação = 1.14667

Tempo de execução: 60.0005s

---------------------------

Largura da faixa = 34
Melhor altura = 86

Lower Bound 1 = 75
Lower Bound 2 = 34
Avaliação = 1.14667

Tempo de execução: 60.0003s

---------------------------

Largura da faixa = 34
Melhor altura = 85

Lower Bound 1 = 75
Lower Bound 2 = 34
Avaliação = 1.13333

Tempo de execução: 60.0002s

---------------------------

Largura da faixa = 34
Melhor altura = 85

Lower Bound 1 = 75
Lower Bound 2 = 34
Avaliação = 1.13333

Tempo de execução: 60.0001s

---------------------------

