Largura da faixa = 36
Melhor altura = 167

Lower Bound 1 = 143
Lower Bound 2 = 36
Avaliação = 1.16783

Tempo de execução: 60.0003s

---------------------------

Largura da faixa = 36
Melhor altura = 169

Lower Bound 1 = 143
Lower Bound 2 = 36
Avaliação = 1.18182

Tempo de execução: 60.0016s

---------------------------

Largura da faixa = 36
Melhor altura = 163

Lower Bound 1 = 143
Lower Bound 2 = 36
Avaliação = 1.13986

Tempo de execução: 60.0023s

---------------------------

Largura da faixa = 36
Melhor altura = 168

Lower Bound 1 = 143
Lower Bound 2 = 36
Avaliação = 1.17483

Tempo de execução: 60.0001s

---------------------------

Largura da faixa = 36
Melhor altura = 168

Lower Bound 1 = 143
Lower Bound 2 = 36
Avaliação = 1.17483

Tempo de execução: 60.0009s

---------------------------

Largura da faixa = 36
Melhor altura = 167

Lower Bound 1 = 143
Lower Bound 2 = 36
Avaliação = 1.16783

Tempo de execução: 60.0048s

---------------------------

Largura da faixa = 36
Melhor altura = 167

Lower Bound 1 = 143
Lower Bound 2 = 36
Avaliação = 1.16783

Tempo de execução: 60.0012s

---------------------------

Largura da faixa = 36
Melhor altura = 168

Lower Bound 1 = 143
Lower Bound 2 = 36
Avaliação = 1.17483

Tempo de execução: 60.0004s

---------------------------

Largura da faixa = 36
Melhor altura = 168

Lower Bound 1 = 143
Lower Bound 2 = 36
Avaliação = 1.17483

Tempo de execução: 60.0031s

---------------------------

Largura da faixa = 36
Melhor altura = 166

Lower Bound 1 = 143
Lower Bound 2 = 36
Avaliação = 1.16084

Tempo de execução: 60s

---------------------------

Largura da faixa = 36
Melhor altura = 167

Lower Bound 1 = 143
Lower Bound 2 = 36
Avaliação = 1.16783

Tempo de execução: 60.0037s

---------------------------

Largura da faixa = 36
Melhor altura = 164

Lower Bound 1 = 143
Lower Bound 2 = 36
Avaliação = 1.14685

Tempo de execução: 60.0047s

---------------------------

Largura da faixa = 36
Melhor altura = 166

Lower Bound 1 = 143
Lower Bound 2 = 36
Avaliação = 1.16084

Tempo de execução: 60.0003s

---------------------------

Largura da faixa = 36
Melhor altura = 162

Lower Bound 1 = 143
Lower Bound 2 = 36
Avaliação = 1.13287

Tempo de execução: 60.0007s

---------------------------

Largura da faixa = 36
Melhor altura = 167

Lower Bound 1 = 143
Lower Bound 2 = 36
Avaliação = 1.16783

Tempo de execução: 60.0023s

---------------------------

Largura da faixa = 36
Melhor altura = 163

Lower Bound 1 = 143
Lower Bound 2 = 36
Avaliação = 1.13986

Tempo de execução: 60.0001s

---------------------------

Largura da faixa = 36
Melhor altura = 167

Lower Bound 1 = 143
Lower Bound 2 = 36
Avaliação = 1.16783

Tempo de execução: 60.0014s

---------------------------

Largura da faixa = 36
Melhor altura = 164

Lower Bound 1 = 143
Lower Bound 2 = 36
Avaliação = 1.14685

Tempo de execução: 60.0032s

---------------------------

Largura da faixa = 36
Melhor altura = 168

Lower Bound 1 = 143
Lower Bound 2 = 36
Avaliação = 1.17483

Tempo de execução: 60.0023s

---------------------------

Largura da faixa = 36
Melhor altura = 167

Lower Bound 1 = 143
Lower Bound 2 = 36
Avaliação = 1.16783

Tempo de execução: 60.0043s

---------------------------

