Largura da faixa = 32
Melhor altura = 169

Lower Bound 1 = 144
Lower Bound 2 = 32
Avaliação = 1.17361

Tempo de execução: 60.0009s

---------------------------

Largura da faixa = 32
Melhor altura = 167

Lower Bound 1 = 144
Lower Bound 2 = 32
Avaliação = 1.15972

Tempo de execução: 60.0014s

---------------------------

Largura da faixa = 32
Melhor altura = 165

Lower Bound 1 = 144
Lower Bound 2 = 32
Avaliação = 1.14583

Tempo de execução: 60.0027s

---------------------------

Largura da faixa = 32
Melhor altura = 167

Lower Bound 1 = 144
Lower Bound 2 = 32
Avaliação = 1.15972

Tempo de execução: 60.0009s

---------------------------

Largura da faixa = 32
Melhor altura = 167

Lower Bound 1 = 144
Lower Bound 2 = 32
Avaliação = 1.15972

Tempo de execução: 60.0001s

---------------------------

Largura da faixa = 32
Melhor altura = 164

Lower Bound 1 = 144
Lower Bound 2 = 32
Avaliação = 1.13889

Tempo de execução: 60.0003s

---------------------------

Largura da faixa = 32
Melhor altura = 168

Lower Bound 1 = 144
Lower Bound 2 = 32
Avaliação = 1.16667

Tempo de execução: 60.0008s

---------------------------

Largura da faixa = 32
Melhor altura = 167

Lower Bound 1 = 144
Lower Bound 2 = 32
Avaliação = 1.15972

Tempo de execução: 60.0024s

---------------------------

Largura da faixa = 32
Melhor altura = 166

Lower Bound 1 = 144
Lower Bound 2 = 32
Avaliação = 1.15278

Tempo de execução: 60.0012s

---------------------------

Largura da faixa = 32
Melhor altura = 166

Lower Bound 1 = 144
Lower Bound 2 = 32
Avaliação = 1.15278

Tempo de execução: 60.0001s

---------------------------

Largura da faixa = 32
Melhor altura = 165

Lower Bound 1 = 144
Lower Bound 2 = 32
Avaliação = 1.14583

Tempo de execução: 60.0012s

---------------------------

Largura da faixa = 32
Melhor altura = 168

Lower Bound 1 = 144
Lower Bound 2 = 32
Avaliação = 1.16667

Tempo de execução: 60.003s

---------------------------

Largura da faixa = 32
Melhor altura = 166

Lower Bound 1 = 144
Lower Bound 2 = 32
Avaliação = 1.15278

Tempo de execução: 60.0025s

---------------------------

Largura da faixa = 32
Melhor altura = 167

Lower Bound 1 = 144
Lower Bound 2 = 32
Avaliação = 1.15972

Tempo de execução: 60.0033s

---------------------------

Largura da faixa = 32
Melhor altura = 165

Lower Bound 1 = 144
Lower Bound 2 = 32
Avaliação = 1.14583

Tempo de execução: 60.0063s

---------------------------

Largura da faixa = 32
Melhor altura = 164

Lower Bound 1 = 144
Lower Bound 2 = 32
Avaliação = 1.13889

Tempo de execução: 60.0018s

---------------------------

Largura da faixa = 32
Melhor altura = 165

Lower Bound 1 = 144
Lower Bound 2 = 32
Avaliação = 1.14583

Tempo de execução: 60.0013s

---------------------------

Largura da faixa = 32
Melhor altura = 168

Lower Bound 1 = 144
Lower Bound 2 = 32
Avaliação = 1.16667

Tempo de execução: 60.0016s

---------------------------

Largura da faixa = 32
Melhor altura = 168

Lower Bound 1 = 144
Lower Bound 2 = 32
Avaliação = 1.16667

Tempo de execução: 60.0002s

---------------------------

Largura da faixa = 32
Melhor altura = 165

Lower Bound 1 = 144
Lower Bound 2 = 32
Avaliação = 1.14583

Tempo de execução: 60.0062s

---------------------------

