Largura da faixa = 24
Melhor altura = 274

Lower Bound 1 = 242
Lower Bound 2 = 24
Avaliação = 1.13223

Tempo de execução: 60.0009s

---------------------------

Largura da faixa = 24
Melhor altura = 275

Lower Bound 1 = 242
Lower Bound 2 = 24
Avaliação = 1.13636

Tempo de execução: 60.0017s

---------------------------

Largura da faixa = 24
Melhor altura = 275

Lower Bound 1 = 242
Lower Bound 2 = 24
Avaliação = 1.13636

Tempo de execução: 60.0039s

---------------------------

Largura da faixa = 24
Melhor altura = 275

Lower Bound 1 = 242
Lower Bound 2 = 24
Avaliação = 1.13636

Tempo de execução: 60.001s

---------------------------

Largura da faixa = 24
Melhor altura = 275

Lower Bound 1 = 242
Lower Bound 2 = 24
Avaliação = 1.13636

Tempo de execução: 60.008s

---------------------------

Largura da faixa = 24
Melhor altura = 272

Lower Bound 1 = 242
Lower Bound 2 = 24
Avaliação = 1.12397

Tempo de execução: 60.0103s

---------------------------

Largura da faixa = 24
Melhor altura = 277

Lower Bound 1 = 242
Lower Bound 2 = 24
Avaliação = 1.14463

Tempo de execução: 60.0016s

---------------------------

Largura da faixa = 24
Melhor altura = 275

Lower Bound 1 = 242
Lower Bound 2 = 24
Avaliação = 1.13636

Tempo de execução: 60.0093s

---------------------------

Largura da faixa = 24
Melhor altura = 273

Lower Bound 1 = 242
Lower Bound 2 = 24
Avaliação = 1.1281

Tempo de execução: 60.0093s

---------------------------

Largura da faixa = 24
Melhor altura = 276

Lower Bound 1 = 242
Lower Bound 2 = 24
Avaliação = 1.1405

Tempo de execução: 60.0015s

---------------------------

Largura da faixa = 24
Melhor altura = 276

Lower Bound 1 = 242
Lower Bound 2 = 24
Avaliação = 1.1405

Tempo de execução: 60.0068s

---------------------------

Largura da faixa = 24
Melhor altura = 276

Lower Bound 1 = 242
Lower Bound 2 = 24
Avaliação = 1.1405

Tempo de execução: 60.0061s

---------------------------

Largura da faixa = 24
Melhor altura = 275

Lower Bound 1 = 242
Lower Bound 2 = 24
Avaliação = 1.13636

Tempo de execução: 60.0023s

---------------------------

Largura da faixa = 24
Melhor altura = 276

Lower Bound 1 = 242
Lower Bound 2 = 24
Avaliação = 1.1405

Tempo de execução: 60.0029s

---------------------------

Largura da faixa = 24
Melhor altura = 275

Lower Bound 1 = 242
Lower Bound 2 = 24
Avaliação = 1.13636

Tempo de execução: 60.0078s

---------------------------

Largura da faixa = 24
Melhor altura = 275

Lower Bound 1 = 242
Lower Bound 2 = 24
Avaliação = 1.13636

Tempo de execução: 60.0013s

---------------------------

Largura da faixa = 24
Melhor altura = 274

Lower Bound 1 = 242
Lower Bound 2 = 24
Avaliação = 1.13223

Tempo de execução: 60.0064s

---------------------------

Largura da faixa = 24
Melhor altura = 276

Lower Bound 1 = 242
Lower Bound 2 = 24
Avaliação = 1.1405

Tempo de execução: 60.0055s

---------------------------

Largura da faixa = 24
Melhor altura = 276

Lower Bound 1 = 242
Lower Bound 2 = 24
Avaliação = 1.1405

Tempo de execução: 60.003s

---------------------------

Largura da faixa = 24
Melhor altura = 275

Lower Bound 1 = 242
Lower Bound 2 = 24
Avaliação = 1.13636

Tempo de execução: 60.0071s

---------------------------

