Largura da faixa = 36
Melhor altura = 309

Lower Bound 1 = 266
Lower Bound 2 = 36
Avaliação = 1.16165

Tempo de execução: 60.0007s

---------------------------

Largura da faixa = 36
Melhor altura = 313

Lower Bound 1 = 266
Lower Bound 2 = 36
Avaliação = 1.17669

Tempo de execução: 60.0056s

---------------------------

Largura da faixa = 36
Melhor altura = 307

Lower Bound 1 = 266
Lower Bound 2 = 36
Avaliação = 1.15414

Tempo de execução: 60.0065s

---------------------------

Largura da faixa = 36
Melhor altura = 311

Lower Bound 1 = 266
Lower Bound 2 = 36
Avaliação = 1.16917

Tempo de execução: 60.0015s

---------------------------

Largura da faixa = 36
Melhor altura = 315

Lower Bound 1 = 266
Lower Bound 2 = 36
Avaliação = 1.18421

Tempo de execução: 60.0008s

---------------------------

Largura da faixa = 36
Melhor altura = 311

Lower Bound 1 = 266
Lower Bound 2 = 36
Avaliação = 1.16917

Tempo de execução: 60.0053s

---------------------------

Largura da faixa = 36
Melhor altura = 309

Lower Bound 1 = 266
Lower Bound 2 = 36
Avaliação = 1.16165

Tempo de execução: 60.0018s

---------------------------

Largura da faixa = 36
Melhor altura = 309

Lower Bound 1 = 266
Lower Bound 2 = 36
Avaliação = 1.16165

Tempo de execução: 60.0003s

---------------------------

Largura da faixa = 36
Melhor altura = 310

Lower Bound 1 = 266
Lower Bound 2 = 36
Avaliação = 1.16541

Tempo de execução: 60.0034s

---------------------------

Largura da faixa = 36
Melhor altura = 309

Lower Bound 1 = 266
Lower Bound 2 = 36
Avaliação = 1.16165

Tempo de execução: 60.0076s

---------------------------

Largura da faixa = 36
Melhor altura = 315

Lower Bound 1 = 266
Lower Bound 2 = 36
Avaliação = 1.18421

Tempo de execução: 60.0077s

---------------------------

Largura da faixa = 36
Melhor altura = 303

Lower Bound 1 = 266
Lower Bound 2 = 36
Avaliação = 1.1391

Tempo de execução: 60.0135s

---------------------------

Largura da faixa = 36
Melhor altura = 305

Lower Bound 1 = 266
Lower Bound 2 = 36
Avaliação = 1.14662

Tempo de execução: 60.0011s

---------------------------

Largura da faixa = 36
Melhor altura = 312

Lower Bound 1 = 266
Lower Bound 2 = 36
Avaliação = 1.17293

Tempo de execução: 60.007s

---------------------------

Largura da faixa = 36
Melhor altura = 307

Lower Bound 1 = 266
Lower Bound 2 = 36
Avaliação = 1.15414

Tempo de execução: 60.0044s

---------------------------

Largura da faixa = 36
Melhor altura = 309

Lower Bound 1 = 266
Lower Bound 2 = 36
Avaliação = 1.16165

Tempo de execução: 60.0026s

---------------------------

Largura da faixa = 36
Melhor altura = 310

Lower Bound 1 = 266
Lower Bound 2 = 36
Avaliação = 1.16541

Tempo de execução: 60.0043s

---------------------------

Largura da faixa = 36
Melhor altura = 309

Lower Bound 1 = 266
Lower Bound 2 = 36
Avaliação = 1.16165

Tempo de execução: 60.0106s

---------------------------

Largura da faixa = 36
Melhor altura = 310

Lower Bound 1 = 266
Lower Bound 2 = 36
Avaliação = 1.16541

Tempo de execução: 60.0015s

---------------------------

Largura da faixa = 36
Melhor altura = 310

Lower Bound 1 = 266
Lower Bound 2 = 36
Avaliação = 1.16541

Tempo de execução: 60.0104s

---------------------------

