Largura da faixa = 24
Melhor altura = 575

Lower Bound 1 = 498
Lower Bound 2 = 24
Avaliação = 1.15462

Tempo de execução: 60.0009s

---------------------------

Largura da faixa = 24
Melhor altura = 579

Lower Bound 1 = 498
Lower Bound 2 = 24
Avaliação = 1.16265

Tempo de execução: 60.0028s

---------------------------

Largura da faixa = 24
Melhor altura = 576

Lower Bound 1 = 498
Lower Bound 2 = 24
Avaliação = 1.15663

Tempo de execução: 60.0005s

---------------------------

Largura da faixa = 24
Melhor altura = 580

Lower Bound 1 = 498
Lower Bound 2 = 24
Avaliação = 1.16466

Tempo de execução: 60.0022s

---------------------------

Largura da faixa = 24
Melhor altura = 579

Lower Bound 1 = 498
Lower Bound 2 = 24
Avaliação = 1.16265

Tempo de execução: 60.0044s

---------------------------

Largura da faixa = 24
Melhor altura = 577

Lower Bound 1 = 498
Lower Bound 2 = 24
Avaliação = 1.15863

Tempo de execução: 60.0104s

---------------------------

Largura da faixa = 24
Melhor altura = 580

Lower Bound 1 = 498
Lower Bound 2 = 24
Avaliação = 1.16466

Tempo de execução: 60.0112s

---------------------------

Largura da faixa = 24
Melhor altura = 577

Lower Bound 1 = 498
Lower Bound 2 = 24
Avaliação = 1.15863

Tempo de execução: 60.0116s

---------------------------

Largura da faixa = 24
Melhor altura = 578

Lower Bound 1 = 498
Lower Bound 2 = 24
Avaliação = 1.16064

Tempo de execução: 60.0322s

---------------------------

Largura da faixa = 24
Melhor altura = 578

Lower Bound 1 = 498
Lower Bound 2 = 24
Avaliação = 1.16064

Tempo de execução: 60.0041s

---------------------------

Largura da faixa = 24
Melhor altura = 581

Lower Bound 1 = 498
Lower Bound 2 = 24
Avaliação = 1.16667

Tempo de execução: 60.0095s

---------------------------

Largura da faixa = 24
Melhor altura = 581

Lower Bound 1 = 498
Lower Bound 2 = 24
Avaliação = 1.16667

Tempo de execução: 60.013s

---------------------------

Largura da faixa = 24
Melhor altura = 577

Lower Bound 1 = 498
Lower Bound 2 = 24
Avaliação = 1.15863

Tempo de execução: 60.0019s

---------------------------

Largura da faixa = 24
Melhor altura = 577

Lower Bound 1 = 498
Lower Bound 2 = 24
Avaliação = 1.15863

Tempo de execução: 60.0035s

---------------------------

Largura da faixa = 24
Melhor altura = 580

Lower Bound 1 = 498
Lower Bound 2 = 24
Avaliação = 1.16466

Tempo de execução: 60.0077s

---------------------------

Largura da faixa = 24
Melhor altura = 578

Lower Bound 1 = 498
Lower Bound 2 = 24
Avaliação = 1.16064

Tempo de execução: 60.0087s

---------------------------

Largura da faixa = 24
Melhor altura = 578

Lower Bound 1 = 498
Lower Bound 2 = 24
Avaliação = 1.16064

Tempo de execução: 60.0027s

---------------------------

Largura da faixa = 24
Melhor altura = 581

Lower Bound 1 = 498
Lower Bound 2 = 24
Avaliação = 1.16667

Tempo de execução: 60.031s

---------------------------

Largura da faixa = 24
Melhor altura = 580

Lower Bound 1 = 498
Lower Bound 2 = 24
Avaliação = 1.16466

Tempo de execução: 60.0059s

---------------------------

Largura da faixa = 24
Melhor altura = 576

Lower Bound 1 = 498
Lower Bound 2 = 24
Avaliação = 1.15663

Tempo de execução: 60.0087s

---------------------------

