Largura da faixa = 32
Melhor altura = 509

Lower Bound 1 = 426
Lower Bound 2 = 32
Avaliação = 1.19484

Tempo de execução: 60.0145s

---------------------------

Largura da faixa = 32
Melhor altura = 497

Lower Bound 1 = 426
Lower Bound 2 = 32
Avaliação = 1.16667

Tempo de execução: 60.0115s

---------------------------

Largura da faixa = 32
Melhor altura = 503

Lower Bound 1 = 426
Lower Bound 2 = 32
Avaliação = 1.18075

Tempo de execução: 60.0314s

---------------------------

Largura da faixa = 32
Melhor altura = 509

Lower Bound 1 = 426
Lower Bound 2 = 32
Avaliação = 1.19484

Tempo de execução: 60.0072s

---------------------------

Largura da faixa = 32
Melhor altura = 507

Lower Bound 1 = 426
Lower Bound 2 = 32
Avaliação = 1.19014

Tempo de execução: 60.0292s

---------------------------

Largura da faixa = 32
Melhor altura = 501

Lower Bound 1 = 426
Lower Bound 2 = 32
Avaliação = 1.17606

Tempo de execução: 60.0571s

---------------------------

Largura da faixa = 32
Melhor altura = 501

Lower Bound 1 = 426
Lower Bound 2 = 32
Avaliação = 1.17606

Tempo de execução: 60.0006s

---------------------------

Largura da faixa = 32
Melhor altura = 501

Lower Bound 1 = 426
Lower Bound 2 = 32
Avaliação = 1.17606

Tempo de execução: 60.0131s

---------------------------

Largura da faixa = 32
Melhor altura = 512

Lower Bound 1 = 426
Lower Bound 2 = 32
Avaliação = 1.20188

Tempo de execução: 60.0169s

---------------------------

Largura da faixa = 32
Melhor altura = 505

Lower Bound 1 = 426
Lower Bound 2 = 32
Avaliação = 1.18545

Tempo de execução: 60.0007s

---------------------------

Largura da faixa = 32
Melhor altura = 498

Lower Bound 1 = 426
Lower Bound 2 = 32
Avaliação = 1.16901

Tempo de execução: 60.0272s

---------------------------

Largura da faixa = 32
Melhor altura = 501

Lower Bound 1 = 426
Lower Bound 2 = 32
Avaliação = 1.17606

Tempo de execução: 60.0232s

---------------------------

Largura da faixa = 32
Melhor altura = 506

Lower Bound 1 = 426
Lower Bound 2 = 32
Avaliação = 1.18779

Tempo de execução: 60.0085s

---------------------------

Largura da faixa = 32
Melhor altura = 505

Lower Bound 1 = 426
Lower Bound 2 = 32
Avaliação = 1.18545

Tempo de execução: 60.0229s

---------------------------

Largura da faixa = 32
Melhor altura = 501

Lower Bound 1 = 426
Lower Bound 2 = 32
Avaliação = 1.17606

Tempo de execução: 60.0346s

---------------------------

Largura da faixa = 32
Melhor altura = 503

Lower Bound 1 = 426
Lower Bound 2 = 32
Avaliação = 1.18075

Tempo de execução: 60.012s

---------------------------

Largura da faixa = 32
Melhor altura = 512

Lower Bound 1 = 426
Lower Bound 2 = 32
Avaliação = 1.20188

Tempo de execução: 60.0099s

---------------------------

Largura da faixa = 32
Melhor altura = 507

Lower Bound 1 = 426
Lower Bound 2 = 32
Avaliação = 1.19014

Tempo de execução: 60.01s

---------------------------

Largura da faixa = 32
Melhor altura = 504

Lower Bound 1 = 426
Lower Bound 2 = 32
Avaliação = 1.1831

Tempo de execução: 60.0135s

---------------------------

Largura da faixa = 32
Melhor altura = 505

Lower Bound 1 = 426
Lower Bound 2 = 32
Avaliação = 1.18545

Tempo de execução: 60.0133s

---------------------------

