Largura da faixa = 23
Melhor altura = 176

Lower Bound 1 = 158
Lower Bound 2 = 87
Avaliação = 1.11392

Tempo de execução: 60.0001s

---------------------------

Largura da faixa = 23
Melhor altura = 178

Lower Bound 1 = 158
Lower Bound 2 = 87
Avaliação = 1.12658

Tempo de execução: 60s

---------------------------

Largura da faixa = 23
Melhor altura = 177

Lower Bound 1 = 158
Lower Bound 2 = 87
Avaliação = 1.12025

Tempo de execução: 60.0004s

---------------------------

Largura da faixa = 23
Melhor altura = 178

Lower Bound 1 = 158
Lower Bound 2 = 87
Avaliação = 1.12658

Tempo de execução: 60.0001s

---------------------------

Largura da faixa = 23
Melhor altura = 179

Lower Bound 1 = 158
Lower Bound 2 = 87
Avaliação = 1.13291

Tempo de execução: 60.0003s

---------------------------

Largura da faixa = 23
Melhor altura = 178

Lower Bound 1 = 158
Lower Bound 2 = 87
Avaliação = 1.12658

Tempo de execução: 60.0003s

---------------------------

Largura da faixa = 23
Melhor altura = 176

Lower Bound 1 = 158
Lower Bound 2 = 87
Avaliação = 1.11392

Tempo de execução: 60.0001s

---------------------------

Largura da faixa = 23
Melhor altura = 176

Lower Bound 1 = 158
Lower Bound 2 = 87
Avaliação = 1.11392

Tempo de execução: 60.0001s

---------------------------

Largura da faixa = 23
Melhor altura = 178

Lower Bound 1 = 158
Lower Bound 2 = 87
Avaliação = 1.12658

Tempo de execução: 60.0007s

---------------------------

Largura da faixa = 23
Melhor altura = 180

Lower Bound 1 = 158
Lower Bound 2 = 87
Avaliação = 1.13924

Tempo de execução: 60.0001s

---------------------------

Largura da faixa = 23
Melhor altura = 176

Lower Bound 1 = 158
Lower Bound 2 = 87
Avaliação = 1.11392

Tempo de execução: 60.0001s

---------------------------

Largura da faixa = 23
Melhor altura = 177

Lower Bound 1 = 158
Lower Bound 2 = 87
Avaliação = 1.12025

Tempo de execução: 60.0001s

---------------------------

Largura da faixa = 23
Melhor altura = 180

Lower Bound 1 = 158
Lower Bound 2 = 87
Avaliação = 1.13924

Tempo de execução: 60s

---------------------------

Largura da faixa = 23
Melhor altura = 179

Lower Bound 1 = 158
Lower Bound 2 = 87
Avaliação = 1.13291

Tempo de execução: 60s

---------------------------

Largura da faixa = 23
Melhor altura = 176

Lower Bound 1 = 158
Lower Bound 2 = 87
Avaliação = 1.11392

Tempo de execução: 60.0004s

---------------------------

Largura da faixa = 23
Melhor altura = 178

Lower Bound 1 = 158
Lower Bound 2 = 87
Avaliação = 1.12658

Tempo de execução: 60s

---------------------------

Largura da faixa = 23
Melhor altura = 177

Lower Bound 1 = 158
Lower Bound 2 = 87
Avaliação = 1.12025

Tempo de execução: 60.0001s

---------------------------

Largura da faixa = 23
Melhor altura = 177

Lower Bound 1 = 158
Lower Bound 2 = 87
Avaliação = 1.12025

Tempo de execução: 60.001s

---------------------------

Largura da faixa = 23
Melhor altura = 177

Lower Bound 1 = 158
Lower Bound 2 = 87
Avaliação = 1.12025

Tempo de execução: 60.0006s

---------------------------

Largura da faixa = 23
Melhor altura = 177

Lower Bound 1 = 158
Lower Bound 2 = 87
Avaliação = 1.12025

Tempo de execução: 60.0008s

---------------------------

