Largura da faixa = 32
Melhor altura = 1035

Lower Bound 1 = 851
Lower Bound 2 = 32
Avaliação = 1.21622

Tempo de execução: 60.0018s

---------------------------

Largura da faixa = 32
Melhor altura = 1030

Lower Bound 1 = 851
Lower Bound 2 = 32
Avaliação = 1.21034

Tempo de execução: 60.0438s

---------------------------

Largura da faixa = 32
Melhor altura = 1030

Lower Bound 1 = 851
Lower Bound 2 = 32
Avaliação = 1.21034

Tempo de execução: 60.06s

---------------------------

Largura da faixa = 32
Melhor altura = 1030

Lower Bound 1 = 851
Lower Bound 2 = 32
Avaliação = 1.21034

Tempo de execução: 60.0225s

---------------------------

Largura da faixa = 32
Melhor altura = 1031

Lower Bound 1 = 851
Lower Bound 2 = 32
Avaliação = 1.21152

Tempo de execução: 60.0188s

---------------------------

Largura da faixa = 32
Melhor altura = 1025

Lower Bound 1 = 851
Lower Bound 2 = 32
Avaliação = 1.20447

Tempo de execução: 60.0287s

---------------------------

Largura da faixa = 32
Melhor altura = 1036

Lower Bound 1 = 851
Lower Bound 2 = 32
Avaliação = 1.21739

Tempo de execução: 60.0293s

---------------------------

Largura da faixa = 32
Melhor altura = 1030

Lower Bound 1 = 851
Lower Bound 2 = 32
Avaliação = 1.21034

Tempo de execução: 60.0281s

---------------------------

Largura da faixa = 32
Melhor altura = 1026

Lower Bound 1 = 851
Lower Bound 2 = 32
Avaliação = 1.20564

Tempo de execução: 60.0388s

---------------------------

Largura da faixa = 32
Melhor altura = 1021

Lower Bound 1 = 851
Lower Bound 2 = 32
Avaliação = 1.19976

Tempo de execução: 60.0048s

---------------------------

Largura da faixa = 32
Melhor altura = 1034

Lower Bound 1 = 851
Lower Bound 2 = 32
Avaliação = 1.21504

Tempo de execução: 60.0353s

---------------------------

Largura da faixa = 32
Melhor altura = 1036

Lower Bound 1 = 851
Lower Bound 2 = 32
Avaliação = 1.21739

Tempo de execução: 60.0405s

---------------------------

Largura da faixa = 32
Melhor altura = 1029

Lower Bound 1 = 851
Lower Bound 2 = 32
Avaliação = 1.20917

Tempo de execução: 60.0447s

---------------------------

Largura da faixa = 32
Melhor altura = 1030

Lower Bound 1 = 851
Lower Bound 2 = 32
Avaliação = 1.21034

Tempo de execução: 60.0195s

---------------------------

Largura da faixa = 32
Melhor altura = 1031

Lower Bound 1 = 851
Lower Bound 2 = 32
Avaliação = 1.21152

Tempo de execução: 60.0278s

---------------------------

Largura da faixa = 32
Melhor altura = 1030

Lower Bound 1 = 851
Lower Bound 2 = 32
Avaliação = 1.21034

Tempo de execução: 60.0034s

---------------------------

Largura da faixa = 32
Melhor altura = 1034

Lower Bound 1 = 851
Lower Bound 2 = 32
Avaliação = 1.21504

Tempo de execução: 60.0207s

---------------------------

Largura da faixa = 32
Melhor altura = 1027

Lower Bound 1 = 851
Lower Bound 2 = 32
Avaliação = 1.20682

Tempo de execução: 60.1289s

---------------------------

Largura da faixa = 32
Melhor altura = 1026

Lower Bound 1 = 851
Lower Bound 2 = 32
Avaliação = 1.20564

Tempo de execução: 60.0382s

---------------------------

Largura da faixa = 32
Melhor altura = 1036

Lower Bound 1 = 851
Lower Bound 2 = 32
Avaliação = 1.21739

Tempo de execução: 60.0355s

---------------------------

