Largura da faixa = 22
Melhor altura = 159

Lower Bound 1 = 142
Lower Bound 2 = 22
Avaliação = 1.11972

Tempo de execução: 60.0015s

---------------------------

Largura da faixa = 22
Melhor altura = 157

Lower Bound 1 = 142
Lower Bound 2 = 22
Avaliação = 1.10563

Tempo de execução: 60.0018s

---------------------------

Largura da faixa = 22
Melhor altura = 156

Lower Bound 1 = 142
Lower Bound 2 = 22
Avaliação = 1.09859

Tempo de execução: 60.0027s

---------------------------

Largura da faixa = 22
Melhor altura = 155

Lower Bound 1 = 142
Lower Bound 2 = 22
Avaliação = 1.09155

Tempo de execução: 60.0001s

---------------------------

Largura da faixa = 22
Melhor altura = 157

Lower Bound 1 = 142
Lower Bound 2 = 22
Avaliação = 1.10563

Tempo de execução: 60.0004s

---------------------------

Largura da faixa = 22
Melhor altura = 158

Lower Bound 1 = 142
Lower Bound 2 = 22
Avaliação = 1.11268

Tempo de execução: 60.0022s

---------------------------

Largura da faixa = 22
Melhor altura = 159

Lower Bound 1 = 142
Lower Bound 2 = 22
Avaliação = 1.11972

Tempo de execução: 60.0006s

---------------------------

Largura da faixa = 22
Melhor altura = 159

Lower Bound 1 = 142
Lower Bound 2 = 22
Avaliação = 1.11972

Tempo de execução: 60.001s

---------------------------

Largura da faixa = 22
Melhor altura = 159

Lower Bound 1 = 142
Lower Bound 2 = 22
Avaliação = 1.11972

Tempo de execução: 60.0011s

---------------------------

Largura da faixa = 22
Melhor altura = 159

Lower Bound 1 = 142
Lower Bound 2 = 22
Avaliação = 1.11972

Tempo de execução: 60.0006s

---------------------------

Largura da faixa = 22
Melhor altura = 157

Lower Bound 1 = 142
Lower Bound 2 = 22
Avaliação = 1.10563

Tempo de execução: 60.0018s

---------------------------

Largura da faixa = 22
Melhor altura = 158

Lower Bound 1 = 142
Lower Bound 2 = 22
Avaliação = 1.11268

Tempo de execução: 60.0022s

---------------------------

Largura da faixa = 22
Melhor altura = 159

Lower Bound 1 = 142
Lower Bound 2 = 22
Avaliação = 1.11972

Tempo de execução: 60.0007s

---------------------------

Largura da faixa = 22
Melhor altura = 159

Lower Bound 1 = 142
Lower Bound 2 = 22
Avaliação = 1.11972

Tempo de execução: 60.0008s

---------------------------

Largura da faixa = 22
Melhor altura = 160

Lower Bound 1 = 142
Lower Bound 2 = 22
Avaliação = 1.12676

Tempo de execução: 60.0005s

---------------------------

Largura da faixa = 22
Melhor altura = 158

Lower Bound 1 = 142
Lower Bound 2 = 22
Avaliação = 1.11268

Tempo de execução: 60.0009s

---------------------------

Largura da faixa = 22
Melhor altura = 157

Lower Bound 1 = 142
Lower Bound 2 = 22
Avaliação = 1.10563

Tempo de execução: 60.0009s

---------------------------

Largura da faixa = 22
Melhor altura = 158

Lower Bound 1 = 142
Lower Bound 2 = 22
Avaliação = 1.11268

Tempo de execução: 60.0014s

---------------------------

Largura da faixa = 22
Melhor altura = 158

Lower Bound 1 = 142
Lower Bound 2 = 22
Avaliação = 1.11268

Tempo de execução: 60.0008s

---------------------------

Largura da faixa = 22
Melhor altura = 158

Lower Bound 1 = 142
Lower Bound 2 = 22
Avaliação = 1.11268

Tempo de execução: 60.0006s

---------------------------

