Largura da faixa = 32
Melhor altura = 168

Lower Bound 1 = 146
Lower Bound 2 = 32
Avaliação = 1.15068

Tempo de execução: 60s

---------------------------

Largura da faixa = 32
Melhor altura = 168

Lower Bound 1 = 146
Lower Bound 2 = 32
Avaliação = 1.15068

Tempo de execução: 60s

---------------------------

Largura da faixa = 32
Melhor altura = 171

Lower Bound 1 = 146
Lower Bound 2 = 32
Avaliação = 1.17123

Tempo de execução: 60.0036s

---------------------------

Largura da faixa = 32
Melhor altura = 170

Lower Bound 1 = 146
Lower Bound 2 = 32
Avaliação = 1.16438

Tempo de execução: 60.0007s

---------------------------

Largura da faixa = 32
Melhor altura = 169

Lower Bound 1 = 146
Lower Bound 2 = 32
Avaliação = 1.15753

Tempo de execução: 60.004s

---------------------------

Largura da faixa = 32
Melhor altura = 172

Lower Bound 1 = 146
Lower Bound 2 = 32
Avaliação = 1.17808

Tempo de execução: 60.0061s

---------------------------

Largura da faixa = 32
Melhor altura = 169

Lower Bound 1 = 146
Lower Bound 2 = 32
Avaliação = 1.15753

Tempo de execução: 60.0005s

---------------------------

Largura da faixa = 32
Melhor altura = 172

Lower Bound 1 = 146
Lower Bound 2 = 32
Avaliação = 1.17808

Tempo de execução: 60.0012s

---------------------------

Largura da faixa = 32
Melhor altura = 170

Lower Bound 1 = 146
Lower Bound 2 = 32
Avaliação = 1.16438

Tempo de execução: 60.0082s

---------------------------

Largura da faixa = 32
Melhor altura = 170

Lower Bound 1 = 146
Lower Bound 2 = 32
Avaliação = 1.16438

Tempo de execução: 60.0008s

---------------------------

Largura da faixa = 32
Melhor altura = 168

Lower Bound 1 = 146
Lower Bound 2 = 32
Avaliação = 1.15068

Tempo de execução: 60.0015s

---------------------------

Largura da faixa = 32
Melhor altura = 171

Lower Bound 1 = 146
Lower Bound 2 = 32
Avaliação = 1.17123

Tempo de execução: 60.0038s

---------------------------

Largura da faixa = 32
Melhor altura = 169

Lower Bound 1 = 146
Lower Bound 2 = 32
Avaliação = 1.15753

Tempo de execução: 60.0024s

---------------------------

Largura da faixa = 32
Melhor altura = 170

Lower Bound 1 = 146
Lower Bound 2 = 32
Avaliação = 1.16438

Tempo de execução: 60.0044s

---------------------------

Largura da faixa = 32
Melhor altura = 172

Lower Bound 1 = 146
Lower Bound 2 = 32
Avaliação = 1.17808

Tempo de execução: 60.0072s

---------------------------

Largura da faixa = 32
Melhor altura = 168

Lower Bound 1 = 146
Lower Bound 2 = 32
Avaliação = 1.15068

Tempo de execução: 60.0001s

---------------------------

Largura da faixa = 32
Melhor altura = 163

Lower Bound 1 = 146
Lower Bound 2 = 32
Avaliação = 1.11644

Tempo de execução: 60.0008s

---------------------------

Largura da faixa = 32
Melhor altura = 170

Lower Bound 1 = 146
Lower Bound 2 = 32
Avaliação = 1.16438

Tempo de execução: 60.0004s

---------------------------

Largura da faixa = 32
Melhor altura = 170

Lower Bound 1 = 146
Lower Bound 2 = 32
Avaliação = 1.16438

Tempo de execução: 60.0016s

---------------------------

Largura da faixa = 32
Melhor altura = 169

Lower Bound 1 = 146
Lower Bound 2 = 32
Avaliação = 1.15753

Tempo de execução: 60.0042s

---------------------------

