Largura da faixa = 36
Melhor altura = 326

Lower Bound 1 = 273
Lower Bound 2 = 36
Avaliação = 1.19414

Tempo de execução: 60.0026s

---------------------------

Largura da faixa = 36
Melhor altura = 320

Lower Bound 1 = 273
Lower Bound 2 = 36
Avaliação = 1.17216

Tempo de execução: 60.0048s

---------------------------

Largura da faixa = 36
Melhor altura = 324

Lower Bound 1 = 273
Lower Bound 2 = 36
Avaliação = 1.18681

Tempo de execução: 60.007s

---------------------------

Largura da faixa = 36
Melhor altura = 319

Lower Bound 1 = 273
Lower Bound 2 = 36
Avaliação = 1.1685

Tempo de execução: 60.0011s

---------------------------

Largura da faixa = 36
Melhor altura = 329

Lower Bound 1 = 273
Lower Bound 2 = 36
Avaliação = 1.20513

Tempo de execução: 60.0026s

---------------------------

Largura da faixa = 36
Melhor altura = 325

Lower Bound 1 = 273
Lower Bound 2 = 36
Avaliação = 1.19048

Tempo de execução: 60.0071s

---------------------------

Largura da faixa = 36
Melhor altura = 322

Lower Bound 1 = 273
Lower Bound 2 = 36
Avaliação = 1.17949

Tempo de execução: 60.0034s

---------------------------

Largura da faixa = 36
Melhor altura = 323

Lower Bound 1 = 273
Lower Bound 2 = 36
Avaliação = 1.18315

Tempo de execução: 60.0074s

---------------------------

Largura da faixa = 36
Melhor altura = 323

Lower Bound 1 = 273
Lower Bound 2 = 36
Avaliação = 1.18315

Tempo de execução: 60.0043s

---------------------------

Largura da faixa = 36
Melhor altura = 326

Lower Bound 1 = 273
Lower Bound 2 = 36
Avaliação = 1.19414

Tempo de execução: 60.0007s

---------------------------

Largura da faixa = 36
Melhor altura = 325

Lower Bound 1 = 273
Lower Bound 2 = 36
Avaliação = 1.19048

Tempo de execução: 60.0014s

---------------------------

Largura da faixa = 36
Melhor altura = 325

Lower Bound 1 = 273
Lower Bound 2 = 36
Avaliação = 1.19048

Tempo de execução: 60.0012s

---------------------------

Largura da faixa = 36
Melhor altura = 326

Lower Bound 1 = 273
Lower Bound 2 = 36
Avaliação = 1.19414

Tempo de execução: 60.0017s

---------------------------

Largura da faixa = 36
Melhor altura = 325

Lower Bound 1 = 273
Lower Bound 2 = 36
Avaliação = 1.19048

Tempo de execução: 60.0028s

---------------------------

Largura da faixa = 36
Melhor altura = 321

Lower Bound 1 = 273
Lower Bound 2 = 36
Avaliação = 1.17582

Tempo de execução: 60.0122s

---------------------------

Largura da faixa = 36
Melhor altura = 323

Lower Bound 1 = 273
Lower Bound 2 = 36
Avaliação = 1.18315

Tempo de execução: 60.0005s

---------------------------

Largura da faixa = 36
Melhor altura = 328

Lower Bound 1 = 273
Lower Bound 2 = 36
Avaliação = 1.20147

Tempo de execução: 60.0017s

---------------------------

Largura da faixa = 36
Melhor altura = 324

Lower Bound 1 = 273
Lower Bound 2 = 36
Avaliação = 1.18681

Tempo de execução: 60.0036s

---------------------------

Largura da faixa = 36
Melhor altura = 324

Lower Bound 1 = 273
Lower Bound 2 = 36
Avaliação = 1.18681

Tempo de execução: 60.0031s

---------------------------

Largura da faixa = 36
Melhor altura = 324

Lower Bound 1 = 273
Lower Bound 2 = 36
Avaliação = 1.18681

Tempo de execução: 60.0063s

---------------------------

