Largura da faixa = 31
Melhor altura = 77

Lower Bound 1 = 68
Lower Bound 2 = 31
Avaliação = 1.13235

Tempo de execução: 60.0005s

---------------------------

Largura da faixa = 31
Melhor altura = 76

Lower Bound 1 = 68
Lower Bound 2 = 31
Avaliação = 1.11765

Tempo de execução: 60.0012s

---------------------------

Largura da faixa = 31
Melhor altura = 77

Lower Bound 1 = 68
Lower Bound 2 = 31
Avaliação = 1.13235

Tempo de execução: 60.0007s

---------------------------

Largura da faixa = 31
Melhor altura = 77

Lower Bound 1 = 68
Lower Bound 2 = 31
Avaliação = 1.13235

Tempo de execução: 60.0002s

---------------------------

Largura da faixa = 31
Melhor altura = 76

Lower Bound 1 = 68
Lower Bound 2 = 31
Avaliação = 1.11765

Tempo de execução: 60.0004s

---------------------------

Largura da faixa = 31
Melhor altura = 76

Lower Bound 1 = 68
Lower Bound 2 = 31
Avaliação = 1.11765

Tempo de execução: 60.0006s

---------------------------

Largura da faixa = 31
Melhor altura = 76

Lower Bound 1 = 68
Lower Bound 2 = 31
Avaliação = 1.11765

Tempo de execução: 60.0001s

---------------------------

Largura da faixa = 31
Melhor altura = 77

Lower Bound 1 = 68
Lower Bound 2 = 31
Avaliação = 1.13235

Tempo de execução: 60s

---------------------------

Largura da faixa = 31
Melhor altura = 76

Lower Bound 1 = 68
Lower Bound 2 = 31
Avaliação = 1.11765

Tempo de execução: 60.0003s

---------------------------

Largura da faixa = 31
Melhor altura = 77

Lower Bound 1 = 68
Lower Bound 2 = 31
Avaliação = 1.13235

Tempo de execução: 60.0003s

---------------------------

Largura da faixa = 31
Melhor altura = 75

Lower Bound 1 = 68
Lower Bound 2 = 31
Avaliação = 1.10294

Tempo de execução: 60.0005s

---------------------------

Largura da faixa = 31
Melhor altura = 75

Lower Bound 1 = 68
Lower Bound 2 = 31
Avaliação = 1.10294

Tempo de execução: 60.0008s

---------------------------

Largura da faixa = 31
Melhor altura = 76

Lower Bound 1 = 68
Lower Bound 2 = 31
Avaliação = 1.11765

Tempo de execução: 60.0001s

---------------------------

Largura da faixa = 31
Melhor altura = 76

Lower Bound 1 = 68
Lower Bound 2 = 31
Avaliação = 1.11765

Tempo de execução: 60.0002s

---------------------------

Largura da faixa = 31
Melhor altura = 75

Lower Bound 1 = 68
Lower Bound 2 = 31
Avaliação = 1.10294

Tempo de execução: 60.0009s

---------------------------

Largura da faixa = 31
Melhor altura = 75

Lower Bound 1 = 68
Lower Bound 2 = 31
Avaliação = 1.10294

Tempo de execução: 60s

---------------------------

Largura da faixa = 31
Melhor altura = 75

Lower Bound 1 = 68
Lower Bound 2 = 31
Avaliação = 1.10294

Tempo de execução: 60.0008s

---------------------------

Largura da faixa = 31
Melhor altura = 75

Lower Bound 1 = 68
Lower Bound 2 = 31
Avaliação = 1.10294

Tempo de execução: 60.0005s

---------------------------

Largura da faixa = 31
Melhor altura = 77

Lower Bound 1 = 68
Lower Bound 2 = 31
Avaliação = 1.13235

Tempo de execução: 60.0002s

---------------------------

Largura da faixa = 31
Melhor altura = 77

Lower Bound 1 = 68
Lower Bound 2 = 31
Avaliação = 1.13235

Tempo de execução: 60.0002s

---------------------------

