Largura da faixa = 29
Melhor altura = 102

Lower Bound 1 = 92
Lower Bound 2 = 29
Avaliação = 1.1087

Tempo de execução: 60.0001s

---------------------------

Largura da faixa = 29
Melhor altura = 101

Lower Bound 1 = 92
Lower Bound 2 = 29
Avaliação = 1.09783

Tempo de execução: 60.0009s

---------------------------

Largura da faixa = 29
Melhor altura = 103

Lower Bound 1 = 92
Lower Bound 2 = 29
Avaliação = 1.11957

Tempo de execução: 60.0015s

---------------------------

Largura da faixa = 29
Melhor altura = 101

Lower Bound 1 = 92
Lower Bound 2 = 29
Avaliação = 1.09783

Tempo de execução: 60.0005s

---------------------------

Largura da faixa = 29
Melhor altura = 103

Lower Bound 1 = 92
Lower Bound 2 = 29
Avaliação = 1.11957

Tempo de execução: 60s

---------------------------

Largura da faixa = 29
Melhor altura = 102

Lower Bound 1 = 92
Lower Bound 2 = 29
Avaliação = 1.1087

Tempo de execução: 60s

---------------------------

Largura da faixa = 29
Melhor altura = 102

Lower Bound 1 = 92
Lower Bound 2 = 29
Avaliação = 1.1087

Tempo de execução: 60.0005s

---------------------------

Largura da faixa = 29
Melhor altura = 101

Lower Bound 1 = 92
Lower Bound 2 = 29
Avaliação = 1.09783

Tempo de execução: 60.0003s

---------------------------

Largura da faixa = 29
Melhor altura = 101

Lower Bound 1 = 92
Lower Bound 2 = 29
Avaliação = 1.09783

Tempo de execução: 60.0002s

---------------------------

Largura da faixa = 29
Melhor altura = 101

Lower Bound 1 = 92
Lower Bound 2 = 29
Avaliação = 1.09783

Tempo de execução: 60.0013s

---------------------------

Largura da faixa = 29
Melhor altura = 102

Lower Bound 1 = 92
Lower Bound 2 = 29
Avaliação = 1.1087

Tempo de execução: 60.0007s

---------------------------

Largura da faixa = 29
Melhor altura = 103

Lower Bound 1 = 92
Lower Bound 2 = 29
Avaliação = 1.11957

Tempo de execução: 60.0008s

---------------------------

Largura da faixa = 29
Melhor altura = 102

Lower Bound 1 = 92
Lower Bound 2 = 29
Avaliação = 1.1087

Tempo de execução: 60.0001s

---------------------------

Largura da faixa = 29
Melhor altura = 101

Lower Bound 1 = 92
Lower Bound 2 = 29
Avaliação = 1.09783

Tempo de execução: 60.0001s

---------------------------

Largura da faixa = 29
Melhor altura = 102

Lower Bound 1 = 92
Lower Bound 2 = 29
Avaliação = 1.1087

Tempo de execução: 60.0009s

---------------------------

Largura da faixa = 29
Melhor altura = 103

Lower Bound 1 = 92
Lower Bound 2 = 29
Avaliação = 1.11957

Tempo de execução: 60.0009s

---------------------------

Largura da faixa = 29
Melhor altura = 102

Lower Bound 1 = 92
Lower Bound 2 = 29
Avaliação = 1.1087

Tempo de execução: 60.0004s

---------------------------

Largura da faixa = 29
Melhor altura = 101

Lower Bound 1 = 92
Lower Bound 2 = 29
Avaliação = 1.09783

Tempo de execução: 60.0045s

---------------------------

Largura da faixa = 29
Melhor altura = 102

Lower Bound 1 = 92
Lower Bound 2 = 29
Avaliação = 1.1087

Tempo de execução: 60.0002s

---------------------------

Largura da faixa = 29
Melhor altura = 100

Lower Bound 1 = 92
Lower Bound 2 = 29
Avaliação = 1.08696

Tempo de execução: 60.0007s

---------------------------

