Largura da faixa = 32
Melhor altura = 91

Lower Bound 1 = 82
Lower Bound 2 = 32
Avaliação = 1.10976

Tempo de execução: 60.0003s

---------------------------

Largura da faixa = 32
Melhor altura = 90

Lower Bound 1 = 82
Lower Bound 2 = 32
Avaliação = 1.09756

Tempo de execução: 60.0001s

---------------------------

Largura da faixa = 32
Melhor altura = 92

Lower Bound 1 = 82
Lower Bound 2 = 32
Avaliação = 1.12195

Tempo de execução: 60.0004s

---------------------------

Largura da faixa = 32
Melhor altura = 90

Lower Bound 1 = 82
Lower Bound 2 = 32
Avaliação = 1.09756

Tempo de execução: 60.001s

---------------------------

Largura da faixa = 32
Melhor altura = 91

Lower Bound 1 = 82
Lower Bound 2 = 32
Avaliação = 1.10976

Tempo de execução: 60.0002s

---------------------------

Largura da faixa = 32
Melhor altura = 90

Lower Bound 1 = 82
Lower Bound 2 = 32
Avaliação = 1.09756

Tempo de execução: 60.0005s

---------------------------

Largura da faixa = 32
Melhor altura = 90

Lower Bound 1 = 82
Lower Bound 2 = 32
Avaliação = 1.09756

Tempo de execução: 60s

---------------------------

Largura da faixa = 32
Melhor altura = 90

Lower Bound 1 = 82
Lower Bound 2 = 32
Avaliação = 1.09756

Tempo de execução: 60.0004s

---------------------------

Largura da faixa = 32
Melhor altura = 91

Lower Bound 1 = 82
Lower Bound 2 = 32
Avaliação = 1.10976

Tempo de execução: 60.0005s

---------------------------

Largura da faixa = 32
Melhor altura = 92

Lower Bound 1 = 82
Lower Bound 2 = 32
Avaliação = 1.12195

Tempo de execução: 60.0002s

---------------------------

Largura da faixa = 32
Melhor altura = 89

Lower Bound 1 = 82
Lower Bound 2 = 32
Avaliação = 1.08537

Tempo de execução: 60.0003s

---------------------------

Largura da faixa = 32
Melhor altura = 91

Lower Bound 1 = 82
Lower Bound 2 = 32
Avaliação = 1.10976

Tempo de execução: 60.0007s

---------------------------

Largura da faixa = 32
Melhor altura = 92

Lower Bound 1 = 82
Lower Bound 2 = 32
Avaliação = 1.12195

Tempo de execução: 60.0001s

---------------------------

Largura da faixa = 32
Melhor altura = 92

Lower Bound 1 = 82
Lower Bound 2 = 32
Avaliação = 1.12195

Tempo de execução: 60.0002s

---------------------------

Largura da faixa = 32
Melhor altura = 92

Lower Bound 1 = 82
Lower Bound 2 = 32
Avaliação = 1.12195

Tempo de execução: 60.0017s

---------------------------

Largura da faixa = 32
Melhor altura = 91

Lower Bound 1 = 82
Lower Bound 2 = 32
Avaliação = 1.10976

Tempo de execução: 60.0008s

---------------------------

Largura da faixa = 32
Melhor altura = 90

Lower Bound 1 = 82
Lower Bound 2 = 32
Avaliação = 1.09756

Tempo de execução: 60.0013s

---------------------------

Largura da faixa = 32
Melhor altura = 92

Lower Bound 1 = 82
Lower Bound 2 = 32
Avaliação = 1.12195

Tempo de execução: 60.0009s

---------------------------

Largura da faixa = 32
Melhor altura = 92

Lower Bound 1 = 82
Lower Bound 2 = 32
Avaliação = 1.12195

Tempo de execução: 60.0001s

---------------------------

Largura da faixa = 32
Melhor altura = 89

Lower Bound 1 = 82
Lower Bound 2 = 32
Avaliação = 1.08537

Tempo de execução: 60.001s

---------------------------

