Largura da faixa = 23
Melhor altura = 174

Lower Bound 1 = 154
Lower Bound 2 = 23
Avaliação = 1.12987

Tempo de execução: 60.0011s

---------------------------

Largura da faixa = 23
Melhor altura = 174

Lower Bound 1 = 154
Lower Bound 2 = 23
Avaliação = 1.12987

Tempo de execução: 60.0004s

---------------------------

Largura da faixa = 23
Melhor altura = 172

Lower Bound 1 = 154
Lower Bound 2 = 23
Avaliação = 1.11688

Tempo de execução: 60.0025s

---------------------------

Largura da faixa = 23
Melhor altura = 173

Lower Bound 1 = 154
Lower Bound 2 = 23
Avaliação = 1.12338

Tempo de execução: 60.0002s

---------------------------

Largura da faixa = 23
Melhor altura = 173

Lower Bound 1 = 154
Lower Bound 2 = 23
Avaliação = 1.12338

Tempo de execução: 60.0037s

---------------------------

Largura da faixa = 23
Melhor altura = 175

Lower Bound 1 = 154
Lower Bound 2 = 23
Avaliação = 1.13636

Tempo de execução: 60.0035s

---------------------------

Largura da faixa = 23
Melhor altura = 174

Lower Bound 1 = 154
Lower Bound 2 = 23
Avaliação = 1.12987

Tempo de execução: 60.0003s

---------------------------

Largura da faixa = 23
Melhor altura = 172

Lower Bound 1 = 154
Lower Bound 2 = 23
Avaliação = 1.11688

Tempo de execução: 60.0004s

---------------------------

Largura da faixa = 23
Melhor altura = 172

Lower Bound 1 = 154
Lower Bound 2 = 23
Avaliação = 1.11688

Tempo de execução: 60.0019s

---------------------------

Largura da faixa = 23
Melhor altura = 174

Lower Bound 1 = 154
Lower Bound 2 = 23
Avaliação = 1.12987

Tempo de execução: 60.0003s

---------------------------

Largura da faixa = 23
Melhor altura = 175

Lower Bound 1 = 154
Lower Bound 2 = 23
Avaliação = 1.13636

Tempo de execução: 60.0023s

---------------------------

Largura da faixa = 23
Melhor altura = 174

Lower Bound 1 = 154
Lower Bound 2 = 23
Avaliação = 1.12987

Tempo de execução: 60.0023s

---------------------------

Largura da faixa = 23
Melhor altura = 173

Lower Bound 1 = 154
Lower Bound 2 = 23
Avaliação = 1.12338

Tempo de execução: 60.0001s

---------------------------

Largura da faixa = 23
Melhor altura = 174

Lower Bound 1 = 154
Lower Bound 2 = 23
Avaliação = 1.12987

Tempo de execução: 60.0001s

---------------------------

Largura da faixa = 23
Melhor altura = 173

Lower Bound 1 = 154
Lower Bound 2 = 23
Avaliação = 1.12338

Tempo de execução: 60.0034s

---------------------------

Largura da faixa = 23
Melhor altura = 174

Lower Bound 1 = 154
Lower Bound 2 = 23
Avaliação = 1.12987

Tempo de execução: 60s

---------------------------

Largura da faixa = 23
Melhor altura = 172

Lower Bound 1 = 154
Lower Bound 2 = 23
Avaliação = 1.11688

Tempo de execução: 60.0013s

---------------------------

Largura da faixa = 23
Melhor altura = 175

Lower Bound 1 = 154
Lower Bound 2 = 23
Avaliação = 1.13636

Tempo de execução: 60.0039s

---------------------------

Largura da faixa = 23
Melhor altura = 172

Lower Bound 1 = 154
Lower Bound 2 = 23
Avaliação = 1.11688

Tempo de execução: 60.0008s

---------------------------

Largura da faixa = 23
Melhor altura = 174

Lower Bound 1 = 154
Lower Bound 2 = 23
Avaliação = 1.12987

Tempo de execução: 60.0017s

---------------------------

