Largura da faixa = 32
Melhor altura = 128

Lower Bound 1 = 114
Lower Bound 2 = 32
Avaliação = 1.12281

Tempo de execução: 60.0001s

---------------------------

Largura da faixa = 32
Melhor altura = 131

Lower Bound 1 = 114
Lower Bound 2 = 32
Avaliação = 1.14912

Tempo de execução: 60.0005s

---------------------------

Largura da faixa = 32
Melhor altura = 131

Lower Bound 1 = 114
Lower Bound 2 = 32
Avaliação = 1.14912

Tempo de execução: 60.0015s

---------------------------

Largura da faixa = 32
Melhor altura = 129

Lower Bound 1 = 114
Lower Bound 2 = 32
Avaliação = 1.13158

Tempo de execução: 60.0008s

---------------------------

Largura da faixa = 32
Melhor altura = 132

Lower Bound 1 = 114
Lower Bound 2 = 32
Avaliação = 1.15789

Tempo de execução: 60.0005s

---------------------------

Largura da faixa = 32
Melhor altura = 131

Lower Bound 1 = 114
Lower Bound 2 = 32
Avaliação = 1.14912

Tempo de execução: 60.0037s

---------------------------

Largura da faixa = 32
Melhor altura = 131

Lower Bound 1 = 114
Lower Bound 2 = 32
Avaliação = 1.14912

Tempo de execução: 60s

---------------------------

Largura da faixa = 32
Melhor altura = 131

Lower Bound 1 = 114
Lower Bound 2 = 32
Avaliação = 1.14912

Tempo de execução: 60.0005s

---------------------------

Largura da faixa = 32
Melhor altura = 130

Lower Bound 1 = 114
Lower Bound 2 = 32
Avaliação = 1.14035

Tempo de execução: 60.0021s

---------------------------

Largura da faixa = 32
Melhor altura = 127

Lower Bound 1 = 114
Lower Bound 2 = 32
Avaliação = 1.11404

Tempo de execução: 60.0011s

---------------------------

Largura da faixa = 32
Melhor altura = 130

Lower Bound 1 = 114
Lower Bound 2 = 32
Avaliação = 1.14035

Tempo de execução: 60.0037s

---------------------------

Largura da faixa = 32
Melhor altura = 131

Lower Bound 1 = 114
Lower Bound 2 = 32
Avaliação = 1.14912

Tempo de execução: 60.0026s

---------------------------

Largura da faixa = 32
Melhor altura = 129

Lower Bound 1 = 114
Lower Bound 2 = 32
Avaliação = 1.13158

Tempo de execução: 60.001s

---------------------------

Largura da faixa = 32
Melhor altura = 129

Lower Bound 1 = 114
Lower Bound 2 = 32
Avaliação = 1.13158

Tempo de execução: 60.0013s

---------------------------

Largura da faixa = 32
Melhor altura = 131

Lower Bound 1 = 114
Lower Bound 2 = 32
Avaliação = 1.14912

Tempo de execução: 60.0006s

---------------------------

Largura da faixa = 32
Melhor altura = 130

Lower Bound 1 = 114
Lower Bound 2 = 32
Avaliação = 1.14035

Tempo de execução: 60.001s

---------------------------

Largura da faixa = 32
Melhor altura = 129

Lower Bound 1 = 114
Lower Bound 2 = 32
Avaliação = 1.13158

Tempo de execução: 60.0006s

---------------------------

Largura da faixa = 32
Melhor altura = 130

Lower Bound 1 = 114
Lower Bound 2 = 32
Avaliação = 1.14035

Tempo de execução: 60.0012s

---------------------------

Largura da faixa = 32
Melhor altura = 131

Lower Bound 1 = 114
Lower Bound 2 = 32
Avaliação = 1.14912

Tempo de execução: 60s

---------------------------

Largura da faixa = 32
Melhor altura = 132

Lower Bound 1 = 114
Lower Bound 2 = 32
Avaliação = 1.15789

Tempo de execução: 60.0022s

---------------------------

