Largura da faixa = 31
Melhor altura = 424

Lower Bound 1 = 360
Lower Bound 2 = 31
Avaliação = 1.17778

Tempo de execução: 60.0028s

---------------------------

Largura da faixa = 31
Melhor altura = 422

Lower Bound 1 = 360
Lower Bound 2 = 31
Avaliação = 1.17222

Tempo de execução: 60.0074s

---------------------------

Largura da faixa = 31
Melhor altura = 422

Lower Bound 1 = 360
Lower Bound 2 = 31
Avaliação = 1.17222

Tempo de execução: 60.031s

---------------------------

Largura da faixa = 31
Melhor altura = 423

Lower Bound 1 = 360
Lower Bound 2 = 31
Avaliação = 1.175

Tempo de execução: 60.0012s

---------------------------

Largura da faixa = 31
Melhor altura = 421

Lower Bound 1 = 360
Lower Bound 2 = 31
Avaliação = 1.16944

Tempo de execução: 60.0065s

---------------------------

Largura da faixa = 31
Melhor altura = 423

Lower Bound 1 = 360
Lower Bound 2 = 31
Avaliação = 1.175

Tempo de execução: 60.018s

---------------------------

Largura da faixa = 31
Melhor altura = 421

Lower Bound 1 = 360
Lower Bound 2 = 31
Avaliação = 1.16944

Tempo de execução: 60.002s

---------------------------

Largura da faixa = 31
Melhor altura = 423

Lower Bound 1 = 360
Lower Bound 2 = 31
Avaliação = 1.175

Tempo de execução: 60.0107s

---------------------------

Largura da faixa = 31
Melhor altura = 424

Lower Bound 1 = 360
Lower Bound 2 = 31
Avaliação = 1.17778

Tempo de execução: 60.0048s

---------------------------

Largura da faixa = 31
Melhor altura = 422

Lower Bound 1 = 360
Lower Bound 2 = 31
Avaliação = 1.17222

Tempo de execução: 60.0017s

---------------------------

Largura da faixa = 31
Melhor altura = 416

Lower Bound 1 = 360
Lower Bound 2 = 31
Avaliação = 1.15556

Tempo de execução: 60.0019s

---------------------------

Largura da faixa = 31
Melhor altura = 426

Lower Bound 1 = 360
Lower Bound 2 = 31
Avaliação = 1.18333

Tempo de execução: 60.0312s

---------------------------

Largura da faixa = 31
Melhor altura = 421

Lower Bound 1 = 360
Lower Bound 2 = 31
Avaliação = 1.16944

Tempo de execução: 60.0001s

---------------------------

Largura da faixa = 31
Melhor altura = 419

Lower Bound 1 = 360
Lower Bound 2 = 31
Avaliação = 1.16389

Tempo de execução: 60.0033s

---------------------------

Largura da faixa = 31
Melhor altura = 425

Lower Bound 1 = 360
Lower Bound 2 = 31
Avaliação = 1.18056

Tempo de execução: 60.017s

---------------------------

Largura da faixa = 31
Melhor altura = 422

Lower Bound 1 = 360
Lower Bound 2 = 31
Avaliação = 1.17222

Tempo de execução: 60.0004s

---------------------------

Largura da faixa = 31
Melhor altura = 425

Lower Bound 1 = 360
Lower Bound 2 = 31
Avaliação = 1.18056

Tempo de execução: 60.0062s

---------------------------

Largura da faixa = 31
Melhor altura = 425

Lower Bound 1 = 360
Lower Bound 2 = 31
Avaliação = 1.18056

Tempo de execução: 60.0108s

---------------------------

Largura da faixa = 31
Melhor altura = 419

Lower Bound 1 = 360
Lower Bound 2 = 31
Avaliação = 1.16389

Tempo de execução: 60.0043s

---------------------------

Largura da faixa = 31
Melhor altura = 425

Lower Bound 1 = 360
Lower Bound 2 = 31
Avaliação = 1.18056

Tempo de execução: 60.002s

---------------------------

