Largura da faixa = 1
Melhor altura = 32

Lower Bound 1 = 32
Lower Bound 2 = 32
Avaliação = 1

Tempo de execução: 60s

---------------------------

Largura da faixa = 1
Melhor altura = 32

Lower Bound 1 = 32
Lower Bound 2 = 32
Avaliação = 1

Tempo de execução: 60s

---------------------------

Largura da faixa = 1
Melhor altura = 32

Lower Bound 1 = 32
Lower Bound 2 = 32
Avaliação = 1

Tempo de execução: 60s

---------------------------

Largura da faixa = 1
Melhor altura = 32

Lower Bound 1 = 32
Lower Bound 2 = 32
Avaliação = 1

Tempo de execução: 60s

---------------------------

Largura da faixa = 1
Melhor altura = 32

Lower Bound 1 = 32
Lower Bound 2 = 32
Avaliação = 1

Tempo de execução: 60s

---------------------------

Largura da faixa = 1
Melhor altura = 32

Lower Bound 1 = 32
Lower Bound 2 = 32
Avaliação = 1

Tempo de execução: 60s

---------------------------

Largura da faixa = 1
Melhor altura = 32

Lower Bound 1 = 32
Lower Bound 2 = 32
Avaliação = 1

Tempo de execução: 60s

---------------------------

Largura da faixa = 1
Melhor altura = 32

Lower Bound 1 = 32
Lower Bound 2 = 32
Avaliação = 1

Tempo de execução: 60s

---------------------------

Largura da faixa = 1
Melhor altura = 32

Lower Bound 1 = 32
Lower Bound 2 = 32
Avaliação = 1

Tempo de execução: 60s

---------------------------

Largura da faixa = 1
Melhor altura = 32

Lower Bound 1 = 32
Lower Bound 2 = 32
Avaliação = 1

Tempo de execução: 60s

---------------------------

Largura da faixa = 1
Melhor altura = 32

Lower Bound 1 = 32
Lower Bound 2 = 32
Avaliação = 1

Tempo de execução: 60s

---------------------------

Largura da faixa = 1
Melhor altura = 32

Lower Bound 1 = 32
Lower Bound 2 = 32
Avaliação = 1

Tempo de execução: 60s

---------------------------

Largura da faixa = 1
Melhor altura = 32

Lower Bound 1 = 32
Lower Bound 2 = 32
Avaliação = 1

Tempo de execução: 60s

---------------------------

Largura da faixa = 1
Melhor altura = 32

Lower Bound 1 = 32
Lower Bound 2 = 32
Avaliação = 1

Tempo de execução: 60s

---------------------------

Largura da faixa = 1
Melhor altura = 32

Lower Bound 1 = 32
Lower Bound 2 = 32
Avaliação = 1

Tempo de execução: 60s

---------------------------

Largura da faixa = 1
Melhor altura = 32

Lower Bound 1 = 32
Lower Bound 2 = 32
Avaliação = 1

Tempo de execução: 60s

---------------------------

Largura da faixa = 1
Melhor altura = 32

Lower Bound 1 = 32
Lower Bound 2 = 32
Avaliação = 1

Tempo de execução: 60s

---------------------------

Largura da faixa = 1
Melhor altura = 32

Lower Bound 1 = 32
Lower Bound 2 = 32
Avaliação = 1

Tempo de execução: 60s

---------------------------

Largura da faixa = 1
Melhor altura = 32

Lower Bound 1 = 32
Lower Bound 2 = 32
Avaliação = 1

Tempo de execução: 60s

---------------------------

Largura da faixa = 1
Melhor altura = 32

Lower Bound 1 = 32
Lower Bound 2 = 32
Avaliação = 1

Tempo de execução: 60s

---------------------------

