Largura da faixa = 31
Melhor altura = 143

Lower Bound 1 = 125
Lower Bound 2 = 31
Avaliação = 1.144

Tempo de execução: 60.0001s

---------------------------

Largura da faixa = 31
Melhor altura = 142

Lower Bound 1 = 125
Lower Bound 2 = 31
Avaliação = 1.136

Tempo de execução: 60.0037s

---------------------------

Largura da faixa = 31
Melhor altura = 143

Lower Bound 1 = 125
Lower Bound 2 = 31
Avaliação = 1.144

Tempo de execução: 60.0044s

---------------------------

Largura da faixa = 31
Melhor altura = 146

Lower Bound 1 = 125
Lower Bound 2 = 31
Avaliação = 1.168

Tempo de execução: 60.0005s

---------------------------

Largura da faixa = 31
Melhor altura = 145

Lower Bound 1 = 125
Lower Bound 2 = 31
Avaliação = 1.16

Tempo de execução: 60.0011s

---------------------------

Largura da faixa = 31
Melhor altura = 144

Lower Bound 1 = 125
Lower Bound 2 = 31
Avaliação = 1.152

Tempo de execução: 60.0011s

---------------------------

Largura da faixa = 31
Melhor altura = 143

Lower Bound 1 = 125
Lower Bound 2 = 31
Avaliação = 1.144

Tempo de execução: 60.0021s

---------------------------

Largura da faixa = 31
Melhor altura = 145

Lower Bound 1 = 125
Lower Bound 2 = 31
Avaliação = 1.16

Tempo de execução: 60.0016s

---------------------------

Largura da faixa = 31
Melhor altura = 145

Lower Bound 1 = 125
Lower Bound 2 = 31
Avaliação = 1.16

Tempo de execução: 60.0025s

---------------------------

Largura da faixa = 31
Melhor altura = 145

Lower Bound 1 = 125
Lower Bound 2 = 31
Avaliação = 1.16

Tempo de execução: 60.0008s

---------------------------

Largura da faixa = 31
Melhor altura = 144

Lower Bound 1 = 125
Lower Bound 2 = 31
Avaliação = 1.152

Tempo de execução: 60s

---------------------------

Largura da faixa = 31
Melhor altura = 147

Lower Bound 1 = 125
Lower Bound 2 = 31
Avaliação = 1.176

Tempo de execução: 60.0026s

---------------------------

Largura da faixa = 31
Melhor altura = 145

Lower Bound 1 = 125
Lower Bound 2 = 31
Avaliação = 1.16

Tempo de execução: 60.0008s

---------------------------

Largura da faixa = 31
Melhor altura = 144

Lower Bound 1 = 125
Lower Bound 2 = 31
Avaliação = 1.152

Tempo de execução: 60.0001s

---------------------------

Largura da faixa = 31
Melhor altura = 145

Lower Bound 1 = 125
Lower Bound 2 = 31
Avaliação = 1.16

Tempo de execução: 60.0029s

---------------------------

Largura da faixa = 31
Melhor altura = 145

Lower Bound 1 = 125
Lower Bound 2 = 31
Avaliação = 1.16

Tempo de execução: 60.0017s

---------------------------

Largura da faixa = 31
Melhor altura = 143

Lower Bound 1 = 125
Lower Bound 2 = 31
Avaliação = 1.144

Tempo de execução: 60.001s

---------------------------

Largura da faixa = 31
Melhor altura = 142

Lower Bound 1 = 125
Lower Bound 2 = 31
Avaliação = 1.136

Tempo de execução: 60.0035s

---------------------------

Largura da faixa = 31
Melhor altura = 145

Lower Bound 1 = 125
Lower Bound 2 = 31
Avaliação = 1.16

Tempo de execução: 60.0018s

---------------------------

Largura da faixa = 31
Melhor altura = 144

Lower Bound 1 = 125
Lower Bound 2 = 31
Avaliação = 1.152

Tempo de execução: 60.0017s

---------------------------

