Largura da faixa = 30
Melhor altura = 174

Lower Bound 1 = 153
Lower Bound 2 = 30
Avaliação = 1.13725

Tempo de execução: 60.0006s

---------------------------

Largura da faixa = 30
Melhor altura = 174

Lower Bound 1 = 153
Lower Bound 2 = 30
Avaliação = 1.13725

Tempo de execução: 60.0047s

---------------------------

Largura da faixa = 30
Melhor altura = 174

Lower Bound 1 = 153
Lower Bound 2 = 30
Avaliação = 1.13725

Tempo de execução: 60.0046s

---------------------------

Largura da faixa = 30
Melhor altura = 175

Lower Bound 1 = 153
Lower Bound 2 = 30
Avaliação = 1.14379

Tempo de execução: 60.0012s

---------------------------

Largura da faixa = 30
Melhor altura = 177

Lower Bound 1 = 153
Lower Bound 2 = 30
Avaliação = 1.15686

Tempo de execução: 60.0013s

---------------------------

Largura da faixa = 30
Melhor altura = 176

Lower Bound 1 = 153
Lower Bound 2 = 30
Avaliação = 1.15033

Tempo de execução: 60.0038s

---------------------------

Largura da faixa = 30
Melhor altura = 176

Lower Bound 1 = 153
Lower Bound 2 = 30
Avaliação = 1.15033

Tempo de execução: 60.0005s

---------------------------

Largura da faixa = 30
Melhor altura = 176

Lower Bound 1 = 153
Lower Bound 2 = 30
Avaliação = 1.15033

Tempo de execução: 60.0041s

---------------------------

Largura da faixa = 30
Melhor altura = 175

Lower Bound 1 = 153
Lower Bound 2 = 30
Avaliação = 1.14379

Tempo de execução: 60.0049s

---------------------------

Largura da faixa = 30
Melhor altura = 175

Lower Bound 1 = 153
Lower Bound 2 = 30
Avaliação = 1.14379

Tempo de execução: 60.0005s

---------------------------

Largura da faixa = 30
Melhor altura = 176

Lower Bound 1 = 153
Lower Bound 2 = 30
Avaliação = 1.15033

Tempo de execução: 60.0033s

---------------------------

Largura da faixa = 30
Melhor altura = 175

Lower Bound 1 = 153
Lower Bound 2 = 30
Avaliação = 1.14379

Tempo de execução: 60.0047s

---------------------------

Largura da faixa = 30
Melhor altura = 175

Lower Bound 1 = 153
Lower Bound 2 = 30
Avaliação = 1.14379

Tempo de execução: 60.0003s

---------------------------

Largura da faixa = 30
Melhor altura = 175

Lower Bound 1 = 153
Lower Bound 2 = 30
Avaliação = 1.14379

Tempo de execução: 60.0023s

---------------------------

Largura da faixa = 30
Melhor altura = 176

Lower Bound 1 = 153
Lower Bound 2 = 30
Avaliação = 1.15033

Tempo de execução: 60.0021s

---------------------------

Largura da faixa = 30
Melhor altura = 175

Lower Bound 1 = 153
Lower Bound 2 = 30
Avaliação = 1.14379

Tempo de execução: 60.0009s

---------------------------

Largura da faixa = 30
Melhor altura = 175

Lower Bound 1 = 153
Lower Bound 2 = 30
Avaliação = 1.14379

Tempo de execução: 60.0061s

---------------------------

Largura da faixa = 30
Melhor altura = 177

Lower Bound 1 = 153
Lower Bound 2 = 30
Avaliação = 1.15686

Tempo de execução: 60.0106s

---------------------------

Largura da faixa = 30
Melhor altura = 176

Lower Bound 1 = 153
Lower Bound 2 = 30
Avaliação = 1.15033

Tempo de execução: 60.0017s

---------------------------

Largura da faixa = 30
Melhor altura = 175

Lower Bound 1 = 153
Lower Bound 2 = 30
Avaliação = 1.14379

Tempo de execução: 60.002s

---------------------------

