Largura da faixa = 32
Melhor altura = 1071

Lower Bound 1 = 901
Lower Bound 2 = 32
Avaliação = 1.18868

Tempo de execução: 60.0055s

---------------------------

Largura da faixa = 32
Melhor altura = 1080

Lower Bound 1 = 901
Lower Bound 2 = 32
Avaliação = 1.19867

Tempo de execução: 60.0073s

---------------------------

Largura da faixa = 32
Melhor altura = 1056

Lower Bound 1 = 901
Lower Bound 2 = 32
Avaliação = 1.17203

Tempo de execução: 60.0765s

---------------------------

Largura da faixa = 32
Melhor altura = 1070

Lower Bound 1 = 901
Lower Bound 2 = 32
Avaliação = 1.18757

Tempo de execução: 60.0194s

---------------------------

Largura da faixa = 32
Melhor altura = 1080

Lower Bound 1 = 901
Lower Bound 2 = 32
Avaliação = 1.19867

Tempo de execução: 60.0449s

---------------------------

Largura da faixa = 32
Melhor altura = 1070

Lower Bound 1 = 901
Lower Bound 2 = 32
Avaliação = 1.18757

Tempo de execução: 60.0584s

---------------------------

Largura da faixa = 32
Melhor altura = 1082

Lower Bound 1 = 901
Lower Bound 2 = 32
Avaliação = 1.20089

Tempo de execução: 60.0558s

---------------------------

Largura da faixa = 32
Melhor altura = 1082

Lower Bound 1 = 901
Lower Bound 2 = 32
Avaliação = 1.20089

Tempo de execução: 60.0571s

---------------------------

Largura da faixa = 32
Melhor altura = 1078

Lower Bound 1 = 901
Lower Bound 2 = 32
Avaliação = 1.19645

Tempo de execução: 60.0257s

---------------------------

Largura da faixa = 32
Melhor altura = 1075

Lower Bound 1 = 901
Lower Bound 2 = 32
Avaliação = 1.19312

Tempo de execução: 60.0294s

---------------------------

Largura da faixa = 32
Melhor altura = 1076

Lower Bound 1 = 901
Lower Bound 2 = 32
Avaliação = 1.19423

Tempo de execução: 60.0377s

---------------------------

Largura da faixa = 32
Melhor altura = 1078

Lower Bound 1 = 901
Lower Bound 2 = 32
Avaliação = 1.19645

Tempo de execução: 60.0729s

---------------------------

Largura da faixa = 32
Melhor altura = 1071

Lower Bound 1 = 901
Lower Bound 2 = 32
Avaliação = 1.18868

Tempo de execução: 60.003s

---------------------------

Largura da faixa = 32
Melhor altura = 1077

Lower Bound 1 = 901
Lower Bound 2 = 32
Avaliação = 1.19534

Tempo de execução: 60.0138s

---------------------------

Largura da faixa = 32
Melhor altura = 1077

Lower Bound 1 = 901
Lower Bound 2 = 32
Avaliação = 1.19534

Tempo de execução: 60.0474s

---------------------------

Largura da faixa = 32
Melhor altura = 1076

Lower Bound 1 = 901
Lower Bound 2 = 32
Avaliação = 1.19423

Tempo de execução: 60.0107s

---------------------------

Largura da faixa = 32
Melhor altura = 1078

Lower Bound 1 = 901
Lower Bound 2 = 32
Avaliação = 1.19645

Tempo de execução: 60.0018s

---------------------------

Largura da faixa = 32
Melhor altura = 1079

Lower Bound 1 = 901
Lower Bound 2 = 32
Avaliação = 1.19756

Tempo de execução: 60.0968s

---------------------------

Largura da faixa = 32
Melhor altura = 1078

Lower Bound 1 = 901
Lower Bound 2 = 32
Avaliação = 1.19645

Tempo de execução: 60.0115s

---------------------------

Largura da faixa = 32
Melhor altura = 1074

Lower Bound 1 = 901
Lower Bound 2 = 32
Avaliação = 1.19201

Tempo de execução: 60.0621s

---------------------------

