Largura da faixa = 28
Melhor altura = 148

Lower Bound 1 = 129
Lower Bound 2 = 31
Avaliação = 1.14729

Tempo de execução: 60.0001s

---------------------------

Largura da faixa = 28
Melhor altura = 146

Lower Bound 1 = 129
Lower Bound 2 = 31
Avaliação = 1.13178

Tempo de execução: 60.0007s

---------------------------

Largura da faixa = 28
Melhor altura = 147

Lower Bound 1 = 129
Lower Bound 2 = 31
Avaliação = 1.13953

Tempo de execução: 60.0001s

---------------------------

Largura da faixa = 28
Melhor altura = 147

Lower Bound 1 = 129
Lower Bound 2 = 31
Avaliação = 1.13953

Tempo de execução: 60.0011s

---------------------------

Largura da faixa = 28
Melhor altura = 147

Lower Bound 1 = 129
Lower Bound 2 = 31
Avaliação = 1.13953

Tempo de execução: 60s

---------------------------

Largura da faixa = 28
Melhor altura = 148

Lower Bound 1 = 129
Lower Bound 2 = 31
Avaliação = 1.14729

Tempo de execução: 60.0004s

---------------------------

Largura da faixa = 28
Melhor altura = 145

Lower Bound 1 = 129
Lower Bound 2 = 31
Avaliação = 1.12403

Tempo de execução: 60.0002s

---------------------------

Largura da faixa = 28
Melhor altura = 145

Lower Bound 1 = 129
Lower Bound 2 = 31
Avaliação = 1.12403

Tempo de execução: 60.0002s

---------------------------

Largura da faixa = 28
Melhor altura = 147

Lower Bound 1 = 129
Lower Bound 2 = 31
Avaliação = 1.13953

Tempo de execução: 60.0001s

---------------------------

Largura da faixa = 28
Melhor altura = 148

Lower Bound 1 = 129
Lower Bound 2 = 31
Avaliação = 1.14729

Tempo de execução: 60.0002s

---------------------------

Largura da faixa = 28
Melhor altura = 146

Lower Bound 1 = 129
Lower Bound 2 = 31
Avaliação = 1.13178

Tempo de execução: 60s

---------------------------

Largura da faixa = 28
Melhor altura = 145

Lower Bound 1 = 129
Lower Bound 2 = 31
Avaliação = 1.12403

Tempo de execução: 60.0003s

---------------------------

Largura da faixa = 28
Melhor altura = 145

Lower Bound 1 = 129
Lower Bound 2 = 31
Avaliação = 1.12403

Tempo de execução: 60.0001s

---------------------------

Largura da faixa = 28
Melhor altura = 147

Lower Bound 1 = 129
Lower Bound 2 = 31
Avaliação = 1.13953

Tempo de execução: 60.0003s

---------------------------

Largura da faixa = 28
Melhor altura = 147

Lower Bound 1 = 129
Lower Bound 2 = 31
Avaliação = 1.13953

Tempo de execução: 60.0008s

---------------------------

Largura da faixa = 28
Melhor altura = 148

Lower Bound 1 = 129
Lower Bound 2 = 31
Avaliação = 1.14729

Tempo de execução: 60.0002s

---------------------------

Largura da faixa = 28
Melhor altura = 146

Lower Bound 1 = 129
Lower Bound 2 = 31
Avaliação = 1.13178

Tempo de execução: 60.0001s

---------------------------

Largura da faixa = 28
Melhor altura = 147

Lower Bound 1 = 129
Lower Bound 2 = 31
Avaliação = 1.13953

Tempo de execução: 60.0007s

---------------------------

Largura da faixa = 28
Melhor altura = 144

Lower Bound 1 = 129
Lower Bound 2 = 31
Avaliação = 1.11628

Tempo de execução: 60.0003s

---------------------------

Largura da faixa = 28
Melhor altura = 146

Lower Bound 1 = 129
Lower Bound 2 = 31
Avaliação = 1.13178

Tempo de execução: 60.0002s

---------------------------

