Largura da faixa = 29
Melhor altura = 155

Lower Bound 1 = 138
Lower Bound 2 = 29
Avaliação = 1.12319

Tempo de execução: 60.0002s

---------------------------

Largura da faixa = 29
Melhor altura = 153

Lower Bound 1 = 138
Lower Bound 2 = 29
Avaliação = 1.1087

Tempo de execução: 60.0014s

---------------------------

Largura da faixa = 29
Melhor altura = 156

Lower Bound 1 = 138
Lower Bound 2 = 29
Avaliação = 1.13043

Tempo de execução: 60.0008s

---------------------------

Largura da faixa = 29
Melhor altura = 154

Lower Bound 1 = 138
Lower Bound 2 = 29
Avaliação = 1.11594

Tempo de execução: 60.001s

---------------------------

Largura da faixa = 29
Melhor altura = 154

Lower Bound 1 = 138
Lower Bound 2 = 29
Avaliação = 1.11594

Tempo de execução: 60.0007s

---------------------------

Largura da faixa = 29
Melhor altura = 155

Lower Bound 1 = 138
Lower Bound 2 = 29
Avaliação = 1.12319

Tempo de execução: 60.0021s

---------------------------

Largura da faixa = 29
Melhor altura = 152

Lower Bound 1 = 138
Lower Bound 2 = 29
Avaliação = 1.10145

Tempo de execução: 60.0002s

---------------------------

Largura da faixa = 29
Melhor altura = 156

Lower Bound 1 = 138
Lower Bound 2 = 29
Avaliação = 1.13043

Tempo de execução: 60.0009s

---------------------------

Largura da faixa = 29
Melhor altura = 153

Lower Bound 1 = 138
Lower Bound 2 = 29
Avaliação = 1.1087

Tempo de execução: 60.0003s

---------------------------

Largura da faixa = 29
Melhor altura = 152

Lower Bound 1 = 138
Lower Bound 2 = 29
Avaliação = 1.10145

Tempo de execução: 60.0002s

---------------------------

Largura da faixa = 29
Melhor altura = 155

Lower Bound 1 = 138
Lower Bound 2 = 29
Avaliação = 1.12319

Tempo de execução: 60.002s

---------------------------

Largura da faixa = 29
Melhor altura = 155

Lower Bound 1 = 138
Lower Bound 2 = 29
Avaliação = 1.12319

Tempo de execução: 60.0019s

---------------------------

Largura da faixa = 29
Melhor altura = 155

Lower Bound 1 = 138
Lower Bound 2 = 29
Avaliação = 1.12319

Tempo de execução: 60.0004s

---------------------------

Largura da faixa = 29
Melhor altura = 156

Lower Bound 1 = 138
Lower Bound 2 = 29
Avaliação = 1.13043

Tempo de execução: 60.0002s

---------------------------

Largura da faixa = 29
Melhor altura = 154

Lower Bound 1 = 138
Lower Bound 2 = 29
Avaliação = 1.11594

Tempo de execução: 60.0004s

---------------------------

Largura da faixa = 29
Melhor altura = 153

Lower Bound 1 = 138
Lower Bound 2 = 29
Avaliação = 1.1087

Tempo de execução: 60.0002s

---------------------------

Largura da faixa = 29
Melhor altura = 152

Lower Bound 1 = 138
Lower Bound 2 = 29
Avaliação = 1.10145

Tempo de execução: 60.0013s

---------------------------

Largura da faixa = 29
Melhor altura = 156

Lower Bound 1 = 138
Lower Bound 2 = 29
Avaliação = 1.13043

Tempo de execução: 60.0007s

---------------------------

Largura da faixa = 29
Melhor altura = 153

Lower Bound 1 = 138
Lower Bound 2 = 29
Avaliação = 1.1087

Tempo de execução: 60.0008s

---------------------------

Largura da faixa = 29
Melhor altura = 153

Lower Bound 1 = 138
Lower Bound 2 = 29
Avaliação = 1.1087

Tempo de execução: 60.0015s

---------------------------

