Largura da faixa = 33
Melhor altura = 136

Lower Bound 1 = 117
Lower Bound 2 = 33
Avaliação = 1.16239

Tempo de execução: 60.0001s

---------------------------

Largura da faixa = 33
Melhor altura = 135

Lower Bound 1 = 117
Lower Bound 2 = 33
Avaliação = 1.15385

Tempo de execução: 60.0006s

---------------------------

Largura da faixa = 33
Melhor altura = 135

Lower Bound 1 = 117
Lower Bound 2 = 33
Avaliação = 1.15385

Tempo de execução: 60.0002s

---------------------------

Largura da faixa = 33
Melhor altura = 135

Lower Bound 1 = 117
Lower Bound 2 = 33
Avaliação = 1.15385

Tempo de execução: 60.0001s

---------------------------

Largura da faixa = 33
Melhor altura = 135

Lower Bound 1 = 117
Lower Bound 2 = 33
Avaliação = 1.15385

Tempo de execução: 60.0003s

---------------------------

Largura da faixa = 33
Melhor altura = 133

Lower Bound 1 = 117
Lower Bound 2 = 33
Avaliação = 1.13675

Tempo de execução: 60.0011s

---------------------------

Largura da faixa = 33
Melhor altura = 133

Lower Bound 1 = 117
Lower Bound 2 = 33
Avaliação = 1.13675

Tempo de execução: 60.0002s

---------------------------

Largura da faixa = 33
Melhor altura = 134

Lower Bound 1 = 117
Lower Bound 2 = 33
Avaliação = 1.1453

Tempo de execução: 60.0005s

---------------------------

Largura da faixa = 33
Melhor altura = 131

Lower Bound 1 = 117
Lower Bound 2 = 33
Avaliação = 1.11966

Tempo de execução: 60s

---------------------------

Largura da faixa = 33
Melhor altura = 132

Lower Bound 1 = 117
Lower Bound 2 = 33
Avaliação = 1.12821

Tempo de execução: 60.0001s

---------------------------

Largura da faixa = 33
Melhor altura = 135

Lower Bound 1 = 117
Lower Bound 2 = 33
Avaliação = 1.15385

Tempo de execução: 60.0001s

---------------------------

Largura da faixa = 33
Melhor altura = 135

Lower Bound 1 = 117
Lower Bound 2 = 33
Avaliação = 1.15385

Tempo de execução: 60.0008s

---------------------------

Largura da faixa = 33
Melhor altura = 133

Lower Bound 1 = 117
Lower Bound 2 = 33
Avaliação = 1.13675

Tempo de execução: 60.0001s

---------------------------

Largura da faixa = 33
Melhor altura = 136

Lower Bound 1 = 117
Lower Bound 2 = 33
Avaliação = 1.16239

Tempo de execução: 60.001s

---------------------------

Largura da faixa = 33
Melhor altura = 133

Lower Bound 1 = 117
Lower Bound 2 = 33
Avaliação = 1.13675

Tempo de execução: 60.0002s

---------------------------

Largura da faixa = 33
Melhor altura = 132

Lower Bound 1 = 117
Lower Bound 2 = 33
Avaliação = 1.12821

Tempo de execução: 60.001s

---------------------------

Largura da faixa = 33
Melhor altura = 131

Lower Bound 1 = 117
Lower Bound 2 = 33
Avaliação = 1.11966

Tempo de execução: 60.0001s

---------------------------

Largura da faixa = 33
Melhor altura = 134

Lower Bound 1 = 117
Lower Bound 2 = 33
Avaliação = 1.1453

Tempo de execução: 60.0007s

---------------------------

Largura da faixa = 33
Melhor altura = 133

Lower Bound 1 = 117
Lower Bound 2 = 33
Avaliação = 1.13675

Tempo de execução: 60.0002s

---------------------------

Largura da faixa = 33
Melhor altura = 132

Lower Bound 1 = 117
Lower Bound 2 = 33
Avaliação = 1.12821

Tempo de execução: 60.0016s

---------------------------

