Largura da faixa = 32
Melhor altura = 78

Lower Bound 1 = 70
Lower Bound 2 = 32
Avaliação = 1.11429

Tempo de execução: 60s

---------------------------

Largura da faixa = 32
Melhor altura = 77

Lower Bound 1 = 70
Lower Bound 2 = 32
Avaliação = 1.1

Tempo de execução: 60.0005s

---------------------------

Largura da faixa = 32
Melhor altura = 77

Lower Bound 1 = 70
Lower Bound 2 = 32
Avaliação = 1.1

Tempo de execução: 60.0006s

---------------------------

Largura da faixa = 32
Melhor altura = 76

Lower Bound 1 = 70
Lower Bound 2 = 32
Avaliação = 1.08571

Tempo de execução: 60.001s

---------------------------

Largura da faixa = 32
Melhor altura = 78

Lower Bound 1 = 70
Lower Bound 2 = 32
Avaliação = 1.11429

Tempo de execução: 60.0009s

---------------------------

Largura da faixa = 32
Melhor altura = 75

Lower Bound 1 = 70
Lower Bound 2 = 32
Avaliação = 1.07143

Tempo de execução: 60.0014s

---------------------------

Largura da faixa = 32
Melhor altura = 78

Lower Bound 1 = 70
Lower Bound 2 = 32
Avaliação = 1.11429

Tempo de execução: 60s

---------------------------

Largura da faixa = 32
Melhor altura = 75

Lower Bound 1 = 70
Lower Bound 2 = 32
Avaliação = 1.07143

Tempo de execução: 60.0006s

---------------------------

Largura da faixa = 32
Melhor altura = 78

Lower Bound 1 = 70
Lower Bound 2 = 32
Avaliação = 1.11429

Tempo de execução: 60.0003s

---------------------------

Largura da faixa = 32
Melhor altura = 77

Lower Bound 1 = 70
Lower Bound 2 = 32
Avaliação = 1.1

Tempo de execução: 60s

---------------------------

Largura da faixa = 32
Melhor altura = 77

Lower Bound 1 = 70
Lower Bound 2 = 32
Avaliação = 1.1

Tempo de execução: 60.0009s

---------------------------

Largura da faixa = 32
Melhor altura = 76

Lower Bound 1 = 70
Lower Bound 2 = 32
Avaliação = 1.08571

Tempo de execução: 60.0012s

---------------------------

Largura da faixa = 32
Melhor altura = 76

Lower Bound 1 = 70
Lower Bound 2 = 32
Avaliação = 1.08571

Tempo de execução: 60.0001s

---------------------------

Largura da faixa = 32
Melhor altura = 77

Lower Bound 1 = 70
Lower Bound 2 = 32
Avaliação = 1.1

Tempo de execução: 60.0005s

---------------------------

Largura da faixa = 32
Melhor altura = 77

Lower Bound 1 = 70
Lower Bound 2 = 32
Avaliação = 1.1

Tempo de execução: 60.0004s

---------------------------

Largura da faixa = 32
Melhor altura = 77

Lower Bound 1 = 70
Lower Bound 2 = 32
Avaliação = 1.1

Tempo de execução: 60.0001s

---------------------------

Largura da faixa = 32
Melhor altura = 78

Lower Bound 1 = 70
Lower Bound 2 = 32
Avaliação = 1.11429

Tempo de execução: 60.0006s

---------------------------

Largura da faixa = 32
Melhor altura = 77

Lower Bound 1 = 70
Lower Bound 2 = 32
Avaliação = 1.1

Tempo de execução: 60.0003s

---------------------------

Largura da faixa = 32
Melhor altura = 75

Lower Bound 1 = 70
Lower Bound 2 = 32
Avaliação = 1.07143

Tempo de execução: 60.0005s

---------------------------

Largura da faixa = 32
Melhor altura = 77

Lower Bound 1 = 70
Lower Bound 2 = 32
Avaliação = 1.1

Tempo de execução: 60.0007s

---------------------------

