Largura da faixa = 22
Melhor altura = 193

Lower Bound 1 = 170
Lower Bound 2 = 22
Avaliação = 1.13529

Tempo de execução: 60.0007s

---------------------------

Largura da faixa = 22
Melhor altura = 191

Lower Bound 1 = 170
Lower Bound 2 = 22
Avaliação = 1.12353

Tempo de execução: 60.0009s

---------------------------

Largura da faixa = 22
Melhor altura = 191

Lower Bound 1 = 170
Lower Bound 2 = 22
Avaliação = 1.12353

Tempo de execução: 60.0022s

---------------------------

Largura da faixa = 22
Melhor altura = 192

Lower Bound 1 = 170
Lower Bound 2 = 22
Avaliação = 1.12941

Tempo de execução: 60.0007s

---------------------------

Largura da faixa = 22
Melhor altura = 191

Lower Bound 1 = 170
Lower Bound 2 = 22
Avaliação = 1.12353

Tempo de execução: 60.0005s

---------------------------

Largura da faixa = 22
Melhor altura = 191

Lower Bound 1 = 170
Lower Bound 2 = 22
Avaliação = 1.12353

Tempo de execução: 60.0003s

---------------------------

Largura da faixa = 22
Melhor altura = 191

Lower Bound 1 = 170
Lower Bound 2 = 22
Avaliação = 1.12353

Tempo de execução: 60.0001s

---------------------------

Largura da faixa = 22
Melhor altura = 191

Lower Bound 1 = 170
Lower Bound 2 = 22
Avaliação = 1.12353

Tempo de execução: 60.0006s

---------------------------

Largura da faixa = 22
Melhor altura = 188

Lower Bound 1 = 170
Lower Bound 2 = 22
Avaliação = 1.10588

Tempo de execução: 60.0041s

---------------------------

Largura da faixa = 22
Melhor altura = 187

Lower Bound 1 = 170
Lower Bound 2 = 22
Avaliação = 1.1

Tempo de execução: 60.0007s

---------------------------

Largura da faixa = 22
Melhor altura = 192

Lower Bound 1 = 170
Lower Bound 2 = 22
Avaliação = 1.12941

Tempo de execução: 60.0019s

---------------------------

Largura da faixa = 22
Melhor altura = 190

Lower Bound 1 = 170
Lower Bound 2 = 22
Avaliação = 1.11765

Tempo de execução: 60.0045s

---------------------------

Largura da faixa = 22
Melhor altura = 192

Lower Bound 1 = 170
Lower Bound 2 = 22
Avaliação = 1.12941

Tempo de execução: 60.0001s

---------------------------

Largura da faixa = 22
Melhor altura = 192

Lower Bound 1 = 170
Lower Bound 2 = 22
Avaliação = 1.12941

Tempo de execução: 60.0009s

---------------------------

Largura da faixa = 22
Melhor altura = 191

Lower Bound 1 = 170
Lower Bound 2 = 22
Avaliação = 1.12353

Tempo de execução: 60.0015s

---------------------------

Largura da faixa = 22
Melhor altura = 191

Lower Bound 1 = 170
Lower Bound 2 = 22
Avaliação = 1.12353

Tempo de execução: 60.0005s

---------------------------

Largura da faixa = 22
Melhor altura = 192

Lower Bound 1 = 170
Lower Bound 2 = 22
Avaliação = 1.12941

Tempo de execução: 60.0013s

---------------------------

Largura da faixa = 22
Melhor altura = 190

Lower Bound 1 = 170
Lower Bound 2 = 22
Avaliação = 1.11765

Tempo de execução: 60.0009s

---------------------------

Largura da faixa = 22
Melhor altura = 191

Lower Bound 1 = 170
Lower Bound 2 = 22
Avaliação = 1.12353

Tempo de execução: 60.0006s

---------------------------

Largura da faixa = 22
Melhor altura = 192

Lower Bound 1 = 170
Lower Bound 2 = 22
Avaliação = 1.12941

Tempo de execução: 60.0049s

---------------------------

