Largura da faixa = 35
Melhor altura = 144

Lower Bound 1 = 128
Lower Bound 2 = 35
Avaliação = 1.125

Tempo de execução: 60.0009s

---------------------------

Largura da faixa = 35
Melhor altura = 144

Lower Bound 1 = 128
Lower Bound 2 = 35
Avaliação = 1.125

Tempo de execução: 60.0015s

---------------------------

Largura da faixa = 35
Melhor altura = 145

Lower Bound 1 = 128
Lower Bound 2 = 35
Avaliação = 1.13281

Tempo de execução: 60.0022s

---------------------------

Largura da faixa = 35
Melhor altura = 144

Lower Bound 1 = 128
Lower Bound 2 = 35
Avaliação = 1.125

Tempo de execução: 60.0001s

---------------------------

Largura da faixa = 35
Melhor altura = 142

Lower Bound 1 = 128
Lower Bound 2 = 35
Avaliação = 1.10938

Tempo de execução: 60.0016s

---------------------------

Largura da faixa = 35
Melhor altura = 145

Lower Bound 1 = 128
Lower Bound 2 = 35
Avaliação = 1.13281

Tempo de execução: 60.0018s

---------------------------

Largura da faixa = 35
Melhor altura = 144

Lower Bound 1 = 128
Lower Bound 2 = 35
Avaliação = 1.125

Tempo de execução: 60.0001s

---------------------------

Largura da faixa = 35
Melhor altura = 144

Lower Bound 1 = 128
Lower Bound 2 = 35
Avaliação = 1.125

Tempo de execução: 60.0011s

---------------------------

Largura da faixa = 35
Melhor altura = 144

Lower Bound 1 = 128
Lower Bound 2 = 35
Avaliação = 1.125

Tempo de execução: 60.0008s

---------------------------

Largura da faixa = 35
Melhor altura = 142

Lower Bound 1 = 128
Lower Bound 2 = 35
Avaliação = 1.10938

Tempo de execução: 60.001s

---------------------------

Largura da faixa = 35
Melhor altura = 143

Lower Bound 1 = 128
Lower Bound 2 = 35
Avaliação = 1.11719

Tempo de execução: 60.0008s

---------------------------

Largura da faixa = 35
Melhor altura = 146

Lower Bound 1 = 128
Lower Bound 2 = 35
Avaliação = 1.14062

Tempo de execução: 60.0003s

---------------------------

Largura da faixa = 35
Melhor altura = 144

Lower Bound 1 = 128
Lower Bound 2 = 35
Avaliação = 1.125

Tempo de execução: 60.0006s

---------------------------

Largura da faixa = 35
Melhor altura = 144

Lower Bound 1 = 128
Lower Bound 2 = 35
Avaliação = 1.125

Tempo de execução: 60.0005s

---------------------------

Largura da faixa = 35
Melhor altura = 144

Lower Bound 1 = 128
Lower Bound 2 = 35
Avaliação = 1.125

Tempo de execução: 60.0008s

---------------------------

Largura da faixa = 35
Melhor altura = 144

Lower Bound 1 = 128
Lower Bound 2 = 35
Avaliação = 1.125

Tempo de execução: 60s

---------------------------

Largura da faixa = 35
Melhor altura = 144

Lower Bound 1 = 128
Lower Bound 2 = 35
Avaliação = 1.125

Tempo de execução: 60.0007s

---------------------------

Largura da faixa = 35
Melhor altura = 142

Lower Bound 1 = 128
Lower Bound 2 = 35
Avaliação = 1.10938

Tempo de execução: 60.0001s

---------------------------

Largura da faixa = 35
Melhor altura = 144

Lower Bound 1 = 128
Lower Bound 2 = 35
Avaliação = 1.125

Tempo de execução: 60.0008s

---------------------------

Largura da faixa = 35
Melhor altura = 142

Lower Bound 1 = 128
Lower Bound 2 = 35
Avaliação = 1.10938

Tempo de execução: 60.0016s

---------------------------

