Largura da faixa = 24
Melhor altura = 815

Lower Bound 1 = 695
Lower Bound 2 = 24
Avaliação = 1.17266

Tempo de execução: 60.0023s

---------------------------

Largura da faixa = 24
Melhor altura = 820

Lower Bound 1 = 695
Lower Bound 2 = 24
Avaliação = 1.17986

Tempo de execução: 60.0086s

---------------------------

Largura da faixa = 24
Melhor altura = 810

Lower Bound 1 = 695
Lower Bound 2 = 24
Avaliação = 1.16547

Tempo de execução: 60.003s

---------------------------

Largura da faixa = 24
Melhor altura = 811

Lower Bound 1 = 695
Lower Bound 2 = 24
Avaliação = 1.16691

Tempo de execução: 60.0157s

---------------------------

Largura da faixa = 24
Melhor altura = 814

Lower Bound 1 = 695
Lower Bound 2 = 24
Avaliação = 1.17122

Tempo de execução: 60.025s

---------------------------

Largura da faixa = 24
Melhor altura = 813

Lower Bound 1 = 695
Lower Bound 2 = 24
Avaliação = 1.16978

Tempo de execução: 60.0213s

---------------------------

Largura da faixa = 24
Melhor altura = 814

Lower Bound 1 = 695
Lower Bound 2 = 24
Avaliação = 1.17122

Tempo de execução: 60.0002s

---------------------------

Largura da faixa = 24
Melhor altura = 813

Lower Bound 1 = 695
Lower Bound 2 = 24
Avaliação = 1.16978

Tempo de execução: 60.0037s

---------------------------

Largura da faixa = 24
Melhor altura = 816

Lower Bound 1 = 695
Lower Bound 2 = 24
Avaliação = 1.1741

Tempo de execução: 60.0249s

---------------------------

Largura da faixa = 24
Melhor altura = 816

Lower Bound 1 = 695
Lower Bound 2 = 24
Avaliação = 1.1741

Tempo de execução: 60.0118s

---------------------------

Largura da faixa = 24
Melhor altura = 818

Lower Bound 1 = 695
Lower Bound 2 = 24
Avaliação = 1.17698

Tempo de execução: 60.0175s

---------------------------

Largura da faixa = 24
Melhor altura = 816

Lower Bound 1 = 695
Lower Bound 2 = 24
Avaliação = 1.1741

Tempo de execução: 60.0346s

---------------------------

Largura da faixa = 24
Melhor altura = 815

Lower Bound 1 = 695
Lower Bound 2 = 24
Avaliação = 1.17266

Tempo de execução: 60.0048s

---------------------------

Largura da faixa = 24
Melhor altura = 813

Lower Bound 1 = 695
Lower Bound 2 = 24
Avaliação = 1.16978

Tempo de execução: 60.0105s

---------------------------

Largura da faixa = 24
Melhor altura = 810

Lower Bound 1 = 695
Lower Bound 2 = 24
Avaliação = 1.16547

Tempo de execução: 60.016s

---------------------------

Largura da faixa = 24
Melhor altura = 818

Lower Bound 1 = 695
Lower Bound 2 = 24
Avaliação = 1.17698

Tempo de execução: 60.0025s

---------------------------

Largura da faixa = 24
Melhor altura = 817

Lower Bound 1 = 695
Lower Bound 2 = 24
Avaliação = 1.17554

Tempo de execução: 60.0219s

---------------------------

Largura da faixa = 24
Melhor altura = 811

Lower Bound 1 = 695
Lower Bound 2 = 24
Avaliação = 1.16691

Tempo de execução: 60.0231s

---------------------------

Largura da faixa = 24
Melhor altura = 813

Lower Bound 1 = 695
Lower Bound 2 = 24
Avaliação = 1.16978

Tempo de execução: 60.0001s

---------------------------

Largura da faixa = 24
Melhor altura = 819

Lower Bound 1 = 695
Lower Bound 2 = 24
Avaliação = 1.17842

Tempo de execução: 60.0181s

---------------------------

