Largura da faixa = 32
Melhor altura = 1044

Lower Bound 1 = 864
Lower Bound 2 = 32
Avaliação = 1.20833

Tempo de execução: 60.0093s

---------------------------

Largura da faixa = 32
Melhor altura = 1039

Lower Bound 1 = 864
Lower Bound 2 = 32
Avaliação = 1.20255

Tempo de execução: 60.0156s

---------------------------

Largura da faixa = 32
Melhor altura = 1038

Lower Bound 1 = 864
Lower Bound 2 = 32
Avaliação = 1.20139

Tempo de execução: 60.0193s

---------------------------

Largura da faixa = 32
Melhor altura = 1037

Lower Bound 1 = 864
Lower Bound 2 = 32
Avaliação = 1.20023

Tempo de execução: 60.009s

---------------------------

Largura da faixa = 32
Melhor altura = 1037

Lower Bound 1 = 864
Lower Bound 2 = 32
Avaliação = 1.20023

Tempo de execução: 60.0217s

---------------------------

Largura da faixa = 32
Melhor altura = 1035

Lower Bound 1 = 864
Lower Bound 2 = 32
Avaliação = 1.19792

Tempo de execução: 60.0336s

---------------------------

Largura da faixa = 32
Melhor altura = 1039

Lower Bound 1 = 864
Lower Bound 2 = 32
Avaliação = 1.20255

Tempo de execução: 60.0059s

---------------------------

Largura da faixa = 32
Melhor altura = 1040

Lower Bound 1 = 864
Lower Bound 2 = 32
Avaliação = 1.2037

Tempo de execução: 60.0257s

---------------------------

Largura da faixa = 32
Melhor altura = 1038

Lower Bound 1 = 864
Lower Bound 2 = 32
Avaliação = 1.20139

Tempo de execução: 60.0473s

---------------------------

Largura da faixa = 32
Melhor altura = 1038

Lower Bound 1 = 864
Lower Bound 2 = 32
Avaliação = 1.20139

Tempo de execução: 60.0169s

---------------------------

Largura da faixa = 32
Melhor altura = 1044

Lower Bound 1 = 864
Lower Bound 2 = 32
Avaliação = 1.20833

Tempo de execução: 60.0085s

---------------------------

Largura da faixa = 32
Melhor altura = 1044

Lower Bound 1 = 864
Lower Bound 2 = 32
Avaliação = 1.20833

Tempo de execução: 60.0281s

---------------------------

Largura da faixa = 32
Melhor altura = 1038

Lower Bound 1 = 864
Lower Bound 2 = 32
Avaliação = 1.20139

Tempo de execução: 60.0047s

---------------------------

Largura da faixa = 32
Melhor altura = 1039

Lower Bound 1 = 864
Lower Bound 2 = 32
Avaliação = 1.20255

Tempo de execução: 60.0162s

---------------------------

Largura da faixa = 32
Melhor altura = 1044

Lower Bound 1 = 864
Lower Bound 2 = 32
Avaliação = 1.20833

Tempo de execução: 60.0396s

---------------------------

Largura da faixa = 32
Melhor altura = 1027

Lower Bound 1 = 864
Lower Bound 2 = 32
Avaliação = 1.18866

Tempo de execução: 60.0116s

---------------------------

Largura da faixa = 32
Melhor altura = 1037

Lower Bound 1 = 864
Lower Bound 2 = 32
Avaliação = 1.20023

Tempo de execução: 60.0142s

---------------------------

Largura da faixa = 32
Melhor altura = 1044

Lower Bound 1 = 864
Lower Bound 2 = 32
Avaliação = 1.20833

Tempo de execução: 60.0695s

---------------------------

Largura da faixa = 32
Melhor altura = 1029

Lower Bound 1 = 864
Lower Bound 2 = 32
Avaliação = 1.19097

Tempo de execução: 60.0055s

---------------------------

Largura da faixa = 32
Melhor altura = 1038

Lower Bound 1 = 864
Lower Bound 2 = 32
Avaliação = 1.20139

Tempo de execução: 60.0065s

---------------------------

