Largura da faixa = 1
Melhor altura = 50

Lower Bound 1 = 50
Lower Bound 2 = 50
Avaliação = 1

Tempo de execução: 60s

---------------------------

Largura da faixa = 1
Melhor altura = 50

Lower Bound 1 = 50
Lower Bound 2 = 50
Avaliação = 1

Tempo de execução: 60s

---------------------------

Largura da faixa = 1
Melhor altura = 50

Lower Bound 1 = 50
Lower Bound 2 = 50
Avaliação = 1

Tempo de execução: 60s

---------------------------

Largura da faixa = 1
Melhor altura = 50

Lower Bound 1 = 50
Lower Bound 2 = 50
Avaliação = 1

Tempo de execução: 60s

---------------------------

Largura da faixa = 1
Melhor altura = 50

Lower Bound 1 = 50
Lower Bound 2 = 50
Avaliação = 1

Tempo de execução: 60s

---------------------------

Largura da faixa = 1
Melhor altura = 50

Lower Bound 1 = 50
Lower Bound 2 = 50
Avaliação = 1

Tempo de execução: 60s

---------------------------

Largura da faixa = 1
Melhor altura = 50

Lower Bound 1 = 50
Lower Bound 2 = 50
Avaliação = 1

Tempo de execução: 60s

---------------------------

Largura da faixa = 1
Melhor altura = 50

Lower Bound 1 = 50
Lower Bound 2 = 50
Avaliação = 1

Tempo de execução: 60s

---------------------------

Largura da faixa = 1
Melhor altura = 50

Lower Bound 1 = 50
Lower Bound 2 = 50
Avaliação = 1

Tempo de execução: 60s

---------------------------

Largura da faixa = 1
Melhor altura = 50

Lower Bound 1 = 50
Lower Bound 2 = 50
Avaliação = 1

Tempo de execução: 60s

---------------------------

Largura da faixa = 1
Melhor altura = 50

Lower Bound 1 = 50
Lower Bound 2 = 50
Avaliação = 1

Tempo de execução: 60s

---------------------------

Largura da faixa = 1
Melhor altura = 50

Lower Bound 1 = 50
Lower Bound 2 = 50
Avaliação = 1

Tempo de execução: 60s

---------------------------

Largura da faixa = 1
Melhor altura = 50

Lower Bound 1 = 50
Lower Bound 2 = 50
Avaliação = 1

Tempo de execução: 60s

---------------------------

Largura da faixa = 1
Melhor altura = 50

Lower Bound 1 = 50
Lower Bound 2 = 50
Avaliação = 1

Tempo de execução: 60s

---------------------------

Largura da faixa = 1
Melhor altura = 50

Lower Bound 1 = 50
Lower Bound 2 = 50
Avaliação = 1

Tempo de execução: 60s

---------------------------

Largura da faixa = 1
Melhor altura = 50

Lower Bound 1 = 50
Lower Bound 2 = 50
Avaliação = 1

Tempo de execução: 60s

---------------------------

Largura da faixa = 1
Melhor altura = 50

Lower Bound 1 = 50
Lower Bound 2 = 50
Avaliação = 1

Tempo de execução: 60s

---------------------------

Largura da faixa = 1
Melhor altura = 50

Lower Bound 1 = 50
Lower Bound 2 = 50
Avaliação = 1

Tempo de execução: 60s

---------------------------

Largura da faixa = 1
Melhor altura = 50

Lower Bound 1 = 50
Lower Bound 2 = 50
Avaliação = 1

Tempo de execução: 60s

---------------------------

Largura da faixa = 1
Melhor altura = 50

Lower Bound 1 = 50
Lower Bound 2 = 50
Avaliação = 1

Tempo de execução: 60s

---------------------------

