Largura da faixa = 23
Melhor altura = 104

Lower Bound 1 = 96
Lower Bound 2 = 23
Avaliação = 1.08333

Tempo de execução: 60.0004s

---------------------------

Largura da faixa = 23
Melhor altura = 104

Lower Bound 1 = 96
Lower Bound 2 = 23
Avaliação = 1.08333

Tempo de execução: 60.0002s

---------------------------

Largura da faixa = 23
Melhor altura = 104

Lower Bound 1 = 96
Lower Bound 2 = 23
Avaliação = 1.08333

Tempo de execução: 60.0012s

---------------------------

Largura da faixa = 23
Melhor altura = 104

Lower Bound 1 = 96
Lower Bound 2 = 23
Avaliação = 1.08333

Tempo de execução: 60.0003s

---------------------------

Largura da faixa = 23
Melhor altura = 104

Lower Bound 1 = 96
Lower Bound 2 = 23
Avaliação = 1.08333

Tempo de execução: 60.0003s

---------------------------

Largura da faixa = 23
Melhor altura = 104

Lower Bound 1 = 96
Lower Bound 2 = 23
Avaliação = 1.08333

Tempo de execução: 60.0007s

---------------------------

Largura da faixa = 23
Melhor altura = 105

Lower Bound 1 = 96
Lower Bound 2 = 23
Avaliação = 1.09375

Tempo de execução: 60.0006s

---------------------------

Largura da faixa = 23
Melhor altura = 105

Lower Bound 1 = 96
Lower Bound 2 = 23
Avaliação = 1.09375

Tempo de execução: 60.0002s

---------------------------

Largura da faixa = 23
Melhor altura = 104

Lower Bound 1 = 96
Lower Bound 2 = 23
Avaliação = 1.08333

Tempo de execução: 60.0003s

---------------------------

Largura da faixa = 23
Melhor altura = 104

Lower Bound 1 = 96
Lower Bound 2 = 23
Avaliação = 1.08333

Tempo de execução: 60.0005s

---------------------------

Largura da faixa = 23
Melhor altura = 105

Lower Bound 1 = 96
Lower Bound 2 = 23
Avaliação = 1.09375

Tempo de execução: 60.0006s

---------------------------

Largura da faixa = 23
Melhor altura = 103

Lower Bound 1 = 96
Lower Bound 2 = 23
Avaliação = 1.07292

Tempo de execução: 60.0012s

---------------------------

Largura da faixa = 23
Melhor altura = 103

Lower Bound 1 = 96
Lower Bound 2 = 23
Avaliação = 1.07292

Tempo de execução: 60.0002s

---------------------------

Largura da faixa = 23
Melhor altura = 104

Lower Bound 1 = 96
Lower Bound 2 = 23
Avaliação = 1.08333

Tempo de execução: 60.0011s

---------------------------

Largura da faixa = 23
Melhor altura = 103

Lower Bound 1 = 96
Lower Bound 2 = 23
Avaliação = 1.07292

Tempo de execução: 60.0011s

---------------------------

Largura da faixa = 23
Melhor altura = 103

Lower Bound 1 = 96
Lower Bound 2 = 23
Avaliação = 1.07292

Tempo de execução: 60.0009s

---------------------------

Largura da faixa = 23
Melhor altura = 103

Lower Bound 1 = 96
Lower Bound 2 = 23
Avaliação = 1.07292

Tempo de execução: 60.0006s

---------------------------

Largura da faixa = 23
Melhor altura = 103

Lower Bound 1 = 96
Lower Bound 2 = 23
Avaliação = 1.07292

Tempo de execução: 60.0012s

---------------------------

Largura da faixa = 23
Melhor altura = 104

Lower Bound 1 = 96
Lower Bound 2 = 23
Avaliação = 1.08333

Tempo de execução: 60.0005s

---------------------------

Largura da faixa = 23
Melhor altura = 103

Lower Bound 1 = 96
Lower Bound 2 = 23
Avaliação = 1.07292

Tempo de execução: 60.0008s

---------------------------

