Largura da faixa = 32
Melhor altura = 486

Lower Bound 1 = 412
Lower Bound 2 = 32
Avaliação = 1.17961

Tempo de execução: 60.0064s

---------------------------

Largura da faixa = 32
Melhor altura = 488

Lower Bound 1 = 412
Lower Bound 2 = 32
Avaliação = 1.18447

Tempo de execução: 60.019s

---------------------------

Largura da faixa = 32
Melhor altura = 486

Lower Bound 1 = 412
Lower Bound 2 = 32
Avaliação = 1.17961

Tempo de execução: 60.0359s

---------------------------

Largura da faixa = 32
Melhor altura = 488

Lower Bound 1 = 412
Lower Bound 2 = 32
Avaliação = 1.18447

Tempo de execução: 60.0001s

---------------------------

Largura da faixa = 32
Melhor altura = 495

Lower Bound 1 = 412
Lower Bound 2 = 32
Avaliação = 1.20146

Tempo de execução: 60.0104s

---------------------------

Largura da faixa = 32
Melhor altura = 487

Lower Bound 1 = 412
Lower Bound 2 = 32
Avaliação = 1.18204

Tempo de execução: 60.02s

---------------------------

Largura da faixa = 32
Melhor altura = 486

Lower Bound 1 = 412
Lower Bound 2 = 32
Avaliação = 1.17961

Tempo de execução: 60.0037s

---------------------------

Largura da faixa = 32
Melhor altura = 488

Lower Bound 1 = 412
Lower Bound 2 = 32
Avaliação = 1.18447

Tempo de execução: 60.0061s

---------------------------

Largura da faixa = 32
Melhor altura = 486

Lower Bound 1 = 412
Lower Bound 2 = 32
Avaliação = 1.17961

Tempo de execução: 60.0108s

---------------------------

Largura da faixa = 32
Melhor altura = 489

Lower Bound 1 = 412
Lower Bound 2 = 32
Avaliação = 1.18689

Tempo de execução: 60.0092s

---------------------------

Largura da faixa = 32
Melhor altura = 492

Lower Bound 1 = 412
Lower Bound 2 = 32
Avaliação = 1.19417

Tempo de execução: 60.0149s

---------------------------

Largura da faixa = 32
Melhor altura = 486

Lower Bound 1 = 412
Lower Bound 2 = 32
Avaliação = 1.17961

Tempo de execução: 60.022s

---------------------------

Largura da faixa = 32
Melhor altura = 491

Lower Bound 1 = 412
Lower Bound 2 = 32
Avaliação = 1.19175

Tempo de execução: 60.0025s

---------------------------

Largura da faixa = 32
Melhor altura = 494

Lower Bound 1 = 412
Lower Bound 2 = 32
Avaliação = 1.19903

Tempo de execução: 60.014s

---------------------------

Largura da faixa = 32
Melhor altura = 495

Lower Bound 1 = 412
Lower Bound 2 = 32
Avaliação = 1.20146

Tempo de execução: 60.0237s

---------------------------

Largura da faixa = 32
Melhor altura = 489

Lower Bound 1 = 412
Lower Bound 2 = 32
Avaliação = 1.18689

Tempo de execução: 60.0086s

---------------------------

Largura da faixa = 32
Melhor altura = 497

Lower Bound 1 = 412
Lower Bound 2 = 32
Avaliação = 1.20631

Tempo de execução: 60.003s

---------------------------

Largura da faixa = 32
Melhor altura = 488

Lower Bound 1 = 412
Lower Bound 2 = 32
Avaliação = 1.18447

Tempo de execução: 60.0093s

---------------------------

Largura da faixa = 32
Melhor altura = 495

Lower Bound 1 = 412
Lower Bound 2 = 32
Avaliação = 1.20146

Tempo de execução: 60.0189s

---------------------------

Largura da faixa = 32
Melhor altura = 486

Lower Bound 1 = 412
Lower Bound 2 = 32
Avaliação = 1.17961

Tempo de execução: 60.0329s

---------------------------

