Largura da faixa = 24
Melhor altura = 806

Lower Bound 1 = 699
Lower Bound 2 = 24
Avaliação = 1.15308

Tempo de execução: 60.0013s

---------------------------

Largura da faixa = 24
Melhor altura = 804

Lower Bound 1 = 699
Lower Bound 2 = 24
Avaliação = 1.15021

Tempo de execução: 60.0065s

---------------------------

Largura da faixa = 24
Melhor altura = 803

Lower Bound 1 = 699
Lower Bound 2 = 24
Avaliação = 1.14878

Tempo de execução: 60.0397s

---------------------------

Largura da faixa = 24
Melhor altura = 806

Lower Bound 1 = 699
Lower Bound 2 = 24
Avaliação = 1.15308

Tempo de execução: 60.004s

---------------------------

Largura da faixa = 24
Melhor altura = 801

Lower Bound 1 = 699
Lower Bound 2 = 24
Avaliação = 1.14592

Tempo de execução: 60.0094s

---------------------------

Largura da faixa = 24
Melhor altura = 809

Lower Bound 1 = 699
Lower Bound 2 = 24
Avaliação = 1.15737

Tempo de execução: 60.0045s

---------------------------

Largura da faixa = 24
Melhor altura = 806

Lower Bound 1 = 699
Lower Bound 2 = 24
Avaliação = 1.15308

Tempo de execução: 60.015s

---------------------------

Largura da faixa = 24
Melhor altura = 805

Lower Bound 1 = 699
Lower Bound 2 = 24
Avaliação = 1.15165

Tempo de execução: 60.0203s

---------------------------

Largura da faixa = 24
Melhor altura = 806

Lower Bound 1 = 699
Lower Bound 2 = 24
Avaliação = 1.15308

Tempo de execução: 60.0355s

---------------------------

Largura da faixa = 24
Melhor altura = 812

Lower Bound 1 = 699
Lower Bound 2 = 24
Avaliação = 1.16166

Tempo de execução: 60.0009s

---------------------------

Largura da faixa = 24
Melhor altura = 805

Lower Bound 1 = 699
Lower Bound 2 = 24
Avaliação = 1.15165

Tempo de execução: 60.0153s

---------------------------

Largura da faixa = 24
Melhor altura = 798

Lower Bound 1 = 699
Lower Bound 2 = 24
Avaliação = 1.14163

Tempo de execução: 60.0241s

---------------------------

Largura da faixa = 24
Melhor altura = 808

Lower Bound 1 = 699
Lower Bound 2 = 24
Avaliação = 1.15594

Tempo de execução: 60.0003s

---------------------------

Largura da faixa = 24
Melhor altura = 803

Lower Bound 1 = 699
Lower Bound 2 = 24
Avaliação = 1.14878

Tempo de execução: 60.0077s

---------------------------

Largura da faixa = 24
Melhor altura = 807

Lower Bound 1 = 699
Lower Bound 2 = 24
Avaliação = 1.15451

Tempo de execução: 60.0163s

---------------------------

Largura da faixa = 24
Melhor altura = 804

Lower Bound 1 = 699
Lower Bound 2 = 24
Avaliação = 1.15021

Tempo de execução: 60.0017s

---------------------------

Largura da faixa = 24
Melhor altura = 810

Lower Bound 1 = 699
Lower Bound 2 = 24
Avaliação = 1.1588

Tempo de execução: 60.0027s

---------------------------

Largura da faixa = 24
Melhor altura = 806

Lower Bound 1 = 699
Lower Bound 2 = 24
Avaliação = 1.15308

Tempo de execução: 60.012s

---------------------------

Largura da faixa = 24
Melhor altura = 806

Lower Bound 1 = 699
Lower Bound 2 = 24
Avaliação = 1.15308

Tempo de execução: 60.0234s

---------------------------

Largura da faixa = 24
Melhor altura = 810

Lower Bound 1 = 699
Lower Bound 2 = 24
Avaliação = 1.1588

Tempo de execução: 60.025s

---------------------------

