Largura da faixa = 1
Melhor altura = 30

Lower Bound 1 = 30
Lower Bound 2 = 30
Avaliação = 1

Tempo de execução: 60s

---------------------------

Largura da faixa = 1
Melhor altura = 30

Lower Bound 1 = 30
Lower Bound 2 = 30
Avaliação = 1

Tempo de execução: 60s

---------------------------

Largura da faixa = 1
Melhor altura = 30

Lower Bound 1 = 30
Lower Bound 2 = 30
Avaliação = 1

Tempo de execução: 60s

---------------------------

Largura da faixa = 1
Melhor altura = 30

Lower Bound 1 = 30
Lower Bound 2 = 30
Avaliação = 1

Tempo de execução: 60s

---------------------------

Largura da faixa = 1
Melhor altura = 30

Lower Bound 1 = 30
Lower Bound 2 = 30
Avaliação = 1

Tempo de execução: 60s

---------------------------

Largura da faixa = 1
Melhor altura = 30

Lower Bound 1 = 30
Lower Bound 2 = 30
Avaliação = 1

Tempo de execução: 60s

---------------------------

Largura da faixa = 1
Melhor altura = 30

Lower Bound 1 = 30
Lower Bound 2 = 30
Avaliação = 1

Tempo de execução: 60s

---------------------------

Largura da faixa = 1
Melhor altura = 30

Lower Bound 1 = 30
Lower Bound 2 = 30
Avaliação = 1

Tempo de execução: 60s

---------------------------

Largura da faixa = 1
Melhor altura = 30

Lower Bound 1 = 30
Lower Bound 2 = 30
Avaliação = 1

Tempo de execução: 60s

---------------------------

Largura da faixa = 1
Melhor altura = 30

Lower Bound 1 = 30
Lower Bound 2 = 30
Avaliação = 1

Tempo de execução: 60s

---------------------------

Largura da faixa = 1
Melhor altura = 30

Lower Bound 1 = 30
Lower Bound 2 = 30
Avaliação = 1

Tempo de execução: 60s

---------------------------

Largura da faixa = 1
Melhor altura = 30

Lower Bound 1 = 30
Lower Bound 2 = 30
Avaliação = 1

Tempo de execução: 60s

---------------------------

Largura da faixa = 1
Melhor altura = 30

Lower Bound 1 = 30
Lower Bound 2 = 30
Avaliação = 1

Tempo de execução: 60s

---------------------------

Largura da faixa = 1
Melhor altura = 30

Lower Bound 1 = 30
Lower Bound 2 = 30
Avaliação = 1

Tempo de execução: 60s

---------------------------

Largura da faixa = 1
Melhor altura = 30

Lower Bound 1 = 30
Lower Bound 2 = 30
Avaliação = 1

Tempo de execução: 60s

---------------------------

Largura da faixa = 1
Melhor altura = 30

Lower Bound 1 = 30
Lower Bound 2 = 30
Avaliação = 1

Tempo de execução: 60s

---------------------------

Largura da faixa = 1
Melhor altura = 30

Lower Bound 1 = 30
Lower Bound 2 = 30
Avaliação = 1

Tempo de execução: 60s

---------------------------

Largura da faixa = 1
Melhor altura = 30

Lower Bound 1 = 30
Lower Bound 2 = 30
Avaliação = 1

Tempo de execução: 60s

---------------------------

Largura da faixa = 1
Melhor altura = 30

Lower Bound 1 = 30
Lower Bound 2 = 30
Avaliação = 1

Tempo de execução: 60s

---------------------------

Largura da faixa = 1
Melhor altura = 30

Lower Bound 1 = 30
Lower Bound 2 = 30
Avaliação = 1

Tempo de execução: 60s

---------------------------

