Largura da faixa = 1
Melhor altura = 240

Lower Bound 1 = 240
Lower Bound 2 = 240
Avaliação = 1

Tempo de execução: 60s

---------------------------

Largura da faixa = 1
Melhor altura = 240

Lower Bound 1 = 240
Lower Bound 2 = 240
Avaliação = 1

Tempo de execução: 60s

---------------------------

Largura da faixa = 1
Melhor altura = 240

Lower Bound 1 = 240
Lower Bound 2 = 240
Avaliação = 1

Tempo de execução: 60s

---------------------------

Largura da faixa = 1
Melhor altura = 240

Lower Bound 1 = 240
Lower Bound 2 = 240
Avaliação = 1

Tempo de execução: 60s

---------------------------

Largura da faixa = 1
Melhor altura = 240

Lower Bound 1 = 240
Lower Bound 2 = 240
Avaliação = 1

Tempo de execução: 60s

---------------------------

Largura da faixa = 1
Melhor altura = 240

Lower Bound 1 = 240
Lower Bound 2 = 240
Avaliação = 1

Tempo de execução: 60.0001s

---------------------------

Largura da faixa = 1
Melhor altura = 240

Lower Bound 1 = 240
Lower Bound 2 = 240
Avaliação = 1

Tempo de execução: 60s

---------------------------

Largura da faixa = 1
Melhor altura = 240

Lower Bound 1 = 240
Lower Bound 2 = 240
Avaliação = 1

Tempo de execução: 60s

---------------------------

Largura da faixa = 1
Melhor altura = 240

Lower Bound 1 = 240
Lower Bound 2 = 240
Avaliação = 1

Tempo de execução: 60s

---------------------------

Largura da faixa = 1
Melhor altura = 240

Lower Bound 1 = 240
Lower Bound 2 = 240
Avaliação = 1

Tempo de execução: 60s

---------------------------

Largura da faixa = 1
Melhor altura = 240

Lower Bound 1 = 240
Lower Bound 2 = 240
Avaliação = 1

Tempo de execução: 60s

---------------------------

Largura da faixa = 1
Melhor altura = 240

Lower Bound 1 = 240
Lower Bound 2 = 240
Avaliação = 1

Tempo de execução: 60s

---------------------------

Largura da faixa = 1
Melhor altura = 240

Lower Bound 1 = 240
Lower Bound 2 = 240
Avaliação = 1

Tempo de execução: 60.0001s

---------------------------

Largura da faixa = 1
Melhor altura = 240

Lower Bound 1 = 240
Lower Bound 2 = 240
Avaliação = 1

Tempo de execução: 60s

---------------------------

Largura da faixa = 1
Melhor altura = 240

Lower Bound 1 = 240
Lower Bound 2 = 240
Avaliação = 1

Tempo de execução: 60s

---------------------------

Largura da faixa = 1
Melhor altura = 240

Lower Bound 1 = 240
Lower Bound 2 = 240
Avaliação = 1

Tempo de execução: 60s

---------------------------

Largura da faixa = 1
Melhor altura = 240

Lower Bound 1 = 240
Lower Bound 2 = 240
Avaliação = 1

Tempo de execução: 60s

---------------------------

Largura da faixa = 1
Melhor altura = 240

Lower Bound 1 = 240
Lower Bound 2 = 240
Avaliação = 1

Tempo de execução: 60s

---------------------------

Largura da faixa = 1
Melhor altura = 240

Lower Bound 1 = 240
Lower Bound 2 = 240
Avaliação = 1

Tempo de execução: 60.0001s

---------------------------

Largura da faixa = 1
Melhor altura = 240

Lower Bound 1 = 240
Lower Bound 2 = 240
Avaliação = 1

Tempo de execução: 60s

---------------------------

Largura da faixa = 1
Melhor altura = 240

Lower Bound 1 = 240
Lower Bound 2 = 240
Avaliação = 1

Tempo de execução: 60s

---------------------------

Largura da faixa = 1
Melhor altura = 240

Lower Bound 1 = 240
Lower Bound 2 = 240
Avaliação = 1

Tempo de execução: 60s

---------------------------

Largura da faixa = 1
Melhor altura = 240

Lower Bound 1 = 240
Lower Bound 2 = 240
Avaliação = 1

Tempo de execução: 60s

---------------------------

Largura da faixa = 1
Melhor altura = 240

Lower Bound 1 = 240
Lower Bound 2 = 240
Avaliação = 1

Tempo de execução: 60.0001s

---------------------------

Largura da faixa = 1
Melhor altura = 240

Lower Bound 1 = 240
Lower Bound 2 = 240
Avaliação = 1

Tempo de execução: 60s

---------------------------

Largura da faixa = 1
Melhor altura = 240

Lower Bound 1 = 240
Lower Bound 2 = 240
Avaliação = 1

Tempo de execução: 60s

---------------------------

Largura da faixa = 1
Melhor altura = 240

Lower Bound 1 = 240
Lower Bound 2 = 240
Avaliação = 1

Tempo de execução: 60s

---------------------------

Largura da faixa = 1
Melhor altura = 240

Lower Bound 1 = 240
Lower Bound 2 = 240
Avaliação = 1

Tempo de execução: 60.0001s

---------------------------

Largura da faixa = 1
Melhor altura = 240

Lower Bound 1 = 240
Lower Bound 2 = 240
Avaliação = 1

Tempo de execução: 60s

---------------------------

Largura da faixa = 1
Melhor altura = 240

Lower Bound 1 = 240
Lower Bound 2 = 240
Avaliação = 1

Tempo de execução: 60.0001s

---------------------------

Largura da faixa = 1
Melhor altura = 240

Lower Bound 1 = 240
Lower Bound 2 = 240
Avaliação = 1

Tempo de execução: 60s

---------------------------

Largura da faixa = 1
Melhor altura = 240

Lower Bound 1 = 240
Lower Bound 2 = 240
Avaliação = 1

Tempo de execução: 60s

---------------------------

