Largura da faixa = 1
Melhor altura = 25

Lower Bound 1 = 25
Lower Bound 2 = 25
Avaliação = 1

Tempo de execução: 60s

---------------------------

Largura da faixa = 1
Melhor altura = 25

Lower Bound 1 = 25
Lower Bound 2 = 25
Avaliação = 1

Tempo de execução: 60s

---------------------------

Largura da faixa = 1
Melhor altura = 25

Lower Bound 1 = 25
Lower Bound 2 = 25
Avaliação = 1

Tempo de execução: 60s

---------------------------

Largura da faixa = 1
Melhor altura = 25

Lower Bound 1 = 25
Lower Bound 2 = 25
Avaliação = 1

Tempo de execução: 60s

---------------------------

Largura da faixa = 1
Melhor altura = 25

Lower Bound 1 = 25
Lower Bound 2 = 25
Avaliação = 1

Tempo de execução: 60s

---------------------------

Largura da faixa = 1
Melhor altura = 25

Lower Bound 1 = 25
Lower Bound 2 = 25
Avaliação = 1

Tempo de execução: 60s

---------------------------

Largura da faixa = 1
Melhor altura = 25

Lower Bound 1 = 25
Lower Bound 2 = 25
Avaliação = 1

Tempo de execução: 60s

---------------------------

Largura da faixa = 1
Melhor altura = 25

Lower Bound 1 = 25
Lower Bound 2 = 25
Avaliação = 1

Tempo de execução: 60s

---------------------------

Largura da faixa = 1
Melhor altura = 25

Lower Bound 1 = 25
Lower Bound 2 = 25
Avaliação = 1

Tempo de execução: 60s

---------------------------

Largura da faixa = 1
Melhor altura = 25

Lower Bound 1 = 25
Lower Bound 2 = 25
Avaliação = 1

Tempo de execução: 60s

---------------------------

Largura da faixa = 1
Melhor altura = 25

Lower Bound 1 = 25
Lower Bound 2 = 25
Avaliação = 1

Tempo de execução: 60s

---------------------------

Largura da faixa = 1
Melhor altura = 25

Lower Bound 1 = 25
Lower Bound 2 = 25
Avaliação = 1

Tempo de execução: 60s

---------------------------

Largura da faixa = 1
Melhor altura = 25

Lower Bound 1 = 25
Lower Bound 2 = 25
Avaliação = 1

Tempo de execução: 60s

---------------------------

Largura da faixa = 1
Melhor altura = 25

Lower Bound 1 = 25
Lower Bound 2 = 25
Avaliação = 1

Tempo de execução: 60s

---------------------------

Largura da faixa = 1
Melhor altura = 25

Lower Bound 1 = 25
Lower Bound 2 = 25
Avaliação = 1

Tempo de execução: 60s

---------------------------

Largura da faixa = 1
Melhor altura = 25

Lower Bound 1 = 25
Lower Bound 2 = 25
Avaliação = 1

Tempo de execução: 60s

---------------------------

Largura da faixa = 1
Melhor altura = 25

Lower Bound 1 = 25
Lower Bound 2 = 25
Avaliação = 1

Tempo de execução: 60s

---------------------------

Largura da faixa = 1
Melhor altura = 25

Lower Bound 1 = 25
Lower Bound 2 = 25
Avaliação = 1

Tempo de execução: 60s

---------------------------

Largura da faixa = 1
Melhor altura = 25

Lower Bound 1 = 25
Lower Bound 2 = 25
Avaliação = 1

Tempo de execução: 60s

---------------------------

Largura da faixa = 1
Melhor altura = 25

Lower Bound 1 = 25
Lower Bound 2 = 25
Avaliação = 1

Tempo de execução: 60s

---------------------------

