Largura da faixa = 32
Melhor altura = 153

Lower Bound 1 = 134
Lower Bound 2 = 32
Avaliação = 1.14179

Tempo de execução: 60.0018s

---------------------------

Largura da faixa = 32
Melhor altura = 151

Lower Bound 1 = 134
Lower Bound 2 = 32
Avaliação = 1.12687

Tempo de execução: 60.0032s

---------------------------

Largura da faixa = 32
Melhor altura = 152

Lower Bound 1 = 134
Lower Bound 2 = 32
Avaliação = 1.13433

Tempo de execução: 60.0026s

---------------------------

Largura da faixa = 32
Melhor altura = 151

Lower Bound 1 = 134
Lower Bound 2 = 32
Avaliação = 1.12687

Tempo de execução: 60.0007s

---------------------------

Largura da faixa = 32
Melhor altura = 156

Lower Bound 1 = 134
Lower Bound 2 = 32
Avaliação = 1.16418

Tempo de execução: 60.002s

---------------------------

Largura da faixa = 32
Melhor altura = 155

Lower Bound 1 = 134
Lower Bound 2 = 32
Avaliação = 1.15672

Tempo de execução: 60.0018s

---------------------------

Largura da faixa = 32
Melhor altura = 153

Lower Bound 1 = 134
Lower Bound 2 = 32
Avaliação = 1.14179

Tempo de execução: 60.0001s

---------------------------

Largura da faixa = 32
Melhor altura = 155

Lower Bound 1 = 134
Lower Bound 2 = 32
Avaliação = 1.15672

Tempo de execução: 60.0002s

---------------------------

Largura da faixa = 32
Melhor altura = 149

Lower Bound 1 = 134
Lower Bound 2 = 32
Avaliação = 1.11194

Tempo de execução: 60.0007s

---------------------------

Largura da faixa = 32
Melhor altura = 153

Lower Bound 1 = 134
Lower Bound 2 = 32
Avaliação = 1.14179

Tempo de execução: 60.0004s

---------------------------

Largura da faixa = 32
Melhor altura = 155

Lower Bound 1 = 134
Lower Bound 2 = 32
Avaliação = 1.15672

Tempo de execução: 60.0009s

---------------------------

Largura da faixa = 32
Melhor altura = 154

Lower Bound 1 = 134
Lower Bound 2 = 32
Avaliação = 1.14925

Tempo de execução: 60.0064s

---------------------------

Largura da faixa = 32
Melhor altura = 154

Lower Bound 1 = 134
Lower Bound 2 = 32
Avaliação = 1.14925

Tempo de execução: 60.0013s

---------------------------

Largura da faixa = 32
Melhor altura = 154

Lower Bound 1 = 134
Lower Bound 2 = 32
Avaliação = 1.14925

Tempo de execução: 60.0024s

---------------------------

Largura da faixa = 32
Melhor altura = 156

Lower Bound 1 = 134
Lower Bound 2 = 32
Avaliação = 1.16418

Tempo de execução: 60.0066s

---------------------------

Largura da faixa = 32
Melhor altura = 155

Lower Bound 1 = 134
Lower Bound 2 = 32
Avaliação = 1.15672

Tempo de execução: 60.0011s

---------------------------

Largura da faixa = 32
Melhor altura = 153

Lower Bound 1 = 134
Lower Bound 2 = 32
Avaliação = 1.14179

Tempo de execução: 60.0015s

---------------------------

Largura da faixa = 32
Melhor altura = 153

Lower Bound 1 = 134
Lower Bound 2 = 32
Avaliação = 1.14179

Tempo de execução: 60.0054s

---------------------------

Largura da faixa = 32
Melhor altura = 151

Lower Bound 1 = 134
Lower Bound 2 = 32
Avaliação = 1.12687

Tempo de execução: 60.0018s

---------------------------

Largura da faixa = 32
Melhor altura = 154

Lower Bound 1 = 134
Lower Bound 2 = 32
Avaliação = 1.14925

Tempo de execução: 60.0091s

---------------------------

