Largura da faixa = 24
Melhor altura = 201

Lower Bound 1 = 177
Lower Bound 2 = 24
Avaliação = 1.13559

Tempo de execução: 60.0015s

---------------------------

Largura da faixa = 24
Melhor altura = 201

Lower Bound 1 = 177
Lower Bound 2 = 24
Avaliação = 1.13559

Tempo de execução: 60.0031s

---------------------------

Largura da faixa = 24
Melhor altura = 199

Lower Bound 1 = 177
Lower Bound 2 = 24
Avaliação = 1.12429

Tempo de execução: 60.0015s

---------------------------

Largura da faixa = 24
Melhor altura = 200

Lower Bound 1 = 177
Lower Bound 2 = 24
Avaliação = 1.12994

Tempo de execução: 60.0017s

---------------------------

Largura da faixa = 24
Melhor altura = 199

Lower Bound 1 = 177
Lower Bound 2 = 24
Avaliação = 1.12429

Tempo de execução: 60.0043s

---------------------------

Largura da faixa = 24
Melhor altura = 198

Lower Bound 1 = 177
Lower Bound 2 = 24
Avaliação = 1.11864

Tempo de execução: 60.0046s

---------------------------

Largura da faixa = 24
Melhor altura = 199

Lower Bound 1 = 177
Lower Bound 2 = 24
Avaliação = 1.12429

Tempo de execução: 60.0025s

---------------------------

Largura da faixa = 24
Melhor altura = 198

Lower Bound 1 = 177
Lower Bound 2 = 24
Avaliação = 1.11864

Tempo de execução: 60.0025s

---------------------------

Largura da faixa = 24
Melhor altura = 200

Lower Bound 1 = 177
Lower Bound 2 = 24
Avaliação = 1.12994

Tempo de execução: 60.006s

---------------------------

Largura da faixa = 24
Melhor altura = 201

Lower Bound 1 = 177
Lower Bound 2 = 24
Avaliação = 1.13559

Tempo de execução: 60.0027s

---------------------------

Largura da faixa = 24
Melhor altura = 200

Lower Bound 1 = 177
Lower Bound 2 = 24
Avaliação = 1.12994

Tempo de execução: 60.0024s

---------------------------

Largura da faixa = 24
Melhor altura = 201

Lower Bound 1 = 177
Lower Bound 2 = 24
Avaliação = 1.13559

Tempo de execução: 60.0027s

---------------------------

Largura da faixa = 24
Melhor altura = 200

Lower Bound 1 = 177
Lower Bound 2 = 24
Avaliação = 1.12994

Tempo de execução: 60.0002s

---------------------------

Largura da faixa = 24
Melhor altura = 201

Lower Bound 1 = 177
Lower Bound 2 = 24
Avaliação = 1.13559

Tempo de execução: 60.0057s

---------------------------

Largura da faixa = 24
Melhor altura = 200

Lower Bound 1 = 177
Lower Bound 2 = 24
Avaliação = 1.12994

Tempo de execução: 60.0048s

---------------------------

Largura da faixa = 24
Melhor altura = 200

Lower Bound 1 = 177
Lower Bound 2 = 24
Avaliação = 1.12994

Tempo de execução: 60.0001s

---------------------------

Largura da faixa = 24
Melhor altura = 200

Lower Bound 1 = 177
Lower Bound 2 = 24
Avaliação = 1.12994

Tempo de execução: 60.0011s

---------------------------

Largura da faixa = 24
Melhor altura = 199

Lower Bound 1 = 177
Lower Bound 2 = 24
Avaliação = 1.12429

Tempo de execução: 60.0022s

---------------------------

Largura da faixa = 24
Melhor altura = 200

Lower Bound 1 = 177
Lower Bound 2 = 24
Avaliação = 1.12994

Tempo de execução: 60.0023s

---------------------------

Largura da faixa = 24
Melhor altura = 200

Lower Bound 1 = 177
Lower Bound 2 = 24
Avaliação = 1.12994

Tempo de execução: 60.003s

---------------------------

