Largura da faixa = 1
Melhor altura = 252

Lower Bound 1 = 252
Lower Bound 2 = 252
Avaliação = 1

Tempo de execução: 60.0001s

---------------------------

Largura da faixa = 1
Melhor altura = 252

Lower Bound 1 = 252
Lower Bound 2 = 252
Avaliação = 1

Tempo de execução: 60s

---------------------------

Largura da faixa = 1
Melhor altura = 252

Lower Bound 1 = 252
Lower Bound 2 = 252
Avaliação = 1

Tempo de execução: 60s

---------------------------

Largura da faixa = 1
Melhor altura = 252

Lower Bound 1 = 252
Lower Bound 2 = 252
Avaliação = 1

Tempo de execução: 60s

---------------------------

Largura da faixa = 1
Melhor altura = 252

Lower Bound 1 = 252
Lower Bound 2 = 252
Avaliação = 1

Tempo de execução: 60s

---------------------------

Largura da faixa = 1
Melhor altura = 252

Lower Bound 1 = 252
Lower Bound 2 = 252
Avaliação = 1

Tempo de execução: 60.0001s

---------------------------

Largura da faixa = 1
Melhor altura = 252

Lower Bound 1 = 252
Lower Bound 2 = 252
Avaliação = 1

Tempo de execução: 60s

---------------------------

Largura da faixa = 1
Melhor altura = 252

Lower Bound 1 = 252
Lower Bound 2 = 252
Avaliação = 1

Tempo de execução: 60.0001s

---------------------------

Largura da faixa = 1
Melhor altura = 252

Lower Bound 1 = 252
Lower Bound 2 = 252
Avaliação = 1

Tempo de execução: 60s

---------------------------

Largura da faixa = 1
Melhor altura = 252

Lower Bound 1 = 252
Lower Bound 2 = 252
Avaliação = 1

Tempo de execução: 60s

---------------------------

Largura da faixa = 1
Melhor altura = 252

Lower Bound 1 = 252
Lower Bound 2 = 252
Avaliação = 1

Tempo de execução: 60s

---------------------------

Largura da faixa = 1
Melhor altura = 252

Lower Bound 1 = 252
Lower Bound 2 = 252
Avaliação = 1

Tempo de execução: 60s

---------------------------

Largura da faixa = 1
Melhor altura = 252

Lower Bound 1 = 252
Lower Bound 2 = 252
Avaliação = 1

Tempo de execução: 60s

---------------------------

Largura da faixa = 1
Melhor altura = 252

Lower Bound 1 = 252
Lower Bound 2 = 252
Avaliação = 1

Tempo de execução: 60.0001s

---------------------------

Largura da faixa = 1
Melhor altura = 252

Lower Bound 1 = 252
Lower Bound 2 = 252
Avaliação = 1

Tempo de execução: 60s

---------------------------

Largura da faixa = 1
Melhor altura = 252

Lower Bound 1 = 252
Lower Bound 2 = 252
Avaliação = 1

Tempo de execução: 60s

---------------------------

Largura da faixa = 1
Melhor altura = 252

Lower Bound 1 = 252
Lower Bound 2 = 252
Avaliação = 1

Tempo de execução: 60.0001s

---------------------------

Largura da faixa = 1
Melhor altura = 252

Lower Bound 1 = 252
Lower Bound 2 = 252
Avaliação = 1

Tempo de execução: 60.0001s

---------------------------

Largura da faixa = 1
Melhor altura = 252

Lower Bound 1 = 252
Lower Bound 2 = 252
Avaliação = 1

Tempo de execução: 60s

---------------------------

Largura da faixa = 1
Melhor altura = 252

Lower Bound 1 = 252
Lower Bound 2 = 252
Avaliação = 1

Tempo de execução: 60s

---------------------------

