Largura da faixa = 31
Melhor altura = 357

Lower Bound 1 = 307
Lower Bound 2 = 31
Avaliação = 1.16287

Tempo de execução: 60.0043s

---------------------------

Largura da faixa = 31
Melhor altura = 357

Lower Bound 1 = 307
Lower Bound 2 = 31
Avaliação = 1.16287

Tempo de execução: 60.0107s

---------------------------

Largura da faixa = 31
Melhor altura = 353

Lower Bound 1 = 307
Lower Bound 2 = 31
Avaliação = 1.14984

Tempo de execução: 60.0163s

---------------------------

Largura da faixa = 31
Melhor altura = 362

Lower Bound 1 = 307
Lower Bound 2 = 31
Avaliação = 1.17915

Tempo de execução: 60.0025s

---------------------------

Largura da faixa = 31
Melhor altura = 356

Lower Bound 1 = 307
Lower Bound 2 = 31
Avaliação = 1.15961

Tempo de execução: 60.009s

---------------------------

Largura da faixa = 31
Melhor altura = 360

Lower Bound 1 = 307
Lower Bound 2 = 31
Avaliação = 1.17264

Tempo de execução: 60.0189s

---------------------------

Largura da faixa = 31
Melhor altura = 356

Lower Bound 1 = 307
Lower Bound 2 = 31
Avaliação = 1.15961

Tempo de execução: 60.0068s

---------------------------

Largura da faixa = 31
Melhor altura = 357

Lower Bound 1 = 307
Lower Bound 2 = 31
Avaliação = 1.16287

Tempo de execução: 60.0074s

---------------------------

Largura da faixa = 31
Melhor altura = 357

Lower Bound 1 = 307
Lower Bound 2 = 31
Avaliação = 1.16287

Tempo de execução: 60.0108s

---------------------------

Largura da faixa = 31
Melhor altura = 357

Lower Bound 1 = 307
Lower Bound 2 = 31
Avaliação = 1.16287

Tempo de execução: 60.0037s

---------------------------

Largura da faixa = 31
Melhor altura = 355

Lower Bound 1 = 307
Lower Bound 2 = 31
Avaliação = 1.15635

Tempo de execução: 60.0104s

---------------------------

Largura da faixa = 31
Melhor altura = 353

Lower Bound 1 = 307
Lower Bound 2 = 31
Avaliação = 1.14984

Tempo de execução: 60.0107s

---------------------------

Largura da faixa = 31
Melhor altura = 359

Lower Bound 1 = 307
Lower Bound 2 = 31
Avaliação = 1.16938

Tempo de execução: 60.0032s

---------------------------

Largura da faixa = 31
Melhor altura = 358

Lower Bound 1 = 307
Lower Bound 2 = 31
Avaliação = 1.16612

Tempo de execução: 60.0035s

---------------------------

Largura da faixa = 31
Melhor altura = 354

Lower Bound 1 = 307
Lower Bound 2 = 31
Avaliação = 1.15309

Tempo de execução: 60.0253s

---------------------------

Largura da faixa = 31
Melhor altura = 357

Lower Bound 1 = 307
Lower Bound 2 = 31
Avaliação = 1.16287

Tempo de execução: 60.0001s

---------------------------

Largura da faixa = 31
Melhor altura = 361

Lower Bound 1 = 307
Lower Bound 2 = 31
Avaliação = 1.1759

Tempo de execução: 60.0021s

---------------------------

Largura da faixa = 31
Melhor altura = 358

Lower Bound 1 = 307
Lower Bound 2 = 31
Avaliação = 1.16612

Tempo de execução: 60.0094s

---------------------------

Largura da faixa = 31
Melhor altura = 360

Lower Bound 1 = 307
Lower Bound 2 = 31
Avaliação = 1.17264

Tempo de execução: 60.0051s

---------------------------

Largura da faixa = 31
Melhor altura = 361

Lower Bound 1 = 307
Lower Bound 2 = 31
Avaliação = 1.1759

Tempo de execução: 60.007s

---------------------------

