Largura da faixa = 32
Melhor altura = 617

Lower Bound 1 = 517
Lower Bound 2 = 32
Avaliação = 1.19342

Tempo de execução: 60.0105s

---------------------------

Largura da faixa = 32
Melhor altura = 617

Lower Bound 1 = 517
Lower Bound 2 = 32
Avaliação = 1.19342

Tempo de execução: 60.0097s

---------------------------

Largura da faixa = 32
Melhor altura = 623

Lower Bound 1 = 517
Lower Bound 2 = 32
Avaliação = 1.20503

Tempo de execução: 60.0209s

---------------------------

Largura da faixa = 32
Melhor altura = 623

Lower Bound 1 = 517
Lower Bound 2 = 32
Avaliação = 1.20503

Tempo de execução: 60.0018s

---------------------------

Largura da faixa = 32
Melhor altura = 614

Lower Bound 1 = 517
Lower Bound 2 = 32
Avaliação = 1.18762

Tempo de execução: 60.0072s

---------------------------

Largura da faixa = 32
Melhor altura = 620

Lower Bound 1 = 517
Lower Bound 2 = 32
Avaliação = 1.19923

Tempo de execução: 60.018s

---------------------------

Largura da faixa = 32
Melhor altura = 621

Lower Bound 1 = 517
Lower Bound 2 = 32
Avaliação = 1.20116

Tempo de execução: 60.0046s

---------------------------

Largura da faixa = 32
Melhor altura = 617

Lower Bound 1 = 517
Lower Bound 2 = 32
Avaliação = 1.19342

Tempo de execução: 60.0071s

---------------------------

Largura da faixa = 32
Melhor altura = 617

Lower Bound 1 = 517
Lower Bound 2 = 32
Avaliação = 1.19342

Tempo de execução: 60.0165s

---------------------------

Largura da faixa = 32
Melhor altura = 619

Lower Bound 1 = 517
Lower Bound 2 = 32
Avaliação = 1.19729

Tempo de execução: 60.0058s

---------------------------

Largura da faixa = 32
Melhor altura = 620

Lower Bound 1 = 517
Lower Bound 2 = 32
Avaliação = 1.19923

Tempo de execução: 60.0063s

---------------------------

Largura da faixa = 32
Melhor altura = 617

Lower Bound 1 = 517
Lower Bound 2 = 32
Avaliação = 1.19342

Tempo de execução: 60.0121s

---------------------------

Largura da faixa = 32
Melhor altura = 624

Lower Bound 1 = 517
Lower Bound 2 = 32
Avaliação = 1.20696

Tempo de execução: 60.009s

---------------------------

Largura da faixa = 32
Melhor altura = 622

Lower Bound 1 = 517
Lower Bound 2 = 32
Avaliação = 1.20309

Tempo de execução: 60.0124s

---------------------------

Largura da faixa = 32
Melhor altura = 622

Lower Bound 1 = 517
Lower Bound 2 = 32
Avaliação = 1.20309

Tempo de execução: 60.039s

---------------------------

Largura da faixa = 32
Melhor altura = 614

Lower Bound 1 = 517
Lower Bound 2 = 32
Avaliação = 1.18762

Tempo de execução: 60.0005s

---------------------------

Largura da faixa = 32
Melhor altura = 624

Lower Bound 1 = 517
Lower Bound 2 = 32
Avaliação = 1.20696

Tempo de execução: 60.0082s

---------------------------

Largura da faixa = 32
Melhor altura = 620

Lower Bound 1 = 517
Lower Bound 2 = 32
Avaliação = 1.19923

Tempo de execução: 60.0214s

---------------------------

Largura da faixa = 32
Melhor altura = 619

Lower Bound 1 = 517
Lower Bound 2 = 32
Avaliação = 1.19729

Tempo de execução: 60.0143s

---------------------------

Largura da faixa = 32
Melhor altura = 622

Lower Bound 1 = 517
Lower Bound 2 = 32
Avaliação = 1.20309

Tempo de execução: 60.0183s

---------------------------

