Largura da faixa = 31
Melhor altura = 151

Lower Bound 1 = 133
Lower Bound 2 = 31
Avaliação = 1.13534

Tempo de execução: 60.0001s

---------------------------

Largura da faixa = 31
Melhor altura = 154

Lower Bound 1 = 133
Lower Bound 2 = 31
Avaliação = 1.15789

Tempo de execução: 60.0008s

---------------------------

Largura da faixa = 31
Melhor altura = 151

Lower Bound 1 = 133
Lower Bound 2 = 31
Avaliação = 1.13534

Tempo de execução: 60.002s

---------------------------

Largura da faixa = 31
Melhor altura = 154

Lower Bound 1 = 133
Lower Bound 2 = 31
Avaliação = 1.15789

Tempo de execução: 60s

---------------------------

Largura da faixa = 31
Melhor altura = 154

Lower Bound 1 = 133
Lower Bound 2 = 31
Avaliação = 1.15789

Tempo de execução: 60.0006s

---------------------------

Largura da faixa = 31
Melhor altura = 154

Lower Bound 1 = 133
Lower Bound 2 = 31
Avaliação = 1.15789

Tempo de execução: 60.0015s

---------------------------

Largura da faixa = 31
Melhor altura = 154

Lower Bound 1 = 133
Lower Bound 2 = 31
Avaliação = 1.15789

Tempo de execução: 60.0006s

---------------------------

Largura da faixa = 31
Melhor altura = 154

Lower Bound 1 = 133
Lower Bound 2 = 31
Avaliação = 1.15789

Tempo de execução: 60.0011s

---------------------------

Largura da faixa = 31
Melhor altura = 153

Lower Bound 1 = 133
Lower Bound 2 = 31
Avaliação = 1.15038

Tempo de execução: 60.0001s

---------------------------

Largura da faixa = 31
Melhor altura = 152

Lower Bound 1 = 133
Lower Bound 2 = 31
Avaliação = 1.14286

Tempo de execução: 60.0003s

---------------------------

Largura da faixa = 31
Melhor altura = 153

Lower Bound 1 = 133
Lower Bound 2 = 31
Avaliação = 1.15038

Tempo de execução: 60.0003s

---------------------------

Largura da faixa = 31
Melhor altura = 154

Lower Bound 1 = 133
Lower Bound 2 = 31
Avaliação = 1.15789

Tempo de execução: 60.0005s

---------------------------

Largura da faixa = 31
Melhor altura = 153

Lower Bound 1 = 133
Lower Bound 2 = 31
Avaliação = 1.15038

Tempo de execução: 60.0008s

---------------------------

Largura da faixa = 31
Melhor altura = 154

Lower Bound 1 = 133
Lower Bound 2 = 31
Avaliação = 1.15789

Tempo de execução: 60.0006s

---------------------------

Largura da faixa = 31
Melhor altura = 153

Lower Bound 1 = 133
Lower Bound 2 = 31
Avaliação = 1.15038

Tempo de execução: 60.0005s

---------------------------

Largura da faixa = 31
Melhor altura = 154

Lower Bound 1 = 133
Lower Bound 2 = 31
Avaliação = 1.15789

Tempo de execução: 60.0001s

---------------------------

Largura da faixa = 31
Melhor altura = 152

Lower Bound 1 = 133
Lower Bound 2 = 31
Avaliação = 1.14286

Tempo de execução: 60.0004s

---------------------------

Largura da faixa = 31
Melhor altura = 155

Lower Bound 1 = 133
Lower Bound 2 = 31
Avaliação = 1.16541

Tempo de execução: 60.0038s

---------------------------

Largura da faixa = 31
Melhor altura = 148

Lower Bound 1 = 133
Lower Bound 2 = 31
Avaliação = 1.11278

Tempo de execução: 60.0001s

---------------------------

Largura da faixa = 31
Melhor altura = 155

Lower Bound 1 = 133
Lower Bound 2 = 31
Avaliação = 1.16541

Tempo de execução: 60.0008s

---------------------------

