Largura da faixa = 23
Melhor altura = 106

Lower Bound 1 = 97
Lower Bound 2 = 23
Avaliação = 1.09278

Tempo de execução: 60.0004s

---------------------------

Largura da faixa = 23
Melhor altura = 106

Lower Bound 1 = 97
Lower Bound 2 = 23
Avaliação = 1.09278

Tempo de execução: 60s

---------------------------

Largura da faixa = 23
Melhor altura = 106

Lower Bound 1 = 97
Lower Bound 2 = 23
Avaliação = 1.09278

Tempo de execução: 60.0006s

---------------------------

Largura da faixa = 23
Melhor altura = 106

Lower Bound 1 = 97
Lower Bound 2 = 23
Avaliação = 1.09278

Tempo de execução: 60.0006s

---------------------------

Largura da faixa = 23
Melhor altura = 106

Lower Bound 1 = 97
Lower Bound 2 = 23
Avaliação = 1.09278

Tempo de execução: 60.0005s

---------------------------

Largura da faixa = 23
Melhor altura = 107

Lower Bound 1 = 97
Lower Bound 2 = 23
Avaliação = 1.10309

Tempo de execução: 60.0014s

---------------------------

Largura da faixa = 23
Melhor altura = 105

Lower Bound 1 = 97
Lower Bound 2 = 23
Avaliação = 1.08247

Tempo de execução: 60.0001s

---------------------------

Largura da faixa = 23
Melhor altura = 106

Lower Bound 1 = 97
Lower Bound 2 = 23
Avaliação = 1.09278

Tempo de execução: 60.0004s

---------------------------

Largura da faixa = 23
Melhor altura = 105

Lower Bound 1 = 97
Lower Bound 2 = 23
Avaliação = 1.08247

Tempo de execução: 60.0004s

---------------------------

Largura da faixa = 23
Melhor altura = 105

Lower Bound 1 = 97
Lower Bound 2 = 23
Avaliação = 1.08247

Tempo de execução: 60.0013s

---------------------------

Largura da faixa = 23
Melhor altura = 106

Lower Bound 1 = 97
Lower Bound 2 = 23
Avaliação = 1.09278

Tempo de execução: 60.0008s

---------------------------

Largura da faixa = 23
Melhor altura = 106

Lower Bound 1 = 97
Lower Bound 2 = 23
Avaliação = 1.09278

Tempo de execução: 60.0016s

---------------------------

Largura da faixa = 23
Melhor altura = 107

Lower Bound 1 = 97
Lower Bound 2 = 23
Avaliação = 1.10309

Tempo de execução: 60.0004s

---------------------------

Largura da faixa = 23
Melhor altura = 107

Lower Bound 1 = 97
Lower Bound 2 = 23
Avaliação = 1.10309

Tempo de execução: 60.0006s

---------------------------

Largura da faixa = 23
Melhor altura = 105

Lower Bound 1 = 97
Lower Bound 2 = 23
Avaliação = 1.08247

Tempo de execução: 60.0027s

---------------------------

Largura da faixa = 23
Melhor altura = 106

Lower Bound 1 = 97
Lower Bound 2 = 23
Avaliação = 1.09278

Tempo de execução: 60.0003s

---------------------------

Largura da faixa = 23
Melhor altura = 106

Lower Bound 1 = 97
Lower Bound 2 = 23
Avaliação = 1.09278

Tempo de execução: 60.0014s

---------------------------

Largura da faixa = 23
Melhor altura = 106

Lower Bound 1 = 97
Lower Bound 2 = 23
Avaliação = 1.09278

Tempo de execução: 60.0015s

---------------------------

Largura da faixa = 23
Melhor altura = 108

Lower Bound 1 = 97
Lower Bound 2 = 23
Avaliação = 1.1134

Tempo de execução: 60.0007s

---------------------------

Largura da faixa = 23
Melhor altura = 106

Lower Bound 1 = 97
Lower Bound 2 = 23
Avaliação = 1.09278

Tempo de execução: 60.0023s

---------------------------

