Largura da faixa = 1
Melhor altura = 100

Lower Bound 1 = 100
Lower Bound 2 = 100
Avaliação = 1

Tempo de execução: 60s

---------------------------

Largura da faixa = 1
Melhor altura = 100

Lower Bound 1 = 100
Lower Bound 2 = 100
Avaliação = 1

Tempo de execução: 60s

---------------------------

Largura da faixa = 1
Melhor altura = 100

Lower Bound 1 = 100
Lower Bound 2 = 100
Avaliação = 1

Tempo de execução: 60s

---------------------------

Largura da faixa = 1
Melhor altura = 100

Lower Bound 1 = 100
Lower Bound 2 = 100
Avaliação = 1

Tempo de execução: 60s

---------------------------

Largura da faixa = 1
Melhor altura = 100

Lower Bound 1 = 100
Lower Bound 2 = 100
Avaliação = 1

Tempo de execução: 60s

---------------------------

Largura da faixa = 1
Melhor altura = 100

Lower Bound 1 = 100
Lower Bound 2 = 100
Avaliação = 1

Tempo de execução: 60.0001s

---------------------------

Largura da faixa = 1
Melhor altura = 100

Lower Bound 1 = 100
Lower Bound 2 = 100
Avaliação = 1

Tempo de execução: 60s

---------------------------

Largura da faixa = 1
Melhor altura = 100

Lower Bound 1 = 100
Lower Bound 2 = 100
Avaliação = 1

Tempo de execução: 60s

---------------------------

Largura da faixa = 1
Melhor altura = 100

Lower Bound 1 = 100
Lower Bound 2 = 100
Avaliação = 1

Tempo de execução: 60s

---------------------------

Largura da faixa = 1
Melhor altura = 100

Lower Bound 1 = 100
Lower Bound 2 = 100
Avaliação = 1

Tempo de execução: 60s

---------------------------

Largura da faixa = 1
Melhor altura = 100

Lower Bound 1 = 100
Lower Bound 2 = 100
Avaliação = 1

Tempo de execução: 60s

---------------------------

Largura da faixa = 1
Melhor altura = 100

Lower Bound 1 = 100
Lower Bound 2 = 100
Avaliação = 1

Tempo de execução: 60s

---------------------------

Largura da faixa = 1
Melhor altura = 100

Lower Bound 1 = 100
Lower Bound 2 = 100
Avaliação = 1

Tempo de execução: 60s

---------------------------

Largura da faixa = 1
Melhor altura = 100

Lower Bound 1 = 100
Lower Bound 2 = 100
Avaliação = 1

Tempo de execução: 60s

---------------------------

Largura da faixa = 1
Melhor altura = 100

Lower Bound 1 = 100
Lower Bound 2 = 100
Avaliação = 1

Tempo de execução: 60s

---------------------------

Largura da faixa = 1
Melhor altura = 100

Lower Bound 1 = 100
Lower Bound 2 = 100
Avaliação = 1

Tempo de execução: 60s

---------------------------

Largura da faixa = 1
Melhor altura = 100

Lower Bound 1 = 100
Lower Bound 2 = 100
Avaliação = 1

Tempo de execução: 60s

---------------------------

Largura da faixa = 1
Melhor altura = 100

Lower Bound 1 = 100
Lower Bound 2 = 100
Avaliação = 1

Tempo de execução: 60s

---------------------------

Largura da faixa = 1
Melhor altura = 100

Lower Bound 1 = 100
Lower Bound 2 = 100
Avaliação = 1

Tempo de execução: 60s

---------------------------

Largura da faixa = 1
Melhor altura = 100

Lower Bound 1 = 100
Lower Bound 2 = 100
Avaliação = 1

Tempo de execução: 60s

---------------------------

