Largura da faixa = 24
Melhor altura = 1441

Lower Bound 1 = 1205
Lower Bound 2 = 24
Avaliação = 1.19585

Tempo de execução: 60.0012s

---------------------------

Largura da faixa = 24
Melhor altura = 1432

Lower Bound 1 = 1205
Lower Bound 2 = 24
Avaliação = 1.18838

Tempo de execução: 60.0008s

---------------------------

Largura da faixa = 24
Melhor altura = 1432

Lower Bound 1 = 1205
Lower Bound 2 = 24
Avaliação = 1.18838

Tempo de execução: 60.0159s

---------------------------

Largura da faixa = 24
Melhor altura = 1435

Lower Bound 1 = 1205
Lower Bound 2 = 24
Avaliação = 1.19087

Tempo de execução: 60.0122s

---------------------------

Largura da faixa = 24
Melhor altura = 1439

Lower Bound 1 = 1205
Lower Bound 2 = 24
Avaliação = 1.19419

Tempo de execução: 60.0093s

---------------------------

Largura da faixa = 24
Melhor altura = 1411

Lower Bound 1 = 1205
Lower Bound 2 = 24
Avaliação = 1.17095

Tempo de execução: 60.0309s

---------------------------

Largura da faixa = 24
Melhor altura = 1434

Lower Bound 1 = 1205
Lower Bound 2 = 24
Avaliação = 1.19004

Tempo de execução: 60.0035s

---------------------------

Largura da faixa = 24
Melhor altura = 1439

Lower Bound 1 = 1205
Lower Bound 2 = 24
Avaliação = 1.19419

Tempo de execução: 60.0296s

---------------------------

Largura da faixa = 24
Melhor altura = 1434

Lower Bound 1 = 1205
Lower Bound 2 = 24
Avaliação = 1.19004

Tempo de execução: 60.0455s

---------------------------

Largura da faixa = 24
Melhor altura = 1430

Lower Bound 1 = 1205
Lower Bound 2 = 24
Avaliação = 1.18672

Tempo de execução: 60.0003s

---------------------------

Largura da faixa = 24
Melhor altura = 1435

Lower Bound 1 = 1205
Lower Bound 2 = 24
Avaliação = 1.19087

Tempo de execução: 60.005s

---------------------------

Largura da faixa = 24
Melhor altura = 1432

Lower Bound 1 = 1205
Lower Bound 2 = 24
Avaliação = 1.18838

Tempo de execução: 60.041s

---------------------------

Largura da faixa = 24
Melhor altura = 1436

Lower Bound 1 = 1205
Lower Bound 2 = 24
Avaliação = 1.1917

Tempo de execução: 60.0021s

---------------------------

Largura da faixa = 24
Melhor altura = 1423

Lower Bound 1 = 1205
Lower Bound 2 = 24
Avaliação = 1.18091

Tempo de execução: 60.0305s

---------------------------

Largura da faixa = 24
Melhor altura = 1434

Lower Bound 1 = 1205
Lower Bound 2 = 24
Avaliação = 1.19004

Tempo de execução: 60.0583s

---------------------------

Largura da faixa = 24
Melhor altura = 1435

Lower Bound 1 = 1205
Lower Bound 2 = 24
Avaliação = 1.19087

Tempo de execução: 60.008s

---------------------------

Largura da faixa = 24
Melhor altura = 1423

Lower Bound 1 = 1205
Lower Bound 2 = 24
Avaliação = 1.18091

Tempo de execução: 60.0329s

---------------------------

Largura da faixa = 24
Melhor altura = 1435

Lower Bound 1 = 1205
Lower Bound 2 = 24
Avaliação = 1.19087

Tempo de execução: 60.0356s

---------------------------

Largura da faixa = 24
Melhor altura = 1434

Lower Bound 1 = 1205
Lower Bound 2 = 24
Avaliação = 1.19004

Tempo de execução: 60.0307s

---------------------------

Largura da faixa = 24
Melhor altura = 1431

Lower Bound 1 = 1205
Lower Bound 2 = 24
Avaliação = 1.18755

Tempo de execução: 60.0476s

---------------------------

