Largura da faixa = 36
Melhor altura = 1073

Lower Bound 1 = 872
Lower Bound 2 = 36
Avaliação = 1.2305

Tempo de execução: 60.0224s

---------------------------

Largura da faixa = 36
Melhor altura = 1085

Lower Bound 1 = 872
Lower Bound 2 = 36
Avaliação = 1.24427

Tempo de execução: 60.0276s

---------------------------

Largura da faixa = 36
Melhor altura = 1066

Lower Bound 1 = 872
Lower Bound 2 = 36
Avaliação = 1.22248

Tempo de execução: 60.0421s

---------------------------

Largura da faixa = 36
Melhor altura = 1075

Lower Bound 1 = 872
Lower Bound 2 = 36
Avaliação = 1.2328

Tempo de execução: 60.0167s

---------------------------

Largura da faixa = 36
Melhor altura = 1078

Lower Bound 1 = 872
Lower Bound 2 = 36
Avaliação = 1.23624

Tempo de execução: 60.0497s

---------------------------

Largura da faixa = 36
Melhor altura = 1066

Lower Bound 1 = 872
Lower Bound 2 = 36
Avaliação = 1.22248

Tempo de execução: 60.0789s

---------------------------

Largura da faixa = 36
Melhor altura = 1075

Lower Bound 1 = 872
Lower Bound 2 = 36
Avaliação = 1.2328

Tempo de execução: 60.0478s

---------------------------

Largura da faixa = 36
Melhor altura = 1066

Lower Bound 1 = 872
Lower Bound 2 = 36
Avaliação = 1.22248

Tempo de execução: 60.0581s

---------------------------

Largura da faixa = 36
Melhor altura = 1069

Lower Bound 1 = 872
Lower Bound 2 = 36
Avaliação = 1.22592

Tempo de execução: 60.0932s

---------------------------

Largura da faixa = 36
Melhor altura = 1078

Lower Bound 1 = 872
Lower Bound 2 = 36
Avaliação = 1.23624

Tempo de execução: 60.0044s

---------------------------

Largura da faixa = 36
Melhor altura = 1071

Lower Bound 1 = 872
Lower Bound 2 = 36
Avaliação = 1.22821

Tempo de execução: 60.0038s

---------------------------

Largura da faixa = 36
Melhor altura = 1081

Lower Bound 1 = 872
Lower Bound 2 = 36
Avaliação = 1.23968

Tempo de execução: 60.0741s

---------------------------

Largura da faixa = 36
Melhor altura = 1071

Lower Bound 1 = 872
Lower Bound 2 = 36
Avaliação = 1.22821

Tempo de execução: 60.002s

---------------------------

Largura da faixa = 36
Melhor altura = 1073

Lower Bound 1 = 872
Lower Bound 2 = 36
Avaliação = 1.2305

Tempo de execução: 60.0289s

---------------------------

Largura da faixa = 36
Melhor altura = 1072

Lower Bound 1 = 872
Lower Bound 2 = 36
Avaliação = 1.22936

Tempo de execução: 60.0453s

---------------------------

Largura da faixa = 36
Melhor altura = 1071

Lower Bound 1 = 872
Lower Bound 2 = 36
Avaliação = 1.22821

Tempo de execução: 60.0161s

---------------------------

Largura da faixa = 36
Melhor altura = 1083

Lower Bound 1 = 872
Lower Bound 2 = 36
Avaliação = 1.24197

Tempo de execução: 60.0065s

---------------------------

Largura da faixa = 36
Melhor altura = 1067

Lower Bound 1 = 872
Lower Bound 2 = 36
Avaliação = 1.22362

Tempo de execução: 60.0268s

---------------------------

Largura da faixa = 36
Melhor altura = 1074

Lower Bound 1 = 872
Lower Bound 2 = 36
Avaliação = 1.23165

Tempo de execução: 60.0139s

---------------------------

Largura da faixa = 36
Melhor altura = 1077

Lower Bound 1 = 872
Lower Bound 2 = 36
Avaliação = 1.23509

Tempo de execução: 60.0524s

---------------------------

