Largura da faixa = 30
Melhor altura = 152

Lower Bound 1 = 136
Lower Bound 2 = 30
Avaliação = 1.11765

Tempo de execução: 60s

---------------------------

Largura da faixa = 30
Melhor altura = 152

Lower Bound 1 = 136
Lower Bound 2 = 30
Avaliação = 1.11765

Tempo de execução: 60.0039s

---------------------------

Largura da faixa = 30
Melhor altura = 150

Lower Bound 1 = 136
Lower Bound 2 = 30
Avaliação = 1.10294

Tempo de execução: 60.0022s

---------------------------

Largura da faixa = 30
Melhor altura = 153

Lower Bound 1 = 136
Lower Bound 2 = 30
Avaliação = 1.125

Tempo de execução: 60.0002s

---------------------------

Largura da faixa = 30
Melhor altura = 153

Lower Bound 1 = 136
Lower Bound 2 = 30
Avaliação = 1.125

Tempo de execução: 60.0003s

---------------------------

Largura da faixa = 30
Melhor altura = 151

Lower Bound 1 = 136
Lower Bound 2 = 30
Avaliação = 1.11029

Tempo de execução: 60.0011s

---------------------------

Largura da faixa = 30
Melhor altura = 151

Lower Bound 1 = 136
Lower Bound 2 = 30
Avaliação = 1.11029

Tempo de execução: 60.0005s

---------------------------

Largura da faixa = 30
Melhor altura = 152

Lower Bound 1 = 136
Lower Bound 2 = 30
Avaliação = 1.11765

Tempo de execução: 60.0018s

---------------------------

Largura da faixa = 30
Melhor altura = 153

Lower Bound 1 = 136
Lower Bound 2 = 30
Avaliação = 1.125

Tempo de execução: 60.0036s

---------------------------

Largura da faixa = 30
Melhor altura = 154

Lower Bound 1 = 136
Lower Bound 2 = 30
Avaliação = 1.13235

Tempo de execução: 60.001s

---------------------------

Largura da faixa = 30
Melhor altura = 151

Lower Bound 1 = 136
Lower Bound 2 = 30
Avaliação = 1.11029

Tempo de execução: 60.004s

---------------------------

Largura da faixa = 30
Melhor altura = 152

Lower Bound 1 = 136
Lower Bound 2 = 30
Avaliação = 1.11765

Tempo de execução: 60.0036s

---------------------------

Largura da faixa = 30
Melhor altura = 154

Lower Bound 1 = 136
Lower Bound 2 = 30
Avaliação = 1.13235

Tempo de execução: 60.0004s

---------------------------

Largura da faixa = 30
Melhor altura = 152

Lower Bound 1 = 136
Lower Bound 2 = 30
Avaliação = 1.11765

Tempo de execução: 60.0009s

---------------------------

Largura da faixa = 30
Melhor altura = 152

Lower Bound 1 = 136
Lower Bound 2 = 30
Avaliação = 1.11765

Tempo de execução: 60.0056s

---------------------------

Largura da faixa = 30
Melhor altura = 152

Lower Bound 1 = 136
Lower Bound 2 = 30
Avaliação = 1.11765

Tempo de execução: 60.0005s

---------------------------

Largura da faixa = 30
Melhor altura = 151

Lower Bound 1 = 136
Lower Bound 2 = 30
Avaliação = 1.11029

Tempo de execução: 60.0027s

---------------------------

Largura da faixa = 30
Melhor altura = 153

Lower Bound 1 = 136
Lower Bound 2 = 30
Avaliação = 1.125

Tempo de execução: 60.0059s

---------------------------

Largura da faixa = 30
Melhor altura = 152

Lower Bound 1 = 136
Lower Bound 2 = 30
Avaliação = 1.11765

Tempo de execução: 60.0025s

---------------------------

Largura da faixa = 30
Melhor altura = 152

Lower Bound 1 = 136
Lower Bound 2 = 30
Avaliação = 1.11765

Tempo de execução: 60.0028s

---------------------------

