Largura da faixa = 1
Melhor altura = 29

Lower Bound 1 = 29
Lower Bound 2 = 29
Avaliação = 1

Tempo de execução: 60s

---------------------------

Largura da faixa = 1
Melhor altura = 29

Lower Bound 1 = 29
Lower Bound 2 = 29
Avaliação = 1

Tempo de execução: 60s

---------------------------

Largura da faixa = 1
Melhor altura = 29

Lower Bound 1 = 29
Lower Bound 2 = 29
Avaliação = 1

Tempo de execução: 60s

---------------------------

Largura da faixa = 1
Melhor altura = 29

Lower Bound 1 = 29
Lower Bound 2 = 29
Avaliação = 1

Tempo de execução: 60s

---------------------------

Largura da faixa = 1
Melhor altura = 29

Lower Bound 1 = 29
Lower Bound 2 = 29
Avaliação = 1

Tempo de execução: 60s

---------------------------

Largura da faixa = 1
Melhor altura = 29

Lower Bound 1 = 29
Lower Bound 2 = 29
Avaliação = 1

Tempo de execução: 60s

---------------------------

Largura da faixa = 1
Melhor altura = 29

Lower Bound 1 = 29
Lower Bound 2 = 29
Avaliação = 1

Tempo de execução: 60s

---------------------------

Largura da faixa = 1
Melhor altura = 29

Lower Bound 1 = 29
Lower Bound 2 = 29
Avaliação = 1

Tempo de execução: 60s

---------------------------

Largura da faixa = 1
Melhor altura = 29

Lower Bound 1 = 29
Lower Bound 2 = 29
Avaliação = 1

Tempo de execução: 60s

---------------------------

Largura da faixa = 1
Melhor altura = 29

Lower Bound 1 = 29
Lower Bound 2 = 29
Avaliação = 1

Tempo de execução: 60s

---------------------------

Largura da faixa = 1
Melhor altura = 29

Lower Bound 1 = 29
Lower Bound 2 = 29
Avaliação = 1

Tempo de execução: 60s

---------------------------

Largura da faixa = 1
Melhor altura = 29

Lower Bound 1 = 29
Lower Bound 2 = 29
Avaliação = 1

Tempo de execução: 60s

---------------------------

Largura da faixa = 1
Melhor altura = 29

Lower Bound 1 = 29
Lower Bound 2 = 29
Avaliação = 1

Tempo de execução: 60s

---------------------------

Largura da faixa = 1
Melhor altura = 29

Lower Bound 1 = 29
Lower Bound 2 = 29
Avaliação = 1

Tempo de execução: 60s

---------------------------

Largura da faixa = 1
Melhor altura = 29

Lower Bound 1 = 29
Lower Bound 2 = 29
Avaliação = 1

Tempo de execução: 60s

---------------------------

Largura da faixa = 1
Melhor altura = 29

Lower Bound 1 = 29
Lower Bound 2 = 29
Avaliação = 1

Tempo de execução: 60s

---------------------------

Largura da faixa = 1
Melhor altura = 29

Lower Bound 1 = 29
Lower Bound 2 = 29
Avaliação = 1

Tempo de execução: 60s

---------------------------

Largura da faixa = 1
Melhor altura = 29

Lower Bound 1 = 29
Lower Bound 2 = 29
Avaliação = 1

Tempo de execução: 60s

---------------------------

Largura da faixa = 1
Melhor altura = 29

Lower Bound 1 = 29
Lower Bound 2 = 29
Avaliação = 1

Tempo de execução: 60s

---------------------------

Largura da faixa = 1
Melhor altura = 29

Lower Bound 1 = 29
Lower Bound 2 = 29
Avaliação = 1

Tempo de execução: 60s

---------------------------

