Largura da faixa = 31
Melhor altura = 275

Lower Bound 1 = 234
Lower Bound 2 = 31
Avaliação = 1.17521

Tempo de execução: 60.0011s

---------------------------

Largura da faixa = 31
Melhor altura = 273

Lower Bound 1 = 234
Lower Bound 2 = 31
Avaliação = 1.16667

Tempo de execução: 60.0031s

---------------------------

Largura da faixa = 31
Melhor altura = 277

Lower Bound 1 = 234
Lower Bound 2 = 31
Avaliação = 1.18376

Tempo de execução: 60.0053s

---------------------------

Largura da faixa = 31
Melhor altura = 274

Lower Bound 1 = 234
Lower Bound 2 = 31
Avaliação = 1.17094

Tempo de execução: 60.0013s

---------------------------

Largura da faixa = 31
Melhor altura = 272

Lower Bound 1 = 234
Lower Bound 2 = 31
Avaliação = 1.16239

Tempo de execução: 60.0008s

---------------------------

Largura da faixa = 31
Melhor altura = 270

Lower Bound 1 = 234
Lower Bound 2 = 31
Avaliação = 1.15385

Tempo de execução: 60.0014s

---------------------------

Largura da faixa = 31
Melhor altura = 276

Lower Bound 1 = 234
Lower Bound 2 = 31
Avaliação = 1.17949

Tempo de execução: 60.0008s

---------------------------

Largura da faixa = 31
Melhor altura = 275

Lower Bound 1 = 234
Lower Bound 2 = 31
Avaliação = 1.17521

Tempo de execução: 60.0006s

---------------------------

Largura da faixa = 31
Melhor altura = 273

Lower Bound 1 = 234
Lower Bound 2 = 31
Avaliação = 1.16667

Tempo de execução: 60.0004s

---------------------------

Largura da faixa = 31
Melhor altura = 273

Lower Bound 1 = 234
Lower Bound 2 = 31
Avaliação = 1.16667

Tempo de execução: 60.0033s

---------------------------

Largura da faixa = 31
Melhor altura = 271

Lower Bound 1 = 234
Lower Bound 2 = 31
Avaliação = 1.15812

Tempo de execução: 60.0012s

---------------------------

Largura da faixa = 31
Melhor altura = 276

Lower Bound 1 = 234
Lower Bound 2 = 31
Avaliação = 1.17949

Tempo de execução: 60.0068s

---------------------------

Largura da faixa = 31
Melhor altura = 276

Lower Bound 1 = 234
Lower Bound 2 = 31
Avaliação = 1.17949

Tempo de execução: 60.0003s

---------------------------

Largura da faixa = 31
Melhor altura = 277

Lower Bound 1 = 234
Lower Bound 2 = 31
Avaliação = 1.18376

Tempo de execução: 60.0013s

---------------------------

Largura da faixa = 31
Melhor altura = 274

Lower Bound 1 = 234
Lower Bound 2 = 31
Avaliação = 1.17094

Tempo de execução: 60.0043s

---------------------------

Largura da faixa = 31
Melhor altura = 276

Lower Bound 1 = 234
Lower Bound 2 = 31
Avaliação = 1.17949

Tempo de execução: 60.0022s

---------------------------

Largura da faixa = 31
Melhor altura = 274

Lower Bound 1 = 234
Lower Bound 2 = 31
Avaliação = 1.17094

Tempo de execução: 60.0027s

---------------------------

Largura da faixa = 31
Melhor altura = 274

Lower Bound 1 = 234
Lower Bound 2 = 31
Avaliação = 1.17094

Tempo de execução: 60.003s

---------------------------

Largura da faixa = 31
Melhor altura = 274

Lower Bound 1 = 234
Lower Bound 2 = 31
Avaliação = 1.17094

Tempo de execução: 60.0011s

---------------------------

Largura da faixa = 31
Melhor altura = 277

Lower Bound 1 = 234
Lower Bound 2 = 31
Avaliação = 1.18376

Tempo de execução: 60.0046s

---------------------------

