Largura da faixa = 24
Melhor altura = 1154

Lower Bound 1 = 975
Lower Bound 2 = 24
Avaliação = 1.18359

Tempo de execução: 60.0039s

---------------------------

Largura da faixa = 24
Melhor altura = 1149

Lower Bound 1 = 975
Lower Bound 2 = 24
Avaliação = 1.17846

Tempo de execução: 60.0358s

---------------------------

Largura da faixa = 24
Melhor altura = 1150

Lower Bound 1 = 975
Lower Bound 2 = 24
Avaliação = 1.17949

Tempo de execução: 60.047s

---------------------------

Largura da faixa = 24
Melhor altura = 1159

Lower Bound 1 = 975
Lower Bound 2 = 24
Avaliação = 1.18872

Tempo de execução: 60.0018s

---------------------------

Largura da faixa = 24
Melhor altura = 1160

Lower Bound 1 = 975
Lower Bound 2 = 24
Avaliação = 1.18974

Tempo de execução: 60.0019s

---------------------------

Largura da faixa = 24
Melhor altura = 1150

Lower Bound 1 = 975
Lower Bound 2 = 24
Avaliação = 1.17949

Tempo de execução: 60.0386s

---------------------------

Largura da faixa = 24
Melhor altura = 1158

Lower Bound 1 = 975
Lower Bound 2 = 24
Avaliação = 1.18769

Tempo de execução: 60.0041s

---------------------------

Largura da faixa = 24
Melhor altura = 1160

Lower Bound 1 = 975
Lower Bound 2 = 24
Avaliação = 1.18974

Tempo de execução: 60.0227s

---------------------------

Largura da faixa = 24
Melhor altura = 1155

Lower Bound 1 = 975
Lower Bound 2 = 24
Avaliação = 1.18462

Tempo de execução: 60.044s

---------------------------

Largura da faixa = 24
Melhor altura = 1161

Lower Bound 1 = 975
Lower Bound 2 = 24
Avaliação = 1.19077

Tempo de execução: 60.0059s

---------------------------

Largura da faixa = 24
Melhor altura = 1160

Lower Bound 1 = 975
Lower Bound 2 = 24
Avaliação = 1.18974

Tempo de execução: 60.0119s

---------------------------

Largura da faixa = 24
Melhor altura = 1153

Lower Bound 1 = 975
Lower Bound 2 = 24
Avaliação = 1.18256

Tempo de execução: 60.0103s

---------------------------

Largura da faixa = 24
Melhor altura = 1148

Lower Bound 1 = 975
Lower Bound 2 = 24
Avaliação = 1.17744

Tempo de execução: 60.0021s

---------------------------

Largura da faixa = 24
Melhor altura = 1154

Lower Bound 1 = 975
Lower Bound 2 = 24
Avaliação = 1.18359

Tempo de execução: 60.0002s

---------------------------

Largura da faixa = 24
Melhor altura = 1159

Lower Bound 1 = 975
Lower Bound 2 = 24
Avaliação = 1.18872

Tempo de execução: 60.0117s

---------------------------

Largura da faixa = 24
Melhor altura = 1159

Lower Bound 1 = 975
Lower Bound 2 = 24
Avaliação = 1.18872

Tempo de execução: 60.0012s

---------------------------

Largura da faixa = 24
Melhor altura = 1149

Lower Bound 1 = 975
Lower Bound 2 = 24
Avaliação = 1.17846

Tempo de execução: 60.013s

---------------------------

Largura da faixa = 24
Melhor altura = 1147

Lower Bound 1 = 975
Lower Bound 2 = 24
Avaliação = 1.17641

Tempo de execução: 60.0462s

---------------------------

Largura da faixa = 24
Melhor altura = 1160

Lower Bound 1 = 975
Lower Bound 2 = 24
Avaliação = 1.18974

Tempo de execução: 60.0118s

---------------------------

Largura da faixa = 24
Melhor altura = 1159

Lower Bound 1 = 975
Lower Bound 2 = 24
Avaliação = 1.18872

Tempo de execução: 60.013s

---------------------------

