Largura da faixa = 32
Melhor altura = 611

Lower Bound 1 = 522
Lower Bound 2 = 32
Avaliação = 1.1705

Tempo de execução: 60.0118s

---------------------------

Largura da faixa = 32
Melhor altura = 613

Lower Bound 1 = 522
Lower Bound 2 = 32
Avaliação = 1.17433

Tempo de execução: 60.0145s

---------------------------

Largura da faixa = 32
Melhor altura = 607

Lower Bound 1 = 522
Lower Bound 2 = 32
Avaliação = 1.16284

Tempo de execução: 60.0323s

---------------------------

Largura da faixa = 32
Melhor altura = 610

Lower Bound 1 = 522
Lower Bound 2 = 32
Avaliação = 1.16858

Tempo de execução: 60.0157s

---------------------------

Largura da faixa = 32
Melhor altura = 609

Lower Bound 1 = 522
Lower Bound 2 = 32
Avaliação = 1.16667

Tempo de execução: 60.0226s

---------------------------

Largura da faixa = 32
Melhor altura = 617

Lower Bound 1 = 522
Lower Bound 2 = 32
Avaliação = 1.18199

Tempo de execução: 60.0397s

---------------------------

Largura da faixa = 32
Melhor altura = 618

Lower Bound 1 = 522
Lower Bound 2 = 32
Avaliação = 1.18391

Tempo de execução: 60.033s

---------------------------

Largura da faixa = 32
Melhor altura = 608

Lower Bound 1 = 522
Lower Bound 2 = 32
Avaliação = 1.16475

Tempo de execução: 60.0366s

---------------------------

Largura da faixa = 32
Melhor altura = 608

Lower Bound 1 = 522
Lower Bound 2 = 32
Avaliação = 1.16475

Tempo de execução: 60.0499s

---------------------------

Largura da faixa = 32
Melhor altura = 619

Lower Bound 1 = 522
Lower Bound 2 = 32
Avaliação = 1.18582

Tempo de execução: 60.0131s

---------------------------

Largura da faixa = 32
Melhor altura = 612

Lower Bound 1 = 522
Lower Bound 2 = 32
Avaliação = 1.17241

Tempo de execução: 60.0165s

---------------------------

Largura da faixa = 32
Melhor altura = 614

Lower Bound 1 = 522
Lower Bound 2 = 32
Avaliação = 1.17625

Tempo de execução: 60.0301s

---------------------------

Largura da faixa = 32
Melhor altura = 618

Lower Bound 1 = 522
Lower Bound 2 = 32
Avaliação = 1.18391

Tempo de execução: 60.0171s

---------------------------

Largura da faixa = 32
Melhor altura = 610

Lower Bound 1 = 522
Lower Bound 2 = 32
Avaliação = 1.16858

Tempo de execução: 60.0018s

---------------------------

Largura da faixa = 32
Melhor altura = 612

Lower Bound 1 = 522
Lower Bound 2 = 32
Avaliação = 1.17241

Tempo de execução: 60.0072s

---------------------------

Largura da faixa = 32
Melhor altura = 610

Lower Bound 1 = 522
Lower Bound 2 = 32
Avaliação = 1.16858

Tempo de execução: 60.0087s

---------------------------

Largura da faixa = 32
Melhor altura = 604

Lower Bound 1 = 522
Lower Bound 2 = 32
Avaliação = 1.15709

Tempo de execução: 60.0297s

---------------------------

Largura da faixa = 32
Melhor altura = 610

Lower Bound 1 = 522
Lower Bound 2 = 32
Avaliação = 1.16858

Tempo de execução: 60.0467s

---------------------------

Largura da faixa = 32
Melhor altura = 611

Lower Bound 1 = 522
Lower Bound 2 = 32
Avaliação = 1.1705

Tempo de execução: 60.0368s

---------------------------

Largura da faixa = 32
Melhor altura = 620

Lower Bound 1 = 522
Lower Bound 2 = 32
Avaliação = 1.18774

Tempo de execução: 60.0478s

---------------------------

