Largura da faixa = 23
Melhor altura = 226

Lower Bound 1 = 203
Lower Bound 2 = 23
Avaliação = 1.1133

Tempo de execução: 60.0004s

---------------------------

Largura da faixa = 23
Melhor altura = 229

Lower Bound 1 = 203
Lower Bound 2 = 23
Avaliação = 1.12808

Tempo de execução: 60.0041s

---------------------------

Largura da faixa = 23
Melhor altura = 229

Lower Bound 1 = 203
Lower Bound 2 = 23
Avaliação = 1.12808

Tempo de execução: 60.0056s

---------------------------

Largura da faixa = 23
Melhor altura = 229

Lower Bound 1 = 203
Lower Bound 2 = 23
Avaliação = 1.12808

Tempo de execução: 60.0009s

---------------------------

Largura da faixa = 23
Melhor altura = 227

Lower Bound 1 = 203
Lower Bound 2 = 23
Avaliação = 1.11823

Tempo de execução: 60.0011s

---------------------------

Largura da faixa = 23
Melhor altura = 225

Lower Bound 1 = 203
Lower Bound 2 = 23
Avaliação = 1.10837

Tempo de execução: 60.001s

---------------------------

Largura da faixa = 23
Melhor altura = 228

Lower Bound 1 = 203
Lower Bound 2 = 23
Avaliação = 1.12315

Tempo de execução: 60.0003s

---------------------------

Largura da faixa = 23
Melhor altura = 229

Lower Bound 1 = 203
Lower Bound 2 = 23
Avaliação = 1.12808

Tempo de execução: 60.0009s

---------------------------

Largura da faixa = 23
Melhor altura = 228

Lower Bound 1 = 203
Lower Bound 2 = 23
Avaliação = 1.12315

Tempo de execução: 60.0049s

---------------------------

Largura da faixa = 23
Melhor altura = 229

Lower Bound 1 = 203
Lower Bound 2 = 23
Avaliação = 1.12808

Tempo de execução: 60.0009s

---------------------------

Largura da faixa = 23
Melhor altura = 225

Lower Bound 1 = 203
Lower Bound 2 = 23
Avaliação = 1.10837

Tempo de execução: 60.0019s

---------------------------

Largura da faixa = 23
Melhor altura = 229

Lower Bound 1 = 203
Lower Bound 2 = 23
Avaliação = 1.12808

Tempo de execução: 60.0008s

---------------------------

Largura da faixa = 23
Melhor altura = 228

Lower Bound 1 = 203
Lower Bound 2 = 23
Avaliação = 1.12315

Tempo de execução: 60.0002s

---------------------------

Largura da faixa = 23
Melhor altura = 230

Lower Bound 1 = 203
Lower Bound 2 = 23
Avaliação = 1.133

Tempo de execução: 60.0018s

---------------------------

Largura da faixa = 23
Melhor altura = 231

Lower Bound 1 = 203
Lower Bound 2 = 23
Avaliação = 1.13793

Tempo de execução: 60.004s

---------------------------

Largura da faixa = 23
Melhor altura = 229

Lower Bound 1 = 203
Lower Bound 2 = 23
Avaliação = 1.12808

Tempo de execução: 60s

---------------------------

Largura da faixa = 23
Melhor altura = 227

Lower Bound 1 = 203
Lower Bound 2 = 23
Avaliação = 1.11823

Tempo de execução: 60.0005s

---------------------------

Largura da faixa = 23
Melhor altura = 229

Lower Bound 1 = 203
Lower Bound 2 = 23
Avaliação = 1.12808

Tempo de execução: 60.0023s

---------------------------

Largura da faixa = 23
Melhor altura = 228

Lower Bound 1 = 203
Lower Bound 2 = 23
Avaliação = 1.12315

Tempo de execução: 60.0009s

---------------------------

Largura da faixa = 23
Melhor altura = 227

Lower Bound 1 = 203
Lower Bound 2 = 23
Avaliação = 1.11823

Tempo de execução: 60.0082s

---------------------------

