Largura da faixa = 24
Melhor altura = 430

Lower Bound 1 = 373
Lower Bound 2 = 24
Avaliação = 1.15282

Tempo de execução: 60s

---------------------------

Largura da faixa = 24
Melhor altura = 433

Lower Bound 1 = 373
Lower Bound 2 = 24
Avaliação = 1.16086

Tempo de execução: 60.0068s

---------------------------

Largura da faixa = 24
Melhor altura = 429

Lower Bound 1 = 373
Lower Bound 2 = 24
Avaliação = 1.15013

Tempo de execução: 60.0086s

---------------------------

Largura da faixa = 24
Melhor altura = 432

Lower Bound 1 = 373
Lower Bound 2 = 24
Avaliação = 1.15818

Tempo de execução: 60.001s

---------------------------

Largura da faixa = 24
Melhor altura = 434

Lower Bound 1 = 373
Lower Bound 2 = 24
Avaliação = 1.16354

Tempo de execução: 60.0028s

---------------------------

Largura da faixa = 24
Melhor altura = 432

Lower Bound 1 = 373
Lower Bound 2 = 24
Avaliação = 1.15818

Tempo de execução: 60.0107s

---------------------------

Largura da faixa = 24
Melhor altura = 431

Lower Bound 1 = 373
Lower Bound 2 = 24
Avaliação = 1.1555

Tempo de execução: 60.0008s

---------------------------

Largura da faixa = 24
Melhor altura = 430

Lower Bound 1 = 373
Lower Bound 2 = 24
Avaliação = 1.15282

Tempo de execução: 60.0044s

---------------------------

Largura da faixa = 24
Melhor altura = 428

Lower Bound 1 = 373
Lower Bound 2 = 24
Avaliação = 1.14745

Tempo de execução: 60.0065s

---------------------------

Largura da faixa = 24
Melhor altura = 431

Lower Bound 1 = 373
Lower Bound 2 = 24
Avaliação = 1.1555

Tempo de execução: 60.0012s

---------------------------

Largura da faixa = 24
Melhor altura = 430

Lower Bound 1 = 373
Lower Bound 2 = 24
Avaliação = 1.15282

Tempo de execução: 60.0021s

---------------------------

Largura da faixa = 24
Melhor altura = 431

Lower Bound 1 = 373
Lower Bound 2 = 24
Avaliação = 1.1555

Tempo de execução: 60.0096s

---------------------------

Largura da faixa = 24
Melhor altura = 427

Lower Bound 1 = 373
Lower Bound 2 = 24
Avaliação = 1.14477

Tempo de execução: 60.0027s

---------------------------

Largura da faixa = 24
Melhor altura = 432

Lower Bound 1 = 373
Lower Bound 2 = 24
Avaliação = 1.15818

Tempo de execução: 60.0116s

---------------------------

Largura da faixa = 24
Melhor altura = 431

Lower Bound 1 = 373
Lower Bound 2 = 24
Avaliação = 1.1555

Tempo de execução: 60.0123s

---------------------------

Largura da faixa = 24
Melhor altura = 433

Lower Bound 1 = 373
Lower Bound 2 = 24
Avaliação = 1.16086

Tempo de execução: 60.0012s

---------------------------

Largura da faixa = 24
Melhor altura = 432

Lower Bound 1 = 373
Lower Bound 2 = 24
Avaliação = 1.15818

Tempo de execução: 60.0012s

---------------------------

Largura da faixa = 24
Melhor altura = 434

Lower Bound 1 = 373
Lower Bound 2 = 24
Avaliação = 1.16354

Tempo de execução: 60.008s

---------------------------

Largura da faixa = 24
Melhor altura = 433

Lower Bound 1 = 373
Lower Bound 2 = 24
Avaliação = 1.16086

Tempo de execução: 60.0015s

---------------------------

Largura da faixa = 24
Melhor altura = 433

Lower Bound 1 = 373
Lower Bound 2 = 24
Avaliação = 1.16086

Tempo de execução: 60.0072s

---------------------------

