Largura da faixa = 1
Melhor altura = 199

Lower Bound 1 = 199
Lower Bound 2 = 199
Avaliação = 1

Tempo de execução: 60s

---------------------------

Largura da faixa = 1
Melhor altura = 199

Lower Bound 1 = 199
Lower Bound 2 = 199
Avaliação = 1

Tempo de execução: 60s

---------------------------

Largura da faixa = 1
Melhor altura = 199

Lower Bound 1 = 199
Lower Bound 2 = 199
Avaliação = 1

Tempo de execução: 60s

---------------------------

Largura da faixa = 1
Melhor altura = 199

Lower Bound 1 = 199
Lower Bound 2 = 199
Avaliação = 1

Tempo de execução: 60s

---------------------------

Largura da faixa = 1
Melhor altura = 199

Lower Bound 1 = 199
Lower Bound 2 = 199
Avaliação = 1

Tempo de execução: 60s

---------------------------

Largura da faixa = 1
Melhor altura = 199

Lower Bound 1 = 199
Lower Bound 2 = 199
Avaliação = 1

Tempo de execução: 60s

---------------------------

Largura da faixa = 1
Melhor altura = 199

Lower Bound 1 = 199
Lower Bound 2 = 199
Avaliação = 1

Tempo de execução: 60s

---------------------------

Largura da faixa = 1
Melhor altura = 199

Lower Bound 1 = 199
Lower Bound 2 = 199
Avaliação = 1

Tempo de execução: 60s

---------------------------

Largura da faixa = 1
Melhor altura = 199

Lower Bound 1 = 199
Lower Bound 2 = 199
Avaliação = 1

Tempo de execução: 60s

---------------------------

Largura da faixa = 1
Melhor altura = 199

Lower Bound 1 = 199
Lower Bound 2 = 199
Avaliação = 1

Tempo de execução: 60s

---------------------------

Largura da faixa = 1
Melhor altura = 199

Lower Bound 1 = 199
Lower Bound 2 = 199
Avaliação = 1

Tempo de execução: 60.0001s

---------------------------

Largura da faixa = 1
Melhor altura = 199

Lower Bound 1 = 199
Lower Bound 2 = 199
Avaliação = 1

Tempo de execução: 60s

---------------------------

Largura da faixa = 1
Melhor altura = 199

Lower Bound 1 = 199
Lower Bound 2 = 199
Avaliação = 1

Tempo de execução: 60s

---------------------------

Largura da faixa = 1
Melhor altura = 199

Lower Bound 1 = 199
Lower Bound 2 = 199
Avaliação = 1

Tempo de execução: 60s

---------------------------

Largura da faixa = 1
Melhor altura = 199

Lower Bound 1 = 199
Lower Bound 2 = 199
Avaliação = 1

Tempo de execução: 60s

---------------------------

Largura da faixa = 1
Melhor altura = 199

Lower Bound 1 = 199
Lower Bound 2 = 199
Avaliação = 1

Tempo de execução: 60.0001s

---------------------------

Largura da faixa = 1
Melhor altura = 199

Lower Bound 1 = 199
Lower Bound 2 = 199
Avaliação = 1

Tempo de execução: 60s

---------------------------

Largura da faixa = 1
Melhor altura = 199

Lower Bound 1 = 199
Lower Bound 2 = 199
Avaliação = 1

Tempo de execução: 60.0001s

---------------------------

Largura da faixa = 1
Melhor altura = 199

Lower Bound 1 = 199
Lower Bound 2 = 199
Avaliação = 1

Tempo de execução: 60s

---------------------------

Largura da faixa = 1
Melhor altura = 199

Lower Bound 1 = 199
Lower Bound 2 = 199
Avaliação = 1

Tempo de execução: 60s

---------------------------

