Largura da faixa = 29
Melhor altura = 115

Lower Bound 1 = 105
Lower Bound 2 = 29
Avaliação = 1.09524

Tempo de execução: 60.0004s

---------------------------

Largura da faixa = 29
Melhor altura = 117

Lower Bound 1 = 105
Lower Bound 2 = 29
Avaliação = 1.11429

Tempo de execução: 60.0004s

---------------------------

Largura da faixa = 29
Melhor altura = 116

Lower Bound 1 = 105
Lower Bound 2 = 29
Avaliação = 1.10476

Tempo de execução: 60.0008s

---------------------------

Largura da faixa = 29
Melhor altura = 116

Lower Bound 1 = 105
Lower Bound 2 = 29
Avaliação = 1.10476

Tempo de execução: 60.0007s

---------------------------

Largura da faixa = 29
Melhor altura = 117

Lower Bound 1 = 105
Lower Bound 2 = 29
Avaliação = 1.11429

Tempo de execução: 60.0008s

---------------------------

Largura da faixa = 29
Melhor altura = 116

Lower Bound 1 = 105
Lower Bound 2 = 29
Avaliação = 1.10476

Tempo de execução: 60.0012s

---------------------------

Largura da faixa = 29
Melhor altura = 116

Lower Bound 1 = 105
Lower Bound 2 = 29
Avaliação = 1.10476

Tempo de execução: 60.0003s

---------------------------

Largura da faixa = 29
Melhor altura = 117

Lower Bound 1 = 105
Lower Bound 2 = 29
Avaliação = 1.11429

Tempo de execução: 60.001s

---------------------------

Largura da faixa = 29
Melhor altura = 115

Lower Bound 1 = 105
Lower Bound 2 = 29
Avaliação = 1.09524

Tempo de execução: 60.0018s

---------------------------

Largura da faixa = 29
Melhor altura = 115

Lower Bound 1 = 105
Lower Bound 2 = 29
Avaliação = 1.09524

Tempo de execução: 60.0005s

---------------------------

Largura da faixa = 29
Melhor altura = 117

Lower Bound 1 = 105
Lower Bound 2 = 29
Avaliação = 1.11429

Tempo de execução: 60.0008s

---------------------------

Largura da faixa = 29
Melhor altura = 115

Lower Bound 1 = 105
Lower Bound 2 = 29
Avaliação = 1.09524

Tempo de execução: 60.0012s

---------------------------

Largura da faixa = 29
Melhor altura = 117

Lower Bound 1 = 105
Lower Bound 2 = 29
Avaliação = 1.11429

Tempo de execução: 60.0012s

---------------------------

Largura da faixa = 29
Melhor altura = 117

Lower Bound 1 = 105
Lower Bound 2 = 29
Avaliação = 1.11429

Tempo de execução: 60.0016s

---------------------------

Largura da faixa = 29
Melhor altura = 116

Lower Bound 1 = 105
Lower Bound 2 = 29
Avaliação = 1.10476

Tempo de execução: 60.0017s

---------------------------

Largura da faixa = 29
Melhor altura = 116

Lower Bound 1 = 105
Lower Bound 2 = 29
Avaliação = 1.10476

Tempo de execução: 60.0005s

---------------------------

Largura da faixa = 29
Melhor altura = 115

Lower Bound 1 = 105
Lower Bound 2 = 29
Avaliação = 1.09524

Tempo de execução: 60.0004s

---------------------------

Largura da faixa = 29
Melhor altura = 115

Lower Bound 1 = 105
Lower Bound 2 = 29
Avaliação = 1.09524

Tempo de execução: 60.0011s

---------------------------

Largura da faixa = 29
Melhor altura = 113

Lower Bound 1 = 105
Lower Bound 2 = 29
Avaliação = 1.07619

Tempo de execução: 60.0006s

---------------------------

Largura da faixa = 29
Melhor altura = 116

Lower Bound 1 = 105
Lower Bound 2 = 29
Avaliação = 1.10476

Tempo de execução: 60.0018s

---------------------------

