Largura da faixa = 32
Melhor altura = 383

Lower Bound 1 = 325
Lower Bound 2 = 32
Avaliação = 1.17846

Tempo de execução: 60.0005s

---------------------------

Largura da faixa = 32
Melhor altura = 387

Lower Bound 1 = 325
Lower Bound 2 = 32
Avaliação = 1.19077

Tempo de execução: 60.0004s

---------------------------

Largura da faixa = 32
Melhor altura = 388

Lower Bound 1 = 325
Lower Bound 2 = 32
Avaliação = 1.19385

Tempo de execução: 60.0199s

---------------------------

Largura da faixa = 32
Melhor altura = 382

Lower Bound 1 = 325
Lower Bound 2 = 32
Avaliação = 1.17538

Tempo de execução: 60.0068s

---------------------------

Largura da faixa = 32
Melhor altura = 389

Lower Bound 1 = 325
Lower Bound 2 = 32
Avaliação = 1.19692

Tempo de execução: 60.0243s

---------------------------

Largura da faixa = 32
Melhor altura = 387

Lower Bound 1 = 325
Lower Bound 2 = 32
Avaliação = 1.19077

Tempo de execução: 60.0192s

---------------------------

Largura da faixa = 32
Melhor altura = 386

Lower Bound 1 = 325
Lower Bound 2 = 32
Avaliação = 1.18769

Tempo de execução: 60.001s

---------------------------

Largura da faixa = 32
Melhor altura = 386

Lower Bound 1 = 325
Lower Bound 2 = 32
Avaliação = 1.18769

Tempo de execução: 60.0126s

---------------------------

Largura da faixa = 32
Melhor altura = 388

Lower Bound 1 = 325
Lower Bound 2 = 32
Avaliação = 1.19385

Tempo de execução: 60.012s

---------------------------

Largura da faixa = 32
Melhor altura = 387

Lower Bound 1 = 325
Lower Bound 2 = 32
Avaliação = 1.19077

Tempo de execução: 60.0037s

---------------------------

Largura da faixa = 32
Melhor altura = 384

Lower Bound 1 = 325
Lower Bound 2 = 32
Avaliação = 1.18154

Tempo de execução: 60.0016s

---------------------------

Largura da faixa = 32
Melhor altura = 387

Lower Bound 1 = 325
Lower Bound 2 = 32
Avaliação = 1.19077

Tempo de execução: 60.0059s

---------------------------

Largura da faixa = 32
Melhor altura = 386

Lower Bound 1 = 325
Lower Bound 2 = 32
Avaliação = 1.18769

Tempo de execução: 60.0026s

---------------------------

Largura da faixa = 32
Melhor altura = 380

Lower Bound 1 = 325
Lower Bound 2 = 32
Avaliação = 1.16923

Tempo de execução: 60.0034s

---------------------------

Largura da faixa = 32
Melhor altura = 384

Lower Bound 1 = 325
Lower Bound 2 = 32
Avaliação = 1.18154

Tempo de execução: 60.0086s

---------------------------

Largura da faixa = 32
Melhor altura = 381

Lower Bound 1 = 325
Lower Bound 2 = 32
Avaliação = 1.17231

Tempo de execução: 60.0073s

---------------------------

Largura da faixa = 32
Melhor altura = 384

Lower Bound 1 = 325
Lower Bound 2 = 32
Avaliação = 1.18154

Tempo de execução: 60.0147s

---------------------------

Largura da faixa = 32
Melhor altura = 389

Lower Bound 1 = 325
Lower Bound 2 = 32
Avaliação = 1.19692

Tempo de execução: 60.0137s

---------------------------

Largura da faixa = 32
Melhor altura = 383

Lower Bound 1 = 325
Lower Bound 2 = 32
Avaliação = 1.17846

Tempo de execução: 60s

---------------------------

Largura da faixa = 32
Melhor altura = 383

Lower Bound 1 = 325
Lower Bound 2 = 32
Avaliação = 1.17846

Tempo de execução: 60.0087s

---------------------------

