Largura da faixa = 24
Melhor altura = 429

Lower Bound 1 = 376
Lower Bound 2 = 24
Avaliação = 1.14096

Tempo de execução: 60.0011s

---------------------------

Largura da faixa = 24
Melhor altura = 439

Lower Bound 1 = 376
Lower Bound 2 = 24
Avaliação = 1.16755

Tempo de execução: 60.0001s

---------------------------

Largura da faixa = 24
Melhor altura = 434

Lower Bound 1 = 376
Lower Bound 2 = 24
Avaliação = 1.15426

Tempo de execução: 60.0244s

---------------------------

Largura da faixa = 24
Melhor altura = 438

Lower Bound 1 = 376
Lower Bound 2 = 24
Avaliação = 1.16489

Tempo de execução: 60.0078s

---------------------------

Largura da faixa = 24
Melhor altura = 435

Lower Bound 1 = 376
Lower Bound 2 = 24
Avaliação = 1.15691

Tempo de execução: 60.0095s

---------------------------

Largura da faixa = 24
Melhor altura = 437

Lower Bound 1 = 376
Lower Bound 2 = 24
Avaliação = 1.16223

Tempo de execução: 60.0125s

---------------------------

Largura da faixa = 24
Melhor altura = 431

Lower Bound 1 = 376
Lower Bound 2 = 24
Avaliação = 1.14628

Tempo de execução: 60.0047s

---------------------------

Largura da faixa = 24
Melhor altura = 436

Lower Bound 1 = 376
Lower Bound 2 = 24
Avaliação = 1.15957

Tempo de execução: 60.0131s

---------------------------

Largura da faixa = 24
Melhor altura = 431

Lower Bound 1 = 376
Lower Bound 2 = 24
Avaliação = 1.14628

Tempo de execução: 60.0116s

---------------------------

Largura da faixa = 24
Melhor altura = 436

Lower Bound 1 = 376
Lower Bound 2 = 24
Avaliação = 1.15957

Tempo de execução: 60.0053s

---------------------------

Largura da faixa = 24
Melhor altura = 436

Lower Bound 1 = 376
Lower Bound 2 = 24
Avaliação = 1.15957

Tempo de execução: 60.0172s

---------------------------

Largura da faixa = 24
Melhor altura = 435

Lower Bound 1 = 376
Lower Bound 2 = 24
Avaliação = 1.15691

Tempo de execução: 60.018s

---------------------------

Largura da faixa = 24
Melhor altura = 436

Lower Bound 1 = 376
Lower Bound 2 = 24
Avaliação = 1.15957

Tempo de execução: 60.003s

---------------------------

Largura da faixa = 24
Melhor altura = 437

Lower Bound 1 = 376
Lower Bound 2 = 24
Avaliação = 1.16223

Tempo de execução: 60.003s

---------------------------

Largura da faixa = 24
Melhor altura = 435

Lower Bound 1 = 376
Lower Bound 2 = 24
Avaliação = 1.15691

Tempo de execução: 60.0136s

---------------------------

Largura da faixa = 24
Melhor altura = 432

Lower Bound 1 = 376
Lower Bound 2 = 24
Avaliação = 1.14894

Tempo de execução: 60.0013s

---------------------------

Largura da faixa = 24
Melhor altura = 432

Lower Bound 1 = 376
Lower Bound 2 = 24
Avaliação = 1.14894

Tempo de execução: 60.0046s

---------------------------

Largura da faixa = 24
Melhor altura = 433

Lower Bound 1 = 376
Lower Bound 2 = 24
Avaliação = 1.1516

Tempo de execução: 60.0085s

---------------------------

Largura da faixa = 24
Melhor altura = 439

Lower Bound 1 = 376
Lower Bound 2 = 24
Avaliação = 1.16755

Tempo de execução: 60.0013s

---------------------------

Largura da faixa = 24
Melhor altura = 436

Lower Bound 1 = 376
Lower Bound 2 = 24
Avaliação = 1.15957

Tempo de execução: 60.0025s

---------------------------

