Largura da faixa = 24
Melhor altura = 158

Lower Bound 1 = 141
Lower Bound 2 = 24
Avaliação = 1.12057

Tempo de execução: 60.0001s

---------------------------

Largura da faixa = 24
Melhor altura = 159

Lower Bound 1 = 141
Lower Bound 2 = 24
Avaliação = 1.12766

Tempo de execução: 60.0007s

---------------------------

Largura da faixa = 24
Melhor altura = 161

Lower Bound 1 = 141
Lower Bound 2 = 24
Avaliação = 1.14184

Tempo de execução: 60.0034s

---------------------------

Largura da faixa = 24
Melhor altura = 158

Lower Bound 1 = 141
Lower Bound 2 = 24
Avaliação = 1.12057

Tempo de execução: 60.0014s

---------------------------

Largura da faixa = 24
Melhor altura = 158

Lower Bound 1 = 141
Lower Bound 2 = 24
Avaliação = 1.12057

Tempo de execução: 60.001s

---------------------------

Largura da faixa = 24
Melhor altura = 158

Lower Bound 1 = 141
Lower Bound 2 = 24
Avaliação = 1.12057

Tempo de execução: 60.004s

---------------------------

Largura da faixa = 24
Melhor altura = 160

Lower Bound 1 = 141
Lower Bound 2 = 24
Avaliação = 1.13475

Tempo de execução: 60.0006s

---------------------------

Largura da faixa = 24
Melhor altura = 158

Lower Bound 1 = 141
Lower Bound 2 = 24
Avaliação = 1.12057

Tempo de execução: 60.0004s

---------------------------

Largura da faixa = 24
Melhor altura = 158

Lower Bound 1 = 141
Lower Bound 2 = 24
Avaliação = 1.12057

Tempo de execução: 60.0025s

---------------------------

Largura da faixa = 24
Melhor altura = 158

Lower Bound 1 = 141
Lower Bound 2 = 24
Avaliação = 1.12057

Tempo de execução: 60.0008s

---------------------------

Largura da faixa = 24
Melhor altura = 158

Lower Bound 1 = 141
Lower Bound 2 = 24
Avaliação = 1.12057

Tempo de execução: 60.0013s

---------------------------

Largura da faixa = 24
Melhor altura = 158

Lower Bound 1 = 141
Lower Bound 2 = 24
Avaliação = 1.12057

Tempo de execução: 60.0039s

---------------------------

Largura da faixa = 24
Melhor altura = 155

Lower Bound 1 = 141
Lower Bound 2 = 24
Avaliação = 1.09929

Tempo de execução: 60.0004s

---------------------------

Largura da faixa = 24
Melhor altura = 157

Lower Bound 1 = 141
Lower Bound 2 = 24
Avaliação = 1.11348

Tempo de execução: 60.0018s

---------------------------

Largura da faixa = 24
Melhor altura = 159

Lower Bound 1 = 141
Lower Bound 2 = 24
Avaliação = 1.12766

Tempo de execução: 60.0009s

---------------------------

Largura da faixa = 24
Melhor altura = 155

Lower Bound 1 = 141
Lower Bound 2 = 24
Avaliação = 1.09929

Tempo de execução: 60.0007s

---------------------------

Largura da faixa = 24
Melhor altura = 159

Lower Bound 1 = 141
Lower Bound 2 = 24
Avaliação = 1.12766

Tempo de execução: 60.001s

---------------------------

Largura da faixa = 24
Melhor altura = 158

Lower Bound 1 = 141
Lower Bound 2 = 24
Avaliação = 1.12057

Tempo de execução: 60.0016s

---------------------------

Largura da faixa = 24
Melhor altura = 158

Lower Bound 1 = 141
Lower Bound 2 = 24
Avaliação = 1.12057

Tempo de execução: 60.0003s

---------------------------

Largura da faixa = 24
Melhor altura = 160

Lower Bound 1 = 141
Lower Bound 2 = 24
Avaliação = 1.13475

Tempo de execução: 60.0033s

---------------------------

