Largura da faixa = 1
Melhor altura = 35

Lower Bound 1 = 35
Lower Bound 2 = 35
Avaliação = 1

Tempo de execução: 60s

---------------------------

Largura da faixa = 1
Melhor altura = 35

Lower Bound 1 = 35
Lower Bound 2 = 35
Avaliação = 1

Tempo de execução: 60s

---------------------------

Largura da faixa = 1
Melhor altura = 35

Lower Bound 1 = 35
Lower Bound 2 = 35
Avaliação = 1

Tempo de execução: 60s

---------------------------

Largura da faixa = 1
Melhor altura = 35

Lower Bound 1 = 35
Lower Bound 2 = 35
Avaliação = 1

Tempo de execução: 60s

---------------------------

Largura da faixa = 1
Melhor altura = 35

Lower Bound 1 = 35
Lower Bound 2 = 35
Avaliação = 1

Tempo de execução: 60s

---------------------------

Largura da faixa = 1
Melhor altura = 35

Lower Bound 1 = 35
Lower Bound 2 = 35
Avaliação = 1

Tempo de execução: 60s

---------------------------

Largura da faixa = 1
Melhor altura = 35

Lower Bound 1 = 35
Lower Bound 2 = 35
Avaliação = 1

Tempo de execução: 60s

---------------------------

Largura da faixa = 1
Melhor altura = 35

Lower Bound 1 = 35
Lower Bound 2 = 35
Avaliação = 1

Tempo de execução: 60s

---------------------------

Largura da faixa = 1
Melhor altura = 35

Lower Bound 1 = 35
Lower Bound 2 = 35
Avaliação = 1

Tempo de execução: 60s

---------------------------

Largura da faixa = 1
Melhor altura = 35

Lower Bound 1 = 35
Lower Bound 2 = 35
Avaliação = 1

Tempo de execução: 60s

---------------------------

Largura da faixa = 1
Melhor altura = 35

Lower Bound 1 = 35
Lower Bound 2 = 35
Avaliação = 1

Tempo de execução: 60s

---------------------------

Largura da faixa = 1
Melhor altura = 35

Lower Bound 1 = 35
Lower Bound 2 = 35
Avaliação = 1

Tempo de execução: 60s

---------------------------

Largura da faixa = 1
Melhor altura = 35

Lower Bound 1 = 35
Lower Bound 2 = 35
Avaliação = 1

Tempo de execução: 60s

---------------------------

Largura da faixa = 1
Melhor altura = 35

Lower Bound 1 = 35
Lower Bound 2 = 35
Avaliação = 1

Tempo de execução: 60s

---------------------------

Largura da faixa = 1
Melhor altura = 35

Lower Bound 1 = 35
Lower Bound 2 = 35
Avaliação = 1

Tempo de execução: 60s

---------------------------

Largura da faixa = 1
Melhor altura = 35

Lower Bound 1 = 35
Lower Bound 2 = 35
Avaliação = 1

Tempo de execução: 60s

---------------------------

Largura da faixa = 1
Melhor altura = 35

Lower Bound 1 = 35
Lower Bound 2 = 35
Avaliação = 1

Tempo de execução: 60s

---------------------------

Largura da faixa = 1
Melhor altura = 35

Lower Bound 1 = 35
Lower Bound 2 = 35
Avaliação = 1

Tempo de execução: 60s

---------------------------

Largura da faixa = 1
Melhor altura = 35

Lower Bound 1 = 35
Lower Bound 2 = 35
Avaliação = 1

Tempo de execução: 60s

---------------------------

Largura da faixa = 1
Melhor altura = 35

Lower Bound 1 = 35
Lower Bound 2 = 35
Avaliação = 1

Tempo de execução: 60s

---------------------------

