Largura da faixa = 36
Melhor altura = 471

Lower Bound 1 = 387
Lower Bound 2 = 36
Avaliação = 1.21705

Tempo de execução: 60.0012s

---------------------------

Largura da faixa = 36
Melhor altura = 474

Lower Bound 1 = 387
Lower Bound 2 = 36
Avaliação = 1.22481

Tempo de execução: 60.0083s

---------------------------

Largura da faixa = 36
Melhor altura = 479

Lower Bound 1 = 387
Lower Bound 2 = 36
Avaliação = 1.23773

Tempo de execução: 60.0271s

---------------------------

Largura da faixa = 36
Melhor altura = 479

Lower Bound 1 = 387
Lower Bound 2 = 36
Avaliação = 1.23773

Tempo de execução: 60.0007s

---------------------------

Largura da faixa = 36
Melhor altura = 478

Lower Bound 1 = 387
Lower Bound 2 = 36
Avaliação = 1.23514

Tempo de execução: 60.0076s

---------------------------

Largura da faixa = 36
Melhor altura = 468

Lower Bound 1 = 387
Lower Bound 2 = 36
Avaliação = 1.2093

Tempo de execução: 60.0042s

---------------------------

Largura da faixa = 36
Melhor altura = 471

Lower Bound 1 = 387
Lower Bound 2 = 36
Avaliação = 1.21705

Tempo de execução: 60.0028s

---------------------------

Largura da faixa = 36
Melhor altura = 475

Lower Bound 1 = 387
Lower Bound 2 = 36
Avaliação = 1.22739

Tempo de execução: 60.0098s

---------------------------

Largura da faixa = 36
Melhor altura = 477

Lower Bound 1 = 387
Lower Bound 2 = 36
Avaliação = 1.23256

Tempo de execução: 60.0085s

---------------------------

Largura da faixa = 36
Melhor altura = 474

Lower Bound 1 = 387
Lower Bound 2 = 36
Avaliação = 1.22481

Tempo de execução: 60.0064s

---------------------------

Largura da faixa = 36
Melhor altura = 473

Lower Bound 1 = 387
Lower Bound 2 = 36
Avaliação = 1.22222

Tempo de execução: 60.0081s

---------------------------

Largura da faixa = 36
Melhor altura = 469

Lower Bound 1 = 387
Lower Bound 2 = 36
Avaliação = 1.21189

Tempo de execução: 60.0213s

---------------------------

Largura da faixa = 36
Melhor altura = 472

Lower Bound 1 = 387
Lower Bound 2 = 36
Avaliação = 1.21964

Tempo de execução: 60.0089s

---------------------------

Largura da faixa = 36
Melhor altura = 470

Lower Bound 1 = 387
Lower Bound 2 = 36
Avaliação = 1.21447

Tempo de execução: 60.0079s

---------------------------

Largura da faixa = 36
Melhor altura = 477

Lower Bound 1 = 387
Lower Bound 2 = 36
Avaliação = 1.23256

Tempo de execução: 60.0109s

---------------------------

Largura da faixa = 36
Melhor altura = 469

Lower Bound 1 = 387
Lower Bound 2 = 36
Avaliação = 1.21189

Tempo de execução: 60.0035s

---------------------------

Largura da faixa = 36
Melhor altura = 466

Lower Bound 1 = 387
Lower Bound 2 = 36
Avaliação = 1.20413

Tempo de execução: 60.0121s

---------------------------

Largura da faixa = 36
Melhor altura = 473

Lower Bound 1 = 387
Lower Bound 2 = 36
Avaliação = 1.22222

Tempo de execução: 60.0175s

---------------------------

Largura da faixa = 36
Melhor altura = 472

Lower Bound 1 = 387
Lower Bound 2 = 36
Avaliação = 1.21964

Tempo de execução: 60.0071s

---------------------------

Largura da faixa = 36
Melhor altura = 470

Lower Bound 1 = 387
Lower Bound 2 = 36
Avaliação = 1.21447

Tempo de execução: 60.0075s

---------------------------

