Largura da faixa = 31
Melhor altura = 399

Lower Bound 1 = 337
Lower Bound 2 = 31
Avaliação = 1.18398

Tempo de execução: 60.0032s

---------------------------

Largura da faixa = 31
Melhor altura = 399

Lower Bound 1 = 337
Lower Bound 2 = 31
Avaliação = 1.18398

Tempo de execução: 60.0057s

---------------------------

Largura da faixa = 31
Melhor altura = 398

Lower Bound 1 = 337
Lower Bound 2 = 31
Avaliação = 1.18101

Tempo de execução: 60.0099s

---------------------------

Largura da faixa = 31
Melhor altura = 395

Lower Bound 1 = 337
Lower Bound 2 = 31
Avaliação = 1.17211

Tempo de execução: 60.0023s

---------------------------

Largura da faixa = 31
Melhor altura = 400

Lower Bound 1 = 337
Lower Bound 2 = 31
Avaliação = 1.18694

Tempo de execução: 60.0051s

---------------------------

Largura da faixa = 31
Melhor altura = 394

Lower Bound 1 = 337
Lower Bound 2 = 31
Avaliação = 1.16914

Tempo de execução: 60.0115s

---------------------------

Largura da faixa = 31
Melhor altura = 400

Lower Bound 1 = 337
Lower Bound 2 = 31
Avaliação = 1.18694

Tempo de execução: 60.0011s

---------------------------

Largura da faixa = 31
Melhor altura = 401

Lower Bound 1 = 337
Lower Bound 2 = 31
Avaliação = 1.18991

Tempo de execução: 60.0069s

---------------------------

Largura da faixa = 31
Melhor altura = 398

Lower Bound 1 = 337
Lower Bound 2 = 31
Avaliação = 1.18101

Tempo de execução: 60.015s

---------------------------

Largura da faixa = 31
Melhor altura = 406

Lower Bound 1 = 337
Lower Bound 2 = 31
Avaliação = 1.20475

Tempo de execução: 60.005s

---------------------------

Largura da faixa = 31
Melhor altura = 397

Lower Bound 1 = 337
Lower Bound 2 = 31
Avaliação = 1.17804

Tempo de execução: 60.0057s

---------------------------

Largura da faixa = 31
Melhor altura = 397

Lower Bound 1 = 337
Lower Bound 2 = 31
Avaliação = 1.17804

Tempo de execução: 60.0124s

---------------------------

Largura da faixa = 31
Melhor altura = 401

Lower Bound 1 = 337
Lower Bound 2 = 31
Avaliação = 1.18991

Tempo de execução: 60.0026s

---------------------------

Largura da faixa = 31
Melhor altura = 399

Lower Bound 1 = 337
Lower Bound 2 = 31
Avaliação = 1.18398

Tempo de execução: 60.0018s

---------------------------

Largura da faixa = 31
Melhor altura = 396

Lower Bound 1 = 337
Lower Bound 2 = 31
Avaliação = 1.17507

Tempo de execução: 60.0127s

---------------------------

Largura da faixa = 31
Melhor altura = 400

Lower Bound 1 = 337
Lower Bound 2 = 31
Avaliação = 1.18694

Tempo de execução: 60.0027s

---------------------------

Largura da faixa = 31
Melhor altura = 399

Lower Bound 1 = 337
Lower Bound 2 = 31
Avaliação = 1.18398

Tempo de execução: 60.0058s

---------------------------

Largura da faixa = 31
Melhor altura = 390

Lower Bound 1 = 337
Lower Bound 2 = 31
Avaliação = 1.15727

Tempo de execução: 60.0121s

---------------------------

Largura da faixa = 31
Melhor altura = 400

Lower Bound 1 = 337
Lower Bound 2 = 31
Avaliação = 1.18694

Tempo de execução: 60.0026s

---------------------------

Largura da faixa = 31
Melhor altura = 400

Lower Bound 1 = 337
Lower Bound 2 = 31
Avaliação = 1.18694

Tempo de execução: 60.0095s

---------------------------

