Largura da faixa = 31
Melhor altura = 125

Lower Bound 1 = 114
Lower Bound 2 = 31
Avaliação = 1.09649

Tempo de execução: 60.0001s

---------------------------

Largura da faixa = 31
Melhor altura = 126

Lower Bound 1 = 114
Lower Bound 2 = 31
Avaliação = 1.10526

Tempo de execução: 60.0004s

---------------------------

Largura da faixa = 31
Melhor altura = 126

Lower Bound 1 = 114
Lower Bound 2 = 31
Avaliação = 1.10526

Tempo de execução: 60.0005s

---------------------------

Largura da faixa = 31
Melhor altura = 126

Lower Bound 1 = 114
Lower Bound 2 = 31
Avaliação = 1.10526

Tempo de execução: 60.0009s

---------------------------

Largura da faixa = 31
Melhor altura = 125

Lower Bound 1 = 114
Lower Bound 2 = 31
Avaliação = 1.09649

Tempo de execução: 60.0006s

---------------------------

Largura da faixa = 31
Melhor altura = 126

Lower Bound 1 = 114
Lower Bound 2 = 31
Avaliação = 1.10526

Tempo de execução: 60.0015s

---------------------------

Largura da faixa = 31
Melhor altura = 126

Lower Bound 1 = 114
Lower Bound 2 = 31
Avaliação = 1.10526

Tempo de execução: 60s

---------------------------

Largura da faixa = 31
Melhor altura = 127

Lower Bound 1 = 114
Lower Bound 2 = 31
Avaliação = 1.11404

Tempo de execução: 60.0003s

---------------------------

Largura da faixa = 31
Melhor altura = 126

Lower Bound 1 = 114
Lower Bound 2 = 31
Avaliação = 1.10526

Tempo de execução: 60.001s

---------------------------

Largura da faixa = 31
Melhor altura = 127

Lower Bound 1 = 114
Lower Bound 2 = 31
Avaliação = 1.11404

Tempo de execução: 60.0002s

---------------------------

Largura da faixa = 31
Melhor altura = 125

Lower Bound 1 = 114
Lower Bound 2 = 31
Avaliação = 1.09649

Tempo de execução: 60s

---------------------------

Largura da faixa = 31
Melhor altura = 126

Lower Bound 1 = 114
Lower Bound 2 = 31
Avaliação = 1.10526

Tempo de execução: 60.0001s

---------------------------

Largura da faixa = 31
Melhor altura = 124

Lower Bound 1 = 114
Lower Bound 2 = 31
Avaliação = 1.08772

Tempo de execução: 60.0013s

---------------------------

Largura da faixa = 31
Melhor altura = 125

Lower Bound 1 = 114
Lower Bound 2 = 31
Avaliação = 1.09649

Tempo de execução: 60.0008s

---------------------------

Largura da faixa = 31
Melhor altura = 126

Lower Bound 1 = 114
Lower Bound 2 = 31
Avaliação = 1.10526

Tempo de execução: 60.0012s

---------------------------

Largura da faixa = 31
Melhor altura = 126

Lower Bound 1 = 114
Lower Bound 2 = 31
Avaliação = 1.10526

Tempo de execução: 60.0003s

---------------------------

Largura da faixa = 31
Melhor altura = 124

Lower Bound 1 = 114
Lower Bound 2 = 31
Avaliação = 1.08772

Tempo de execução: 60s

---------------------------

Largura da faixa = 31
Melhor altura = 124

Lower Bound 1 = 114
Lower Bound 2 = 31
Avaliação = 1.08772

Tempo de execução: 60.0008s

---------------------------

Largura da faixa = 31
Melhor altura = 126

Lower Bound 1 = 114
Lower Bound 2 = 31
Avaliação = 1.10526

Tempo de execução: 60.0002s

---------------------------

Largura da faixa = 31
Melhor altura = 127

Lower Bound 1 = 114
Lower Bound 2 = 31
Avaliação = 1.11404

Tempo de execução: 60.0005s

---------------------------

