Largura da faixa = 1
Melhor altura = 22

Lower Bound 1 = 22
Lower Bound 2 = 22
Avaliação = 1

Tempo de execução: 60s

---------------------------

Largura da faixa = 1
Melhor altura = 22

Lower Bound 1 = 22
Lower Bound 2 = 22
Avaliação = 1

Tempo de execução: 60s

---------------------------

Largura da faixa = 1
Melhor altura = 22

Lower Bound 1 = 22
Lower Bound 2 = 22
Avaliação = 1

Tempo de execução: 60s

---------------------------

Largura da faixa = 1
Melhor altura = 22

Lower Bound 1 = 22
Lower Bound 2 = 22
Avaliação = 1

Tempo de execução: 60s

---------------------------

Largura da faixa = 1
Melhor altura = 22

Lower Bound 1 = 22
Lower Bound 2 = 22
Avaliação = 1

Tempo de execução: 60s

---------------------------

Largura da faixa = 1
Melhor altura = 22

Lower Bound 1 = 22
Lower Bound 2 = 22
Avaliação = 1

Tempo de execução: 60s

---------------------------

Largura da faixa = 1
Melhor altura = 22

Lower Bound 1 = 22
Lower Bound 2 = 22
Avaliação = 1

Tempo de execução: 60s

---------------------------

Largura da faixa = 1
Melhor altura = 22

Lower Bound 1 = 22
Lower Bound 2 = 22
Avaliação = 1

Tempo de execução: 60s

---------------------------

Largura da faixa = 1
Melhor altura = 22

Lower Bound 1 = 22
Lower Bound 2 = 22
Avaliação = 1

Tempo de execução: 60s

---------------------------

Largura da faixa = 1
Melhor altura = 22

Lower Bound 1 = 22
Lower Bound 2 = 22
Avaliação = 1

Tempo de execução: 60s

---------------------------

Largura da faixa = 1
Melhor altura = 22

Lower Bound 1 = 22
Lower Bound 2 = 22
Avaliação = 1

Tempo de execução: 60s

---------------------------

Largura da faixa = 1
Melhor altura = 22

Lower Bound 1 = 22
Lower Bound 2 = 22
Avaliação = 1

Tempo de execução: 60s

---------------------------

Largura da faixa = 1
Melhor altura = 22

Lower Bound 1 = 22
Lower Bound 2 = 22
Avaliação = 1

Tempo de execução: 60s

---------------------------

Largura da faixa = 1
Melhor altura = 22

Lower Bound 1 = 22
Lower Bound 2 = 22
Avaliação = 1

Tempo de execução: 60s

---------------------------

Largura da faixa = 1
Melhor altura = 22

Lower Bound 1 = 22
Lower Bound 2 = 22
Avaliação = 1

Tempo de execução: 60s

---------------------------

Largura da faixa = 1
Melhor altura = 22

Lower Bound 1 = 22
Lower Bound 2 = 22
Avaliação = 1

Tempo de execução: 60s

---------------------------

Largura da faixa = 1
Melhor altura = 22

Lower Bound 1 = 22
Lower Bound 2 = 22
Avaliação = 1

Tempo de execução: 60s

---------------------------

Largura da faixa = 1
Melhor altura = 22

Lower Bound 1 = 22
Lower Bound 2 = 22
Avaliação = 1

Tempo de execução: 60s

---------------------------

Largura da faixa = 1
Melhor altura = 22

Lower Bound 1 = 22
Lower Bound 2 = 22
Avaliação = 1

Tempo de execução: 60s

---------------------------

Largura da faixa = 1
Melhor altura = 22

Lower Bound 1 = 22
Lower Bound 2 = 22
Avaliação = 1

Tempo de execução: 60s

---------------------------

