Largura da faixa = 30
Melhor altura = 103

Lower Bound 1 = 92
Lower Bound 2 = 30
Avaliação = 1.11957

Tempo de execução: 60.0002s

---------------------------

Largura da faixa = 30
Melhor altura = 103

Lower Bound 1 = 92
Lower Bound 2 = 30
Avaliação = 1.11957

Tempo de execução: 60.0004s

---------------------------

Largura da faixa = 30
Melhor altura = 103

Lower Bound 1 = 92
Lower Bound 2 = 30
Avaliação = 1.11957

Tempo de execução: 60.0004s

---------------------------

Largura da faixa = 30
Melhor altura = 102

Lower Bound 1 = 92
Lower Bound 2 = 30
Avaliação = 1.1087

Tempo de execução: 60.0003s

---------------------------

Largura da faixa = 30
Melhor altura = 101

Lower Bound 1 = 92
Lower Bound 2 = 30
Avaliação = 1.09783

Tempo de execução: 60.0002s

---------------------------

Largura da faixa = 30
Melhor altura = 103

Lower Bound 1 = 92
Lower Bound 2 = 30
Avaliação = 1.11957

Tempo de execução: 60.0002s

---------------------------

Largura da faixa = 30
Melhor altura = 103

Lower Bound 1 = 92
Lower Bound 2 = 30
Avaliação = 1.11957

Tempo de execução: 60.0001s

---------------------------

Largura da faixa = 30
Melhor altura = 103

Lower Bound 1 = 92
Lower Bound 2 = 30
Avaliação = 1.11957

Tempo de execução: 60.0002s

---------------------------

Largura da faixa = 30
Melhor altura = 102

Lower Bound 1 = 92
Lower Bound 2 = 30
Avaliação = 1.1087

Tempo de execução: 60.0018s

---------------------------

Largura da faixa = 30
Melhor altura = 104

Lower Bound 1 = 92
Lower Bound 2 = 30
Avaliação = 1.13043

Tempo de execução: 60.0006s

---------------------------

Largura da faixa = 30
Melhor altura = 105

Lower Bound 1 = 92
Lower Bound 2 = 30
Avaliação = 1.1413

Tempo de execução: 60.0001s

---------------------------

Largura da faixa = 30
Melhor altura = 103

Lower Bound 1 = 92
Lower Bound 2 = 30
Avaliação = 1.11957

Tempo de execução: 60.0011s

---------------------------

Largura da faixa = 30
Melhor altura = 102

Lower Bound 1 = 92
Lower Bound 2 = 30
Avaliação = 1.1087

Tempo de execução: 60s

---------------------------

Largura da faixa = 30
Melhor altura = 104

Lower Bound 1 = 92
Lower Bound 2 = 30
Avaliação = 1.13043

Tempo de execução: 60s

---------------------------

Largura da faixa = 30
Melhor altura = 102

Lower Bound 1 = 92
Lower Bound 2 = 30
Avaliação = 1.1087

Tempo de execução: 60.0002s

---------------------------

Largura da faixa = 30
Melhor altura = 103

Lower Bound 1 = 92
Lower Bound 2 = 30
Avaliação = 1.11957

Tempo de execução: 60.0003s

---------------------------

Largura da faixa = 30
Melhor altura = 101

Lower Bound 1 = 92
Lower Bound 2 = 30
Avaliação = 1.09783

Tempo de execução: 60.0007s

---------------------------

Largura da faixa = 30
Melhor altura = 103

Lower Bound 1 = 92
Lower Bound 2 = 30
Avaliação = 1.11957

Tempo de execução: 60.0015s

---------------------------

Largura da faixa = 30
Melhor altura = 103

Lower Bound 1 = 92
Lower Bound 2 = 30
Avaliação = 1.11957

Tempo de execução: 60.0001s

---------------------------

Largura da faixa = 30
Melhor altura = 102

Lower Bound 1 = 92
Lower Bound 2 = 30
Avaliação = 1.1087

Tempo de execução: 60.0007s

---------------------------

