Largura da faixa = 32
Melhor altura = 80

Lower Bound 1 = 73
Lower Bound 2 = 32
Avaliação = 1.09589

Tempo de execução: 60.0001s

---------------------------

Largura da faixa = 32
Melhor altura = 82

Lower Bound 1 = 73
Lower Bound 2 = 32
Avaliação = 1.12329

Tempo de execução: 60.0005s

---------------------------

Largura da faixa = 32
Melhor altura = 80

Lower Bound 1 = 73
Lower Bound 2 = 32
Avaliação = 1.09589

Tempo de execução: 60.0008s

---------------------------

Largura da faixa = 32
Melhor altura = 80

Lower Bound 1 = 73
Lower Bound 2 = 32
Avaliação = 1.09589

Tempo de execução: 60s

---------------------------

Largura da faixa = 32
Melhor altura = 81

Lower Bound 1 = 73
Lower Bound 2 = 32
Avaliação = 1.10959

Tempo de execução: 60.0002s

---------------------------

Largura da faixa = 32
Melhor altura = 80

Lower Bound 1 = 73
Lower Bound 2 = 32
Avaliação = 1.09589

Tempo de execução: 60.0003s

---------------------------

Largura da faixa = 32
Melhor altura = 80

Lower Bound 1 = 73
Lower Bound 2 = 32
Avaliação = 1.09589

Tempo de execução: 60.0001s

---------------------------

Largura da faixa = 32
Melhor altura = 80

Lower Bound 1 = 73
Lower Bound 2 = 32
Avaliação = 1.09589

Tempo de execução: 60.0005s

---------------------------

Largura da faixa = 32
Melhor altura = 81

Lower Bound 1 = 73
Lower Bound 2 = 32
Avaliação = 1.10959

Tempo de execução: 60.0001s

---------------------------

Largura da faixa = 32
Melhor altura = 82

Lower Bound 1 = 73
Lower Bound 2 = 32
Avaliação = 1.12329

Tempo de execução: 60s

---------------------------

Largura da faixa = 32
Melhor altura = 80

Lower Bound 1 = 73
Lower Bound 2 = 32
Avaliação = 1.09589

Tempo de execução: 60.0003s

---------------------------

Largura da faixa = 32
Melhor altura = 80

Lower Bound 1 = 73
Lower Bound 2 = 32
Avaliação = 1.09589

Tempo de execução: 60.0009s

---------------------------

Largura da faixa = 32
Melhor altura = 80

Lower Bound 1 = 73
Lower Bound 2 = 32
Avaliação = 1.09589

Tempo de execução: 60.0005s

---------------------------

Largura da faixa = 32
Melhor altura = 80

Lower Bound 1 = 73
Lower Bound 2 = 32
Avaliação = 1.09589

Tempo de execução: 60.0003s

---------------------------

Largura da faixa = 32
Melhor altura = 80

Lower Bound 1 = 73
Lower Bound 2 = 32
Avaliação = 1.09589

Tempo de execução: 60.0013s

---------------------------

Largura da faixa = 32
Melhor altura = 81

Lower Bound 1 = 73
Lower Bound 2 = 32
Avaliação = 1.10959

Tempo de execução: 60.0001s

---------------------------

Largura da faixa = 32
Melhor altura = 80

Lower Bound 1 = 73
Lower Bound 2 = 32
Avaliação = 1.09589

Tempo de execução: 60.0002s

---------------------------

Largura da faixa = 32
Melhor altura = 80

Lower Bound 1 = 73
Lower Bound 2 = 32
Avaliação = 1.09589

Tempo de execução: 60.0005s

---------------------------

Largura da faixa = 32
Melhor altura = 82

Lower Bound 1 = 73
Lower Bound 2 = 32
Avaliação = 1.12329

Tempo de execução: 60.0001s

---------------------------

Largura da faixa = 32
Melhor altura = 82

Lower Bound 1 = 73
Lower Bound 2 = 32
Avaliação = 1.12329

Tempo de execução: 60.0007s

---------------------------

