Largura da faixa = 30
Melhor altura = 233

Lower Bound 1 = 200
Lower Bound 2 = 30
Avaliação = 1.165

Tempo de execução: 60.0017s

---------------------------

Largura da faixa = 30
Melhor altura = 232

Lower Bound 1 = 200
Lower Bound 2 = 30
Avaliação = 1.16

Tempo de execução: 60.0023s

---------------------------

Largura da faixa = 30
Melhor altura = 229

Lower Bound 1 = 200
Lower Bound 2 = 30
Avaliação = 1.145

Tempo de execução: 60.0014s

---------------------------

Largura da faixa = 30
Melhor altura = 233

Lower Bound 1 = 200
Lower Bound 2 = 30
Avaliação = 1.165

Tempo de execução: 60s

---------------------------

Largura da faixa = 30
Melhor altura = 232

Lower Bound 1 = 200
Lower Bound 2 = 30
Avaliação = 1.16

Tempo de execução: 60.0037s

---------------------------

Largura da faixa = 30
Melhor altura = 233

Lower Bound 1 = 200
Lower Bound 2 = 30
Avaliação = 1.165

Tempo de execução: 60.0059s

---------------------------

Largura da faixa = 30
Melhor altura = 233

Lower Bound 1 = 200
Lower Bound 2 = 30
Avaliação = 1.165

Tempo de execução: 60.0031s

---------------------------

Largura da faixa = 30
Melhor altura = 229

Lower Bound 1 = 200
Lower Bound 2 = 30
Avaliação = 1.145

Tempo de execução: 60.0036s

---------------------------

Largura da faixa = 30
Melhor altura = 233

Lower Bound 1 = 200
Lower Bound 2 = 30
Avaliação = 1.165

Tempo de execução: 60.0058s

---------------------------

Largura da faixa = 30
Melhor altura = 229

Lower Bound 1 = 200
Lower Bound 2 = 30
Avaliação = 1.145

Tempo de execução: 60.0009s

---------------------------

Largura da faixa = 30
Melhor altura = 234

Lower Bound 1 = 200
Lower Bound 2 = 30
Avaliação = 1.17

Tempo de execução: 60.0031s

---------------------------

Largura da faixa = 30
Melhor altura = 230

Lower Bound 1 = 200
Lower Bound 2 = 30
Avaliação = 1.15

Tempo de execução: 60.0086s

---------------------------

Largura da faixa = 30
Melhor altura = 231

Lower Bound 1 = 200
Lower Bound 2 = 30
Avaliação = 1.155

Tempo de execução: 60.0002s

---------------------------

Largura da faixa = 30
Melhor altura = 232

Lower Bound 1 = 200
Lower Bound 2 = 30
Avaliação = 1.16

Tempo de execução: 60.0002s

---------------------------

Largura da faixa = 30
Melhor altura = 235

Lower Bound 1 = 200
Lower Bound 2 = 30
Avaliação = 1.175

Tempo de execução: 60.0037s

---------------------------

Largura da faixa = 30
Melhor altura = 231

Lower Bound 1 = 200
Lower Bound 2 = 30
Avaliação = 1.155

Tempo de execução: 60.0026s

---------------------------

Largura da faixa = 30
Melhor altura = 231

Lower Bound 1 = 200
Lower Bound 2 = 30
Avaliação = 1.155

Tempo de execução: 60.0017s

---------------------------

Largura da faixa = 30
Melhor altura = 231

Lower Bound 1 = 200
Lower Bound 2 = 30
Avaliação = 1.155

Tempo de execução: 60.0014s

---------------------------

Largura da faixa = 30
Melhor altura = 232

Lower Bound 1 = 200
Lower Bound 2 = 30
Avaliação = 1.16

Tempo de execução: 60.0028s

---------------------------

Largura da faixa = 30
Melhor altura = 235

Lower Bound 1 = 200
Lower Bound 2 = 30
Avaliação = 1.175

Tempo de execução: 60.0033s

---------------------------

