Largura da faixa = 32
Melhor altura = 85

Lower Bound 1 = 77
Lower Bound 2 = 32
Avaliação = 1.1039

Tempo de execução: 60.0013s

---------------------------

Largura da faixa = 32
Melhor altura = 86

Lower Bound 1 = 77
Lower Bound 2 = 32
Avaliação = 1.11688

Tempo de execução: 60.0014s

---------------------------

Largura da faixa = 32
Melhor altura = 85

Lower Bound 1 = 77
Lower Bound 2 = 32
Avaliação = 1.1039

Tempo de execução: 60.0015s

---------------------------

Largura da faixa = 32
Melhor altura = 86

Lower Bound 1 = 77
Lower Bound 2 = 32
Avaliação = 1.11688

Tempo de execução: 60.0007s

---------------------------

Largura da faixa = 32
Melhor altura = 85

Lower Bound 1 = 77
Lower Bound 2 = 32
Avaliação = 1.1039

Tempo de execução: 60.0011s

---------------------------

Largura da faixa = 32
Melhor altura = 86

Lower Bound 1 = 77
Lower Bound 2 = 32
Avaliação = 1.11688

Tempo de execução: 60.0012s

---------------------------

Largura da faixa = 32
Melhor altura = 86

Lower Bound 1 = 77
Lower Bound 2 = 32
Avaliação = 1.11688

Tempo de execução: 60.0001s

---------------------------

Largura da faixa = 32
Melhor altura = 86

Lower Bound 1 = 77
Lower Bound 2 = 32
Avaliação = 1.11688

Tempo de execução: 60.0003s

---------------------------

Largura da faixa = 32
Melhor altura = 86

Lower Bound 1 = 77
Lower Bound 2 = 32
Avaliação = 1.11688

Tempo de execução: 60.0005s

---------------------------

Largura da faixa = 32
Melhor altura = 85

Lower Bound 1 = 77
Lower Bound 2 = 32
Avaliação = 1.1039

Tempo de execução: 60.0005s

---------------------------

Largura da faixa = 32
Melhor altura = 85

Lower Bound 1 = 77
Lower Bound 2 = 32
Avaliação = 1.1039

Tempo de execução: 60.0008s

---------------------------

Largura da faixa = 32
Melhor altura = 85

Lower Bound 1 = 77
Lower Bound 2 = 32
Avaliação = 1.1039

Tempo de execução: 60.0018s

---------------------------

Largura da faixa = 32
Melhor altura = 86

Lower Bound 1 = 77
Lower Bound 2 = 32
Avaliação = 1.11688

Tempo de execução: 60.0004s

---------------------------

Largura da faixa = 32
Melhor altura = 86

Lower Bound 1 = 77
Lower Bound 2 = 32
Avaliação = 1.11688

Tempo de execução: 60.0011s

---------------------------

Largura da faixa = 32
Melhor altura = 85

Lower Bound 1 = 77
Lower Bound 2 = 32
Avaliação = 1.1039

Tempo de execução: 60.0006s

---------------------------

Largura da faixa = 32
Melhor altura = 86

Lower Bound 1 = 77
Lower Bound 2 = 32
Avaliação = 1.11688

Tempo de execução: 60.0006s

---------------------------

Largura da faixa = 32
Melhor altura = 84

Lower Bound 1 = 77
Lower Bound 2 = 32
Avaliação = 1.09091

Tempo de execução: 60.0004s

---------------------------

Largura da faixa = 32
Melhor altura = 85

Lower Bound 1 = 77
Lower Bound 2 = 32
Avaliação = 1.1039

Tempo de execução: 60.0006s

---------------------------

Largura da faixa = 32
Melhor altura = 87

Lower Bound 1 = 77
Lower Bound 2 = 32
Avaliação = 1.12987

Tempo de execução: 60.0004s

---------------------------

Largura da faixa = 32
Melhor altura = 84

Lower Bound 1 = 77
Lower Bound 2 = 32
Avaliação = 1.09091

Tempo de execução: 60.0014s

---------------------------

