Largura da faixa = 24
Melhor altura = 1480

Lower Bound 1 = 1261
Lower Bound 2 = 24
Avaliação = 1.17367

Tempo de execução: 60.0057s

---------------------------

Largura da faixa = 24
Melhor altura = 1482

Lower Bound 1 = 1261
Lower Bound 2 = 24
Avaliação = 1.17526

Tempo de execução: 60.0239s

---------------------------

Largura da faixa = 24
Melhor altura = 1482

Lower Bound 1 = 1261
Lower Bound 2 = 24
Avaliação = 1.17526

Tempo de execução: 60.042s

---------------------------

Largura da faixa = 24
Melhor altura = 1481

Lower Bound 1 = 1261
Lower Bound 2 = 24
Avaliação = 1.17446

Tempo de execução: 60.009s

---------------------------

Largura da faixa = 24
Melhor altura = 1481

Lower Bound 1 = 1261
Lower Bound 2 = 24
Avaliação = 1.17446

Tempo de execução: 60.0327s

---------------------------

Largura da faixa = 24
Melhor altura = 1469

Lower Bound 1 = 1261
Lower Bound 2 = 24
Avaliação = 1.16495

Tempo de execução: 60.0314s

---------------------------

Largura da faixa = 24
Melhor altura = 1482

Lower Bound 1 = 1261
Lower Bound 2 = 24
Avaliação = 1.17526

Tempo de execução: 60.0012s

---------------------------

Largura da faixa = 24
Melhor altura = 1479

Lower Bound 1 = 1261
Lower Bound 2 = 24
Avaliação = 1.17288

Tempo de execução: 60.0228s

---------------------------

Largura da faixa = 24
Melhor altura = 1480

Lower Bound 1 = 1261
Lower Bound 2 = 24
Avaliação = 1.17367

Tempo de execução: 60.0676s

---------------------------

Largura da faixa = 24
Melhor altura = 1482

Lower Bound 1 = 1261
Lower Bound 2 = 24
Avaliação = 1.17526

Tempo de execução: 60.0061s

---------------------------

Largura da faixa = 24
Melhor altura = 1482

Lower Bound 1 = 1261
Lower Bound 2 = 24
Avaliação = 1.17526

Tempo de execução: 60.0274s

---------------------------

Largura da faixa = 24
Melhor altura = 1478

Lower Bound 1 = 1261
Lower Bound 2 = 24
Avaliação = 1.17209

Tempo de execução: 60.0378s

---------------------------

Largura da faixa = 24
Melhor altura = 1482

Lower Bound 1 = 1261
Lower Bound 2 = 24
Avaliação = 1.17526

Tempo de execução: 60.0154s

---------------------------

Largura da faixa = 24
Melhor altura = 1482

Lower Bound 1 = 1261
Lower Bound 2 = 24
Avaliação = 1.17526

Tempo de execução: 60.0187s

---------------------------

Largura da faixa = 24
Melhor altura = 1480

Lower Bound 1 = 1261
Lower Bound 2 = 24
Avaliação = 1.17367

Tempo de execução: 60.0476s

---------------------------

Largura da faixa = 24
Melhor altura = 1482

Lower Bound 1 = 1261
Lower Bound 2 = 24
Avaliação = 1.17526

Tempo de execução: 60.0147s

---------------------------

Largura da faixa = 24
Melhor altura = 1481

Lower Bound 1 = 1261
Lower Bound 2 = 24
Avaliação = 1.17446

Tempo de execução: 60.0183s

---------------------------

Largura da faixa = 24
Melhor altura = 1470

Lower Bound 1 = 1261
Lower Bound 2 = 24
Avaliação = 1.16574

Tempo de execução: 60.0232s

---------------------------

Largura da faixa = 24
Melhor altura = 1478

Lower Bound 1 = 1261
Lower Bound 2 = 24
Avaliação = 1.17209

Tempo de execução: 60.002s

---------------------------

Largura da faixa = 24
Melhor altura = 1482

Lower Bound 1 = 1261
Lower Bound 2 = 24
Avaliação = 1.17526

Tempo de execução: 60.0382s

---------------------------

