Largura da faixa = 34
Melhor altura = 75

Lower Bound 1 = 67
Lower Bound 2 = 34
Avaliação = 1.1194

Tempo de execução: 60.0001s

---------------------------

Largura da faixa = 34
Melhor altura = 76

Lower Bound 1 = 67
Lower Bound 2 = 34
Avaliação = 1.13433

Tempo de execução: 60.0004s

---------------------------

Largura da faixa = 34
Melhor altura = 75

Lower Bound 1 = 67
Lower Bound 2 = 34
Avaliação = 1.1194

Tempo de execução: 60.0008s

---------------------------

Largura da faixa = 34
Melhor altura = 76

Lower Bound 1 = 67
Lower Bound 2 = 34
Avaliação = 1.13433

Tempo de execução: 60.0006s

---------------------------

Largura da faixa = 34
Melhor altura = 75

Lower Bound 1 = 67
Lower Bound 2 = 34
Avaliação = 1.1194

Tempo de execução: 60.0003s

---------------------------

Largura da faixa = 34
Melhor altura = 76

Lower Bound 1 = 67
Lower Bound 2 = 34
Avaliação = 1.13433

Tempo de execução: 60.0008s

---------------------------

Largura da faixa = 34
Melhor altura = 75

Lower Bound 1 = 67
Lower Bound 2 = 34
Avaliação = 1.1194

Tempo de execução: 60.0002s

---------------------------

Largura da faixa = 34
Melhor altura = 76

Lower Bound 1 = 67
Lower Bound 2 = 34
Avaliação = 1.13433

Tempo de execução: 60.0006s

---------------------------

Largura da faixa = 34
Melhor altura = 75

Lower Bound 1 = 67
Lower Bound 2 = 34
Avaliação = 1.1194

Tempo de execução: 60.001s

---------------------------

Largura da faixa = 34
Melhor altura = 74

Lower Bound 1 = 67
Lower Bound 2 = 34
Avaliação = 1.10448

Tempo de execução: 60.0002s

---------------------------

Largura da faixa = 34
Melhor altura = 75

Lower Bound 1 = 67
Lower Bound 2 = 34
Avaliação = 1.1194

Tempo de execução: 60.0003s

---------------------------

Largura da faixa = 34
Melhor altura = 76

Lower Bound 1 = 67
Lower Bound 2 = 34
Avaliação = 1.13433

Tempo de execução: 60.001s

---------------------------

Largura da faixa = 34
Melhor altura = 74

Lower Bound 1 = 67
Lower Bound 2 = 34
Avaliação = 1.10448

Tempo de execução: 60.0004s

---------------------------

Largura da faixa = 34
Melhor altura = 75

Lower Bound 1 = 67
Lower Bound 2 = 34
Avaliação = 1.1194

Tempo de execução: 60.001s

---------------------------

Largura da faixa = 34
Melhor altura = 75

Lower Bound 1 = 67
Lower Bound 2 = 34
Avaliação = 1.1194

Tempo de execução: 60.0013s

---------------------------

Largura da faixa = 34
Melhor altura = 74

Lower Bound 1 = 67
Lower Bound 2 = 34
Avaliação = 1.10448

Tempo de execução: 60.0001s

---------------------------

Largura da faixa = 34
Melhor altura = 77

Lower Bound 1 = 67
Lower Bound 2 = 34
Avaliação = 1.14925

Tempo de execução: 60.0006s

---------------------------

Largura da faixa = 34
Melhor altura = 75

Lower Bound 1 = 67
Lower Bound 2 = 34
Avaliação = 1.1194

Tempo de execução: 60.0002s

---------------------------

Largura da faixa = 34
Melhor altura = 74

Lower Bound 1 = 67
Lower Bound 2 = 34
Avaliação = 1.10448

Tempo de execução: 60.0006s

---------------------------

Largura da faixa = 34
Melhor altura = 77

Lower Bound 1 = 67
Lower Bound 2 = 34
Avaliação = 1.14925

Tempo de execução: 60.0004s

---------------------------

