Largura da faixa = 32
Melhor altura = 1000

Lower Bound 1 = 825
Lower Bound 2 = 32
Avaliação = 1.21212

Tempo de execução: 60.024s

---------------------------

Largura da faixa = 32
Melhor altura = 993

Lower Bound 1 = 825
Lower Bound 2 = 32
Avaliação = 1.20364

Tempo de execução: 60.0494s

---------------------------

Largura da faixa = 32
Melhor altura = 989

Lower Bound 1 = 825
Lower Bound 2 = 32
Avaliação = 1.19879

Tempo de execução: 60.0919s

---------------------------

Largura da faixa = 32
Melhor altura = 987

Lower Bound 1 = 825
Lower Bound 2 = 32
Avaliação = 1.19636

Tempo de execução: 60.0161s

---------------------------

Largura da faixa = 32
Melhor altura = 991

Lower Bound 1 = 825
Lower Bound 2 = 32
Avaliação = 1.20121

Tempo de execução: 60.0127s

---------------------------

Largura da faixa = 32
Melhor altura = 981

Lower Bound 1 = 825
Lower Bound 2 = 32
Avaliação = 1.18909

Tempo de execução: 60.0266s

---------------------------

Largura da faixa = 32
Melhor altura = 991

Lower Bound 1 = 825
Lower Bound 2 = 32
Avaliação = 1.20121

Tempo de execução: 60.0226s

---------------------------

Largura da faixa = 32
Melhor altura = 989

Lower Bound 1 = 825
Lower Bound 2 = 32
Avaliação = 1.19879

Tempo de execução: 60.0194s

---------------------------

Largura da faixa = 32
Melhor altura = 998

Lower Bound 1 = 825
Lower Bound 2 = 32
Avaliação = 1.2097

Tempo de execução: 60.0798s

---------------------------

Largura da faixa = 32
Melhor altura = 997

Lower Bound 1 = 825
Lower Bound 2 = 32
Avaliação = 1.20848

Tempo de execução: 60.0118s

---------------------------

Largura da faixa = 32
Melhor altura = 1004

Lower Bound 1 = 825
Lower Bound 2 = 32
Avaliação = 1.21697

Tempo de execução: 60.0513s

---------------------------

Largura da faixa = 32
Melhor altura = 995

Lower Bound 1 = 825
Lower Bound 2 = 32
Avaliação = 1.20606

Tempo de execução: 60.0879s

---------------------------

Largura da faixa = 32
Melhor altura = 994

Lower Bound 1 = 825
Lower Bound 2 = 32
Avaliação = 1.20485

Tempo de execução: 60.0072s

---------------------------

Largura da faixa = 32
Melhor altura = 991

Lower Bound 1 = 825
Lower Bound 2 = 32
Avaliação = 1.20121

Tempo de execução: 60.0451s

---------------------------

Largura da faixa = 32
Melhor altura = 976

Lower Bound 1 = 825
Lower Bound 2 = 32
Avaliação = 1.18303

Tempo de execução: 60.0444s

---------------------------

Largura da faixa = 32
Melhor altura = 983

Lower Bound 1 = 825
Lower Bound 2 = 32
Avaliação = 1.19152

Tempo de execução: 60.0059s

---------------------------

Largura da faixa = 32
Melhor altura = 994

Lower Bound 1 = 825
Lower Bound 2 = 32
Avaliação = 1.20485

Tempo de execução: 60.0288s

---------------------------

Largura da faixa = 32
Melhor altura = 988

Lower Bound 1 = 825
Lower Bound 2 = 32
Avaliação = 1.19758

Tempo de execução: 60.0487s

---------------------------

Largura da faixa = 32
Melhor altura = 987

Lower Bound 1 = 825
Lower Bound 2 = 32
Avaliação = 1.19636

Tempo de execução: 60.0292s

---------------------------

Largura da faixa = 32
Melhor altura = 990

Lower Bound 1 = 825
Lower Bound 2 = 32
Avaliação = 1.2

Tempo de execução: 60.0514s

---------------------------

