Largura da faixa = 24
Melhor altura = 214

Lower Bound 1 = 190
Lower Bound 2 = 24
Avaliação = 1.12632

Tempo de execução: 60.0001s

---------------------------

Largura da faixa = 24
Melhor altura = 214

Lower Bound 1 = 190
Lower Bound 2 = 24
Avaliação = 1.12632

Tempo de execução: 60.0007s

---------------------------

Largura da faixa = 24
Melhor altura = 214

Lower Bound 1 = 190
Lower Bound 2 = 24
Avaliação = 1.12632

Tempo de execução: 60.0005s

---------------------------

Largura da faixa = 24
Melhor altura = 215

Lower Bound 1 = 190
Lower Bound 2 = 24
Avaliação = 1.13158

Tempo de execução: 60.002s

---------------------------

Largura da faixa = 24
Melhor altura = 214

Lower Bound 1 = 190
Lower Bound 2 = 24
Avaliação = 1.12632

Tempo de execução: 60.0037s

---------------------------

Largura da faixa = 24
Melhor altura = 216

Lower Bound 1 = 190
Lower Bound 2 = 24
Avaliação = 1.13684

Tempo de execução: 60.0021s

---------------------------

Largura da faixa = 24
Melhor altura = 215

Lower Bound 1 = 190
Lower Bound 2 = 24
Avaliação = 1.13158

Tempo de execução: 60.0001s

---------------------------

Largura da faixa = 24
Melhor altura = 214

Lower Bound 1 = 190
Lower Bound 2 = 24
Avaliação = 1.12632

Tempo de execução: 60.0049s

---------------------------

Largura da faixa = 24
Melhor altura = 213

Lower Bound 1 = 190
Lower Bound 2 = 24
Avaliação = 1.12105

Tempo de execução: 60.0048s

---------------------------

Largura da faixa = 24
Melhor altura = 214

Lower Bound 1 = 190
Lower Bound 2 = 24
Avaliação = 1.12632

Tempo de execução: 60.0034s

---------------------------

Largura da faixa = 24
Melhor altura = 212

Lower Bound 1 = 190
Lower Bound 2 = 24
Avaliação = 1.11579

Tempo de execução: 60.0009s

---------------------------

Largura da faixa = 24
Melhor altura = 216

Lower Bound 1 = 190
Lower Bound 2 = 24
Avaliação = 1.13684

Tempo de execução: 60.002s

---------------------------

Largura da faixa = 24
Melhor altura = 214

Lower Bound 1 = 190
Lower Bound 2 = 24
Avaliação = 1.12632

Tempo de execução: 60.001s

---------------------------

Largura da faixa = 24
Melhor altura = 213

Lower Bound 1 = 190
Lower Bound 2 = 24
Avaliação = 1.12105

Tempo de execução: 60.0031s

---------------------------

Largura da faixa = 24
Melhor altura = 215

Lower Bound 1 = 190
Lower Bound 2 = 24
Avaliação = 1.13158

Tempo de execução: 60.0034s

---------------------------

Largura da faixa = 24
Melhor altura = 213

Lower Bound 1 = 190
Lower Bound 2 = 24
Avaliação = 1.12105

Tempo de execução: 60.0004s

---------------------------

Largura da faixa = 24
Melhor altura = 214

Lower Bound 1 = 190
Lower Bound 2 = 24
Avaliação = 1.12632

Tempo de execução: 60.002s

---------------------------

Largura da faixa = 24
Melhor altura = 215

Lower Bound 1 = 190
Lower Bound 2 = 24
Avaliação = 1.13158

Tempo de execução: 60.0034s

---------------------------

Largura da faixa = 24
Melhor altura = 213

Lower Bound 1 = 190
Lower Bound 2 = 24
Avaliação = 1.12105

Tempo de execução: 60.0003s

---------------------------

Largura da faixa = 24
Melhor altura = 213

Lower Bound 1 = 190
Lower Bound 2 = 24
Avaliação = 1.12105

Tempo de execução: 60.0006s

---------------------------

