Largura da faixa = 24
Melhor altura = 212

Lower Bound 1 = 187
Lower Bound 2 = 24
Avaliação = 1.13369

Tempo de execução: 60.0022s

---------------------------

Largura da faixa = 24
Melhor altura = 211

Lower Bound 1 = 187
Lower Bound 2 = 24
Avaliação = 1.12834

Tempo de execução: 60.0049s

---------------------------

Largura da faixa = 24
Melhor altura = 210

Lower Bound 1 = 187
Lower Bound 2 = 24
Avaliação = 1.12299

Tempo de execução: 60.0072s

---------------------------

Largura da faixa = 24
Melhor altura = 210

Lower Bound 1 = 187
Lower Bound 2 = 24
Avaliação = 1.12299

Tempo de execução: 60.0007s

---------------------------

Largura da faixa = 24
Melhor altura = 209

Lower Bound 1 = 187
Lower Bound 2 = 24
Avaliação = 1.11765

Tempo de execução: 60.0006s

---------------------------

Largura da faixa = 24
Melhor altura = 213

Lower Bound 1 = 187
Lower Bound 2 = 24
Avaliação = 1.13904

Tempo de execução: 60.0057s

---------------------------

Largura da faixa = 24
Melhor altura = 210

Lower Bound 1 = 187
Lower Bound 2 = 24
Avaliação = 1.12299

Tempo de execução: 60.0027s

---------------------------

Largura da faixa = 24
Melhor altura = 211

Lower Bound 1 = 187
Lower Bound 2 = 24
Avaliação = 1.12834

Tempo de execução: 60.001s

---------------------------

Largura da faixa = 24
Melhor altura = 209

Lower Bound 1 = 187
Lower Bound 2 = 24
Avaliação = 1.11765

Tempo de execução: 60.0034s

---------------------------

Largura da faixa = 24
Melhor altura = 210

Lower Bound 1 = 187
Lower Bound 2 = 24
Avaliação = 1.12299

Tempo de execução: 60.0002s

---------------------------

Largura da faixa = 24
Melhor altura = 210

Lower Bound 1 = 187
Lower Bound 2 = 24
Avaliação = 1.12299

Tempo de execução: 60.0023s

---------------------------

Largura da faixa = 24
Melhor altura = 210

Lower Bound 1 = 187
Lower Bound 2 = 24
Avaliação = 1.12299

Tempo de execução: 60.003s

---------------------------

Largura da faixa = 24
Melhor altura = 208

Lower Bound 1 = 187
Lower Bound 2 = 24
Avaliação = 1.1123

Tempo de execução: 60.0006s

---------------------------

Largura da faixa = 24
Melhor altura = 212

Lower Bound 1 = 187
Lower Bound 2 = 24
Avaliação = 1.13369

Tempo de execução: 60.0012s

---------------------------

Largura da faixa = 24
Melhor altura = 211

Lower Bound 1 = 187
Lower Bound 2 = 24
Avaliação = 1.12834

Tempo de execução: 60.0023s

---------------------------

Largura da faixa = 24
Melhor altura = 208

Lower Bound 1 = 187
Lower Bound 2 = 24
Avaliação = 1.1123

Tempo de execução: 60.0015s

---------------------------

Largura da faixa = 24
Melhor altura = 207

Lower Bound 1 = 187
Lower Bound 2 = 24
Avaliação = 1.10695

Tempo de execução: 60.0036s

---------------------------

Largura da faixa = 24
Melhor altura = 209

Lower Bound 1 = 187
Lower Bound 2 = 24
Avaliação = 1.11765

Tempo de execução: 60.0066s

---------------------------

Largura da faixa = 24
Melhor altura = 212

Lower Bound 1 = 187
Lower Bound 2 = 24
Avaliação = 1.13369

Tempo de execução: 60.0044s

---------------------------

Largura da faixa = 24
Melhor altura = 212

Lower Bound 1 = 187
Lower Bound 2 = 24
Avaliação = 1.13369

Tempo de execução: 60.009s

---------------------------

