Largura da faixa = 32
Melhor altura = 704

Lower Bound 1 = 598
Lower Bound 2 = 32
Avaliação = 1.17726

Tempo de execução: 60.0016s

---------------------------

Largura da faixa = 32
Melhor altura = 712

Lower Bound 1 = 598
Lower Bound 2 = 32
Avaliação = 1.19064

Tempo de execução: 60.0113s

---------------------------

Largura da faixa = 32
Melhor altura = 708

Lower Bound 1 = 598
Lower Bound 2 = 32
Avaliação = 1.18395

Tempo de execução: 60.042s

---------------------------

Largura da faixa = 32
Melhor altura = 716

Lower Bound 1 = 598
Lower Bound 2 = 32
Avaliação = 1.19732

Tempo de execução: 60.0003s

---------------------------

Largura da faixa = 32
Melhor altura = 704

Lower Bound 1 = 598
Lower Bound 2 = 32
Avaliação = 1.17726

Tempo de execução: 60.02s

---------------------------

Largura da faixa = 32
Melhor altura = 707

Lower Bound 1 = 598
Lower Bound 2 = 32
Avaliação = 1.18227

Tempo de execução: 60.0256s

---------------------------

Largura da faixa = 32
Melhor altura = 711

Lower Bound 1 = 598
Lower Bound 2 = 32
Avaliação = 1.18896

Tempo de execução: 60.006s

---------------------------

Largura da faixa = 32
Melhor altura = 716

Lower Bound 1 = 598
Lower Bound 2 = 32
Avaliação = 1.19732

Tempo de execução: 60.0282s

---------------------------

Largura da faixa = 32
Melhor altura = 702

Lower Bound 1 = 598
Lower Bound 2 = 32
Avaliação = 1.17391

Tempo de execução: 60.0188s

---------------------------

Largura da faixa = 32
Melhor altura = 706

Lower Bound 1 = 598
Lower Bound 2 = 32
Avaliação = 1.1806

Tempo de execução: 60.0073s

---------------------------

Largura da faixa = 32
Melhor altura = 710

Lower Bound 1 = 598
Lower Bound 2 = 32
Avaliação = 1.18729

Tempo de execução: 60.0257s

---------------------------

Largura da faixa = 32
Melhor altura = 709

Lower Bound 1 = 598
Lower Bound 2 = 32
Avaliação = 1.18562

Tempo de execução: 60.055s

---------------------------

Largura da faixa = 32
Melhor altura = 706

Lower Bound 1 = 598
Lower Bound 2 = 32
Avaliação = 1.1806

Tempo de execução: 60.0044s

---------------------------

Largura da faixa = 32
Melhor altura = 706

Lower Bound 1 = 598
Lower Bound 2 = 32
Avaliação = 1.1806

Tempo de execução: 60.0198s

---------------------------

Largura da faixa = 32
Melhor altura = 710

Lower Bound 1 = 598
Lower Bound 2 = 32
Avaliação = 1.18729

Tempo de execução: 60.0531s

---------------------------

Largura da faixa = 32
Melhor altura = 708

Lower Bound 1 = 598
Lower Bound 2 = 32
Avaliação = 1.18395

Tempo de execução: 60.0133s

---------------------------

Largura da faixa = 32
Melhor altura = 708

Lower Bound 1 = 598
Lower Bound 2 = 32
Avaliação = 1.18395

Tempo de execução: 60.0185s

---------------------------

Largura da faixa = 32
Melhor altura = 711

Lower Bound 1 = 598
Lower Bound 2 = 32
Avaliação = 1.18896

Tempo de execução: 60.0342s

---------------------------

Largura da faixa = 32
Melhor altura = 714

Lower Bound 1 = 598
Lower Bound 2 = 32
Avaliação = 1.19398

Tempo de execução: 60.0005s

---------------------------

Largura da faixa = 32
Melhor altura = 711

Lower Bound 1 = 598
Lower Bound 2 = 32
Avaliação = 1.18896

Tempo de execução: 60.0439s

---------------------------

