Largura da faixa = 24
Melhor altura = 547

Lower Bound 1 = 478
Lower Bound 2 = 24
Avaliação = 1.14435

Tempo de execução: 60.0021s

---------------------------

Largura da faixa = 24
Melhor altura = 551

Lower Bound 1 = 478
Lower Bound 2 = 24
Avaliação = 1.15272

Tempo de execução: 60.0165s

---------------------------

Largura da faixa = 24
Melhor altura = 551

Lower Bound 1 = 478
Lower Bound 2 = 24
Avaliação = 1.15272

Tempo de execução: 60.0186s

---------------------------

Largura da faixa = 24
Melhor altura = 553

Lower Bound 1 = 478
Lower Bound 2 = 24
Avaliação = 1.1569

Tempo de execução: 60.0066s

---------------------------

Largura da faixa = 24
Melhor altura = 552

Lower Bound 1 = 478
Lower Bound 2 = 24
Avaliação = 1.15481

Tempo de execução: 60.0179s

---------------------------

Largura da faixa = 24
Melhor altura = 551

Lower Bound 1 = 478
Lower Bound 2 = 24
Avaliação = 1.15272

Tempo de execução: 60.0232s

---------------------------

Largura da faixa = 24
Melhor altura = 552

Lower Bound 1 = 478
Lower Bound 2 = 24
Avaliação = 1.15481

Tempo de execução: 60.0001s

---------------------------

Largura da faixa = 24
Melhor altura = 550

Lower Bound 1 = 478
Lower Bound 2 = 24
Avaliação = 1.15063

Tempo de execução: 60.0024s

---------------------------

Largura da faixa = 24
Melhor altura = 550

Lower Bound 1 = 478
Lower Bound 2 = 24
Avaliação = 1.15063

Tempo de execução: 60.009s

---------------------------

Largura da faixa = 24
Melhor altura = 548

Lower Bound 1 = 478
Lower Bound 2 = 24
Avaliação = 1.14644

Tempo de execução: 60.0077s

---------------------------

Largura da faixa = 24
Melhor altura = 548

Lower Bound 1 = 478
Lower Bound 2 = 24
Avaliação = 1.14644

Tempo de execução: 60.0134s

---------------------------

Largura da faixa = 24
Melhor altura = 549

Lower Bound 1 = 478
Lower Bound 2 = 24
Avaliação = 1.14854

Tempo de execução: 60.0247s

---------------------------

Largura da faixa = 24
Melhor altura = 550

Lower Bound 1 = 478
Lower Bound 2 = 24
Avaliação = 1.15063

Tempo de execução: 60.0061s

---------------------------

Largura da faixa = 24
Melhor altura = 548

Lower Bound 1 = 478
Lower Bound 2 = 24
Avaliação = 1.14644

Tempo de execução: 60.0101s

---------------------------

Largura da faixa = 24
Melhor altura = 551

Lower Bound 1 = 478
Lower Bound 2 = 24
Avaliação = 1.15272

Tempo de execução: 60.0248s

---------------------------

Largura da faixa = 24
Melhor altura = 547

Lower Bound 1 = 478
Lower Bound 2 = 24
Avaliação = 1.14435

Tempo de execução: 60.0008s

---------------------------

Largura da faixa = 24
Melhor altura = 551

Lower Bound 1 = 478
Lower Bound 2 = 24
Avaliação = 1.15272

Tempo de execução: 60.0076s

---------------------------

Largura da faixa = 24
Melhor altura = 550

Lower Bound 1 = 478
Lower Bound 2 = 24
Avaliação = 1.15063

Tempo de execução: 60.0077s

---------------------------

Largura da faixa = 24
Melhor altura = 551

Lower Bound 1 = 478
Lower Bound 2 = 24
Avaliação = 1.15272

Tempo de execução: 60.0005s

---------------------------

Largura da faixa = 24
Melhor altura = 551

Lower Bound 1 = 478
Lower Bound 2 = 24
Avaliação = 1.15272

Tempo de execução: 60.0108s

---------------------------

