Largura da faixa = 34
Melhor altura = 234

Lower Bound 1 = 200
Lower Bound 2 = 34
Avaliação = 1.17

Tempo de execução: 60.0006s

---------------------------

Largura da faixa = 34
Melhor altura = 229

Lower Bound 1 = 200
Lower Bound 2 = 34
Avaliação = 1.145

Tempo de execução: 60.0034s

---------------------------

Largura da faixa = 34
Melhor altura = 237

Lower Bound 1 = 200
Lower Bound 2 = 34
Avaliação = 1.185

Tempo de execução: 60.0034s

---------------------------

Largura da faixa = 34
Melhor altura = 236

Lower Bound 1 = 200
Lower Bound 2 = 34
Avaliação = 1.18

Tempo de execução: 60.0006s

---------------------------

Largura da faixa = 34
Melhor altura = 239

Lower Bound 1 = 200
Lower Bound 2 = 34
Avaliação = 1.195

Tempo de execução: 60.001s

---------------------------

Largura da faixa = 34
Melhor altura = 236

Lower Bound 1 = 200
Lower Bound 2 = 34
Avaliação = 1.18

Tempo de execução: 60.0042s

---------------------------

Largura da faixa = 34
Melhor altura = 235

Lower Bound 1 = 200
Lower Bound 2 = 34
Avaliação = 1.175

Tempo de execução: 60.0011s

---------------------------

Largura da faixa = 34
Melhor altura = 226

Lower Bound 1 = 200
Lower Bound 2 = 34
Avaliação = 1.13

Tempo de execução: 60.0004s

---------------------------

Largura da faixa = 34
Melhor altura = 239

Lower Bound 1 = 200
Lower Bound 2 = 34
Avaliação = 1.195

Tempo de execução: 60s

---------------------------

Largura da faixa = 34
Melhor altura = 230

Lower Bound 1 = 200
Lower Bound 2 = 34
Avaliação = 1.15

Tempo de execução: 60.0028s

---------------------------

Largura da faixa = 34
Melhor altura = 231

Lower Bound 1 = 200
Lower Bound 2 = 34
Avaliação = 1.155

Tempo de execução: 60.004s

---------------------------

Largura da faixa = 34
Melhor altura = 237

Lower Bound 1 = 200
Lower Bound 2 = 34
Avaliação = 1.185

Tempo de execução: 60.0069s

---------------------------

Largura da faixa = 34
Melhor altura = 236

Lower Bound 1 = 200
Lower Bound 2 = 34
Avaliação = 1.18

Tempo de execução: 60.0017s

---------------------------

Largura da faixa = 34
Melhor altura = 234

Lower Bound 1 = 200
Lower Bound 2 = 34
Avaliação = 1.17

Tempo de execução: 60.0017s

---------------------------

Largura da faixa = 34
Melhor altura = 235

Lower Bound 1 = 200
Lower Bound 2 = 34
Avaliação = 1.175

Tempo de execução: 60.0032s

---------------------------

Largura da faixa = 34
Melhor altura = 226

Lower Bound 1 = 200
Lower Bound 2 = 34
Avaliação = 1.13

Tempo de execução: 60.003s

---------------------------

Largura da faixa = 34
Melhor altura = 238

Lower Bound 1 = 200
Lower Bound 2 = 34
Avaliação = 1.19

Tempo de execução: 60.0036s

---------------------------

Largura da faixa = 34
Melhor altura = 235

Lower Bound 1 = 200
Lower Bound 2 = 34
Avaliação = 1.175

Tempo de execução: 60.0029s

---------------------------

Largura da faixa = 34
Melhor altura = 232

Lower Bound 1 = 200
Lower Bound 2 = 34
Avaliação = 1.16

Tempo de execução: 60.0003s

---------------------------

Largura da faixa = 34
Melhor altura = 233

Lower Bound 1 = 200
Lower Bound 2 = 34
Avaliação = 1.165

Tempo de execução: 60.0018s

---------------------------

