Largura da faixa = 24
Melhor altura = 1110

Lower Bound 1 = 951
Lower Bound 2 = 24
Avaliação = 1.16719

Tempo de execução: 60.0131s

---------------------------

Largura da faixa = 24
Melhor altura = 1109

Lower Bound 1 = 951
Lower Bound 2 = 24
Avaliação = 1.16614

Tempo de execução: 60.0153s

---------------------------

Largura da faixa = 24
Melhor altura = 1108

Lower Bound 1 = 951
Lower Bound 2 = 24
Avaliação = 1.16509

Tempo de execução: 60.0226s

---------------------------

Largura da faixa = 24
Melhor altura = 1105

Lower Bound 1 = 951
Lower Bound 2 = 24
Avaliação = 1.16193

Tempo de execução: 60.0025s

---------------------------

Largura da faixa = 24
Melhor altura = 1102

Lower Bound 1 = 951
Lower Bound 2 = 24
Avaliação = 1.15878

Tempo de execução: 60.0252s

---------------------------

Largura da faixa = 24
Melhor altura = 1109

Lower Bound 1 = 951
Lower Bound 2 = 24
Avaliação = 1.16614

Tempo de execução: 60.0456s

---------------------------

Largura da faixa = 24
Melhor altura = 1110

Lower Bound 1 = 951
Lower Bound 2 = 24
Avaliação = 1.16719

Tempo de execução: 60.0242s

---------------------------

Largura da faixa = 24
Melhor altura = 1107

Lower Bound 1 = 951
Lower Bound 2 = 24
Avaliação = 1.16404

Tempo de execução: 60.0235s

---------------------------

Largura da faixa = 24
Melhor altura = 1107

Lower Bound 1 = 951
Lower Bound 2 = 24
Avaliação = 1.16404

Tempo de execução: 60.0318s

---------------------------

Largura da faixa = 24
Melhor altura = 1110

Lower Bound 1 = 951
Lower Bound 2 = 24
Avaliação = 1.16719

Tempo de execução: 60.02s

---------------------------

Largura da faixa = 24
Melhor altura = 1101

Lower Bound 1 = 951
Lower Bound 2 = 24
Avaliação = 1.15773

Tempo de execução: 60.0251s

---------------------------

Largura da faixa = 24
Melhor altura = 1106

Lower Bound 1 = 951
Lower Bound 2 = 24
Avaliação = 1.16299

Tempo de execução: 60.0481s

---------------------------

Largura da faixa = 24
Melhor altura = 1110

Lower Bound 1 = 951
Lower Bound 2 = 24
Avaliação = 1.16719

Tempo de execução: 60.006s

---------------------------

Largura da faixa = 24
Melhor altura = 1104

Lower Bound 1 = 951
Lower Bound 2 = 24
Avaliação = 1.16088

Tempo de execução: 60.0244s

---------------------------

Largura da faixa = 24
Melhor altura = 1102

Lower Bound 1 = 951
Lower Bound 2 = 24
Avaliação = 1.15878

Tempo de execução: 60.0392s

---------------------------

Largura da faixa = 24
Melhor altura = 1110

Lower Bound 1 = 951
Lower Bound 2 = 24
Avaliação = 1.16719

Tempo de execução: 60.0146s

---------------------------

Largura da faixa = 24
Melhor altura = 1106

Lower Bound 1 = 951
Lower Bound 2 = 24
Avaliação = 1.16299

Tempo de execução: 60.029s

---------------------------

Largura da faixa = 24
Melhor altura = 1107

Lower Bound 1 = 951
Lower Bound 2 = 24
Avaliação = 1.16404

Tempo de execução: 60.0417s

---------------------------

Largura da faixa = 24
Melhor altura = 1107

Lower Bound 1 = 951
Lower Bound 2 = 24
Avaliação = 1.16404

Tempo de execução: 60.0026s

---------------------------

Largura da faixa = 24
Melhor altura = 1105

Lower Bound 1 = 951
Lower Bound 2 = 24
Avaliação = 1.16193

Tempo de execução: 60.0215s

---------------------------

