Largura da faixa = 32
Melhor altura = 369

Lower Bound 1 = 324
Lower Bound 2 = 32
Avaliação = 1.13889

Tempo de execução: 60.0019s

---------------------------

Largura da faixa = 32
Melhor altura = 370

Lower Bound 1 = 324
Lower Bound 2 = 32
Avaliação = 1.14198

Tempo de execução: 60.0058s

---------------------------

Largura da faixa = 32
Melhor altura = 373

Lower Bound 1 = 324
Lower Bound 2 = 32
Avaliação = 1.15123

Tempo de execução: 60.0168s

---------------------------

Largura da faixa = 32
Melhor altura = 369

Lower Bound 1 = 324
Lower Bound 2 = 32
Avaliação = 1.13889

Tempo de execução: 60.0005s

---------------------------

Largura da faixa = 32
Melhor altura = 372

Lower Bound 1 = 324
Lower Bound 2 = 32
Avaliação = 1.14815

Tempo de execução: 60.0078s

---------------------------

Largura da faixa = 32
Melhor altura = 371

Lower Bound 1 = 324
Lower Bound 2 = 32
Avaliação = 1.14506

Tempo de execução: 60.0092s

---------------------------

Largura da faixa = 32
Melhor altura = 369

Lower Bound 1 = 324
Lower Bound 2 = 32
Avaliação = 1.13889

Tempo de execução: 60.0073s

---------------------------

Largura da faixa = 32
Melhor altura = 374

Lower Bound 1 = 324
Lower Bound 2 = 32
Avaliação = 1.15432

Tempo de execução: 60.0093s

---------------------------

Largura da faixa = 32
Melhor altura = 371

Lower Bound 1 = 324
Lower Bound 2 = 32
Avaliação = 1.14506

Tempo de execução: 60.0313s

---------------------------

Largura da faixa = 32
Melhor altura = 367

Lower Bound 1 = 324
Lower Bound 2 = 32
Avaliação = 1.13272

Tempo de execução: 60.0012s

---------------------------

Largura da faixa = 32
Melhor altura = 369

Lower Bound 1 = 324
Lower Bound 2 = 32
Avaliação = 1.13889

Tempo de execução: 60.008s

---------------------------

Largura da faixa = 32
Melhor altura = 368

Lower Bound 1 = 324
Lower Bound 2 = 32
Avaliação = 1.1358

Tempo de execução: 60.0151s

---------------------------

Largura da faixa = 32
Melhor altura = 370

Lower Bound 1 = 324
Lower Bound 2 = 32
Avaliação = 1.14198

Tempo de execução: 60.0038s

---------------------------

Largura da faixa = 32
Melhor altura = 373

Lower Bound 1 = 324
Lower Bound 2 = 32
Avaliação = 1.15123

Tempo de execução: 60.0079s

---------------------------

Largura da faixa = 32
Melhor altura = 369

Lower Bound 1 = 324
Lower Bound 2 = 32
Avaliação = 1.13889

Tempo de execução: 60.0164s

---------------------------

Largura da faixa = 32
Melhor altura = 375

Lower Bound 1 = 324
Lower Bound 2 = 32
Avaliação = 1.15741

Tempo de execução: 60.0007s

---------------------------

Largura da faixa = 32
Melhor altura = 370

Lower Bound 1 = 324
Lower Bound 2 = 32
Avaliação = 1.14198

Tempo de execução: 60.0015s

---------------------------

Largura da faixa = 32
Melhor altura = 374

Lower Bound 1 = 324
Lower Bound 2 = 32
Avaliação = 1.15432

Tempo de execução: 60.0038s

---------------------------

Largura da faixa = 32
Melhor altura = 371

Lower Bound 1 = 324
Lower Bound 2 = 32
Avaliação = 1.14506

Tempo de execução: 60.0244s

---------------------------

Largura da faixa = 32
Melhor altura = 375

Lower Bound 1 = 324
Lower Bound 2 = 32
Avaliação = 1.15741

Tempo de execução: 60.0153s

---------------------------

