Largura da faixa = 32
Melhor altura = 223

Lower Bound 1 = 193
Lower Bound 2 = 32
Avaliação = 1.15544

Tempo de execução: 60.0001s

---------------------------

Largura da faixa = 32
Melhor altura = 229

Lower Bound 1 = 193
Lower Bound 2 = 32
Avaliação = 1.18653

Tempo de execução: 60.0119s

---------------------------

Largura da faixa = 32
Melhor altura = 227

Lower Bound 1 = 193
Lower Bound 2 = 32
Avaliação = 1.17617

Tempo de execução: 60.0104s

---------------------------

Largura da faixa = 32
Melhor altura = 225

Lower Bound 1 = 193
Lower Bound 2 = 32
Avaliação = 1.1658

Tempo de execução: 60.0026s

---------------------------

Largura da faixa = 32
Melhor altura = 224

Lower Bound 1 = 193
Lower Bound 2 = 32
Avaliação = 1.16062

Tempo de execução: 60.0015s

---------------------------

Largura da faixa = 32
Melhor altura = 228

Lower Bound 1 = 193
Lower Bound 2 = 32
Avaliação = 1.18135

Tempo de execução: 60.0113s

---------------------------

Largura da faixa = 32
Melhor altura = 224

Lower Bound 1 = 193
Lower Bound 2 = 32
Avaliação = 1.16062

Tempo de execução: 60.0083s

---------------------------

Largura da faixa = 32
Melhor altura = 222

Lower Bound 1 = 193
Lower Bound 2 = 32
Avaliação = 1.15026

Tempo de execução: 60.0074s

---------------------------

Largura da faixa = 32
Melhor altura = 224

Lower Bound 1 = 193
Lower Bound 2 = 32
Avaliação = 1.16062

Tempo de execução: 60.0105s

---------------------------

Largura da faixa = 32
Melhor altura = 225

Lower Bound 1 = 193
Lower Bound 2 = 32
Avaliação = 1.1658

Tempo de execução: 60.0026s

---------------------------

Largura da faixa = 32
Melhor altura = 225

Lower Bound 1 = 193
Lower Bound 2 = 32
Avaliação = 1.1658

Tempo de execução: 60.002s

---------------------------

Largura da faixa = 32
Melhor altura = 230

Lower Bound 1 = 193
Lower Bound 2 = 32
Avaliação = 1.19171

Tempo de execução: 60.0051s

---------------------------

Largura da faixa = 32
Melhor altura = 227

Lower Bound 1 = 193
Lower Bound 2 = 32
Avaliação = 1.17617

Tempo de execução: 60.0008s

---------------------------

Largura da faixa = 32
Melhor altura = 227

Lower Bound 1 = 193
Lower Bound 2 = 32
Avaliação = 1.17617

Tempo de execução: 60.0014s

---------------------------

Largura da faixa = 32
Melhor altura = 225

Lower Bound 1 = 193
Lower Bound 2 = 32
Avaliação = 1.1658

Tempo de execução: 60.0088s

---------------------------

Largura da faixa = 32
Melhor altura = 226

Lower Bound 1 = 193
Lower Bound 2 = 32
Avaliação = 1.17098

Tempo de execução: 60.0045s

---------------------------

Largura da faixa = 32
Melhor altura = 223

Lower Bound 1 = 193
Lower Bound 2 = 32
Avaliação = 1.15544

Tempo de execução: 60.0046s

---------------------------

Largura da faixa = 32
Melhor altura = 225

Lower Bound 1 = 193
Lower Bound 2 = 32
Avaliação = 1.1658

Tempo de execução: 60.0122s

---------------------------

Largura da faixa = 32
Melhor altura = 224

Lower Bound 1 = 193
Lower Bound 2 = 32
Avaliação = 1.16062

Tempo de execução: 60.0016s

---------------------------

Largura da faixa = 32
Melhor altura = 226

Lower Bound 1 = 193
Lower Bound 2 = 32
Avaliação = 1.17098

Tempo de execução: 60.0007s

---------------------------

