Largura da faixa = 20
Melhor altura = 97

Lower Bound 1 = 90
Lower Bound 2 = 24
Avaliação = 1.07778

Tempo de execução: 60.0001s

---------------------------

Largura da faixa = 20
Melhor altura = 98

Lower Bound 1 = 90
Lower Bound 2 = 24
Avaliação = 1.08889

Tempo de execução: 60.0011s

---------------------------

Largura da faixa = 20
Melhor altura = 97

Lower Bound 1 = 90
Lower Bound 2 = 24
Avaliação = 1.07778

Tempo de execução: 60.0008s

---------------------------

Largura da faixa = 20
Melhor altura = 97

Lower Bound 1 = 90
Lower Bound 2 = 24
Avaliação = 1.07778

Tempo de execução: 60.0003s

---------------------------

Largura da faixa = 20
Melhor altura = 96

Lower Bound 1 = 90
Lower Bound 2 = 24
Avaliação = 1.06667

Tempo de execução: 60.0002s

---------------------------

Largura da faixa = 20
Melhor altura = 96

Lower Bound 1 = 90
Lower Bound 2 = 24
Avaliação = 1.06667

Tempo de execução: 60.0003s

---------------------------

Largura da faixa = 20
Melhor altura = 99

Lower Bound 1 = 90
Lower Bound 2 = 24
Avaliação = 1.1

Tempo de execução: 60.0002s

---------------------------

Largura da faixa = 20
Melhor altura = 98

Lower Bound 1 = 90
Lower Bound 2 = 24
Avaliação = 1.08889

Tempo de execução: 60s

---------------------------

Largura da faixa = 20
Melhor altura = 98

Lower Bound 1 = 90
Lower Bound 2 = 24
Avaliação = 1.08889

Tempo de execução: 60.0004s

---------------------------

Largura da faixa = 20
Melhor altura = 98

Lower Bound 1 = 90
Lower Bound 2 = 24
Avaliação = 1.08889

Tempo de execução: 60.0001s

---------------------------

Largura da faixa = 20
Melhor altura = 97

Lower Bound 1 = 90
Lower Bound 2 = 24
Avaliação = 1.07778

Tempo de execução: 60.0005s

---------------------------

Largura da faixa = 20
Melhor altura = 98

Lower Bound 1 = 90
Lower Bound 2 = 24
Avaliação = 1.08889

Tempo de execução: 60.0006s

---------------------------

Largura da faixa = 20
Melhor altura = 98

Lower Bound 1 = 90
Lower Bound 2 = 24
Avaliação = 1.08889

Tempo de execução: 60.0001s

---------------------------

Largura da faixa = 20
Melhor altura = 97

Lower Bound 1 = 90
Lower Bound 2 = 24
Avaliação = 1.07778

Tempo de execução: 60s

---------------------------

Largura da faixa = 20
Melhor altura = 98

Lower Bound 1 = 90
Lower Bound 2 = 24
Avaliação = 1.08889

Tempo de execução: 60.0008s

---------------------------

Largura da faixa = 20
Melhor altura = 97

Lower Bound 1 = 90
Lower Bound 2 = 24
Avaliação = 1.07778

Tempo de execução: 60.0008s

---------------------------

Largura da faixa = 20
Melhor altura = 98

Lower Bound 1 = 90
Lower Bound 2 = 24
Avaliação = 1.08889

Tempo de execução: 60.0007s

---------------------------

Largura da faixa = 20
Melhor altura = 98

Lower Bound 1 = 90
Lower Bound 2 = 24
Avaliação = 1.08889

Tempo de execução: 60.0004s

---------------------------

Largura da faixa = 20
Melhor altura = 98

Lower Bound 1 = 90
Lower Bound 2 = 24
Avaliação = 1.08889

Tempo de execução: 60.0002s

---------------------------

Largura da faixa = 20
Melhor altura = 99

Lower Bound 1 = 90
Lower Bound 2 = 24
Avaliação = 1.1

Tempo de execução: 60.0001s

---------------------------

