Largura da faixa = 36
Melhor altura = 426

Lower Bound 1 = 352
Lower Bound 2 = 36
Avaliação = 1.21023

Tempo de execução: 60.0093s

---------------------------

Largura da faixa = 36
Melhor altura = 424

Lower Bound 1 = 352
Lower Bound 2 = 36
Avaliação = 1.20455

Tempo de execução: 60.008s

---------------------------

Largura da faixa = 36
Melhor altura = 425

Lower Bound 1 = 352
Lower Bound 2 = 36
Avaliação = 1.20739

Tempo de execução: 60.0172s

---------------------------

Largura da faixa = 36
Melhor altura = 427

Lower Bound 1 = 352
Lower Bound 2 = 36
Avaliação = 1.21307

Tempo de execução: 60.004s

---------------------------

Largura da faixa = 36
Melhor altura = 418

Lower Bound 1 = 352
Lower Bound 2 = 36
Avaliação = 1.1875

Tempo de execução: 60.0076s

---------------------------

Largura da faixa = 36
Melhor altura = 427

Lower Bound 1 = 352
Lower Bound 2 = 36
Avaliação = 1.21307

Tempo de execução: 60.0202s

---------------------------

Largura da faixa = 36
Melhor altura = 426

Lower Bound 1 = 352
Lower Bound 2 = 36
Avaliação = 1.21023

Tempo de execução: 60.0013s

---------------------------

Largura da faixa = 36
Melhor altura = 428

Lower Bound 1 = 352
Lower Bound 2 = 36
Avaliação = 1.21591

Tempo de execução: 60.0001s

---------------------------

Largura da faixa = 36
Melhor altura = 427

Lower Bound 1 = 352
Lower Bound 2 = 36
Avaliação = 1.21307

Tempo de execução: 60.002s

---------------------------

Largura da faixa = 36
Melhor altura = 429

Lower Bound 1 = 352
Lower Bound 2 = 36
Avaliação = 1.21875

Tempo de execução: 60.0066s

---------------------------

Largura da faixa = 36
Melhor altura = 423

Lower Bound 1 = 352
Lower Bound 2 = 36
Avaliação = 1.2017

Tempo de execução: 60.0131s

---------------------------

Largura da faixa = 36
Melhor altura = 428

Lower Bound 1 = 352
Lower Bound 2 = 36
Avaliação = 1.21591

Tempo de execução: 60.0279s

---------------------------

Largura da faixa = 36
Melhor altura = 426

Lower Bound 1 = 352
Lower Bound 2 = 36
Avaliação = 1.21023

Tempo de execução: 60.0007s

---------------------------

Largura da faixa = 36
Melhor altura = 432

Lower Bound 1 = 352
Lower Bound 2 = 36
Avaliação = 1.22727

Tempo de execução: 60.0021s

---------------------------

Largura da faixa = 36
Melhor altura = 427

Lower Bound 1 = 352
Lower Bound 2 = 36
Avaliação = 1.21307

Tempo de execução: 60.0214s

---------------------------

Largura da faixa = 36
Melhor altura = 427

Lower Bound 1 = 352
Lower Bound 2 = 36
Avaliação = 1.21307

Tempo de execução: 60.0024s

---------------------------

Largura da faixa = 36
Melhor altura = 425

Lower Bound 1 = 352
Lower Bound 2 = 36
Avaliação = 1.20739

Tempo de execução: 60.0244s

---------------------------

Largura da faixa = 36
Melhor altura = 423

Lower Bound 1 = 352
Lower Bound 2 = 36
Avaliação = 1.2017

Tempo de execução: 60.0352s

---------------------------

Largura da faixa = 36
Melhor altura = 427

Lower Bound 1 = 352
Lower Bound 2 = 36
Avaliação = 1.21307

Tempo de execução: 60.0063s

---------------------------

Largura da faixa = 36
Melhor altura = 429

Lower Bound 1 = 352
Lower Bound 2 = 36
Avaliação = 1.21875

Tempo de execução: 60.0166s

---------------------------

