Largura da faixa = 24
Melhor altura = 600

Lower Bound 1 = 521
Lower Bound 2 = 24
Avaliação = 1.15163

Tempo de execução: 60.0033s

---------------------------

Largura da faixa = 24
Melhor altura = 605

Lower Bound 1 = 521
Lower Bound 2 = 24
Avaliação = 1.16123

Tempo de execução: 60.0112s

---------------------------

Largura da faixa = 24
Melhor altura = 599

Lower Bound 1 = 521
Lower Bound 2 = 24
Avaliação = 1.14971

Tempo de execução: 60.0157s

---------------------------

Largura da faixa = 24
Melhor altura = 605

Lower Bound 1 = 521
Lower Bound 2 = 24
Avaliação = 1.16123

Tempo de execução: 60.0107s

---------------------------

Largura da faixa = 24
Melhor altura = 600

Lower Bound 1 = 521
Lower Bound 2 = 24
Avaliação = 1.15163

Tempo de execução: 60.0203s

---------------------------

Largura da faixa = 24
Melhor altura = 606

Lower Bound 1 = 521
Lower Bound 2 = 24
Avaliação = 1.16315

Tempo de execução: 60.0182s

---------------------------

Largura da faixa = 24
Melhor altura = 600

Lower Bound 1 = 521
Lower Bound 2 = 24
Avaliação = 1.15163

Tempo de execução: 60.0031s

---------------------------

Largura da faixa = 24
Melhor altura = 604

Lower Bound 1 = 521
Lower Bound 2 = 24
Avaliação = 1.15931

Tempo de execução: 60.0017s

---------------------------

Largura da faixa = 24
Melhor altura = 600

Lower Bound 1 = 521
Lower Bound 2 = 24
Avaliação = 1.15163

Tempo de execução: 60.0181s

---------------------------

Largura da faixa = 24
Melhor altura = 604

Lower Bound 1 = 521
Lower Bound 2 = 24
Avaliação = 1.15931

Tempo de execução: 60.0026s

---------------------------

Largura da faixa = 24
Melhor altura = 600

Lower Bound 1 = 521
Lower Bound 2 = 24
Avaliação = 1.15163

Tempo de execução: 60.0128s

---------------------------

Largura da faixa = 24
Melhor altura = 607

Lower Bound 1 = 521
Lower Bound 2 = 24
Avaliação = 1.16507

Tempo de execução: 60.0249s

---------------------------

Largura da faixa = 24
Melhor altura = 602

Lower Bound 1 = 521
Lower Bound 2 = 24
Avaliação = 1.15547

Tempo de execução: 60.0028s

---------------------------

Largura da faixa = 24
Melhor altura = 604

Lower Bound 1 = 521
Lower Bound 2 = 24
Avaliação = 1.15931

Tempo de execução: 60.0022s

---------------------------

Largura da faixa = 24
Melhor altura = 603

Lower Bound 1 = 521
Lower Bound 2 = 24
Avaliação = 1.15739

Tempo de execução: 60.0074s

---------------------------

Largura da faixa = 24
Melhor altura = 608

Lower Bound 1 = 521
Lower Bound 2 = 24
Avaliação = 1.16699

Tempo de execução: 60.0018s

---------------------------

Largura da faixa = 24
Melhor altura = 605

Lower Bound 1 = 521
Lower Bound 2 = 24
Avaliação = 1.16123

Tempo de execução: 60.0078s

---------------------------

Largura da faixa = 24
Melhor altura = 605

Lower Bound 1 = 521
Lower Bound 2 = 24
Avaliação = 1.16123

Tempo de execução: 60.01s

---------------------------

Largura da faixa = 24
Melhor altura = 604

Lower Bound 1 = 521
Lower Bound 2 = 24
Avaliação = 1.15931

Tempo de execução: 60.0012s

---------------------------

Largura da faixa = 24
Melhor altura = 605

Lower Bound 1 = 521
Lower Bound 2 = 24
Avaliação = 1.16123

Tempo de execução: 60.0118s

---------------------------

