Largura da faixa = 32
Melhor altura = 207

Lower Bound 1 = 180
Lower Bound 2 = 32
Avaliação = 1.15

Tempo de execução: 60.0001s

---------------------------

Largura da faixa = 32
Melhor altura = 209

Lower Bound 1 = 180
Lower Bound 2 = 32
Avaliação = 1.16111

Tempo de execução: 60.0015s

---------------------------

Largura da faixa = 32
Melhor altura = 207

Lower Bound 1 = 180
Lower Bound 2 = 32
Avaliação = 1.15

Tempo de execução: 60.0018s

---------------------------

Largura da faixa = 32
Melhor altura = 209

Lower Bound 1 = 180
Lower Bound 2 = 32
Avaliação = 1.16111

Tempo de execução: 60.0017s

---------------------------

Largura da faixa = 32
Melhor altura = 208

Lower Bound 1 = 180
Lower Bound 2 = 32
Avaliação = 1.15556

Tempo de execução: 60.002s

---------------------------

Largura da faixa = 32
Melhor altura = 208

Lower Bound 1 = 180
Lower Bound 2 = 32
Avaliação = 1.15556

Tempo de execução: 60.0091s

---------------------------

Largura da faixa = 32
Melhor altura = 206

Lower Bound 1 = 180
Lower Bound 2 = 32
Avaliação = 1.14444

Tempo de execução: 60.002s

---------------------------

Largura da faixa = 32
Melhor altura = 210

Lower Bound 1 = 180
Lower Bound 2 = 32
Avaliação = 1.16667

Tempo de execução: 60.0057s

---------------------------

Largura da faixa = 32
Melhor altura = 206

Lower Bound 1 = 180
Lower Bound 2 = 32
Avaliação = 1.14444

Tempo de execução: 60.0028s

---------------------------

Largura da faixa = 32
Melhor altura = 208

Lower Bound 1 = 180
Lower Bound 2 = 32
Avaliação = 1.15556

Tempo de execução: 60.0005s

---------------------------

Largura da faixa = 32
Melhor altura = 207

Lower Bound 1 = 180
Lower Bound 2 = 32
Avaliação = 1.15

Tempo de execução: 60.0024s

---------------------------

Largura da faixa = 32
Melhor altura = 209

Lower Bound 1 = 180
Lower Bound 2 = 32
Avaliação = 1.16111

Tempo de execução: 60.0038s

---------------------------

Largura da faixa = 32
Melhor altura = 204

Lower Bound 1 = 180
Lower Bound 2 = 32
Avaliação = 1.13333

Tempo de execução: 60.002s

---------------------------

Largura da faixa = 32
Melhor altura = 202

Lower Bound 1 = 180
Lower Bound 2 = 32
Avaliação = 1.12222

Tempo de execução: 60.001s

---------------------------

Largura da faixa = 32
Melhor altura = 209

Lower Bound 1 = 180
Lower Bound 2 = 32
Avaliação = 1.16111

Tempo de execução: 60.0015s

---------------------------

Largura da faixa = 32
Melhor altura = 208

Lower Bound 1 = 180
Lower Bound 2 = 32
Avaliação = 1.15556

Tempo de execução: 60.0015s

---------------------------

Largura da faixa = 32
Melhor altura = 207

Lower Bound 1 = 180
Lower Bound 2 = 32
Avaliação = 1.15

Tempo de execução: 60.0021s

---------------------------

Largura da faixa = 32
Melhor altura = 211

Lower Bound 1 = 180
Lower Bound 2 = 32
Avaliação = 1.17222

Tempo de execução: 60.0065s

---------------------------

Largura da faixa = 32
Melhor altura = 209

Lower Bound 1 = 180
Lower Bound 2 = 32
Avaliação = 1.16111

Tempo de execução: 60.0043s

---------------------------

Largura da faixa = 32
Melhor altura = 206

Lower Bound 1 = 180
Lower Bound 2 = 32
Avaliação = 1.14444

Tempo de execução: 60.0114s

---------------------------

