Largura da faixa = 29
Melhor altura = 122

Lower Bound 1 = 108
Lower Bound 2 = 29
Avaliação = 1.12963

Tempo de execução: 60.0002s

---------------------------

Largura da faixa = 29
Melhor altura = 123

Lower Bound 1 = 108
Lower Bound 2 = 29
Avaliação = 1.13889

Tempo de execução: 60.0009s

---------------------------

Largura da faixa = 29
Melhor altura = 122

Lower Bound 1 = 108
Lower Bound 2 = 29
Avaliação = 1.12963

Tempo de execução: 60.0015s

---------------------------

Largura da faixa = 29
Melhor altura = 122

Lower Bound 1 = 108
Lower Bound 2 = 29
Avaliação = 1.12963

Tempo de execução: 60.0003s

---------------------------

Largura da faixa = 29
Melhor altura = 119

Lower Bound 1 = 108
Lower Bound 2 = 29
Avaliação = 1.10185

Tempo de execução: 60.0003s

---------------------------

Largura da faixa = 29
Melhor altura = 121

Lower Bound 1 = 108
Lower Bound 2 = 29
Avaliação = 1.12037

Tempo de execução: 60.0002s

---------------------------

Largura da faixa = 29
Melhor altura = 120

Lower Bound 1 = 108
Lower Bound 2 = 29
Avaliação = 1.11111

Tempo de execução: 60.0013s

---------------------------

Largura da faixa = 29
Melhor altura = 122

Lower Bound 1 = 108
Lower Bound 2 = 29
Avaliação = 1.12963

Tempo de execução: 60.0019s

---------------------------

Largura da faixa = 29
Melhor altura = 121

Lower Bound 1 = 108
Lower Bound 2 = 29
Avaliação = 1.12037

Tempo de execução: 60.0015s

---------------------------

Largura da faixa = 29
Melhor altura = 121

Lower Bound 1 = 108
Lower Bound 2 = 29
Avaliação = 1.12037

Tempo de execução: 60.0002s

---------------------------

Largura da faixa = 29
Melhor altura = 122

Lower Bound 1 = 108
Lower Bound 2 = 29
Avaliação = 1.12963

Tempo de execução: 60.0016s

---------------------------

Largura da faixa = 29
Melhor altura = 122

Lower Bound 1 = 108
Lower Bound 2 = 29
Avaliação = 1.12963

Tempo de execução: 60.0011s

---------------------------

Largura da faixa = 29
Melhor altura = 121

Lower Bound 1 = 108
Lower Bound 2 = 29
Avaliação = 1.12037

Tempo de execução: 60.0002s

---------------------------

Largura da faixa = 29
Melhor altura = 122

Lower Bound 1 = 108
Lower Bound 2 = 29
Avaliação = 1.12963

Tempo de execução: 60.0003s

---------------------------

Largura da faixa = 29
Melhor altura = 119

Lower Bound 1 = 108
Lower Bound 2 = 29
Avaliação = 1.10185

Tempo de execução: 60.0004s

---------------------------

Largura da faixa = 29
Melhor altura = 122

Lower Bound 1 = 108
Lower Bound 2 = 29
Avaliação = 1.12963

Tempo de execução: 60.0007s

---------------------------

Largura da faixa = 29
Melhor altura = 120

Lower Bound 1 = 108
Lower Bound 2 = 29
Avaliação = 1.11111

Tempo de execução: 60.0004s

---------------------------

Largura da faixa = 29
Melhor altura = 120

Lower Bound 1 = 108
Lower Bound 2 = 29
Avaliação = 1.11111

Tempo de execução: 60.001s

---------------------------

Largura da faixa = 29
Melhor altura = 120

Lower Bound 1 = 108
Lower Bound 2 = 29
Avaliação = 1.11111

Tempo de execução: 60.001s

---------------------------

Largura da faixa = 29
Melhor altura = 123

Lower Bound 1 = 108
Lower Bound 2 = 29
Avaliação = 1.13889

Tempo de execução: 60.0013s

---------------------------

