Largura da faixa = 32
Melhor altura = 1042

Lower Bound 1 = 889
Lower Bound 2 = 32
Avaliação = 1.1721

Tempo de execução: 60.0493s

---------------------------

Largura da faixa = 32
Melhor altura = 1055

Lower Bound 1 = 889
Lower Bound 2 = 32
Avaliação = 1.18673

Tempo de execução: 60.0799s

---------------------------

Largura da faixa = 32
Melhor altura = 1050

Lower Bound 1 = 889
Lower Bound 2 = 32
Avaliação = 1.1811

Tempo de execução: 60.0965s

---------------------------

Largura da faixa = 32
Melhor altura = 1042

Lower Bound 1 = 889
Lower Bound 2 = 32
Avaliação = 1.1721

Tempo de execução: 60.008s

---------------------------

Largura da faixa = 32
Melhor altura = 1053

Lower Bound 1 = 889
Lower Bound 2 = 32
Avaliação = 1.18448

Tempo de execução: 60.0695s

---------------------------

Largura da faixa = 32
Melhor altura = 1054

Lower Bound 1 = 889
Lower Bound 2 = 32
Avaliação = 1.1856

Tempo de execução: 60.084s

---------------------------

Largura da faixa = 32
Melhor altura = 1045

Lower Bound 1 = 889
Lower Bound 2 = 32
Avaliação = 1.17548

Tempo de execução: 60.0069s

---------------------------

Largura da faixa = 32
Melhor altura = 1049

Lower Bound 1 = 889
Lower Bound 2 = 32
Avaliação = 1.17998

Tempo de execução: 60.0327s

---------------------------

Largura da faixa = 32
Melhor altura = 1049

Lower Bound 1 = 889
Lower Bound 2 = 32
Avaliação = 1.17998

Tempo de execução: 60.0482s

---------------------------

Largura da faixa = 32
Melhor altura = 1052

Lower Bound 1 = 889
Lower Bound 2 = 32
Avaliação = 1.18335

Tempo de execução: 60.0016s

---------------------------

Largura da faixa = 32
Melhor altura = 1054

Lower Bound 1 = 889
Lower Bound 2 = 32
Avaliação = 1.1856

Tempo de execução: 60.0176s

---------------------------

Largura da faixa = 32
Melhor altura = 1062

Lower Bound 1 = 889
Lower Bound 2 = 32
Avaliação = 1.1946

Tempo de execução: 60.0719s

---------------------------

Largura da faixa = 32
Melhor altura = 1051

Lower Bound 1 = 889
Lower Bound 2 = 32
Avaliação = 1.18223

Tempo de execução: 60.0134s

---------------------------

Largura da faixa = 32
Melhor altura = 1042

Lower Bound 1 = 889
Lower Bound 2 = 32
Avaliação = 1.1721

Tempo de execução: 60.0377s

---------------------------

Largura da faixa = 32
Melhor altura = 1059

Lower Bound 1 = 889
Lower Bound 2 = 32
Avaliação = 1.19123

Tempo de execução: 60.0697s

---------------------------

Largura da faixa = 32
Melhor altura = 1049

Lower Bound 1 = 889
Lower Bound 2 = 32
Avaliação = 1.17998

Tempo de execução: 60.0194s

---------------------------

Largura da faixa = 32
Melhor altura = 1058

Lower Bound 1 = 889
Lower Bound 2 = 32
Avaliação = 1.1901

Tempo de execução: 60.0576s

---------------------------

Largura da faixa = 32
Melhor altura = 1048

Lower Bound 1 = 889
Lower Bound 2 = 32
Avaliação = 1.17885

Tempo de execução: 60.0621s

---------------------------

Largura da faixa = 32
Melhor altura = 1046

Lower Bound 1 = 889
Lower Bound 2 = 32
Avaliação = 1.1766

Tempo de execução: 60.0041s

---------------------------

Largura da faixa = 32
Melhor altura = 1056

Lower Bound 1 = 889
Lower Bound 2 = 32
Avaliação = 1.18785

Tempo de execução: 60.0087s

---------------------------

