Largura da faixa = 36
Melhor altura = 549

Lower Bound 1 = 454
Lower Bound 2 = 36
Avaliação = 1.20925

Tempo de execução: 60.0079s

---------------------------

Largura da faixa = 36
Melhor altura = 548

Lower Bound 1 = 454
Lower Bound 2 = 36
Avaliação = 1.20705

Tempo de execução: 60.0111s

---------------------------

Largura da faixa = 36
Melhor altura = 549

Lower Bound 1 = 454
Lower Bound 2 = 36
Avaliação = 1.20925

Tempo de execução: 60.0131s

---------------------------

Largura da faixa = 36
Melhor altura = 541

Lower Bound 1 = 454
Lower Bound 2 = 36
Avaliação = 1.19163

Tempo de execução: 60.0183s

---------------------------

Largura da faixa = 36
Melhor altura = 541

Lower Bound 1 = 454
Lower Bound 2 = 36
Avaliação = 1.19163

Tempo de execução: 60.015s

---------------------------

Largura da faixa = 36
Melhor altura = 543

Lower Bound 1 = 454
Lower Bound 2 = 36
Avaliação = 1.19604

Tempo de execução: 60.0256s

---------------------------

Largura da faixa = 36
Melhor altura = 549

Lower Bound 1 = 454
Lower Bound 2 = 36
Avaliação = 1.20925

Tempo de execução: 60.0229s

---------------------------

Largura da faixa = 36
Melhor altura = 546

Lower Bound 1 = 454
Lower Bound 2 = 36
Avaliação = 1.20264

Tempo de execução: 60.031s

---------------------------

Largura da faixa = 36
Melhor altura = 548

Lower Bound 1 = 454
Lower Bound 2 = 36
Avaliação = 1.20705

Tempo de execução: 60.0259s

---------------------------

Largura da faixa = 36
Melhor altura = 540

Lower Bound 1 = 454
Lower Bound 2 = 36
Avaliação = 1.18943

Tempo de execução: 60.0008s

---------------------------

Largura da faixa = 36
Melhor altura = 546

Lower Bound 1 = 454
Lower Bound 2 = 36
Avaliação = 1.20264

Tempo de execução: 60.0067s

---------------------------

Largura da faixa = 36
Melhor altura = 547

Lower Bound 1 = 454
Lower Bound 2 = 36
Avaliação = 1.20485

Tempo de execução: 60.0246s

---------------------------

Largura da faixa = 36
Melhor altura = 547

Lower Bound 1 = 454
Lower Bound 2 = 36
Avaliação = 1.20485

Tempo de execução: 60.0029s

---------------------------

Largura da faixa = 36
Melhor altura = 545

Lower Bound 1 = 454
Lower Bound 2 = 36
Avaliação = 1.20044

Tempo de execução: 60.0052s

---------------------------

Largura da faixa = 36
Melhor altura = 546

Lower Bound 1 = 454
Lower Bound 2 = 36
Avaliação = 1.20264

Tempo de execução: 60.0211s

---------------------------

Largura da faixa = 36
Melhor altura = 549

Lower Bound 1 = 454
Lower Bound 2 = 36
Avaliação = 1.20925

Tempo de execução: 60.0077s

---------------------------

Largura da faixa = 36
Melhor altura = 543

Lower Bound 1 = 454
Lower Bound 2 = 36
Avaliação = 1.19604

Tempo de execução: 60.0036s

---------------------------

Largura da faixa = 36
Melhor altura = 544

Lower Bound 1 = 454
Lower Bound 2 = 36
Avaliação = 1.19824

Tempo de execução: 60.014s

---------------------------

Largura da faixa = 36
Melhor altura = 543

Lower Bound 1 = 454
Lower Bound 2 = 36
Avaliação = 1.19604

Tempo de execução: 60.0081s

---------------------------

Largura da faixa = 36
Melhor altura = 542

Lower Bound 1 = 454
Lower Bound 2 = 36
Avaliação = 1.19383

Tempo de execução: 60.0099s

---------------------------

