Largura da faixa = 36
Melhor altura = 430

Lower Bound 1 = 355
Lower Bound 2 = 36
Avaliação = 1.21127

Tempo de execução: 60.0052s

---------------------------

Largura da faixa = 36
Melhor altura = 426

Lower Bound 1 = 355
Lower Bound 2 = 36
Avaliação = 1.2

Tempo de execução: 60.0002s

---------------------------

Largura da faixa = 36
Melhor altura = 422

Lower Bound 1 = 355
Lower Bound 2 = 36
Avaliação = 1.18873

Tempo de execução: 60.0036s

---------------------------

Largura da faixa = 36
Melhor altura = 424

Lower Bound 1 = 355
Lower Bound 2 = 36
Avaliação = 1.19437

Tempo de execução: 60.0017s

---------------------------

Largura da faixa = 36
Melhor altura = 434

Lower Bound 1 = 355
Lower Bound 2 = 36
Avaliação = 1.22254

Tempo de execução: 60.0054s

---------------------------

Largura da faixa = 36
Melhor altura = 420

Lower Bound 1 = 355
Lower Bound 2 = 36
Avaliação = 1.1831

Tempo de execução: 60.0206s

---------------------------

Largura da faixa = 36
Melhor altura = 427

Lower Bound 1 = 355
Lower Bound 2 = 36
Avaliação = 1.20282

Tempo de execução: 60.0004s

---------------------------

Largura da faixa = 36
Melhor altura = 422

Lower Bound 1 = 355
Lower Bound 2 = 36
Avaliação = 1.18873

Tempo de execução: 60.0061s

---------------------------

Largura da faixa = 36
Melhor altura = 427

Lower Bound 1 = 355
Lower Bound 2 = 36
Avaliação = 1.20282

Tempo de execução: 60.0133s

---------------------------

Largura da faixa = 36
Melhor altura = 426

Lower Bound 1 = 355
Lower Bound 2 = 36
Avaliação = 1.2

Tempo de execução: 60s

---------------------------

Largura da faixa = 36
Melhor altura = 420

Lower Bound 1 = 355
Lower Bound 2 = 36
Avaliação = 1.1831

Tempo de execução: 60.0043s

---------------------------

Largura da faixa = 36
Melhor altura = 424

Lower Bound 1 = 355
Lower Bound 2 = 36
Avaliação = 1.19437

Tempo de execução: 60.0033s

---------------------------

Largura da faixa = 36
Melhor altura = 425

Lower Bound 1 = 355
Lower Bound 2 = 36
Avaliação = 1.19718

Tempo de execução: 60.0025s

---------------------------

Largura da faixa = 36
Melhor altura = 424

Lower Bound 1 = 355
Lower Bound 2 = 36
Avaliação = 1.19437

Tempo de execução: 60.0175s

---------------------------

Largura da faixa = 36
Melhor altura = 424

Lower Bound 1 = 355
Lower Bound 2 = 36
Avaliação = 1.19437

Tempo de execução: 60.0197s

---------------------------

Largura da faixa = 36
Melhor altura = 428

Lower Bound 1 = 355
Lower Bound 2 = 36
Avaliação = 1.20563

Tempo de execução: 60.0016s

---------------------------

Largura da faixa = 36
Melhor altura = 425

Lower Bound 1 = 355
Lower Bound 2 = 36
Avaliação = 1.19718

Tempo de execução: 60.0067s

---------------------------

Largura da faixa = 36
Melhor altura = 427

Lower Bound 1 = 355
Lower Bound 2 = 36
Avaliação = 1.20282

Tempo de execução: 60.0038s

---------------------------

Largura da faixa = 36
Melhor altura = 428

Lower Bound 1 = 355
Lower Bound 2 = 36
Avaliação = 1.20563

Tempo de execução: 60.0001s

---------------------------

Largura da faixa = 36
Melhor altura = 424

Lower Bound 1 = 355
Lower Bound 2 = 36
Avaliação = 1.19437

Tempo de execução: 60.0069s

---------------------------

