Largura da faixa = 31
Melhor altura = 205

Lower Bound 1 = 180
Lower Bound 2 = 31
Avaliação = 1.13889

Tempo de execução: 60.0006s

---------------------------

Largura da faixa = 31
Melhor altura = 207

Lower Bound 1 = 180
Lower Bound 2 = 31
Avaliação = 1.15

Tempo de execução: 60.0006s

---------------------------

Largura da faixa = 31
Melhor altura = 210

Lower Bound 1 = 180
Lower Bound 2 = 31
Avaliação = 1.16667

Tempo de execução: 60.0032s

---------------------------

Largura da faixa = 31
Melhor altura = 211

Lower Bound 1 = 180
Lower Bound 2 = 31
Avaliação = 1.17222

Tempo de execução: 60.0001s

---------------------------

Largura da faixa = 31
Melhor altura = 203

Lower Bound 1 = 180
Lower Bound 2 = 31
Avaliação = 1.12778

Tempo de execução: 60.0026s

---------------------------

Largura da faixa = 31
Melhor altura = 206

Lower Bound 1 = 180
Lower Bound 2 = 31
Avaliação = 1.14444

Tempo de execução: 60.0071s

---------------------------

Largura da faixa = 31
Melhor altura = 204

Lower Bound 1 = 180
Lower Bound 2 = 31
Avaliação = 1.13333

Tempo de execução: 60.0055s

---------------------------

Largura da faixa = 31
Melhor altura = 210

Lower Bound 1 = 180
Lower Bound 2 = 31
Avaliação = 1.16667

Tempo de execução: 60.0053s

---------------------------

Largura da faixa = 31
Melhor altura = 207

Lower Bound 1 = 180
Lower Bound 2 = 31
Avaliação = 1.15

Tempo de execução: 60.0047s

---------------------------

Largura da faixa = 31
Melhor altura = 208

Lower Bound 1 = 180
Lower Bound 2 = 31
Avaliação = 1.15556

Tempo de execução: 60.0004s

---------------------------

Largura da faixa = 31
Melhor altura = 210

Lower Bound 1 = 180
Lower Bound 2 = 31
Avaliação = 1.16667

Tempo de execução: 60.0013s

---------------------------

Largura da faixa = 31
Melhor altura = 209

Lower Bound 1 = 180
Lower Bound 2 = 31
Avaliação = 1.16111

Tempo de execução: 60.0046s

---------------------------

Largura da faixa = 31
Melhor altura = 202

Lower Bound 1 = 180
Lower Bound 2 = 31
Avaliação = 1.12222

Tempo de execução: 60.0091s

---------------------------

Largura da faixa = 31
Melhor altura = 209

Lower Bound 1 = 180
Lower Bound 2 = 31
Avaliação = 1.16111

Tempo de execução: 60.0106s

---------------------------

Largura da faixa = 31
Melhor altura = 207

Lower Bound 1 = 180
Lower Bound 2 = 31
Avaliação = 1.15

Tempo de execução: 60.0116s

---------------------------

Largura da faixa = 31
Melhor altura = 207

Lower Bound 1 = 180
Lower Bound 2 = 31
Avaliação = 1.15

Tempo de execução: 60.0032s

---------------------------

Largura da faixa = 31
Melhor altura = 206

Lower Bound 1 = 180
Lower Bound 2 = 31
Avaliação = 1.14444

Tempo de execução: 60.0028s

---------------------------

Largura da faixa = 31
Melhor altura = 206

Lower Bound 1 = 180
Lower Bound 2 = 31
Avaliação = 1.14444

Tempo de execução: 60.0051s

---------------------------

Largura da faixa = 31
Melhor altura = 208

Lower Bound 1 = 180
Lower Bound 2 = 31
Avaliação = 1.15556

Tempo de execução: 60.0029s

---------------------------

Largura da faixa = 31
Melhor altura = 208

Lower Bound 1 = 180
Lower Bound 2 = 31
Avaliação = 1.15556

Tempo de execução: 60.0046s

---------------------------

