Largura da faixa = 32
Melhor altura = 105

Lower Bound 1 = 94
Lower Bound 2 = 32
Avaliação = 1.11702

Tempo de execução: 60.0001s

---------------------------

Largura da faixa = 32
Melhor altura = 106

Lower Bound 1 = 94
Lower Bound 2 = 32
Avaliação = 1.12766

Tempo de execução: 60.0005s

---------------------------

Largura da faixa = 32
Melhor altura = 107

Lower Bound 1 = 94
Lower Bound 2 = 32
Avaliação = 1.1383

Tempo de execução: 60.0003s

---------------------------

Largura da faixa = 32
Melhor altura = 105

Lower Bound 1 = 94
Lower Bound 2 = 32
Avaliação = 1.11702

Tempo de execução: 60s

---------------------------

Largura da faixa = 32
Melhor altura = 107

Lower Bound 1 = 94
Lower Bound 2 = 32
Avaliação = 1.1383

Tempo de execução: 60.0014s

---------------------------

Largura da faixa = 32
Melhor altura = 107

Lower Bound 1 = 94
Lower Bound 2 = 32
Avaliação = 1.1383

Tempo de execução: 60.0017s

---------------------------

Largura da faixa = 32
Melhor altura = 106

Lower Bound 1 = 94
Lower Bound 2 = 32
Avaliação = 1.12766

Tempo de execução: 60.0003s

---------------------------

Largura da faixa = 32
Melhor altura = 108

Lower Bound 1 = 94
Lower Bound 2 = 32
Avaliação = 1.14894

Tempo de execução: 60.0009s

---------------------------

Largura da faixa = 32
Melhor altura = 106

Lower Bound 1 = 94
Lower Bound 2 = 32
Avaliação = 1.12766

Tempo de execução: 60.0009s

---------------------------

Largura da faixa = 32
Melhor altura = 106

Lower Bound 1 = 94
Lower Bound 2 = 32
Avaliação = 1.12766

Tempo de execução: 60.0001s

---------------------------

Largura da faixa = 32
Melhor altura = 106

Lower Bound 1 = 94
Lower Bound 2 = 32
Avaliação = 1.12766

Tempo de execução: 60.0003s

---------------------------

Largura da faixa = 32
Melhor altura = 105

Lower Bound 1 = 94
Lower Bound 2 = 32
Avaliação = 1.11702

Tempo de execução: 60.0003s

---------------------------

Largura da faixa = 32
Melhor altura = 104

Lower Bound 1 = 94
Lower Bound 2 = 32
Avaliação = 1.10638

Tempo de execução: 60.0005s

---------------------------

Largura da faixa = 32
Melhor altura = 107

Lower Bound 1 = 94
Lower Bound 2 = 32
Avaliação = 1.1383

Tempo de execução: 60.0007s

---------------------------

Largura da faixa = 32
Melhor altura = 105

Lower Bound 1 = 94
Lower Bound 2 = 32
Avaliação = 1.11702

Tempo de execução: 60.0011s

---------------------------

Largura da faixa = 32
Melhor altura = 104

Lower Bound 1 = 94
Lower Bound 2 = 32
Avaliação = 1.10638

Tempo de execução: 60.0006s

---------------------------

Largura da faixa = 32
Melhor altura = 107

Lower Bound 1 = 94
Lower Bound 2 = 32
Avaliação = 1.1383

Tempo de execução: 60.0002s

---------------------------

Largura da faixa = 32
Melhor altura = 105

Lower Bound 1 = 94
Lower Bound 2 = 32
Avaliação = 1.11702

Tempo de execução: 60.0011s

---------------------------

Largura da faixa = 32
Melhor altura = 103

Lower Bound 1 = 94
Lower Bound 2 = 32
Avaliação = 1.09574

Tempo de execução: 60s

---------------------------

Largura da faixa = 32
Melhor altura = 106

Lower Bound 1 = 94
Lower Bound 2 = 32
Avaliação = 1.12766

Tempo de execução: 60.0003s

---------------------------

