Largura da faixa = 31
Melhor altura = 411

Lower Bound 1 = 341
Lower Bound 2 = 31
Avaliação = 1.20528

Tempo de execução: 60.0062s

---------------------------

Largura da faixa = 31
Melhor altura = 401

Lower Bound 1 = 341
Lower Bound 2 = 31
Avaliação = 1.17595

Tempo de execução: 60.0119s

---------------------------

Largura da faixa = 31
Melhor altura = 405

Lower Bound 1 = 341
Lower Bound 2 = 31
Avaliação = 1.18768

Tempo de execução: 60.0177s

---------------------------

Largura da faixa = 31
Melhor altura = 411

Lower Bound 1 = 341
Lower Bound 2 = 31
Avaliação = 1.20528

Tempo de execução: 60.0029s

---------------------------

Largura da faixa = 31
Melhor altura = 409

Lower Bound 1 = 341
Lower Bound 2 = 31
Avaliação = 1.19941

Tempo de execução: 60.0122s

---------------------------

Largura da faixa = 31
Melhor altura = 405

Lower Bound 1 = 341
Lower Bound 2 = 31
Avaliação = 1.18768

Tempo de execução: 60.01s

---------------------------

Largura da faixa = 31
Melhor altura = 409

Lower Bound 1 = 341
Lower Bound 2 = 31
Avaliação = 1.19941

Tempo de execução: 60.002s

---------------------------

Largura da faixa = 31
Melhor altura = 407

Lower Bound 1 = 341
Lower Bound 2 = 31
Avaliação = 1.19355

Tempo de execução: 60.0041s

---------------------------

Largura da faixa = 31
Melhor altura = 410

Lower Bound 1 = 341
Lower Bound 2 = 31
Avaliação = 1.20235

Tempo de execução: 60.0056s

---------------------------

Largura da faixa = 31
Melhor altura = 407

Lower Bound 1 = 341
Lower Bound 2 = 31
Avaliação = 1.19355

Tempo de execução: 60.0018s

---------------------------

Largura da faixa = 31
Melhor altura = 412

Lower Bound 1 = 341
Lower Bound 2 = 31
Avaliação = 1.20821

Tempo de execução: 60.0079s

---------------------------

Largura da faixa = 31
Melhor altura = 408

Lower Bound 1 = 341
Lower Bound 2 = 31
Avaliação = 1.19648

Tempo de execução: 60.0076s

---------------------------

Largura da faixa = 31
Melhor altura = 401

Lower Bound 1 = 341
Lower Bound 2 = 31
Avaliação = 1.17595

Tempo de execução: 60.004s

---------------------------

Largura da faixa = 31
Melhor altura = 407

Lower Bound 1 = 341
Lower Bound 2 = 31
Avaliação = 1.19355

Tempo de execução: 60.0124s

---------------------------

Largura da faixa = 31
Melhor altura = 405

Lower Bound 1 = 341
Lower Bound 2 = 31
Avaliação = 1.18768

Tempo de execução: 60.0119s

---------------------------

Largura da faixa = 31
Melhor altura = 408

Lower Bound 1 = 341
Lower Bound 2 = 31
Avaliação = 1.19648

Tempo de execução: 60.0026s

---------------------------

Largura da faixa = 31
Melhor altura = 408

Lower Bound 1 = 341
Lower Bound 2 = 31
Avaliação = 1.19648

Tempo de execução: 60.0026s

---------------------------

Largura da faixa = 31
Melhor altura = 412

Lower Bound 1 = 341
Lower Bound 2 = 31
Avaliação = 1.20821

Tempo de execução: 60.0077s

---------------------------

Largura da faixa = 31
Melhor altura = 410

Lower Bound 1 = 341
Lower Bound 2 = 31
Avaliação = 1.20235

Tempo de execução: 60.0028s

---------------------------

Largura da faixa = 31
Melhor altura = 402

Lower Bound 1 = 341
Lower Bound 2 = 31
Avaliação = 1.17889

Tempo de execução: 60.0141s

---------------------------

