Largura da faixa = 34
Melhor altura = 90

Lower Bound 1 = 81
Lower Bound 2 = 34
Avaliação = 1.11111

Tempo de execução: 60.0002s

---------------------------

Largura da faixa = 34
Melhor altura = 88

Lower Bound 1 = 81
Lower Bound 2 = 34
Avaliação = 1.08642

Tempo de execução: 60.0002s

---------------------------

Largura da faixa = 34
Melhor altura = 88

Lower Bound 1 = 81
Lower Bound 2 = 34
Avaliação = 1.08642

Tempo de execução: 60.0005s

---------------------------

Largura da faixa = 34
Melhor altura = 89

Lower Bound 1 = 81
Lower Bound 2 = 34
Avaliação = 1.09877

Tempo de execução: 60.0002s

---------------------------

Largura da faixa = 34
Melhor altura = 89

Lower Bound 1 = 81
Lower Bound 2 = 34
Avaliação = 1.09877

Tempo de execução: 60.0003s

---------------------------

Largura da faixa = 34
Melhor altura = 90

Lower Bound 1 = 81
Lower Bound 2 = 34
Avaliação = 1.11111

Tempo de execução: 60.001s

---------------------------

Largura da faixa = 34
Melhor altura = 90

Lower Bound 1 = 81
Lower Bound 2 = 34
Avaliação = 1.11111

Tempo de execução: 60.0003s

---------------------------

Largura da faixa = 34
Melhor altura = 89

Lower Bound 1 = 81
Lower Bound 2 = 34
Avaliação = 1.09877

Tempo de execução: 60.0003s

---------------------------

Largura da faixa = 34
Melhor altura = 89

Lower Bound 1 = 81
Lower Bound 2 = 34
Avaliação = 1.09877

Tempo de execução: 60.0002s

---------------------------

Largura da faixa = 34
Melhor altura = 91

Lower Bound 1 = 81
Lower Bound 2 = 34
Avaliação = 1.12346

Tempo de execução: 60.0001s

---------------------------

Largura da faixa = 34
Melhor altura = 88

Lower Bound 1 = 81
Lower Bound 2 = 34
Avaliação = 1.08642

Tempo de execução: 60.0005s

---------------------------

Largura da faixa = 34
Melhor altura = 90

Lower Bound 1 = 81
Lower Bound 2 = 34
Avaliação = 1.11111

Tempo de execução: 60.0006s

---------------------------

Largura da faixa = 34
Melhor altura = 88

Lower Bound 1 = 81
Lower Bound 2 = 34
Avaliação = 1.08642

Tempo de execução: 60.0005s

---------------------------

Largura da faixa = 34
Melhor altura = 91

Lower Bound 1 = 81
Lower Bound 2 = 34
Avaliação = 1.12346

Tempo de execução: 60s

---------------------------

Largura da faixa = 34
Melhor altura = 89

Lower Bound 1 = 81
Lower Bound 2 = 34
Avaliação = 1.09877

Tempo de execução: 60.0002s

---------------------------

Largura da faixa = 34
Melhor altura = 88

Lower Bound 1 = 81
Lower Bound 2 = 34
Avaliação = 1.08642

Tempo de execução: 60.0001s

---------------------------

Largura da faixa = 34
Melhor altura = 89

Lower Bound 1 = 81
Lower Bound 2 = 34
Avaliação = 1.09877

Tempo de execução: 60.0003s

---------------------------

Largura da faixa = 34
Melhor altura = 91

Lower Bound 1 = 81
Lower Bound 2 = 34
Avaliação = 1.12346

Tempo de execução: 60.0008s

---------------------------

Largura da faixa = 34
Melhor altura = 90

Lower Bound 1 = 81
Lower Bound 2 = 34
Avaliação = 1.11111

Tempo de execução: 60.0003s

---------------------------

Largura da faixa = 34
Melhor altura = 92

Lower Bound 1 = 81
Lower Bound 2 = 34
Avaliação = 1.1358

Tempo de execução: 60.0003s

---------------------------

