Largura da faixa = 24
Melhor altura = 1443

Lower Bound 1 = 1230
Lower Bound 2 = 24
Avaliação = 1.17317

Tempo de execução: 60.0096s

---------------------------

Largura da faixa = 24
Melhor altura = 1445

Lower Bound 1 = 1230
Lower Bound 2 = 24
Avaliação = 1.1748

Tempo de execução: 60.0236s

---------------------------

Largura da faixa = 24
Melhor altura = 1449

Lower Bound 1 = 1230
Lower Bound 2 = 24
Avaliação = 1.17805

Tempo de execução: 60.0271s

---------------------------

Largura da faixa = 24
Melhor altura = 1444

Lower Bound 1 = 1230
Lower Bound 2 = 24
Avaliação = 1.17398

Tempo de execução: 60.0008s

---------------------------

Largura da faixa = 24
Melhor altura = 1454

Lower Bound 1 = 1230
Lower Bound 2 = 24
Avaliação = 1.18211

Tempo de execução: 60.0097s

---------------------------

Largura da faixa = 24
Melhor altura = 1451

Lower Bound 1 = 1230
Lower Bound 2 = 24
Avaliação = 1.17967

Tempo de execução: 60.0375s

---------------------------

Largura da faixa = 24
Melhor altura = 1454

Lower Bound 1 = 1230
Lower Bound 2 = 24
Avaliação = 1.18211

Tempo de execução: 60.0012s

---------------------------

Largura da faixa = 24
Melhor altura = 1457

Lower Bound 1 = 1230
Lower Bound 2 = 24
Avaliação = 1.18455

Tempo de execução: 60.0158s

---------------------------

Largura da faixa = 24
Melhor altura = 1448

Lower Bound 1 = 1230
Lower Bound 2 = 24
Avaliação = 1.17724

Tempo de execução: 60.0609s

---------------------------

Largura da faixa = 24
Melhor altura = 1457

Lower Bound 1 = 1230
Lower Bound 2 = 24
Avaliação = 1.18455

Tempo de execução: 60.0261s

---------------------------

Largura da faixa = 24
Melhor altura = 1445

Lower Bound 1 = 1230
Lower Bound 2 = 24
Avaliação = 1.1748

Tempo de execução: 60.0246s

---------------------------

Largura da faixa = 24
Melhor altura = 1454

Lower Bound 1 = 1230
Lower Bound 2 = 24
Avaliação = 1.18211

Tempo de execução: 60.041s

---------------------------

Largura da faixa = 24
Melhor altura = 1449

Lower Bound 1 = 1230
Lower Bound 2 = 24
Avaliação = 1.17805

Tempo de execução: 60.0034s

---------------------------

Largura da faixa = 24
Melhor altura = 1451

Lower Bound 1 = 1230
Lower Bound 2 = 24
Avaliação = 1.17967

Tempo de execução: 60.0203s

---------------------------

Largura da faixa = 24
Melhor altura = 1448

Lower Bound 1 = 1230
Lower Bound 2 = 24
Avaliação = 1.17724

Tempo de execução: 60.0265s

---------------------------

Largura da faixa = 24
Melhor altura = 1445

Lower Bound 1 = 1230
Lower Bound 2 = 24
Avaliação = 1.1748

Tempo de execução: 60.01s

---------------------------

Largura da faixa = 24
Melhor altura = 1451

Lower Bound 1 = 1230
Lower Bound 2 = 24
Avaliação = 1.17967

Tempo de execução: 60.0311s

---------------------------

Largura da faixa = 24
Melhor altura = 1442

Lower Bound 1 = 1230
Lower Bound 2 = 24
Avaliação = 1.17236

Tempo de execução: 60.0444s

---------------------------

Largura da faixa = 24
Melhor altura = 1449

Lower Bound 1 = 1230
Lower Bound 2 = 24
Avaliação = 1.17805

Tempo de execução: 60.005s

---------------------------

Largura da faixa = 24
Melhor altura = 1452

Lower Bound 1 = 1230
Lower Bound 2 = 24
Avaliação = 1.18049

Tempo de execução: 60.0042s

---------------------------

