Largura da faixa = 35
Melhor altura = 889

Lower Bound 1 = 732
Lower Bound 2 = 35
Avaliação = 1.21448

Tempo de execução: 60.0149s

---------------------------

Largura da faixa = 35
Melhor altura = 891

Lower Bound 1 = 732
Lower Bound 2 = 35
Avaliação = 1.21721

Tempo de execução: 60.0061s

---------------------------

Largura da faixa = 35
Melhor altura = 889

Lower Bound 1 = 732
Lower Bound 2 = 35
Avaliação = 1.21448

Tempo de execução: 60.033s

---------------------------

Largura da faixa = 35
Melhor altura = 885

Lower Bound 1 = 732
Lower Bound 2 = 35
Avaliação = 1.20902

Tempo de execução: 60.0007s

---------------------------

Largura da faixa = 35
Melhor altura = 891

Lower Bound 1 = 732
Lower Bound 2 = 35
Avaliação = 1.21721

Tempo de execução: 60.0126s

---------------------------

Largura da faixa = 35
Melhor altura = 886

Lower Bound 1 = 732
Lower Bound 2 = 35
Avaliação = 1.21038

Tempo de execução: 60.0013s

---------------------------

Largura da faixa = 35
Melhor altura = 885

Lower Bound 1 = 732
Lower Bound 2 = 35
Avaliação = 1.20902

Tempo de execução: 60.0025s

---------------------------

Largura da faixa = 35
Melhor altura = 893

Lower Bound 1 = 732
Lower Bound 2 = 35
Avaliação = 1.21995

Tempo de execução: 60.0297s

---------------------------

Largura da faixa = 35
Melhor altura = 897

Lower Bound 1 = 732
Lower Bound 2 = 35
Avaliação = 1.22541

Tempo de execução: 60.0423s

---------------------------

Largura da faixa = 35
Melhor altura = 888

Lower Bound 1 = 732
Lower Bound 2 = 35
Avaliação = 1.21311

Tempo de execução: 60.0051s

---------------------------

Largura da faixa = 35
Melhor altura = 883

Lower Bound 1 = 732
Lower Bound 2 = 35
Avaliação = 1.20628

Tempo de execução: 60.0148s

---------------------------

Largura da faixa = 35
Melhor altura = 894

Lower Bound 1 = 732
Lower Bound 2 = 35
Avaliação = 1.22131

Tempo de execução: 60.0501s

---------------------------

Largura da faixa = 35
Melhor altura = 884

Lower Bound 1 = 732
Lower Bound 2 = 35
Avaliação = 1.20765

Tempo de execução: 60.0032s

---------------------------

Largura da faixa = 35
Melhor altura = 897

Lower Bound 1 = 732
Lower Bound 2 = 35
Avaliação = 1.22541

Tempo de execução: 60.0202s

---------------------------

Largura da faixa = 35
Melhor altura = 891

Lower Bound 1 = 732
Lower Bound 2 = 35
Avaliação = 1.21721

Tempo de execução: 60.0361s

---------------------------

Largura da faixa = 35
Melhor altura = 888

Lower Bound 1 = 732
Lower Bound 2 = 35
Avaliação = 1.21311

Tempo de execução: 60.0062s

---------------------------

Largura da faixa = 35
Melhor altura = 887

Lower Bound 1 = 732
Lower Bound 2 = 35
Avaliação = 1.21175

Tempo de execução: 60.0148s

---------------------------

Largura da faixa = 35
Melhor altura = 895

Lower Bound 1 = 732
Lower Bound 2 = 35
Avaliação = 1.22268

Tempo de execução: 60.0551s

---------------------------

Largura da faixa = 35
Melhor altura = 886

Lower Bound 1 = 732
Lower Bound 2 = 35
Avaliação = 1.21038

Tempo de execução: 60.0062s

---------------------------

Largura da faixa = 35
Melhor altura = 879

Lower Bound 1 = 732
Lower Bound 2 = 35
Avaliação = 1.20082

Tempo de execução: 60.0448s

---------------------------

