Largura da faixa = 36
Melhor altura = 850

Lower Bound 1 = 701
Lower Bound 2 = 36
Avaliação = 1.21255

Tempo de execução: 60.0441s

---------------------------

Largura da faixa = 36
Melhor altura = 855

Lower Bound 1 = 701
Lower Bound 2 = 36
Avaliação = 1.21969

Tempo de execução: 60.0337s

---------------------------

Largura da faixa = 36
Melhor altura = 839

Lower Bound 1 = 701
Lower Bound 2 = 36
Avaliação = 1.19686

Tempo de execução: 60.0665s

---------------------------

Largura da faixa = 36
Melhor altura = 852

Lower Bound 1 = 701
Lower Bound 2 = 36
Avaliação = 1.21541

Tempo de execução: 60.0037s

---------------------------

Largura da faixa = 36
Melhor altura = 848

Lower Bound 1 = 701
Lower Bound 2 = 36
Avaliação = 1.2097

Tempo de execução: 60.0145s

---------------------------

Largura da faixa = 36
Melhor altura = 847

Lower Bound 1 = 701
Lower Bound 2 = 36
Avaliação = 1.20827

Tempo de execução: 60.0429s

---------------------------

Largura da faixa = 36
Melhor altura = 854

Lower Bound 1 = 701
Lower Bound 2 = 36
Avaliação = 1.21826

Tempo de execução: 60.0276s

---------------------------

Largura da faixa = 36
Melhor altura = 852

Lower Bound 1 = 701
Lower Bound 2 = 36
Avaliação = 1.21541

Tempo de execução: 60.0126s

---------------------------

Largura da faixa = 36
Melhor altura = 860

Lower Bound 1 = 701
Lower Bound 2 = 36
Avaliação = 1.22682

Tempo de execução: 60.039s

---------------------------

Largura da faixa = 36
Melhor altura = 851

Lower Bound 1 = 701
Lower Bound 2 = 36
Avaliação = 1.21398

Tempo de execução: 60.0087s

---------------------------

Largura da faixa = 36
Melhor altura = 844

Lower Bound 1 = 701
Lower Bound 2 = 36
Avaliação = 1.20399

Tempo de execução: 60.0519s

---------------------------

Largura da faixa = 36
Melhor altura = 853

Lower Bound 1 = 701
Lower Bound 2 = 36
Avaliação = 1.21683

Tempo de execução: 60.0771s

---------------------------

Largura da faixa = 36
Melhor altura = 857

Lower Bound 1 = 701
Lower Bound 2 = 36
Avaliação = 1.22254

Tempo de execução: 60.0017s

---------------------------

Largura da faixa = 36
Melhor altura = 855

Lower Bound 1 = 701
Lower Bound 2 = 36
Avaliação = 1.21969

Tempo de execução: 60.0292s

---------------------------

Largura da faixa = 36
Melhor altura = 862

Lower Bound 1 = 701
Lower Bound 2 = 36
Avaliação = 1.22967

Tempo de execução: 60.0429s

---------------------------

Largura da faixa = 36
Melhor altura = 842

Lower Bound 1 = 701
Lower Bound 2 = 36
Avaliação = 1.20114

Tempo de execução: 60.009s

---------------------------

Largura da faixa = 36
Melhor altura = 846

Lower Bound 1 = 701
Lower Bound 2 = 36
Avaliação = 1.20685

Tempo de execução: 60.0187s

---------------------------

Largura da faixa = 36
Melhor altura = 849

Lower Bound 1 = 701
Lower Bound 2 = 36
Avaliação = 1.21113

Tempo de execução: 60.0362s

---------------------------

Largura da faixa = 36
Melhor altura = 854

Lower Bound 1 = 701
Lower Bound 2 = 36
Avaliação = 1.21826

Tempo de execução: 60.0126s

---------------------------

Largura da faixa = 36
Melhor altura = 851

Lower Bound 1 = 701
Lower Bound 2 = 36
Avaliação = 1.21398

Tempo de execução: 60.043s

---------------------------

