Largura da faixa = 31
Melhor altura = 86

Lower Bound 1 = 77
Lower Bound 2 = 31
Avaliação = 1.11688

Tempo de execução: 60.0002s

---------------------------

Largura da faixa = 31
Melhor altura = 85

Lower Bound 1 = 77
Lower Bound 2 = 31
Avaliação = 1.1039

Tempo de execução: 60.0006s

---------------------------

Largura da faixa = 31
Melhor altura = 86

Lower Bound 1 = 77
Lower Bound 2 = 31
Avaliação = 1.11688

Tempo de execução: 60.0006s

---------------------------

Largura da faixa = 31
Melhor altura = 85

Lower Bound 1 = 77
Lower Bound 2 = 31
Avaliação = 1.1039

Tempo de execução: 60.0004s

---------------------------

Largura da faixa = 31
Melhor altura = 86

Lower Bound 1 = 77
Lower Bound 2 = 31
Avaliação = 1.11688

Tempo de execução: 60.0004s

---------------------------

Largura da faixa = 31
Melhor altura = 86

Lower Bound 1 = 77
Lower Bound 2 = 31
Avaliação = 1.11688

Tempo de execução: 60.0006s

---------------------------

Largura da faixa = 31
Melhor altura = 86

Lower Bound 1 = 77
Lower Bound 2 = 31
Avaliação = 1.11688

Tempo de execução: 60.0003s

---------------------------

Largura da faixa = 31
Melhor altura = 87

Lower Bound 1 = 77
Lower Bound 2 = 31
Avaliação = 1.12987

Tempo de execução: 60.0001s

---------------------------

Largura da faixa = 31
Melhor altura = 86

Lower Bound 1 = 77
Lower Bound 2 = 31
Avaliação = 1.11688

Tempo de execução: 60.0001s

---------------------------

Largura da faixa = 31
Melhor altura = 84

Lower Bound 1 = 77
Lower Bound 2 = 31
Avaliação = 1.09091

Tempo de execução: 60.0003s

---------------------------

Largura da faixa = 31
Melhor altura = 87

Lower Bound 1 = 77
Lower Bound 2 = 31
Avaliação = 1.12987

Tempo de execução: 60.0001s

---------------------------

Largura da faixa = 31
Melhor altura = 86

Lower Bound 1 = 77
Lower Bound 2 = 31
Avaliação = 1.11688

Tempo de execução: 60.0002s

---------------------------

Largura da faixa = 31
Melhor altura = 87

Lower Bound 1 = 77
Lower Bound 2 = 31
Avaliação = 1.12987

Tempo de execução: 60.0005s

---------------------------

Largura da faixa = 31
Melhor altura = 85

Lower Bound 1 = 77
Lower Bound 2 = 31
Avaliação = 1.1039

Tempo de execução: 60.0005s

---------------------------

Largura da faixa = 31
Melhor altura = 86

Lower Bound 1 = 77
Lower Bound 2 = 31
Avaliação = 1.11688

Tempo de execução: 60.0002s

---------------------------

Largura da faixa = 31
Melhor altura = 86

Lower Bound 1 = 77
Lower Bound 2 = 31
Avaliação = 1.11688

Tempo de execução: 60s

---------------------------

Largura da faixa = 31
Melhor altura = 85

Lower Bound 1 = 77
Lower Bound 2 = 31
Avaliação = 1.1039

Tempo de execução: 60.0003s

---------------------------

Largura da faixa = 31
Melhor altura = 87

Lower Bound 1 = 77
Lower Bound 2 = 31
Avaliação = 1.12987

Tempo de execução: 60.0009s

---------------------------

Largura da faixa = 31
Melhor altura = 86

Lower Bound 1 = 77
Lower Bound 2 = 31
Avaliação = 1.11688

Tempo de execução: 60s

---------------------------

Largura da faixa = 31
Melhor altura = 85

Lower Bound 1 = 77
Lower Bound 2 = 31
Avaliação = 1.1039

Tempo de execução: 60.0001s

---------------------------

