Largura da faixa = 32
Melhor altura = 1276

Lower Bound 1 = 1077
Lower Bound 2 = 32
Avaliação = 1.18477

Tempo de execução: 60.0292s

---------------------------

Largura da faixa = 32
Melhor altura = 1270

Lower Bound 1 = 1077
Lower Bound 2 = 32
Avaliação = 1.1792

Tempo de execução: 60.0571s

---------------------------

Largura da faixa = 32
Melhor altura = 1278

Lower Bound 1 = 1077
Lower Bound 2 = 32
Avaliação = 1.18663

Tempo de execução: 60.0367s

---------------------------

Largura da faixa = 32
Melhor altura = 1270

Lower Bound 1 = 1077
Lower Bound 2 = 32
Avaliação = 1.1792

Tempo de execução: 60.0187s

---------------------------

Largura da faixa = 32
Melhor altura = 1274

Lower Bound 1 = 1077
Lower Bound 2 = 32
Avaliação = 1.18292

Tempo de execução: 60.012s

---------------------------

Largura da faixa = 32
Melhor altura = 1275

Lower Bound 1 = 1077
Lower Bound 2 = 32
Avaliação = 1.18384

Tempo de execução: 60.0208s

---------------------------

Largura da faixa = 32
Melhor altura = 1270

Lower Bound 1 = 1077
Lower Bound 2 = 32
Avaliação = 1.1792

Tempo de execução: 60.0332s

---------------------------

Largura da faixa = 32
Melhor altura = 1270

Lower Bound 1 = 1077
Lower Bound 2 = 32
Avaliação = 1.1792

Tempo de execução: 60.0671s

---------------------------

Largura da faixa = 32
Melhor altura = 1276

Lower Bound 1 = 1077
Lower Bound 2 = 32
Avaliação = 1.18477

Tempo de execução: 60.0986s

---------------------------

Largura da faixa = 32
Melhor altura = 1264

Lower Bound 1 = 1077
Lower Bound 2 = 32
Avaliação = 1.17363

Tempo de execução: 60.031s

---------------------------

Largura da faixa = 32
Melhor altura = 1278

Lower Bound 1 = 1077
Lower Bound 2 = 32
Avaliação = 1.18663

Tempo de execução: 60.0302s

---------------------------

Largura da faixa = 32
Melhor altura = 1278

Lower Bound 1 = 1077
Lower Bound 2 = 32
Avaliação = 1.18663

Tempo de execução: 60.0424s

---------------------------

Largura da faixa = 32
Melhor altura = 1267

Lower Bound 1 = 1077
Lower Bound 2 = 32
Avaliação = 1.17642

Tempo de execução: 60.0119s

---------------------------

Largura da faixa = 32
Melhor altura = 1274

Lower Bound 1 = 1077
Lower Bound 2 = 32
Avaliação = 1.18292

Tempo de execução: 60.0086s

---------------------------

Largura da faixa = 32
Melhor altura = 1278

Lower Bound 1 = 1077
Lower Bound 2 = 32
Avaliação = 1.18663

Tempo de execução: 60.0443s

---------------------------

Largura da faixa = 32
Melhor altura = 1274

Lower Bound 1 = 1077
Lower Bound 2 = 32
Avaliação = 1.18292

Tempo de execução: 60.0172s

---------------------------

Largura da faixa = 32
Melhor altura = 1269

Lower Bound 1 = 1077
Lower Bound 2 = 32
Avaliação = 1.17827

Tempo de execução: 60.0378s

---------------------------

Largura da faixa = 32
Melhor altura = 1258

Lower Bound 1 = 1077
Lower Bound 2 = 32
Avaliação = 1.16806

Tempo de execução: 60.2443s

---------------------------

Largura da faixa = 32
Melhor altura = 1276

Lower Bound 1 = 1077
Lower Bound 2 = 32
Avaliação = 1.18477

Tempo de execução: 60.0164s

---------------------------

Largura da faixa = 32
Melhor altura = 1272

Lower Bound 1 = 1077
Lower Bound 2 = 32
Avaliação = 1.18106

Tempo de execução: 60.1336s

---------------------------

