Largura da faixa = 24
Melhor altura = 196

Lower Bound 1 = 174
Lower Bound 2 = 24
Avaliação = 1.12644

Tempo de execução: 60.0012s

---------------------------

Largura da faixa = 24
Melhor altura = 196

Lower Bound 1 = 174
Lower Bound 2 = 24
Avaliação = 1.12644

Tempo de execução: 60.0012s

---------------------------

Largura da faixa = 24
Melhor altura = 197

Lower Bound 1 = 174
Lower Bound 2 = 24
Avaliação = 1.13218

Tempo de execução: 60.0053s

---------------------------

Largura da faixa = 24
Melhor altura = 195

Lower Bound 1 = 174
Lower Bound 2 = 24
Avaliação = 1.12069

Tempo de execução: 60.0005s

---------------------------

Largura da faixa = 24
Melhor altura = 198

Lower Bound 1 = 174
Lower Bound 2 = 24
Avaliação = 1.13793

Tempo de execução: 60.001s

---------------------------

Largura da faixa = 24
Melhor altura = 195

Lower Bound 1 = 174
Lower Bound 2 = 24
Avaliação = 1.12069

Tempo de execução: 60.0006s

---------------------------

Largura da faixa = 24
Melhor altura = 197

Lower Bound 1 = 174
Lower Bound 2 = 24
Avaliação = 1.13218

Tempo de execução: 60.0004s

---------------------------

Largura da faixa = 24
Melhor altura = 197

Lower Bound 1 = 174
Lower Bound 2 = 24
Avaliação = 1.13218

Tempo de execução: 60s

---------------------------

Largura da faixa = 24
Melhor altura = 197

Lower Bound 1 = 174
Lower Bound 2 = 24
Avaliação = 1.13218

Tempo de execução: 60.0025s

---------------------------

Largura da faixa = 24
Melhor altura = 195

Lower Bound 1 = 174
Lower Bound 2 = 24
Avaliação = 1.12069

Tempo de execução: 60.0007s

---------------------------

Largura da faixa = 24
Melhor altura = 193

Lower Bound 1 = 174
Lower Bound 2 = 24
Avaliação = 1.1092

Tempo de execução: 60.0009s

---------------------------

Largura da faixa = 24
Melhor altura = 195

Lower Bound 1 = 174
Lower Bound 2 = 24
Avaliação = 1.12069

Tempo de execução: 60.0003s

---------------------------

Largura da faixa = 24
Melhor altura = 197

Lower Bound 1 = 174
Lower Bound 2 = 24
Avaliação = 1.13218

Tempo de execução: 60.0002s

---------------------------

Largura da faixa = 24
Melhor altura = 195

Lower Bound 1 = 174
Lower Bound 2 = 24
Avaliação = 1.12069

Tempo de execução: 60.0007s

---------------------------

Largura da faixa = 24
Melhor altura = 195

Lower Bound 1 = 174
Lower Bound 2 = 24
Avaliação = 1.12069

Tempo de execução: 60.0009s

---------------------------

Largura da faixa = 24
Melhor altura = 198

Lower Bound 1 = 174
Lower Bound 2 = 24
Avaliação = 1.13793

Tempo de execução: 60.0003s

---------------------------

Largura da faixa = 24
Melhor altura = 197

Lower Bound 1 = 174
Lower Bound 2 = 24
Avaliação = 1.13218

Tempo de execução: 60.0009s

---------------------------

Largura da faixa = 24
Melhor altura = 197

Lower Bound 1 = 174
Lower Bound 2 = 24
Avaliação = 1.13218

Tempo de execução: 60.0002s

---------------------------

Largura da faixa = 24
Melhor altura = 196

Lower Bound 1 = 174
Lower Bound 2 = 24
Avaliação = 1.12644

Tempo de execução: 60.0014s

---------------------------

Largura da faixa = 24
Melhor altura = 195

Lower Bound 1 = 174
Lower Bound 2 = 24
Avaliação = 1.12069

Tempo de execução: 60.0016s

---------------------------

