Largura da faixa = 32
Melhor altura = 1015

Lower Bound 1 = 841
Lower Bound 2 = 32
Avaliação = 1.2069

Tempo de execução: 60.0189s

---------------------------

Largura da faixa = 32
Melhor altura = 1007

Lower Bound 1 = 841
Lower Bound 2 = 32
Avaliação = 1.19738

Tempo de execução: 60.0295s

---------------------------

Largura da faixa = 32
Melhor altura = 1002

Lower Bound 1 = 841
Lower Bound 2 = 32
Avaliação = 1.19144

Tempo de execução: 60.0794s

---------------------------

Largura da faixa = 32
Melhor altura = 1008

Lower Bound 1 = 841
Lower Bound 2 = 32
Avaliação = 1.19857

Tempo de execução: 60.0148s

---------------------------

Largura da faixa = 32
Melhor altura = 1005

Lower Bound 1 = 841
Lower Bound 2 = 32
Avaliação = 1.19501

Tempo de execução: 60.0374s

---------------------------

Largura da faixa = 32
Melhor altura = 1013

Lower Bound 1 = 841
Lower Bound 2 = 32
Avaliação = 1.20452

Tempo de execução: 60.0486s

---------------------------

Largura da faixa = 32
Melhor altura = 1007

Lower Bound 1 = 841
Lower Bound 2 = 32
Avaliação = 1.19738

Tempo de execução: 60.0062s

---------------------------

Largura da faixa = 32
Melhor altura = 1008

Lower Bound 1 = 841
Lower Bound 2 = 32
Avaliação = 1.19857

Tempo de execução: 60.0652s

---------------------------

Largura da faixa = 32
Melhor altura = 1011

Lower Bound 1 = 841
Lower Bound 2 = 32
Avaliação = 1.20214

Tempo de execução: 60.0631s

---------------------------

Largura da faixa = 32
Melhor altura = 1007

Lower Bound 1 = 841
Lower Bound 2 = 32
Avaliação = 1.19738

Tempo de execução: 60.01s

---------------------------

Largura da faixa = 32
Melhor altura = 1010

Lower Bound 1 = 841
Lower Bound 2 = 32
Avaliação = 1.20095

Tempo de execução: 60.0438s

---------------------------

Largura da faixa = 32
Melhor altura = 1004

Lower Bound 1 = 841
Lower Bound 2 = 32
Avaliação = 1.19382

Tempo de execução: 60.074s

---------------------------

Largura da faixa = 32
Melhor altura = 1007

Lower Bound 1 = 841
Lower Bound 2 = 32
Avaliação = 1.19738

Tempo de execução: 60.0316s

---------------------------

Largura da faixa = 32
Melhor altura = 1015

Lower Bound 1 = 841
Lower Bound 2 = 32
Avaliação = 1.2069

Tempo de execução: 60.042s

---------------------------

Largura da faixa = 32
Melhor altura = 1014

Lower Bound 1 = 841
Lower Bound 2 = 32
Avaliação = 1.20571

Tempo de execução: 60.0497s

---------------------------

Largura da faixa = 32
Melhor altura = 1015

Lower Bound 1 = 841
Lower Bound 2 = 32
Avaliação = 1.2069

Tempo de execução: 60.0414s

---------------------------

Largura da faixa = 32
Melhor altura = 1009

Lower Bound 1 = 841
Lower Bound 2 = 32
Avaliação = 1.19976

Tempo de execução: 60.0626s

---------------------------

Largura da faixa = 32
Melhor altura = 1009

Lower Bound 1 = 841
Lower Bound 2 = 32
Avaliação = 1.19976

Tempo de execução: 60.0572s

---------------------------

Largura da faixa = 32
Melhor altura = 1007

Lower Bound 1 = 841
Lower Bound 2 = 32
Avaliação = 1.19738

Tempo de execução: 60.0366s

---------------------------

Largura da faixa = 32
Melhor altura = 1018

Lower Bound 1 = 841
Lower Bound 2 = 32
Avaliação = 1.21046

Tempo de execução: 60.0662s

---------------------------

