Largura da faixa = 32
Melhor altura = 1265

Lower Bound 1 = 1053
Lower Bound 2 = 32
Avaliação = 1.20133

Tempo de execução: 60.0239s

---------------------------

Largura da faixa = 32
Melhor altura = 1263

Lower Bound 1 = 1053
Lower Bound 2 = 32
Avaliação = 1.19943

Tempo de execução: 60.0444s

---------------------------

Largura da faixa = 32
Melhor altura = 1259

Lower Bound 1 = 1053
Lower Bound 2 = 32
Avaliação = 1.19563

Tempo de execução: 60.0765s

---------------------------

Largura da faixa = 32
Melhor altura = 1263

Lower Bound 1 = 1053
Lower Bound 2 = 32
Avaliação = 1.19943

Tempo de execução: 60.0048s

---------------------------

Largura da faixa = 32
Melhor altura = 1253

Lower Bound 1 = 1053
Lower Bound 2 = 32
Avaliação = 1.18993

Tempo de execução: 60.06s

---------------------------

Largura da faixa = 32
Melhor altura = 1259

Lower Bound 1 = 1053
Lower Bound 2 = 32
Avaliação = 1.19563

Tempo de execução: 60.104s

---------------------------

Largura da faixa = 32
Melhor altura = 1252

Lower Bound 1 = 1053
Lower Bound 2 = 32
Avaliação = 1.18898

Tempo de execução: 60.0346s

---------------------------

Largura da faixa = 32
Melhor altura = 1268

Lower Bound 1 = 1053
Lower Bound 2 = 32
Avaliação = 1.20418

Tempo de execução: 60.0759s

---------------------------

Largura da faixa = 32
Melhor altura = 1253

Lower Bound 1 = 1053
Lower Bound 2 = 32
Avaliação = 1.18993

Tempo de execução: 60.0881s

---------------------------

Largura da faixa = 32
Melhor altura = 1254

Lower Bound 1 = 1053
Lower Bound 2 = 32
Avaliação = 1.19088

Tempo de execução: 60.0101s

---------------------------

Largura da faixa = 32
Melhor altura = 1268

Lower Bound 1 = 1053
Lower Bound 2 = 32
Avaliação = 1.20418

Tempo de execução: 60.0201s

---------------------------

Largura da faixa = 32
Melhor altura = 1264

Lower Bound 1 = 1053
Lower Bound 2 = 32
Avaliação = 1.20038

Tempo de execução: 60.0674s

---------------------------

Largura da faixa = 32
Melhor altura = 1262

Lower Bound 1 = 1053
Lower Bound 2 = 32
Avaliação = 1.19848

Tempo de execução: 60.0022s

---------------------------

Largura da faixa = 32
Melhor altura = 1255

Lower Bound 1 = 1053
Lower Bound 2 = 32
Avaliação = 1.19183

Tempo de execução: 60.0321s

---------------------------

Largura da faixa = 32
Melhor altura = 1250

Lower Bound 1 = 1053
Lower Bound 2 = 32
Avaliação = 1.18708

Tempo de execução: 60.0666s

---------------------------

Largura da faixa = 32
Melhor altura = 1258

Lower Bound 1 = 1053
Lower Bound 2 = 32
Avaliação = 1.19468

Tempo de execução: 60.0195s

---------------------------

Largura da faixa = 32
Melhor altura = 1256

Lower Bound 1 = 1053
Lower Bound 2 = 32
Avaliação = 1.19278

Tempo de execução: 60.0623s

---------------------------

Largura da faixa = 32
Melhor altura = 1261

Lower Bound 1 = 1053
Lower Bound 2 = 32
Avaliação = 1.19753

Tempo de execução: 60.0997s

---------------------------

Largura da faixa = 32
Melhor altura = 1259

Lower Bound 1 = 1053
Lower Bound 2 = 32
Avaliação = 1.19563

Tempo de execução: 60.0278s

---------------------------

Largura da faixa = 32
Melhor altura = 1266

Lower Bound 1 = 1053
Lower Bound 2 = 32
Avaliação = 1.20228

Tempo de execução: 60.1121s

---------------------------

