Largura da faixa = 24
Melhor altura = 88

Lower Bound 1 = 80
Lower Bound 2 = 24
Avaliação = 1.1

Tempo de execução: 60.0006s

---------------------------

Largura da faixa = 24
Melhor altura = 89

Lower Bound 1 = 80
Lower Bound 2 = 24
Avaliação = 1.1125

Tempo de execução: 60.0004s

---------------------------

Largura da faixa = 24
Melhor altura = 89

Lower Bound 1 = 80
Lower Bound 2 = 24
Avaliação = 1.1125

Tempo de execução: 60s

---------------------------

Largura da faixa = 24
Melhor altura = 87

Lower Bound 1 = 80
Lower Bound 2 = 24
Avaliação = 1.0875

Tempo de execução: 60.0001s

---------------------------

Largura da faixa = 24
Melhor altura = 89

Lower Bound 1 = 80
Lower Bound 2 = 24
Avaliação = 1.1125

Tempo de execução: 60s

---------------------------

Largura da faixa = 24
Melhor altura = 89

Lower Bound 1 = 80
Lower Bound 2 = 24
Avaliação = 1.1125

Tempo de execução: 60.0003s

---------------------------

Largura da faixa = 24
Melhor altura = 88

Lower Bound 1 = 80
Lower Bound 2 = 24
Avaliação = 1.1

Tempo de execução: 60.001s

---------------------------

Largura da faixa = 24
Melhor altura = 88

Lower Bound 1 = 80
Lower Bound 2 = 24
Avaliação = 1.1

Tempo de execução: 60.0008s

---------------------------

Largura da faixa = 24
Melhor altura = 90

Lower Bound 1 = 80
Lower Bound 2 = 24
Avaliação = 1.125

Tempo de execução: 60.0003s

---------------------------

Largura da faixa = 24
Melhor altura = 88

Lower Bound 1 = 80
Lower Bound 2 = 24
Avaliação = 1.1

Tempo de execução: 60.0002s

---------------------------

Largura da faixa = 24
Melhor altura = 88

Lower Bound 1 = 80
Lower Bound 2 = 24
Avaliação = 1.1

Tempo de execução: 60.0004s

---------------------------

Largura da faixa = 24
Melhor altura = 88

Lower Bound 1 = 80
Lower Bound 2 = 24
Avaliação = 1.1

Tempo de execução: 60.0004s

---------------------------

Largura da faixa = 24
Melhor altura = 89

Lower Bound 1 = 80
Lower Bound 2 = 24
Avaliação = 1.1125

Tempo de execução: 60.0002s

---------------------------

Largura da faixa = 24
Melhor altura = 88

Lower Bound 1 = 80
Lower Bound 2 = 24
Avaliação = 1.1

Tempo de execução: 60.001s

---------------------------

Largura da faixa = 24
Melhor altura = 90

Lower Bound 1 = 80
Lower Bound 2 = 24
Avaliação = 1.125

Tempo de execução: 60.0006s

---------------------------

Largura da faixa = 24
Melhor altura = 88

Lower Bound 1 = 80
Lower Bound 2 = 24
Avaliação = 1.1

Tempo de execução: 60.0009s

---------------------------

Largura da faixa = 24
Melhor altura = 88

Lower Bound 1 = 80
Lower Bound 2 = 24
Avaliação = 1.1

Tempo de execução: 60.0005s

---------------------------

Largura da faixa = 24
Melhor altura = 87

Lower Bound 1 = 80
Lower Bound 2 = 24
Avaliação = 1.0875

Tempo de execução: 60.0007s

---------------------------

Largura da faixa = 24
Melhor altura = 89

Lower Bound 1 = 80
Lower Bound 2 = 24
Avaliação = 1.1125

Tempo de execução: 60.0002s

---------------------------

Largura da faixa = 24
Melhor altura = 88

Lower Bound 1 = 80
Lower Bound 2 = 24
Avaliação = 1.1

Tempo de execução: 60.0006s

---------------------------

