Largura da faixa = 32
Melhor altura = 1341

Lower Bound 1 = 1091
Lower Bound 2 = 32
Avaliação = 1.22915

Tempo de execução: 60.0123s

---------------------------

Largura da faixa = 32
Melhor altura = 1318

Lower Bound 1 = 1091
Lower Bound 2 = 32
Avaliação = 1.20807

Tempo de execução: 60.0209s

---------------------------

Largura da faixa = 32
Melhor altura = 1333

Lower Bound 1 = 1091
Lower Bound 2 = 32
Avaliação = 1.22181

Tempo de execução: 60.0411s

---------------------------

Largura da faixa = 32
Melhor altura = 1341

Lower Bound 1 = 1091
Lower Bound 2 = 32
Avaliação = 1.22915

Tempo de execução: 60.0251s

---------------------------

Largura da faixa = 32
Melhor altura = 1331

Lower Bound 1 = 1091
Lower Bound 2 = 32
Avaliação = 1.21998

Tempo de execução: 60.0199s

---------------------------

Largura da faixa = 32
Melhor altura = 1329

Lower Bound 1 = 1091
Lower Bound 2 = 32
Avaliação = 1.21815

Tempo de execução: 60.0695s

---------------------------

Largura da faixa = 32
Melhor altura = 1335

Lower Bound 1 = 1091
Lower Bound 2 = 32
Avaliação = 1.22365

Tempo de execução: 60.0006s

---------------------------

Largura da faixa = 32
Melhor altura = 1333

Lower Bound 1 = 1091
Lower Bound 2 = 32
Avaliação = 1.22181

Tempo de execução: 60.0182s

---------------------------

Largura da faixa = 32
Melhor altura = 1331

Lower Bound 1 = 1091
Lower Bound 2 = 32
Avaliação = 1.21998

Tempo de execução: 60.0992s

---------------------------

Largura da faixa = 32
Melhor altura = 1339

Lower Bound 1 = 1091
Lower Bound 2 = 32
Avaliação = 1.22731

Tempo de execução: 60.0016s

---------------------------

Largura da faixa = 32
Melhor altura = 1338

Lower Bound 1 = 1091
Lower Bound 2 = 32
Avaliação = 1.2264

Tempo de execução: 60.0212s

---------------------------

Largura da faixa = 32
Melhor altura = 1339

Lower Bound 1 = 1091
Lower Bound 2 = 32
Avaliação = 1.22731

Tempo de execução: 60.034s

---------------------------

Largura da faixa = 32
Melhor altura = 1343

Lower Bound 1 = 1091
Lower Bound 2 = 32
Avaliação = 1.23098

Tempo de execução: 60.0174s

---------------------------

Largura da faixa = 32
Melhor altura = 1321

Lower Bound 1 = 1091
Lower Bound 2 = 32
Avaliação = 1.21082

Tempo de execução: 60.0407s

---------------------------

Largura da faixa = 32
Melhor altura = 1338

Lower Bound 1 = 1091
Lower Bound 2 = 32
Avaliação = 1.2264

Tempo de execução: 60.0274s

---------------------------

Largura da faixa = 32
Melhor altura = 1343

Lower Bound 1 = 1091
Lower Bound 2 = 32
Avaliação = 1.23098

Tempo de execução: 60.014s

---------------------------

Largura da faixa = 32
Melhor altura = 1330

Lower Bound 1 = 1091
Lower Bound 2 = 32
Avaliação = 1.21907

Tempo de execução: 60.0087s

---------------------------

Largura da faixa = 32
Melhor altura = 1335

Lower Bound 1 = 1091
Lower Bound 2 = 32
Avaliação = 1.22365

Tempo de execução: 60.0922s

---------------------------

Largura da faixa = 32
Melhor altura = 1330

Lower Bound 1 = 1091
Lower Bound 2 = 32
Avaliação = 1.21907

Tempo de execução: 60.0231s

---------------------------

Largura da faixa = 32
Melhor altura = 1321

Lower Bound 1 = 1091
Lower Bound 2 = 32
Avaliação = 1.21082

Tempo de execução: 60.0093s

---------------------------

