Largura da faixa = 32
Melhor altura = 121

Lower Bound 1 = 107
Lower Bound 2 = 32
Avaliação = 1.13084

Tempo de execução: 60.001s

---------------------------

Largura da faixa = 32
Melhor altura = 121

Lower Bound 1 = 107
Lower Bound 2 = 32
Avaliação = 1.13084

Tempo de execução: 60.0028s

---------------------------

Largura da faixa = 32
Melhor altura = 120

Lower Bound 1 = 107
Lower Bound 2 = 32
Avaliação = 1.1215

Tempo de execução: 60.0029s

---------------------------

Largura da faixa = 32
Melhor altura = 118

Lower Bound 1 = 107
Lower Bound 2 = 32
Avaliação = 1.1028

Tempo de execução: 60.0005s

---------------------------

Largura da faixa = 32
Melhor altura = 120

Lower Bound 1 = 107
Lower Bound 2 = 32
Avaliação = 1.1215

Tempo de execução: 60.0011s

---------------------------

Largura da faixa = 32
Melhor altura = 119

Lower Bound 1 = 107
Lower Bound 2 = 32
Avaliação = 1.11215

Tempo de execução: 60.0003s

---------------------------

Largura da faixa = 32
Melhor altura = 120

Lower Bound 1 = 107
Lower Bound 2 = 32
Avaliação = 1.1215

Tempo de execução: 60.0012s

---------------------------

Largura da faixa = 32
Melhor altura = 120

Lower Bound 1 = 107
Lower Bound 2 = 32
Avaliação = 1.1215

Tempo de execução: 60.0011s

---------------------------

Largura da faixa = 32
Melhor altura = 120

Lower Bound 1 = 107
Lower Bound 2 = 32
Avaliação = 1.1215

Tempo de execução: 60.001s

---------------------------

Largura da faixa = 32
Melhor altura = 119

Lower Bound 1 = 107
Lower Bound 2 = 32
Avaliação = 1.11215

Tempo de execução: 60.0001s

---------------------------

Largura da faixa = 32
Melhor altura = 119

Lower Bound 1 = 107
Lower Bound 2 = 32
Avaliação = 1.11215

Tempo de execução: 60.0003s

---------------------------

Largura da faixa = 32
Melhor altura = 119

Lower Bound 1 = 107
Lower Bound 2 = 32
Avaliação = 1.11215

Tempo de execução: 60.0014s

---------------------------

Largura da faixa = 32
Melhor altura = 119

Lower Bound 1 = 107
Lower Bound 2 = 32
Avaliação = 1.11215

Tempo de execução: 60.0007s

---------------------------

Largura da faixa = 32
Melhor altura = 121

Lower Bound 1 = 107
Lower Bound 2 = 32
Avaliação = 1.13084

Tempo de execução: 60.0015s

---------------------------

Largura da faixa = 32
Melhor altura = 120

Lower Bound 1 = 107
Lower Bound 2 = 32
Avaliação = 1.1215

Tempo de execução: 60.002s

---------------------------

Largura da faixa = 32
Melhor altura = 120

Lower Bound 1 = 107
Lower Bound 2 = 32
Avaliação = 1.1215

Tempo de execução: 60.0001s

---------------------------

Largura da faixa = 32
Melhor altura = 121

Lower Bound 1 = 107
Lower Bound 2 = 32
Avaliação = 1.13084

Tempo de execução: 60.0014s

---------------------------

Largura da faixa = 32
Melhor altura = 119

Lower Bound 1 = 107
Lower Bound 2 = 32
Avaliação = 1.11215

Tempo de execução: 60.0028s

---------------------------

Largura da faixa = 32
Melhor altura = 119

Lower Bound 1 = 107
Lower Bound 2 = 32
Avaliação = 1.11215

Tempo de execução: 60.0017s

---------------------------

Largura da faixa = 32
Melhor altura = 121

Lower Bound 1 = 107
Lower Bound 2 = 32
Avaliação = 1.13084

Tempo de execução: 60.0009s

---------------------------

