Largura da faixa = 24
Melhor altura = 697

Lower Bound 1 = 603
Lower Bound 2 = 24
Avaliação = 1.15589

Tempo de execução: 60.0048s

---------------------------

Largura da faixa = 24
Melhor altura = 690

Lower Bound 1 = 603
Lower Bound 2 = 24
Avaliação = 1.14428

Tempo de execução: 60.0062s

---------------------------

Largura da faixa = 24
Melhor altura = 699

Lower Bound 1 = 603
Lower Bound 2 = 24
Avaliação = 1.1592

Tempo de execução: 60.0044s

---------------------------

Largura da faixa = 24
Melhor altura = 695

Lower Bound 1 = 603
Lower Bound 2 = 24
Avaliação = 1.15257

Tempo de execução: 60.0012s

---------------------------

Largura da faixa = 24
Melhor altura = 697

Lower Bound 1 = 603
Lower Bound 2 = 24
Avaliação = 1.15589

Tempo de execução: 60.0031s

---------------------------

Largura da faixa = 24
Melhor altura = 695

Lower Bound 1 = 603
Lower Bound 2 = 24
Avaliação = 1.15257

Tempo de execução: 60.0048s

---------------------------

Largura da faixa = 24
Melhor altura = 695

Lower Bound 1 = 603
Lower Bound 2 = 24
Avaliação = 1.15257

Tempo de execução: 60.0001s

---------------------------

Largura da faixa = 24
Melhor altura = 694

Lower Bound 1 = 603
Lower Bound 2 = 24
Avaliação = 1.15091

Tempo de execução: 60.0127s

---------------------------

Largura da faixa = 24
Melhor altura = 692

Lower Bound 1 = 603
Lower Bound 2 = 24
Avaliação = 1.1476

Tempo de execução: 60.0198s

---------------------------

Largura da faixa = 24
Melhor altura = 696

Lower Bound 1 = 603
Lower Bound 2 = 24
Avaliação = 1.15423

Tempo de execução: 60.0086s

---------------------------

Largura da faixa = 24
Melhor altura = 693

Lower Bound 1 = 603
Lower Bound 2 = 24
Avaliação = 1.14925

Tempo de execução: 60.01s

---------------------------

Largura da faixa = 24
Melhor altura = 694

Lower Bound 1 = 603
Lower Bound 2 = 24
Avaliação = 1.15091

Tempo de execução: 60.0163s

---------------------------

Largura da faixa = 24
Melhor altura = 702

Lower Bound 1 = 603
Lower Bound 2 = 24
Avaliação = 1.16418

Tempo de execução: 60.0054s

---------------------------

Largura da faixa = 24
Melhor altura = 696

Lower Bound 1 = 603
Lower Bound 2 = 24
Avaliação = 1.15423

Tempo de execução: 60.0141s

---------------------------

Largura da faixa = 24
Melhor altura = 697

Lower Bound 1 = 603
Lower Bound 2 = 24
Avaliação = 1.15589

Tempo de execução: 60.0109s

---------------------------

Largura da faixa = 24
Melhor altura = 697

Lower Bound 1 = 603
Lower Bound 2 = 24
Avaliação = 1.15589

Tempo de execução: 60.0011s

---------------------------

Largura da faixa = 24
Melhor altura = 694

Lower Bound 1 = 603
Lower Bound 2 = 24
Avaliação = 1.15091

Tempo de execução: 60.0169s

---------------------------

Largura da faixa = 24
Melhor altura = 702

Lower Bound 1 = 603
Lower Bound 2 = 24
Avaliação = 1.16418

Tempo de execução: 60.0315s

---------------------------

Largura da faixa = 24
Melhor altura = 693

Lower Bound 1 = 603
Lower Bound 2 = 24
Avaliação = 1.14925

Tempo de execução: 60.002s

---------------------------

Largura da faixa = 24
Melhor altura = 693

Lower Bound 1 = 603
Lower Bound 2 = 24
Avaliação = 1.14925

Tempo de execução: 60.0115s

---------------------------

