Largura da faixa = 32
Melhor altura = 1286

Lower Bound 1 = 1060
Lower Bound 2 = 32
Avaliação = 1.21321

Tempo de execução: 60.0083s

---------------------------

Largura da faixa = 32
Melhor altura = 1291

Lower Bound 1 = 1060
Lower Bound 2 = 32
Avaliação = 1.21792

Tempo de execução: 60.0143s

---------------------------

Largura da faixa = 32
Melhor altura = 1300

Lower Bound 1 = 1060
Lower Bound 2 = 32
Avaliação = 1.22642

Tempo de execução: 60.0369s

---------------------------

Largura da faixa = 32
Melhor altura = 1291

Lower Bound 1 = 1060
Lower Bound 2 = 32
Avaliação = 1.21792

Tempo de execução: 60.0283s

---------------------------

Largura da faixa = 32
Melhor altura = 1305

Lower Bound 1 = 1060
Lower Bound 2 = 32
Avaliação = 1.23113

Tempo de execução: 60.0432s

---------------------------

Largura da faixa = 32
Melhor altura = 1308

Lower Bound 1 = 1060
Lower Bound 2 = 32
Avaliação = 1.23396

Tempo de execução: 60.0736s

---------------------------

Largura da faixa = 32
Melhor altura = 1291

Lower Bound 1 = 1060
Lower Bound 2 = 32
Avaliação = 1.21792

Tempo de execução: 60.0096s

---------------------------

Largura da faixa = 32
Melhor altura = 1297

Lower Bound 1 = 1060
Lower Bound 2 = 32
Avaliação = 1.22358

Tempo de execução: 60.0385s

---------------------------

Largura da faixa = 32
Melhor altura = 1310

Lower Bound 1 = 1060
Lower Bound 2 = 32
Avaliação = 1.23585

Tempo de execução: 60.0674s

---------------------------

Largura da faixa = 32
Melhor altura = 1306

Lower Bound 1 = 1060
Lower Bound 2 = 32
Avaliação = 1.23208

Tempo de execução: 60.029s

---------------------------

Largura da faixa = 32
Melhor altura = 1310

Lower Bound 1 = 1060
Lower Bound 2 = 32
Avaliação = 1.23585

Tempo de execução: 60.0338s

---------------------------

Largura da faixa = 32
Melhor altura = 1306

Lower Bound 1 = 1060
Lower Bound 2 = 32
Avaliação = 1.23208

Tempo de execução: 60.0637s

---------------------------

Largura da faixa = 32
Melhor altura = 1303

Lower Bound 1 = 1060
Lower Bound 2 = 32
Avaliação = 1.22925

Tempo de execução: 60.0164s

---------------------------

Largura da faixa = 32
Melhor altura = 1292

Lower Bound 1 = 1060
Lower Bound 2 = 32
Avaliação = 1.21887

Tempo de execução: 60.0347s

---------------------------

Largura da faixa = 32
Melhor altura = 1299

Lower Bound 1 = 1060
Lower Bound 2 = 32
Avaliação = 1.22547

Tempo de execução: 60.0334s

---------------------------

Largura da faixa = 32
Melhor altura = 1310

Lower Bound 1 = 1060
Lower Bound 2 = 32
Avaliação = 1.23585

Tempo de execução: 60.0019s

---------------------------

Largura da faixa = 32
Melhor altura = 1293

Lower Bound 1 = 1060
Lower Bound 2 = 32
Avaliação = 1.21981

Tempo de execução: 60.0308s

---------------------------

Largura da faixa = 32
Melhor altura = 1306

Lower Bound 1 = 1060
Lower Bound 2 = 32
Avaliação = 1.23208

Tempo de execução: 60.0404s

---------------------------

Largura da faixa = 32
Melhor altura = 1306

Lower Bound 1 = 1060
Lower Bound 2 = 32
Avaliação = 1.23208

Tempo de execução: 60.0111s

---------------------------

Largura da faixa = 32
Melhor altura = 1288

Lower Bound 1 = 1060
Lower Bound 2 = 32
Avaliação = 1.21509

Tempo de execução: 60.0355s

---------------------------

