Largura da faixa = 1
Melhor altura = 15

Lower Bound 1 = 15
Lower Bound 2 = 15
Avaliação = 1

Tempo de execução: 60s

---------------------------

Largura da faixa = 1
Melhor altura = 15

Lower Bound 1 = 15
Lower Bound 2 = 15
Avaliação = 1

Tempo de execução: 60s

---------------------------

Largura da faixa = 1
Melhor altura = 15

Lower Bound 1 = 15
Lower Bound 2 = 15
Avaliação = 1

Tempo de execução: 60s

---------------------------

Largura da faixa = 1
Melhor altura = 15

Lower Bound 1 = 15
Lower Bound 2 = 15
Avaliação = 1

Tempo de execução: 60s

---------------------------

Largura da faixa = 1
Melhor altura = 15

Lower Bound 1 = 15
Lower Bound 2 = 15
Avaliação = 1

Tempo de execução: 60s

---------------------------

Largura da faixa = 1
Melhor altura = 15

Lower Bound 1 = 15
Lower Bound 2 = 15
Avaliação = 1

Tempo de execução: 60s

---------------------------

Largura da faixa = 1
Melhor altura = 15

Lower Bound 1 = 15
Lower Bound 2 = 15
Avaliação = 1

Tempo de execução: 60s

---------------------------

Largura da faixa = 1
Melhor altura = 15

Lower Bound 1 = 15
Lower Bound 2 = 15
Avaliação = 1

Tempo de execução: 60s

---------------------------

Largura da faixa = 1
Melhor altura = 15

Lower Bound 1 = 15
Lower Bound 2 = 15
Avaliação = 1

Tempo de execução: 60s

---------------------------

Largura da faixa = 1
Melhor altura = 15

Lower Bound 1 = 15
Lower Bound 2 = 15
Avaliação = 1

Tempo de execução: 60s

---------------------------

Largura da faixa = 1
Melhor altura = 15

Lower Bound 1 = 15
Lower Bound 2 = 15
Avaliação = 1

Tempo de execução: 60s

---------------------------

Largura da faixa = 1
Melhor altura = 15

Lower Bound 1 = 15
Lower Bound 2 = 15
Avaliação = 1

Tempo de execução: 60s

---------------------------

Largura da faixa = 1
Melhor altura = 15

Lower Bound 1 = 15
Lower Bound 2 = 15
Avaliação = 1

Tempo de execução: 60s

---------------------------

Largura da faixa = 1
Melhor altura = 15

Lower Bound 1 = 15
Lower Bound 2 = 15
Avaliação = 1

Tempo de execução: 60s

---------------------------

Largura da faixa = 1
Melhor altura = 15

Lower Bound 1 = 15
Lower Bound 2 = 15
Avaliação = 1

Tempo de execução: 60s

---------------------------

Largura da faixa = 1
Melhor altura = 15

Lower Bound 1 = 15
Lower Bound 2 = 15
Avaliação = 1

Tempo de execução: 60s

---------------------------

Largura da faixa = 1
Melhor altura = 15

Lower Bound 1 = 15
Lower Bound 2 = 15
Avaliação = 1

Tempo de execução: 60s

---------------------------

Largura da faixa = 1
Melhor altura = 15

Lower Bound 1 = 15
Lower Bound 2 = 15
Avaliação = 1

Tempo de execução: 60s

---------------------------

Largura da faixa = 1
Melhor altura = 15

Lower Bound 1 = 15
Lower Bound 2 = 15
Avaliação = 1

Tempo de execução: 60s

---------------------------

Largura da faixa = 1
Melhor altura = 15

Lower Bound 1 = 15
Lower Bound 2 = 15
Avaliação = 1

Tempo de execução: 60s

---------------------------

