Largura da faixa = 24
Melhor altura = 448

Lower Bound 1 = 382
Lower Bound 2 = 24
Avaliação = 1.17277

Tempo de execução: 60.002s

---------------------------

Largura da faixa = 24
Melhor altura = 450

Lower Bound 1 = 382
Lower Bound 2 = 24
Avaliação = 1.17801

Tempo de execução: 60.0013s

---------------------------

Largura da faixa = 24
Melhor altura = 448

Lower Bound 1 = 382
Lower Bound 2 = 24
Avaliação = 1.17277

Tempo de execução: 60.0077s

---------------------------

Largura da faixa = 24
Melhor altura = 452

Lower Bound 1 = 382
Lower Bound 2 = 24
Avaliação = 1.18325

Tempo de execução: 60.0003s

---------------------------

Largura da faixa = 24
Melhor altura = 452

Lower Bound 1 = 382
Lower Bound 2 = 24
Avaliação = 1.18325

Tempo de execução: 60.0126s

---------------------------

Largura da faixa = 24
Melhor altura = 449

Lower Bound 1 = 382
Lower Bound 2 = 24
Avaliação = 1.17539

Tempo de execução: 60.0119s

---------------------------

Largura da faixa = 24
Melhor altura = 452

Lower Bound 1 = 382
Lower Bound 2 = 24
Avaliação = 1.18325

Tempo de execução: 60.0012s

---------------------------

Largura da faixa = 24
Melhor altura = 447

Lower Bound 1 = 382
Lower Bound 2 = 24
Avaliação = 1.17016

Tempo de execução: 60.0039s

---------------------------

Largura da faixa = 24
Melhor altura = 448

Lower Bound 1 = 382
Lower Bound 2 = 24
Avaliação = 1.17277

Tempo de execução: 60.0147s

---------------------------

Largura da faixa = 24
Melhor altura = 447

Lower Bound 1 = 382
Lower Bound 2 = 24
Avaliação = 1.17016

Tempo de execução: 60.0025s

---------------------------

Largura da faixa = 24
Melhor altura = 449

Lower Bound 1 = 382
Lower Bound 2 = 24
Avaliação = 1.17539

Tempo de execução: 60.0052s

---------------------------

Largura da faixa = 24
Melhor altura = 447

Lower Bound 1 = 382
Lower Bound 2 = 24
Avaliação = 1.17016

Tempo de execução: 60.0069s

---------------------------

Largura da faixa = 24
Melhor altura = 449

Lower Bound 1 = 382
Lower Bound 2 = 24
Avaliação = 1.17539

Tempo de execução: 60.0007s

---------------------------

Largura da faixa = 24
Melhor altura = 448

Lower Bound 1 = 382
Lower Bound 2 = 24
Avaliação = 1.17277

Tempo de execução: 60.0071s

---------------------------

Largura da faixa = 24
Melhor altura = 445

Lower Bound 1 = 382
Lower Bound 2 = 24
Avaliação = 1.16492

Tempo de execução: 60.0083s

---------------------------

Largura da faixa = 24
Melhor altura = 450

Lower Bound 1 = 382
Lower Bound 2 = 24
Avaliação = 1.17801

Tempo de execução: 60.0002s

---------------------------

Largura da faixa = 24
Melhor altura = 451

Lower Bound 1 = 382
Lower Bound 2 = 24
Avaliação = 1.18063

Tempo de execução: 60.0044s

---------------------------

Largura da faixa = 24
Melhor altura = 445

Lower Bound 1 = 382
Lower Bound 2 = 24
Avaliação = 1.16492

Tempo de execução: 60.0092s

---------------------------

Largura da faixa = 24
Melhor altura = 441

Lower Bound 1 = 382
Lower Bound 2 = 24
Avaliação = 1.15445

Tempo de execução: 60.0089s

---------------------------

Largura da faixa = 24
Melhor altura = 444

Lower Bound 1 = 382
Lower Bound 2 = 24
Avaliação = 1.1623

Tempo de execução: 60.013s

---------------------------

