Largura da faixa = 32
Melhor altura = 169

Lower Bound 1 = 147
Lower Bound 2 = 32
Avaliação = 1.14966

Tempo de execução: 60.0004s

---------------------------

Largura da faixa = 32
Melhor altura = 166

Lower Bound 1 = 147
Lower Bound 2 = 32
Avaliação = 1.12925

Tempo de execução: 60.0015s

---------------------------

Largura da faixa = 32
Melhor altura = 170

Lower Bound 1 = 147
Lower Bound 2 = 32
Avaliação = 1.15646

Tempo de execução: 60.0053s

---------------------------

Largura da faixa = 32
Melhor altura = 172

Lower Bound 1 = 147
Lower Bound 2 = 32
Avaliação = 1.17007

Tempo de execução: 60.0008s

---------------------------

Largura da faixa = 32
Melhor altura = 168

Lower Bound 1 = 147
Lower Bound 2 = 32
Avaliação = 1.14286

Tempo de execução: 60.0007s

---------------------------

Largura da faixa = 32
Melhor altura = 171

Lower Bound 1 = 147
Lower Bound 2 = 32
Avaliação = 1.16327

Tempo de execução: 60.0016s

---------------------------

Largura da faixa = 32
Melhor altura = 168

Lower Bound 1 = 147
Lower Bound 2 = 32
Avaliação = 1.14286

Tempo de execução: 60.0014s

---------------------------

Largura da faixa = 32
Melhor altura = 168

Lower Bound 1 = 147
Lower Bound 2 = 32
Avaliação = 1.14286

Tempo de execução: 60.0023s

---------------------------

Largura da faixa = 32
Melhor altura = 171

Lower Bound 1 = 147
Lower Bound 2 = 32
Avaliação = 1.16327

Tempo de execução: 60.0037s

---------------------------

Largura da faixa = 32
Melhor altura = 171

Lower Bound 1 = 147
Lower Bound 2 = 32
Avaliação = 1.16327

Tempo de execução: 60.0001s

---------------------------

Largura da faixa = 32
Melhor altura = 170

Lower Bound 1 = 147
Lower Bound 2 = 32
Avaliação = 1.15646

Tempo de execução: 60.0001s

---------------------------

Largura da faixa = 32
Melhor altura = 170

Lower Bound 1 = 147
Lower Bound 2 = 32
Avaliação = 1.15646

Tempo de execução: 60.0046s

---------------------------

Largura da faixa = 32
Melhor altura = 171

Lower Bound 1 = 147
Lower Bound 2 = 32
Avaliação = 1.16327

Tempo de execução: 60.0006s

---------------------------

Largura da faixa = 32
Melhor altura = 169

Lower Bound 1 = 147
Lower Bound 2 = 32
Avaliação = 1.14966

Tempo de execução: 60.0026s

---------------------------

Largura da faixa = 32
Melhor altura = 171

Lower Bound 1 = 147
Lower Bound 2 = 32
Avaliação = 1.16327

Tempo de execução: 60.0029s

---------------------------

Largura da faixa = 32
Melhor altura = 169

Lower Bound 1 = 147
Lower Bound 2 = 32
Avaliação = 1.14966

Tempo de execução: 60.0011s

---------------------------

Largura da faixa = 32
Melhor altura = 169

Lower Bound 1 = 147
Lower Bound 2 = 32
Avaliação = 1.14966

Tempo de execução: 60.0024s

---------------------------

Largura da faixa = 32
Melhor altura = 168

Lower Bound 1 = 147
Lower Bound 2 = 32
Avaliação = 1.14286

Tempo de execução: 60.0055s

---------------------------

Largura da faixa = 32
Melhor altura = 166

Lower Bound 1 = 147
Lower Bound 2 = 32
Avaliação = 1.12925

Tempo de execução: 60.0003s

---------------------------

Largura da faixa = 32
Melhor altura = 171

Lower Bound 1 = 147
Lower Bound 2 = 32
Avaliação = 1.16327

Tempo de execução: 60.0014s

---------------------------

