Largura da faixa = 31
Melhor altura = 136

Lower Bound 1 = 119
Lower Bound 2 = 31
Avaliação = 1.14286

Tempo de execução: 60.0001s

---------------------------

Largura da faixa = 31
Melhor altura = 136

Lower Bound 1 = 119
Lower Bound 2 = 31
Avaliação = 1.14286

Tempo de execução: 60.0002s

---------------------------

Largura da faixa = 31
Melhor altura = 136

Lower Bound 1 = 119
Lower Bound 2 = 31
Avaliação = 1.14286

Tempo de execução: 60.0007s

---------------------------

Largura da faixa = 31
Melhor altura = 136

Lower Bound 1 = 119
Lower Bound 2 = 31
Avaliação = 1.14286

Tempo de execução: 60.0001s

---------------------------

Largura da faixa = 31
Melhor altura = 136

Lower Bound 1 = 119
Lower Bound 2 = 31
Avaliação = 1.14286

Tempo de execução: 60.0007s

---------------------------

Largura da faixa = 31
Melhor altura = 133

Lower Bound 1 = 119
Lower Bound 2 = 31
Avaliação = 1.11765

Tempo de execução: 60.001s

---------------------------

Largura da faixa = 31
Melhor altura = 136

Lower Bound 1 = 119
Lower Bound 2 = 31
Avaliação = 1.14286

Tempo de execução: 60.0013s

---------------------------

Largura da faixa = 31
Melhor altura = 137

Lower Bound 1 = 119
Lower Bound 2 = 31
Avaliação = 1.15126

Tempo de execução: 60.0014s

---------------------------

Largura da faixa = 31
Melhor altura = 136

Lower Bound 1 = 119
Lower Bound 2 = 31
Avaliação = 1.14286

Tempo de execução: 60.0012s

---------------------------

Largura da faixa = 31
Melhor altura = 135

Lower Bound 1 = 119
Lower Bound 2 = 31
Avaliação = 1.13445

Tempo de execução: 60.0001s

---------------------------

Largura da faixa = 31
Melhor altura = 135

Lower Bound 1 = 119
Lower Bound 2 = 31
Avaliação = 1.13445

Tempo de execução: 60.0017s

---------------------------

Largura da faixa = 31
Melhor altura = 136

Lower Bound 1 = 119
Lower Bound 2 = 31
Avaliação = 1.14286

Tempo de execução: 60.001s

---------------------------

Largura da faixa = 31
Melhor altura = 134

Lower Bound 1 = 119
Lower Bound 2 = 31
Avaliação = 1.12605

Tempo de execução: 60.0006s

---------------------------

Largura da faixa = 31
Melhor altura = 135

Lower Bound 1 = 119
Lower Bound 2 = 31
Avaliação = 1.13445

Tempo de execução: 60.0036s

---------------------------

Largura da faixa = 31
Melhor altura = 135

Lower Bound 1 = 119
Lower Bound 2 = 31
Avaliação = 1.13445

Tempo de execução: 60.0001s

---------------------------

Largura da faixa = 31
Melhor altura = 134

Lower Bound 1 = 119
Lower Bound 2 = 31
Avaliação = 1.12605

Tempo de execução: 60.0003s

---------------------------

Largura da faixa = 31
Melhor altura = 133

Lower Bound 1 = 119
Lower Bound 2 = 31
Avaliação = 1.11765

Tempo de execução: 60.0002s

---------------------------

Largura da faixa = 31
Melhor altura = 137

Lower Bound 1 = 119
Lower Bound 2 = 31
Avaliação = 1.15126

Tempo de execução: 60.0012s

---------------------------

Largura da faixa = 31
Melhor altura = 136

Lower Bound 1 = 119
Lower Bound 2 = 31
Avaliação = 1.14286

Tempo de execução: 60.0006s

---------------------------

Largura da faixa = 31
Melhor altura = 136

Lower Bound 1 = 119
Lower Bound 2 = 31
Avaliação = 1.14286

Tempo de execução: 60.0002s

---------------------------

