Largura da faixa = 1
Melhor altura = 44

Lower Bound 1 = 44
Lower Bound 2 = 44
Avaliação = 1

Tempo de execução: 60s

---------------------------

Largura da faixa = 1
Melhor altura = 44

Lower Bound 1 = 44
Lower Bound 2 = 44
Avaliação = 1

Tempo de execução: 60s

---------------------------

Largura da faixa = 1
Melhor altura = 44

Lower Bound 1 = 44
Lower Bound 2 = 44
Avaliação = 1

Tempo de execução: 60s

---------------------------

Largura da faixa = 1
Melhor altura = 44

Lower Bound 1 = 44
Lower Bound 2 = 44
Avaliação = 1

Tempo de execução: 60s

---------------------------

Largura da faixa = 1
Melhor altura = 44

Lower Bound 1 = 44
Lower Bound 2 = 44
Avaliação = 1

Tempo de execução: 60s

---------------------------

Largura da faixa = 1
Melhor altura = 44

Lower Bound 1 = 44
Lower Bound 2 = 44
Avaliação = 1

Tempo de execução: 60s

---------------------------

Largura da faixa = 1
Melhor altura = 44

Lower Bound 1 = 44
Lower Bound 2 = 44
Avaliação = 1

Tempo de execução: 60s

---------------------------

Largura da faixa = 1
Melhor altura = 44

Lower Bound 1 = 44
Lower Bound 2 = 44
Avaliação = 1

Tempo de execução: 60s

---------------------------

Largura da faixa = 1
Melhor altura = 44

Lower Bound 1 = 44
Lower Bound 2 = 44
Avaliação = 1

Tempo de execução: 60s

---------------------------

Largura da faixa = 1
Melhor altura = 44

Lower Bound 1 = 44
Lower Bound 2 = 44
Avaliação = 1

Tempo de execução: 60s

---------------------------

Largura da faixa = 1
Melhor altura = 44

Lower Bound 1 = 44
Lower Bound 2 = 44
Avaliação = 1

Tempo de execução: 60s

---------------------------

Largura da faixa = 1
Melhor altura = 44

Lower Bound 1 = 44
Lower Bound 2 = 44
Avaliação = 1

Tempo de execução: 60s

---------------------------

Largura da faixa = 1
Melhor altura = 44

Lower Bound 1 = 44
Lower Bound 2 = 44
Avaliação = 1

Tempo de execução: 60s

---------------------------

Largura da faixa = 1
Melhor altura = 44

Lower Bound 1 = 44
Lower Bound 2 = 44
Avaliação = 1

Tempo de execução: 60s

---------------------------

Largura da faixa = 1
Melhor altura = 44

Lower Bound 1 = 44
Lower Bound 2 = 44
Avaliação = 1

Tempo de execução: 60s

---------------------------

Largura da faixa = 1
Melhor altura = 44

Lower Bound 1 = 44
Lower Bound 2 = 44
Avaliação = 1

Tempo de execução: 60s

---------------------------

Largura da faixa = 1
Melhor altura = 44

Lower Bound 1 = 44
Lower Bound 2 = 44
Avaliação = 1

Tempo de execução: 60s

---------------------------

Largura da faixa = 1
Melhor altura = 44

Lower Bound 1 = 44
Lower Bound 2 = 44
Avaliação = 1

Tempo de execução: 60s

---------------------------

Largura da faixa = 1
Melhor altura = 44

Lower Bound 1 = 44
Lower Bound 2 = 44
Avaliação = 1

Tempo de execução: 60s

---------------------------

Largura da faixa = 1
Melhor altura = 44

Lower Bound 1 = 44
Lower Bound 2 = 44
Avaliação = 1

Tempo de execução: 60s

---------------------------

