Largura da faixa = 31
Melhor altura = 536

Lower Bound 1 = 459
Lower Bound 2 = 31
Avaliação = 1.16776

Tempo de execução: 60.0001s

---------------------------

Largura da faixa = 31
Melhor altura = 548

Lower Bound 1 = 459
Lower Bound 2 = 31
Avaliação = 1.1939

Tempo de execução: 60.0119s

---------------------------

Largura da faixa = 31
Melhor altura = 535

Lower Bound 1 = 459
Lower Bound 2 = 31
Avaliação = 1.16558

Tempo de execução: 60.0296s

---------------------------

Largura da faixa = 31
Melhor altura = 540

Lower Bound 1 = 459
Lower Bound 2 = 31
Avaliação = 1.17647

Tempo de execução: 60.0098s

---------------------------

Largura da faixa = 31
Melhor altura = 543

Lower Bound 1 = 459
Lower Bound 2 = 31
Avaliação = 1.18301

Tempo de execução: 60.0117s

---------------------------

Largura da faixa = 31
Melhor altura = 546

Lower Bound 1 = 459
Lower Bound 2 = 31
Avaliação = 1.18954

Tempo de execução: 60.0153s

---------------------------

Largura da faixa = 31
Melhor altura = 545

Lower Bound 1 = 459
Lower Bound 2 = 31
Avaliação = 1.18736

Tempo de execução: 60.0006s

---------------------------

Largura da faixa = 31
Melhor altura = 538

Lower Bound 1 = 459
Lower Bound 2 = 31
Avaliação = 1.17211

Tempo de execução: 60.001s

---------------------------

Largura da faixa = 31
Melhor altura = 539

Lower Bound 1 = 459
Lower Bound 2 = 31
Avaliação = 1.17429

Tempo de execução: 60.0016s

---------------------------

Largura da faixa = 31
Melhor altura = 544

Lower Bound 1 = 459
Lower Bound 2 = 31
Avaliação = 1.18519

Tempo de execução: 60.0126s

---------------------------

Largura da faixa = 31
Melhor altura = 543

Lower Bound 1 = 459
Lower Bound 2 = 31
Avaliação = 1.18301

Tempo de execução: 60.0011s

---------------------------

Largura da faixa = 31
Melhor altura = 535

Lower Bound 1 = 459
Lower Bound 2 = 31
Avaliação = 1.16558

Tempo de execução: 60.0331s

---------------------------

Largura da faixa = 31
Melhor altura = 547

Lower Bound 1 = 459
Lower Bound 2 = 31
Avaliação = 1.19172

Tempo de execução: 60.0087s

---------------------------

Largura da faixa = 31
Melhor altura = 542

Lower Bound 1 = 459
Lower Bound 2 = 31
Avaliação = 1.18083

Tempo de execução: 60.0203s

---------------------------

Largura da faixa = 31
Melhor altura = 541

Lower Bound 1 = 459
Lower Bound 2 = 31
Avaliação = 1.17865

Tempo de execução: 60.025s

---------------------------

Largura da faixa = 31
Melhor altura = 535

Lower Bound 1 = 459
Lower Bound 2 = 31
Avaliação = 1.16558

Tempo de execução: 60.0112s

---------------------------

Largura da faixa = 31
Melhor altura = 538

Lower Bound 1 = 459
Lower Bound 2 = 31
Avaliação = 1.17211

Tempo de execução: 60.0137s

---------------------------

Largura da faixa = 31
Melhor altura = 544

Lower Bound 1 = 459
Lower Bound 2 = 31
Avaliação = 1.18519

Tempo de execução: 60.0154s

---------------------------

Largura da faixa = 31
Melhor altura = 549

Lower Bound 1 = 459
Lower Bound 2 = 31
Avaliação = 1.19608

Tempo de execução: 60.0001s

---------------------------

Largura da faixa = 31
Melhor altura = 546

Lower Bound 1 = 459
Lower Bound 2 = 31
Avaliação = 1.18954

Tempo de execução: 60.0112s

---------------------------

