Largura da faixa = 23
Melhor altura = 169

Lower Bound 1 = 152
Lower Bound 2 = 23
Avaliação = 1.11184

Tempo de execução: 60.0013s

---------------------------

Largura da faixa = 23
Melhor altura = 172

Lower Bound 1 = 152
Lower Bound 2 = 23
Avaliação = 1.13158

Tempo de execução: 60.0014s

---------------------------

Largura da faixa = 23
Melhor altura = 171

Lower Bound 1 = 152
Lower Bound 2 = 23
Avaliação = 1.125

Tempo de execução: 60.0011s

---------------------------

Largura da faixa = 23
Melhor altura = 171

Lower Bound 1 = 152
Lower Bound 2 = 23
Avaliação = 1.125

Tempo de execução: 60.0011s

---------------------------

Largura da faixa = 23
Melhor altura = 171

Lower Bound 1 = 152
Lower Bound 2 = 23
Avaliação = 1.125

Tempo de execução: 60.0001s

---------------------------

Largura da faixa = 23
Melhor altura = 170

Lower Bound 1 = 152
Lower Bound 2 = 23
Avaliação = 1.11842

Tempo de execução: 60.0018s

---------------------------

Largura da faixa = 23
Melhor altura = 170

Lower Bound 1 = 152
Lower Bound 2 = 23
Avaliação = 1.11842

Tempo de execução: 60.0015s

---------------------------

Largura da faixa = 23
Melhor altura = 171

Lower Bound 1 = 152
Lower Bound 2 = 23
Avaliação = 1.125

Tempo de execução: 60.0018s

---------------------------

Largura da faixa = 23
Melhor altura = 172

Lower Bound 1 = 152
Lower Bound 2 = 23
Avaliação = 1.13158

Tempo de execução: 60.0006s

---------------------------

Largura da faixa = 23
Melhor altura = 170

Lower Bound 1 = 152
Lower Bound 2 = 23
Avaliação = 1.11842

Tempo de execução: 60.0007s

---------------------------

Largura da faixa = 23
Melhor altura = 171

Lower Bound 1 = 152
Lower Bound 2 = 23
Avaliação = 1.125

Tempo de execução: 60.0005s

---------------------------

Largura da faixa = 23
Melhor altura = 170

Lower Bound 1 = 152
Lower Bound 2 = 23
Avaliação = 1.11842

Tempo de execução: 60.0002s

---------------------------

Largura da faixa = 23
Melhor altura = 172

Lower Bound 1 = 152
Lower Bound 2 = 23
Avaliação = 1.13158

Tempo de execução: 60.0022s

---------------------------

Largura da faixa = 23
Melhor altura = 172

Lower Bound 1 = 152
Lower Bound 2 = 23
Avaliação = 1.13158

Tempo de execução: 60.0012s

---------------------------

Largura da faixa = 23
Melhor altura = 172

Lower Bound 1 = 152
Lower Bound 2 = 23
Avaliação = 1.13158

Tempo de execução: 60.0024s

---------------------------

Largura da faixa = 23
Melhor altura = 171

Lower Bound 1 = 152
Lower Bound 2 = 23
Avaliação = 1.125

Tempo de execução: 60.0022s

---------------------------

Largura da faixa = 23
Melhor altura = 170

Lower Bound 1 = 152
Lower Bound 2 = 23
Avaliação = 1.11842

Tempo de execução: 60.0016s

---------------------------

Largura da faixa = 23
Melhor altura = 171

Lower Bound 1 = 152
Lower Bound 2 = 23
Avaliação = 1.125

Tempo de execução: 60.0022s

---------------------------

Largura da faixa = 23
Melhor altura = 170

Lower Bound 1 = 152
Lower Bound 2 = 23
Avaliação = 1.11842

Tempo de execução: 60.0024s

---------------------------

Largura da faixa = 23
Melhor altura = 170

Lower Bound 1 = 152
Lower Bound 2 = 23
Avaliação = 1.11842

Tempo de execução: 60.0027s

---------------------------

