Largura da faixa = 32
Melhor altura = 769

Lower Bound 1 = 647
Lower Bound 2 = 32
Avaliação = 1.18856

Tempo de execução: 60.0051s

---------------------------

Largura da faixa = 32
Melhor altura = 770

Lower Bound 1 = 647
Lower Bound 2 = 32
Avaliação = 1.19011

Tempo de execução: 60.0108s

---------------------------

Largura da faixa = 32
Melhor altura = 779

Lower Bound 1 = 647
Lower Bound 2 = 32
Avaliação = 1.20402

Tempo de execução: 60.0739s

---------------------------

Largura da faixa = 32
Melhor altura = 776

Lower Bound 1 = 647
Lower Bound 2 = 32
Avaliação = 1.19938

Tempo de execução: 60.0148s

---------------------------

Largura da faixa = 32
Melhor altura = 778

Lower Bound 1 = 647
Lower Bound 2 = 32
Avaliação = 1.20247

Tempo de execução: 60.0312s

---------------------------

Largura da faixa = 32
Melhor altura = 773

Lower Bound 1 = 647
Lower Bound 2 = 32
Avaliação = 1.19474

Tempo de execução: 60.031s

---------------------------

Largura da faixa = 32
Melhor altura = 776

Lower Bound 1 = 647
Lower Bound 2 = 32
Avaliação = 1.19938

Tempo de execução: 60.0051s

---------------------------

Largura da faixa = 32
Melhor altura = 773

Lower Bound 1 = 647
Lower Bound 2 = 32
Avaliação = 1.19474

Tempo de execução: 60.036s

---------------------------

Largura da faixa = 32
Melhor altura = 768

Lower Bound 1 = 647
Lower Bound 2 = 32
Avaliação = 1.18702

Tempo de execução: 60.0409s

---------------------------

Largura da faixa = 32
Melhor altura = 768

Lower Bound 1 = 647
Lower Bound 2 = 32
Avaliação = 1.18702

Tempo de execução: 60.0398s

---------------------------

Largura da faixa = 32
Melhor altura = 771

Lower Bound 1 = 647
Lower Bound 2 = 32
Avaliação = 1.19165

Tempo de execução: 60.0773s

---------------------------

Largura da faixa = 32
Melhor altura = 772

Lower Bound 1 = 647
Lower Bound 2 = 32
Avaliação = 1.1932

Tempo de execução: 60.0845s

---------------------------

Largura da faixa = 32
Melhor altura = 771

Lower Bound 1 = 647
Lower Bound 2 = 32
Avaliação = 1.19165

Tempo de execução: 60.0237s

---------------------------

Largura da faixa = 32
Melhor altura = 776

Lower Bound 1 = 647
Lower Bound 2 = 32
Avaliação = 1.19938

Tempo de execução: 60.0489s

---------------------------

Largura da faixa = 32
Melhor altura = 777

Lower Bound 1 = 647
Lower Bound 2 = 32
Avaliação = 1.20093

Tempo de execução: 60.066s

---------------------------

Largura da faixa = 32
Melhor altura = 773

Lower Bound 1 = 647
Lower Bound 2 = 32
Avaliação = 1.19474

Tempo de execução: 60.0038s

---------------------------

Largura da faixa = 32
Melhor altura = 777

Lower Bound 1 = 647
Lower Bound 2 = 32
Avaliação = 1.20093

Tempo de execução: 60.0275s

---------------------------

Largura da faixa = 32
Melhor altura = 777

Lower Bound 1 = 647
Lower Bound 2 = 32
Avaliação = 1.20093

Tempo de execução: 60.0514s

---------------------------

Largura da faixa = 32
Melhor altura = 779

Lower Bound 1 = 647
Lower Bound 2 = 32
Avaliação = 1.20402

Tempo de execução: 60.0094s

---------------------------

Largura da faixa = 32
Melhor altura = 775

Lower Bound 1 = 647
Lower Bound 2 = 32
Avaliação = 1.19784

Tempo de execução: 60.0287s

---------------------------

