Largura da faixa = 36
Melhor altura = 160

Lower Bound 1 = 135
Lower Bound 2 = 36
Avaliação = 1.18519

Tempo de execução: 60.002s

---------------------------

Largura da faixa = 36
Melhor altura = 156

Lower Bound 1 = 135
Lower Bound 2 = 36
Avaliação = 1.15556

Tempo de execução: 60.0037s

---------------------------

Largura da faixa = 36
Melhor altura = 160

Lower Bound 1 = 135
Lower Bound 2 = 36
Avaliação = 1.18519

Tempo de execução: 60.0039s

---------------------------

Largura da faixa = 36
Melhor altura = 155

Lower Bound 1 = 135
Lower Bound 2 = 36
Avaliação = 1.14815

Tempo de execução: 60s

---------------------------

Largura da faixa = 36
Melhor altura = 159

Lower Bound 1 = 135
Lower Bound 2 = 36
Avaliação = 1.17778

Tempo de execução: 60.0006s

---------------------------

Largura da faixa = 36
Melhor altura = 157

Lower Bound 1 = 135
Lower Bound 2 = 36
Avaliação = 1.16296

Tempo de execução: 60.002s

---------------------------

Largura da faixa = 36
Melhor altura = 154

Lower Bound 1 = 135
Lower Bound 2 = 36
Avaliação = 1.14074

Tempo de execução: 60.0008s

---------------------------

Largura da faixa = 36
Melhor altura = 157

Lower Bound 1 = 135
Lower Bound 2 = 36
Avaliação = 1.16296

Tempo de execução: 60.0004s

---------------------------

Largura da faixa = 36
Melhor altura = 156

Lower Bound 1 = 135
Lower Bound 2 = 36
Avaliação = 1.15556

Tempo de execução: 60.0008s

---------------------------

Largura da faixa = 36
Melhor altura = 155

Lower Bound 1 = 135
Lower Bound 2 = 36
Avaliação = 1.14815

Tempo de execução: 60.0003s

---------------------------

Largura da faixa = 36
Melhor altura = 158

Lower Bound 1 = 135
Lower Bound 2 = 36
Avaliação = 1.17037

Tempo de execução: 60.0001s

---------------------------

Largura da faixa = 36
Melhor altura = 157

Lower Bound 1 = 135
Lower Bound 2 = 36
Avaliação = 1.16296

Tempo de execução: 60.0028s

---------------------------

Largura da faixa = 36
Melhor altura = 159

Lower Bound 1 = 135
Lower Bound 2 = 36
Avaliação = 1.17778

Tempo de execução: 60.0002s

---------------------------

Largura da faixa = 36
Melhor altura = 159

Lower Bound 1 = 135
Lower Bound 2 = 36
Avaliação = 1.17778

Tempo de execução: 60.0014s

---------------------------

Largura da faixa = 36
Melhor altura = 156

Lower Bound 1 = 135
Lower Bound 2 = 36
Avaliação = 1.15556

Tempo de execução: 60.0011s

---------------------------

Largura da faixa = 36
Melhor altura = 157

Lower Bound 1 = 135
Lower Bound 2 = 36
Avaliação = 1.16296

Tempo de execução: 60.0007s

---------------------------

Largura da faixa = 36
Melhor altura = 156

Lower Bound 1 = 135
Lower Bound 2 = 36
Avaliação = 1.15556

Tempo de execução: 60.004s

---------------------------

Largura da faixa = 36
Melhor altura = 157

Lower Bound 1 = 135
Lower Bound 2 = 36
Avaliação = 1.16296

Tempo de execução: 60.0038s

---------------------------

Largura da faixa = 36
Melhor altura = 159

Lower Bound 1 = 135
Lower Bound 2 = 36
Avaliação = 1.17778

Tempo de execução: 60.0001s

---------------------------

Largura da faixa = 36
Melhor altura = 157

Lower Bound 1 = 135
Lower Bound 2 = 36
Avaliação = 1.16296

Tempo de execução: 60.0012s

---------------------------

