Largura da faixa = 24
Melhor altura = 69

Lower Bound 1 = 65
Lower Bound 2 = 24
Avaliação = 1.06154

Tempo de execução: 60s

---------------------------

Largura da faixa = 24
Melhor altura = 71

Lower Bound 1 = 65
Lower Bound 2 = 24
Avaliação = 1.09231

Tempo de execução: 60.0004s

---------------------------

Largura da faixa = 24
Melhor altura = 70

Lower Bound 1 = 65
Lower Bound 2 = 24
Avaliação = 1.07692

Tempo de execução: 60.0009s

---------------------------

Largura da faixa = 24
Melhor altura = 71

Lower Bound 1 = 65
Lower Bound 2 = 24
Avaliação = 1.09231

Tempo de execução: 60s

---------------------------

Largura da faixa = 24
Melhor altura = 70

Lower Bound 1 = 65
Lower Bound 2 = 24
Avaliação = 1.07692

Tempo de execução: 60.0005s

---------------------------

Largura da faixa = 24
Melhor altura = 69

Lower Bound 1 = 65
Lower Bound 2 = 24
Avaliação = 1.06154

Tempo de execução: 60.0016s

---------------------------

Largura da faixa = 24
Melhor altura = 70

Lower Bound 1 = 65
Lower Bound 2 = 24
Avaliação = 1.07692

Tempo de execução: 60.0005s

---------------------------

Largura da faixa = 24
Melhor altura = 70

Lower Bound 1 = 65
Lower Bound 2 = 24
Avaliação = 1.07692

Tempo de execução: 60.0004s

---------------------------

Largura da faixa = 24
Melhor altura = 71

Lower Bound 1 = 65
Lower Bound 2 = 24
Avaliação = 1.09231

Tempo de execução: 60.0009s

---------------------------

Largura da faixa = 24
Melhor altura = 70

Lower Bound 1 = 65
Lower Bound 2 = 24
Avaliação = 1.07692

Tempo de execução: 60.0001s

---------------------------

Largura da faixa = 24
Melhor altura = 71

Lower Bound 1 = 65
Lower Bound 2 = 24
Avaliação = 1.09231

Tempo de execução: 60.001s

---------------------------

Largura da faixa = 24
Melhor altura = 70

Lower Bound 1 = 65
Lower Bound 2 = 24
Avaliação = 1.07692

Tempo de execução: 60.0017s

---------------------------

Largura da faixa = 24
Melhor altura = 70

Lower Bound 1 = 65
Lower Bound 2 = 24
Avaliação = 1.07692

Tempo de execução: 60.0003s

---------------------------

Largura da faixa = 24
Melhor altura = 71

Lower Bound 1 = 65
Lower Bound 2 = 24
Avaliação = 1.09231

Tempo de execução: 60.0009s

---------------------------

Largura da faixa = 24
Melhor altura = 71

Lower Bound 1 = 65
Lower Bound 2 = 24
Avaliação = 1.09231

Tempo de execução: 60.0008s

---------------------------

Largura da faixa = 24
Melhor altura = 70

Lower Bound 1 = 65
Lower Bound 2 = 24
Avaliação = 1.07692

Tempo de execução: 60.0006s

---------------------------

Largura da faixa = 24
Melhor altura = 70

Lower Bound 1 = 65
Lower Bound 2 = 24
Avaliação = 1.07692

Tempo de execução: 60.0009s

---------------------------

Largura da faixa = 24
Melhor altura = 70

Lower Bound 1 = 65
Lower Bound 2 = 24
Avaliação = 1.07692

Tempo de execução: 60.0004s

---------------------------

Largura da faixa = 24
Melhor altura = 71

Lower Bound 1 = 65
Lower Bound 2 = 24
Avaliação = 1.09231

Tempo de execução: 60.0013s

---------------------------

Largura da faixa = 24
Melhor altura = 70

Lower Bound 1 = 65
Lower Bound 2 = 24
Avaliação = 1.07692

Tempo de execução: 60.0006s

---------------------------

