Largura da faixa = 36
Melhor altura = 64

Lower Bound 1 = 58
Lower Bound 2 = 36
Avaliação = 1.10345

Tempo de execução: 60.0001s

---------------------------

Largura da faixa = 36
Melhor altura = 63

Lower Bound 1 = 58
Lower Bound 2 = 36
Avaliação = 1.08621

Tempo de execução: 60.0001s

---------------------------

Largura da faixa = 36
Melhor altura = 64

Lower Bound 1 = 58
Lower Bound 2 = 36
Avaliação = 1.10345

Tempo de execução: 60.0003s

---------------------------

Largura da faixa = 36
Melhor altura = 64

Lower Bound 1 = 58
Lower Bound 2 = 36
Avaliação = 1.10345

Tempo de execução: 60.0001s

---------------------------

Largura da faixa = 36
Melhor altura = 64

Lower Bound 1 = 58
Lower Bound 2 = 36
Avaliação = 1.10345

Tempo de execução: 60.0001s

---------------------------

Largura da faixa = 36
Melhor altura = 64

Lower Bound 1 = 58
Lower Bound 2 = 36
Avaliação = 1.10345

Tempo de execução: 60.0003s

---------------------------

Largura da faixa = 36
Melhor altura = 64

Lower Bound 1 = 58
Lower Bound 2 = 36
Avaliação = 1.10345

Tempo de execução: 60.0002s

---------------------------

Largura da faixa = 36
Melhor altura = 64

Lower Bound 1 = 58
Lower Bound 2 = 36
Avaliação = 1.10345

Tempo de execução: 60.0004s

---------------------------

Largura da faixa = 36
Melhor altura = 64

Lower Bound 1 = 58
Lower Bound 2 = 36
Avaliação = 1.10345

Tempo de execução: 60s

---------------------------

Largura da faixa = 36
Melhor altura = 63

Lower Bound 1 = 58
Lower Bound 2 = 36
Avaliação = 1.08621

Tempo de execução: 60.0001s

---------------------------

Largura da faixa = 36
Melhor altura = 64

Lower Bound 1 = 58
Lower Bound 2 = 36
Avaliação = 1.10345

Tempo de execução: 60.0001s

---------------------------

Largura da faixa = 36
Melhor altura = 64

Lower Bound 1 = 58
Lower Bound 2 = 36
Avaliação = 1.10345

Tempo de execução: 60.0004s

---------------------------

Largura da faixa = 36
Melhor altura = 64

Lower Bound 1 = 58
Lower Bound 2 = 36
Avaliação = 1.10345

Tempo de execução: 60.0001s

---------------------------

Largura da faixa = 36
Melhor altura = 64

Lower Bound 1 = 58
Lower Bound 2 = 36
Avaliação = 1.10345

Tempo de execução: 60.0003s

---------------------------

Largura da faixa = 36
Melhor altura = 64

Lower Bound 1 = 58
Lower Bound 2 = 36
Avaliação = 1.10345

Tempo de execução: 60.0002s

---------------------------

Largura da faixa = 36
Melhor altura = 63

Lower Bound 1 = 58
Lower Bound 2 = 36
Avaliação = 1.08621

Tempo de execução: 60.0001s

---------------------------

Largura da faixa = 36
Melhor altura = 65

Lower Bound 1 = 58
Lower Bound 2 = 36
Avaliação = 1.12069

Tempo de execução: 60s

---------------------------

Largura da faixa = 36
Melhor altura = 64

Lower Bound 1 = 58
Lower Bound 2 = 36
Avaliação = 1.10345

Tempo de execução: 60.0005s

---------------------------

Largura da faixa = 36
Melhor altura = 64

Lower Bound 1 = 58
Lower Bound 2 = 36
Avaliação = 1.10345

Tempo de execução: 60.0002s

---------------------------

Largura da faixa = 36
Melhor altura = 64

Lower Bound 1 = 58
Lower Bound 2 = 36
Avaliação = 1.10345

Tempo de execução: 60.0006s

---------------------------

