Largura da faixa = 1
Melhor altura = 20

Lower Bound 1 = 20
Lower Bound 2 = 20
Avaliação = 1

Tempo de execução: 60s

---------------------------

Largura da faixa = 1
Melhor altura = 20

Lower Bound 1 = 20
Lower Bound 2 = 20
Avaliação = 1

Tempo de execução: 60s

---------------------------

Largura da faixa = 1
Melhor altura = 20

Lower Bound 1 = 20
Lower Bound 2 = 20
Avaliação = 1

Tempo de execução: 60s

---------------------------

Largura da faixa = 1
Melhor altura = 20

Lower Bound 1 = 20
Lower Bound 2 = 20
Avaliação = 1

Tempo de execução: 60s

---------------------------

Largura da faixa = 1
Melhor altura = 20

Lower Bound 1 = 20
Lower Bound 2 = 20
Avaliação = 1

Tempo de execução: 60s

---------------------------

Largura da faixa = 1
Melhor altura = 20

Lower Bound 1 = 20
Lower Bound 2 = 20
Avaliação = 1

Tempo de execução: 60s

---------------------------

Largura da faixa = 1
Melhor altura = 20

Lower Bound 1 = 20
Lower Bound 2 = 20
Avaliação = 1

Tempo de execução: 60s

---------------------------

Largura da faixa = 1
Melhor altura = 20

Lower Bound 1 = 20
Lower Bound 2 = 20
Avaliação = 1

Tempo de execução: 60s

---------------------------

Largura da faixa = 1
Melhor altura = 20

Lower Bound 1 = 20
Lower Bound 2 = 20
Avaliação = 1

Tempo de execução: 60s

---------------------------

Largura da faixa = 1
Melhor altura = 20

Lower Bound 1 = 20
Lower Bound 2 = 20
Avaliação = 1

Tempo de execução: 60s

---------------------------

Largura da faixa = 1
Melhor altura = 20

Lower Bound 1 = 20
Lower Bound 2 = 20
Avaliação = 1

Tempo de execução: 60s

---------------------------

Largura da faixa = 1
Melhor altura = 20

Lower Bound 1 = 20
Lower Bound 2 = 20
Avaliação = 1

Tempo de execução: 60s

---------------------------

Largura da faixa = 1
Melhor altura = 20

Lower Bound 1 = 20
Lower Bound 2 = 20
Avaliação = 1

Tempo de execução: 60s

---------------------------

Largura da faixa = 1
Melhor altura = 20

Lower Bound 1 = 20
Lower Bound 2 = 20
Avaliação = 1

Tempo de execução: 60s

---------------------------

Largura da faixa = 1
Melhor altura = 20

Lower Bound 1 = 20
Lower Bound 2 = 20
Avaliação = 1

Tempo de execução: 60s

---------------------------

Largura da faixa = 1
Melhor altura = 20

Lower Bound 1 = 20
Lower Bound 2 = 20
Avaliação = 1

Tempo de execução: 60s

---------------------------

Largura da faixa = 1
Melhor altura = 20

Lower Bound 1 = 20
Lower Bound 2 = 20
Avaliação = 1

Tempo de execução: 60s

---------------------------

Largura da faixa = 1
Melhor altura = 20

Lower Bound 1 = 20
Lower Bound 2 = 20
Avaliação = 1

Tempo de execução: 60s

---------------------------

Largura da faixa = 1
Melhor altura = 20

Lower Bound 1 = 20
Lower Bound 2 = 20
Avaliação = 1

Tempo de execução: 60s

---------------------------

Largura da faixa = 1
Melhor altura = 20

Lower Bound 1 = 20
Lower Bound 2 = 20
Avaliação = 1

Tempo de execução: 60s

---------------------------

