Largura da faixa = 24
Melhor altura = 418

Lower Bound 1 = 367
Lower Bound 2 = 24
Avaliação = 1.13896

Tempo de execução: 60.0002s

---------------------------

Largura da faixa = 24
Melhor altura = 425

Lower Bound 1 = 367
Lower Bound 2 = 24
Avaliação = 1.15804

Tempo de execução: 60.0051s

---------------------------

Largura da faixa = 24
Melhor altura = 421

Lower Bound 1 = 367
Lower Bound 2 = 24
Avaliação = 1.14714

Tempo de execução: 60.0152s

---------------------------

Largura da faixa = 24
Melhor altura = 421

Lower Bound 1 = 367
Lower Bound 2 = 24
Avaliação = 1.14714

Tempo de execução: 60.0006s

---------------------------

Largura da faixa = 24
Melhor altura = 422

Lower Bound 1 = 367
Lower Bound 2 = 24
Avaliação = 1.14986

Tempo de execução: 60.0108s

---------------------------

Largura da faixa = 24
Melhor altura = 423

Lower Bound 1 = 367
Lower Bound 2 = 24
Avaliação = 1.15259

Tempo de execução: 60.0155s

---------------------------

Largura da faixa = 24
Melhor altura = 425

Lower Bound 1 = 367
Lower Bound 2 = 24
Avaliação = 1.15804

Tempo de execução: 60.0048s

---------------------------

Largura da faixa = 24
Melhor altura = 422

Lower Bound 1 = 367
Lower Bound 2 = 24
Avaliação = 1.14986

Tempo de execução: 60.0105s

---------------------------

Largura da faixa = 24
Melhor altura = 421

Lower Bound 1 = 367
Lower Bound 2 = 24
Avaliação = 1.14714

Tempo de execução: 60.0213s

---------------------------

Largura da faixa = 24
Melhor altura = 421

Lower Bound 1 = 367
Lower Bound 2 = 24
Avaliação = 1.14714

Tempo de execução: 60.001s

---------------------------

Largura da faixa = 24
Melhor altura = 422

Lower Bound 1 = 367
Lower Bound 2 = 24
Avaliação = 1.14986

Tempo de execução: 60.0122s

---------------------------

Largura da faixa = 24
Melhor altura = 423

Lower Bound 1 = 367
Lower Bound 2 = 24
Avaliação = 1.15259

Tempo de execução: 60.0139s

---------------------------

Largura da faixa = 24
Melhor altura = 419

Lower Bound 1 = 367
Lower Bound 2 = 24
Avaliação = 1.14169

Tempo de execução: 60.0037s

---------------------------

Largura da faixa = 24
Melhor altura = 423

Lower Bound 1 = 367
Lower Bound 2 = 24
Avaliação = 1.15259

Tempo de execução: 60.0031s

---------------------------

Largura da faixa = 24
Melhor altura = 421

Lower Bound 1 = 367
Lower Bound 2 = 24
Avaliação = 1.14714

Tempo de execução: 60.0094s

---------------------------

Largura da faixa = 24
Melhor altura = 423

Lower Bound 1 = 367
Lower Bound 2 = 24
Avaliação = 1.15259

Tempo de execução: 60.0027s

---------------------------

Largura da faixa = 24
Melhor altura = 423

Lower Bound 1 = 367
Lower Bound 2 = 24
Avaliação = 1.15259

Tempo de execução: 60.0166s

---------------------------

Largura da faixa = 24
Melhor altura = 420

Lower Bound 1 = 367
Lower Bound 2 = 24
Avaliação = 1.14441

Tempo de execução: 60.017s

---------------------------

Largura da faixa = 24
Melhor altura = 418

Lower Bound 1 = 367
Lower Bound 2 = 24
Avaliação = 1.13896

Tempo de execução: 60.0031s

---------------------------

Largura da faixa = 24
Melhor altura = 421

Lower Bound 1 = 367
Lower Bound 2 = 24
Avaliação = 1.14714

Tempo de execução: 60.0065s

---------------------------

