Largura da faixa = 32
Melhor altura = 777

Lower Bound 1 = 651
Lower Bound 2 = 32
Avaliação = 1.19355

Tempo de execução: 60.0143s

---------------------------

Largura da faixa = 32
Melhor altura = 784

Lower Bound 1 = 651
Lower Bound 2 = 32
Avaliação = 1.2043

Tempo de execução: 60.0227s

---------------------------

Largura da faixa = 32
Melhor altura = 784

Lower Bound 1 = 651
Lower Bound 2 = 32
Avaliação = 1.2043

Tempo de execução: 60.0385s

---------------------------

Largura da faixa = 32
Melhor altura = 777

Lower Bound 1 = 651
Lower Bound 2 = 32
Avaliação = 1.19355

Tempo de execução: 60.0123s

---------------------------

Largura da faixa = 32
Melhor altura = 773

Lower Bound 1 = 651
Lower Bound 2 = 32
Avaliação = 1.1874

Tempo de execução: 60.0031s

---------------------------

Largura da faixa = 32
Melhor altura = 782

Lower Bound 1 = 651
Lower Bound 2 = 32
Avaliação = 1.20123

Tempo de execução: 60.0365s

---------------------------

Largura da faixa = 32
Melhor altura = 783

Lower Bound 1 = 651
Lower Bound 2 = 32
Avaliação = 1.20276

Tempo de execução: 60.0073s

---------------------------

Largura da faixa = 32
Melhor altura = 783

Lower Bound 1 = 651
Lower Bound 2 = 32
Avaliação = 1.20276

Tempo de execução: 60.0236s

---------------------------

Largura da faixa = 32
Melhor altura = 779

Lower Bound 1 = 651
Lower Bound 2 = 32
Avaliação = 1.19662

Tempo de execução: 60.0279s

---------------------------

Largura da faixa = 32
Melhor altura = 789

Lower Bound 1 = 651
Lower Bound 2 = 32
Avaliação = 1.21198

Tempo de execução: 60.0084s

---------------------------

Largura da faixa = 32
Melhor altura = 782

Lower Bound 1 = 651
Lower Bound 2 = 32
Avaliação = 1.20123

Tempo de execução: 60.0087s

---------------------------

Largura da faixa = 32
Melhor altura = 780

Lower Bound 1 = 651
Lower Bound 2 = 32
Avaliação = 1.19816

Tempo de execução: 60.0273s

---------------------------

Largura da faixa = 32
Melhor altura = 779

Lower Bound 1 = 651
Lower Bound 2 = 32
Avaliação = 1.19662

Tempo de execução: 60.0021s

---------------------------

Largura da faixa = 32
Melhor altura = 781

Lower Bound 1 = 651
Lower Bound 2 = 32
Avaliação = 1.19969

Tempo de execução: 60.0056s

---------------------------

Largura da faixa = 32
Melhor altura = 778

Lower Bound 1 = 651
Lower Bound 2 = 32
Avaliação = 1.19508

Tempo de execução: 60.0295s

---------------------------

Largura da faixa = 32
Melhor altura = 784

Lower Bound 1 = 651
Lower Bound 2 = 32
Avaliação = 1.2043

Tempo de execução: 60.0068s

---------------------------

Largura da faixa = 32
Melhor altura = 781

Lower Bound 1 = 651
Lower Bound 2 = 32
Avaliação = 1.19969

Tempo de execução: 60.0232s

---------------------------

Largura da faixa = 32
Melhor altura = 783

Lower Bound 1 = 651
Lower Bound 2 = 32
Avaliação = 1.20276

Tempo de execução: 60.03s

---------------------------

Largura da faixa = 32
Melhor altura = 785

Lower Bound 1 = 651
Lower Bound 2 = 32
Avaliação = 1.20584

Tempo de execução: 60.0049s

---------------------------

Largura da faixa = 32
Melhor altura = 772

Lower Bound 1 = 651
Lower Bound 2 = 32
Avaliação = 1.18587

Tempo de execução: 60.0012s

---------------------------

