Largura da faixa = 32
Melhor altura = 279

Lower Bound 1 = 235
Lower Bound 2 = 32
Avaliação = 1.18723

Tempo de execução: 60.0017s

---------------------------

Largura da faixa = 32
Melhor altura = 278

Lower Bound 1 = 235
Lower Bound 2 = 32
Avaliação = 1.18298

Tempo de execução: 60.0015s

---------------------------

Largura da faixa = 32
Melhor altura = 276

Lower Bound 1 = 235
Lower Bound 2 = 32
Avaliação = 1.17447

Tempo de execução: 60.0005s

---------------------------

Largura da faixa = 32
Melhor altura = 276

Lower Bound 1 = 235
Lower Bound 2 = 32
Avaliação = 1.17447

Tempo de execução: 60.0011s

---------------------------

Largura da faixa = 32
Melhor altura = 278

Lower Bound 1 = 235
Lower Bound 2 = 32
Avaliação = 1.18298

Tempo de execução: 60.0085s

---------------------------

Largura da faixa = 32
Melhor altura = 272

Lower Bound 1 = 235
Lower Bound 2 = 32
Avaliação = 1.15745

Tempo de execução: 60.0086s

---------------------------

Largura da faixa = 32
Melhor altura = 278

Lower Bound 1 = 235
Lower Bound 2 = 32
Avaliação = 1.18298

Tempo de execução: 60.0004s

---------------------------

Largura da faixa = 32
Melhor altura = 280

Lower Bound 1 = 235
Lower Bound 2 = 32
Avaliação = 1.19149

Tempo de execução: 60.0116s

---------------------------

Largura da faixa = 32
Melhor altura = 277

Lower Bound 1 = 235
Lower Bound 2 = 32
Avaliação = 1.17872

Tempo de execução: 60.0168s

---------------------------

Largura da faixa = 32
Melhor altura = 272

Lower Bound 1 = 235
Lower Bound 2 = 32
Avaliação = 1.15745

Tempo de execução: 60.0025s

---------------------------

Largura da faixa = 32
Melhor altura = 275

Lower Bound 1 = 235
Lower Bound 2 = 32
Avaliação = 1.17021

Tempo de execução: 60.0107s

---------------------------

Largura da faixa = 32
Melhor altura = 274

Lower Bound 1 = 235
Lower Bound 2 = 32
Avaliação = 1.16596

Tempo de execução: 60.0062s

---------------------------

Largura da faixa = 32
Melhor altura = 275

Lower Bound 1 = 235
Lower Bound 2 = 32
Avaliação = 1.17021

Tempo de execução: 60.0026s

---------------------------

Largura da faixa = 32
Melhor altura = 276

Lower Bound 1 = 235
Lower Bound 2 = 32
Avaliação = 1.17447

Tempo de execução: 60.0026s

---------------------------

Largura da faixa = 32
Melhor altura = 276

Lower Bound 1 = 235
Lower Bound 2 = 32
Avaliação = 1.17447

Tempo de execução: 60.0112s

---------------------------

Largura da faixa = 32
Melhor altura = 276

Lower Bound 1 = 235
Lower Bound 2 = 32
Avaliação = 1.17447

Tempo de execução: 60s

---------------------------

Largura da faixa = 32
Melhor altura = 279

Lower Bound 1 = 235
Lower Bound 2 = 32
Avaliação = 1.18723

Tempo de execução: 60.001s

---------------------------

Largura da faixa = 32
Melhor altura = 278

Lower Bound 1 = 235
Lower Bound 2 = 32
Avaliação = 1.18298

Tempo de execução: 60.0163s

---------------------------

Largura da faixa = 32
Melhor altura = 277

Lower Bound 1 = 235
Lower Bound 2 = 32
Avaliação = 1.17872

Tempo de execução: 60.0088s

---------------------------

Largura da faixa = 32
Melhor altura = 275

Lower Bound 1 = 235
Lower Bound 2 = 32
Avaliação = 1.17021

Tempo de execução: 60.013s

---------------------------

