Largura da faixa = 36
Melhor altura = 318

Lower Bound 1 = 261
Lower Bound 2 = 36
Avaliação = 1.21839

Tempo de execução: 60.0009s

---------------------------

Largura da faixa = 36
Melhor altura = 320

Lower Bound 1 = 261
Lower Bound 2 = 36
Avaliação = 1.22605

Tempo de execução: 60.0044s

---------------------------

Largura da faixa = 36
Melhor altura = 316

Lower Bound 1 = 261
Lower Bound 2 = 36
Avaliação = 1.21073

Tempo de execução: 60.0063s

---------------------------

Largura da faixa = 36
Melhor altura = 312

Lower Bound 1 = 261
Lower Bound 2 = 36
Avaliação = 1.1954

Tempo de execução: 60.0031s

---------------------------

Largura da faixa = 36
Melhor altura = 311

Lower Bound 1 = 261
Lower Bound 2 = 36
Avaliação = 1.19157

Tempo de execução: 60.01s

---------------------------

Largura da faixa = 36
Melhor altura = 320

Lower Bound 1 = 261
Lower Bound 2 = 36
Avaliação = 1.22605

Tempo de execução: 60.0124s

---------------------------

Largura da faixa = 36
Melhor altura = 316

Lower Bound 1 = 261
Lower Bound 2 = 36
Avaliação = 1.21073

Tempo de execução: 60.0031s

---------------------------

Largura da faixa = 36
Melhor altura = 312

Lower Bound 1 = 261
Lower Bound 2 = 36
Avaliação = 1.1954

Tempo de execução: 60.0055s

---------------------------

Largura da faixa = 36
Melhor altura = 317

Lower Bound 1 = 261
Lower Bound 2 = 36
Avaliação = 1.21456

Tempo de execução: 60.0125s

---------------------------

Largura da faixa = 36
Melhor altura = 311

Lower Bound 1 = 261
Lower Bound 2 = 36
Avaliação = 1.19157

Tempo de execução: 60.0001s

---------------------------

Largura da faixa = 36
Melhor altura = 314

Lower Bound 1 = 261
Lower Bound 2 = 36
Avaliação = 1.20307

Tempo de execução: 60.0061s

---------------------------

Largura da faixa = 36
Melhor altura = 320

Lower Bound 1 = 261
Lower Bound 2 = 36
Avaliação = 1.22605

Tempo de execução: 60.0095s

---------------------------

Largura da faixa = 36
Melhor altura = 306

Lower Bound 1 = 261
Lower Bound 2 = 36
Avaliação = 1.17241

Tempo de execução: 60.0003s

---------------------------

Largura da faixa = 36
Melhor altura = 320

Lower Bound 1 = 261
Lower Bound 2 = 36
Avaliação = 1.22605

Tempo de execução: 60.0091s

---------------------------

Largura da faixa = 36
Melhor altura = 321

Lower Bound 1 = 261
Lower Bound 2 = 36
Avaliação = 1.22989

Tempo de execução: 60.0108s

---------------------------

Largura da faixa = 36
Melhor altura = 311

Lower Bound 1 = 261
Lower Bound 2 = 36
Avaliação = 1.19157

Tempo de execução: 60.0022s

---------------------------

Largura da faixa = 36
Melhor altura = 321

Lower Bound 1 = 261
Lower Bound 2 = 36
Avaliação = 1.22989

Tempo de execução: 60.0054s

---------------------------

Largura da faixa = 36
Melhor altura = 317

Lower Bound 1 = 261
Lower Bound 2 = 36
Avaliação = 1.21456

Tempo de execução: 60.0095s

---------------------------

Largura da faixa = 36
Melhor altura = 317

Lower Bound 1 = 261
Lower Bound 2 = 36
Avaliação = 1.21456

Tempo de execução: 60.0059s

---------------------------

Largura da faixa = 36
Melhor altura = 317

Lower Bound 1 = 261
Lower Bound 2 = 36
Avaliação = 1.21456

Tempo de execução: 60.0124s

---------------------------

