Largura da faixa = 36
Melhor altura = 56

Lower Bound 1 = 52
Lower Bound 2 = 36
Avaliação = 1.07692

Tempo de execução: 60.0001s

---------------------------

Largura da faixa = 36
Melhor altura = 58

Lower Bound 1 = 52
Lower Bound 2 = 36
Avaliação = 1.11538

Tempo de execução: 60.0003s

---------------------------

Largura da faixa = 36
Melhor altura = 56

Lower Bound 1 = 52
Lower Bound 2 = 36
Avaliação = 1.07692

Tempo de execução: 60.0002s

---------------------------

Largura da faixa = 36
Melhor altura = 57

Lower Bound 1 = 52
Lower Bound 2 = 36
Avaliação = 1.09615

Tempo de execução: 60s

---------------------------

Largura da faixa = 36
Melhor altura = 57

Lower Bound 1 = 52
Lower Bound 2 = 36
Avaliação = 1.09615

Tempo de execução: 60.0005s

---------------------------

Largura da faixa = 36
Melhor altura = 57

Lower Bound 1 = 52
Lower Bound 2 = 36
Avaliação = 1.09615

Tempo de execução: 60.0004s

---------------------------

Largura da faixa = 36
Melhor altura = 58

Lower Bound 1 = 52
Lower Bound 2 = 36
Avaliação = 1.11538

Tempo de execução: 60.0002s

---------------------------

Largura da faixa = 36
Melhor altura = 56

Lower Bound 1 = 52
Lower Bound 2 = 36
Avaliação = 1.07692

Tempo de execução: 60.0001s

---------------------------

Largura da faixa = 36
Melhor altura = 57

Lower Bound 1 = 52
Lower Bound 2 = 36
Avaliação = 1.09615

Tempo de execução: 60.0004s

---------------------------

Largura da faixa = 36
Melhor altura = 56

Lower Bound 1 = 52
Lower Bound 2 = 36
Avaliação = 1.07692

Tempo de execução: 60.0002s

---------------------------

Largura da faixa = 36
Melhor altura = 57

Lower Bound 1 = 52
Lower Bound 2 = 36
Avaliação = 1.09615

Tempo de execução: 60.0002s

---------------------------

Largura da faixa = 36
Melhor altura = 57

Lower Bound 1 = 52
Lower Bound 2 = 36
Avaliação = 1.09615

Tempo de execução: 60.0007s

---------------------------

Largura da faixa = 36
Melhor altura = 56

Lower Bound 1 = 52
Lower Bound 2 = 36
Avaliação = 1.07692

Tempo de execução: 60.0002s

---------------------------

Largura da faixa = 36
Melhor altura = 56

Lower Bound 1 = 52
Lower Bound 2 = 36
Avaliação = 1.07692

Tempo de execução: 60.0003s

---------------------------

Largura da faixa = 36
Melhor altura = 57

Lower Bound 1 = 52
Lower Bound 2 = 36
Avaliação = 1.09615

Tempo de execução: 60.0003s

---------------------------

Largura da faixa = 36
Melhor altura = 57

Lower Bound 1 = 52
Lower Bound 2 = 36
Avaliação = 1.09615

Tempo de execução: 60.0002s

---------------------------

Largura da faixa = 36
Melhor altura = 56

Lower Bound 1 = 52
Lower Bound 2 = 36
Avaliação = 1.07692

Tempo de execução: 60.0001s

---------------------------

Largura da faixa = 36
Melhor altura = 57

Lower Bound 1 = 52
Lower Bound 2 = 36
Avaliação = 1.09615

Tempo de execução: 60.0005s

---------------------------

Largura da faixa = 36
Melhor altura = 57

Lower Bound 1 = 52
Lower Bound 2 = 36
Avaliação = 1.09615

Tempo de execução: 60.0001s

---------------------------

Largura da faixa = 36
Melhor altura = 57

Lower Bound 1 = 52
Lower Bound 2 = 36
Avaliação = 1.09615

Tempo de execução: 60.0001s

---------------------------

