Largura da faixa = 36
Melhor altura = 508

Lower Bound 1 = 424
Lower Bound 2 = 36
Avaliação = 1.19811

Tempo de execução: 60.0153s

---------------------------

Largura da faixa = 36
Melhor altura = 512

Lower Bound 1 = 424
Lower Bound 2 = 36
Avaliação = 1.20755

Tempo de execução: 60.0266s

---------------------------

Largura da faixa = 36
Melhor altura = 519

Lower Bound 1 = 424
Lower Bound 2 = 36
Avaliação = 1.22406

Tempo de execução: 60.0219s

---------------------------

Largura da faixa = 36
Melhor altura = 520

Lower Bound 1 = 424
Lower Bound 2 = 36
Avaliação = 1.22642

Tempo de execução: 60.0117s

---------------------------

Largura da faixa = 36
Melhor altura = 519

Lower Bound 1 = 424
Lower Bound 2 = 36
Avaliação = 1.22406

Tempo de execução: 60.0281s

---------------------------

Largura da faixa = 36
Melhor altura = 511

Lower Bound 1 = 424
Lower Bound 2 = 36
Avaliação = 1.20519

Tempo de execução: 60.018s

---------------------------

Largura da faixa = 36
Melhor altura = 515

Lower Bound 1 = 424
Lower Bound 2 = 36
Avaliação = 1.21462

Tempo de execução: 60.0107s

---------------------------

Largura da faixa = 36
Melhor altura = 519

Lower Bound 1 = 424
Lower Bound 2 = 36
Avaliação = 1.22406

Tempo de execução: 60.0183s

---------------------------

Largura da faixa = 36
Melhor altura = 518

Lower Bound 1 = 424
Lower Bound 2 = 36
Avaliação = 1.2217

Tempo de execução: 60.0181s

---------------------------

Largura da faixa = 36
Melhor altura = 517

Lower Bound 1 = 424
Lower Bound 2 = 36
Avaliação = 1.21934

Tempo de execução: 60.008s

---------------------------

Largura da faixa = 36
Melhor altura = 518

Lower Bound 1 = 424
Lower Bound 2 = 36
Avaliação = 1.2217

Tempo de execução: 60.0075s

---------------------------

Largura da faixa = 36
Melhor altura = 520

Lower Bound 1 = 424
Lower Bound 2 = 36
Avaliação = 1.22642

Tempo de execução: 60.0081s

---------------------------

Largura da faixa = 36
Melhor altura = 515

Lower Bound 1 = 424
Lower Bound 2 = 36
Avaliação = 1.21462

Tempo de execução: 60.0093s

---------------------------

Largura da faixa = 36
Melhor altura = 516

Lower Bound 1 = 424
Lower Bound 2 = 36
Avaliação = 1.21698

Tempo de execução: 60.0102s

---------------------------

Largura da faixa = 36
Melhor altura = 511

Lower Bound 1 = 424
Lower Bound 2 = 36
Avaliação = 1.20519

Tempo de execução: 60.0332s

---------------------------

Largura da faixa = 36
Melhor altura = 518

Lower Bound 1 = 424
Lower Bound 2 = 36
Avaliação = 1.2217

Tempo de execução: 60.0107s

---------------------------

Largura da faixa = 36
Melhor altura = 515

Lower Bound 1 = 424
Lower Bound 2 = 36
Avaliação = 1.21462

Tempo de execução: 60.0185s

---------------------------

Largura da faixa = 36
Melhor altura = 518

Lower Bound 1 = 424
Lower Bound 2 = 36
Avaliação = 1.2217

Tempo de execução: 60.0262s

---------------------------

Largura da faixa = 36
Melhor altura = 510

Lower Bound 1 = 424
Lower Bound 2 = 36
Avaliação = 1.20283

Tempo de execução: 60.0115s

---------------------------

Largura da faixa = 36
Melhor altura = 514

Lower Bound 1 = 424
Lower Bound 2 = 36
Avaliação = 1.21226

Tempo de execução: 60.0011s

---------------------------

