Largura da faixa = 1
Melhor altura = 21

Lower Bound 1 = 21
Lower Bound 2 = 21
Avaliação = 1

Tempo de execução: 60s

---------------------------

Largura da faixa = 1
Melhor altura = 21

Lower Bound 1 = 21
Lower Bound 2 = 21
Avaliação = 1

Tempo de execução: 60s

---------------------------

Largura da faixa = 1
Melhor altura = 21

Lower Bound 1 = 21
Lower Bound 2 = 21
Avaliação = 1

Tempo de execução: 60s

---------------------------

Largura da faixa = 1
Melhor altura = 21

Lower Bound 1 = 21
Lower Bound 2 = 21
Avaliação = 1

Tempo de execução: 60s

---------------------------

Largura da faixa = 1
Melhor altura = 21

Lower Bound 1 = 21
Lower Bound 2 = 21
Avaliação = 1

Tempo de execução: 60s

---------------------------

Largura da faixa = 1
Melhor altura = 21

Lower Bound 1 = 21
Lower Bound 2 = 21
Avaliação = 1

Tempo de execução: 60s

---------------------------

Largura da faixa = 1
Melhor altura = 21

Lower Bound 1 = 21
Lower Bound 2 = 21
Avaliação = 1

Tempo de execução: 60s

---------------------------

Largura da faixa = 1
Melhor altura = 21

Lower Bound 1 = 21
Lower Bound 2 = 21
Avaliação = 1

Tempo de execução: 60s

---------------------------

Largura da faixa = 1
Melhor altura = 21

Lower Bound 1 = 21
Lower Bound 2 = 21
Avaliação = 1

Tempo de execução: 60s

---------------------------

Largura da faixa = 1
Melhor altura = 21

Lower Bound 1 = 21
Lower Bound 2 = 21
Avaliação = 1

Tempo de execução: 60s

---------------------------

Largura da faixa = 1
Melhor altura = 21

Lower Bound 1 = 21
Lower Bound 2 = 21
Avaliação = 1

Tempo de execução: 60s

---------------------------

Largura da faixa = 1
Melhor altura = 21

Lower Bound 1 = 21
Lower Bound 2 = 21
Avaliação = 1

Tempo de execução: 60s

---------------------------

Largura da faixa = 1
Melhor altura = 21

Lower Bound 1 = 21
Lower Bound 2 = 21
Avaliação = 1

Tempo de execução: 60s

---------------------------

Largura da faixa = 1
Melhor altura = 21

Lower Bound 1 = 21
Lower Bound 2 = 21
Avaliação = 1

Tempo de execução: 60s

---------------------------

Largura da faixa = 1
Melhor altura = 21

Lower Bound 1 = 21
Lower Bound 2 = 21
Avaliação = 1

Tempo de execução: 60s

---------------------------

Largura da faixa = 1
Melhor altura = 21

Lower Bound 1 = 21
Lower Bound 2 = 21
Avaliação = 1

Tempo de execução: 60s

---------------------------

Largura da faixa = 1
Melhor altura = 21

Lower Bound 1 = 21
Lower Bound 2 = 21
Avaliação = 1

Tempo de execução: 60s

---------------------------

Largura da faixa = 1
Melhor altura = 21

Lower Bound 1 = 21
Lower Bound 2 = 21
Avaliação = 1

Tempo de execução: 60s

---------------------------

Largura da faixa = 1
Melhor altura = 21

Lower Bound 1 = 21
Lower Bound 2 = 21
Avaliação = 1

Tempo de execução: 60s

---------------------------

Largura da faixa = 1
Melhor altura = 21

Lower Bound 1 = 21
Lower Bound 2 = 21
Avaliação = 1

Tempo de execução: 60s

---------------------------

