Largura da faixa = 32
Melhor altura = 364

Lower Bound 1 = 312
Lower Bound 2 = 32
Avaliação = 1.16667

Tempo de execução: 60.001s

---------------------------

Largura da faixa = 32
Melhor altura = 367

Lower Bound 1 = 312
Lower Bound 2 = 32
Avaliação = 1.17628

Tempo de execução: 60.0089s

---------------------------

Largura da faixa = 32
Melhor altura = 362

Lower Bound 1 = 312
Lower Bound 2 = 32
Avaliação = 1.16026

Tempo de execução: 60.0052s

---------------------------

Largura da faixa = 32
Melhor altura = 361

Lower Bound 1 = 312
Lower Bound 2 = 32
Avaliação = 1.15705

Tempo de execução: 60.007s

---------------------------

Largura da faixa = 32
Melhor altura = 361

Lower Bound 1 = 312
Lower Bound 2 = 32
Avaliação = 1.15705

Tempo de execução: 60.0067s

---------------------------

Largura da faixa = 32
Melhor altura = 359

Lower Bound 1 = 312
Lower Bound 2 = 32
Avaliação = 1.15064

Tempo de execução: 60.0138s

---------------------------

Largura da faixa = 32
Melhor altura = 364

Lower Bound 1 = 312
Lower Bound 2 = 32
Avaliação = 1.16667

Tempo de execução: 60.005s

---------------------------

Largura da faixa = 32
Melhor altura = 365

Lower Bound 1 = 312
Lower Bound 2 = 32
Avaliação = 1.16987

Tempo de execução: 60.0071s

---------------------------

Largura da faixa = 32
Melhor altura = 362

Lower Bound 1 = 312
Lower Bound 2 = 32
Avaliação = 1.16026

Tempo de execução: 60.0043s

---------------------------

Largura da faixa = 32
Melhor altura = 364

Lower Bound 1 = 312
Lower Bound 2 = 32
Avaliação = 1.16667

Tempo de execução: 60.0011s

---------------------------

Largura da faixa = 32
Melhor altura = 363

Lower Bound 1 = 312
Lower Bound 2 = 32
Avaliação = 1.16346

Tempo de execução: 60.0063s

---------------------------

Largura da faixa = 32
Melhor altura = 362

Lower Bound 1 = 312
Lower Bound 2 = 32
Avaliação = 1.16026

Tempo de execução: 60.0218s

---------------------------

Largura da faixa = 32
Melhor altura = 366

Lower Bound 1 = 312
Lower Bound 2 = 32
Avaliação = 1.17308

Tempo de execução: 60.0034s

---------------------------

Largura da faixa = 32
Melhor altura = 361

Lower Bound 1 = 312
Lower Bound 2 = 32
Avaliação = 1.15705

Tempo de execução: 60.0002s

---------------------------

Largura da faixa = 32
Melhor altura = 365

Lower Bound 1 = 312
Lower Bound 2 = 32
Avaliação = 1.16987

Tempo de execução: 60.0208s

---------------------------

Largura da faixa = 32
Melhor altura = 363

Lower Bound 1 = 312
Lower Bound 2 = 32
Avaliação = 1.16346

Tempo de execução: 60.0012s

---------------------------

Largura da faixa = 32
Melhor altura = 369

Lower Bound 1 = 312
Lower Bound 2 = 32
Avaliação = 1.18269

Tempo de execução: 60.0029s

---------------------------

Largura da faixa = 32
Melhor altura = 366

Lower Bound 1 = 312
Lower Bound 2 = 32
Avaliação = 1.17308

Tempo de execução: 60.0058s

---------------------------

Largura da faixa = 32
Melhor altura = 367

Lower Bound 1 = 312
Lower Bound 2 = 32
Avaliação = 1.17628

Tempo de execução: 60.0005s

---------------------------

Largura da faixa = 32
Melhor altura = 363

Lower Bound 1 = 312
Lower Bound 2 = 32
Avaliação = 1.16346

Tempo de execução: 60.0004s

---------------------------

