Largura da faixa = 32
Melhor altura = 403

Lower Bound 1 = 347
Lower Bound 2 = 32
Avaliação = 1.16138

Tempo de execução: 60.0117s

---------------------------

Largura da faixa = 32
Melhor altura = 412

Lower Bound 1 = 347
Lower Bound 2 = 32
Avaliação = 1.18732

Tempo de execução: 60.0004s

---------------------------

Largura da faixa = 32
Melhor altura = 411

Lower Bound 1 = 347
Lower Bound 2 = 32
Avaliação = 1.18444

Tempo de execução: 60.023s

---------------------------

Largura da faixa = 32
Melhor altura = 406

Lower Bound 1 = 347
Lower Bound 2 = 32
Avaliação = 1.17003

Tempo de execução: 60.009s

---------------------------

Largura da faixa = 32
Melhor altura = 409

Lower Bound 1 = 347
Lower Bound 2 = 32
Avaliação = 1.17867

Tempo de execução: 60.0021s

---------------------------

Largura da faixa = 32
Melhor altura = 408

Lower Bound 1 = 347
Lower Bound 2 = 32
Avaliação = 1.17579

Tempo de execução: 60.0097s

---------------------------

Largura da faixa = 32
Melhor altura = 410

Lower Bound 1 = 347
Lower Bound 2 = 32
Avaliação = 1.18156

Tempo de execução: 60.0015s

---------------------------

Largura da faixa = 32
Melhor altura = 412

Lower Bound 1 = 347
Lower Bound 2 = 32
Avaliação = 1.18732

Tempo de execução: 60.0032s

---------------------------

Largura da faixa = 32
Melhor altura = 411

Lower Bound 1 = 347
Lower Bound 2 = 32
Avaliação = 1.18444

Tempo de execução: 60.0091s

---------------------------

Largura da faixa = 32
Melhor altura = 411

Lower Bound 1 = 347
Lower Bound 2 = 32
Avaliação = 1.18444

Tempo de execução: 60.0117s

---------------------------

Largura da faixa = 32
Melhor altura = 405

Lower Bound 1 = 347
Lower Bound 2 = 32
Avaliação = 1.16715

Tempo de execução: 60.013s

---------------------------

Largura da faixa = 32
Melhor altura = 408

Lower Bound 1 = 347
Lower Bound 2 = 32
Avaliação = 1.17579

Tempo de execução: 60.0239s

---------------------------

Largura da faixa = 32
Melhor altura = 412

Lower Bound 1 = 347
Lower Bound 2 = 32
Avaliação = 1.18732

Tempo de execução: 60.0012s

---------------------------

Largura da faixa = 32
Melhor altura = 415

Lower Bound 1 = 347
Lower Bound 2 = 32
Avaliação = 1.19597

Tempo de execução: 60.0014s

---------------------------

Largura da faixa = 32
Melhor altura = 404

Lower Bound 1 = 347
Lower Bound 2 = 32
Avaliação = 1.16427

Tempo de execução: 60.0143s

---------------------------

Largura da faixa = 32
Melhor altura = 407

Lower Bound 1 = 347
Lower Bound 2 = 32
Avaliação = 1.17291

Tempo de execução: 60.0002s

---------------------------

Largura da faixa = 32
Melhor altura = 411

Lower Bound 1 = 347
Lower Bound 2 = 32
Avaliação = 1.18444

Tempo de execução: 60.0023s

---------------------------

Largura da faixa = 32
Melhor altura = 403

Lower Bound 1 = 347
Lower Bound 2 = 32
Avaliação = 1.16138

Tempo de execução: 60.0026s

---------------------------

Largura da faixa = 32
Melhor altura = 413

Lower Bound 1 = 347
Lower Bound 2 = 32
Avaliação = 1.1902

Tempo de execução: 60.0063s

---------------------------

Largura da faixa = 32
Melhor altura = 410

Lower Bound 1 = 347
Lower Bound 2 = 32
Avaliação = 1.18156

Tempo de execução: 60.0076s

---------------------------

