Largura da faixa = 31
Melhor altura = 137

Lower Bound 1 = 124
Lower Bound 2 = 31
Avaliação = 1.10484

Tempo de execução: 60.0002s

---------------------------

Largura da faixa = 31
Melhor altura = 134

Lower Bound 1 = 124
Lower Bound 2 = 31
Avaliação = 1.08065

Tempo de execução: 60.001s

---------------------------

Largura da faixa = 31
Melhor altura = 137

Lower Bound 1 = 124
Lower Bound 2 = 31
Avaliação = 1.10484

Tempo de execução: 60.0023s

---------------------------

Largura da faixa = 31
Melhor altura = 135

Lower Bound 1 = 124
Lower Bound 2 = 31
Avaliação = 1.08871

Tempo de execução: 60.0003s

---------------------------

Largura da faixa = 31
Melhor altura = 137

Lower Bound 1 = 124
Lower Bound 2 = 31
Avaliação = 1.10484

Tempo de execução: 60.0018s

---------------------------

Largura da faixa = 31
Melhor altura = 136

Lower Bound 1 = 124
Lower Bound 2 = 31
Avaliação = 1.09677

Tempo de execução: 60.0022s

---------------------------

Largura da faixa = 31
Melhor altura = 136

Lower Bound 1 = 124
Lower Bound 2 = 31
Avaliação = 1.09677

Tempo de execução: 60.0007s

---------------------------

Largura da faixa = 31
Melhor altura = 134

Lower Bound 1 = 124
Lower Bound 2 = 31
Avaliação = 1.08065

Tempo de execução: 60.0029s

---------------------------

Largura da faixa = 31
Melhor altura = 137

Lower Bound 1 = 124
Lower Bound 2 = 31
Avaliação = 1.10484

Tempo de execução: 60.004s

---------------------------

Largura da faixa = 31
Melhor altura = 135

Lower Bound 1 = 124
Lower Bound 2 = 31
Avaliação = 1.08871

Tempo de execução: 60.0024s

---------------------------

Largura da faixa = 31
Melhor altura = 135

Lower Bound 1 = 124
Lower Bound 2 = 31
Avaliação = 1.08871

Tempo de execução: 60.002s

---------------------------

Largura da faixa = 31
Melhor altura = 138

Lower Bound 1 = 124
Lower Bound 2 = 31
Avaliação = 1.1129

Tempo de execução: 60.0032s

---------------------------

Largura da faixa = 31
Melhor altura = 134

Lower Bound 1 = 124
Lower Bound 2 = 31
Avaliação = 1.08065

Tempo de execução: 60.0003s

---------------------------

Largura da faixa = 31
Melhor altura = 134

Lower Bound 1 = 124
Lower Bound 2 = 31
Avaliação = 1.08065

Tempo de execução: 60.0001s

---------------------------

Largura da faixa = 31
Melhor altura = 137

Lower Bound 1 = 124
Lower Bound 2 = 31
Avaliação = 1.10484

Tempo de execução: 60.002s

---------------------------

Largura da faixa = 31
Melhor altura = 136

Lower Bound 1 = 124
Lower Bound 2 = 31
Avaliação = 1.09677

Tempo de execução: 60s

---------------------------

Largura da faixa = 31
Melhor altura = 136

Lower Bound 1 = 124
Lower Bound 2 = 31
Avaliação = 1.09677

Tempo de execução: 60.0011s

---------------------------

Largura da faixa = 31
Melhor altura = 135

Lower Bound 1 = 124
Lower Bound 2 = 31
Avaliação = 1.08871

Tempo de execução: 60.0008s

---------------------------

Largura da faixa = 31
Melhor altura = 136

Lower Bound 1 = 124
Lower Bound 2 = 31
Avaliação = 1.09677

Tempo de execução: 60.0004s

---------------------------

Largura da faixa = 31
Melhor altura = 137

Lower Bound 1 = 124
Lower Bound 2 = 31
Avaliação = 1.10484

Tempo de execução: 60.0023s

---------------------------

