Largura da faixa = 31
Melhor altura = 124

Lower Bound 1 = 110
Lower Bound 2 = 31
Avaliação = 1.12727

Tempo de execução: 60.0005s

---------------------------

Largura da faixa = 31
Melhor altura = 123

Lower Bound 1 = 110
Lower Bound 2 = 31
Avaliação = 1.11818

Tempo de execução: 60.0017s

---------------------------

Largura da faixa = 31
Melhor altura = 125

Lower Bound 1 = 110
Lower Bound 2 = 31
Avaliação = 1.13636

Tempo de execução: 60.0035s

---------------------------

Largura da faixa = 31
Melhor altura = 123

Lower Bound 1 = 110
Lower Bound 2 = 31
Avaliação = 1.11818

Tempo de execução: 60s

---------------------------

Largura da faixa = 31
Melhor altura = 122

Lower Bound 1 = 110
Lower Bound 2 = 31
Avaliação = 1.10909

Tempo de execução: 60.0014s

---------------------------

Largura da faixa = 31
Melhor altura = 122

Lower Bound 1 = 110
Lower Bound 2 = 31
Avaliação = 1.10909

Tempo de execução: 60.0022s

---------------------------

Largura da faixa = 31
Melhor altura = 122

Lower Bound 1 = 110
Lower Bound 2 = 31
Avaliação = 1.10909

Tempo de execução: 60s

---------------------------

Largura da faixa = 31
Melhor altura = 123

Lower Bound 1 = 110
Lower Bound 2 = 31
Avaliação = 1.11818

Tempo de execução: 60.001s

---------------------------

Largura da faixa = 31
Melhor altura = 123

Lower Bound 1 = 110
Lower Bound 2 = 31
Avaliação = 1.11818

Tempo de execução: 60.003s

---------------------------

Largura da faixa = 31
Melhor altura = 122

Lower Bound 1 = 110
Lower Bound 2 = 31
Avaliação = 1.10909

Tempo de execução: 60.0013s

---------------------------

Largura da faixa = 31
Melhor altura = 123

Lower Bound 1 = 110
Lower Bound 2 = 31
Avaliação = 1.11818

Tempo de execução: 60.0016s

---------------------------

Largura da faixa = 31
Melhor altura = 123

Lower Bound 1 = 110
Lower Bound 2 = 31
Avaliação = 1.11818

Tempo de execução: 60.0033s

---------------------------

Largura da faixa = 31
Melhor altura = 121

Lower Bound 1 = 110
Lower Bound 2 = 31
Avaliação = 1.1

Tempo de execução: 60.0004s

---------------------------

Largura da faixa = 31
Melhor altura = 123

Lower Bound 1 = 110
Lower Bound 2 = 31
Avaliação = 1.11818

Tempo de execução: 60.0006s

---------------------------

Largura da faixa = 31
Melhor altura = 122

Lower Bound 1 = 110
Lower Bound 2 = 31
Avaliação = 1.10909

Tempo de execução: 60.0011s

---------------------------

Largura da faixa = 31
Melhor altura = 122

Lower Bound 1 = 110
Lower Bound 2 = 31
Avaliação = 1.10909

Tempo de execução: 60.0005s

---------------------------

Largura da faixa = 31
Melhor altura = 121

Lower Bound 1 = 110
Lower Bound 2 = 31
Avaliação = 1.1

Tempo de execução: 60.0002s

---------------------------

Largura da faixa = 31
Melhor altura = 124

Lower Bound 1 = 110
Lower Bound 2 = 31
Avaliação = 1.12727

Tempo de execução: 60.0009s

---------------------------

Largura da faixa = 31
Melhor altura = 122

Lower Bound 1 = 110
Lower Bound 2 = 31
Avaliação = 1.10909

Tempo de execução: 60.001s

---------------------------

Largura da faixa = 31
Melhor altura = 122

Lower Bound 1 = 110
Lower Bound 2 = 31
Avaliação = 1.10909

Tempo de execução: 60.0013s

---------------------------

