Largura da faixa = 35
Melhor altura = 86

Lower Bound 1 = 77
Lower Bound 2 = 35
Avaliação = 1.11688

Tempo de execução: 60s

---------------------------

Largura da faixa = 35
Melhor altura = 85

Lower Bound 1 = 77
Lower Bound 2 = 35
Avaliação = 1.1039

Tempo de execução: 60.0002s

---------------------------

Largura da faixa = 35
Melhor altura = 86

Lower Bound 1 = 77
Lower Bound 2 = 35
Avaliação = 1.11688

Tempo de execução: 60.0007s

---------------------------

Largura da faixa = 35
Melhor altura = 85

Lower Bound 1 = 77
Lower Bound 2 = 35
Avaliação = 1.1039

Tempo de execução: 60s

---------------------------

Largura da faixa = 35
Melhor altura = 85

Lower Bound 1 = 77
Lower Bound 2 = 35
Avaliação = 1.1039

Tempo de execução: 60.0001s

---------------------------

Largura da faixa = 35
Melhor altura = 85

Lower Bound 1 = 77
Lower Bound 2 = 35
Avaliação = 1.1039

Tempo de execução: 60.0003s

---------------------------

Largura da faixa = 35
Melhor altura = 85

Lower Bound 1 = 77
Lower Bound 2 = 35
Avaliação = 1.1039

Tempo de execução: 60.0003s

---------------------------

Largura da faixa = 35
Melhor altura = 85

Lower Bound 1 = 77
Lower Bound 2 = 35
Avaliação = 1.1039

Tempo de execução: 60s

---------------------------

Largura da faixa = 35
Melhor altura = 85

Lower Bound 1 = 77
Lower Bound 2 = 35
Avaliação = 1.1039

Tempo de execução: 60.0006s

---------------------------

Largura da faixa = 35
Melhor altura = 84

Lower Bound 1 = 77
Lower Bound 2 = 35
Avaliação = 1.09091

Tempo de execução: 60.0005s

---------------------------

Largura da faixa = 35
Melhor altura = 86

Lower Bound 1 = 77
Lower Bound 2 = 35
Avaliação = 1.11688

Tempo de execução: 60.0007s

---------------------------

Largura da faixa = 35
Melhor altura = 86

Lower Bound 1 = 77
Lower Bound 2 = 35
Avaliação = 1.11688

Tempo de execução: 60.0005s

---------------------------

Largura da faixa = 35
Melhor altura = 85

Lower Bound 1 = 77
Lower Bound 2 = 35
Avaliação = 1.1039

Tempo de execução: 60s

---------------------------

Largura da faixa = 35
Melhor altura = 86

Lower Bound 1 = 77
Lower Bound 2 = 35
Avaliação = 1.11688

Tempo de execução: 60.0001s

---------------------------

Largura da faixa = 35
Melhor altura = 85

Lower Bound 1 = 77
Lower Bound 2 = 35
Avaliação = 1.1039

Tempo de execução: 60.0001s

---------------------------

Largura da faixa = 35
Melhor altura = 86

Lower Bound 1 = 77
Lower Bound 2 = 35
Avaliação = 1.11688

Tempo de execução: 60.0003s

---------------------------

Largura da faixa = 35
Melhor altura = 85

Lower Bound 1 = 77
Lower Bound 2 = 35
Avaliação = 1.1039

Tempo de execução: 60.0001s

---------------------------

Largura da faixa = 35
Melhor altura = 84

Lower Bound 1 = 77
Lower Bound 2 = 35
Avaliação = 1.09091

Tempo de execução: 60.0006s

---------------------------

Largura da faixa = 35
Melhor altura = 85

Lower Bound 1 = 77
Lower Bound 2 = 35
Avaliação = 1.1039

Tempo de execução: 60s

---------------------------

Largura da faixa = 35
Melhor altura = 85

Lower Bound 1 = 77
Lower Bound 2 = 35
Avaliação = 1.1039

Tempo de execução: 60.0004s

---------------------------

