Largura da faixa = 36
Melhor altura = 1099

Lower Bound 1 = 902
Lower Bound 2 = 36
Avaliação = 1.2184

Tempo de execução: 60.0413s

---------------------------

Largura da faixa = 36
Melhor altura = 1089

Lower Bound 1 = 902
Lower Bound 2 = 36
Avaliação = 1.20732

Tempo de execução: 60.0696s

---------------------------

Largura da faixa = 36
Melhor altura = 1097

Lower Bound 1 = 902
Lower Bound 2 = 36
Avaliação = 1.21619

Tempo de execução: 60.117s

---------------------------

Largura da faixa = 36
Melhor altura = 1076

Lower Bound 1 = 902
Lower Bound 2 = 36
Avaliação = 1.1929

Tempo de execução: 60.0016s

---------------------------

Largura da faixa = 36
Melhor altura = 1101

Lower Bound 1 = 902
Lower Bound 2 = 36
Avaliação = 1.22062

Tempo de execução: 60.0476s

---------------------------

Largura da faixa = 36
Melhor altura = 1093

Lower Bound 1 = 902
Lower Bound 2 = 36
Avaliação = 1.21175

Tempo de execução: 60.1676s

---------------------------

Largura da faixa = 36
Melhor altura = 1104

Lower Bound 1 = 902
Lower Bound 2 = 36
Avaliação = 1.22395

Tempo de execução: 60.0674s

---------------------------

Largura da faixa = 36
Melhor altura = 1096

Lower Bound 1 = 902
Lower Bound 2 = 36
Avaliação = 1.21508

Tempo de execução: 60.0871s

---------------------------

Largura da faixa = 36
Melhor altura = 1081

Lower Bound 1 = 902
Lower Bound 2 = 36
Avaliação = 1.19845

Tempo de execução: 60.0881s

---------------------------

Largura da faixa = 36
Melhor altura = 1084

Lower Bound 1 = 902
Lower Bound 2 = 36
Avaliação = 1.20177

Tempo de execução: 60.0007s

---------------------------

Largura da faixa = 36
Melhor altura = 1102

Lower Bound 1 = 902
Lower Bound 2 = 36
Avaliação = 1.22173

Tempo de execução: 60.0583s

---------------------------

Largura da faixa = 36
Melhor altura = 1089

Lower Bound 1 = 902
Lower Bound 2 = 36
Avaliação = 1.20732

Tempo de execução: 60.0671s

---------------------------

Largura da faixa = 36
Melhor altura = 1102

Lower Bound 1 = 902
Lower Bound 2 = 36
Avaliação = 1.22173

Tempo de execução: 60.027s

---------------------------

Largura da faixa = 36
Melhor altura = 1091

Lower Bound 1 = 902
Lower Bound 2 = 36
Avaliação = 1.20953

Tempo de execução: 60.0297s

---------------------------

Largura da faixa = 36
Melhor altura = 1101

Lower Bound 1 = 902
Lower Bound 2 = 36
Avaliação = 1.22062

Tempo de execução: 60.0945s

---------------------------

Largura da faixa = 36
Melhor altura = 1093

Lower Bound 1 = 902
Lower Bound 2 = 36
Avaliação = 1.21175

Tempo de execução: 60.0051s

---------------------------

Largura da faixa = 36
Melhor altura = 1079

Lower Bound 1 = 902
Lower Bound 2 = 36
Avaliação = 1.19623

Tempo de execução: 60.0434s

---------------------------

Largura da faixa = 36
Melhor altura = 1092

Lower Bound 1 = 902
Lower Bound 2 = 36
Avaliação = 1.21064

Tempo de execução: 60.0201s

---------------------------

Largura da faixa = 36
Melhor altura = 1104

Lower Bound 1 = 902
Lower Bound 2 = 36
Avaliação = 1.22395

Tempo de execução: 60.0027s

---------------------------

Largura da faixa = 36
Melhor altura = 1080

Lower Bound 1 = 902
Lower Bound 2 = 36
Avaliação = 1.19734

Tempo de execução: 60.0052s

---------------------------

