Largura da faixa = 32
Melhor altura = 384

Lower Bound 1 = 333
Lower Bound 2 = 32
Avaliação = 1.15315

Tempo de execução: 60.0035s

---------------------------

Largura da faixa = 32
Melhor altura = 389

Lower Bound 1 = 333
Lower Bound 2 = 32
Avaliação = 1.16817

Tempo de execução: 60.0064s

---------------------------

Largura da faixa = 32
Melhor altura = 387

Lower Bound 1 = 333
Lower Bound 2 = 32
Avaliação = 1.16216

Tempo de execução: 60.0224s

---------------------------

Largura da faixa = 32
Melhor altura = 385

Lower Bound 1 = 333
Lower Bound 2 = 32
Avaliação = 1.15616

Tempo de execução: 60.0099s

---------------------------

Largura da faixa = 32
Melhor altura = 390

Lower Bound 1 = 333
Lower Bound 2 = 32
Avaliação = 1.17117

Tempo de execução: 60.0029s

---------------------------

Largura da faixa = 32
Melhor altura = 387

Lower Bound 1 = 333
Lower Bound 2 = 32
Avaliação = 1.16216

Tempo de execução: 60.0217s

---------------------------

Largura da faixa = 32
Melhor altura = 382

Lower Bound 1 = 333
Lower Bound 2 = 32
Avaliação = 1.14715

Tempo de execução: 60.0033s

---------------------------

Largura da faixa = 32
Melhor altura = 383

Lower Bound 1 = 333
Lower Bound 2 = 32
Avaliação = 1.15015

Tempo de execução: 60.0046s

---------------------------

Largura da faixa = 32
Melhor altura = 387

Lower Bound 1 = 333
Lower Bound 2 = 32
Avaliação = 1.16216

Tempo de execução: 60.0044s

---------------------------

Largura da faixa = 32
Melhor altura = 388

Lower Bound 1 = 333
Lower Bound 2 = 32
Avaliação = 1.16517

Tempo de execução: 60.0002s

---------------------------

Largura da faixa = 32
Melhor altura = 387

Lower Bound 1 = 333
Lower Bound 2 = 32
Avaliação = 1.16216

Tempo de execução: 60.0003s

---------------------------

Largura da faixa = 32
Melhor altura = 381

Lower Bound 1 = 333
Lower Bound 2 = 32
Avaliação = 1.14414

Tempo de execução: 60.003s

---------------------------

Largura da faixa = 32
Melhor altura = 385

Lower Bound 1 = 333
Lower Bound 2 = 32
Avaliação = 1.15616

Tempo de execução: 60.0008s

---------------------------

Largura da faixa = 32
Melhor altura = 390

Lower Bound 1 = 333
Lower Bound 2 = 32
Avaliação = 1.17117

Tempo de execução: 60.0041s

---------------------------

Largura da faixa = 32
Melhor altura = 388

Lower Bound 1 = 333
Lower Bound 2 = 32
Avaliação = 1.16517

Tempo de execução: 60.0018s

---------------------------

Largura da faixa = 32
Melhor altura = 388

Lower Bound 1 = 333
Lower Bound 2 = 32
Avaliação = 1.16517

Tempo de execução: 60.0025s

---------------------------

Largura da faixa = 32
Melhor altura = 388

Lower Bound 1 = 333
Lower Bound 2 = 32
Avaliação = 1.16517

Tempo de execução: 60.0084s

---------------------------

Largura da faixa = 32
Melhor altura = 388

Lower Bound 1 = 333
Lower Bound 2 = 32
Avaliação = 1.16517

Tempo de execução: 60.0167s

---------------------------

Largura da faixa = 32
Melhor altura = 389

Lower Bound 1 = 333
Lower Bound 2 = 32
Avaliação = 1.16817

Tempo de execução: 60.0059s

---------------------------

Largura da faixa = 32
Melhor altura = 385

Lower Bound 1 = 333
Lower Bound 2 = 32
Avaliação = 1.15616

Tempo de execução: 60.0118s

---------------------------

