Largura da faixa = 26
Melhor altura = 108

Lower Bound 1 = 96
Lower Bound 2 = 38
Avaliação = 1.125

Tempo de execução: 60s

---------------------------

Largura da faixa = 26
Melhor altura = 108

Lower Bound 1 = 96
Lower Bound 2 = 38
Avaliação = 1.125

Tempo de execução: 60.0004s

---------------------------

Largura da faixa = 26
Melhor altura = 108

Lower Bound 1 = 96
Lower Bound 2 = 38
Avaliação = 1.125

Tempo de execução: 60.0002s

---------------------------

Largura da faixa = 26
Melhor altura = 107

Lower Bound 1 = 96
Lower Bound 2 = 38
Avaliação = 1.11458

Tempo de execução: 60.0001s

---------------------------

Largura da faixa = 26
Melhor altura = 106

Lower Bound 1 = 96
Lower Bound 2 = 38
Avaliação = 1.10417

Tempo de execução: 60.0001s

---------------------------

Largura da faixa = 26
Melhor altura = 107

Lower Bound 1 = 96
Lower Bound 2 = 38
Avaliação = 1.11458

Tempo de execução: 60.0004s

---------------------------

Largura da faixa = 26
Melhor altura = 107

Lower Bound 1 = 96
Lower Bound 2 = 38
Avaliação = 1.11458

Tempo de execução: 60.0002s

---------------------------

Largura da faixa = 26
Melhor altura = 108

Lower Bound 1 = 96
Lower Bound 2 = 38
Avaliação = 1.125

Tempo de execução: 60s

---------------------------

Largura da faixa = 26
Melhor altura = 109

Lower Bound 1 = 96
Lower Bound 2 = 38
Avaliação = 1.13542

Tempo de execução: 60.0001s

---------------------------

Largura da faixa = 26
Melhor altura = 108

Lower Bound 1 = 96
Lower Bound 2 = 38
Avaliação = 1.125

Tempo de execução: 60.0001s

---------------------------

Largura da faixa = 26
Melhor altura = 107

Lower Bound 1 = 96
Lower Bound 2 = 38
Avaliação = 1.11458

Tempo de execução: 60.0001s

---------------------------

Largura da faixa = 26
Melhor altura = 108

Lower Bound 1 = 96
Lower Bound 2 = 38
Avaliação = 1.125

Tempo de execução: 60.0002s

---------------------------

Largura da faixa = 26
Melhor altura = 108

Lower Bound 1 = 96
Lower Bound 2 = 38
Avaliação = 1.125

Tempo de execução: 60s

---------------------------

Largura da faixa = 26
Melhor altura = 108

Lower Bound 1 = 96
Lower Bound 2 = 38
Avaliação = 1.125

Tempo de execução: 60.0002s

---------------------------

Largura da faixa = 26
Melhor altura = 107

Lower Bound 1 = 96
Lower Bound 2 = 38
Avaliação = 1.11458

Tempo de execução: 60.0004s

---------------------------

Largura da faixa = 26
Melhor altura = 108

Lower Bound 1 = 96
Lower Bound 2 = 38
Avaliação = 1.125

Tempo de execução: 60s

---------------------------

Largura da faixa = 26
Melhor altura = 108

Lower Bound 1 = 96
Lower Bound 2 = 38
Avaliação = 1.125

Tempo de execução: 60.0001s

---------------------------

Largura da faixa = 26
Melhor altura = 107

Lower Bound 1 = 96
Lower Bound 2 = 38
Avaliação = 1.11458

Tempo de execução: 60.0003s

---------------------------

Largura da faixa = 26
Melhor altura = 108

Lower Bound 1 = 96
Lower Bound 2 = 38
Avaliação = 1.125

Tempo de execução: 60.0001s

---------------------------

Largura da faixa = 26
Melhor altura = 107

Lower Bound 1 = 96
Lower Bound 2 = 38
Avaliação = 1.11458

Tempo de execução: 60.0005s

---------------------------

