Largura da faixa = 24
Melhor altura = 1153

Lower Bound 1 = 972
Lower Bound 2 = 24
Avaliação = 1.18621

Tempo de execução: 60.0008s

---------------------------

Largura da faixa = 24
Melhor altura = 1151

Lower Bound 1 = 972
Lower Bound 2 = 24
Avaliação = 1.18416

Tempo de execução: 60.0166s

---------------------------

Largura da faixa = 24
Melhor altura = 1150

Lower Bound 1 = 972
Lower Bound 2 = 24
Avaliação = 1.18313

Tempo de execução: 60.045s

---------------------------

Largura da faixa = 24
Melhor altura = 1150

Lower Bound 1 = 972
Lower Bound 2 = 24
Avaliação = 1.18313

Tempo de execução: 60.0092s

---------------------------

Largura da faixa = 24
Melhor altura = 1156

Lower Bound 1 = 972
Lower Bound 2 = 24
Avaliação = 1.1893

Tempo de execução: 60.0229s

---------------------------

Largura da faixa = 24
Melhor altura = 1155

Lower Bound 1 = 972
Lower Bound 2 = 24
Avaliação = 1.18827

Tempo de execução: 60.0279s

---------------------------

Largura da faixa = 24
Melhor altura = 1156

Lower Bound 1 = 972
Lower Bound 2 = 24
Avaliação = 1.1893

Tempo de execução: 60.0059s

---------------------------

Largura da faixa = 24
Melhor altura = 1149

Lower Bound 1 = 972
Lower Bound 2 = 24
Avaliação = 1.1821

Tempo de execução: 60.0229s

---------------------------

Largura da faixa = 24
Melhor altura = 1156

Lower Bound 1 = 972
Lower Bound 2 = 24
Avaliação = 1.1893

Tempo de execução: 60.043s

---------------------------

Largura da faixa = 24
Melhor altura = 1149

Lower Bound 1 = 972
Lower Bound 2 = 24
Avaliação = 1.1821

Tempo de execução: 60.0016s

---------------------------

Largura da faixa = 24
Melhor altura = 1155

Lower Bound 1 = 972
Lower Bound 2 = 24
Avaliação = 1.18827

Tempo de execução: 60.0048s

---------------------------

Largura da faixa = 24
Melhor altura = 1142

Lower Bound 1 = 972
Lower Bound 2 = 24
Avaliação = 1.1749

Tempo de execução: 60.0106s

---------------------------

Largura da faixa = 24
Melhor altura = 1152

Lower Bound 1 = 972
Lower Bound 2 = 24
Avaliação = 1.18519

Tempo de execução: 60.0024s

---------------------------

Largura da faixa = 24
Melhor altura = 1152

Lower Bound 1 = 972
Lower Bound 2 = 24
Avaliação = 1.18519

Tempo de execução: 60.0038s

---------------------------

Largura da faixa = 24
Melhor altura = 1151

Lower Bound 1 = 972
Lower Bound 2 = 24
Avaliação = 1.18416

Tempo de execução: 60.0265s

---------------------------

Largura da faixa = 24
Melhor altura = 1151

Lower Bound 1 = 972
Lower Bound 2 = 24
Avaliação = 1.18416

Tempo de execução: 60.0233s

---------------------------

Largura da faixa = 24
Melhor altura = 1148

Lower Bound 1 = 972
Lower Bound 2 = 24
Avaliação = 1.18107

Tempo de execução: 60.0308s

---------------------------

Largura da faixa = 24
Melhor altura = 1147

Lower Bound 1 = 972
Lower Bound 2 = 24
Avaliação = 1.18004

Tempo de execução: 60.0363s

---------------------------

Largura da faixa = 24
Melhor altura = 1157

Lower Bound 1 = 972
Lower Bound 2 = 24
Avaliação = 1.19033

Tempo de execução: 60.0042s

---------------------------

Largura da faixa = 24
Melhor altura = 1139

Lower Bound 1 = 972
Lower Bound 2 = 24
Avaliação = 1.17181

Tempo de execução: 60.0051s

---------------------------

