Largura da faixa = 36
Melhor altura = 878

Lower Bound 1 = 712
Lower Bound 2 = 36
Avaliação = 1.23315

Tempo de execução: 60.0215s

---------------------------

Largura da faixa = 36
Melhor altura = 878

Lower Bound 1 = 712
Lower Bound 2 = 36
Avaliação = 1.23315

Tempo de execução: 60.0132s

---------------------------

Largura da faixa = 36
Melhor altura = 872

Lower Bound 1 = 712
Lower Bound 2 = 36
Avaliação = 1.22472

Tempo de execução: 60.0269s

---------------------------

Largura da faixa = 36
Melhor altura = 872

Lower Bound 1 = 712
Lower Bound 2 = 36
Avaliação = 1.22472

Tempo de execução: 60.0097s

---------------------------

Largura da faixa = 36
Melhor altura = 878

Lower Bound 1 = 712
Lower Bound 2 = 36
Avaliação = 1.23315

Tempo de execução: 60.0345s

---------------------------

Largura da faixa = 36
Melhor altura = 866

Lower Bound 1 = 712
Lower Bound 2 = 36
Avaliação = 1.21629

Tempo de execução: 60.067s

---------------------------

Largura da faixa = 36
Melhor altura = 883

Lower Bound 1 = 712
Lower Bound 2 = 36
Avaliação = 1.24017

Tempo de execução: 60.008s

---------------------------

Largura da faixa = 36
Melhor altura = 866

Lower Bound 1 = 712
Lower Bound 2 = 36
Avaliação = 1.21629

Tempo de execução: 60.0239s

---------------------------

Largura da faixa = 36
Melhor altura = 875

Lower Bound 1 = 712
Lower Bound 2 = 36
Avaliação = 1.22893

Tempo de execução: 60.0364s

---------------------------

Largura da faixa = 36
Melhor altura = 874

Lower Bound 1 = 712
Lower Bound 2 = 36
Avaliação = 1.22753

Tempo de execução: 60.0116s

---------------------------

Largura da faixa = 36
Melhor altura = 870

Lower Bound 1 = 712
Lower Bound 2 = 36
Avaliação = 1.22191

Tempo de execução: 60.0227s

---------------------------

Largura da faixa = 36
Melhor altura = 861

Lower Bound 1 = 712
Lower Bound 2 = 36
Avaliação = 1.20927

Tempo de execução: 60.0402s

---------------------------

Largura da faixa = 36
Melhor altura = 861

Lower Bound 1 = 712
Lower Bound 2 = 36
Avaliação = 1.20927

Tempo de execução: 60.0382s

---------------------------

Largura da faixa = 36
Melhor altura = 878

Lower Bound 1 = 712
Lower Bound 2 = 36
Avaliação = 1.23315

Tempo de execução: 60.0374s

---------------------------

Largura da faixa = 36
Melhor altura = 863

Lower Bound 1 = 712
Lower Bound 2 = 36
Avaliação = 1.21208

Tempo de execução: 60.0596s

---------------------------

Largura da faixa = 36
Melhor altura = 883

Lower Bound 1 = 712
Lower Bound 2 = 36
Avaliação = 1.24017

Tempo de execução: 60.0016s

---------------------------

Largura da faixa = 36
Melhor altura = 857

Lower Bound 1 = 712
Lower Bound 2 = 36
Avaliação = 1.20365

Tempo de execução: 60.0192s

---------------------------

Largura da faixa = 36
Melhor altura = 875

Lower Bound 1 = 712
Lower Bound 2 = 36
Avaliação = 1.22893

Tempo de execução: 60.039s

---------------------------

Largura da faixa = 36
Melhor altura = 871

Lower Bound 1 = 712
Lower Bound 2 = 36
Avaliação = 1.22331

Tempo de execução: 60.0168s

---------------------------

Largura da faixa = 36
Melhor altura = 876

Lower Bound 1 = 712
Lower Bound 2 = 36
Avaliação = 1.23034

Tempo de execução: 60.0456s

---------------------------

