Largura da faixa = 32
Melhor altura = 543

Lower Bound 1 = 450
Lower Bound 2 = 32
Avaliação = 1.20667

Tempo de execução: 60.0037s

---------------------------

Largura da faixa = 32
Melhor altura = 534

Lower Bound 1 = 450
Lower Bound 2 = 32
Avaliação = 1.18667

Tempo de execução: 60.0184s

---------------------------

Largura da faixa = 32
Melhor altura = 538

Lower Bound 1 = 450
Lower Bound 2 = 32
Avaliação = 1.19556

Tempo de execução: 60.0223s

---------------------------

Largura da faixa = 32
Melhor altura = 541

Lower Bound 1 = 450
Lower Bound 2 = 32
Avaliação = 1.20222

Tempo de execução: 60.0018s

---------------------------

Largura da faixa = 32
Melhor altura = 549

Lower Bound 1 = 450
Lower Bound 2 = 32
Avaliação = 1.22

Tempo de execução: 60.015s

---------------------------

Largura da faixa = 32
Melhor altura = 539

Lower Bound 1 = 450
Lower Bound 2 = 32
Avaliação = 1.19778

Tempo de execução: 60.0245s

---------------------------

Largura da faixa = 32
Melhor altura = 537

Lower Bound 1 = 450
Lower Bound 2 = 32
Avaliação = 1.19333

Tempo de execução: 60.0054s

---------------------------

Largura da faixa = 32
Melhor altura = 541

Lower Bound 1 = 450
Lower Bound 2 = 32
Avaliação = 1.20222

Tempo de execução: 60.0139s

---------------------------

Largura da faixa = 32
Melhor altura = 533

Lower Bound 1 = 450
Lower Bound 2 = 32
Avaliação = 1.18444

Tempo de execução: 60.0289s

---------------------------

Largura da faixa = 32
Melhor altura = 532

Lower Bound 1 = 450
Lower Bound 2 = 32
Avaliação = 1.18222

Tempo de execução: 60.0105s

---------------------------

Largura da faixa = 32
Melhor altura = 542

Lower Bound 1 = 450
Lower Bound 2 = 32
Avaliação = 1.20444

Tempo de execução: 60.0157s

---------------------------

Largura da faixa = 32
Melhor altura = 549

Lower Bound 1 = 450
Lower Bound 2 = 32
Avaliação = 1.22

Tempo de execução: 60.0215s

---------------------------

Largura da faixa = 32
Melhor altura = 540

Lower Bound 1 = 450
Lower Bound 2 = 32
Avaliação = 1.2

Tempo de execução: 60.0014s

---------------------------

Largura da faixa = 32
Melhor altura = 542

Lower Bound 1 = 450
Lower Bound 2 = 32
Avaliação = 1.20444

Tempo de execução: 60.0056s

---------------------------

Largura da faixa = 32
Melhor altura = 542

Lower Bound 1 = 450
Lower Bound 2 = 32
Avaliação = 1.20444

Tempo de execução: 60.0155s

---------------------------

Largura da faixa = 32
Melhor altura = 547

Lower Bound 1 = 450
Lower Bound 2 = 32
Avaliação = 1.21556

Tempo de execução: 60.0027s

---------------------------

Largura da faixa = 32
Melhor altura = 546

Lower Bound 1 = 450
Lower Bound 2 = 32
Avaliação = 1.21333

Tempo de execução: 60.0004s

---------------------------

Largura da faixa = 32
Melhor altura = 547

Lower Bound 1 = 450
Lower Bound 2 = 32
Avaliação = 1.21556

Tempo de execução: 60.0306s

---------------------------

Largura da faixa = 32
Melhor altura = 536

Lower Bound 1 = 450
Lower Bound 2 = 32
Avaliação = 1.19111

Tempo de execução: 60.0027s

---------------------------

Largura da faixa = 32
Melhor altura = 545

Lower Bound 1 = 450
Lower Bound 2 = 32
Avaliação = 1.21111

Tempo de execução: 60.0223s

---------------------------

