Largura da faixa = 34
Melhor altura = 177

Lower Bound 1 = 151
Lower Bound 2 = 34
Avaliação = 1.17219

Tempo de execução: 60.0005s

---------------------------

Largura da faixa = 34
Melhor altura = 173

Lower Bound 1 = 151
Lower Bound 2 = 34
Avaliação = 1.1457

Tempo de execução: 60.0033s

---------------------------

Largura da faixa = 34
Melhor altura = 178

Lower Bound 1 = 151
Lower Bound 2 = 34
Avaliação = 1.17881

Tempo de execução: 60.0012s

---------------------------

Largura da faixa = 34
Melhor altura = 172

Lower Bound 1 = 151
Lower Bound 2 = 34
Avaliação = 1.13907

Tempo de execução: 60.0006s

---------------------------

Largura da faixa = 34
Melhor altura = 173

Lower Bound 1 = 151
Lower Bound 2 = 34
Avaliação = 1.1457

Tempo de execução: 60.0018s

---------------------------

Largura da faixa = 34
Melhor altura = 177

Lower Bound 1 = 151
Lower Bound 2 = 34
Avaliação = 1.17219

Tempo de execução: 60.0055s

---------------------------

Largura da faixa = 34
Melhor altura = 176

Lower Bound 1 = 151
Lower Bound 2 = 34
Avaliação = 1.16556

Tempo de execução: 60.0004s

---------------------------

Largura da faixa = 34
Melhor altura = 177

Lower Bound 1 = 151
Lower Bound 2 = 34
Avaliação = 1.17219

Tempo de execução: 60.0015s

---------------------------

Largura da faixa = 34
Melhor altura = 173

Lower Bound 1 = 151
Lower Bound 2 = 34
Avaliação = 1.1457

Tempo de execução: 60.002s

---------------------------

Largura da faixa = 34
Melhor altura = 180

Lower Bound 1 = 151
Lower Bound 2 = 34
Avaliação = 1.19205

Tempo de execução: 60.0004s

---------------------------

Largura da faixa = 34
Melhor altura = 177

Lower Bound 1 = 151
Lower Bound 2 = 34
Avaliação = 1.17219

Tempo de execução: 60.0032s

---------------------------

Largura da faixa = 34
Melhor altura = 181

Lower Bound 1 = 151
Lower Bound 2 = 34
Avaliação = 1.19868

Tempo de execução: 60.0072s

---------------------------

Largura da faixa = 34
Melhor altura = 180

Lower Bound 1 = 151
Lower Bound 2 = 34
Avaliação = 1.19205

Tempo de execução: 60.0002s

---------------------------

Largura da faixa = 34
Melhor altura = 177

Lower Bound 1 = 151
Lower Bound 2 = 34
Avaliação = 1.17219

Tempo de execução: 60.0015s

---------------------------

Largura da faixa = 34
Melhor altura = 177

Lower Bound 1 = 151
Lower Bound 2 = 34
Avaliação = 1.17219

Tempo de execução: 60.0015s

---------------------------

Largura da faixa = 34
Melhor altura = 174

Lower Bound 1 = 151
Lower Bound 2 = 34
Avaliação = 1.15232

Tempo de execução: 60.0003s

---------------------------

Largura da faixa = 34
Melhor altura = 174

Lower Bound 1 = 151
Lower Bound 2 = 34
Avaliação = 1.15232

Tempo de execução: 60.0006s

---------------------------

Largura da faixa = 34
Melhor altura = 176

Lower Bound 1 = 151
Lower Bound 2 = 34
Avaliação = 1.16556

Tempo de execução: 60.0006s

---------------------------

Largura da faixa = 34
Melhor altura = 179

Lower Bound 1 = 151
Lower Bound 2 = 34
Avaliação = 1.18543

Tempo de execução: 60s

---------------------------

Largura da faixa = 34
Melhor altura = 179

Lower Bound 1 = 151
Lower Bound 2 = 34
Avaliação = 1.18543

Tempo de execução: 60.0003s

---------------------------

