Largura da faixa = 31
Melhor altura = 69

Lower Bound 1 = 63
Lower Bound 2 = 31
Avaliação = 1.09524

Tempo de execução: 60.0002s

---------------------------

Largura da faixa = 31
Melhor altura = 70

Lower Bound 1 = 63
Lower Bound 2 = 31
Avaliação = 1.11111

Tempo de execução: 60.0003s

---------------------------

Largura da faixa = 31
Melhor altura = 69

Lower Bound 1 = 63
Lower Bound 2 = 31
Avaliação = 1.09524

Tempo de execução: 60.0002s

---------------------------

Largura da faixa = 31
Melhor altura = 70

Lower Bound 1 = 63
Lower Bound 2 = 31
Avaliação = 1.11111

Tempo de execução: 60.0001s

---------------------------

Largura da faixa = 31
Melhor altura = 69

Lower Bound 1 = 63
Lower Bound 2 = 31
Avaliação = 1.09524

Tempo de execução: 60.0004s

---------------------------

Largura da faixa = 31
Melhor altura = 69

Lower Bound 1 = 63
Lower Bound 2 = 31
Avaliação = 1.09524

Tempo de execução: 60.0006s

---------------------------

Largura da faixa = 31
Melhor altura = 69

Lower Bound 1 = 63
Lower Bound 2 = 31
Avaliação = 1.09524

Tempo de execução: 60.0003s

---------------------------

Largura da faixa = 31
Melhor altura = 70

Lower Bound 1 = 63
Lower Bound 2 = 31
Avaliação = 1.11111

Tempo de execução: 60.0006s

---------------------------

Largura da faixa = 31
Melhor altura = 70

Lower Bound 1 = 63
Lower Bound 2 = 31
Avaliação = 1.11111

Tempo de execução: 60.0008s

---------------------------

Largura da faixa = 31
Melhor altura = 69

Lower Bound 1 = 63
Lower Bound 2 = 31
Avaliação = 1.09524

Tempo de execução: 60.0003s

---------------------------

Largura da faixa = 31
Melhor altura = 69

Lower Bound 1 = 63
Lower Bound 2 = 31
Avaliação = 1.09524

Tempo de execução: 60.0005s

---------------------------

Largura da faixa = 31
Melhor altura = 69

Lower Bound 1 = 63
Lower Bound 2 = 31
Avaliação = 1.09524

Tempo de execução: 60.0007s

---------------------------

Largura da faixa = 31
Melhor altura = 69

Lower Bound 1 = 63
Lower Bound 2 = 31
Avaliação = 1.09524

Tempo de execução: 60.0003s

---------------------------

Largura da faixa = 31
Melhor altura = 68

Lower Bound 1 = 63
Lower Bound 2 = 31
Avaliação = 1.07937

Tempo de execução: 60.0004s

---------------------------

Largura da faixa = 31
Melhor altura = 69

Lower Bound 1 = 63
Lower Bound 2 = 31
Avaliação = 1.09524

Tempo de execução: 60.0002s

---------------------------

Largura da faixa = 31
Melhor altura = 69

Lower Bound 1 = 63
Lower Bound 2 = 31
Avaliação = 1.09524

Tempo de execução: 60.0003s

---------------------------

Largura da faixa = 31
Melhor altura = 70

Lower Bound 1 = 63
Lower Bound 2 = 31
Avaliação = 1.11111

Tempo de execução: 60.0004s

---------------------------

Largura da faixa = 31
Melhor altura = 70

Lower Bound 1 = 63
Lower Bound 2 = 31
Avaliação = 1.11111

Tempo de execução: 60.0006s

---------------------------

Largura da faixa = 31
Melhor altura = 69

Lower Bound 1 = 63
Lower Bound 2 = 31
Avaliação = 1.09524

Tempo de execução: 60.0001s

---------------------------

Largura da faixa = 31
Melhor altura = 69

Lower Bound 1 = 63
Lower Bound 2 = 31
Avaliação = 1.09524

Tempo de execução: 60.0002s

---------------------------

