Largura da faixa = 32
Melhor altura = 410

Lower Bound 1 = 347
Lower Bound 2 = 32
Avaliação = 1.18156

Tempo de execução: 60.0067s

---------------------------

Largura da faixa = 32
Melhor altura = 406

Lower Bound 1 = 347
Lower Bound 2 = 32
Avaliação = 1.17003

Tempo de execução: 60.0046s

---------------------------

Largura da faixa = 32
Melhor altura = 411

Lower Bound 1 = 347
Lower Bound 2 = 32
Avaliação = 1.18444

Tempo de execução: 60.0314s

---------------------------

Largura da faixa = 32
Melhor altura = 404

Lower Bound 1 = 347
Lower Bound 2 = 32
Avaliação = 1.16427

Tempo de execução: 60.0062s

---------------------------

Largura da faixa = 32
Melhor altura = 407

Lower Bound 1 = 347
Lower Bound 2 = 32
Avaliação = 1.17291

Tempo de execução: 60.0096s

---------------------------

Largura da faixa = 32
Melhor altura = 405

Lower Bound 1 = 347
Lower Bound 2 = 32
Avaliação = 1.16715

Tempo de execução: 60.015s

---------------------------

Largura da faixa = 32
Melhor altura = 408

Lower Bound 1 = 347
Lower Bound 2 = 32
Avaliação = 1.17579

Tempo de execução: 60.0052s

---------------------------

Largura da faixa = 32
Melhor altura = 406

Lower Bound 1 = 347
Lower Bound 2 = 32
Avaliação = 1.17003

Tempo de execução: 60.0098s

---------------------------

Largura da faixa = 32
Melhor altura = 409

Lower Bound 1 = 347
Lower Bound 2 = 32
Avaliação = 1.17867

Tempo de execução: 60.0129s

---------------------------

Largura da faixa = 32
Melhor altura = 407

Lower Bound 1 = 347
Lower Bound 2 = 32
Avaliação = 1.17291

Tempo de execução: 60.003s

---------------------------

Largura da faixa = 32
Melhor altura = 403

Lower Bound 1 = 347
Lower Bound 2 = 32
Avaliação = 1.16138

Tempo de execução: 60.0028s

---------------------------

Largura da faixa = 32
Melhor altura = 404

Lower Bound 1 = 347
Lower Bound 2 = 32
Avaliação = 1.16427

Tempo de execução: 60.0113s

---------------------------

Largura da faixa = 32
Melhor altura = 409

Lower Bound 1 = 347
Lower Bound 2 = 32
Avaliação = 1.17867

Tempo de execução: 60.0146s

---------------------------

Largura da faixa = 32
Melhor altura = 402

Lower Bound 1 = 347
Lower Bound 2 = 32
Avaliação = 1.1585

Tempo de execução: 60.017s

---------------------------

Largura da faixa = 32
Melhor altura = 408

Lower Bound 1 = 347
Lower Bound 2 = 32
Avaliação = 1.17579

Tempo de execução: 60.0267s

---------------------------

Largura da faixa = 32
Melhor altura = 403

Lower Bound 1 = 347
Lower Bound 2 = 32
Avaliação = 1.16138

Tempo de execução: 60.0114s

---------------------------

Largura da faixa = 32
Melhor altura = 408

Lower Bound 1 = 347
Lower Bound 2 = 32
Avaliação = 1.17579

Tempo de execução: 60.0028s

---------------------------

Largura da faixa = 32
Melhor altura = 397

Lower Bound 1 = 347
Lower Bound 2 = 32
Avaliação = 1.14409

Tempo de execução: 60.0178s

---------------------------

Largura da faixa = 32
Melhor altura = 402

Lower Bound 1 = 347
Lower Bound 2 = 32
Avaliação = 1.1585

Tempo de execução: 60.0143s

---------------------------

Largura da faixa = 32
Melhor altura = 404

Lower Bound 1 = 347
Lower Bound 2 = 32
Avaliação = 1.16427

Tempo de execução: 60.0195s

---------------------------

