Largura da faixa = 31
Melhor altura = 185

Lower Bound 1 = 160
Lower Bound 2 = 31
Avaliação = 1.15625

Tempo de execução: 60.0001s

---------------------------

Largura da faixa = 31
Melhor altura = 181

Lower Bound 1 = 160
Lower Bound 2 = 31
Avaliação = 1.13125

Tempo de execução: 60.0042s

---------------------------

Largura da faixa = 31
Melhor altura = 186

Lower Bound 1 = 160
Lower Bound 2 = 31
Avaliação = 1.1625

Tempo de execução: 60.004s

---------------------------

Largura da faixa = 31
Melhor altura = 185

Lower Bound 1 = 160
Lower Bound 2 = 31
Avaliação = 1.15625

Tempo de execução: 60.0002s

---------------------------

Largura da faixa = 31
Melhor altura = 184

Lower Bound 1 = 160
Lower Bound 2 = 31
Avaliação = 1.15

Tempo de execução: 60.0009s

---------------------------

Largura da faixa = 31
Melhor altura = 185

Lower Bound 1 = 160
Lower Bound 2 = 31
Avaliação = 1.15625

Tempo de execução: 60.0028s

---------------------------

Largura da faixa = 31
Melhor altura = 186

Lower Bound 1 = 160
Lower Bound 2 = 31
Avaliação = 1.1625

Tempo de execução: 60.0028s

---------------------------

Largura da faixa = 31
Melhor altura = 182

Lower Bound 1 = 160
Lower Bound 2 = 31
Avaliação = 1.1375

Tempo de execução: 60.0038s

---------------------------

Largura da faixa = 31
Melhor altura = 185

Lower Bound 1 = 160
Lower Bound 2 = 31
Avaliação = 1.15625

Tempo de execução: 60.0077s

---------------------------

Largura da faixa = 31
Melhor altura = 180

Lower Bound 1 = 160
Lower Bound 2 = 31
Avaliação = 1.125

Tempo de execução: 60.0032s

---------------------------

Largura da faixa = 31
Melhor altura = 185

Lower Bound 1 = 160
Lower Bound 2 = 31
Avaliação = 1.15625

Tempo de execução: 60.003s

---------------------------

Largura da faixa = 31
Melhor altura = 183

Lower Bound 1 = 160
Lower Bound 2 = 31
Avaliação = 1.14375

Tempo de execução: 60.0025s

---------------------------

Largura da faixa = 31
Melhor altura = 185

Lower Bound 1 = 160
Lower Bound 2 = 31
Avaliação = 1.15625

Tempo de execução: 60s

---------------------------

Largura da faixa = 31
Melhor altura = 185

Lower Bound 1 = 160
Lower Bound 2 = 31
Avaliação = 1.15625

Tempo de execução: 60.0001s

---------------------------

Largura da faixa = 31
Melhor altura = 185

Lower Bound 1 = 160
Lower Bound 2 = 31
Avaliação = 1.15625

Tempo de execução: 60.0016s

---------------------------

Largura da faixa = 31
Melhor altura = 182

Lower Bound 1 = 160
Lower Bound 2 = 31
Avaliação = 1.1375

Tempo de execução: 60.0011s

---------------------------

Largura da faixa = 31
Melhor altura = 185

Lower Bound 1 = 160
Lower Bound 2 = 31
Avaliação = 1.15625

Tempo de execução: 60.0004s

---------------------------

Largura da faixa = 31
Melhor altura = 184

Lower Bound 1 = 160
Lower Bound 2 = 31
Avaliação = 1.15

Tempo de execução: 60.0037s

---------------------------

Largura da faixa = 31
Melhor altura = 182

Lower Bound 1 = 160
Lower Bound 2 = 31
Avaliação = 1.1375

Tempo de execução: 60.0005s

---------------------------

Largura da faixa = 31
Melhor altura = 184

Lower Bound 1 = 160
Lower Bound 2 = 31
Avaliação = 1.15

Tempo de execução: 60.0014s

---------------------------

