Largura da faixa = 32
Melhor altura = 533

Lower Bound 1 = 455
Lower Bound 2 = 32
Avaliação = 1.17143

Tempo de execução: 60.002s

---------------------------

Largura da faixa = 32
Melhor altura = 535

Lower Bound 1 = 455
Lower Bound 2 = 32
Avaliação = 1.17582

Tempo de execução: 60.019s

---------------------------

Largura da faixa = 32
Melhor altura = 537

Lower Bound 1 = 455
Lower Bound 2 = 32
Avaliação = 1.18022

Tempo de execução: 60.0222s

---------------------------

Largura da faixa = 32
Melhor altura = 538

Lower Bound 1 = 455
Lower Bound 2 = 32
Avaliação = 1.18242

Tempo de execução: 60.0017s

---------------------------

Largura da faixa = 32
Melhor altura = 539

Lower Bound 1 = 455
Lower Bound 2 = 32
Avaliação = 1.18462

Tempo de execução: 60.0133s

---------------------------

Largura da faixa = 32
Melhor altura = 538

Lower Bound 1 = 455
Lower Bound 2 = 32
Avaliação = 1.18242

Tempo de execução: 60.0116s

---------------------------

Largura da faixa = 32
Melhor altura = 540

Lower Bound 1 = 455
Lower Bound 2 = 32
Avaliação = 1.18681

Tempo de execução: 60.015s

---------------------------

Largura da faixa = 32
Melhor altura = 538

Lower Bound 1 = 455
Lower Bound 2 = 32
Avaliação = 1.18242

Tempo de execução: 60.0239s

---------------------------

Largura da faixa = 32
Melhor altura = 535

Lower Bound 1 = 455
Lower Bound 2 = 32
Avaliação = 1.17582

Tempo de execução: 60.0351s

---------------------------

Largura da faixa = 32
Melhor altura = 534

Lower Bound 1 = 455
Lower Bound 2 = 32
Avaliação = 1.17363

Tempo de execução: 60.0018s

---------------------------

Largura da faixa = 32
Melhor altura = 530

Lower Bound 1 = 455
Lower Bound 2 = 32
Avaliação = 1.16484

Tempo de execução: 60.0157s

---------------------------

Largura da faixa = 32
Melhor altura = 536

Lower Bound 1 = 455
Lower Bound 2 = 32
Avaliação = 1.17802

Tempo de execução: 60.0525s

---------------------------

Largura da faixa = 32
Melhor altura = 540

Lower Bound 1 = 455
Lower Bound 2 = 32
Avaliação = 1.18681

Tempo de execução: 60.018s

---------------------------

Largura da faixa = 32
Melhor altura = 537

Lower Bound 1 = 455
Lower Bound 2 = 32
Avaliação = 1.18022

Tempo de execução: 60.0118s

---------------------------

Largura da faixa = 32
Melhor altura = 537

Lower Bound 1 = 455
Lower Bound 2 = 32
Avaliação = 1.18022

Tempo de execução: 60.0289s

---------------------------

Largura da faixa = 32
Melhor altura = 536

Lower Bound 1 = 455
Lower Bound 2 = 32
Avaliação = 1.17802

Tempo de execução: 60.0166s

---------------------------

Largura da faixa = 32
Melhor altura = 540

Lower Bound 1 = 455
Lower Bound 2 = 32
Avaliação = 1.18681

Tempo de execução: 60.009s

---------------------------

Largura da faixa = 32
Melhor altura = 537

Lower Bound 1 = 455
Lower Bound 2 = 32
Avaliação = 1.18022

Tempo de execução: 60.0155s

---------------------------

Largura da faixa = 32
Melhor altura = 538

Lower Bound 1 = 455
Lower Bound 2 = 32
Avaliação = 1.18242

Tempo de execução: 60.0034s

---------------------------

Largura da faixa = 32
Melhor altura = 540

Lower Bound 1 = 455
Lower Bound 2 = 32
Avaliação = 1.18681

Tempo de execução: 60.0029s

---------------------------

