Largura da faixa = 36
Melhor altura = 316

Lower Bound 1 = 261
Lower Bound 2 = 36
Avaliação = 1.21073

Tempo de execução: 60.0047s

---------------------------

Largura da faixa = 36
Melhor altura = 314

Lower Bound 1 = 261
Lower Bound 2 = 36
Avaliação = 1.20307

Tempo de execução: 60.0086s

---------------------------

Largura da faixa = 36
Melhor altura = 313

Lower Bound 1 = 261
Lower Bound 2 = 36
Avaliação = 1.19923

Tempo de execução: 60.0084s

---------------------------

Largura da faixa = 36
Melhor altura = 315

Lower Bound 1 = 261
Lower Bound 2 = 36
Avaliação = 1.2069

Tempo de execução: 60.0029s

---------------------------

Largura da faixa = 36
Melhor altura = 314

Lower Bound 1 = 261
Lower Bound 2 = 36
Avaliação = 1.20307

Tempo de execução: 60.0009s

---------------------------

Largura da faixa = 36
Melhor altura = 308

Lower Bound 1 = 261
Lower Bound 2 = 36
Avaliação = 1.18008

Tempo de execução: 60.001s

---------------------------

Largura da faixa = 36
Melhor altura = 317

Lower Bound 1 = 261
Lower Bound 2 = 36
Avaliação = 1.21456

Tempo de execução: 60.0019s

---------------------------

Largura da faixa = 36
Melhor altura = 307

Lower Bound 1 = 261
Lower Bound 2 = 36
Avaliação = 1.17625

Tempo de execução: 60.0084s

---------------------------

Largura da faixa = 36
Melhor altura = 313

Lower Bound 1 = 261
Lower Bound 2 = 36
Avaliação = 1.19923

Tempo de execução: 60.0092s

---------------------------

Largura da faixa = 36
Melhor altura = 312

Lower Bound 1 = 261
Lower Bound 2 = 36
Avaliação = 1.1954

Tempo de execução: 60.0007s

---------------------------

Largura da faixa = 36
Melhor altura = 312

Lower Bound 1 = 261
Lower Bound 2 = 36
Avaliação = 1.1954

Tempo de execução: 60.0044s

---------------------------

Largura da faixa = 36
Melhor altura = 313

Lower Bound 1 = 261
Lower Bound 2 = 36
Avaliação = 1.19923

Tempo de execução: 60.0073s

---------------------------

Largura da faixa = 36
Melhor altura = 309

Lower Bound 1 = 261
Lower Bound 2 = 36
Avaliação = 1.18391

Tempo de execução: 60.0011s

---------------------------

Largura da faixa = 36
Melhor altura = 316

Lower Bound 1 = 261
Lower Bound 2 = 36
Avaliação = 1.21073

Tempo de execução: 60.0011s

---------------------------

Largura da faixa = 36
Melhor altura = 312

Lower Bound 1 = 261
Lower Bound 2 = 36
Avaliação = 1.1954

Tempo de execução: 60.0147s

---------------------------

Largura da faixa = 36
Melhor altura = 312

Lower Bound 1 = 261
Lower Bound 2 = 36
Avaliação = 1.1954

Tempo de execução: 60.0003s

---------------------------

Largura da faixa = 36
Melhor altura = 315

Lower Bound 1 = 261
Lower Bound 2 = 36
Avaliação = 1.2069

Tempo de execução: 60.0083s

---------------------------

Largura da faixa = 36
Melhor altura = 310

Lower Bound 1 = 261
Lower Bound 2 = 36
Avaliação = 1.18774

Tempo de execução: 60.0124s

---------------------------

Largura da faixa = 36
Melhor altura = 314

Lower Bound 1 = 261
Lower Bound 2 = 36
Avaliação = 1.20307

Tempo de execução: 60.0014s

---------------------------

Largura da faixa = 36
Melhor altura = 309

Lower Bound 1 = 261
Lower Bound 2 = 36
Avaliação = 1.18391

Tempo de execução: 60.0104s

---------------------------

