Largura da faixa = 32
Melhor altura = 513

Lower Bound 1 = 437
Lower Bound 2 = 32
Avaliação = 1.17391

Tempo de execução: 60.0072s

---------------------------

Largura da faixa = 32
Melhor altura = 508

Lower Bound 1 = 437
Lower Bound 2 = 32
Avaliação = 1.16247

Tempo de execução: 60.0288s

---------------------------

Largura da faixa = 32
Melhor altura = 509

Lower Bound 1 = 437
Lower Bound 2 = 32
Avaliação = 1.16476

Tempo de execução: 60.0404s

---------------------------

Largura da faixa = 32
Melhor altura = 502

Lower Bound 1 = 437
Lower Bound 2 = 32
Avaliação = 1.14874

Tempo de execução: 60.0019s

---------------------------

Largura da faixa = 32
Melhor altura = 512

Lower Bound 1 = 437
Lower Bound 2 = 32
Avaliação = 1.17162

Tempo de execução: 60.0011s

---------------------------

Largura da faixa = 32
Melhor altura = 504

Lower Bound 1 = 437
Lower Bound 2 = 32
Avaliação = 1.15332

Tempo de execução: 60.0169s

---------------------------

Largura da faixa = 32
Melhor altura = 511

Lower Bound 1 = 437
Lower Bound 2 = 32
Avaliação = 1.16934

Tempo de execução: 60.0065s

---------------------------

Largura da faixa = 32
Melhor altura = 510

Lower Bound 1 = 437
Lower Bound 2 = 32
Avaliação = 1.16705

Tempo de execução: 60.0134s

---------------------------

Largura da faixa = 32
Melhor altura = 514

Lower Bound 1 = 437
Lower Bound 2 = 32
Avaliação = 1.1762

Tempo de execução: 60.0328s

---------------------------

Largura da faixa = 32
Melhor altura = 509

Lower Bound 1 = 437
Lower Bound 2 = 32
Avaliação = 1.16476

Tempo de execução: 60.0119s

---------------------------

Largura da faixa = 32
Melhor altura = 509

Lower Bound 1 = 437
Lower Bound 2 = 32
Avaliação = 1.16476

Tempo de execução: 60.0289s

---------------------------

Largura da faixa = 32
Melhor altura = 508

Lower Bound 1 = 437
Lower Bound 2 = 32
Avaliação = 1.16247

Tempo de execução: 60.037s

---------------------------

Largura da faixa = 32
Melhor altura = 514

Lower Bound 1 = 437
Lower Bound 2 = 32
Avaliação = 1.1762

Tempo de execução: 60.0066s

---------------------------

Largura da faixa = 32
Melhor altura = 509

Lower Bound 1 = 437
Lower Bound 2 = 32
Avaliação = 1.16476

Tempo de execução: 60.0124s

---------------------------

Largura da faixa = 32
Melhor altura = 506

Lower Bound 1 = 437
Lower Bound 2 = 32
Avaliação = 1.15789

Tempo de execução: 60.0258s

---------------------------

Largura da faixa = 32
Melhor altura = 511

Lower Bound 1 = 437
Lower Bound 2 = 32
Avaliação = 1.16934

Tempo de execução: 60.0166s

---------------------------

Largura da faixa = 32
Melhor altura = 511

Lower Bound 1 = 437
Lower Bound 2 = 32
Avaliação = 1.16934

Tempo de execução: 60.0165s

---------------------------

Largura da faixa = 32
Melhor altura = 508

Lower Bound 1 = 437
Lower Bound 2 = 32
Avaliação = 1.16247

Tempo de execução: 60.0269s

---------------------------

Largura da faixa = 32
Melhor altura = 511

Lower Bound 1 = 437
Lower Bound 2 = 32
Avaliação = 1.16934

Tempo de execução: 60.002s

---------------------------

Largura da faixa = 32
Melhor altura = 512

Lower Bound 1 = 437
Lower Bound 2 = 32
Avaliação = 1.17162

Tempo de execução: 60.0008s

---------------------------

