Largura da faixa = 31
Melhor altura = 137

Lower Bound 1 = 122
Lower Bound 2 = 31
Avaliação = 1.12295

Tempo de execução: 60.0004s

---------------------------

Largura da faixa = 31
Melhor altura = 138

Lower Bound 1 = 122
Lower Bound 2 = 31
Avaliação = 1.13115

Tempo de execução: 60.0002s

---------------------------

Largura da faixa = 31
Melhor altura = 138

Lower Bound 1 = 122
Lower Bound 2 = 31
Avaliação = 1.13115

Tempo de execução: 60.0003s

---------------------------

Largura da faixa = 31
Melhor altura = 137

Lower Bound 1 = 122
Lower Bound 2 = 31
Avaliação = 1.12295

Tempo de execução: 60.0005s

---------------------------

Largura da faixa = 31
Melhor altura = 138

Lower Bound 1 = 122
Lower Bound 2 = 31
Avaliação = 1.13115

Tempo de execução: 60.0005s

---------------------------

Largura da faixa = 31
Melhor altura = 137

Lower Bound 1 = 122
Lower Bound 2 = 31
Avaliação = 1.12295

Tempo de execução: 60.0001s

---------------------------

Largura da faixa = 31
Melhor altura = 138

Lower Bound 1 = 122
Lower Bound 2 = 31
Avaliação = 1.13115

Tempo de execução: 60.001s

---------------------------

Largura da faixa = 31
Melhor altura = 137

Lower Bound 1 = 122
Lower Bound 2 = 31
Avaliação = 1.12295

Tempo de execução: 60.0004s

---------------------------

Largura da faixa = 31
Melhor altura = 139

Lower Bound 1 = 122
Lower Bound 2 = 31
Avaliação = 1.13934

Tempo de execução: 60.0019s

---------------------------

Largura da faixa = 31
Melhor altura = 137

Lower Bound 1 = 122
Lower Bound 2 = 31
Avaliação = 1.12295

Tempo de execução: 60.0002s

---------------------------

Largura da faixa = 31
Melhor altura = 139

Lower Bound 1 = 122
Lower Bound 2 = 31
Avaliação = 1.13934

Tempo de execução: 60.0001s

---------------------------

Largura da faixa = 31
Melhor altura = 140

Lower Bound 1 = 122
Lower Bound 2 = 31
Avaliação = 1.14754

Tempo de execução: 60.001s

---------------------------

Largura da faixa = 31
Melhor altura = 138

Lower Bound 1 = 122
Lower Bound 2 = 31
Avaliação = 1.13115

Tempo de execução: 60.0015s

---------------------------

Largura da faixa = 31
Melhor altura = 138

Lower Bound 1 = 122
Lower Bound 2 = 31
Avaliação = 1.13115

Tempo de execução: 60.0027s

---------------------------

Largura da faixa = 31
Melhor altura = 139

Lower Bound 1 = 122
Lower Bound 2 = 31
Avaliação = 1.13934

Tempo de execução: 60.0019s

---------------------------

Largura da faixa = 31
Melhor altura = 136

Lower Bound 1 = 122
Lower Bound 2 = 31
Avaliação = 1.11475

Tempo de execução: 60s

---------------------------

Largura da faixa = 31
Melhor altura = 141

Lower Bound 1 = 122
Lower Bound 2 = 31
Avaliação = 1.15574

Tempo de execução: 60.0005s

---------------------------

Largura da faixa = 31
Melhor altura = 135

Lower Bound 1 = 122
Lower Bound 2 = 31
Avaliação = 1.10656

Tempo de execução: 60.0016s

---------------------------

Largura da faixa = 31
Melhor altura = 138

Lower Bound 1 = 122
Lower Bound 2 = 31
Avaliação = 1.13115

Tempo de execução: 60.0004s

---------------------------

Largura da faixa = 31
Melhor altura = 137

Lower Bound 1 = 122
Lower Bound 2 = 31
Avaliação = 1.12295

Tempo de execução: 60.0022s

---------------------------

