Largura da faixa = 32
Melhor altura = 644

Lower Bound 1 = 536
Lower Bound 2 = 32
Avaliação = 1.20149

Tempo de execução: 60.0037s

---------------------------

Largura da faixa = 32
Melhor altura = 651

Lower Bound 1 = 536
Lower Bound 2 = 32
Avaliação = 1.21455

Tempo de execução: 60.0099s

---------------------------

Largura da faixa = 32
Melhor altura = 651

Lower Bound 1 = 536
Lower Bound 2 = 32
Avaliação = 1.21455

Tempo de execução: 60.0069s

---------------------------

Largura da faixa = 32
Melhor altura = 639

Lower Bound 1 = 536
Lower Bound 2 = 32
Avaliação = 1.19216

Tempo de execução: 60.0113s

---------------------------

Largura da faixa = 32
Melhor altura = 643

Lower Bound 1 = 536
Lower Bound 2 = 32
Avaliação = 1.19963

Tempo de execução: 60.0155s

---------------------------

Largura da faixa = 32
Melhor altura = 646

Lower Bound 1 = 536
Lower Bound 2 = 32
Avaliação = 1.20522

Tempo de execução: 60.0218s

---------------------------

Largura da faixa = 32
Melhor altura = 648

Lower Bound 1 = 536
Lower Bound 2 = 32
Avaliação = 1.20896

Tempo de execução: 60.0071s

---------------------------

Largura da faixa = 32
Melhor altura = 648

Lower Bound 1 = 536
Lower Bound 2 = 32
Avaliação = 1.20896

Tempo de execução: 60.02s

---------------------------

Largura da faixa = 32
Melhor altura = 651

Lower Bound 1 = 536
Lower Bound 2 = 32
Avaliação = 1.21455

Tempo de execução: 60.013s

---------------------------

Largura da faixa = 32
Melhor altura = 645

Lower Bound 1 = 536
Lower Bound 2 = 32
Avaliação = 1.20336

Tempo de execução: 60.002s

---------------------------

Largura da faixa = 32
Melhor altura = 646

Lower Bound 1 = 536
Lower Bound 2 = 32
Avaliação = 1.20522

Tempo de execução: 60.037s

---------------------------

Largura da faixa = 32
Melhor altura = 645

Lower Bound 1 = 536
Lower Bound 2 = 32
Avaliação = 1.20336

Tempo de execução: 60.0354s

---------------------------

Largura da faixa = 32
Melhor altura = 647

Lower Bound 1 = 536
Lower Bound 2 = 32
Avaliação = 1.20709

Tempo de execução: 60.0091s

---------------------------

Largura da faixa = 32
Melhor altura = 645

Lower Bound 1 = 536
Lower Bound 2 = 32
Avaliação = 1.20336

Tempo de execução: 60.0063s

---------------------------

Largura da faixa = 32
Melhor altura = 634

Lower Bound 1 = 536
Lower Bound 2 = 32
Avaliação = 1.18284

Tempo de execução: 60.024s

---------------------------

Largura da faixa = 32
Melhor altura = 646

Lower Bound 1 = 536
Lower Bound 2 = 32
Avaliação = 1.20522

Tempo de execução: 60.0175s

---------------------------

Largura da faixa = 32
Melhor altura = 639

Lower Bound 1 = 536
Lower Bound 2 = 32
Avaliação = 1.19216

Tempo de execução: 60.0282s

---------------------------

Largura da faixa = 32
Melhor altura = 650

Lower Bound 1 = 536
Lower Bound 2 = 32
Avaliação = 1.21269

Tempo de execução: 60.0552s

---------------------------

Largura da faixa = 32
Melhor altura = 646

Lower Bound 1 = 536
Lower Bound 2 = 32
Avaliação = 1.20522

Tempo de execução: 60.0024s

---------------------------

Largura da faixa = 32
Melhor altura = 652

Lower Bound 1 = 536
Lower Bound 2 = 32
Avaliação = 1.21642

Tempo de execução: 60.0011s

---------------------------

