Largura da faixa = 1
Melhor altura = 134

Lower Bound 1 = 134
Lower Bound 2 = 134
Avaliação = 1

Tempo de execução: 60s

---------------------------

Largura da faixa = 1
Melhor altura = 134

Lower Bound 1 = 134
Lower Bound 2 = 134
Avaliação = 1

Tempo de execução: 60s

---------------------------

Largura da faixa = 1
Melhor altura = 134

Lower Bound 1 = 134
Lower Bound 2 = 134
Avaliação = 1

Tempo de execução: 60s

---------------------------

Largura da faixa = 1
Melhor altura = 134

Lower Bound 1 = 134
Lower Bound 2 = 134
Avaliação = 1

Tempo de execução: 60s

---------------------------

Largura da faixa = 1
Melhor altura = 134

Lower Bound 1 = 134
Lower Bound 2 = 134
Avaliação = 1

Tempo de execução: 60s

---------------------------

Largura da faixa = 1
Melhor altura = 134

Lower Bound 1 = 134
Lower Bound 2 = 134
Avaliação = 1

Tempo de execução: 60s

---------------------------

Largura da faixa = 1
Melhor altura = 134

Lower Bound 1 = 134
Lower Bound 2 = 134
Avaliação = 1

Tempo de execução: 60s

---------------------------

Largura da faixa = 1
Melhor altura = 134

Lower Bound 1 = 134
Lower Bound 2 = 134
Avaliação = 1

Tempo de execução: 60.0001s

---------------------------

Largura da faixa = 1
Melhor altura = 134

Lower Bound 1 = 134
Lower Bound 2 = 134
Avaliação = 1

Tempo de execução: 60s

---------------------------

Largura da faixa = 1
Melhor altura = 134

Lower Bound 1 = 134
Lower Bound 2 = 134
Avaliação = 1

Tempo de execução: 60s

---------------------------

Largura da faixa = 1
Melhor altura = 134

Lower Bound 1 = 134
Lower Bound 2 = 134
Avaliação = 1

Tempo de execução: 60s

---------------------------

Largura da faixa = 1
Melhor altura = 134

Lower Bound 1 = 134
Lower Bound 2 = 134
Avaliação = 1

Tempo de execução: 60s

---------------------------

Largura da faixa = 1
Melhor altura = 134

Lower Bound 1 = 134
Lower Bound 2 = 134
Avaliação = 1

Tempo de execução: 60s

---------------------------

Largura da faixa = 1
Melhor altura = 134

Lower Bound 1 = 134
Lower Bound 2 = 134
Avaliação = 1

Tempo de execução: 60s

---------------------------

Largura da faixa = 1
Melhor altura = 134

Lower Bound 1 = 134
Lower Bound 2 = 134
Avaliação = 1

Tempo de execução: 60s

---------------------------

Largura da faixa = 1
Melhor altura = 134

Lower Bound 1 = 134
Lower Bound 2 = 134
Avaliação = 1

Tempo de execução: 60s

---------------------------

Largura da faixa = 1
Melhor altura = 134

Lower Bound 1 = 134
Lower Bound 2 = 134
Avaliação = 1

Tempo de execução: 60.0001s

---------------------------

Largura da faixa = 1
Melhor altura = 134

Lower Bound 1 = 134
Lower Bound 2 = 134
Avaliação = 1

Tempo de execução: 60s

---------------------------

Largura da faixa = 1
Melhor altura = 134

Lower Bound 1 = 134
Lower Bound 2 = 134
Avaliação = 1

Tempo de execução: 60s

---------------------------

Largura da faixa = 1
Melhor altura = 134

Lower Bound 1 = 134
Lower Bound 2 = 134
Avaliação = 1

Tempo de execução: 60s

---------------------------

