Largura da faixa = 35
Melhor altura = 117

Lower Bound 1 = 105
Lower Bound 2 = 35
Avaliação = 1.11429

Tempo de execução: 60.0006s

---------------------------

Largura da faixa = 35
Melhor altura = 121

Lower Bound 1 = 105
Lower Bound 2 = 35
Avaliação = 1.15238

Tempo de execução: 60.0012s

---------------------------

Largura da faixa = 35
Melhor altura = 117

Lower Bound 1 = 105
Lower Bound 2 = 35
Avaliação = 1.11429

Tempo de execução: 60.0014s

---------------------------

Largura da faixa = 35
Melhor altura = 120

Lower Bound 1 = 105
Lower Bound 2 = 35
Avaliação = 1.14286

Tempo de execução: 60.0014s

---------------------------

Largura da faixa = 35
Melhor altura = 118

Lower Bound 1 = 105
Lower Bound 2 = 35
Avaliação = 1.12381

Tempo de execução: 60.0004s

---------------------------

Largura da faixa = 35
Melhor altura = 119

Lower Bound 1 = 105
Lower Bound 2 = 35
Avaliação = 1.13333

Tempo de execução: 60.0012s

---------------------------

Largura da faixa = 35
Melhor altura = 121

Lower Bound 1 = 105
Lower Bound 2 = 35
Avaliação = 1.15238

Tempo de execução: 60.0004s

---------------------------

Largura da faixa = 35
Melhor altura = 117

Lower Bound 1 = 105
Lower Bound 2 = 35
Avaliação = 1.11429

Tempo de execução: 60.0006s

---------------------------

Largura da faixa = 35
Melhor altura = 116

Lower Bound 1 = 105
Lower Bound 2 = 35
Avaliação = 1.10476

Tempo de execução: 60.0003s

---------------------------

Largura da faixa = 35
Melhor altura = 118

Lower Bound 1 = 105
Lower Bound 2 = 35
Avaliação = 1.12381

Tempo de execução: 60.0001s

---------------------------

Largura da faixa = 35
Melhor altura = 117

Lower Bound 1 = 105
Lower Bound 2 = 35
Avaliação = 1.11429

Tempo de execução: 60.001s

---------------------------

Largura da faixa = 35
Melhor altura = 119

Lower Bound 1 = 105
Lower Bound 2 = 35
Avaliação = 1.13333

Tempo de execução: 60s

---------------------------

Largura da faixa = 35
Melhor altura = 117

Lower Bound 1 = 105
Lower Bound 2 = 35
Avaliação = 1.11429

Tempo de execução: 60.0001s

---------------------------

Largura da faixa = 35
Melhor altura = 119

Lower Bound 1 = 105
Lower Bound 2 = 35
Avaliação = 1.13333

Tempo de execução: 60.0008s

---------------------------

Largura da faixa = 35
Melhor altura = 120

Lower Bound 1 = 105
Lower Bound 2 = 35
Avaliação = 1.14286

Tempo de execução: 60.0034s

---------------------------

Largura da faixa = 35
Melhor altura = 119

Lower Bound 1 = 105
Lower Bound 2 = 35
Avaliação = 1.13333

Tempo de execução: 60.0004s

---------------------------

Largura da faixa = 35
Melhor altura = 119

Lower Bound 1 = 105
Lower Bound 2 = 35
Avaliação = 1.13333

Tempo de execução: 60.0001s

---------------------------

Largura da faixa = 35
Melhor altura = 116

Lower Bound 1 = 105
Lower Bound 2 = 35
Avaliação = 1.10476

Tempo de execução: 60.0015s

---------------------------

Largura da faixa = 35
Melhor altura = 115

Lower Bound 1 = 105
Lower Bound 2 = 35
Avaliação = 1.09524

Tempo de execução: 60.0006s

---------------------------

Largura da faixa = 35
Melhor altura = 120

Lower Bound 1 = 105
Lower Bound 2 = 35
Avaliação = 1.14286

Tempo de execução: 60.0005s

---------------------------

