Largura da faixa = 23
Melhor altura = 112

Lower Bound 1 = 101
Lower Bound 2 = 23
Avaliação = 1.10891

Tempo de execução: 60.0001s

---------------------------

Largura da faixa = 23
Melhor altura = 111

Lower Bound 1 = 101
Lower Bound 2 = 23
Avaliação = 1.09901

Tempo de execução: 60.0004s

---------------------------

Largura da faixa = 23
Melhor altura = 110

Lower Bound 1 = 101
Lower Bound 2 = 23
Avaliação = 1.08911

Tempo de execução: 60.0021s

---------------------------

Largura da faixa = 23
Melhor altura = 113

Lower Bound 1 = 101
Lower Bound 2 = 23
Avaliação = 1.11881

Tempo de execução: 60.0003s

---------------------------

Largura da faixa = 23
Melhor altura = 113

Lower Bound 1 = 101
Lower Bound 2 = 23
Avaliação = 1.11881

Tempo de execução: 60.0006s

---------------------------

Largura da faixa = 23
Melhor altura = 113

Lower Bound 1 = 101
Lower Bound 2 = 23
Avaliação = 1.11881

Tempo de execução: 60.0008s

---------------------------

Largura da faixa = 23
Melhor altura = 113

Lower Bound 1 = 101
Lower Bound 2 = 23
Avaliação = 1.11881

Tempo de execução: 60.0003s

---------------------------

Largura da faixa = 23
Melhor altura = 113

Lower Bound 1 = 101
Lower Bound 2 = 23
Avaliação = 1.11881

Tempo de execução: 60.0001s

---------------------------

Largura da faixa = 23
Melhor altura = 112

Lower Bound 1 = 101
Lower Bound 2 = 23
Avaliação = 1.10891

Tempo de execução: 60.0015s

---------------------------

Largura da faixa = 23
Melhor altura = 112

Lower Bound 1 = 101
Lower Bound 2 = 23
Avaliação = 1.10891

Tempo de execução: 60.0008s

---------------------------

Largura da faixa = 23
Melhor altura = 112

Lower Bound 1 = 101
Lower Bound 2 = 23
Avaliação = 1.10891

Tempo de execução: 60.0013s

---------------------------

Largura da faixa = 23
Melhor altura = 113

Lower Bound 1 = 101
Lower Bound 2 = 23
Avaliação = 1.11881

Tempo de execução: 60.0015s

---------------------------

Largura da faixa = 23
Melhor altura = 112

Lower Bound 1 = 101
Lower Bound 2 = 23
Avaliação = 1.10891

Tempo de execução: 60.0001s

---------------------------

Largura da faixa = 23
Melhor altura = 113

Lower Bound 1 = 101
Lower Bound 2 = 23
Avaliação = 1.11881

Tempo de execução: 60.0003s

---------------------------

Largura da faixa = 23
Melhor altura = 110

Lower Bound 1 = 101
Lower Bound 2 = 23
Avaliação = 1.08911

Tempo de execução: 60.0005s

---------------------------

Largura da faixa = 23
Melhor altura = 112

Lower Bound 1 = 101
Lower Bound 2 = 23
Avaliação = 1.10891

Tempo de execução: 60.0004s

---------------------------

Largura da faixa = 23
Melhor altura = 112

Lower Bound 1 = 101
Lower Bound 2 = 23
Avaliação = 1.10891

Tempo de execução: 60.0001s

---------------------------

Largura da faixa = 23
Melhor altura = 112

Lower Bound 1 = 101
Lower Bound 2 = 23
Avaliação = 1.10891

Tempo de execução: 60.0019s

---------------------------

Largura da faixa = 23
Melhor altura = 114

Lower Bound 1 = 101
Lower Bound 2 = 23
Avaliação = 1.12871

Tempo de execução: 60.0002s

---------------------------

Largura da faixa = 23
Melhor altura = 111

Lower Bound 1 = 101
Lower Bound 2 = 23
Avaliação = 1.09901

Tempo de execução: 60.0002s

---------------------------

