Largura da faixa = 36
Melhor altura = 360

Lower Bound 1 = 305
Lower Bound 2 = 36
Avaliação = 1.18033

Tempo de execução: 60.0067s

---------------------------

Largura da faixa = 36
Melhor altura = 359

Lower Bound 1 = 305
Lower Bound 2 = 36
Avaliação = 1.17705

Tempo de execução: 60.0039s

---------------------------

Largura da faixa = 36
Melhor altura = 363

Lower Bound 1 = 305
Lower Bound 2 = 36
Avaliação = 1.19016

Tempo de execução: 60.0158s

---------------------------

Largura da faixa = 36
Melhor altura = 361

Lower Bound 1 = 305
Lower Bound 2 = 36
Avaliação = 1.18361

Tempo de execução: 60.0033s

---------------------------

Largura da faixa = 36
Melhor altura = 357

Lower Bound 1 = 305
Lower Bound 2 = 36
Avaliação = 1.17049

Tempo de execução: 60.001s

---------------------------

Largura da faixa = 36
Melhor altura = 365

Lower Bound 1 = 305
Lower Bound 2 = 36
Avaliação = 1.19672

Tempo de execução: 60.0147s

---------------------------

Largura da faixa = 36
Melhor altura = 358

Lower Bound 1 = 305
Lower Bound 2 = 36
Avaliação = 1.17377

Tempo de execução: 60.0005s

---------------------------

Largura da faixa = 36
Melhor altura = 365

Lower Bound 1 = 305
Lower Bound 2 = 36
Avaliação = 1.19672

Tempo de execução: 60.0003s

---------------------------

Largura da faixa = 36
Melhor altura = 363

Lower Bound 1 = 305
Lower Bound 2 = 36
Avaliação = 1.19016

Tempo de execução: 60.0001s

---------------------------

Largura da faixa = 36
Melhor altura = 360

Lower Bound 1 = 305
Lower Bound 2 = 36
Avaliação = 1.18033

Tempo de execução: 60.0013s

---------------------------

Largura da faixa = 36
Melhor altura = 358

Lower Bound 1 = 305
Lower Bound 2 = 36
Avaliação = 1.17377

Tempo de execução: 60.0034s

---------------------------

Largura da faixa = 36
Melhor altura = 364

Lower Bound 1 = 305
Lower Bound 2 = 36
Avaliação = 1.19344

Tempo de execução: 60.0227s

---------------------------

Largura da faixa = 36
Melhor altura = 361

Lower Bound 1 = 305
Lower Bound 2 = 36
Avaliação = 1.18361

Tempo de execução: 60.0043s

---------------------------

Largura da faixa = 36
Melhor altura = 361

Lower Bound 1 = 305
Lower Bound 2 = 36
Avaliação = 1.18361

Tempo de execução: 60.0038s

---------------------------

Largura da faixa = 36
Melhor altura = 365

Lower Bound 1 = 305
Lower Bound 2 = 36
Avaliação = 1.19672

Tempo de execução: 60.0051s

---------------------------

Largura da faixa = 36
Melhor altura = 359

Lower Bound 1 = 305
Lower Bound 2 = 36
Avaliação = 1.17705

Tempo de execução: 60.0024s

---------------------------

Largura da faixa = 36
Melhor altura = 361

Lower Bound 1 = 305
Lower Bound 2 = 36
Avaliação = 1.18361

Tempo de execução: 60.016s

---------------------------

Largura da faixa = 36
Melhor altura = 357

Lower Bound 1 = 305
Lower Bound 2 = 36
Avaliação = 1.17049

Tempo de execução: 60.0217s

---------------------------

Largura da faixa = 36
Melhor altura = 356

Lower Bound 1 = 305
Lower Bound 2 = 36
Avaliação = 1.16721

Tempo de execução: 60.0149s

---------------------------

Largura da faixa = 36
Melhor altura = 362

Lower Bound 1 = 305
Lower Bound 2 = 36
Avaliação = 1.18689

Tempo de execução: 60.0152s

---------------------------

