Largura da faixa = 32
Melhor altura = 1341

Lower Bound 1 = 1118
Lower Bound 2 = 32
Avaliação = 1.19946

Tempo de execução: 60.0437s

---------------------------

Largura da faixa = 32
Melhor altura = 1338

Lower Bound 1 = 1118
Lower Bound 2 = 32
Avaliação = 1.19678

Tempo de execução: 60.0628s

---------------------------

Largura da faixa = 32
Melhor altura = 1335

Lower Bound 1 = 1118
Lower Bound 2 = 32
Avaliação = 1.1941

Tempo de execução: 60.097s

---------------------------

Largura da faixa = 32
Melhor altura = 1341

Lower Bound 1 = 1118
Lower Bound 2 = 32
Avaliação = 1.19946

Tempo de execução: 60.0152s

---------------------------

Largura da faixa = 32
Melhor altura = 1338

Lower Bound 1 = 1118
Lower Bound 2 = 32
Avaliação = 1.19678

Tempo de execução: 60.0009s

---------------------------

Largura da faixa = 32
Melhor altura = 1330

Lower Bound 1 = 1118
Lower Bound 2 = 32
Avaliação = 1.18962

Tempo de execução: 60.1539s

---------------------------

Largura da faixa = 32
Melhor altura = 1341

Lower Bound 1 = 1118
Lower Bound 2 = 32
Avaliação = 1.19946

Tempo de execução: 60.0008s

---------------------------

Largura da faixa = 32
Melhor altura = 1341

Lower Bound 1 = 1118
Lower Bound 2 = 32
Avaliação = 1.19946

Tempo de execução: 60.0774s

---------------------------

Largura da faixa = 32
Melhor altura = 1341

Lower Bound 1 = 1118
Lower Bound 2 = 32
Avaliação = 1.19946

Tempo de execução: 60.1342s

---------------------------

Largura da faixa = 32
Melhor altura = 1341

Lower Bound 1 = 1118
Lower Bound 2 = 32
Avaliação = 1.19946

Tempo de execução: 60.0456s

---------------------------

Largura da faixa = 32
Melhor altura = 1337

Lower Bound 1 = 1118
Lower Bound 2 = 32
Avaliação = 1.19589

Tempo de execução: 60.0348s

---------------------------

Largura da faixa = 32
Melhor altura = 1338

Lower Bound 1 = 1118
Lower Bound 2 = 32
Avaliação = 1.19678

Tempo de execução: 60.0461s

---------------------------

Largura da faixa = 32
Melhor altura = 1341

Lower Bound 1 = 1118
Lower Bound 2 = 32
Avaliação = 1.19946

Tempo de execução: 60.0368s

---------------------------

Largura da faixa = 32
Melhor altura = 1341

Lower Bound 1 = 1118
Lower Bound 2 = 32
Avaliação = 1.19946

Tempo de execução: 60.0466s

---------------------------

Largura da faixa = 32
Melhor altura = 1322

Lower Bound 1 = 1118
Lower Bound 2 = 32
Avaliação = 1.18247

Tempo de execução: 60.1252s

---------------------------

Largura da faixa = 32
Melhor altura = 1340

Lower Bound 1 = 1118
Lower Bound 2 = 32
Avaliação = 1.19857

Tempo de execução: 60.0072s

---------------------------

Largura da faixa = 32
Melhor altura = 1340

Lower Bound 1 = 1118
Lower Bound 2 = 32
Avaliação = 1.19857

Tempo de execução: 60.0657s

---------------------------

Largura da faixa = 32
Melhor altura = 1331

Lower Bound 1 = 1118
Lower Bound 2 = 32
Avaliação = 1.19052

Tempo de execução: 60.0544s

---------------------------

Largura da faixa = 32
Melhor altura = 1341

Lower Bound 1 = 1118
Lower Bound 2 = 32
Avaliação = 1.19946

Tempo de execução: 60.0704s

---------------------------

Largura da faixa = 32
Melhor altura = 1336

Lower Bound 1 = 1118
Lower Bound 2 = 32
Avaliação = 1.19499

Tempo de execução: 60.086s

---------------------------

