Largura da faixa = 96
Melhor altura = 522

Lower Bound 1 = 416
Lower Bound 2 = 402
Avaliação = 1.25481

Tempo de execução: 60.0009s

---------------------------

Largura da faixa = 96
Melhor altura = 511

Lower Bound 1 = 416
Lower Bound 2 = 402
Avaliação = 1.22837

Tempo de execução: 60.0024s

---------------------------

Largura da faixa = 96
Melhor altura = 496

Lower Bound 1 = 416
Lower Bound 2 = 402
Avaliação = 1.19231

Tempo de execução: 60.003s

---------------------------

Largura da faixa = 96
Melhor altura = 511

Lower Bound 1 = 416
Lower Bound 2 = 402
Avaliação = 1.22837

Tempo de execução: 60.0008s

---------------------------

Largura da faixa = 96
Melhor altura = 512

Lower Bound 1 = 416
Lower Bound 2 = 402
Avaliação = 1.23077

Tempo de execução: 60.0005s

---------------------------

Largura da faixa = 96
Melhor altura = 509

Lower Bound 1 = 416
Lower Bound 2 = 402
Avaliação = 1.22356

Tempo de execução: 60.0002s

---------------------------

Largura da faixa = 96
Melhor altura = 510

Lower Bound 1 = 416
Lower Bound 2 = 402
Avaliação = 1.22596

Tempo de execução: 60.0032s

---------------------------

Largura da faixa = 96
Melhor altura = 512

Lower Bound 1 = 416
Lower Bound 2 = 402
Avaliação = 1.23077

Tempo de execução: 60.0046s

---------------------------

Largura da faixa = 96
Melhor altura = 512

Lower Bound 1 = 416
Lower Bound 2 = 402
Avaliação = 1.23077

Tempo de execução: 60.0036s

---------------------------

Largura da faixa = 96
Melhor altura = 517

Lower Bound 1 = 416
Lower Bound 2 = 402
Avaliação = 1.24279

Tempo de execução: 60.0009s

---------------------------

Largura da faixa = 96
Melhor altura = 513

Lower Bound 1 = 416
Lower Bound 2 = 402
Avaliação = 1.23317

Tempo de execução: 60.0019s

---------------------------

Largura da faixa = 96
Melhor altura = 496

Lower Bound 1 = 416
Lower Bound 2 = 402
Avaliação = 1.19231

Tempo de execução: 60.0042s

---------------------------

Largura da faixa = 96
Melhor altura = 505

Lower Bound 1 = 416
Lower Bound 2 = 402
Avaliação = 1.21394

Tempo de execução: 60.0008s

---------------------------

Largura da faixa = 96
Melhor altura = 511

Lower Bound 1 = 416
Lower Bound 2 = 402
Avaliação = 1.22837

Tempo de execução: 60.0001s

---------------------------

Largura da faixa = 96
Melhor altura = 514

Lower Bound 1 = 416
Lower Bound 2 = 402
Avaliação = 1.23558

Tempo de execução: 60.0056s

---------------------------

Largura da faixa = 96
Melhor altura = 520

Lower Bound 1 = 416
Lower Bound 2 = 402
Avaliação = 1.25

Tempo de execução: 60.0008s

---------------------------

Largura da faixa = 96
Melhor altura = 512

Lower Bound 1 = 416
Lower Bound 2 = 402
Avaliação = 1.23077

Tempo de execução: 60.0019s

---------------------------

Largura da faixa = 96
Melhor altura = 522

Lower Bound 1 = 416
Lower Bound 2 = 402
Avaliação = 1.25481

Tempo de execução: 60.0001s

---------------------------

Largura da faixa = 96
Melhor altura = 503

Lower Bound 1 = 416
Lower Bound 2 = 402
Avaliação = 1.20913

Tempo de execução: 60.0005s

---------------------------

Largura da faixa = 96
Melhor altura = 499

Lower Bound 1 = 416
Lower Bound 2 = 402
Avaliação = 1.19952

Tempo de execução: 60.001s

---------------------------

