Largura da faixa = 159
Melhor altura = 298

Lower Bound 1 = 251
Lower Bound 2 = 252
Avaliação = 1.18254

Tempo de execução: 60s

---------------------------

Largura da faixa = 159
Melhor altura = 297

Lower Bound 1 = 251
Lower Bound 2 = 252
Avaliação = 1.17857

Tempo de execução: 60.0003s

---------------------------

Largura da faixa = 159
Melhor altura = 292

Lower Bound 1 = 251
Lower Bound 2 = 252
Avaliação = 1.15873

Tempo de execução: 60.0005s

---------------------------

Largura da faixa = 159
Melhor altura = 301

Lower Bound 1 = 251
Lower Bound 2 = 252
Avaliação = 1.19444

Tempo de execução: 60s

---------------------------

Largura da faixa = 159
Melhor altura = 297

Lower Bound 1 = 251
Lower Bound 2 = 252
Avaliação = 1.17857

Tempo de execução: 60.0001s

---------------------------

Largura da faixa = 159
Melhor altura = 299

Lower Bound 1 = 251
Lower Bound 2 = 252
Avaliação = 1.18651

Tempo de execução: 60.0006s

---------------------------

Largura da faixa = 159
Melhor altura = 291

Lower Bound 1 = 251
Lower Bound 2 = 252
Avaliação = 1.15476

Tempo de execução: 60s

---------------------------

Largura da faixa = 159
Melhor altura = 294

Lower Bound 1 = 251
Lower Bound 2 = 252
Avaliação = 1.16667

Tempo de execução: 60s

---------------------------

Largura da faixa = 159
Melhor altura = 298

Lower Bound 1 = 251
Lower Bound 2 = 252
Avaliação = 1.18254

Tempo de execução: 60.0004s

---------------------------

Largura da faixa = 159
Melhor altura = 299

Lower Bound 1 = 251
Lower Bound 2 = 252
Avaliação = 1.18651

Tempo de execução: 60.0004s

---------------------------

Largura da faixa = 159
Melhor altura = 298

Lower Bound 1 = 251
Lower Bound 2 = 252
Avaliação = 1.18254

Tempo de execução: 60.001s

---------------------------

Largura da faixa = 159
Melhor altura = 297

Lower Bound 1 = 251
Lower Bound 2 = 252
Avaliação = 1.17857

Tempo de execução: 60.0009s

---------------------------

Largura da faixa = 159
Melhor altura = 298

Lower Bound 1 = 251
Lower Bound 2 = 252
Avaliação = 1.18254

Tempo de execução: 60.0003s

---------------------------

Largura da faixa = 159
Melhor altura = 297

Lower Bound 1 = 251
Lower Bound 2 = 252
Avaliação = 1.17857

Tempo de execução: 60.0002s

---------------------------

Largura da faixa = 159
Melhor altura = 297

Lower Bound 1 = 251
Lower Bound 2 = 252
Avaliação = 1.17857

Tempo de execução: 60s

---------------------------

Largura da faixa = 159
Melhor altura = 301

Lower Bound 1 = 251
Lower Bound 2 = 252
Avaliação = 1.19444

Tempo de execução: 60.0001s

---------------------------

Largura da faixa = 159
Melhor altura = 297

Lower Bound 1 = 251
Lower Bound 2 = 252
Avaliação = 1.17857

Tempo de execução: 60.0001s

---------------------------

Largura da faixa = 159
Melhor altura = 297

Lower Bound 1 = 251
Lower Bound 2 = 252
Avaliação = 1.17857

Tempo de execução: 60.0005s

---------------------------

Largura da faixa = 159
Melhor altura = 297

Lower Bound 1 = 251
Lower Bound 2 = 252
Avaliação = 1.17857

Tempo de execução: 60.0004s

---------------------------

Largura da faixa = 159
Melhor altura = 297

Lower Bound 1 = 251
Lower Bound 2 = 252
Avaliação = 1.17857

Tempo de execução: 60s

---------------------------

