Largura da faixa = 180
Melhor altura = 258

Lower Bound 1 = 222
Lower Bound 2 = 180
Avaliação = 1.16216

Tempo de execução: 60s

---------------------------

Largura da faixa = 180
Melhor altura = 258

Lower Bound 1 = 222
Lower Bound 2 = 180
Avaliação = 1.16216

Tempo de execução: 60.0002s

---------------------------

Largura da faixa = 180
Melhor altura = 257

Lower Bound 1 = 222
Lower Bound 2 = 180
Avaliação = 1.15766

Tempo de execução: 60.0004s

---------------------------

Largura da faixa = 180
Melhor altura = 258

Lower Bound 1 = 222
Lower Bound 2 = 180
Avaliação = 1.16216

Tempo de execução: 60s

---------------------------

Largura da faixa = 180
Melhor altura = 254

Lower Bound 1 = 222
Lower Bound 2 = 180
Avaliação = 1.14414

Tempo de execução: 60.0001s

---------------------------

Largura da faixa = 180
Melhor altura = 253

Lower Bound 1 = 222
Lower Bound 2 = 180
Avaliação = 1.13964

Tempo de execução: 60.0005s

---------------------------

Largura da faixa = 180
Melhor altura = 257

Lower Bound 1 = 222
Lower Bound 2 = 180
Avaliação = 1.15766

Tempo de execução: 60.0002s

---------------------------

Largura da faixa = 180
Melhor altura = 258

Lower Bound 1 = 222
Lower Bound 2 = 180
Avaliação = 1.16216

Tempo de execução: 60.0007s

---------------------------

Largura da faixa = 180
Melhor altura = 254

Lower Bound 1 = 222
Lower Bound 2 = 180
Avaliação = 1.14414

Tempo de execução: 60.0002s

---------------------------

Largura da faixa = 180
Melhor altura = 254

Lower Bound 1 = 222
Lower Bound 2 = 180
Avaliação = 1.14414

Tempo de execução: 60s

---------------------------

Largura da faixa = 180
Melhor altura = 257

Lower Bound 1 = 222
Lower Bound 2 = 180
Avaliação = 1.15766

Tempo de execução: 60.0001s

---------------------------

Largura da faixa = 180
Melhor altura = 254

Lower Bound 1 = 222
Lower Bound 2 = 180
Avaliação = 1.14414

Tempo de execução: 60.0004s

---------------------------

Largura da faixa = 180
Melhor altura = 257

Lower Bound 1 = 222
Lower Bound 2 = 180
Avaliação = 1.15766

Tempo de execução: 60s

---------------------------

Largura da faixa = 180
Melhor altura = 257

Lower Bound 1 = 222
Lower Bound 2 = 180
Avaliação = 1.15766

Tempo de execução: 60.0002s

---------------------------

Largura da faixa = 180
Melhor altura = 253

Lower Bound 1 = 222
Lower Bound 2 = 180
Avaliação = 1.13964

Tempo de execução: 60.0004s

---------------------------

Largura da faixa = 180
Melhor altura = 252

Lower Bound 1 = 222
Lower Bound 2 = 180
Avaliação = 1.13514

Tempo de execução: 60s

---------------------------

Largura da faixa = 180
Melhor altura = 254

Lower Bound 1 = 222
Lower Bound 2 = 180
Avaliação = 1.14414

Tempo de execução: 60.0002s

---------------------------

Largura da faixa = 180
Melhor altura = 252

Lower Bound 1 = 222
Lower Bound 2 = 180
Avaliação = 1.13514

Tempo de execução: 60.0001s

---------------------------

Largura da faixa = 180
Melhor altura = 257

Lower Bound 1 = 222
Lower Bound 2 = 180
Avaliação = 1.15766

Tempo de execução: 60s

---------------------------

Largura da faixa = 180
Melhor altura = 255

Lower Bound 1 = 222
Lower Bound 2 = 180
Avaliação = 1.14865

Tempo de execução: 60.0003s

---------------------------

