Largura da faixa = 85
Melhor altura = 589

Lower Bound 1 = 470
Lower Bound 2 = 262
Avaliação = 1.25319

Tempo de execução: 60.0124s

---------------------------

Largura da faixa = 85
Melhor altura = 601

Lower Bound 1 = 470
Lower Bound 2 = 262
Avaliação = 1.27872

Tempo de execução: 60.0341s

---------------------------

Largura da faixa = 85
Melhor altura = 592

Lower Bound 1 = 470
Lower Bound 2 = 262
Avaliação = 1.25957

Tempo de execução: 60.0578s

---------------------------

Largura da faixa = 85
Melhor altura = 594

Lower Bound 1 = 470
Lower Bound 2 = 262
Avaliação = 1.26383

Tempo de execução: 60.0048s

---------------------------

Largura da faixa = 85
Melhor altura = 590

Lower Bound 1 = 470
Lower Bound 2 = 262
Avaliação = 1.25532

Tempo de execução: 60.0098s

---------------------------

Largura da faixa = 85
Melhor altura = 601

Lower Bound 1 = 470
Lower Bound 2 = 262
Avaliação = 1.27872

Tempo de execução: 60.0239s

---------------------------

Largura da faixa = 85
Melhor altura = 600

Lower Bound 1 = 470
Lower Bound 2 = 262
Avaliação = 1.2766

Tempo de execução: 60.009s

---------------------------

Largura da faixa = 85
Melhor altura = 598

Lower Bound 1 = 470
Lower Bound 2 = 262
Avaliação = 1.27234

Tempo de execução: 60.0202s

---------------------------

Largura da faixa = 85
Melhor altura = 595

Lower Bound 1 = 470
Lower Bound 2 = 262
Avaliação = 1.26596

Tempo de execução: 60.0391s

---------------------------

Largura da faixa = 85
Melhor altura = 596

Lower Bound 1 = 470
Lower Bound 2 = 262
Avaliação = 1.26809

Tempo de execução: 60.0015s

---------------------------

Largura da faixa = 85
Melhor altura = 599

Lower Bound 1 = 470
Lower Bound 2 = 262
Avaliação = 1.27447

Tempo de execução: 60.0086s

---------------------------

Largura da faixa = 85
Melhor altura = 603

Lower Bound 1 = 470
Lower Bound 2 = 262
Avaliação = 1.28298

Tempo de execução: 60.0067s

---------------------------

Largura da faixa = 85
Melhor altura = 600

Lower Bound 1 = 470
Lower Bound 2 = 262
Avaliação = 1.2766

Tempo de execução: 60.0009s

---------------------------

Largura da faixa = 85
Melhor altura = 606

Lower Bound 1 = 470
Lower Bound 2 = 262
Avaliação = 1.28936

Tempo de execução: 60.0077s

---------------------------

Largura da faixa = 85
Melhor altura = 600

Lower Bound 1 = 470
Lower Bound 2 = 262
Avaliação = 1.2766

Tempo de execução: 60.0262s

---------------------------

Largura da faixa = 85
Melhor altura = 595

Lower Bound 1 = 470
Lower Bound 2 = 262
Avaliação = 1.26596

Tempo de execução: 60.0075s

---------------------------

Largura da faixa = 85
Melhor altura = 591

Lower Bound 1 = 470
Lower Bound 2 = 262
Avaliação = 1.25745

Tempo de execução: 60.0142s

---------------------------

Largura da faixa = 85
Melhor altura = 602

Lower Bound 1 = 470
Lower Bound 2 = 262
Avaliação = 1.28085

Tempo de execução: 60.0089s

---------------------------

Largura da faixa = 85
Melhor altura = 597

Lower Bound 1 = 470
Lower Bound 2 = 262
Avaliação = 1.27021

Tempo de execução: 60.0301s

---------------------------

Largura da faixa = 85
Melhor altura = 607

Lower Bound 1 = 470
Lower Bound 2 = 262
Avaliação = 1.29149

Tempo de execução: 60.0371s

---------------------------

