Largura da faixa = 109
Melhor altura = 431

Lower Bound 1 = 366
Lower Bound 2 = 312
Avaliação = 1.1776

Tempo de execução: 60.0008s

---------------------------

Largura da faixa = 109
Melhor altura = 433

Lower Bound 1 = 366
Lower Bound 2 = 312
Avaliação = 1.18306

Tempo de execução: 60.0015s

---------------------------

Largura da faixa = 109
Melhor altura = 432

Lower Bound 1 = 366
Lower Bound 2 = 312
Avaliação = 1.18033

Tempo de execução: 60.0019s

---------------------------

Largura da faixa = 109
Melhor altura = 424

Lower Bound 1 = 366
Lower Bound 2 = 312
Avaliação = 1.15847

Tempo de execução: 60.0004s

---------------------------

Largura da faixa = 109
Melhor altura = 436

Lower Bound 1 = 366
Lower Bound 2 = 312
Avaliação = 1.19126

Tempo de execução: 60.0005s

---------------------------

Largura da faixa = 109
Melhor altura = 434

Lower Bound 1 = 366
Lower Bound 2 = 312
Avaliação = 1.18579

Tempo de execução: 60.002s

---------------------------

Largura da faixa = 109
Melhor altura = 427

Lower Bound 1 = 366
Lower Bound 2 = 312
Avaliação = 1.16667

Tempo de execução: 60.0001s

---------------------------

Largura da faixa = 109
Melhor altura = 433

Lower Bound 1 = 366
Lower Bound 2 = 312
Avaliação = 1.18306

Tempo de execução: 60.0004s

---------------------------

Largura da faixa = 109
Melhor altura = 432

Lower Bound 1 = 366
Lower Bound 2 = 312
Avaliação = 1.18033

Tempo de execução: 60.001s

---------------------------

Largura da faixa = 109
Melhor altura = 430

Lower Bound 1 = 366
Lower Bound 2 = 312
Avaliação = 1.17486

Tempo de execução: 60s

---------------------------

Largura da faixa = 109
Melhor altura = 430

Lower Bound 1 = 366
Lower Bound 2 = 312
Avaliação = 1.17486

Tempo de execução: 60.0021s

---------------------------

Largura da faixa = 109
Melhor altura = 432

Lower Bound 1 = 366
Lower Bound 2 = 312
Avaliação = 1.18033

Tempo de execução: 60.0017s

---------------------------

Largura da faixa = 109
Melhor altura = 426

Lower Bound 1 = 366
Lower Bound 2 = 312
Avaliação = 1.16393

Tempo de execução: 60.0009s

---------------------------

Largura da faixa = 109
Melhor altura = 432

Lower Bound 1 = 366
Lower Bound 2 = 312
Avaliação = 1.18033

Tempo de execução: 60.0003s

---------------------------

Largura da faixa = 109
Melhor altura = 425

Lower Bound 1 = 366
Lower Bound 2 = 312
Avaliação = 1.1612

Tempo de execução: 60.0011s

---------------------------

Largura da faixa = 109
Melhor altura = 423

Lower Bound 1 = 366
Lower Bound 2 = 312
Avaliação = 1.15574

Tempo de execução: 60.0003s

---------------------------

Largura da faixa = 109
Melhor altura = 430

Lower Bound 1 = 366
Lower Bound 2 = 312
Avaliação = 1.17486

Tempo de execução: 60.0001s

---------------------------

Largura da faixa = 109
Melhor altura = 432

Lower Bound 1 = 366
Lower Bound 2 = 312
Avaliação = 1.18033

Tempo de execução: 60s

---------------------------

Largura da faixa = 109
Melhor altura = 425

Lower Bound 1 = 366
Lower Bound 2 = 312
Avaliação = 1.1612

Tempo de execução: 60s

---------------------------

Largura da faixa = 109
Melhor altura = 433

Lower Bound 1 = 366
Lower Bound 2 = 312
Avaliação = 1.18306

Tempo de execução: 60.0002s

---------------------------

