Largura da faixa = 112
Melhor altura = 420

Lower Bound 1 = 357
Lower Bound 2 = 248
Avaliação = 1.17647

Tempo de execução: 60.0013s

---------------------------

Largura da faixa = 112
Melhor altura = 411

Lower Bound 1 = 357
Lower Bound 2 = 248
Avaliação = 1.15126

Tempo de execução: 60.002s

---------------------------

Largura da faixa = 112
Melhor altura = 414

Lower Bound 1 = 357
Lower Bound 2 = 248
Avaliação = 1.15966

Tempo de execução: 60.0014s

---------------------------

Largura da faixa = 112
Melhor altura = 416

Lower Bound 1 = 357
Lower Bound 2 = 248
Avaliação = 1.16527

Tempo de execução: 60s

---------------------------

Largura da faixa = 112
Melhor altura = 408

Lower Bound 1 = 357
Lower Bound 2 = 248
Avaliação = 1.14286

Tempo de execução: 60.0014s

---------------------------

Largura da faixa = 112
Melhor altura = 417

Lower Bound 1 = 357
Lower Bound 2 = 248
Avaliação = 1.16807

Tempo de execução: 60s

---------------------------

Largura da faixa = 112
Melhor altura = 413

Lower Bound 1 = 357
Lower Bound 2 = 248
Avaliação = 1.15686

Tempo de execução: 60.0011s

---------------------------

Largura da faixa = 112
Melhor altura = 410

Lower Bound 1 = 357
Lower Bound 2 = 248
Avaliação = 1.14846

Tempo de execução: 60.0008s

---------------------------

Largura da faixa = 112
Melhor altura = 404

Lower Bound 1 = 357
Lower Bound 2 = 248
Avaliação = 1.13165

Tempo de execução: 60.0001s

---------------------------

Largura da faixa = 112
Melhor altura = 416

Lower Bound 1 = 357
Lower Bound 2 = 248
Avaliação = 1.16527

Tempo de execução: 60.0005s

---------------------------

Largura da faixa = 112
Melhor altura = 421

Lower Bound 1 = 357
Lower Bound 2 = 248
Avaliação = 1.17927

Tempo de execução: 60.0003s

---------------------------

Largura da faixa = 112
Melhor altura = 415

Lower Bound 1 = 357
Lower Bound 2 = 248
Avaliação = 1.16246

Tempo de execução: 60.0011s

---------------------------

Largura da faixa = 112
Melhor altura = 416

Lower Bound 1 = 357
Lower Bound 2 = 248
Avaliação = 1.16527

Tempo de execução: 60.0001s

---------------------------

Largura da faixa = 112
Melhor altura = 412

Lower Bound 1 = 357
Lower Bound 2 = 248
Avaliação = 1.15406

Tempo de execução: 60.0004s

---------------------------

Largura da faixa = 112
Melhor altura = 415

Lower Bound 1 = 357
Lower Bound 2 = 248
Avaliação = 1.16246

Tempo de execução: 60.0036s

---------------------------

Largura da faixa = 112
Melhor altura = 419

Lower Bound 1 = 357
Lower Bound 2 = 248
Avaliação = 1.17367

Tempo de execução: 60.0007s

---------------------------

Largura da faixa = 112
Melhor altura = 411

Lower Bound 1 = 357
Lower Bound 2 = 248
Avaliação = 1.15126

Tempo de execução: 60.0003s

---------------------------

Largura da faixa = 112
Melhor altura = 408

Lower Bound 1 = 357
Lower Bound 2 = 248
Avaliação = 1.14286

Tempo de execução: 60.0041s

---------------------------

Largura da faixa = 112
Melhor altura = 416

Lower Bound 1 = 357
Lower Bound 2 = 248
Avaliação = 1.16527

Tempo de execução: 60.0036s

---------------------------

Largura da faixa = 112
Melhor altura = 422

Lower Bound 1 = 357
Lower Bound 2 = 248
Avaliação = 1.18207

Tempo de execução: 60.0051s

---------------------------

