Largura da faixa = 88
Melhor altura = 576

Lower Bound 1 = 454
Lower Bound 2 = 138
Avaliação = 1.26872

Tempo de execução: 60.0062s

---------------------------

Largura da faixa = 88
Melhor altura = 574

Lower Bound 1 = 454
Lower Bound 2 = 138
Avaliação = 1.26432

Tempo de execução: 60.0172s

---------------------------

Largura da faixa = 88
Melhor altura = 578

Lower Bound 1 = 454
Lower Bound 2 = 138
Avaliação = 1.27313

Tempo de execução: 60.0141s

---------------------------

Largura da faixa = 88
Melhor altura = 576

Lower Bound 1 = 454
Lower Bound 2 = 138
Avaliação = 1.26872

Tempo de execução: 60.0118s

---------------------------

Largura da faixa = 88
Melhor altura = 583

Lower Bound 1 = 454
Lower Bound 2 = 138
Avaliação = 1.28414

Tempo de execução: 60.0342s

---------------------------

Largura da faixa = 88
Melhor altura = 588

Lower Bound 1 = 454
Lower Bound 2 = 138
Avaliação = 1.29515

Tempo de execução: 60.0711s

---------------------------

Largura da faixa = 88
Melhor altura = 580

Lower Bound 1 = 454
Lower Bound 2 = 138
Avaliação = 1.27753

Tempo de execução: 60.0033s

---------------------------

Largura da faixa = 88
Melhor altura = 568

Lower Bound 1 = 454
Lower Bound 2 = 138
Avaliação = 1.2511

Tempo de execução: 60.0254s

---------------------------

Largura da faixa = 88
Melhor altura = 573

Lower Bound 1 = 454
Lower Bound 2 = 138
Avaliação = 1.26211

Tempo de execução: 60.0183s

---------------------------

Largura da faixa = 88
Melhor altura = 570

Lower Bound 1 = 454
Lower Bound 2 = 138
Avaliação = 1.25551

Tempo de execução: 60.021s

---------------------------

Largura da faixa = 88
Melhor altura = 571

Lower Bound 1 = 454
Lower Bound 2 = 138
Avaliação = 1.25771

Tempo de execução: 60.0407s

---------------------------

Largura da faixa = 88
Melhor altura = 572

Lower Bound 1 = 454
Lower Bound 2 = 138
Avaliação = 1.25991

Tempo de execução: 60.074s

---------------------------

Largura da faixa = 88
Melhor altura = 577

Lower Bound 1 = 454
Lower Bound 2 = 138
Avaliação = 1.27093

Tempo de execução: 60.0046s

---------------------------

Largura da faixa = 88
Melhor altura = 572

Lower Bound 1 = 454
Lower Bound 2 = 138
Avaliação = 1.25991

Tempo de execução: 60.0396s

---------------------------

Largura da faixa = 88
Melhor altura = 578

Lower Bound 1 = 454
Lower Bound 2 = 138
Avaliação = 1.27313

Tempo de execução: 60.1707s

---------------------------

Largura da faixa = 88
Melhor altura = 576

Lower Bound 1 = 454
Lower Bound 2 = 138
Avaliação = 1.26872

Tempo de execução: 60.0059s

---------------------------

Largura da faixa = 88
Melhor altura = 569

Lower Bound 1 = 454
Lower Bound 2 = 138
Avaliação = 1.2533

Tempo de execução: 60.0191s

---------------------------

Largura da faixa = 88
Melhor altura = 577

Lower Bound 1 = 454
Lower Bound 2 = 138
Avaliação = 1.27093

Tempo de execução: 60.0498s

---------------------------

Largura da faixa = 88
Melhor altura = 571

Lower Bound 1 = 454
Lower Bound 2 = 138
Avaliação = 1.25771

Tempo de execução: 60.0038s

---------------------------

Largura da faixa = 88
Melhor altura = 568

Lower Bound 1 = 454
Lower Bound 2 = 138
Avaliação = 1.2511

Tempo de execução: 60.0061s

---------------------------

