Largura da faixa = 131
Melhor altura = 363

Lower Bound 1 = 305
Lower Bound 2 = 191
Avaliação = 1.19016

Tempo de execução: 60.0001s

---------------------------

Largura da faixa = 131
Melhor altura = 356

Lower Bound 1 = 305
Lower Bound 2 = 191
Avaliação = 1.16721

Tempo de execução: 60.0004s

---------------------------

Largura da faixa = 131
Melhor altura = 369

Lower Bound 1 = 305
Lower Bound 2 = 191
Avaliação = 1.20984

Tempo de execução: 60.0007s

---------------------------

Largura da faixa = 131
Melhor altura = 364

Lower Bound 1 = 305
Lower Bound 2 = 191
Avaliação = 1.19344

Tempo de execução: 60.0003s

---------------------------

Largura da faixa = 131
Melhor altura = 355

Lower Bound 1 = 305
Lower Bound 2 = 191
Avaliação = 1.16393

Tempo de execução: 60s

---------------------------

Largura da faixa = 131
Melhor altura = 361

Lower Bound 1 = 305
Lower Bound 2 = 191
Avaliação = 1.18361

Tempo de execução: 60.0008s

---------------------------

Largura da faixa = 131
Melhor altura = 361

Lower Bound 1 = 305
Lower Bound 2 = 191
Avaliação = 1.18361

Tempo de execução: 60.0003s

---------------------------

Largura da faixa = 131
Melhor altura = 365

Lower Bound 1 = 305
Lower Bound 2 = 191
Avaliação = 1.19672

Tempo de execução: 60.0011s

---------------------------

Largura da faixa = 131
Melhor altura = 365

Lower Bound 1 = 305
Lower Bound 2 = 191
Avaliação = 1.19672

Tempo de execução: 60.0026s

---------------------------

Largura da faixa = 131
Melhor altura = 361

Lower Bound 1 = 305
Lower Bound 2 = 191
Avaliação = 1.18361

Tempo de execução: 60.0001s

---------------------------

Largura da faixa = 131
Melhor altura = 360

Lower Bound 1 = 305
Lower Bound 2 = 191
Avaliação = 1.18033

Tempo de execução: 60.0005s

---------------------------

Largura da faixa = 131
Melhor altura = 361

Lower Bound 1 = 305
Lower Bound 2 = 191
Avaliação = 1.18361

Tempo de execução: 60.0017s

---------------------------

Largura da faixa = 131
Melhor altura = 361

Lower Bound 1 = 305
Lower Bound 2 = 191
Avaliação = 1.18361

Tempo de execução: 60.0004s

---------------------------

Largura da faixa = 131
Melhor altura = 366

Lower Bound 1 = 305
Lower Bound 2 = 191
Avaliação = 1.2

Tempo de execução: 60.0006s

---------------------------

Largura da faixa = 131
Melhor altura = 356

Lower Bound 1 = 305
Lower Bound 2 = 191
Avaliação = 1.16721

Tempo de execução: 60.0009s

---------------------------

Largura da faixa = 131
Melhor altura = 361

Lower Bound 1 = 305
Lower Bound 2 = 191
Avaliação = 1.18361

Tempo de execução: 60.0004s

---------------------------

Largura da faixa = 131
Melhor altura = 355

Lower Bound 1 = 305
Lower Bound 2 = 191
Avaliação = 1.16393

Tempo de execução: 60s

---------------------------

Largura da faixa = 131
Melhor altura = 362

Lower Bound 1 = 305
Lower Bound 2 = 191
Avaliação = 1.18689

Tempo de execução: 60.0009s

---------------------------

Largura da faixa = 131
Melhor altura = 362

Lower Bound 1 = 305
Lower Bound 2 = 191
Avaliação = 1.18689

Tempo de execução: 60.0002s

---------------------------

Largura da faixa = 131
Melhor altura = 365

Lower Bound 1 = 305
Lower Bound 2 = 191
Avaliação = 1.19672

Tempo de execução: 60.0001s

---------------------------

