Largura da faixa = 91
Melhor altura = 517

Lower Bound 1 = 439
Lower Bound 2 = 329
Avaliação = 1.17768

Tempo de execução: 60.0009s

---------------------------

Largura da faixa = 91
Melhor altura = 514

Lower Bound 1 = 439
Lower Bound 2 = 329
Avaliação = 1.17084

Tempo de execução: 60.0017s

---------------------------

Largura da faixa = 91
Melhor altura = 526

Lower Bound 1 = 439
Lower Bound 2 = 329
Avaliação = 1.19818

Tempo de execução: 60.001s

---------------------------

Largura da faixa = 91
Melhor altura = 523

Lower Bound 1 = 439
Lower Bound 2 = 329
Avaliação = 1.19134

Tempo de execução: 60.0008s

---------------------------

Largura da faixa = 91
Melhor altura = 521

Lower Bound 1 = 439
Lower Bound 2 = 329
Avaliação = 1.18679

Tempo de execução: 60.0003s

---------------------------

Largura da faixa = 91
Melhor altura = 526

Lower Bound 1 = 439
Lower Bound 2 = 329
Avaliação = 1.19818

Tempo de execução: 60.0045s

---------------------------

Largura da faixa = 91
Melhor altura = 517

Lower Bound 1 = 439
Lower Bound 2 = 329
Avaliação = 1.17768

Tempo de execução: 60.0006s

---------------------------

Largura da faixa = 91
Melhor altura = 523

Lower Bound 1 = 439
Lower Bound 2 = 329
Avaliação = 1.19134

Tempo de execução: 60.0015s

---------------------------

Largura da faixa = 91
Melhor altura = 528

Lower Bound 1 = 439
Lower Bound 2 = 329
Avaliação = 1.20273

Tempo de execução: 60.0019s

---------------------------

Largura da faixa = 91
Melhor altura = 522

Lower Bound 1 = 439
Lower Bound 2 = 329
Avaliação = 1.18907

Tempo de execução: 60.0008s

---------------------------

Largura da faixa = 91
Melhor altura = 513

Lower Bound 1 = 439
Lower Bound 2 = 329
Avaliação = 1.16856

Tempo de execução: 60.0005s

---------------------------

Largura da faixa = 91
Melhor altura = 521

Lower Bound 1 = 439
Lower Bound 2 = 329
Avaliação = 1.18679

Tempo de execução: 60.0008s

---------------------------

Largura da faixa = 91
Melhor altura = 520

Lower Bound 1 = 439
Lower Bound 2 = 329
Avaliação = 1.18451

Tempo de execução: 60.0005s

---------------------------

Largura da faixa = 91
Melhor altura = 522

Lower Bound 1 = 439
Lower Bound 2 = 329
Avaliação = 1.18907

Tempo de execução: 60.0004s

---------------------------

Largura da faixa = 91
Melhor altura = 525

Lower Bound 1 = 439
Lower Bound 2 = 329
Avaliação = 1.1959

Tempo de execução: 60.0002s

---------------------------

Largura da faixa = 91
Melhor altura = 522

Lower Bound 1 = 439
Lower Bound 2 = 329
Avaliação = 1.18907

Tempo de execução: 60.0003s

---------------------------

Largura da faixa = 91
Melhor altura = 518

Lower Bound 1 = 439
Lower Bound 2 = 329
Avaliação = 1.17995

Tempo de execução: 60.0006s

---------------------------

Largura da faixa = 91
Melhor altura = 521

Lower Bound 1 = 439
Lower Bound 2 = 329
Avaliação = 1.18679

Tempo de execução: 60.0045s

---------------------------

Largura da faixa = 91
Melhor altura = 523

Lower Bound 1 = 439
Lower Bound 2 = 329
Avaliação = 1.19134

Tempo de execução: 60.0002s

---------------------------

Largura da faixa = 91
Melhor altura = 527

Lower Bound 1 = 439
Lower Bound 2 = 329
Avaliação = 1.20046

Tempo de execução: 60.0016s

---------------------------

