Largura da faixa = 119
Melhor altura = 376

Lower Bound 1 = 336
Lower Bound 2 = 200
Avaliação = 1.11905

Tempo de execução: 60.0002s

---------------------------

Largura da faixa = 119
Melhor altura = 381

Lower Bound 1 = 336
Lower Bound 2 = 200
Avaliação = 1.13393

Tempo de execução: 60.0006s

---------------------------

Largura da faixa = 119
Melhor altura = 377

Lower Bound 1 = 336
Lower Bound 2 = 200
Avaliação = 1.12202

Tempo de execução: 60.0006s

---------------------------

Largura da faixa = 119
Melhor altura = 376

Lower Bound 1 = 336
Lower Bound 2 = 200
Avaliação = 1.11905

Tempo de execução: 60s

---------------------------

Largura da faixa = 119
Melhor altura = 376

Lower Bound 1 = 336
Lower Bound 2 = 200
Avaliação = 1.11905

Tempo de execução: 60.0003s

---------------------------

Largura da faixa = 119
Melhor altura = 376

Lower Bound 1 = 336
Lower Bound 2 = 200
Avaliação = 1.11905

Tempo de execução: 60.0005s

---------------------------

Largura da faixa = 119
Melhor altura = 378

Lower Bound 1 = 336
Lower Bound 2 = 200
Avaliação = 1.125

Tempo de execução: 60.0002s

---------------------------

Largura da faixa = 119
Melhor altura = 376

Lower Bound 1 = 336
Lower Bound 2 = 200
Avaliação = 1.11905

Tempo de execução: 60.0001s

---------------------------

Largura da faixa = 119
Melhor altura = 378

Lower Bound 1 = 336
Lower Bound 2 = 200
Avaliação = 1.125

Tempo de execução: 60.0003s

---------------------------

Largura da faixa = 119
Melhor altura = 376

Lower Bound 1 = 336
Lower Bound 2 = 200
Avaliação = 1.11905

Tempo de execução: 60.0002s

---------------------------

Largura da faixa = 119
Melhor altura = 376

Lower Bound 1 = 336
Lower Bound 2 = 200
Avaliação = 1.11905

Tempo de execução: 60.0002s

---------------------------

Largura da faixa = 119
Melhor altura = 376

Lower Bound 1 = 336
Lower Bound 2 = 200
Avaliação = 1.11905

Tempo de execução: 60s

---------------------------

Largura da faixa = 119
Melhor altura = 385

Lower Bound 1 = 336
Lower Bound 2 = 200
Avaliação = 1.14583

Tempo de execução: 60.0001s

---------------------------

Largura da faixa = 119
Melhor altura = 376

Lower Bound 1 = 336
Lower Bound 2 = 200
Avaliação = 1.11905

Tempo de execução: 60s

---------------------------

Largura da faixa = 119
Melhor altura = 374

Lower Bound 1 = 336
Lower Bound 2 = 200
Avaliação = 1.1131

Tempo de execução: 60.0001s

---------------------------

Largura da faixa = 119
Melhor altura = 374

Lower Bound 1 = 336
Lower Bound 2 = 200
Avaliação = 1.1131

Tempo de execução: 60.0002s

---------------------------

Largura da faixa = 119
Melhor altura = 391

Lower Bound 1 = 336
Lower Bound 2 = 200
Avaliação = 1.16369

Tempo de execução: 60s

---------------------------

Largura da faixa = 119
Melhor altura = 376

Lower Bound 1 = 336
Lower Bound 2 = 200
Avaliação = 1.11905

Tempo de execução: 60.0006s

---------------------------

Largura da faixa = 119
Melhor altura = 376

Lower Bound 1 = 336
Lower Bound 2 = 200
Avaliação = 1.11905

Tempo de execução: 60.0001s

---------------------------

Largura da faixa = 119
Melhor altura = 378

Lower Bound 1 = 336
Lower Bound 2 = 200
Avaliação = 1.125

Tempo de execução: 60.0004s

---------------------------

