Largura da faixa = 96
Melhor altura = 520

Lower Bound 1 = 416
Lower Bound 2 = 358
Avaliação = 1.25

Tempo de execução: 60.0028s

---------------------------

Largura da faixa = 96
Melhor altura = 520

Lower Bound 1 = 416
Lower Bound 2 = 358
Avaliação = 1.25

Tempo de execução: 60.001s

---------------------------

Largura da faixa = 96
Melhor altura = 521

Lower Bound 1 = 416
Lower Bound 2 = 358
Avaliação = 1.2524

Tempo de execução: 60.0054s

---------------------------

Largura da faixa = 96
Melhor altura = 510

Lower Bound 1 = 416
Lower Bound 2 = 358
Avaliação = 1.22596

Tempo de execução: 60.0029s

---------------------------

Largura da faixa = 96
Melhor altura = 515

Lower Bound 1 = 416
Lower Bound 2 = 358
Avaliação = 1.23798

Tempo de execução: 60.0006s

---------------------------

Largura da faixa = 96
Melhor altura = 517

Lower Bound 1 = 416
Lower Bound 2 = 358
Avaliação = 1.24279

Tempo de execução: 60.0035s

---------------------------

Largura da faixa = 96
Melhor altura = 522

Lower Bound 1 = 416
Lower Bound 2 = 358
Avaliação = 1.25481

Tempo de execução: 60.0001s

---------------------------

Largura da faixa = 96
Melhor altura = 508

Lower Bound 1 = 416
Lower Bound 2 = 358
Avaliação = 1.22115

Tempo de execução: 60.001s

---------------------------

Largura da faixa = 96
Melhor altura = 511

Lower Bound 1 = 416
Lower Bound 2 = 358
Avaliação = 1.22837

Tempo de execução: 60.0047s

---------------------------

Largura da faixa = 96
Melhor altura = 506

Lower Bound 1 = 416
Lower Bound 2 = 358
Avaliação = 1.21635

Tempo de execução: 60.0001s

---------------------------

Largura da faixa = 96
Melhor altura = 499

Lower Bound 1 = 416
Lower Bound 2 = 358
Avaliação = 1.19952

Tempo de execução: 60.0002s

---------------------------

Largura da faixa = 96
Melhor altura = 521

Lower Bound 1 = 416
Lower Bound 2 = 358
Avaliação = 1.2524

Tempo de execução: 60.0021s

---------------------------

Largura da faixa = 96
Melhor altura = 527

Lower Bound 1 = 416
Lower Bound 2 = 358
Avaliação = 1.26683

Tempo de execução: 60.0002s

---------------------------

Largura da faixa = 96
Melhor altura = 522

Lower Bound 1 = 416
Lower Bound 2 = 358
Avaliação = 1.25481

Tempo de execução: 60.0001s

---------------------------

Largura da faixa = 96
Melhor altura = 522

Lower Bound 1 = 416
Lower Bound 2 = 358
Avaliação = 1.25481

Tempo de execução: 60.0017s

---------------------------

Largura da faixa = 96
Melhor altura = 523

Lower Bound 1 = 416
Lower Bound 2 = 358
Avaliação = 1.25721

Tempo de execução: 60.0011s

---------------------------

Largura da faixa = 96
Melhor altura = 503

Lower Bound 1 = 416
Lower Bound 2 = 358
Avaliação = 1.20913

Tempo de execução: 60.0019s

---------------------------

Largura da faixa = 96
Melhor altura = 507

Lower Bound 1 = 416
Lower Bound 2 = 358
Avaliação = 1.21875

Tempo de execução: 60.0025s

---------------------------

Largura da faixa = 96
Melhor altura = 514

Lower Bound 1 = 416
Lower Bound 2 = 358
Avaliação = 1.23558

Tempo de execução: 60.0024s

---------------------------

Largura da faixa = 96
Melhor altura = 520

Lower Bound 1 = 416
Lower Bound 2 = 358
Avaliação = 1.25

Tempo de execução: 60.0015s

---------------------------

