Largura da faixa = 146
Melhor altura = 371

Lower Bound 1 = 273
Lower Bound 2 = 318
Avaliação = 1.16667

Tempo de execução: 60s

---------------------------

Largura da faixa = 146
Melhor altura = 371

Lower Bound 1 = 273
Lower Bound 2 = 318
Avaliação = 1.16667

Tempo de execução: 60.0001s

---------------------------

Largura da faixa = 146
Melhor altura = 371

Lower Bound 1 = 273
Lower Bound 2 = 318
Avaliação = 1.16667

Tempo de execução: 60s

---------------------------

Largura da faixa = 146
Melhor altura = 371

Lower Bound 1 = 273
Lower Bound 2 = 318
Avaliação = 1.16667

Tempo de execução: 60s

---------------------------

Largura da faixa = 146
Melhor altura = 371

Lower Bound 1 = 273
Lower Bound 2 = 318
Avaliação = 1.16667

Tempo de execução: 60.0001s

---------------------------

Largura da faixa = 146
Melhor altura = 371

Lower Bound 1 = 273
Lower Bound 2 = 318
Avaliação = 1.16667

Tempo de execução: 60s

---------------------------

Largura da faixa = 146
Melhor altura = 371

Lower Bound 1 = 273
Lower Bound 2 = 318
Avaliação = 1.16667

Tempo de execução: 60s

---------------------------

Largura da faixa = 146
Melhor altura = 371

Lower Bound 1 = 273
Lower Bound 2 = 318
Avaliação = 1.16667

Tempo de execução: 60s

---------------------------

Largura da faixa = 146
Melhor altura = 371

Lower Bound 1 = 273
Lower Bound 2 = 318
Avaliação = 1.16667

Tempo de execução: 60s

---------------------------

Largura da faixa = 146
Melhor altura = 371

Lower Bound 1 = 273
Lower Bound 2 = 318
Avaliação = 1.16667

Tempo de execução: 60.0001s

---------------------------

Largura da faixa = 146
Melhor altura = 371

Lower Bound 1 = 273
Lower Bound 2 = 318
Avaliação = 1.16667

Tempo de execução: 60s

---------------------------

Largura da faixa = 146
Melhor altura = 371

Lower Bound 1 = 273
Lower Bound 2 = 318
Avaliação = 1.16667

Tempo de execução: 60.0001s

---------------------------

Largura da faixa = 146
Melhor altura = 371

Lower Bound 1 = 273
Lower Bound 2 = 318
Avaliação = 1.16667

Tempo de execução: 60s

---------------------------

Largura da faixa = 146
Melhor altura = 371

Lower Bound 1 = 273
Lower Bound 2 = 318
Avaliação = 1.16667

Tempo de execução: 60.0001s

---------------------------

Largura da faixa = 146
Melhor altura = 371

Lower Bound 1 = 273
Lower Bound 2 = 318
Avaliação = 1.16667

Tempo de execução: 60s

---------------------------

Largura da faixa = 146
Melhor altura = 371

Lower Bound 1 = 273
Lower Bound 2 = 318
Avaliação = 1.16667

Tempo de execução: 60.0001s

---------------------------

Largura da faixa = 146
Melhor altura = 371

Lower Bound 1 = 273
Lower Bound 2 = 318
Avaliação = 1.16667

Tempo de execução: 60s

---------------------------

Largura da faixa = 146
Melhor altura = 371

Lower Bound 1 = 273
Lower Bound 2 = 318
Avaliação = 1.16667

Tempo de execução: 60s

---------------------------

Largura da faixa = 146
Melhor altura = 371

Lower Bound 1 = 273
Lower Bound 2 = 318
Avaliação = 1.16667

Tempo de execução: 60.0001s

---------------------------

Largura da faixa = 146
Melhor altura = 371

Lower Bound 1 = 273
Lower Bound 2 = 318
Avaliação = 1.16667

Tempo de execução: 60.0001s

---------------------------

