Largura da faixa = 97
Melhor altura = 495

Lower Bound 1 = 412
Lower Bound 2 = 246
Avaliação = 1.20146

Tempo de execução: 60.0012s

---------------------------

Largura da faixa = 97
Melhor altura = 485

Lower Bound 1 = 412
Lower Bound 2 = 246
Avaliação = 1.17718

Tempo de execução: 60.002s

---------------------------

Largura da faixa = 97
Melhor altura = 487

Lower Bound 1 = 412
Lower Bound 2 = 246
Avaliação = 1.18204

Tempo de execução: 60.0051s

---------------------------

Largura da faixa = 97
Melhor altura = 490

Lower Bound 1 = 412
Lower Bound 2 = 246
Avaliação = 1.18932

Tempo de execução: 60s

---------------------------

Largura da faixa = 97
Melhor altura = 493

Lower Bound 1 = 412
Lower Bound 2 = 246
Avaliação = 1.1966

Tempo de execução: 60.0022s

---------------------------

Largura da faixa = 97
Melhor altura = 495

Lower Bound 1 = 412
Lower Bound 2 = 246
Avaliação = 1.20146

Tempo de execução: 60.0003s

---------------------------

Largura da faixa = 97
Melhor altura = 488

Lower Bound 1 = 412
Lower Bound 2 = 246
Avaliação = 1.18447

Tempo de execução: 60.0005s

---------------------------

Largura da faixa = 97
Melhor altura = 484

Lower Bound 1 = 412
Lower Bound 2 = 246
Avaliação = 1.17476

Tempo de execução: 60.0008s

---------------------------

Largura da faixa = 97
Melhor altura = 488

Lower Bound 1 = 412
Lower Bound 2 = 246
Avaliação = 1.18447

Tempo de execução: 60.0008s

---------------------------

Largura da faixa = 97
Melhor altura = 484

Lower Bound 1 = 412
Lower Bound 2 = 246
Avaliação = 1.17476

Tempo de execução: 60.0002s

---------------------------

Largura da faixa = 97
Melhor altura = 501

Lower Bound 1 = 412
Lower Bound 2 = 246
Avaliação = 1.21602

Tempo de execução: 60.0008s

---------------------------

Largura da faixa = 97
Melhor altura = 483

Lower Bound 1 = 412
Lower Bound 2 = 246
Avaliação = 1.17233

Tempo de execução: 60.0031s

---------------------------

Largura da faixa = 97
Melhor altura = 488

Lower Bound 1 = 412
Lower Bound 2 = 246
Avaliação = 1.18447

Tempo de execução: 60.0004s

---------------------------

Largura da faixa = 97
Melhor altura = 497

Lower Bound 1 = 412
Lower Bound 2 = 246
Avaliação = 1.20631

Tempo de execução: 60.0026s

---------------------------

Largura da faixa = 97
Melhor altura = 487

Lower Bound 1 = 412
Lower Bound 2 = 246
Avaliação = 1.18204

Tempo de execução: 60.0067s

---------------------------

Largura da faixa = 97
Melhor altura = 495

Lower Bound 1 = 412
Lower Bound 2 = 246
Avaliação = 1.20146

Tempo de execução: 60.0032s

---------------------------

Largura da faixa = 97
Melhor altura = 488

Lower Bound 1 = 412
Lower Bound 2 = 246
Avaliação = 1.18447

Tempo de execução: 60.0002s

---------------------------

Largura da faixa = 97
Melhor altura = 484

Lower Bound 1 = 412
Lower Bound 2 = 246
Avaliação = 1.17476

Tempo de execução: 60.0029s

---------------------------

Largura da faixa = 97
Melhor altura = 496

Lower Bound 1 = 412
Lower Bound 2 = 246
Avaliação = 1.20388

Tempo de execução: 60s

---------------------------

Largura da faixa = 97
Melhor altura = 492

Lower Bound 1 = 412
Lower Bound 2 = 246
Avaliação = 1.19417

Tempo de execução: 60.0003s

---------------------------

