Largura da faixa = 97
Melhor altura = 508

Lower Bound 1 = 412
Lower Bound 2 = 354
Avaliação = 1.23301

Tempo de execução: 60s

---------------------------

Largura da faixa = 97
Melhor altura = 508

Lower Bound 1 = 412
Lower Bound 2 = 354
Avaliação = 1.23301

Tempo de execução: 60.0002s

---------------------------

Largura da faixa = 97
Melhor altura = 508

Lower Bound 1 = 412
Lower Bound 2 = 354
Avaliação = 1.23301

Tempo de execução: 60.0004s

---------------------------

Largura da faixa = 97
Melhor altura = 508

Lower Bound 1 = 412
Lower Bound 2 = 354
Avaliação = 1.23301

Tempo de execução: 60.0001s

---------------------------

Largura da faixa = 97
Melhor altura = 508

Lower Bound 1 = 412
Lower Bound 2 = 354
Avaliação = 1.23301

Tempo de execução: 60.0001s

---------------------------

Largura da faixa = 97
Melhor altura = 508

Lower Bound 1 = 412
Lower Bound 2 = 354
Avaliação = 1.23301

Tempo de execução: 60.0004s

---------------------------

Largura da faixa = 97
Melhor altura = 508

Lower Bound 1 = 412
Lower Bound 2 = 354
Avaliação = 1.23301

Tempo de execução: 60s

---------------------------

Largura da faixa = 97
Melhor altura = 508

Lower Bound 1 = 412
Lower Bound 2 = 354
Avaliação = 1.23301

Tempo de execução: 60.0001s

---------------------------

Largura da faixa = 97
Melhor altura = 508

Lower Bound 1 = 412
Lower Bound 2 = 354
Avaliação = 1.23301

Tempo de execução: 60s

---------------------------

Largura da faixa = 97
Melhor altura = 508

Lower Bound 1 = 412
Lower Bound 2 = 354
Avaliação = 1.23301

Tempo de execução: 60s

---------------------------

Largura da faixa = 97
Melhor altura = 508

Lower Bound 1 = 412
Lower Bound 2 = 354
Avaliação = 1.23301

Tempo de execução: 60s

---------------------------

Largura da faixa = 97
Melhor altura = 508

Lower Bound 1 = 412
Lower Bound 2 = 354
Avaliação = 1.23301

Tempo de execução: 60.0001s

---------------------------

Largura da faixa = 97
Melhor altura = 508

Lower Bound 1 = 412
Lower Bound 2 = 354
Avaliação = 1.23301

Tempo de execução: 60.0003s

---------------------------

Largura da faixa = 97
Melhor altura = 508

Lower Bound 1 = 412
Lower Bound 2 = 354
Avaliação = 1.23301

Tempo de execução: 60s

---------------------------

Largura da faixa = 97
Melhor altura = 508

Lower Bound 1 = 412
Lower Bound 2 = 354
Avaliação = 1.23301

Tempo de execução: 60.0001s

---------------------------

Largura da faixa = 97
Melhor altura = 508

Lower Bound 1 = 412
Lower Bound 2 = 354
Avaliação = 1.23301

Tempo de execução: 60s

---------------------------

Largura da faixa = 97
Melhor altura = 508

Lower Bound 1 = 412
Lower Bound 2 = 354
Avaliação = 1.23301

Tempo de execução: 60s

---------------------------

Largura da faixa = 97
Melhor altura = 508

Lower Bound 1 = 412
Lower Bound 2 = 354
Avaliação = 1.23301

Tempo de execução: 60s

---------------------------

Largura da faixa = 97
Melhor altura = 508

Lower Bound 1 = 412
Lower Bound 2 = 354
Avaliação = 1.23301

Tempo de execução: 60s

---------------------------

Largura da faixa = 97
Melhor altura = 508

Lower Bound 1 = 412
Lower Bound 2 = 354
Avaliação = 1.23301

Tempo de execução: 60.0003s

---------------------------

