Largura da faixa = 120
Melhor altura = 371

Lower Bound 1 = 333
Lower Bound 2 = 335
Avaliação = 1.10746

Tempo de execução: 60.0001s

---------------------------

Largura da faixa = 120
Melhor altura = 382

Lower Bound 1 = 333
Lower Bound 2 = 335
Avaliação = 1.1403

Tempo de execução: 60.0001s

---------------------------

Largura da faixa = 120
Melhor altura = 380

Lower Bound 1 = 333
Lower Bound 2 = 335
Avaliação = 1.13433

Tempo de execução: 60.0001s

---------------------------

Largura da faixa = 120
Melhor altura = 376

Lower Bound 1 = 333
Lower Bound 2 = 335
Avaliação = 1.12239

Tempo de execução: 60.0001s

---------------------------

Largura da faixa = 120
Melhor altura = 380

Lower Bound 1 = 333
Lower Bound 2 = 335
Avaliação = 1.13433

Tempo de execução: 60.0002s

---------------------------

Largura da faixa = 120
Melhor altura = 383

Lower Bound 1 = 333
Lower Bound 2 = 335
Avaliação = 1.14328

Tempo de execução: 60.0002s

---------------------------

Largura da faixa = 120
Melhor altura = 380

Lower Bound 1 = 333
Lower Bound 2 = 335
Avaliação = 1.13433

Tempo de execução: 60s

---------------------------

Largura da faixa = 120
Melhor altura = 383

Lower Bound 1 = 333
Lower Bound 2 = 335
Avaliação = 1.14328

Tempo de execução: 60.0001s

---------------------------

Largura da faixa = 120
Melhor altura = 383

Lower Bound 1 = 333
Lower Bound 2 = 335
Avaliação = 1.14328

Tempo de execução: 60.0005s

---------------------------

Largura da faixa = 120
Melhor altura = 383

Lower Bound 1 = 333
Lower Bound 2 = 335
Avaliação = 1.14328

Tempo de execução: 60.0002s

---------------------------

Largura da faixa = 120
Melhor altura = 383

Lower Bound 1 = 333
Lower Bound 2 = 335
Avaliação = 1.14328

Tempo de execução: 60.0006s

---------------------------

Largura da faixa = 120
Melhor altura = 383

Lower Bound 1 = 333
Lower Bound 2 = 335
Avaliação = 1.14328

Tempo de execução: 60.0006s

---------------------------

Largura da faixa = 120
Melhor altura = 380

Lower Bound 1 = 333
Lower Bound 2 = 335
Avaliação = 1.13433

Tempo de execução: 60.0001s

---------------------------

Largura da faixa = 120
Melhor altura = 383

Lower Bound 1 = 333
Lower Bound 2 = 335
Avaliação = 1.14328

Tempo de execução: 60s

---------------------------

Largura da faixa = 120
Melhor altura = 383

Lower Bound 1 = 333
Lower Bound 2 = 335
Avaliação = 1.14328

Tempo de execução: 60.0004s

---------------------------

Largura da faixa = 120
Melhor altura = 379

Lower Bound 1 = 333
Lower Bound 2 = 335
Avaliação = 1.13134

Tempo de execução: 60.0001s

---------------------------

Largura da faixa = 120
Melhor altura = 380

Lower Bound 1 = 333
Lower Bound 2 = 335
Avaliação = 1.13433

Tempo de execução: 60.0001s

---------------------------

Largura da faixa = 120
Melhor altura = 383

Lower Bound 1 = 333
Lower Bound 2 = 335
Avaliação = 1.14328

Tempo de execução: 60.0002s

---------------------------

Largura da faixa = 120
Melhor altura = 383

Lower Bound 1 = 333
Lower Bound 2 = 335
Avaliação = 1.14328

Tempo de execução: 60.0001s

---------------------------

Largura da faixa = 120
Melhor altura = 383

Lower Bound 1 = 333
Lower Bound 2 = 335
Avaliação = 1.14328

Tempo de execução: 60.0005s

---------------------------

