Largura da faixa = 114
Melhor altura = 409

Lower Bound 1 = 350
Lower Bound 2 = 287
Avaliação = 1.16857

Tempo de execução: 60.0001s

---------------------------

Largura da faixa = 114
Melhor altura = 410

Lower Bound 1 = 350
Lower Bound 2 = 287
Avaliação = 1.17143

Tempo de execução: 60.0001s

---------------------------

Largura da faixa = 114
Melhor altura = 412

Lower Bound 1 = 350
Lower Bound 2 = 287
Avaliação = 1.17714

Tempo de execução: 60.0003s

---------------------------

Largura da faixa = 114
Melhor altura = 409

Lower Bound 1 = 350
Lower Bound 2 = 287
Avaliação = 1.16857

Tempo de execução: 60.0002s

---------------------------

Largura da faixa = 114
Melhor altura = 415

Lower Bound 1 = 350
Lower Bound 2 = 287
Avaliação = 1.18571

Tempo de execução: 60s

---------------------------

Largura da faixa = 114
Melhor altura = 416

Lower Bound 1 = 350
Lower Bound 2 = 287
Avaliação = 1.18857

Tempo de execução: 60.0002s

---------------------------

Largura da faixa = 114
Melhor altura = 409

Lower Bound 1 = 350
Lower Bound 2 = 287
Avaliação = 1.16857

Tempo de execução: 60s

---------------------------

Largura da faixa = 114
Melhor altura = 411

Lower Bound 1 = 350
Lower Bound 2 = 287
Avaliação = 1.17429

Tempo de execução: 60.0003s

---------------------------

Largura da faixa = 114
Melhor altura = 409

Lower Bound 1 = 350
Lower Bound 2 = 287
Avaliação = 1.16857

Tempo de execução: 60.0001s

---------------------------

Largura da faixa = 114
Melhor altura = 409

Lower Bound 1 = 350
Lower Bound 2 = 287
Avaliação = 1.16857

Tempo de execução: 60.0001s

---------------------------

Largura da faixa = 114
Melhor altura = 409

Lower Bound 1 = 350
Lower Bound 2 = 287
Avaliação = 1.16857

Tempo de execução: 60.0003s

---------------------------

Largura da faixa = 114
Melhor altura = 423

Lower Bound 1 = 350
Lower Bound 2 = 287
Avaliação = 1.20857

Tempo de execução: 60.0003s

---------------------------

Largura da faixa = 114
Melhor altura = 409

Lower Bound 1 = 350
Lower Bound 2 = 287
Avaliação = 1.16857

Tempo de execução: 60s

---------------------------

Largura da faixa = 114
Melhor altura = 409

Lower Bound 1 = 350
Lower Bound 2 = 287
Avaliação = 1.16857

Tempo de execução: 60.0001s

---------------------------

Largura da faixa = 114
Melhor altura = 411

Lower Bound 1 = 350
Lower Bound 2 = 287
Avaliação = 1.17429

Tempo de execução: 60.0003s

---------------------------

Largura da faixa = 114
Melhor altura = 409

Lower Bound 1 = 350
Lower Bound 2 = 287
Avaliação = 1.16857

Tempo de execução: 60s

---------------------------

Largura da faixa = 114
Melhor altura = 409

Lower Bound 1 = 350
Lower Bound 2 = 287
Avaliação = 1.16857

Tempo de execução: 60s

---------------------------

Largura da faixa = 114
Melhor altura = 409

Lower Bound 1 = 350
Lower Bound 2 = 287
Avaliação = 1.16857

Tempo de execução: 60.0002s

---------------------------

Largura da faixa = 114
Melhor altura = 409

Lower Bound 1 = 350
Lower Bound 2 = 287
Avaliação = 1.16857

Tempo de execução: 60s

---------------------------

Largura da faixa = 114
Melhor altura = 412

Lower Bound 1 = 350
Lower Bound 2 = 287
Avaliação = 1.17714

Tempo de execução: 60s

---------------------------

