Largura da faixa = 110
Melhor altura = 446

Lower Bound 1 = 363
Lower Bound 2 = 228
Avaliação = 1.22865

Tempo de execução: 60.001s

---------------------------

Largura da faixa = 110
Melhor altura = 445

Lower Bound 1 = 363
Lower Bound 2 = 228
Avaliação = 1.2259

Tempo de execução: 60.002s

---------------------------

Largura da faixa = 110
Melhor altura = 456

Lower Bound 1 = 363
Lower Bound 2 = 228
Avaliação = 1.2562

Tempo de execução: 60.0022s

---------------------------

Largura da faixa = 110
Melhor altura = 451

Lower Bound 1 = 363
Lower Bound 2 = 228
Avaliação = 1.24242

Tempo de execução: 60.0002s

---------------------------

Largura da faixa = 110
Melhor altura = 454

Lower Bound 1 = 363
Lower Bound 2 = 228
Avaliação = 1.25069

Tempo de execução: 60.0058s

---------------------------

Largura da faixa = 110
Melhor altura = 445

Lower Bound 1 = 363
Lower Bound 2 = 228
Avaliação = 1.2259

Tempo de execução: 60.002s

---------------------------

Largura da faixa = 110
Melhor altura = 453

Lower Bound 1 = 363
Lower Bound 2 = 228
Avaliação = 1.24793

Tempo de execução: 60.0118s

---------------------------

Largura da faixa = 110
Melhor altura = 457

Lower Bound 1 = 363
Lower Bound 2 = 228
Avaliação = 1.25895

Tempo de execução: 60.0115s

---------------------------

Largura da faixa = 110
Melhor altura = 452

Lower Bound 1 = 363
Lower Bound 2 = 228
Avaliação = 1.24518

Tempo de execução: 60.0133s

---------------------------

Largura da faixa = 110
Melhor altura = 439

Lower Bound 1 = 363
Lower Bound 2 = 228
Avaliação = 1.20937

Tempo de execução: 60.0082s

---------------------------

Largura da faixa = 110
Melhor altura = 451

Lower Bound 1 = 363
Lower Bound 2 = 228
Avaliação = 1.24242

Tempo de execução: 60.014s

---------------------------

Largura da faixa = 110
Melhor altura = 447

Lower Bound 1 = 363
Lower Bound 2 = 228
Avaliação = 1.2314

Tempo de execução: 60.0152s

---------------------------

Largura da faixa = 110
Melhor altura = 450

Lower Bound 1 = 363
Lower Bound 2 = 228
Avaliação = 1.23967

Tempo de execução: 60.0013s

---------------------------

Largura da faixa = 110
Melhor altura = 450

Lower Bound 1 = 363
Lower Bound 2 = 228
Avaliação = 1.23967

Tempo de execução: 60.0001s

---------------------------

Largura da faixa = 110
Melhor altura = 442

Lower Bound 1 = 363
Lower Bound 2 = 228
Avaliação = 1.21763

Tempo de execução: 60.0114s

---------------------------

Largura da faixa = 110
Melhor altura = 462

Lower Bound 1 = 363
Lower Bound 2 = 228
Avaliação = 1.27273

Tempo de execução: 60.001s

---------------------------

Largura da faixa = 110
Melhor altura = 453

Lower Bound 1 = 363
Lower Bound 2 = 228
Avaliação = 1.24793

Tempo de execução: 60.0016s

---------------------------

Largura da faixa = 110
Melhor altura = 437

Lower Bound 1 = 363
Lower Bound 2 = 228
Avaliação = 1.20386

Tempo de execução: 60.0127s

---------------------------

Largura da faixa = 110
Melhor altura = 454

Lower Bound 1 = 363
Lower Bound 2 = 228
Avaliação = 1.25069

Tempo de execução: 60.0076s

---------------------------

Largura da faixa = 110
Melhor altura = 448

Lower Bound 1 = 363
Lower Bound 2 = 228
Avaliação = 1.23416

Tempo de execução: 60.0093s

---------------------------

