Largura da faixa = 97
Melhor altura = 492

Lower Bound 1 = 412
Lower Bound 2 = 112
Avaliação = 1.19417

Tempo de execução: 60.0107s

---------------------------

Largura da faixa = 97
Melhor altura = 485

Lower Bound 1 = 412
Lower Bound 2 = 112
Avaliação = 1.17718

Tempo de execução: 60.0185s

---------------------------

Largura da faixa = 97
Melhor altura = 479

Lower Bound 1 = 412
Lower Bound 2 = 112
Avaliação = 1.16262

Tempo de execução: 60.0184s

---------------------------

Largura da faixa = 97
Melhor altura = 491

Lower Bound 1 = 412
Lower Bound 2 = 112
Avaliação = 1.19175

Tempo de execução: 60.0012s

---------------------------

Largura da faixa = 97
Melhor altura = 487

Lower Bound 1 = 412
Lower Bound 2 = 112
Avaliação = 1.18204

Tempo de execução: 60.0295s

---------------------------

Largura da faixa = 97
Melhor altura = 487

Lower Bound 1 = 412
Lower Bound 2 = 112
Avaliação = 1.18204

Tempo de execução: 60.0037s

---------------------------

Largura da faixa = 97
Melhor altura = 483

Lower Bound 1 = 412
Lower Bound 2 = 112
Avaliação = 1.17233

Tempo de execução: 60.0286s

---------------------------

Largura da faixa = 97
Melhor altura = 488

Lower Bound 1 = 412
Lower Bound 2 = 112
Avaliação = 1.18447

Tempo de execução: 60.0233s

---------------------------

Largura da faixa = 97
Melhor altura = 486

Lower Bound 1 = 412
Lower Bound 2 = 112
Avaliação = 1.17961

Tempo de execução: 60.0284s

---------------------------

Largura da faixa = 97
Melhor altura = 486

Lower Bound 1 = 412
Lower Bound 2 = 112
Avaliação = 1.17961

Tempo de execução: 60.0053s

---------------------------

Largura da faixa = 97
Melhor altura = 487

Lower Bound 1 = 412
Lower Bound 2 = 112
Avaliação = 1.18204

Tempo de execução: 60.014s

---------------------------

Largura da faixa = 97
Melhor altura = 487

Lower Bound 1 = 412
Lower Bound 2 = 112
Avaliação = 1.18204

Tempo de execução: 60.0141s

---------------------------

Largura da faixa = 97
Melhor altura = 490

Lower Bound 1 = 412
Lower Bound 2 = 112
Avaliação = 1.18932

Tempo de execução: 60.0001s

---------------------------

Largura da faixa = 97
Melhor altura = 485

Lower Bound 1 = 412
Lower Bound 2 = 112
Avaliação = 1.17718

Tempo de execução: 60.015s

---------------------------

Largura da faixa = 97
Melhor altura = 488

Lower Bound 1 = 412
Lower Bound 2 = 112
Avaliação = 1.18447

Tempo de execução: 60.0513s

---------------------------

Largura da faixa = 97
Melhor altura = 488

Lower Bound 1 = 412
Lower Bound 2 = 112
Avaliação = 1.18447

Tempo de execução: 60.0068s

---------------------------

Largura da faixa = 97
Melhor altura = 485

Lower Bound 1 = 412
Lower Bound 2 = 112
Avaliação = 1.17718

Tempo de execução: 60.0398s

---------------------------

Largura da faixa = 97
Melhor altura = 488

Lower Bound 1 = 412
Lower Bound 2 = 112
Avaliação = 1.18447

Tempo de execução: 60.0617s

---------------------------

Largura da faixa = 97
Melhor altura = 487

Lower Bound 1 = 412
Lower Bound 2 = 112
Avaliação = 1.18204

Tempo de execução: 60.0138s

---------------------------

Largura da faixa = 97
Melhor altura = 490

Lower Bound 1 = 412
Lower Bound 2 = 112
Avaliação = 1.18932

Tempo de execução: 60.0449s

---------------------------

