Largura da faixa = 115
Melhor altura = 407

Lower Bound 1 = 347
Lower Bound 2 = 244
Avaliação = 1.17291

Tempo de execução: 60.0008s

---------------------------

Largura da faixa = 115
Melhor altura = 410

Lower Bound 1 = 347
Lower Bound 2 = 244
Avaliação = 1.18156

Tempo de execução: 60.0003s

---------------------------

Largura da faixa = 115
Melhor altura = 412

Lower Bound 1 = 347
Lower Bound 2 = 244
Avaliação = 1.18732

Tempo de execução: 60.0007s

---------------------------

Largura da faixa = 115
Melhor altura = 408

Lower Bound 1 = 347
Lower Bound 2 = 244
Avaliação = 1.17579

Tempo de execução: 60.0011s

---------------------------

Largura da faixa = 115
Melhor altura = 411

Lower Bound 1 = 347
Lower Bound 2 = 244
Avaliação = 1.18444

Tempo de execução: 60.0012s

---------------------------

Largura da faixa = 115
Melhor altura = 411

Lower Bound 1 = 347
Lower Bound 2 = 244
Avaliação = 1.18444

Tempo de execução: 60.0008s

---------------------------

Largura da faixa = 115
Melhor altura = 403

Lower Bound 1 = 347
Lower Bound 2 = 244
Avaliação = 1.16138

Tempo de execução: 60.0004s

---------------------------

Largura da faixa = 115
Melhor altura = 407

Lower Bound 1 = 347
Lower Bound 2 = 244
Avaliação = 1.17291

Tempo de execução: 60.0005s

---------------------------

Largura da faixa = 115
Melhor altura = 402

Lower Bound 1 = 347
Lower Bound 2 = 244
Avaliação = 1.1585

Tempo de execução: 60.0003s

---------------------------

Largura da faixa = 115
Melhor altura = 404

Lower Bound 1 = 347
Lower Bound 2 = 244
Avaliação = 1.16427

Tempo de execução: 60.0002s

---------------------------

Largura da faixa = 115
Melhor altura = 406

Lower Bound 1 = 347
Lower Bound 2 = 244
Avaliação = 1.17003

Tempo de execução: 60.0007s

---------------------------

Largura da faixa = 115
Melhor altura = 400

Lower Bound 1 = 347
Lower Bound 2 = 244
Avaliação = 1.15274

Tempo de execução: 60.0019s

---------------------------

Largura da faixa = 115
Melhor altura = 402

Lower Bound 1 = 347
Lower Bound 2 = 244
Avaliação = 1.1585

Tempo de execução: 60.0002s

---------------------------

Largura da faixa = 115
Melhor altura = 401

Lower Bound 1 = 347
Lower Bound 2 = 244
Avaliação = 1.15562

Tempo de execução: 60s

---------------------------

Largura da faixa = 115
Melhor altura = 406

Lower Bound 1 = 347
Lower Bound 2 = 244
Avaliação = 1.17003

Tempo de execução: 60.0003s

---------------------------

Largura da faixa = 115
Melhor altura = 403

Lower Bound 1 = 347
Lower Bound 2 = 244
Avaliação = 1.16138

Tempo de execução: 60.0001s

---------------------------

Largura da faixa = 115
Melhor altura = 409

Lower Bound 1 = 347
Lower Bound 2 = 244
Avaliação = 1.17867

Tempo de execução: 60.0008s

---------------------------

Largura da faixa = 115
Melhor altura = 403

Lower Bound 1 = 347
Lower Bound 2 = 244
Avaliação = 1.16138

Tempo de execução: 60.0011s

---------------------------

Largura da faixa = 115
Melhor altura = 403

Lower Bound 1 = 347
Lower Bound 2 = 244
Avaliação = 1.16138

Tempo de execução: 60.0002s

---------------------------

Largura da faixa = 115
Melhor altura = 405

Lower Bound 1 = 347
Lower Bound 2 = 244
Avaliação = 1.16715

Tempo de execução: 60.0005s

---------------------------

