Largura da faixa = 91
Melhor altura = 517

Lower Bound 1 = 439
Lower Bound 2 = 355
Avaliação = 1.17768

Tempo de execução: 60.0006s

---------------------------

Largura da faixa = 91
Melhor altura = 511

Lower Bound 1 = 439
Lower Bound 2 = 355
Avaliação = 1.16401

Tempo de execução: 60.0026s

---------------------------

Largura da faixa = 91
Melhor altura = 515

Lower Bound 1 = 439
Lower Bound 2 = 355
Avaliação = 1.17312

Tempo de execução: 60.0008s

---------------------------

Largura da faixa = 91
Melhor altura = 512

Lower Bound 1 = 439
Lower Bound 2 = 355
Avaliação = 1.16629

Tempo de execução: 60.0002s

---------------------------

Largura da faixa = 91
Melhor altura = 496

Lower Bound 1 = 439
Lower Bound 2 = 355
Avaliação = 1.12984

Tempo de execução: 60.0002s

---------------------------

Largura da faixa = 91
Melhor altura = 525

Lower Bound 1 = 439
Lower Bound 2 = 355
Avaliação = 1.1959

Tempo de execução: 60.003s

---------------------------

Largura da faixa = 91
Melhor altura = 514

Lower Bound 1 = 439
Lower Bound 2 = 355
Avaliação = 1.17084

Tempo de execução: 60.001s

---------------------------

Largura da faixa = 91
Melhor altura = 508

Lower Bound 1 = 439
Lower Bound 2 = 355
Avaliação = 1.15718

Tempo de execução: 60.0032s

---------------------------

Largura da faixa = 91
Melhor altura = 524

Lower Bound 1 = 439
Lower Bound 2 = 355
Avaliação = 1.19362

Tempo de execução: 60.005s

---------------------------

Largura da faixa = 91
Melhor altura = 505

Lower Bound 1 = 439
Lower Bound 2 = 355
Avaliação = 1.15034

Tempo de execução: 60.0023s

---------------------------

Largura da faixa = 91
Melhor altura = 509

Lower Bound 1 = 439
Lower Bound 2 = 355
Avaliação = 1.15945

Tempo de execução: 60.0023s

---------------------------

Largura da faixa = 91
Melhor altura = 512

Lower Bound 1 = 439
Lower Bound 2 = 355
Avaliação = 1.16629

Tempo de execução: 60.0007s

---------------------------

Largura da faixa = 91
Melhor altura = 512

Lower Bound 1 = 439
Lower Bound 2 = 355
Avaliação = 1.16629

Tempo de execução: 60.0014s

---------------------------

Largura da faixa = 91
Melhor altura = 508

Lower Bound 1 = 439
Lower Bound 2 = 355
Avaliação = 1.15718

Tempo de execução: 60.0026s

---------------------------

Largura da faixa = 91
Melhor altura = 511

Lower Bound 1 = 439
Lower Bound 2 = 355
Avaliação = 1.16401

Tempo de execução: 60.0012s

---------------------------

Largura da faixa = 91
Melhor altura = 512

Lower Bound 1 = 439
Lower Bound 2 = 355
Avaliação = 1.16629

Tempo de execução: 60.0002s

---------------------------

Largura da faixa = 91
Melhor altura = 519

Lower Bound 1 = 439
Lower Bound 2 = 355
Avaliação = 1.18223

Tempo de execução: 60.0016s

---------------------------

Largura da faixa = 91
Melhor altura = 505

Lower Bound 1 = 439
Lower Bound 2 = 355
Avaliação = 1.15034

Tempo de execução: 60.0043s

---------------------------

Largura da faixa = 91
Melhor altura = 515

Lower Bound 1 = 439
Lower Bound 2 = 355
Avaliação = 1.17312

Tempo de execução: 60.001s

---------------------------

Largura da faixa = 91
Melhor altura = 510

Lower Bound 1 = 439
Lower Bound 2 = 355
Avaliação = 1.16173

Tempo de execução: 60.0043s

---------------------------

