Largura da faixa = 108
Melhor altura = 476

Lower Bound 1 = 370
Lower Bound 2 = 254
Avaliação = 1.28649

Tempo de execução: 60.0021s

---------------------------

Largura da faixa = 108
Melhor altura = 474

Lower Bound 1 = 370
Lower Bound 2 = 254
Avaliação = 1.28108

Tempo de execução: 60.0067s

---------------------------

Largura da faixa = 108
Melhor altura = 496

Lower Bound 1 = 370
Lower Bound 2 = 254
Avaliação = 1.34054

Tempo de execução: 60.0083s

---------------------------

Largura da faixa = 108
Melhor altura = 482

Lower Bound 1 = 370
Lower Bound 2 = 254
Avaliação = 1.3027

Tempo de execução: 60.0101s

---------------------------

Largura da faixa = 108
Melhor altura = 495

Lower Bound 1 = 370
Lower Bound 2 = 254
Avaliação = 1.33784

Tempo de execução: 60.0077s

---------------------------

Largura da faixa = 108
Melhor altura = 495

Lower Bound 1 = 370
Lower Bound 2 = 254
Avaliação = 1.33784

Tempo de execução: 60.015s

---------------------------

Largura da faixa = 108
Melhor altura = 503

Lower Bound 1 = 370
Lower Bound 2 = 254
Avaliação = 1.35946

Tempo de execução: 60.0021s

---------------------------

Largura da faixa = 108
Melhor altura = 479

Lower Bound 1 = 370
Lower Bound 2 = 254
Avaliação = 1.29459

Tempo de execução: 60.0006s

---------------------------

Largura da faixa = 108
Melhor altura = 487

Lower Bound 1 = 370
Lower Bound 2 = 254
Avaliação = 1.31622

Tempo de execução: 60.0164s

---------------------------

Largura da faixa = 108
Melhor altura = 480

Lower Bound 1 = 370
Lower Bound 2 = 254
Avaliação = 1.2973

Tempo de execução: 60.0003s

---------------------------

Largura da faixa = 108
Melhor altura = 484

Lower Bound 1 = 370
Lower Bound 2 = 254
Avaliação = 1.30811

Tempo de execução: 60.0015s

---------------------------

Largura da faixa = 108
Melhor altura = 450

Lower Bound 1 = 370
Lower Bound 2 = 254
Avaliação = 1.21622

Tempo de execução: 60.0072s

---------------------------

Largura da faixa = 108
Melhor altura = 497

Lower Bound 1 = 370
Lower Bound 2 = 254
Avaliação = 1.34324

Tempo de execução: 60.0043s

---------------------------

Largura da faixa = 108
Melhor altura = 509

Lower Bound 1 = 370
Lower Bound 2 = 254
Avaliação = 1.37568

Tempo de execução: 60.0009s

---------------------------

Largura da faixa = 108
Melhor altura = 484

Lower Bound 1 = 370
Lower Bound 2 = 254
Avaliação = 1.30811

Tempo de execução: 60.0173s

---------------------------

Largura da faixa = 108
Melhor altura = 484

Lower Bound 1 = 370
Lower Bound 2 = 254
Avaliação = 1.30811

Tempo de execução: 60.0013s

---------------------------

Largura da faixa = 108
Melhor altura = 484

Lower Bound 1 = 370
Lower Bound 2 = 254
Avaliação = 1.30811

Tempo de execução: 60.0117s

---------------------------

Largura da faixa = 108
Melhor altura = 505

Lower Bound 1 = 370
Lower Bound 2 = 254
Avaliação = 1.36486

Tempo de execução: 60.0187s

---------------------------

Largura da faixa = 108
Melhor altura = 483

Lower Bound 1 = 370
Lower Bound 2 = 254
Avaliação = 1.30541

Tempo de execução: 60.0012s

---------------------------

Largura da faixa = 108
Melhor altura = 481

Lower Bound 1 = 370
Lower Bound 2 = 254
Avaliação = 1.3

Tempo de execução: 60.005s

---------------------------

