Largura da faixa = 105
Melhor altura = 438

Lower Bound 1 = 380
Lower Bound 2 = 216
Avaliação = 1.15263

Tempo de execução: 60.0007s

---------------------------

Largura da faixa = 105
Melhor altura = 447

Lower Bound 1 = 380
Lower Bound 2 = 216
Avaliação = 1.17632

Tempo de execução: 60.0006s

---------------------------

Largura da faixa = 105
Melhor altura = 446

Lower Bound 1 = 380
Lower Bound 2 = 216
Avaliação = 1.17368

Tempo de execução: 60.0013s

---------------------------

Largura da faixa = 105
Melhor altura = 443

Lower Bound 1 = 380
Lower Bound 2 = 216
Avaliação = 1.16579

Tempo de execução: 60s

---------------------------

Largura da faixa = 105
Melhor altura = 449

Lower Bound 1 = 380
Lower Bound 2 = 216
Avaliação = 1.18158

Tempo de execução: 60.0006s

---------------------------

Largura da faixa = 105
Melhor altura = 446

Lower Bound 1 = 380
Lower Bound 2 = 216
Avaliação = 1.17368

Tempo de execução: 60.0002s

---------------------------

Largura da faixa = 105
Melhor altura = 446

Lower Bound 1 = 380
Lower Bound 2 = 216
Avaliação = 1.17368

Tempo de execução: 60.0003s

---------------------------

Largura da faixa = 105
Melhor altura = 446

Lower Bound 1 = 380
Lower Bound 2 = 216
Avaliação = 1.17368

Tempo de execução: 60.0011s

---------------------------

Largura da faixa = 105
Melhor altura = 449

Lower Bound 1 = 380
Lower Bound 2 = 216
Avaliação = 1.18158

Tempo de execução: 60.0008s

---------------------------

Largura da faixa = 105
Melhor altura = 450

Lower Bound 1 = 380
Lower Bound 2 = 216
Avaliação = 1.18421

Tempo de execução: 60s

---------------------------

Largura da faixa = 105
Melhor altura = 455

Lower Bound 1 = 380
Lower Bound 2 = 216
Avaliação = 1.19737

Tempo de execução: 60.0005s

---------------------------

Largura da faixa = 105
Melhor altura = 451

Lower Bound 1 = 380
Lower Bound 2 = 216
Avaliação = 1.18684

Tempo de execução: 60.0014s

---------------------------

Largura da faixa = 105
Melhor altura = 453

Lower Bound 1 = 380
Lower Bound 2 = 216
Avaliação = 1.19211

Tempo de execução: 60.0004s

---------------------------

Largura da faixa = 105
Melhor altura = 461

Lower Bound 1 = 380
Lower Bound 2 = 216
Avaliação = 1.21316

Tempo de execução: 60.0009s

---------------------------

Largura da faixa = 105
Melhor altura = 450

Lower Bound 1 = 380
Lower Bound 2 = 216
Avaliação = 1.18421

Tempo de execução: 60.0005s

---------------------------

Largura da faixa = 105
Melhor altura = 450

Lower Bound 1 = 380
Lower Bound 2 = 216
Avaliação = 1.18421

Tempo de execução: 60.0007s

---------------------------

Largura da faixa = 105
Melhor altura = 449

Lower Bound 1 = 380
Lower Bound 2 = 216
Avaliação = 1.18158

Tempo de execução: 60s

---------------------------

Largura da faixa = 105
Melhor altura = 447

Lower Bound 1 = 380
Lower Bound 2 = 216
Avaliação = 1.17632

Tempo de execução: 60.0011s

---------------------------

Largura da faixa = 105
Melhor altura = 449

Lower Bound 1 = 380
Lower Bound 2 = 216
Avaliação = 1.18158

Tempo de execução: 60.0002s

---------------------------

Largura da faixa = 105
Melhor altura = 449

Lower Bound 1 = 380
Lower Bound 2 = 216
Avaliação = 1.18158

Tempo de execução: 60.0003s

---------------------------

