Largura da faixa = 98
Melhor altura = 486

Lower Bound 1 = 408
Lower Bound 2 = 217
Avaliação = 1.19118

Tempo de execução: 60.0018s

---------------------------

Largura da faixa = 98
Melhor altura = 474

Lower Bound 1 = 408
Lower Bound 2 = 217
Avaliação = 1.16176

Tempo de execução: 60.0027s

---------------------------

Largura da faixa = 98
Melhor altura = 481

Lower Bound 1 = 408
Lower Bound 2 = 217
Avaliação = 1.17892

Tempo de execução: 60.008s

---------------------------

Largura da faixa = 98
Melhor altura = 486

Lower Bound 1 = 408
Lower Bound 2 = 217
Avaliação = 1.19118

Tempo de execução: 60.0007s

---------------------------

Largura da faixa = 98
Melhor altura = 484

Lower Bound 1 = 408
Lower Bound 2 = 217
Avaliação = 1.18627

Tempo de execução: 60.0011s

---------------------------

Largura da faixa = 98
Melhor altura = 479

Lower Bound 1 = 408
Lower Bound 2 = 217
Avaliação = 1.17402

Tempo de execução: 60.0028s

---------------------------

Largura da faixa = 98
Melhor altura = 490

Lower Bound 1 = 408
Lower Bound 2 = 217
Avaliação = 1.20098

Tempo de execução: 60.0009s

---------------------------

Largura da faixa = 98
Melhor altura = 478

Lower Bound 1 = 408
Lower Bound 2 = 217
Avaliação = 1.17157

Tempo de execução: 60.0004s

---------------------------

Largura da faixa = 98
Melhor altura = 489

Lower Bound 1 = 408
Lower Bound 2 = 217
Avaliação = 1.19853

Tempo de execução: 60.0059s

---------------------------

Largura da faixa = 98
Melhor altura = 479

Lower Bound 1 = 408
Lower Bound 2 = 217
Avaliação = 1.17402

Tempo de execução: 60.0018s

---------------------------

Largura da faixa = 98
Melhor altura = 477

Lower Bound 1 = 408
Lower Bound 2 = 217
Avaliação = 1.16912

Tempo de execução: 60.0048s

---------------------------

Largura da faixa = 98
Melhor altura = 490

Lower Bound 1 = 408
Lower Bound 2 = 217
Avaliação = 1.20098

Tempo de execução: 60.0099s

---------------------------

Largura da faixa = 98
Melhor altura = 489

Lower Bound 1 = 408
Lower Bound 2 = 217
Avaliação = 1.19853

Tempo de execução: 60.0027s

---------------------------

Largura da faixa = 98
Melhor altura = 488

Lower Bound 1 = 408
Lower Bound 2 = 217
Avaliação = 1.19608

Tempo de execução: 60.0042s

---------------------------

Largura da faixa = 98
Melhor altura = 490

Lower Bound 1 = 408
Lower Bound 2 = 217
Avaliação = 1.20098

Tempo de execução: 60.0026s

---------------------------

Largura da faixa = 98
Melhor altura = 465

Lower Bound 1 = 408
Lower Bound 2 = 217
Avaliação = 1.13971

Tempo de execução: 60.0002s

---------------------------

Largura da faixa = 98
Melhor altura = 490

Lower Bound 1 = 408
Lower Bound 2 = 217
Avaliação = 1.20098

Tempo de execução: 60.0004s

---------------------------

Largura da faixa = 98
Melhor altura = 486

Lower Bound 1 = 408
Lower Bound 2 = 217
Avaliação = 1.19118

Tempo de execução: 60.0003s

---------------------------

Largura da faixa = 98
Melhor altura = 485

Lower Bound 1 = 408
Lower Bound 2 = 217
Avaliação = 1.18873

Tempo de execução: 60.0038s

---------------------------

Largura da faixa = 98
Melhor altura = 486

Lower Bound 1 = 408
Lower Bound 2 = 217
Avaliação = 1.19118

Tempo de execução: 60.0029s

---------------------------

