Largura da faixa = 117
Melhor altura = 422

Lower Bound 1 = 341
Lower Bound 2 = 176
Avaliação = 1.23754

Tempo de execução: 60.0093s

---------------------------

Largura da faixa = 117
Melhor altura = 418

Lower Bound 1 = 341
Lower Bound 2 = 176
Avaliação = 1.22581

Tempo de execução: 60.0113s

---------------------------

Largura da faixa = 117
Melhor altura = 424

Lower Bound 1 = 341
Lower Bound 2 = 176
Avaliação = 1.2434

Tempo de execução: 60.0163s

---------------------------

Largura da faixa = 117
Melhor altura = 422

Lower Bound 1 = 341
Lower Bound 2 = 176
Avaliação = 1.23754

Tempo de execução: 60.003s

---------------------------

Largura da faixa = 117
Melhor altura = 437

Lower Bound 1 = 341
Lower Bound 2 = 176
Avaliação = 1.28152

Tempo de execução: 60.0002s

---------------------------

Largura da faixa = 117
Melhor altura = 434

Lower Bound 1 = 341
Lower Bound 2 = 176
Avaliação = 1.27273

Tempo de execução: 60.0104s

---------------------------

Largura da faixa = 117
Melhor altura = 430

Lower Bound 1 = 341
Lower Bound 2 = 176
Avaliação = 1.261

Tempo de execução: 60.0032s

---------------------------

Largura da faixa = 117
Melhor altura = 434

Lower Bound 1 = 341
Lower Bound 2 = 176
Avaliação = 1.27273

Tempo de execução: 60.0098s

---------------------------

Largura da faixa = 117
Melhor altura = 425

Lower Bound 1 = 341
Lower Bound 2 = 176
Avaliação = 1.24633

Tempo de execução: 60.0024s

---------------------------

Largura da faixa = 117
Melhor altura = 423

Lower Bound 1 = 341
Lower Bound 2 = 176
Avaliação = 1.24047

Tempo de execução: 60.0052s

---------------------------

Largura da faixa = 117
Melhor altura = 426

Lower Bound 1 = 341
Lower Bound 2 = 176
Avaliação = 1.24927

Tempo de execução: 60.0052s

---------------------------

Largura da faixa = 117
Melhor altura = 421

Lower Bound 1 = 341
Lower Bound 2 = 176
Avaliação = 1.2346

Tempo de execução: 60.0152s

---------------------------

Largura da faixa = 117
Melhor altura = 422

Lower Bound 1 = 341
Lower Bound 2 = 176
Avaliação = 1.23754

Tempo de execução: 60.0003s

---------------------------

Largura da faixa = 117
Melhor altura = 439

Lower Bound 1 = 341
Lower Bound 2 = 176
Avaliação = 1.28739

Tempo de execução: 60.0007s

---------------------------

Largura da faixa = 117
Melhor altura = 435

Lower Bound 1 = 341
Lower Bound 2 = 176
Avaliação = 1.27566

Tempo de execução: 60.0109s

---------------------------

Largura da faixa = 117
Melhor altura = 429

Lower Bound 1 = 341
Lower Bound 2 = 176
Avaliação = 1.25806

Tempo de execução: 60.004s

---------------------------

Largura da faixa = 117
Melhor altura = 416

Lower Bound 1 = 341
Lower Bound 2 = 176
Avaliação = 1.21994

Tempo de execução: 60.0037s

---------------------------

Largura da faixa = 117
Melhor altura = 414

Lower Bound 1 = 341
Lower Bound 2 = 176
Avaliação = 1.21408

Tempo de execução: 60.0015s

---------------------------

Largura da faixa = 117
Melhor altura = 428

Lower Bound 1 = 341
Lower Bound 2 = 176
Avaliação = 1.25513

Tempo de execução: 60.0022s

---------------------------

Largura da faixa = 117
Melhor altura = 424

Lower Bound 1 = 341
Lower Bound 2 = 176
Avaliação = 1.2434

Tempo de execução: 60.0061s

---------------------------

