Largura da faixa = 112
Melhor altura = 446

Lower Bound 1 = 357
Lower Bound 2 = 382
Avaliação = 1.16754

Tempo de execução: 60s

---------------------------

Largura da faixa = 112
Melhor altura = 446

Lower Bound 1 = 357
Lower Bound 2 = 382
Avaliação = 1.16754

Tempo de execução: 60s

---------------------------

Largura da faixa = 112
Melhor altura = 446

Lower Bound 1 = 357
Lower Bound 2 = 382
Avaliação = 1.16754

Tempo de execução: 60.0001s

---------------------------

Largura da faixa = 112
Melhor altura = 446

Lower Bound 1 = 357
Lower Bound 2 = 382
Avaliação = 1.16754

Tempo de execução: 60.0001s

---------------------------

Largura da faixa = 112
Melhor altura = 446

Lower Bound 1 = 357
Lower Bound 2 = 382
Avaliação = 1.16754

Tempo de execução: 60s

---------------------------

Largura da faixa = 112
Melhor altura = 446

Lower Bound 1 = 357
Lower Bound 2 = 382
Avaliação = 1.16754

Tempo de execução: 60s

---------------------------

Largura da faixa = 112
Melhor altura = 446

Lower Bound 1 = 357
Lower Bound 2 = 382
Avaliação = 1.16754

Tempo de execução: 60s

---------------------------

Largura da faixa = 112
Melhor altura = 446

Lower Bound 1 = 357
Lower Bound 2 = 382
Avaliação = 1.16754

Tempo de execução: 60.0002s

---------------------------

Largura da faixa = 112
Melhor altura = 446

Lower Bound 1 = 357
Lower Bound 2 = 382
Avaliação = 1.16754

Tempo de execução: 60.0002s

---------------------------

Largura da faixa = 112
Melhor altura = 446

Lower Bound 1 = 357
Lower Bound 2 = 382
Avaliação = 1.16754

Tempo de execução: 60.0001s

---------------------------

Largura da faixa = 112
Melhor altura = 446

Lower Bound 1 = 357
Lower Bound 2 = 382
Avaliação = 1.16754

Tempo de execução: 60.0001s

---------------------------

Largura da faixa = 112
Melhor altura = 446

Lower Bound 1 = 357
Lower Bound 2 = 382
Avaliação = 1.16754

Tempo de execução: 60s

---------------------------

Largura da faixa = 112
Melhor altura = 446

Lower Bound 1 = 357
Lower Bound 2 = 382
Avaliação = 1.16754

Tempo de execução: 60s

---------------------------

Largura da faixa = 112
Melhor altura = 446

Lower Bound 1 = 357
Lower Bound 2 = 382
Avaliação = 1.16754

Tempo de execução: 60.0001s

---------------------------

Largura da faixa = 112
Melhor altura = 446

Lower Bound 1 = 357
Lower Bound 2 = 382
Avaliação = 1.16754

Tempo de execução: 60.0001s

---------------------------

Largura da faixa = 112
Melhor altura = 446

Lower Bound 1 = 357
Lower Bound 2 = 382
Avaliação = 1.16754

Tempo de execução: 60s

---------------------------

Largura da faixa = 112
Melhor altura = 446

Lower Bound 1 = 357
Lower Bound 2 = 382
Avaliação = 1.16754

Tempo de execução: 60s

---------------------------

Largura da faixa = 112
Melhor altura = 446

Lower Bound 1 = 357
Lower Bound 2 = 382
Avaliação = 1.16754

Tempo de execução: 60s

---------------------------

Largura da faixa = 112
Melhor altura = 446

Lower Bound 1 = 357
Lower Bound 2 = 382
Avaliação = 1.16754

Tempo de execução: 60.0002s

---------------------------

Largura da faixa = 112
Melhor altura = 446

Lower Bound 1 = 357
Lower Bound 2 = 382
Avaliação = 1.16754

Tempo de execução: 60.0001s

---------------------------

