Largura da faixa = 75
Melhor altura = 687

Lower Bound 1 = 533
Lower Bound 2 = 325
Avaliação = 1.28893

Tempo de execução: 60.0053s

---------------------------

Largura da faixa = 75
Melhor altura = 685

Lower Bound 1 = 533
Lower Bound 2 = 325
Avaliação = 1.28518

Tempo de execução: 60.0112s

---------------------------

Largura da faixa = 75
Melhor altura = 689

Lower Bound 1 = 533
Lower Bound 2 = 325
Avaliação = 1.29268

Tempo de execução: 60.0117s

---------------------------

Largura da faixa = 75
Melhor altura = 691

Lower Bound 1 = 533
Lower Bound 2 = 325
Avaliação = 1.29644

Tempo de execução: 60.0016s

---------------------------

Largura da faixa = 75
Melhor altura = 699

Lower Bound 1 = 533
Lower Bound 2 = 325
Avaliação = 1.31144

Tempo de execução: 60.0022s

---------------------------

Largura da faixa = 75
Melhor altura = 683

Lower Bound 1 = 533
Lower Bound 2 = 325
Avaliação = 1.28143

Tempo de execução: 60.021s

---------------------------

Largura da faixa = 75
Melhor altura = 693

Lower Bound 1 = 533
Lower Bound 2 = 325
Avaliação = 1.30019

Tempo de execução: 60.005s

---------------------------

Largura da faixa = 75
Melhor altura = 692

Lower Bound 1 = 533
Lower Bound 2 = 325
Avaliação = 1.29831

Tempo de execução: 60.0074s

---------------------------

Largura da faixa = 75
Melhor altura = 679

Lower Bound 1 = 533
Lower Bound 2 = 325
Avaliação = 1.27392

Tempo de execução: 60.0535s

---------------------------

Largura da faixa = 75
Melhor altura = 695

Lower Bound 1 = 533
Lower Bound 2 = 325
Avaliação = 1.30394

Tempo de execução: 60.0232s

---------------------------

Largura da faixa = 75
Melhor altura = 677

Lower Bound 1 = 533
Lower Bound 2 = 325
Avaliação = 1.27017

Tempo de execução: 60.0127s

---------------------------

Largura da faixa = 75
Melhor altura = 699

Lower Bound 1 = 533
Lower Bound 2 = 325
Avaliação = 1.31144

Tempo de execução: 60.0213s

---------------------------

Largura da faixa = 75
Melhor altura = 698

Lower Bound 1 = 533
Lower Bound 2 = 325
Avaliação = 1.30957

Tempo de execução: 60.006s

---------------------------

Largura da faixa = 75
Melhor altura = 690

Lower Bound 1 = 533
Lower Bound 2 = 325
Avaliação = 1.29456

Tempo de execução: 60.0085s

---------------------------

Largura da faixa = 75
Melhor altura = 681

Lower Bound 1 = 533
Lower Bound 2 = 325
Avaliação = 1.27767

Tempo de execução: 60.0234s

---------------------------

Largura da faixa = 75
Melhor altura = 700

Lower Bound 1 = 533
Lower Bound 2 = 325
Avaliação = 1.31332

Tempo de execução: 60.0062s

---------------------------

Largura da faixa = 75
Melhor altura = 688

Lower Bound 1 = 533
Lower Bound 2 = 325
Avaliação = 1.29081

Tempo de execução: 60.017s

---------------------------

Largura da faixa = 75
Melhor altura = 691

Lower Bound 1 = 533
Lower Bound 2 = 325
Avaliação = 1.29644

Tempo de execução: 60.0056s

---------------------------

Largura da faixa = 75
Melhor altura = 697

Lower Bound 1 = 533
Lower Bound 2 = 325
Avaliação = 1.30769

Tempo de execução: 60.0155s

---------------------------

Largura da faixa = 75
Melhor altura = 684

Lower Bound 1 = 533
Lower Bound 2 = 325
Avaliação = 1.2833

Tempo de execução: 60.0233s

---------------------------

Largura da faixa = 75
Melhor altura = 685

Lower Bound 1 = 533
Lower Bound 2 = 325
Avaliação = 1.28518

Tempo de execução: 60.0079s

---------------------------

