Largura da faixa = 74
Melhor altura = 704

Lower Bound 1 = 540
Lower Bound 2 = 465
Avaliação = 1.3037

Tempo de execução: 60.0093s

---------------------------

Largura da faixa = 74
Melhor altura = 711

Lower Bound 1 = 540
Lower Bound 2 = 465
Avaliação = 1.31667

Tempo de execução: 60.0104s

---------------------------

Largura da faixa = 74
Melhor altura = 699

Lower Bound 1 = 540
Lower Bound 2 = 465
Avaliação = 1.29444

Tempo de execução: 60.0261s

---------------------------

Largura da faixa = 74
Melhor altura = 714

Lower Bound 1 = 540
Lower Bound 2 = 465
Avaliação = 1.32222

Tempo de execução: 60.006s

---------------------------

Largura da faixa = 74
Melhor altura = 715

Lower Bound 1 = 540
Lower Bound 2 = 465
Avaliação = 1.32407

Tempo de execução: 60.0132s

---------------------------

Largura da faixa = 74
Melhor altura = 705

Lower Bound 1 = 540
Lower Bound 2 = 465
Avaliação = 1.30556

Tempo de execução: 60.0116s

---------------------------

Largura da faixa = 74
Melhor altura = 703

Lower Bound 1 = 540
Lower Bound 2 = 465
Avaliação = 1.30185

Tempo de execução: 60.0003s

---------------------------

Largura da faixa = 74
Melhor altura = 710

Lower Bound 1 = 540
Lower Bound 2 = 465
Avaliação = 1.31481

Tempo de execução: 60.0004s

---------------------------

Largura da faixa = 74
Melhor altura = 686

Lower Bound 1 = 540
Lower Bound 2 = 465
Avaliação = 1.27037

Tempo de execução: 60.0094s

---------------------------

Largura da faixa = 74
Melhor altura = 697

Lower Bound 1 = 540
Lower Bound 2 = 465
Avaliação = 1.29074

Tempo de execução: 60.0067s

---------------------------

Largura da faixa = 74
Melhor altura = 702

Lower Bound 1 = 540
Lower Bound 2 = 465
Avaliação = 1.3

Tempo de execução: 60.0056s

---------------------------

Largura da faixa = 74
Melhor altura = 705

Lower Bound 1 = 540
Lower Bound 2 = 465
Avaliação = 1.30556

Tempo de execução: 60.0096s

---------------------------

Largura da faixa = 74
Melhor altura = 711

Lower Bound 1 = 540
Lower Bound 2 = 465
Avaliação = 1.31667

Tempo de execução: 60.0003s

---------------------------

Largura da faixa = 74
Melhor altura = 704

Lower Bound 1 = 540
Lower Bound 2 = 465
Avaliação = 1.3037

Tempo de execução: 60.0026s

---------------------------

Largura da faixa = 74
Melhor altura = 712

Lower Bound 1 = 540
Lower Bound 2 = 465
Avaliação = 1.31852

Tempo de execução: 60.0074s

---------------------------

Largura da faixa = 74
Melhor altura = 699

Lower Bound 1 = 540
Lower Bound 2 = 465
Avaliação = 1.29444

Tempo de execução: 60.0081s

---------------------------

Largura da faixa = 74
Melhor altura = 696

Lower Bound 1 = 540
Lower Bound 2 = 465
Avaliação = 1.28889

Tempo de execução: 60.0103s

---------------------------

Largura da faixa = 74
Melhor altura = 702

Lower Bound 1 = 540
Lower Bound 2 = 465
Avaliação = 1.3

Tempo de execução: 60.0094s

---------------------------

Largura da faixa = 74
Melhor altura = 704

Lower Bound 1 = 540
Lower Bound 2 = 465
Avaliação = 1.3037

Tempo de execução: 60.0028s

---------------------------

Largura da faixa = 74
Melhor altura = 701

Lower Bound 1 = 540
Lower Bound 2 = 465
Avaliação = 1.29815

Tempo de execução: 60.0047s

---------------------------

