Largura da faixa = 86
Melhor altura = 556

Lower Bound 1 = 465
Lower Bound 2 = 253
Avaliação = 1.1957

Tempo de execução: 60.0296s

---------------------------

Largura da faixa = 86
Melhor altura = 553

Lower Bound 1 = 465
Lower Bound 2 = 253
Avaliação = 1.18925

Tempo de execução: 60.0308s

---------------------------

Largura da faixa = 86
Melhor altura = 553

Lower Bound 1 = 465
Lower Bound 2 = 253
Avaliação = 1.18925

Tempo de execução: 60.0589s

---------------------------

Largura da faixa = 86
Melhor altura = 554

Lower Bound 1 = 465
Lower Bound 2 = 253
Avaliação = 1.1914

Tempo de execução: 60.0012s

---------------------------

Largura da faixa = 86
Melhor altura = 558

Lower Bound 1 = 465
Lower Bound 2 = 253
Avaliação = 1.2

Tempo de execução: 60.0032s

---------------------------

Largura da faixa = 86
Melhor altura = 553

Lower Bound 1 = 465
Lower Bound 2 = 253
Avaliação = 1.18925

Tempo de execução: 60.0139s

---------------------------

Largura da faixa = 86
Melhor altura = 557

Lower Bound 1 = 465
Lower Bound 2 = 253
Avaliação = 1.19785

Tempo de execução: 60.0013s

---------------------------

Largura da faixa = 86
Melhor altura = 557

Lower Bound 1 = 465
Lower Bound 2 = 253
Avaliação = 1.19785

Tempo de execução: 60.0057s

---------------------------

Largura da faixa = 86
Melhor altura = 553

Lower Bound 1 = 465
Lower Bound 2 = 253
Avaliação = 1.18925

Tempo de execução: 60.0436s

---------------------------

Largura da faixa = 86
Melhor altura = 554

Lower Bound 1 = 465
Lower Bound 2 = 253
Avaliação = 1.1914

Tempo de execução: 60.0009s

---------------------------

Largura da faixa = 86
Melhor altura = 547

Lower Bound 1 = 465
Lower Bound 2 = 253
Avaliação = 1.17634

Tempo de execução: 60.0167s

---------------------------

Largura da faixa = 86
Melhor altura = 551

Lower Bound 1 = 465
Lower Bound 2 = 253
Avaliação = 1.18495

Tempo de execução: 60.0371s

---------------------------

Largura da faixa = 86
Melhor altura = 555

Lower Bound 1 = 465
Lower Bound 2 = 253
Avaliação = 1.19355

Tempo de execução: 60.0257s

---------------------------

Largura da faixa = 86
Melhor altura = 551

Lower Bound 1 = 465
Lower Bound 2 = 253
Avaliação = 1.18495

Tempo de execução: 60.0243s

---------------------------

Largura da faixa = 86
Melhor altura = 558

Lower Bound 1 = 465
Lower Bound 2 = 253
Avaliação = 1.2

Tempo de execução: 60.0446s

---------------------------

Largura da faixa = 86
Melhor altura = 550

Lower Bound 1 = 465
Lower Bound 2 = 253
Avaliação = 1.1828

Tempo de execução: 60.0025s

---------------------------

Largura da faixa = 86
Melhor altura = 553

Lower Bound 1 = 465
Lower Bound 2 = 253
Avaliação = 1.18925

Tempo de execução: 60.0211s

---------------------------

Largura da faixa = 86
Melhor altura = 553

Lower Bound 1 = 465
Lower Bound 2 = 253
Avaliação = 1.18925

Tempo de execução: 60.0569s

---------------------------

Largura da faixa = 86
Melhor altura = 557

Lower Bound 1 = 465
Lower Bound 2 = 253
Avaliação = 1.19785

Tempo de execução: 60.0254s

---------------------------

Largura da faixa = 86
Melhor altura = 549

Lower Bound 1 = 465
Lower Bound 2 = 253
Avaliação = 1.18065

Tempo de execução: 60.0275s

---------------------------

