Largura da faixa = 161
Melhor altura = 301

Lower Bound 1 = 248
Lower Bound 2 = 231
Avaliação = 1.21371

Tempo de execução: 60s

---------------------------

Largura da faixa = 161
Melhor altura = 301

Lower Bound 1 = 248
Lower Bound 2 = 231
Avaliação = 1.21371

Tempo de execução: 60.0002s

---------------------------

Largura da faixa = 161
Melhor altura = 298

Lower Bound 1 = 248
Lower Bound 2 = 231
Avaliação = 1.20161

Tempo de execução: 60.0002s

---------------------------

Largura da faixa = 161
Melhor altura = 301

Lower Bound 1 = 248
Lower Bound 2 = 231
Avaliação = 1.21371

Tempo de execução: 60s

---------------------------

Largura da faixa = 161
Melhor altura = 301

Lower Bound 1 = 248
Lower Bound 2 = 231
Avaliação = 1.21371

Tempo de execução: 60s

---------------------------

Largura da faixa = 161
Melhor altura = 301

Lower Bound 1 = 248
Lower Bound 2 = 231
Avaliação = 1.21371

Tempo de execução: 60.0001s

---------------------------

Largura da faixa = 161
Melhor altura = 301

Lower Bound 1 = 248
Lower Bound 2 = 231
Avaliação = 1.21371

Tempo de execução: 60.0001s

---------------------------

Largura da faixa = 161
Melhor altura = 301

Lower Bound 1 = 248
Lower Bound 2 = 231
Avaliação = 1.21371

Tempo de execução: 60.0001s

---------------------------

Largura da faixa = 161
Melhor altura = 298

Lower Bound 1 = 248
Lower Bound 2 = 231
Avaliação = 1.20161

Tempo de execução: 60.0002s

---------------------------

Largura da faixa = 161
Melhor altura = 301

Lower Bound 1 = 248
Lower Bound 2 = 231
Avaliação = 1.21371

Tempo de execução: 60.0001s

---------------------------

Largura da faixa = 161
Melhor altura = 298

Lower Bound 1 = 248
Lower Bound 2 = 231
Avaliação = 1.20161

Tempo de execução: 60s

---------------------------

Largura da faixa = 161
Melhor altura = 298

Lower Bound 1 = 248
Lower Bound 2 = 231
Avaliação = 1.20161

Tempo de execução: 60.0001s

---------------------------

Largura da faixa = 161
Melhor altura = 301

Lower Bound 1 = 248
Lower Bound 2 = 231
Avaliação = 1.21371

Tempo de execução: 60s

---------------------------

Largura da faixa = 161
Melhor altura = 301

Lower Bound 1 = 248
Lower Bound 2 = 231
Avaliação = 1.21371

Tempo de execução: 60.0001s

---------------------------

Largura da faixa = 161
Melhor altura = 301

Lower Bound 1 = 248
Lower Bound 2 = 231
Avaliação = 1.21371

Tempo de execução: 60.0001s

---------------------------

Largura da faixa = 161
Melhor altura = 298

Lower Bound 1 = 248
Lower Bound 2 = 231
Avaliação = 1.20161

Tempo de execução: 60s

---------------------------

Largura da faixa = 161
Melhor altura = 298

Lower Bound 1 = 248
Lower Bound 2 = 231
Avaliação = 1.20161

Tempo de execução: 60.0001s

---------------------------

Largura da faixa = 161
Melhor altura = 301

Lower Bound 1 = 248
Lower Bound 2 = 231
Avaliação = 1.21371

Tempo de execução: 60.0001s

---------------------------

Largura da faixa = 161
Melhor altura = 301

Lower Bound 1 = 248
Lower Bound 2 = 231
Avaliação = 1.21371

Tempo de execução: 60s

---------------------------

Largura da faixa = 161
Melhor altura = 301

Lower Bound 1 = 248
Lower Bound 2 = 231
Avaliação = 1.21371

Tempo de execução: 60s

---------------------------

