Largura da faixa = 116
Melhor altura = 406

Lower Bound 1 = 344
Lower Bound 2 = 234
Avaliação = 1.18023

Tempo de execução: 60.002s

---------------------------

Largura da faixa = 116
Melhor altura = 419

Lower Bound 1 = 344
Lower Bound 2 = 234
Avaliação = 1.21802

Tempo de execução: 60.0036s

---------------------------

Largura da faixa = 116
Melhor altura = 393

Lower Bound 1 = 344
Lower Bound 2 = 234
Avaliação = 1.14244

Tempo de execução: 60.0027s

---------------------------

Largura da faixa = 116
Melhor altura = 409

Lower Bound 1 = 344
Lower Bound 2 = 234
Avaliação = 1.18895

Tempo de execução: 60.001s

---------------------------

Largura da faixa = 116
Melhor altura = 413

Lower Bound 1 = 344
Lower Bound 2 = 234
Avaliação = 1.20058

Tempo de execução: 60.0016s

---------------------------

Largura da faixa = 116
Melhor altura = 414

Lower Bound 1 = 344
Lower Bound 2 = 234
Avaliação = 1.20349

Tempo de execução: 60s

---------------------------

Largura da faixa = 116
Melhor altura = 415

Lower Bound 1 = 344
Lower Bound 2 = 234
Avaliação = 1.2064

Tempo de execução: 60.0015s

---------------------------

Largura da faixa = 116
Melhor altura = 391

Lower Bound 1 = 344
Lower Bound 2 = 234
Avaliação = 1.13663

Tempo de execução: 60.0006s

---------------------------

Largura da faixa = 116
Melhor altura = 409

Lower Bound 1 = 344
Lower Bound 2 = 234
Avaliação = 1.18895

Tempo de execução: 60.0067s

---------------------------

Largura da faixa = 116
Melhor altura = 410

Lower Bound 1 = 344
Lower Bound 2 = 234
Avaliação = 1.19186

Tempo de execução: 60.0003s

---------------------------

Largura da faixa = 116
Melhor altura = 419

Lower Bound 1 = 344
Lower Bound 2 = 234
Avaliação = 1.21802

Tempo de execução: 60.0059s

---------------------------

Largura da faixa = 116
Melhor altura = 414

Lower Bound 1 = 344
Lower Bound 2 = 234
Avaliação = 1.20349

Tempo de execução: 60.0076s

---------------------------

Largura da faixa = 116
Melhor altura = 413

Lower Bound 1 = 344
Lower Bound 2 = 234
Avaliação = 1.20058

Tempo de execução: 60.0039s

---------------------------

Largura da faixa = 116
Melhor altura = 419

Lower Bound 1 = 344
Lower Bound 2 = 234
Avaliação = 1.21802

Tempo de execução: 60.0007s

---------------------------

Largura da faixa = 116
Melhor altura = 406

Lower Bound 1 = 344
Lower Bound 2 = 234
Avaliação = 1.18023

Tempo de execução: 60.0038s

---------------------------

Largura da faixa = 116
Melhor altura = 411

Lower Bound 1 = 344
Lower Bound 2 = 234
Avaliação = 1.19477

Tempo de execução: 60.0021s

---------------------------

Largura da faixa = 116
Melhor altura = 417

Lower Bound 1 = 344
Lower Bound 2 = 234
Avaliação = 1.21221

Tempo de execução: 60.0013s

---------------------------

Largura da faixa = 116
Melhor altura = 411

Lower Bound 1 = 344
Lower Bound 2 = 234
Avaliação = 1.19477

Tempo de execução: 60.0008s

---------------------------

Largura da faixa = 116
Melhor altura = 417

Lower Bound 1 = 344
Lower Bound 2 = 234
Avaliação = 1.21221

Tempo de execução: 60.0115s

---------------------------

Largura da faixa = 116
Melhor altura = 406

Lower Bound 1 = 344
Lower Bound 2 = 234
Avaliação = 1.18023

Tempo de execução: 60.01s

---------------------------

