Largura da faixa = 116
Melhor altura = 416

Lower Bound 1 = 344
Lower Bound 2 = 226
Avaliação = 1.2093

Tempo de execução: 60.0027s

---------------------------

Largura da faixa = 116
Melhor altura = 418

Lower Bound 1 = 344
Lower Bound 2 = 226
Avaliação = 1.21512

Tempo de execução: 60.0024s

---------------------------

Largura da faixa = 116
Melhor altura = 428

Lower Bound 1 = 344
Lower Bound 2 = 226
Avaliação = 1.24419

Tempo de execução: 60.0024s

---------------------------

Largura da faixa = 116
Melhor altura = 433

Lower Bound 1 = 344
Lower Bound 2 = 226
Avaliação = 1.25872

Tempo de execução: 60.0034s

---------------------------

Largura da faixa = 116
Melhor altura = 409

Lower Bound 1 = 344
Lower Bound 2 = 226
Avaliação = 1.18895

Tempo de execução: 60.0016s

---------------------------

Largura da faixa = 116
Melhor altura = 415

Lower Bound 1 = 344
Lower Bound 2 = 226
Avaliação = 1.2064

Tempo de execução: 60.0095s

---------------------------

Largura da faixa = 116
Melhor altura = 413

Lower Bound 1 = 344
Lower Bound 2 = 226
Avaliação = 1.20058

Tempo de execução: 60.0029s

---------------------------

Largura da faixa = 116
Melhor altura = 419

Lower Bound 1 = 344
Lower Bound 2 = 226
Avaliação = 1.21802

Tempo de execução: 60.0015s

---------------------------

Largura da faixa = 116
Melhor altura = 414

Lower Bound 1 = 344
Lower Bound 2 = 226
Avaliação = 1.20349

Tempo de execução: 60.0107s

---------------------------

Largura da faixa = 116
Melhor altura = 419

Lower Bound 1 = 344
Lower Bound 2 = 226
Avaliação = 1.21802

Tempo de execução: 60.0037s

---------------------------

Largura da faixa = 116
Melhor altura = 428

Lower Bound 1 = 344
Lower Bound 2 = 226
Avaliação = 1.24419

Tempo de execução: 60.0004s

---------------------------

Largura da faixa = 116
Melhor altura = 419

Lower Bound 1 = 344
Lower Bound 2 = 226
Avaliação = 1.21802

Tempo de execução: 60.0006s

---------------------------

Largura da faixa = 116
Melhor altura = 425

Lower Bound 1 = 344
Lower Bound 2 = 226
Avaliação = 1.23547

Tempo de execução: 60.0003s

---------------------------

Largura da faixa = 116
Melhor altura = 424

Lower Bound 1 = 344
Lower Bound 2 = 226
Avaliação = 1.23256

Tempo de execução: 60.0043s

---------------------------

Largura da faixa = 116
Melhor altura = 417

Lower Bound 1 = 344
Lower Bound 2 = 226
Avaliação = 1.21221

Tempo de execução: 60.0072s

---------------------------

Largura da faixa = 116
Melhor altura = 433

Lower Bound 1 = 344
Lower Bound 2 = 226
Avaliação = 1.25872

Tempo de execução: 60.0058s

---------------------------

Largura da faixa = 116
Melhor altura = 425

Lower Bound 1 = 344
Lower Bound 2 = 226
Avaliação = 1.23547

Tempo de execução: 60.0034s

---------------------------

Largura da faixa = 116
Melhor altura = 423

Lower Bound 1 = 344
Lower Bound 2 = 226
Avaliação = 1.22965

Tempo de execução: 60.0037s

---------------------------

Largura da faixa = 116
Melhor altura = 415

Lower Bound 1 = 344
Lower Bound 2 = 226
Avaliação = 1.2064

Tempo de execução: 60.0021s

---------------------------

Largura da faixa = 116
Melhor altura = 423

Lower Bound 1 = 344
Lower Bound 2 = 226
Avaliação = 1.22965

Tempo de execução: 60.0017s

---------------------------

