Largura da faixa = 105
Melhor altura = 486

Lower Bound 1 = 380
Lower Bound 2 = 249
Avaliação = 1.27895

Tempo de execução: 60.0054s

---------------------------

Largura da faixa = 105
Melhor altura = 500

Lower Bound 1 = 380
Lower Bound 2 = 249
Avaliação = 1.31579

Tempo de execução: 60.0065s

---------------------------

Largura da faixa = 105
Melhor altura = 501

Lower Bound 1 = 380
Lower Bound 2 = 249
Avaliação = 1.31842

Tempo de execução: 60.0112s

---------------------------

Largura da faixa = 105
Melhor altura = 492

Lower Bound 1 = 380
Lower Bound 2 = 249
Avaliação = 1.29474

Tempo de execução: 60.0001s

---------------------------

Largura da faixa = 105
Melhor altura = 502

Lower Bound 1 = 380
Lower Bound 2 = 249
Avaliação = 1.32105

Tempo de execução: 60.0044s

---------------------------

Largura da faixa = 105
Melhor altura = 505

Lower Bound 1 = 380
Lower Bound 2 = 249
Avaliação = 1.32895

Tempo de execução: 60.0158s

---------------------------

Largura da faixa = 105
Melhor altura = 497

Lower Bound 1 = 380
Lower Bound 2 = 249
Avaliação = 1.30789

Tempo de execução: 60.0032s

---------------------------

Largura da faixa = 105
Melhor altura = 506

Lower Bound 1 = 380
Lower Bound 2 = 249
Avaliação = 1.33158

Tempo de execução: 60.0109s

---------------------------

Largura da faixa = 105
Melhor altura = 503

Lower Bound 1 = 380
Lower Bound 2 = 249
Avaliação = 1.32368

Tempo de execução: 60.0039s

---------------------------

Largura da faixa = 105
Melhor altura = 500

Lower Bound 1 = 380
Lower Bound 2 = 249
Avaliação = 1.31579

Tempo de execução: 60.0001s

---------------------------

Largura da faixa = 105
Melhor altura = 503

Lower Bound 1 = 380
Lower Bound 2 = 249
Avaliação = 1.32368

Tempo de execução: 60.0013s

---------------------------

Largura da faixa = 105
Melhor altura = 503

Lower Bound 1 = 380
Lower Bound 2 = 249
Avaliação = 1.32368

Tempo de execução: 60.0031s

---------------------------

Largura da faixa = 105
Melhor altura = 494

Lower Bound 1 = 380
Lower Bound 2 = 249
Avaliação = 1.3

Tempo de execução: 60.0011s

---------------------------

Largura da faixa = 105
Melhor altura = 505

Lower Bound 1 = 380
Lower Bound 2 = 249
Avaliação = 1.32895

Tempo de execução: 60.0017s

---------------------------

Largura da faixa = 105
Melhor altura = 494

Lower Bound 1 = 380
Lower Bound 2 = 249
Avaliação = 1.3

Tempo de execução: 60.0022s

---------------------------

Largura da faixa = 105
Melhor altura = 494

Lower Bound 1 = 380
Lower Bound 2 = 249
Avaliação = 1.3

Tempo de execução: 60.0039s

---------------------------

Largura da faixa = 105
Melhor altura = 502

Lower Bound 1 = 380
Lower Bound 2 = 249
Avaliação = 1.32105

Tempo de execução: 60.0049s

---------------------------

Largura da faixa = 105
Melhor altura = 493

Lower Bound 1 = 380
Lower Bound 2 = 249
Avaliação = 1.29737

Tempo de execução: 60.0067s

---------------------------

Largura da faixa = 105
Melhor altura = 482

Lower Bound 1 = 380
Lower Bound 2 = 249
Avaliação = 1.26842

Tempo de execução: 60.003s

---------------------------

Largura da faixa = 105
Melhor altura = 503

Lower Bound 1 = 380
Lower Bound 2 = 249
Avaliação = 1.32368

Tempo de execução: 60.0077s

---------------------------

