Largura da faixa = 167
Melhor altura = 311

Lower Bound 1 = 239
Lower Bound 2 = 264
Avaliação = 1.17803

Tempo de execução: 60s

---------------------------

Largura da faixa = 167
Melhor altura = 316

Lower Bound 1 = 239
Lower Bound 2 = 264
Avaliação = 1.19697

Tempo de execução: 60s

---------------------------

Largura da faixa = 167
Melhor altura = 316

Lower Bound 1 = 239
Lower Bound 2 = 264
Avaliação = 1.19697

Tempo de execução: 60.0001s

---------------------------

Largura da faixa = 167
Melhor altura = 316

Lower Bound 1 = 239
Lower Bound 2 = 264
Avaliação = 1.19697

Tempo de execução: 60s

---------------------------

Largura da faixa = 167
Melhor altura = 316

Lower Bound 1 = 239
Lower Bound 2 = 264
Avaliação = 1.19697

Tempo de execução: 60s

---------------------------

Largura da faixa = 167
Melhor altura = 316

Lower Bound 1 = 239
Lower Bound 2 = 264
Avaliação = 1.19697

Tempo de execução: 60.0001s

---------------------------

Largura da faixa = 167
Melhor altura = 316

Lower Bound 1 = 239
Lower Bound 2 = 264
Avaliação = 1.19697

Tempo de execução: 60.0001s

---------------------------

Largura da faixa = 167
Melhor altura = 311

Lower Bound 1 = 239
Lower Bound 2 = 264
Avaliação = 1.17803

Tempo de execução: 60s

---------------------------

Largura da faixa = 167
Melhor altura = 316

Lower Bound 1 = 239
Lower Bound 2 = 264
Avaliação = 1.19697

Tempo de execução: 60s

---------------------------

Largura da faixa = 167
Melhor altura = 316

Lower Bound 1 = 239
Lower Bound 2 = 264
Avaliação = 1.19697

Tempo de execução: 60s

---------------------------

Largura da faixa = 167
Melhor altura = 316

Lower Bound 1 = 239
Lower Bound 2 = 264
Avaliação = 1.19697

Tempo de execução: 60s

---------------------------

Largura da faixa = 167
Melhor altura = 316

Lower Bound 1 = 239
Lower Bound 2 = 264
Avaliação = 1.19697

Tempo de execução: 60s

---------------------------

Largura da faixa = 167
Melhor altura = 316

Lower Bound 1 = 239
Lower Bound 2 = 264
Avaliação = 1.19697

Tempo de execução: 60s

---------------------------

Largura da faixa = 167
Melhor altura = 316

Lower Bound 1 = 239
Lower Bound 2 = 264
Avaliação = 1.19697

Tempo de execução: 60.0001s

---------------------------

Largura da faixa = 167
Melhor altura = 311

Lower Bound 1 = 239
Lower Bound 2 = 264
Avaliação = 1.17803

Tempo de execução: 60.0001s

---------------------------

Largura da faixa = 167
Melhor altura = 316

Lower Bound 1 = 239
Lower Bound 2 = 264
Avaliação = 1.19697

Tempo de execução: 60.0001s

---------------------------

Largura da faixa = 167
Melhor altura = 316

Lower Bound 1 = 239
Lower Bound 2 = 264
Avaliação = 1.19697

Tempo de execução: 60s

---------------------------

Largura da faixa = 167
Melhor altura = 316

Lower Bound 1 = 239
Lower Bound 2 = 264
Avaliação = 1.19697

Tempo de execução: 60.0001s

---------------------------

Largura da faixa = 167
Melhor altura = 316

Lower Bound 1 = 239
Lower Bound 2 = 264
Avaliação = 1.19697

Tempo de execução: 60s

---------------------------

Largura da faixa = 167
Melhor altura = 316

Lower Bound 1 = 239
Lower Bound 2 = 264
Avaliação = 1.19697

Tempo de execução: 60.0001s

---------------------------

