Largura da faixa = 104
Melhor altura = 487

Lower Bound 1 = 384
Lower Bound 2 = 425
Avaliação = 1.14588

Tempo de execução: 60.0004s

---------------------------

Largura da faixa = 104
Melhor altura = 488

Lower Bound 1 = 384
Lower Bound 2 = 425
Avaliação = 1.14824

Tempo de execução: 60.0003s

---------------------------

Largura da faixa = 104
Melhor altura = 485

Lower Bound 1 = 384
Lower Bound 2 = 425
Avaliação = 1.14118

Tempo de execução: 60.0002s

---------------------------

Largura da faixa = 104
Melhor altura = 482

Lower Bound 1 = 384
Lower Bound 2 = 425
Avaliação = 1.13412

Tempo de execução: 60.0003s

---------------------------

Largura da faixa = 104
Melhor altura = 482

Lower Bound 1 = 384
Lower Bound 2 = 425
Avaliação = 1.13412

Tempo de execução: 60.0004s

---------------------------

Largura da faixa = 104
Melhor altura = 479

Lower Bound 1 = 384
Lower Bound 2 = 425
Avaliação = 1.12706

Tempo de execução: 60.0011s

---------------------------

Largura da faixa = 104
Melhor altura = 485

Lower Bound 1 = 384
Lower Bound 2 = 425
Avaliação = 1.14118

Tempo de execução: 60.0004s

---------------------------

Largura da faixa = 104
Melhor altura = 489

Lower Bound 1 = 384
Lower Bound 2 = 425
Avaliação = 1.15059

Tempo de execução: 60.0003s

---------------------------

Largura da faixa = 104
Melhor altura = 485

Lower Bound 1 = 384
Lower Bound 2 = 425
Avaliação = 1.14118

Tempo de execução: 60.0014s

---------------------------

Largura da faixa = 104
Melhor altura = 484

Lower Bound 1 = 384
Lower Bound 2 = 425
Avaliação = 1.13882

Tempo de execução: 60s

---------------------------

Largura da faixa = 104
Melhor altura = 490

Lower Bound 1 = 384
Lower Bound 2 = 425
Avaliação = 1.15294

Tempo de execução: 60.0008s

---------------------------

Largura da faixa = 104
Melhor altura = 483

Lower Bound 1 = 384
Lower Bound 2 = 425
Avaliação = 1.13647

Tempo de execução: 60.0009s

---------------------------

Largura da faixa = 104
Melhor altura = 486

Lower Bound 1 = 384
Lower Bound 2 = 425
Avaliação = 1.14353

Tempo de execução: 60.0005s

---------------------------

Largura da faixa = 104
Melhor altura = 483

Lower Bound 1 = 384
Lower Bound 2 = 425
Avaliação = 1.13647

Tempo de execução: 60.0004s

---------------------------

Largura da faixa = 104
Melhor altura = 487

Lower Bound 1 = 384
Lower Bound 2 = 425
Avaliação = 1.14588

Tempo de execução: 60.001s

---------------------------

Largura da faixa = 104
Melhor altura = 476

Lower Bound 1 = 384
Lower Bound 2 = 425
Avaliação = 1.12

Tempo de execução: 60.0001s

---------------------------

Largura da faixa = 104
Melhor altura = 486

Lower Bound 1 = 384
Lower Bound 2 = 425
Avaliação = 1.14353

Tempo de execução: 60.0003s

---------------------------

Largura da faixa = 104
Melhor altura = 487

Lower Bound 1 = 384
Lower Bound 2 = 425
Avaliação = 1.14588

Tempo de execução: 60.0002s

---------------------------

Largura da faixa = 104
Melhor altura = 482

Lower Bound 1 = 384
Lower Bound 2 = 425
Avaliação = 1.13412

Tempo de execução: 60.0001s

---------------------------

Largura da faixa = 104
Melhor altura = 479

Lower Bound 1 = 384
Lower Bound 2 = 425
Avaliação = 1.12706

Tempo de execução: 60.0015s

---------------------------

