Largura da faixa = 93
Melhor altura = 534

Lower Bound 1 = 430
Lower Bound 2 = 207
Avaliação = 1.24186

Tempo de execução: 60.0036s

---------------------------

Largura da faixa = 93
Melhor altura = 523

Lower Bound 1 = 430
Lower Bound 2 = 207
Avaliação = 1.21628

Tempo de execução: 60.0125s

---------------------------

Largura da faixa = 93
Melhor altura = 526

Lower Bound 1 = 430
Lower Bound 2 = 207
Avaliação = 1.22326

Tempo de execução: 60.019s

---------------------------

Largura da faixa = 93
Melhor altura = 531

Lower Bound 1 = 430
Lower Bound 2 = 207
Avaliação = 1.23488

Tempo de execução: 60.0053s

---------------------------

Largura da faixa = 93
Melhor altura = 530

Lower Bound 1 = 430
Lower Bound 2 = 207
Avaliação = 1.23256

Tempo de execução: 60.0086s

---------------------------

Largura da faixa = 93
Melhor altura = 527

Lower Bound 1 = 430
Lower Bound 2 = 207
Avaliação = 1.22558

Tempo de execução: 60.0097s

---------------------------

Largura da faixa = 93
Melhor altura = 528

Lower Bound 1 = 430
Lower Bound 2 = 207
Avaliação = 1.22791

Tempo de execução: 60.0039s

---------------------------

Largura da faixa = 93
Melhor altura = 534

Lower Bound 1 = 430
Lower Bound 2 = 207
Avaliação = 1.24186

Tempo de execução: 60.0179s

---------------------------

Largura da faixa = 93
Melhor altura = 528

Lower Bound 1 = 430
Lower Bound 2 = 207
Avaliação = 1.22791

Tempo de execução: 60.0464s

---------------------------

Largura da faixa = 93
Melhor altura = 528

Lower Bound 1 = 430
Lower Bound 2 = 207
Avaliação = 1.22791

Tempo de execução: 60.0208s

---------------------------

Largura da faixa = 93
Melhor altura = 530

Lower Bound 1 = 430
Lower Bound 2 = 207
Avaliação = 1.23256

Tempo de execução: 60.0168s

---------------------------

Largura da faixa = 93
Melhor altura = 531

Lower Bound 1 = 430
Lower Bound 2 = 207
Avaliação = 1.23488

Tempo de execução: 60.0259s

---------------------------

Largura da faixa = 93
Melhor altura = 527

Lower Bound 1 = 430
Lower Bound 2 = 207
Avaliação = 1.22558

Tempo de execução: 60.005s

---------------------------

Largura da faixa = 93
Melhor altura = 530

Lower Bound 1 = 430
Lower Bound 2 = 207
Avaliação = 1.23256

Tempo de execução: 60.0069s

---------------------------

Largura da faixa = 93
Melhor altura = 528

Lower Bound 1 = 430
Lower Bound 2 = 207
Avaliação = 1.22791

Tempo de execução: 60.0055s

---------------------------

Largura da faixa = 93
Melhor altura = 526

Lower Bound 1 = 430
Lower Bound 2 = 207
Avaliação = 1.22326

Tempo de execução: 60.0047s

---------------------------

Largura da faixa = 93
Melhor altura = 530

Lower Bound 1 = 430
Lower Bound 2 = 207
Avaliação = 1.23256

Tempo de execução: 60.0322s

---------------------------

Largura da faixa = 93
Melhor altura = 526

Lower Bound 1 = 430
Lower Bound 2 = 207
Avaliação = 1.22326

Tempo de execução: 60.0322s

---------------------------

Largura da faixa = 93
Melhor altura = 519

Lower Bound 1 = 430
Lower Bound 2 = 207
Avaliação = 1.20698

Tempo de execução: 60.0187s

---------------------------

Largura da faixa = 93
Melhor altura = 531

Lower Bound 1 = 430
Lower Bound 2 = 207
Avaliação = 1.23488

Tempo de execução: 60.0419s

---------------------------

