Largura da faixa = 106
Melhor altura = 460

Lower Bound 1 = 377
Lower Bound 2 = 337
Avaliação = 1.22016

Tempo de execução: 60.0044s

---------------------------

Largura da faixa = 106
Melhor altura = 468

Lower Bound 1 = 377
Lower Bound 2 = 337
Avaliação = 1.24138

Tempo de execução: 60.0032s

---------------------------

Largura da faixa = 106
Melhor altura = 449

Lower Bound 1 = 377
Lower Bound 2 = 337
Avaliação = 1.19098

Tempo de execução: 60.0057s

---------------------------

Largura da faixa = 106
Melhor altura = 466

Lower Bound 1 = 377
Lower Bound 2 = 337
Avaliação = 1.23607

Tempo de execução: 60.0004s

---------------------------

Largura da faixa = 106
Melhor altura = 469

Lower Bound 1 = 377
Lower Bound 2 = 337
Avaliação = 1.24403

Tempo de execução: 60.0003s

---------------------------

Largura da faixa = 106
Melhor altura = 458

Lower Bound 1 = 377
Lower Bound 2 = 337
Avaliação = 1.21485

Tempo de execução: 60.004s

---------------------------

Largura da faixa = 106
Melhor altura = 464

Lower Bound 1 = 377
Lower Bound 2 = 337
Avaliação = 1.23077

Tempo de execução: 60.0007s

---------------------------

Largura da faixa = 106
Melhor altura = 463

Lower Bound 1 = 377
Lower Bound 2 = 337
Avaliação = 1.22812

Tempo de execução: 60.0011s

---------------------------

Largura da faixa = 106
Melhor altura = 456

Lower Bound 1 = 377
Lower Bound 2 = 337
Avaliação = 1.20955

Tempo de execução: 60.0001s

---------------------------

Largura da faixa = 106
Melhor altura = 461

Lower Bound 1 = 377
Lower Bound 2 = 337
Avaliação = 1.22281

Tempo de execução: 60.0002s

---------------------------

Largura da faixa = 106
Melhor altura = 467

Lower Bound 1 = 377
Lower Bound 2 = 337
Avaliação = 1.23873

Tempo de execução: 60.0003s

---------------------------

Largura da faixa = 106
Melhor altura = 462

Lower Bound 1 = 377
Lower Bound 2 = 337
Avaliação = 1.22546

Tempo de execução: 60.0003s

---------------------------

Largura da faixa = 106
Melhor altura = 458

Lower Bound 1 = 377
Lower Bound 2 = 337
Avaliação = 1.21485

Tempo de execução: 60.0002s

---------------------------

Largura da faixa = 106
Melhor altura = 467

Lower Bound 1 = 377
Lower Bound 2 = 337
Avaliação = 1.23873

Tempo de execução: 60.0022s

---------------------------

Largura da faixa = 106
Melhor altura = 466

Lower Bound 1 = 377
Lower Bound 2 = 337
Avaliação = 1.23607

Tempo de execução: 60s

---------------------------

Largura da faixa = 106
Melhor altura = 462

Lower Bound 1 = 377
Lower Bound 2 = 337
Avaliação = 1.22546

Tempo de execução: 60s

---------------------------

Largura da faixa = 106
Melhor altura = 469

Lower Bound 1 = 377
Lower Bound 2 = 337
Avaliação = 1.24403

Tempo de execução: 60.0024s

---------------------------

Largura da faixa = 106
Melhor altura = 462

Lower Bound 1 = 377
Lower Bound 2 = 337
Avaliação = 1.22546

Tempo de execução: 60.004s

---------------------------

Largura da faixa = 106
Melhor altura = 458

Lower Bound 1 = 377
Lower Bound 2 = 337
Avaliação = 1.21485

Tempo de execução: 60.0005s

---------------------------

Largura da faixa = 106
Melhor altura = 461

Lower Bound 1 = 377
Lower Bound 2 = 337
Avaliação = 1.22281

Tempo de execução: 60.0028s

---------------------------

