Largura da faixa = 83
Melhor altura = 623

Lower Bound 1 = 481
Lower Bound 2 = 280
Avaliação = 1.29522

Tempo de execução: 60.0017s

---------------------------

Largura da faixa = 83
Melhor altura = 623

Lower Bound 1 = 481
Lower Bound 2 = 280
Avaliação = 1.29522

Tempo de execução: 60.0055s

---------------------------

Largura da faixa = 83
Melhor altura = 634

Lower Bound 1 = 481
Lower Bound 2 = 280
Avaliação = 1.31809

Tempo de execução: 60.0217s

---------------------------

Largura da faixa = 83
Melhor altura = 629

Lower Bound 1 = 481
Lower Bound 2 = 280
Avaliação = 1.30769

Tempo de execução: 60.0155s

---------------------------

Largura da faixa = 83
Melhor altura = 620

Lower Bound 1 = 481
Lower Bound 2 = 280
Avaliação = 1.28898

Tempo de execução: 60.0424s

---------------------------

Largura da faixa = 83
Melhor altura = 630

Lower Bound 1 = 481
Lower Bound 2 = 280
Avaliação = 1.30977

Tempo de execução: 60.0329s

---------------------------

Largura da faixa = 83
Melhor altura = 625

Lower Bound 1 = 481
Lower Bound 2 = 280
Avaliação = 1.29938

Tempo de execução: 60.0001s

---------------------------

Largura da faixa = 83
Melhor altura = 612

Lower Bound 1 = 481
Lower Bound 2 = 280
Avaliação = 1.27235

Tempo de execução: 60.0032s

---------------------------

Largura da faixa = 83
Melhor altura = 617

Lower Bound 1 = 481
Lower Bound 2 = 280
Avaliação = 1.28274

Tempo de execução: 60.0088s

---------------------------

Largura da faixa = 83
Melhor altura = 622

Lower Bound 1 = 481
Lower Bound 2 = 280
Avaliação = 1.29314

Tempo de execução: 60.0104s

---------------------------

Largura da faixa = 83
Melhor altura = 624

Lower Bound 1 = 481
Lower Bound 2 = 280
Avaliação = 1.2973

Tempo de execução: 60.0081s

---------------------------

Largura da faixa = 83
Melhor altura = 611

Lower Bound 1 = 481
Lower Bound 2 = 280
Avaliação = 1.27027

Tempo de execução: 60.0047s

---------------------------

Largura da faixa = 83
Melhor altura = 619

Lower Bound 1 = 481
Lower Bound 2 = 280
Avaliação = 1.2869

Tempo de execução: 60.0004s

---------------------------

Largura da faixa = 83
Melhor altura = 615

Lower Bound 1 = 481
Lower Bound 2 = 280
Avaliação = 1.27859

Tempo de execução: 60.0022s

---------------------------

Largura da faixa = 83
Melhor altura = 621

Lower Bound 1 = 481
Lower Bound 2 = 280
Avaliação = 1.29106

Tempo de execução: 60.0069s

---------------------------

Largura da faixa = 83
Melhor altura = 632

Lower Bound 1 = 481
Lower Bound 2 = 280
Avaliação = 1.31393

Tempo de execução: 60.0012s

---------------------------

Largura da faixa = 83
Melhor altura = 630

Lower Bound 1 = 481
Lower Bound 2 = 280
Avaliação = 1.30977

Tempo de execução: 60.0547s

---------------------------

Largura da faixa = 83
Melhor altura = 628

Lower Bound 1 = 481
Lower Bound 2 = 280
Avaliação = 1.30561

Tempo de execução: 60.0485s

---------------------------

Largura da faixa = 83
Melhor altura = 629

Lower Bound 1 = 481
Lower Bound 2 = 280
Avaliação = 1.30769

Tempo de execução: 60.015s

---------------------------

Largura da faixa = 83
Melhor altura = 628

Lower Bound 1 = 481
Lower Bound 2 = 280
Avaliação = 1.30561

Tempo de execução: 60.0448s

---------------------------

