Largura da faixa = 146
Melhor altura = 331

Lower Bound 1 = 273
Lower Bound 2 = 255
Avaliação = 1.21245

Tempo de execução: 60s

---------------------------

Largura da faixa = 146
Melhor altura = 331

Lower Bound 1 = 273
Lower Bound 2 = 255
Avaliação = 1.21245

Tempo de execução: 60s

---------------------------

Largura da faixa = 146
Melhor altura = 331

Lower Bound 1 = 273
Lower Bound 2 = 255
Avaliação = 1.21245

Tempo de execução: 60s

---------------------------

Largura da faixa = 146
Melhor altura = 331

Lower Bound 1 = 273
Lower Bound 2 = 255
Avaliação = 1.21245

Tempo de execução: 60s

---------------------------

Largura da faixa = 146
Melhor altura = 331

Lower Bound 1 = 273
Lower Bound 2 = 255
Avaliação = 1.21245

Tempo de execução: 60s

---------------------------

Largura da faixa = 146
Melhor altura = 331

Lower Bound 1 = 273
Lower Bound 2 = 255
Avaliação = 1.21245

Tempo de execução: 60s

---------------------------

Largura da faixa = 146
Melhor altura = 331

Lower Bound 1 = 273
Lower Bound 2 = 255
Avaliação = 1.21245

Tempo de execução: 60.0001s

---------------------------

Largura da faixa = 146
Melhor altura = 331

Lower Bound 1 = 273
Lower Bound 2 = 255
Avaliação = 1.21245

Tempo de execução: 60.0004s

---------------------------

Largura da faixa = 146
Melhor altura = 331

Lower Bound 1 = 273
Lower Bound 2 = 255
Avaliação = 1.21245

Tempo de execução: 60.0001s

---------------------------

Largura da faixa = 146
Melhor altura = 331

Lower Bound 1 = 273
Lower Bound 2 = 255
Avaliação = 1.21245

Tempo de execução: 60s

---------------------------

Largura da faixa = 146
Melhor altura = 331

Lower Bound 1 = 273
Lower Bound 2 = 255
Avaliação = 1.21245

Tempo de execução: 60.0002s

---------------------------

Largura da faixa = 146
Melhor altura = 331

Lower Bound 1 = 273
Lower Bound 2 = 255
Avaliação = 1.21245

Tempo de execução: 60.0001s

---------------------------

Largura da faixa = 146
Melhor altura = 331

Lower Bound 1 = 273
Lower Bound 2 = 255
Avaliação = 1.21245

Tempo de execução: 60.0001s

---------------------------

Largura da faixa = 146
Melhor altura = 331

Lower Bound 1 = 273
Lower Bound 2 = 255
Avaliação = 1.21245

Tempo de execução: 60.0001s

---------------------------

Largura da faixa = 146
Melhor altura = 331

Lower Bound 1 = 273
Lower Bound 2 = 255
Avaliação = 1.21245

Tempo de execução: 60s

---------------------------

Largura da faixa = 146
Melhor altura = 331

Lower Bound 1 = 273
Lower Bound 2 = 255
Avaliação = 1.21245

Tempo de execução: 60.0002s

---------------------------

Largura da faixa = 146
Melhor altura = 331

Lower Bound 1 = 273
Lower Bound 2 = 255
Avaliação = 1.21245

Tempo de execução: 60.0002s

---------------------------

Largura da faixa = 146
Melhor altura = 331

Lower Bound 1 = 273
Lower Bound 2 = 255
Avaliação = 1.21245

Tempo de execução: 60.0003s

---------------------------

Largura da faixa = 146
Melhor altura = 331

Lower Bound 1 = 273
Lower Bound 2 = 255
Avaliação = 1.21245

Tempo de execução: 60.0001s

---------------------------

Largura da faixa = 146
Melhor altura = 331

Lower Bound 1 = 273
Lower Bound 2 = 255
Avaliação = 1.21245

Tempo de execução: 60.0006s

---------------------------

