Largura da faixa = 115
Melhor altura = 415

Lower Bound 1 = 347
Lower Bound 2 = 254
Avaliação = 1.19597

Tempo de execução: 60.0005s

---------------------------

Largura da faixa = 115
Melhor altura = 425

Lower Bound 1 = 347
Lower Bound 2 = 254
Avaliação = 1.22478

Tempo de execução: 60.0006s

---------------------------

Largura da faixa = 115
Melhor altura = 418

Lower Bound 1 = 347
Lower Bound 2 = 254
Avaliação = 1.20461

Tempo de execução: 60.0012s

---------------------------

Largura da faixa = 115
Melhor altura = 425

Lower Bound 1 = 347
Lower Bound 2 = 254
Avaliação = 1.22478

Tempo de execução: 60.0007s

---------------------------

Largura da faixa = 115
Melhor altura = 423

Lower Bound 1 = 347
Lower Bound 2 = 254
Avaliação = 1.21902

Tempo de execução: 60.0005s

---------------------------

Largura da faixa = 115
Melhor altura = 427

Lower Bound 1 = 347
Lower Bound 2 = 254
Avaliação = 1.23055

Tempo de execução: 60.002s

---------------------------

Largura da faixa = 115
Melhor altura = 419

Lower Bound 1 = 347
Lower Bound 2 = 254
Avaliação = 1.20749

Tempo de execução: 60.0002s

---------------------------

Largura da faixa = 115
Melhor altura = 423

Lower Bound 1 = 347
Lower Bound 2 = 254
Avaliação = 1.21902

Tempo de execução: 60.0015s

---------------------------

Largura da faixa = 115
Melhor altura = 424

Lower Bound 1 = 347
Lower Bound 2 = 254
Avaliação = 1.2219

Tempo de execução: 60.0017s

---------------------------

Largura da faixa = 115
Melhor altura = 428

Lower Bound 1 = 347
Lower Bound 2 = 254
Avaliação = 1.23343

Tempo de execução: 60.0011s

---------------------------

Largura da faixa = 115
Melhor altura = 426

Lower Bound 1 = 347
Lower Bound 2 = 254
Avaliação = 1.22767

Tempo de execução: 60.002s

---------------------------

Largura da faixa = 115
Melhor altura = 421

Lower Bound 1 = 347
Lower Bound 2 = 254
Avaliação = 1.21326

Tempo de execução: 60.0022s

---------------------------

Largura da faixa = 115
Melhor altura = 426

Lower Bound 1 = 347
Lower Bound 2 = 254
Avaliação = 1.22767

Tempo de execução: 60.0003s

---------------------------

Largura da faixa = 115
Melhor altura = 425

Lower Bound 1 = 347
Lower Bound 2 = 254
Avaliação = 1.22478

Tempo de execução: 60.0009s

---------------------------

Largura da faixa = 115
Melhor altura = 421

Lower Bound 1 = 347
Lower Bound 2 = 254
Avaliação = 1.21326

Tempo de execução: 60.0008s

---------------------------

Largura da faixa = 115
Melhor altura = 424

Lower Bound 1 = 347
Lower Bound 2 = 254
Avaliação = 1.2219

Tempo de execução: 60.0005s

---------------------------

Largura da faixa = 115
Melhor altura = 428

Lower Bound 1 = 347
Lower Bound 2 = 254
Avaliação = 1.23343

Tempo de execução: 60.0002s

---------------------------

Largura da faixa = 115
Melhor altura = 427

Lower Bound 1 = 347
Lower Bound 2 = 254
Avaliação = 1.23055

Tempo de execução: 60.0015s

---------------------------

Largura da faixa = 115
Melhor altura = 422

Lower Bound 1 = 347
Lower Bound 2 = 254
Avaliação = 1.21614

Tempo de execução: 60s

---------------------------

Largura da faixa = 115
Melhor altura = 425

Lower Bound 1 = 347
Lower Bound 2 = 254
Avaliação = 1.22478

Tempo de execução: 60.0002s

---------------------------

