Largura da faixa = 104
Melhor altura = 466

Lower Bound 1 = 384
Lower Bound 2 = 257
Avaliação = 1.21354

Tempo de execução: 60.0087s

---------------------------

Largura da faixa = 104
Melhor altura = 466

Lower Bound 1 = 384
Lower Bound 2 = 257
Avaliação = 1.21354

Tempo de execução: 60.0126s

---------------------------

Largura da faixa = 104
Melhor altura = 469

Lower Bound 1 = 384
Lower Bound 2 = 257
Avaliação = 1.22135

Tempo de execução: 60.006s

---------------------------

Largura da faixa = 104
Melhor altura = 470

Lower Bound 1 = 384
Lower Bound 2 = 257
Avaliação = 1.22396

Tempo de execução: 60.0002s

---------------------------

Largura da faixa = 104
Melhor altura = 468

Lower Bound 1 = 384
Lower Bound 2 = 257
Avaliação = 1.21875

Tempo de execução: 60.0025s

---------------------------

Largura da faixa = 104
Melhor altura = 459

Lower Bound 1 = 384
Lower Bound 2 = 257
Avaliação = 1.19531

Tempo de execução: 60.0145s

---------------------------

Largura da faixa = 104
Melhor altura = 454

Lower Bound 1 = 384
Lower Bound 2 = 257
Avaliação = 1.18229

Tempo de execução: 60.0034s

---------------------------

Largura da faixa = 104
Melhor altura = 464

Lower Bound 1 = 384
Lower Bound 2 = 257
Avaliação = 1.20833

Tempo de execução: 60.0064s

---------------------------

Largura da faixa = 104
Melhor altura = 464

Lower Bound 1 = 384
Lower Bound 2 = 257
Avaliação = 1.20833

Tempo de execução: 60.0072s

---------------------------

Largura da faixa = 104
Melhor altura = 472

Lower Bound 1 = 384
Lower Bound 2 = 257
Avaliação = 1.22917

Tempo de execução: 60.0067s

---------------------------

Largura da faixa = 104
Melhor altura = 467

Lower Bound 1 = 384
Lower Bound 2 = 257
Avaliação = 1.21615

Tempo de execução: 60.0053s

---------------------------

Largura da faixa = 104
Melhor altura = 462

Lower Bound 1 = 384
Lower Bound 2 = 257
Avaliação = 1.20312

Tempo de execução: 60.0088s

---------------------------

Largura da faixa = 104
Melhor altura = 466

Lower Bound 1 = 384
Lower Bound 2 = 257
Avaliação = 1.21354

Tempo de execução: 60.0033s

---------------------------

Largura da faixa = 104
Melhor altura = 474

Lower Bound 1 = 384
Lower Bound 2 = 257
Avaliação = 1.23438

Tempo de execução: 60.0085s

---------------------------

Largura da faixa = 104
Melhor altura = 477

Lower Bound 1 = 384
Lower Bound 2 = 257
Avaliação = 1.24219

Tempo de execução: 60.0177s

---------------------------

Largura da faixa = 104
Melhor altura = 465

Lower Bound 1 = 384
Lower Bound 2 = 257
Avaliação = 1.21094

Tempo de execução: 60.0098s

---------------------------

Largura da faixa = 104
Melhor altura = 467

Lower Bound 1 = 384
Lower Bound 2 = 257
Avaliação = 1.21615

Tempo de execução: 60.0051s

---------------------------

Largura da faixa = 104
Melhor altura = 467

Lower Bound 1 = 384
Lower Bound 2 = 257
Avaliação = 1.21615

Tempo de execução: 60.0036s

---------------------------

Largura da faixa = 104
Melhor altura = 465

Lower Bound 1 = 384
Lower Bound 2 = 257
Avaliação = 1.21094

Tempo de execução: 60.0043s

---------------------------

Largura da faixa = 104
Melhor altura = 473

Lower Bound 1 = 384
Lower Bound 2 = 257
Avaliação = 1.23177

Tempo de execução: 60.0004s

---------------------------

