Largura da faixa = 117
Melhor altura = 423

Lower Bound 1 = 341
Lower Bound 2 = 170
Avaliação = 1.24047

Tempo de execução: 60.0009s

---------------------------

Largura da faixa = 117
Melhor altura = 425

Lower Bound 1 = 341
Lower Bound 2 = 170
Avaliação = 1.24633

Tempo de execução: 60.0014s

---------------------------

Largura da faixa = 117
Melhor altura = 421

Lower Bound 1 = 341
Lower Bound 2 = 170
Avaliação = 1.2346

Tempo de execução: 60.002s

---------------------------

Largura da faixa = 117
Melhor altura = 425

Lower Bound 1 = 341
Lower Bound 2 = 170
Avaliação = 1.24633

Tempo de execução: 60s

---------------------------

Largura da faixa = 117
Melhor altura = 415

Lower Bound 1 = 341
Lower Bound 2 = 170
Avaliação = 1.21701

Tempo de execução: 60.0025s

---------------------------

Largura da faixa = 117
Melhor altura = 418

Lower Bound 1 = 341
Lower Bound 2 = 170
Avaliação = 1.22581

Tempo de execução: 60.0065s

---------------------------

Largura da faixa = 117
Melhor altura = 420

Lower Bound 1 = 341
Lower Bound 2 = 170
Avaliação = 1.23167

Tempo de execução: 60.0021s

---------------------------

Largura da faixa = 117
Melhor altura = 420

Lower Bound 1 = 341
Lower Bound 2 = 170
Avaliação = 1.23167

Tempo de execução: 60.0036s

---------------------------

Largura da faixa = 117
Melhor altura = 421

Lower Bound 1 = 341
Lower Bound 2 = 170
Avaliação = 1.2346

Tempo de execução: 60.0041s

---------------------------

Largura da faixa = 117
Melhor altura = 418

Lower Bound 1 = 341
Lower Bound 2 = 170
Avaliação = 1.22581

Tempo de execução: 60.003s

---------------------------

Largura da faixa = 117
Melhor altura = 422

Lower Bound 1 = 341
Lower Bound 2 = 170
Avaliação = 1.23754

Tempo de execução: 60.0014s

---------------------------

Largura da faixa = 117
Melhor altura = 424

Lower Bound 1 = 341
Lower Bound 2 = 170
Avaliação = 1.2434

Tempo de execução: 60.0047s

---------------------------

Largura da faixa = 117
Melhor altura = 425

Lower Bound 1 = 341
Lower Bound 2 = 170
Avaliação = 1.24633

Tempo de execução: 60.0024s

---------------------------

Largura da faixa = 117
Melhor altura = 422

Lower Bound 1 = 341
Lower Bound 2 = 170
Avaliação = 1.23754

Tempo de execução: 60.0025s

---------------------------

Largura da faixa = 117
Melhor altura = 421

Lower Bound 1 = 341
Lower Bound 2 = 170
Avaliação = 1.2346

Tempo de execução: 60.0024s

---------------------------

Largura da faixa = 117
Melhor altura = 421

Lower Bound 1 = 341
Lower Bound 2 = 170
Avaliação = 1.2346

Tempo de execução: 60.0016s

---------------------------

Largura da faixa = 117
Melhor altura = 420

Lower Bound 1 = 341
Lower Bound 2 = 170
Avaliação = 1.23167

Tempo de execução: 60.0014s

---------------------------

Largura da faixa = 117
Melhor altura = 425

Lower Bound 1 = 341
Lower Bound 2 = 170
Avaliação = 1.24633

Tempo de execução: 60.0117s

---------------------------

Largura da faixa = 117
Melhor altura = 422

Lower Bound 1 = 341
Lower Bound 2 = 170
Avaliação = 1.23754

Tempo de execução: 60.0039s

---------------------------

Largura da faixa = 117
Melhor altura = 420

Lower Bound 1 = 341
Lower Bound 2 = 170
Avaliação = 1.23167

Tempo de execução: 60.001s

---------------------------

