Largura da faixa = 93
Melhor altura = 491

Lower Bound 1 = 430
Lower Bound 2 = 302
Avaliação = 1.14186

Tempo de execução: 60.0003s

---------------------------

Largura da faixa = 93
Melhor altura = 493

Lower Bound 1 = 430
Lower Bound 2 = 302
Avaliação = 1.14651

Tempo de execução: 60.0003s

---------------------------

Largura da faixa = 93
Melhor altura = 485

Lower Bound 1 = 430
Lower Bound 2 = 302
Avaliação = 1.12791

Tempo de execução: 60.0004s

---------------------------

Largura da faixa = 93
Melhor altura = 491

Lower Bound 1 = 430
Lower Bound 2 = 302
Avaliação = 1.14186

Tempo de execução: 60.0001s

---------------------------

Largura da faixa = 93
Melhor altura = 491

Lower Bound 1 = 430
Lower Bound 2 = 302
Avaliação = 1.14186

Tempo de execução: 60.0003s

---------------------------

Largura da faixa = 93
Melhor altura = 492

Lower Bound 1 = 430
Lower Bound 2 = 302
Avaliação = 1.14419

Tempo de execução: 60.0006s

---------------------------

Largura da faixa = 93
Melhor altura = 492

Lower Bound 1 = 430
Lower Bound 2 = 302
Avaliação = 1.14419

Tempo de execução: 60.0002s

---------------------------

Largura da faixa = 93
Melhor altura = 491

Lower Bound 1 = 430
Lower Bound 2 = 302
Avaliação = 1.14186

Tempo de execução: 60.0003s

---------------------------

Largura da faixa = 93
Melhor altura = 493

Lower Bound 1 = 430
Lower Bound 2 = 302
Avaliação = 1.14651

Tempo de execução: 60.0002s

---------------------------

Largura da faixa = 93
Melhor altura = 491

Lower Bound 1 = 430
Lower Bound 2 = 302
Avaliação = 1.14186

Tempo de execução: 60.0002s

---------------------------

Largura da faixa = 93
Melhor altura = 494

Lower Bound 1 = 430
Lower Bound 2 = 302
Avaliação = 1.14884

Tempo de execução: 60.0003s

---------------------------

Largura da faixa = 93
Melhor altura = 491

Lower Bound 1 = 430
Lower Bound 2 = 302
Avaliação = 1.14186

Tempo de execução: 60.0002s

---------------------------

Largura da faixa = 93
Melhor altura = 489

Lower Bound 1 = 430
Lower Bound 2 = 302
Avaliação = 1.13721

Tempo de execução: 60.0001s

---------------------------

Largura da faixa = 93
Melhor altura = 492

Lower Bound 1 = 430
Lower Bound 2 = 302
Avaliação = 1.14419

Tempo de execução: 60.0004s

---------------------------

Largura da faixa = 93
Melhor altura = 492

Lower Bound 1 = 430
Lower Bound 2 = 302
Avaliação = 1.14419

Tempo de execução: 60.0005s

---------------------------

Largura da faixa = 93
Melhor altura = 496

Lower Bound 1 = 430
Lower Bound 2 = 302
Avaliação = 1.15349

Tempo de execução: 60.0001s

---------------------------

Largura da faixa = 93
Melhor altura = 495

Lower Bound 1 = 430
Lower Bound 2 = 302
Avaliação = 1.15116

Tempo de execução: 60.0014s

---------------------------

Largura da faixa = 93
Melhor altura = 494

Lower Bound 1 = 430
Lower Bound 2 = 302
Avaliação = 1.14884

Tempo de execução: 60.0016s

---------------------------

Largura da faixa = 93
Melhor altura = 491

Lower Bound 1 = 430
Lower Bound 2 = 302
Avaliação = 1.14186

Tempo de execução: 60.0004s

---------------------------

Largura da faixa = 93
Melhor altura = 494

Lower Bound 1 = 430
Lower Bound 2 = 302
Avaliação = 1.14884

Tempo de execução: 60s

---------------------------

