Largura da faixa = 122
Melhor altura = 381

Lower Bound 1 = 327
Lower Bound 2 = 217
Avaliação = 1.16514

Tempo de execução: 60.0002s

---------------------------

Largura da faixa = 122
Melhor altura = 381

Lower Bound 1 = 327
Lower Bound 2 = 217
Avaliação = 1.16514

Tempo de execução: 60.0002s

---------------------------

Largura da faixa = 122
Melhor altura = 384

Lower Bound 1 = 327
Lower Bound 2 = 217
Avaliação = 1.17431

Tempo de execução: 60.0005s

---------------------------

Largura da faixa = 122
Melhor altura = 386

Lower Bound 1 = 327
Lower Bound 2 = 217
Avaliação = 1.18043

Tempo de execução: 60.0001s

---------------------------

Largura da faixa = 122
Melhor altura = 381

Lower Bound 1 = 327
Lower Bound 2 = 217
Avaliação = 1.16514

Tempo de execução: 60.0001s

---------------------------

Largura da faixa = 122
Melhor altura = 385

Lower Bound 1 = 327
Lower Bound 2 = 217
Avaliação = 1.17737

Tempo de execução: 60.0006s

---------------------------

Largura da faixa = 122
Melhor altura = 382

Lower Bound 1 = 327
Lower Bound 2 = 217
Avaliação = 1.1682

Tempo de execução: 60.0001s

---------------------------

Largura da faixa = 122
Melhor altura = 384

Lower Bound 1 = 327
Lower Bound 2 = 217
Avaliação = 1.17431

Tempo de execução: 60.0001s

---------------------------

Largura da faixa = 122
Melhor altura = 386

Lower Bound 1 = 327
Lower Bound 2 = 217
Avaliação = 1.18043

Tempo de execução: 60.0002s

---------------------------

Largura da faixa = 122
Melhor altura = 379

Lower Bound 1 = 327
Lower Bound 2 = 217
Avaliação = 1.15902

Tempo de execução: 60s

---------------------------

Largura da faixa = 122
Melhor altura = 381

Lower Bound 1 = 327
Lower Bound 2 = 217
Avaliação = 1.16514

Tempo de execução: 60.0002s

---------------------------

Largura da faixa = 122
Melhor altura = 385

Lower Bound 1 = 327
Lower Bound 2 = 217
Avaliação = 1.17737

Tempo de execução: 60.0002s

---------------------------

Largura da faixa = 122
Melhor altura = 383

Lower Bound 1 = 327
Lower Bound 2 = 217
Avaliação = 1.17125

Tempo de execução: 60s

---------------------------

Largura da faixa = 122
Melhor altura = 386

Lower Bound 1 = 327
Lower Bound 2 = 217
Avaliação = 1.18043

Tempo de execução: 60s

---------------------------

Largura da faixa = 122
Melhor altura = 385

Lower Bound 1 = 327
Lower Bound 2 = 217
Avaliação = 1.17737

Tempo de execução: 60.0003s

---------------------------

Largura da faixa = 122
Melhor altura = 381

Lower Bound 1 = 327
Lower Bound 2 = 217
Avaliação = 1.16514

Tempo de execução: 60.0002s

---------------------------

Largura da faixa = 122
Melhor altura = 383

Lower Bound 1 = 327
Lower Bound 2 = 217
Avaliação = 1.17125

Tempo de execução: 60.0001s

---------------------------

Largura da faixa = 122
Melhor altura = 382

Lower Bound 1 = 327
Lower Bound 2 = 217
Avaliação = 1.1682

Tempo de execução: 60.0004s

---------------------------

Largura da faixa = 122
Melhor altura = 381

Lower Bound 1 = 327
Lower Bound 2 = 217
Avaliação = 1.16514

Tempo de execução: 60.0001s

---------------------------

Largura da faixa = 122
Melhor altura = 381

Lower Bound 1 = 327
Lower Bound 2 = 217
Avaliação = 1.16514

Tempo de execução: 60.0003s

---------------------------

