Largura da faixa = 165
Melhor altura = 276

Lower Bound 1 = 242
Lower Bound 2 = 267
Avaliação = 1.03371

Tempo de execução: 60.0001s

---------------------------

Largura da faixa = 165
Melhor altura = 276

Lower Bound 1 = 242
Lower Bound 2 = 267
Avaliação = 1.03371

Tempo de execução: 60s

---------------------------

Largura da faixa = 165
Melhor altura = 276

Lower Bound 1 = 242
Lower Bound 2 = 267
Avaliação = 1.03371

Tempo de execução: 60.0007s

---------------------------

Largura da faixa = 165
Melhor altura = 277

Lower Bound 1 = 242
Lower Bound 2 = 267
Avaliação = 1.03745

Tempo de execução: 60s

---------------------------

Largura da faixa = 165
Melhor altura = 286

Lower Bound 1 = 242
Lower Bound 2 = 267
Avaliação = 1.07116

Tempo de execução: 60.0001s

---------------------------

Largura da faixa = 165
Melhor altura = 276

Lower Bound 1 = 242
Lower Bound 2 = 267
Avaliação = 1.03371

Tempo de execução: 60.0006s

---------------------------

Largura da faixa = 165
Melhor altura = 276

Lower Bound 1 = 242
Lower Bound 2 = 267
Avaliação = 1.03371

Tempo de execução: 60.0001s

---------------------------

Largura da faixa = 165
Melhor altura = 276

Lower Bound 1 = 242
Lower Bound 2 = 267
Avaliação = 1.03371

Tempo de execução: 60.0002s

---------------------------

Largura da faixa = 165
Melhor altura = 276

Lower Bound 1 = 242
Lower Bound 2 = 267
Avaliação = 1.03371

Tempo de execução: 60.0006s

---------------------------

Largura da faixa = 165
Melhor altura = 276

Lower Bound 1 = 242
Lower Bound 2 = 267
Avaliação = 1.03371

Tempo de execução: 60.0002s

---------------------------

Largura da faixa = 165
Melhor altura = 276

Lower Bound 1 = 242
Lower Bound 2 = 267
Avaliação = 1.03371

Tempo de execução: 60.0001s

---------------------------

Largura da faixa = 165
Melhor altura = 276

Lower Bound 1 = 242
Lower Bound 2 = 267
Avaliação = 1.03371

Tempo de execução: 60.0003s

---------------------------

Largura da faixa = 165
Melhor altura = 276

Lower Bound 1 = 242
Lower Bound 2 = 267
Avaliação = 1.03371

Tempo de execução: 60.0001s

---------------------------

Largura da faixa = 165
Melhor altura = 276

Lower Bound 1 = 242
Lower Bound 2 = 267
Avaliação = 1.03371

Tempo de execução: 60.0007s

---------------------------

Largura da faixa = 165
Melhor altura = 276

Lower Bound 1 = 242
Lower Bound 2 = 267
Avaliação = 1.03371

Tempo de execução: 60.0006s

---------------------------

Largura da faixa = 165
Melhor altura = 276

Lower Bound 1 = 242
Lower Bound 2 = 267
Avaliação = 1.03371

Tempo de execução: 60s

---------------------------

Largura da faixa = 165
Melhor altura = 277

Lower Bound 1 = 242
Lower Bound 2 = 267
Avaliação = 1.03745

Tempo de execução: 60.0002s

---------------------------

Largura da faixa = 165
Melhor altura = 276

Lower Bound 1 = 242
Lower Bound 2 = 267
Avaliação = 1.03371

Tempo de execução: 60.0014s

---------------------------

Largura da faixa = 165
Melhor altura = 276

Lower Bound 1 = 242
Lower Bound 2 = 267
Avaliação = 1.03371

Tempo de execução: 60.0002s

---------------------------

Largura da faixa = 165
Melhor altura = 276

Lower Bound 1 = 242
Lower Bound 2 = 267
Avaliação = 1.03371

Tempo de execução: 60.0006s

---------------------------

