Largura da faixa = 119
Melhor altura = 415

Lower Bound 1 = 336
Lower Bound 2 = 301
Avaliação = 1.23512

Tempo de execução: 60s

---------------------------

Largura da faixa = 119
Melhor altura = 417

Lower Bound 1 = 336
Lower Bound 2 = 301
Avaliação = 1.24107

Tempo de execução: 60s

---------------------------

Largura da faixa = 119
Melhor altura = 412

Lower Bound 1 = 336
Lower Bound 2 = 301
Avaliação = 1.22619

Tempo de execução: 60.0001s

---------------------------

Largura da faixa = 119
Melhor altura = 415

Lower Bound 1 = 336
Lower Bound 2 = 301
Avaliação = 1.23512

Tempo de execução: 60.0001s

---------------------------

Largura da faixa = 119
Melhor altura = 416

Lower Bound 1 = 336
Lower Bound 2 = 301
Avaliação = 1.2381

Tempo de execução: 60.0001s

---------------------------

Largura da faixa = 119
Melhor altura = 415

Lower Bound 1 = 336
Lower Bound 2 = 301
Avaliação = 1.23512

Tempo de execução: 60.0002s

---------------------------

Largura da faixa = 119
Melhor altura = 416

Lower Bound 1 = 336
Lower Bound 2 = 301
Avaliação = 1.2381

Tempo de execução: 60s

---------------------------

Largura da faixa = 119
Melhor altura = 415

Lower Bound 1 = 336
Lower Bound 2 = 301
Avaliação = 1.23512

Tempo de execução: 60.0003s

---------------------------

Largura da faixa = 119
Melhor altura = 414

Lower Bound 1 = 336
Lower Bound 2 = 301
Avaliação = 1.23214

Tempo de execução: 60s

---------------------------

Largura da faixa = 119
Melhor altura = 415

Lower Bound 1 = 336
Lower Bound 2 = 301
Avaliação = 1.23512

Tempo de execução: 60.0002s

---------------------------

Largura da faixa = 119
Melhor altura = 415

Lower Bound 1 = 336
Lower Bound 2 = 301
Avaliação = 1.23512

Tempo de execução: 60.0001s

---------------------------

Largura da faixa = 119
Melhor altura = 415

Lower Bound 1 = 336
Lower Bound 2 = 301
Avaliação = 1.23512

Tempo de execução: 60.0001s

---------------------------

Largura da faixa = 119
Melhor altura = 412

Lower Bound 1 = 336
Lower Bound 2 = 301
Avaliação = 1.22619

Tempo de execução: 60.0001s

---------------------------

Largura da faixa = 119
Melhor altura = 415

Lower Bound 1 = 336
Lower Bound 2 = 301
Avaliação = 1.23512

Tempo de execução: 60.0002s

---------------------------

Largura da faixa = 119
Melhor altura = 417

Lower Bound 1 = 336
Lower Bound 2 = 301
Avaliação = 1.24107

Tempo de execução: 60s

---------------------------

Largura da faixa = 119
Melhor altura = 415

Lower Bound 1 = 336
Lower Bound 2 = 301
Avaliação = 1.23512

Tempo de execução: 60.0002s

---------------------------

Largura da faixa = 119
Melhor altura = 417

Lower Bound 1 = 336
Lower Bound 2 = 301
Avaliação = 1.24107

Tempo de execução: 60.0001s

---------------------------

Largura da faixa = 119
Melhor altura = 412

Lower Bound 1 = 336
Lower Bound 2 = 301
Avaliação = 1.22619

Tempo de execução: 60.0003s

---------------------------

Largura da faixa = 119
Melhor altura = 416

Lower Bound 1 = 336
Lower Bound 2 = 301
Avaliação = 1.2381

Tempo de execução: 60.0003s

---------------------------

Largura da faixa = 119
Melhor altura = 415

Lower Bound 1 = 336
Lower Bound 2 = 301
Avaliação = 1.23512

Tempo de execução: 60.0002s

---------------------------

