Largura da faixa = 102
Melhor altura = 515

Lower Bound 1 = 392
Lower Bound 2 = 109
Avaliação = 1.31378

Tempo de execução: 60.0036s

---------------------------

Largura da faixa = 102
Melhor altura = 514

Lower Bound 1 = 392
Lower Bound 2 = 109
Avaliação = 1.31122

Tempo de execução: 60.0285s

---------------------------

Largura da faixa = 102
Melhor altura = 497

Lower Bound 1 = 392
Lower Bound 2 = 109
Avaliação = 1.26786

Tempo de execução: 60.0447s

---------------------------

Largura da faixa = 102
Melhor altura = 514

Lower Bound 1 = 392
Lower Bound 2 = 109
Avaliação = 1.31122

Tempo de execução: 60.0009s

---------------------------

Largura da faixa = 102
Melhor altura = 517

Lower Bound 1 = 392
Lower Bound 2 = 109
Avaliação = 1.31888

Tempo de execução: 60.0282s

---------------------------

Largura da faixa = 102
Melhor altura = 521

Lower Bound 1 = 392
Lower Bound 2 = 109
Avaliação = 1.32908

Tempo de execução: 60.0328s

---------------------------

Largura da faixa = 102
Melhor altura = 512

Lower Bound 1 = 392
Lower Bound 2 = 109
Avaliação = 1.30612

Tempo de execução: 60.0009s

---------------------------

Largura da faixa = 102
Melhor altura = 509

Lower Bound 1 = 392
Lower Bound 2 = 109
Avaliação = 1.29847

Tempo de execução: 60.0145s

---------------------------

Largura da faixa = 102
Melhor altura = 518

Lower Bound 1 = 392
Lower Bound 2 = 109
Avaliação = 1.32143

Tempo de execução: 60.0267s

---------------------------

Largura da faixa = 102
Melhor altura = 511

Lower Bound 1 = 392
Lower Bound 2 = 109
Avaliação = 1.30357

Tempo de execução: 60.0312s

---------------------------

Largura da faixa = 102
Melhor altura = 513

Lower Bound 1 = 392
Lower Bound 2 = 109
Avaliação = 1.30867

Tempo de execução: 60.0392s

---------------------------

Largura da faixa = 102
Melhor altura = 517

Lower Bound 1 = 392
Lower Bound 2 = 109
Avaliação = 1.31888

Tempo de execução: 60.0533s

---------------------------

Largura da faixa = 102
Melhor altura = 510

Lower Bound 1 = 392
Lower Bound 2 = 109
Avaliação = 1.30102

Tempo de execução: 60.0086s

---------------------------

Largura da faixa = 102
Melhor altura = 512

Lower Bound 1 = 392
Lower Bound 2 = 109
Avaliação = 1.30612

Tempo de execução: 60.0286s

---------------------------

Largura da faixa = 102
Melhor altura = 512

Lower Bound 1 = 392
Lower Bound 2 = 109
Avaliação = 1.30612

Tempo de execução: 60.0376s

---------------------------

Largura da faixa = 102
Melhor altura = 508

Lower Bound 1 = 392
Lower Bound 2 = 109
Avaliação = 1.29592

Tempo de execução: 60.004s

---------------------------

Largura da faixa = 102
Melhor altura = 519

Lower Bound 1 = 392
Lower Bound 2 = 109
Avaliação = 1.32398

Tempo de execução: 60.0663s

---------------------------

Largura da faixa = 102
Melhor altura = 501

Lower Bound 1 = 392
Lower Bound 2 = 109
Avaliação = 1.27806

Tempo de execução: 60.0858s

---------------------------

Largura da faixa = 102
Melhor altura = 512

Lower Bound 1 = 392
Lower Bound 2 = 109
Avaliação = 1.30612

Tempo de execução: 60.0139s

---------------------------

Largura da faixa = 102
Melhor altura = 511

Lower Bound 1 = 392
Lower Bound 2 = 109
Avaliação = 1.30357

Tempo de execução: 60.0611s

---------------------------

