Largura da faixa = 97
Melhor altura = 470

Lower Bound 1 = 412
Lower Bound 2 = 289
Avaliação = 1.14078

Tempo de execução: 60.0002s

---------------------------

Largura da faixa = 97
Melhor altura = 468

Lower Bound 1 = 412
Lower Bound 2 = 289
Avaliação = 1.13592

Tempo de execução: 60.0001s

---------------------------

Largura da faixa = 97
Melhor altura = 470

Lower Bound 1 = 412
Lower Bound 2 = 289
Avaliação = 1.14078

Tempo de execução: 60.0002s

---------------------------

Largura da faixa = 97
Melhor altura = 465

Lower Bound 1 = 412
Lower Bound 2 = 289
Avaliação = 1.12864

Tempo de execução: 60s

---------------------------

Largura da faixa = 97
Melhor altura = 465

Lower Bound 1 = 412
Lower Bound 2 = 289
Avaliação = 1.12864

Tempo de execução: 60s

---------------------------

Largura da faixa = 97
Melhor altura = 468

Lower Bound 1 = 412
Lower Bound 2 = 289
Avaliação = 1.13592

Tempo de execução: 60.0002s

---------------------------

Largura da faixa = 97
Melhor altura = 465

Lower Bound 1 = 412
Lower Bound 2 = 289
Avaliação = 1.12864

Tempo de execução: 60s

---------------------------

Largura da faixa = 97
Melhor altura = 468

Lower Bound 1 = 412
Lower Bound 2 = 289
Avaliação = 1.13592

Tempo de execução: 60.0001s

---------------------------

Largura da faixa = 97
Melhor altura = 465

Lower Bound 1 = 412
Lower Bound 2 = 289
Avaliação = 1.12864

Tempo de execução: 60s

---------------------------

Largura da faixa = 97
Melhor altura = 470

Lower Bound 1 = 412
Lower Bound 2 = 289
Avaliação = 1.14078

Tempo de execução: 60.0001s

---------------------------

Largura da faixa = 97
Melhor altura = 470

Lower Bound 1 = 412
Lower Bound 2 = 289
Avaliação = 1.14078

Tempo de execução: 60.0002s

---------------------------

Largura da faixa = 97
Melhor altura = 468

Lower Bound 1 = 412
Lower Bound 2 = 289
Avaliação = 1.13592

Tempo de execução: 60.0001s

---------------------------

Largura da faixa = 97
Melhor altura = 470

Lower Bound 1 = 412
Lower Bound 2 = 289
Avaliação = 1.14078

Tempo de execução: 60s

---------------------------

Largura da faixa = 97
Melhor altura = 468

Lower Bound 1 = 412
Lower Bound 2 = 289
Avaliação = 1.13592

Tempo de execução: 60.0001s

---------------------------

Largura da faixa = 97
Melhor altura = 470

Lower Bound 1 = 412
Lower Bound 2 = 289
Avaliação = 1.14078

Tempo de execução: 60s

---------------------------

Largura da faixa = 97
Melhor altura = 468

Lower Bound 1 = 412
Lower Bound 2 = 289
Avaliação = 1.13592

Tempo de execução: 60s

---------------------------

Largura da faixa = 97
Melhor altura = 468

Lower Bound 1 = 412
Lower Bound 2 = 289
Avaliação = 1.13592

Tempo de execução: 60.0002s

---------------------------

Largura da faixa = 97
Melhor altura = 465

Lower Bound 1 = 412
Lower Bound 2 = 289
Avaliação = 1.12864

Tempo de execução: 60.0002s

---------------------------

Largura da faixa = 97
Melhor altura = 470

Lower Bound 1 = 412
Lower Bound 2 = 289
Avaliação = 1.14078

Tempo de execução: 60.0001s

---------------------------

Largura da faixa = 97
Melhor altura = 468

Lower Bound 1 = 412
Lower Bound 2 = 289
Avaliação = 1.13592

Tempo de execução: 60.0001s

---------------------------

