Largura da faixa = 150
Melhor altura = 333

Lower Bound 1 = 266
Lower Bound 2 = 286
Avaliação = 1.16434

Tempo de execução: 60.0001s

---------------------------

Largura da faixa = 150
Melhor altura = 333

Lower Bound 1 = 266
Lower Bound 2 = 286
Avaliação = 1.16434

Tempo de execução: 60.0003s

---------------------------

Largura da faixa = 150
Melhor altura = 333

Lower Bound 1 = 266
Lower Bound 2 = 286
Avaliação = 1.16434

Tempo de execução: 60.0003s

---------------------------

Largura da faixa = 150
Melhor altura = 334

Lower Bound 1 = 266
Lower Bound 2 = 286
Avaliação = 1.16783

Tempo de execução: 60.0002s

---------------------------

Largura da faixa = 150
Melhor altura = 333

Lower Bound 1 = 266
Lower Bound 2 = 286
Avaliação = 1.16434

Tempo de execução: 60.0002s

---------------------------

Largura da faixa = 150
Melhor altura = 333

Lower Bound 1 = 266
Lower Bound 2 = 286
Avaliação = 1.16434

Tempo de execução: 60s

---------------------------

Largura da faixa = 150
Melhor altura = 333

Lower Bound 1 = 266
Lower Bound 2 = 286
Avaliação = 1.16434

Tempo de execução: 60.0001s

---------------------------

Largura da faixa = 150
Melhor altura = 333

Lower Bound 1 = 266
Lower Bound 2 = 286
Avaliação = 1.16434

Tempo de execução: 60s

---------------------------

Largura da faixa = 150
Melhor altura = 333

Lower Bound 1 = 266
Lower Bound 2 = 286
Avaliação = 1.16434

Tempo de execução: 60.0002s

---------------------------

Largura da faixa = 150
Melhor altura = 333

Lower Bound 1 = 266
Lower Bound 2 = 286
Avaliação = 1.16434

Tempo de execução: 60.0001s

---------------------------

Largura da faixa = 150
Melhor altura = 335

Lower Bound 1 = 266
Lower Bound 2 = 286
Avaliação = 1.17133

Tempo de execução: 60.0001s

---------------------------

Largura da faixa = 150
Melhor altura = 328

Lower Bound 1 = 266
Lower Bound 2 = 286
Avaliação = 1.14685

Tempo de execução: 60.0003s

---------------------------

Largura da faixa = 150
Melhor altura = 333

Lower Bound 1 = 266
Lower Bound 2 = 286
Avaliação = 1.16434

Tempo de execução: 60.0002s

---------------------------

Largura da faixa = 150
Melhor altura = 333

Lower Bound 1 = 266
Lower Bound 2 = 286
Avaliação = 1.16434

Tempo de execução: 60.0001s

---------------------------

Largura da faixa = 150
Melhor altura = 333

Lower Bound 1 = 266
Lower Bound 2 = 286
Avaliação = 1.16434

Tempo de execução: 60.0001s

---------------------------

Largura da faixa = 150
Melhor altura = 333

Lower Bound 1 = 266
Lower Bound 2 = 286
Avaliação = 1.16434

Tempo de execução: 60.0001s

---------------------------

Largura da faixa = 150
Melhor altura = 328

Lower Bound 1 = 266
Lower Bound 2 = 286
Avaliação = 1.14685

Tempo de execução: 60s

---------------------------

Largura da faixa = 150
Melhor altura = 336

Lower Bound 1 = 266
Lower Bound 2 = 286
Avaliação = 1.17483

Tempo de execução: 60.0003s

---------------------------

Largura da faixa = 150
Melhor altura = 334

Lower Bound 1 = 266
Lower Bound 2 = 286
Avaliação = 1.16783

Tempo de execução: 60.0001s

---------------------------

Largura da faixa = 150
Melhor altura = 336

Lower Bound 1 = 266
Lower Bound 2 = 286
Avaliação = 1.17483

Tempo de execução: 60.0005s

---------------------------

