Largura da faixa = 123
Melhor altura = 387

Lower Bound 1 = 325
Lower Bound 2 = 252
Avaliação = 1.19077

Tempo de execução: 60.0001s

---------------------------

Largura da faixa = 123
Melhor altura = 387

Lower Bound 1 = 325
Lower Bound 2 = 252
Avaliação = 1.19077

Tempo de execução: 60s

---------------------------

Largura da faixa = 123
Melhor altura = 387

Lower Bound 1 = 325
Lower Bound 2 = 252
Avaliação = 1.19077

Tempo de execução: 60.0001s

---------------------------

Largura da faixa = 123
Melhor altura = 387

Lower Bound 1 = 325
Lower Bound 2 = 252
Avaliação = 1.19077

Tempo de execução: 60s

---------------------------

Largura da faixa = 123
Melhor altura = 387

Lower Bound 1 = 325
Lower Bound 2 = 252
Avaliação = 1.19077

Tempo de execução: 60.0001s

---------------------------

Largura da faixa = 123
Melhor altura = 387

Lower Bound 1 = 325
Lower Bound 2 = 252
Avaliação = 1.19077

Tempo de execução: 60s

---------------------------

Largura da faixa = 123
Melhor altura = 387

Lower Bound 1 = 325
Lower Bound 2 = 252
Avaliação = 1.19077

Tempo de execução: 60s

---------------------------

Largura da faixa = 123
Melhor altura = 387

Lower Bound 1 = 325
Lower Bound 2 = 252
Avaliação = 1.19077

Tempo de execução: 60.0002s

---------------------------

Largura da faixa = 123
Melhor altura = 387

Lower Bound 1 = 325
Lower Bound 2 = 252
Avaliação = 1.19077

Tempo de execução: 60.0002s

---------------------------

Largura da faixa = 123
Melhor altura = 387

Lower Bound 1 = 325
Lower Bound 2 = 252
Avaliação = 1.19077

Tempo de execução: 60s

---------------------------

Largura da faixa = 123
Melhor altura = 387

Lower Bound 1 = 325
Lower Bound 2 = 252
Avaliação = 1.19077

Tempo de execução: 60.0001s

---------------------------

Largura da faixa = 123
Melhor altura = 387

Lower Bound 1 = 325
Lower Bound 2 = 252
Avaliação = 1.19077

Tempo de execução: 60.0002s

---------------------------

Largura da faixa = 123
Melhor altura = 387

Lower Bound 1 = 325
Lower Bound 2 = 252
Avaliação = 1.19077

Tempo de execução: 60.0002s

---------------------------

Largura da faixa = 123
Melhor altura = 387

Lower Bound 1 = 325
Lower Bound 2 = 252
Avaliação = 1.19077

Tempo de execução: 60.0001s

---------------------------

Largura da faixa = 123
Melhor altura = 387

Lower Bound 1 = 325
Lower Bound 2 = 252
Avaliação = 1.19077

Tempo de execução: 60s

---------------------------

Largura da faixa = 123
Melhor altura = 387

Lower Bound 1 = 325
Lower Bound 2 = 252
Avaliação = 1.19077

Tempo de execução: 60.0002s

---------------------------

Largura da faixa = 123
Melhor altura = 387

Lower Bound 1 = 325
Lower Bound 2 = 252
Avaliação = 1.19077

Tempo de execução: 60.0002s

---------------------------

Largura da faixa = 123
Melhor altura = 387

Lower Bound 1 = 325
Lower Bound 2 = 252
Avaliação = 1.19077

Tempo de execução: 60.0001s

---------------------------

Largura da faixa = 123
Melhor altura = 387

Lower Bound 1 = 325
Lower Bound 2 = 252
Avaliação = 1.19077

Tempo de execução: 60s

---------------------------

Largura da faixa = 123
Melhor altura = 387

Lower Bound 1 = 325
Lower Bound 2 = 252
Avaliação = 1.19077

Tempo de execução: 60.0001s

---------------------------

