Largura da faixa = 93
Melhor altura = 485

Lower Bound 1 = 430
Lower Bound 2 = 329
Avaliação = 1.12791

Tempo de execução: 60.0007s

---------------------------

Largura da faixa = 93
Melhor altura = 476

Lower Bound 1 = 430
Lower Bound 2 = 329
Avaliação = 1.10698

Tempo de execução: 60.0009s

---------------------------

Largura da faixa = 93
Melhor altura = 483

Lower Bound 1 = 430
Lower Bound 2 = 329
Avaliação = 1.12326

Tempo de execução: 60.0004s

---------------------------

Largura da faixa = 93
Melhor altura = 481

Lower Bound 1 = 430
Lower Bound 2 = 329
Avaliação = 1.1186

Tempo de execução: 60.0008s

---------------------------

Largura da faixa = 93
Melhor altura = 473

Lower Bound 1 = 430
Lower Bound 2 = 329
Avaliação = 1.1

Tempo de execução: 60.0019s

---------------------------

Largura da faixa = 93
Melhor altura = 488

Lower Bound 1 = 430
Lower Bound 2 = 329
Avaliação = 1.13488

Tempo de execução: 60.0022s

---------------------------

Largura da faixa = 93
Melhor altura = 485

Lower Bound 1 = 430
Lower Bound 2 = 329
Avaliação = 1.12791

Tempo de execução: 60.0002s

---------------------------

Largura da faixa = 93
Melhor altura = 473

Lower Bound 1 = 430
Lower Bound 2 = 329
Avaliação = 1.1

Tempo de execução: 60.0001s

---------------------------

Largura da faixa = 93
Melhor altura = 478

Lower Bound 1 = 430
Lower Bound 2 = 329
Avaliação = 1.11163

Tempo de execução: 60.0004s

---------------------------

Largura da faixa = 93
Melhor altura = 482

Lower Bound 1 = 430
Lower Bound 2 = 329
Avaliação = 1.12093

Tempo de execução: 60.0001s

---------------------------

Largura da faixa = 93
Melhor altura = 486

Lower Bound 1 = 430
Lower Bound 2 = 329
Avaliação = 1.13023

Tempo de execução: 60.0008s

---------------------------

Largura da faixa = 93
Melhor altura = 480

Lower Bound 1 = 430
Lower Bound 2 = 329
Avaliação = 1.11628

Tempo de execução: 60.0025s

---------------------------

Largura da faixa = 93
Melhor altura = 484

Lower Bound 1 = 430
Lower Bound 2 = 329
Avaliação = 1.12558

Tempo de execução: 60.0002s

---------------------------

Largura da faixa = 93
Melhor altura = 490

Lower Bound 1 = 430
Lower Bound 2 = 329
Avaliação = 1.13953

Tempo de execução: 60.0003s

---------------------------

Largura da faixa = 93
Melhor altura = 489

Lower Bound 1 = 430
Lower Bound 2 = 329
Avaliação = 1.13721

Tempo de execução: 60.0008s

---------------------------

Largura da faixa = 93
Melhor altura = 478

Lower Bound 1 = 430
Lower Bound 2 = 329
Avaliação = 1.11163

Tempo de execução: 60.0002s

---------------------------

Largura da faixa = 93
Melhor altura = 477

Lower Bound 1 = 430
Lower Bound 2 = 329
Avaliação = 1.1093

Tempo de execução: 60.0003s

---------------------------

Largura da faixa = 93
Melhor altura = 486

Lower Bound 1 = 430
Lower Bound 2 = 329
Avaliação = 1.13023

Tempo de execução: 60.0009s

---------------------------

Largura da faixa = 93
Melhor altura = 472

Lower Bound 1 = 430
Lower Bound 2 = 329
Avaliação = 1.09767

Tempo de execução: 60.0003s

---------------------------

Largura da faixa = 93
Melhor altura = 477

Lower Bound 1 = 430
Lower Bound 2 = 329
Avaliação = 1.1093

Tempo de execução: 60.0012s

---------------------------

