Largura da faixa = 112
Melhor altura = 416

Lower Bound 1 = 357
Lower Bound 2 = 201
Avaliação = 1.16527

Tempo de execução: 60.0025s

---------------------------

Largura da faixa = 112
Melhor altura = 419

Lower Bound 1 = 357
Lower Bound 2 = 201
Avaliação = 1.17367

Tempo de execução: 60.0005s

---------------------------

Largura da faixa = 112
Melhor altura = 412

Lower Bound 1 = 357
Lower Bound 2 = 201
Avaliação = 1.15406

Tempo de execução: 60.004s

---------------------------

Largura da faixa = 112
Melhor altura = 416

Lower Bound 1 = 357
Lower Bound 2 = 201
Avaliação = 1.16527

Tempo de execução: 60.0018s

---------------------------

Largura da faixa = 112
Melhor altura = 419

Lower Bound 1 = 357
Lower Bound 2 = 201
Avaliação = 1.17367

Tempo de execução: 60.0008s

---------------------------

Largura da faixa = 112
Melhor altura = 413

Lower Bound 1 = 357
Lower Bound 2 = 201
Avaliação = 1.15686

Tempo de execução: 60.0044s

---------------------------

Largura da faixa = 112
Melhor altura = 407

Lower Bound 1 = 357
Lower Bound 2 = 201
Avaliação = 1.14006

Tempo de execução: 60.001s

---------------------------

Largura da faixa = 112
Melhor altura = 419

Lower Bound 1 = 357
Lower Bound 2 = 201
Avaliação = 1.17367

Tempo de execução: 60.0018s

---------------------------

Largura da faixa = 112
Melhor altura = 421

Lower Bound 1 = 357
Lower Bound 2 = 201
Avaliação = 1.17927

Tempo de execução: 60.006s

---------------------------

Largura da faixa = 112
Melhor altura = 422

Lower Bound 1 = 357
Lower Bound 2 = 201
Avaliação = 1.18207

Tempo de execução: 60.0006s

---------------------------

Largura da faixa = 112
Melhor altura = 417

Lower Bound 1 = 357
Lower Bound 2 = 201
Avaliação = 1.16807

Tempo de execução: 60.0021s

---------------------------

Largura da faixa = 112
Melhor altura = 422

Lower Bound 1 = 357
Lower Bound 2 = 201
Avaliação = 1.18207

Tempo de execução: 60.0006s

---------------------------

Largura da faixa = 112
Melhor altura = 419

Lower Bound 1 = 357
Lower Bound 2 = 201
Avaliação = 1.17367

Tempo de execução: 60.0003s

---------------------------

Largura da faixa = 112
Melhor altura = 421

Lower Bound 1 = 357
Lower Bound 2 = 201
Avaliação = 1.17927

Tempo de execução: 60.0042s

---------------------------

Largura da faixa = 112
Melhor altura = 421

Lower Bound 1 = 357
Lower Bound 2 = 201
Avaliação = 1.17927

Tempo de execução: 60.0059s

---------------------------

Largura da faixa = 112
Melhor altura = 414

Lower Bound 1 = 357
Lower Bound 2 = 201
Avaliação = 1.15966

Tempo de execução: 60.0001s

---------------------------

Largura da faixa = 112
Melhor altura = 424

Lower Bound 1 = 357
Lower Bound 2 = 201
Avaliação = 1.18768

Tempo de execução: 60.001s

---------------------------

Largura da faixa = 112
Melhor altura = 423

Lower Bound 1 = 357
Lower Bound 2 = 201
Avaliação = 1.18487

Tempo de execução: 60.0031s

---------------------------

Largura da faixa = 112
Melhor altura = 419

Lower Bound 1 = 357
Lower Bound 2 = 201
Avaliação = 1.17367

Tempo de execução: 60.0002s

---------------------------

Largura da faixa = 112
Melhor altura = 406

Lower Bound 1 = 357
Lower Bound 2 = 201
Avaliação = 1.13725

Tempo de execução: 60.0083s

---------------------------

