Largura da faixa = 112
Melhor altura = 445

Lower Bound 1 = 357
Lower Bound 2 = 351
Avaliação = 1.2465

Tempo de execução: 60.0001s

---------------------------

Largura da faixa = 112
Melhor altura = 445

Lower Bound 1 = 357
Lower Bound 2 = 351
Avaliação = 1.2465

Tempo de execução: 60s

---------------------------

Largura da faixa = 112
Melhor altura = 445

Lower Bound 1 = 357
Lower Bound 2 = 351
Avaliação = 1.2465

Tempo de execução: 60s

---------------------------

Largura da faixa = 112
Melhor altura = 445

Lower Bound 1 = 357
Lower Bound 2 = 351
Avaliação = 1.2465

Tempo de execução: 60s

---------------------------

Largura da faixa = 112
Melhor altura = 445

Lower Bound 1 = 357
Lower Bound 2 = 351
Avaliação = 1.2465

Tempo de execução: 60.0003s

---------------------------

Largura da faixa = 112
Melhor altura = 445

Lower Bound 1 = 357
Lower Bound 2 = 351
Avaliação = 1.2465

Tempo de execução: 60s

---------------------------

Largura da faixa = 112
Melhor altura = 445

Lower Bound 1 = 357
Lower Bound 2 = 351
Avaliação = 1.2465

Tempo de execução: 60s

---------------------------

Largura da faixa = 112
Melhor altura = 445

Lower Bound 1 = 357
Lower Bound 2 = 351
Avaliação = 1.2465

Tempo de execução: 60s

---------------------------

Largura da faixa = 112
Melhor altura = 445

Lower Bound 1 = 357
Lower Bound 2 = 351
Avaliação = 1.2465

Tempo de execução: 60.0003s

---------------------------

Largura da faixa = 112
Melhor altura = 445

Lower Bound 1 = 357
Lower Bound 2 = 351
Avaliação = 1.2465

Tempo de execução: 60.0002s

---------------------------

Largura da faixa = 112
Melhor altura = 449

Lower Bound 1 = 357
Lower Bound 2 = 351
Avaliação = 1.2577

Tempo de execução: 60.0003s

---------------------------

Largura da faixa = 112
Melhor altura = 445

Lower Bound 1 = 357
Lower Bound 2 = 351
Avaliação = 1.2465

Tempo de execução: 60.0002s

---------------------------

Largura da faixa = 112
Melhor altura = 445

Lower Bound 1 = 357
Lower Bound 2 = 351
Avaliação = 1.2465

Tempo de execução: 60.0001s

---------------------------

Largura da faixa = 112
Melhor altura = 445

Lower Bound 1 = 357
Lower Bound 2 = 351
Avaliação = 1.2465

Tempo de execução: 60.0003s

---------------------------

Largura da faixa = 112
Melhor altura = 445

Lower Bound 1 = 357
Lower Bound 2 = 351
Avaliação = 1.2465

Tempo de execução: 60.001s

---------------------------

Largura da faixa = 112
Melhor altura = 445

Lower Bound 1 = 357
Lower Bound 2 = 351
Avaliação = 1.2465

Tempo de execução: 60s

---------------------------

Largura da faixa = 112
Melhor altura = 445

Lower Bound 1 = 357
Lower Bound 2 = 351
Avaliação = 1.2465

Tempo de execução: 60.0004s

---------------------------

Largura da faixa = 112
Melhor altura = 445

Lower Bound 1 = 357
Lower Bound 2 = 351
Avaliação = 1.2465

Tempo de execução: 60s

---------------------------

Largura da faixa = 112
Melhor altura = 445

Lower Bound 1 = 357
Lower Bound 2 = 351
Avaliação = 1.2465

Tempo de execução: 60.0001s

---------------------------

Largura da faixa = 112
Melhor altura = 445

Lower Bound 1 = 357
Lower Bound 2 = 351
Avaliação = 1.2465

Tempo de execução: 60.0002s

---------------------------

