Largura da faixa = 151
Melhor altura = 393

Lower Bound 1 = 264
Lower Bound 2 = 344
Avaliação = 1.14244

Tempo de execução: 60s

---------------------------

Largura da faixa = 151
Melhor altura = 393

Lower Bound 1 = 264
Lower Bound 2 = 344
Avaliação = 1.14244

Tempo de execução: 60s

---------------------------

Largura da faixa = 151
Melhor altura = 393

Lower Bound 1 = 264
Lower Bound 2 = 344
Avaliação = 1.14244

Tempo de execução: 60.0001s

---------------------------

Largura da faixa = 151
Melhor altura = 393

Lower Bound 1 = 264
Lower Bound 2 = 344
Avaliação = 1.14244

Tempo de execução: 60s

---------------------------

Largura da faixa = 151
Melhor altura = 393

Lower Bound 1 = 264
Lower Bound 2 = 344
Avaliação = 1.14244

Tempo de execução: 60s

---------------------------

Largura da faixa = 151
Melhor altura = 393

Lower Bound 1 = 264
Lower Bound 2 = 344
Avaliação = 1.14244

Tempo de execução: 60.0001s

---------------------------

Largura da faixa = 151
Melhor altura = 393

Lower Bound 1 = 264
Lower Bound 2 = 344
Avaliação = 1.14244

Tempo de execução: 60s

---------------------------

Largura da faixa = 151
Melhor altura = 393

Lower Bound 1 = 264
Lower Bound 2 = 344
Avaliação = 1.14244

Tempo de execução: 60s

---------------------------

Largura da faixa = 151
Melhor altura = 393

Lower Bound 1 = 264
Lower Bound 2 = 344
Avaliação = 1.14244

Tempo de execução: 60s

---------------------------

Largura da faixa = 151
Melhor altura = 393

Lower Bound 1 = 264
Lower Bound 2 = 344
Avaliação = 1.14244

Tempo de execução: 60.0001s

---------------------------

Largura da faixa = 151
Melhor altura = 393

Lower Bound 1 = 264
Lower Bound 2 = 344
Avaliação = 1.14244

Tempo de execução: 60.0001s

---------------------------

Largura da faixa = 151
Melhor altura = 393

Lower Bound 1 = 264
Lower Bound 2 = 344
Avaliação = 1.14244

Tempo de execução: 60s

---------------------------

Largura da faixa = 151
Melhor altura = 393

Lower Bound 1 = 264
Lower Bound 2 = 344
Avaliação = 1.14244

Tempo de execução: 60s

---------------------------

Largura da faixa = 151
Melhor altura = 393

Lower Bound 1 = 264
Lower Bound 2 = 344
Avaliação = 1.14244

Tempo de execução: 60.0001s

---------------------------

Largura da faixa = 151
Melhor altura = 393

Lower Bound 1 = 264
Lower Bound 2 = 344
Avaliação = 1.14244

Tempo de execução: 60.0001s

---------------------------

Largura da faixa = 151
Melhor altura = 393

Lower Bound 1 = 264
Lower Bound 2 = 344
Avaliação = 1.14244

Tempo de execução: 60.0001s

---------------------------

Largura da faixa = 151
Melhor altura = 393

Lower Bound 1 = 264
Lower Bound 2 = 344
Avaliação = 1.14244

Tempo de execução: 60s

---------------------------

Largura da faixa = 151
Melhor altura = 393

Lower Bound 1 = 264
Lower Bound 2 = 344
Avaliação = 1.14244

Tempo de execução: 60s

---------------------------

Largura da faixa = 151
Melhor altura = 393

Lower Bound 1 = 264
Lower Bound 2 = 344
Avaliação = 1.14244

Tempo de execução: 60.0001s

---------------------------

Largura da faixa = 151
Melhor altura = 393

Lower Bound 1 = 264
Lower Bound 2 = 344
Avaliação = 1.14244

Tempo de execução: 60.0001s

---------------------------

