Largura da faixa = 121
Melhor altura = 395

Lower Bound 1 = 330
Lower Bound 2 = 304
Avaliação = 1.19697

Tempo de execução: 60s

---------------------------

Largura da faixa = 121
Melhor altura = 395

Lower Bound 1 = 330
Lower Bound 2 = 304
Avaliação = 1.19697

Tempo de execução: 60s

---------------------------

Largura da faixa = 121
Melhor altura = 395

Lower Bound 1 = 330
Lower Bound 2 = 304
Avaliação = 1.19697

Tempo de execução: 60s

---------------------------

Largura da faixa = 121
Melhor altura = 395

Lower Bound 1 = 330
Lower Bound 2 = 304
Avaliação = 1.19697

Tempo de execução: 60s

---------------------------

Largura da faixa = 121
Melhor altura = 395

Lower Bound 1 = 330
Lower Bound 2 = 304
Avaliação = 1.19697

Tempo de execução: 60.0001s

---------------------------

Largura da faixa = 121
Melhor altura = 395

Lower Bound 1 = 330
Lower Bound 2 = 304
Avaliação = 1.19697

Tempo de execução: 60.0001s

---------------------------

Largura da faixa = 121
Melhor altura = 395

Lower Bound 1 = 330
Lower Bound 2 = 304
Avaliação = 1.19697

Tempo de execução: 60.0001s

---------------------------

Largura da faixa = 121
Melhor altura = 395

Lower Bound 1 = 330
Lower Bound 2 = 304
Avaliação = 1.19697

Tempo de execução: 60s

---------------------------

Largura da faixa = 121
Melhor altura = 395

Lower Bound 1 = 330
Lower Bound 2 = 304
Avaliação = 1.19697

Tempo de execução: 60.0001s

---------------------------

Largura da faixa = 121
Melhor altura = 395

Lower Bound 1 = 330
Lower Bound 2 = 304
Avaliação = 1.19697

Tempo de execução: 60s

---------------------------

Largura da faixa = 121
Melhor altura = 395

Lower Bound 1 = 330
Lower Bound 2 = 304
Avaliação = 1.19697

Tempo de execução: 60s

---------------------------

Largura da faixa = 121
Melhor altura = 395

Lower Bound 1 = 330
Lower Bound 2 = 304
Avaliação = 1.19697

Tempo de execução: 60.0001s

---------------------------

Largura da faixa = 121
Melhor altura = 395

Lower Bound 1 = 330
Lower Bound 2 = 304
Avaliação = 1.19697

Tempo de execução: 60.0001s

---------------------------

Largura da faixa = 121
Melhor altura = 395

Lower Bound 1 = 330
Lower Bound 2 = 304
Avaliação = 1.19697

Tempo de execução: 60s

---------------------------

Largura da faixa = 121
Melhor altura = 395

Lower Bound 1 = 330
Lower Bound 2 = 304
Avaliação = 1.19697

Tempo de execução: 60.0001s

---------------------------

Largura da faixa = 121
Melhor altura = 395

Lower Bound 1 = 330
Lower Bound 2 = 304
Avaliação = 1.19697

Tempo de execução: 60s

---------------------------

Largura da faixa = 121
Melhor altura = 395

Lower Bound 1 = 330
Lower Bound 2 = 304
Avaliação = 1.19697

Tempo de execução: 60s

---------------------------

Largura da faixa = 121
Melhor altura = 395

Lower Bound 1 = 330
Lower Bound 2 = 304
Avaliação = 1.19697

Tempo de execução: 60.0001s

---------------------------

Largura da faixa = 121
Melhor altura = 395

Lower Bound 1 = 330
Lower Bound 2 = 304
Avaliação = 1.19697

Tempo de execução: 60s

---------------------------

Largura da faixa = 121
Melhor altura = 395

Lower Bound 1 = 330
Lower Bound 2 = 304
Avaliação = 1.19697

Tempo de execução: 60.0001s

---------------------------

