Largura da faixa = 132
Melhor altura = 362

Lower Bound 1 = 303
Lower Bound 2 = 318
Avaliação = 1.13836

Tempo de execução: 60.0001s

---------------------------

Largura da faixa = 132
Melhor altura = 362

Lower Bound 1 = 303
Lower Bound 2 = 318
Avaliação = 1.13836

Tempo de execução: 60.0001s

---------------------------

Largura da faixa = 132
Melhor altura = 362

Lower Bound 1 = 303
Lower Bound 2 = 318
Avaliação = 1.13836

Tempo de execução: 60.0001s

---------------------------

Largura da faixa = 132
Melhor altura = 362

Lower Bound 1 = 303
Lower Bound 2 = 318
Avaliação = 1.13836

Tempo de execução: 60s

---------------------------

Largura da faixa = 132
Melhor altura = 362

Lower Bound 1 = 303
Lower Bound 2 = 318
Avaliação = 1.13836

Tempo de execução: 60s

---------------------------

Largura da faixa = 132
Melhor altura = 362

Lower Bound 1 = 303
Lower Bound 2 = 318
Avaliação = 1.13836

Tempo de execução: 60.0001s

---------------------------

Largura da faixa = 132
Melhor altura = 362

Lower Bound 1 = 303
Lower Bound 2 = 318
Avaliação = 1.13836

Tempo de execução: 60s

---------------------------

Largura da faixa = 132
Melhor altura = 362

Lower Bound 1 = 303
Lower Bound 2 = 318
Avaliação = 1.13836

Tempo de execução: 60s

---------------------------

Largura da faixa = 132
Melhor altura = 362

Lower Bound 1 = 303
Lower Bound 2 = 318
Avaliação = 1.13836

Tempo de execução: 60s

---------------------------

Largura da faixa = 132
Melhor altura = 362

Lower Bound 1 = 303
Lower Bound 2 = 318
Avaliação = 1.13836

Tempo de execução: 60s

---------------------------

Largura da faixa = 132
Melhor altura = 362

Lower Bound 1 = 303
Lower Bound 2 = 318
Avaliação = 1.13836

Tempo de execução: 60s

---------------------------

Largura da faixa = 132
Melhor altura = 362

Lower Bound 1 = 303
Lower Bound 2 = 318
Avaliação = 1.13836

Tempo de execução: 60.0001s

---------------------------

Largura da faixa = 132
Melhor altura = 362

Lower Bound 1 = 303
Lower Bound 2 = 318
Avaliação = 1.13836

Tempo de execução: 60.0001s

---------------------------

Largura da faixa = 132
Melhor altura = 362

Lower Bound 1 = 303
Lower Bound 2 = 318
Avaliação = 1.13836

Tempo de execução: 60s

---------------------------

Largura da faixa = 132
Melhor altura = 362

Lower Bound 1 = 303
Lower Bound 2 = 318
Avaliação = 1.13836

Tempo de execução: 60.0002s

---------------------------

Largura da faixa = 132
Melhor altura = 362

Lower Bound 1 = 303
Lower Bound 2 = 318
Avaliação = 1.13836

Tempo de execução: 60.0002s

---------------------------

Largura da faixa = 132
Melhor altura = 362

Lower Bound 1 = 303
Lower Bound 2 = 318
Avaliação = 1.13836

Tempo de execução: 60s

---------------------------

Largura da faixa = 132
Melhor altura = 362

Lower Bound 1 = 303
Lower Bound 2 = 318
Avaliação = 1.13836

Tempo de execução: 60.0002s

---------------------------

Largura da faixa = 132
Melhor altura = 362

Lower Bound 1 = 303
Lower Bound 2 = 318
Avaliação = 1.13836

Tempo de execução: 60s

---------------------------

Largura da faixa = 132
Melhor altura = 362

Lower Bound 1 = 303
Lower Bound 2 = 318
Avaliação = 1.13836

Tempo de execução: 60.0001s

---------------------------

