Largura da faixa = 123
Melhor altura = 385

Lower Bound 1 = 325
Lower Bound 2 = 210
Avaliação = 1.18462

Tempo de execução: 60.0022s

---------------------------

Largura da faixa = 123
Melhor altura = 377

Lower Bound 1 = 325
Lower Bound 2 = 210
Avaliação = 1.16

Tempo de execução: 60.0007s

---------------------------

Largura da faixa = 123
Melhor altura = 377

Lower Bound 1 = 325
Lower Bound 2 = 210
Avaliação = 1.16

Tempo de execução: 60.0022s

---------------------------

Largura da faixa = 123
Melhor altura = 383

Lower Bound 1 = 325
Lower Bound 2 = 210
Avaliação = 1.17846

Tempo de execução: 60.0002s

---------------------------

Largura da faixa = 123
Melhor altura = 382

Lower Bound 1 = 325
Lower Bound 2 = 210
Avaliação = 1.17538

Tempo de execução: 60.0021s

---------------------------

Largura da faixa = 123
Melhor altura = 379

Lower Bound 1 = 325
Lower Bound 2 = 210
Avaliação = 1.16615

Tempo de execução: 60.0047s

---------------------------

Largura da faixa = 123
Melhor altura = 385

Lower Bound 1 = 325
Lower Bound 2 = 210
Avaliação = 1.18462

Tempo de execução: 60.0024s

---------------------------

Largura da faixa = 123
Melhor altura = 383

Lower Bound 1 = 325
Lower Bound 2 = 210
Avaliação = 1.17846

Tempo de execução: 60.0001s

---------------------------

Largura da faixa = 123
Melhor altura = 386

Lower Bound 1 = 325
Lower Bound 2 = 210
Avaliação = 1.18769

Tempo de execução: 60.0036s

---------------------------

Largura da faixa = 123
Melhor altura = 382

Lower Bound 1 = 325
Lower Bound 2 = 210
Avaliação = 1.17538

Tempo de execução: 60.0042s

---------------------------

Largura da faixa = 123
Melhor altura = 380

Lower Bound 1 = 325
Lower Bound 2 = 210
Avaliação = 1.16923

Tempo de execução: 60.0048s

---------------------------

Largura da faixa = 123
Melhor altura = 374

Lower Bound 1 = 325
Lower Bound 2 = 210
Avaliação = 1.15077

Tempo de execução: 60.0057s

---------------------------

Largura da faixa = 123
Melhor altura = 387

Lower Bound 1 = 325
Lower Bound 2 = 210
Avaliação = 1.19077

Tempo de execução: 60.0038s

---------------------------

Largura da faixa = 123
Melhor altura = 381

Lower Bound 1 = 325
Lower Bound 2 = 210
Avaliação = 1.17231

Tempo de execução: 60.0009s

---------------------------

Largura da faixa = 123
Melhor altura = 383

Lower Bound 1 = 325
Lower Bound 2 = 210
Avaliação = 1.17846

Tempo de execução: 60.0045s

---------------------------

Largura da faixa = 123
Melhor altura = 375

Lower Bound 1 = 325
Lower Bound 2 = 210
Avaliação = 1.15385

Tempo de execução: 60s

---------------------------

Largura da faixa = 123
Melhor altura = 379

Lower Bound 1 = 325
Lower Bound 2 = 210
Avaliação = 1.16615

Tempo de execução: 60.0015s

---------------------------

Largura da faixa = 123
Melhor altura = 377

Lower Bound 1 = 325
Lower Bound 2 = 210
Avaliação = 1.16

Tempo de execução: 60.0037s

---------------------------

Largura da faixa = 123
Melhor altura = 390

Lower Bound 1 = 325
Lower Bound 2 = 210
Avaliação = 1.2

Tempo de execução: 60.0006s

---------------------------

Largura da faixa = 123
Melhor altura = 381

Lower Bound 1 = 325
Lower Bound 2 = 210
Avaliação = 1.17231

Tempo de execução: 60.0015s

---------------------------

