Largura da faixa = 105
Melhor altura = 457

Lower Bound 1 = 380
Lower Bound 2 = 257
Avaliação = 1.20263

Tempo de execução: 60.0006s

---------------------------

Largura da faixa = 105
Melhor altura = 453

Lower Bound 1 = 380
Lower Bound 2 = 257
Avaliação = 1.19211

Tempo de execução: 60.0004s

---------------------------

Largura da faixa = 105
Melhor altura = 451

Lower Bound 1 = 380
Lower Bound 2 = 257
Avaliação = 1.18684

Tempo de execução: 60.0015s

---------------------------

Largura da faixa = 105
Melhor altura = 461

Lower Bound 1 = 380
Lower Bound 2 = 257
Avaliação = 1.21316

Tempo de execução: 60.0001s

---------------------------

Largura da faixa = 105
Melhor altura = 452

Lower Bound 1 = 380
Lower Bound 2 = 257
Avaliação = 1.18947

Tempo de execução: 60.0003s

---------------------------

Largura da faixa = 105
Melhor altura = 458

Lower Bound 1 = 380
Lower Bound 2 = 257
Avaliação = 1.20526

Tempo de execução: 60.0022s

---------------------------

Largura da faixa = 105
Melhor altura = 453

Lower Bound 1 = 380
Lower Bound 2 = 257
Avaliação = 1.19211

Tempo de execução: 60s

---------------------------

Largura da faixa = 105
Melhor altura = 454

Lower Bound 1 = 380
Lower Bound 2 = 257
Avaliação = 1.19474

Tempo de execução: 60.0007s

---------------------------

Largura da faixa = 105
Melhor altura = 459

Lower Bound 1 = 380
Lower Bound 2 = 257
Avaliação = 1.20789

Tempo de execução: 60.0014s

---------------------------

Largura da faixa = 105
Melhor altura = 450

Lower Bound 1 = 380
Lower Bound 2 = 257
Avaliação = 1.18421

Tempo de execução: 60.0001s

---------------------------

Largura da faixa = 105
Melhor altura = 439

Lower Bound 1 = 380
Lower Bound 2 = 257
Avaliação = 1.15526

Tempo de execução: 60.0001s

---------------------------

Largura da faixa = 105
Melhor altura = 456

Lower Bound 1 = 380
Lower Bound 2 = 257
Avaliação = 1.2

Tempo de execução: 60.0009s

---------------------------

Largura da faixa = 105
Melhor altura = 460

Lower Bound 1 = 380
Lower Bound 2 = 257
Avaliação = 1.21053

Tempo de execução: 60.0001s

---------------------------

Largura da faixa = 105
Melhor altura = 441

Lower Bound 1 = 380
Lower Bound 2 = 257
Avaliação = 1.16053

Tempo de execução: 60s

---------------------------

Largura da faixa = 105
Melhor altura = 450

Lower Bound 1 = 380
Lower Bound 2 = 257
Avaliação = 1.18421

Tempo de execução: 60.0033s

---------------------------

Largura da faixa = 105
Melhor altura = 461

Lower Bound 1 = 380
Lower Bound 2 = 257
Avaliação = 1.21316

Tempo de execução: 60.0001s

---------------------------

Largura da faixa = 105
Melhor altura = 453

Lower Bound 1 = 380
Lower Bound 2 = 257
Avaliação = 1.19211

Tempo de execução: 60.0003s

---------------------------

Largura da faixa = 105
Melhor altura = 455

Lower Bound 1 = 380
Lower Bound 2 = 257
Avaliação = 1.19737

Tempo de execução: 60.0007s

---------------------------

Largura da faixa = 105
Melhor altura = 447

Lower Bound 1 = 380
Lower Bound 2 = 257
Avaliação = 1.17632

Tempo de execução: 60.001s

---------------------------

Largura da faixa = 105
Melhor altura = 453

Lower Bound 1 = 380
Lower Bound 2 = 257
Avaliação = 1.19211

Tempo de execução: 60.0003s

---------------------------

