Largura da faixa = 94
Melhor altura = 520

Lower Bound 1 = 425
Lower Bound 2 = 168
Avaliação = 1.22353

Tempo de execução: 60.0032s

---------------------------

Largura da faixa = 94
Melhor altura = 526

Lower Bound 1 = 425
Lower Bound 2 = 168
Avaliação = 1.23765

Tempo de execução: 60.0202s

---------------------------

Largura da faixa = 94
Melhor altura = 513

Lower Bound 1 = 425
Lower Bound 2 = 168
Avaliação = 1.20706

Tempo de execução: 60.0456s

---------------------------

Largura da faixa = 94
Melhor altura = 517

Lower Bound 1 = 425
Lower Bound 2 = 168
Avaliação = 1.21647

Tempo de execução: 60.005s

---------------------------

Largura da faixa = 94
Melhor altura = 515

Lower Bound 1 = 425
Lower Bound 2 = 168
Avaliação = 1.21176

Tempo de execução: 60.0104s

---------------------------

Largura da faixa = 94
Melhor altura = 523

Lower Bound 1 = 425
Lower Bound 2 = 168
Avaliação = 1.23059

Tempo de execução: 60.0014s

---------------------------

Largura da faixa = 94
Melhor altura = 527

Lower Bound 1 = 425
Lower Bound 2 = 168
Avaliação = 1.24

Tempo de execução: 60.0255s

---------------------------

Largura da faixa = 94
Melhor altura = 512

Lower Bound 1 = 425
Lower Bound 2 = 168
Avaliação = 1.20471

Tempo de execução: 60.0012s

---------------------------

Largura da faixa = 94
Melhor altura = 513

Lower Bound 1 = 425
Lower Bound 2 = 168
Avaliação = 1.20706

Tempo de execução: 60.0347s

---------------------------

Largura da faixa = 94
Melhor altura = 523

Lower Bound 1 = 425
Lower Bound 2 = 168
Avaliação = 1.23059

Tempo de execução: 60.0158s

---------------------------

Largura da faixa = 94
Melhor altura = 518

Lower Bound 1 = 425
Lower Bound 2 = 168
Avaliação = 1.21882

Tempo de execução: 60.0328s

---------------------------

Largura da faixa = 94
Melhor altura = 528

Lower Bound 1 = 425
Lower Bound 2 = 168
Avaliação = 1.24235

Tempo de execução: 60.0287s

---------------------------

Largura da faixa = 94
Melhor altura = 518

Lower Bound 1 = 425
Lower Bound 2 = 168
Avaliação = 1.21882

Tempo de execução: 60.0034s

---------------------------

Largura da faixa = 94
Melhor altura = 523

Lower Bound 1 = 425
Lower Bound 2 = 168
Avaliação = 1.23059

Tempo de execução: 60.0106s

---------------------------

Largura da faixa = 94
Melhor altura = 525

Lower Bound 1 = 425
Lower Bound 2 = 168
Avaliação = 1.23529

Tempo de execução: 60.0879s

---------------------------

Largura da faixa = 94
Melhor altura = 520

Lower Bound 1 = 425
Lower Bound 2 = 168
Avaliação = 1.22353

Tempo de execução: 60.0478s

---------------------------

Largura da faixa = 94
Melhor altura = 517

Lower Bound 1 = 425
Lower Bound 2 = 168
Avaliação = 1.21647

Tempo de execução: 60.0472s

---------------------------

Largura da faixa = 94
Melhor altura = 518

Lower Bound 1 = 425
Lower Bound 2 = 168
Avaliação = 1.21882

Tempo de execução: 60.0624s

---------------------------

Largura da faixa = 94
Melhor altura = 520

Lower Bound 1 = 425
Lower Bound 2 = 168
Avaliação = 1.22353

Tempo de execução: 60.0004s

---------------------------

Largura da faixa = 94
Melhor altura = 518

Lower Bound 1 = 425
Lower Bound 2 = 168
Avaliação = 1.21882

Tempo de execução: 60.0164s

---------------------------

