Largura da faixa = 143
Melhor altura = 365

Lower Bound 1 = 279
Lower Bound 2 = 249
Avaliação = 1.30824

Tempo de execução: 60s

---------------------------

Largura da faixa = 143
Melhor altura = 379

Lower Bound 1 = 279
Lower Bound 2 = 249
Avaliação = 1.35842

Tempo de execução: 60.0005s

---------------------------

Largura da faixa = 143
Melhor altura = 378

Lower Bound 1 = 279
Lower Bound 2 = 249
Avaliação = 1.35484

Tempo de execução: 60.0005s

---------------------------

Largura da faixa = 143
Melhor altura = 375

Lower Bound 1 = 279
Lower Bound 2 = 249
Avaliação = 1.34409

Tempo de execução: 60.0001s

---------------------------

Largura da faixa = 143
Melhor altura = 363

Lower Bound 1 = 279
Lower Bound 2 = 249
Avaliação = 1.30108

Tempo de execução: 60.0001s

---------------------------

Largura da faixa = 143
Melhor altura = 363

Lower Bound 1 = 279
Lower Bound 2 = 249
Avaliação = 1.30108

Tempo de execução: 60s

---------------------------

Largura da faixa = 143
Melhor altura = 375

Lower Bound 1 = 279
Lower Bound 2 = 249
Avaliação = 1.34409

Tempo de execução: 60s

---------------------------

Largura da faixa = 143
Melhor altura = 375

Lower Bound 1 = 279
Lower Bound 2 = 249
Avaliação = 1.34409

Tempo de execução: 60s

---------------------------

Largura da faixa = 143
Melhor altura = 373

Lower Bound 1 = 279
Lower Bound 2 = 249
Avaliação = 1.33692

Tempo de execução: 60.0002s

---------------------------

Largura da faixa = 143
Melhor altura = 364

Lower Bound 1 = 279
Lower Bound 2 = 249
Avaliação = 1.30466

Tempo de execução: 60.0006s

---------------------------

Largura da faixa = 143
Melhor altura = 370

Lower Bound 1 = 279
Lower Bound 2 = 249
Avaliação = 1.32616

Tempo de execução: 60s

---------------------------

Largura da faixa = 143
Melhor altura = 365

Lower Bound 1 = 279
Lower Bound 2 = 249
Avaliação = 1.30824

Tempo de execução: 60.0006s

---------------------------

Largura da faixa = 143
Melhor altura = 375

Lower Bound 1 = 279
Lower Bound 2 = 249
Avaliação = 1.34409

Tempo de execução: 60.0001s

---------------------------

Largura da faixa = 143
Melhor altura = 374

Lower Bound 1 = 279
Lower Bound 2 = 249
Avaliação = 1.3405

Tempo de execução: 60.0001s

---------------------------

Largura da faixa = 143
Melhor altura = 367

Lower Bound 1 = 279
Lower Bound 2 = 249
Avaliação = 1.31541

Tempo de execução: 60.0007s

---------------------------

Largura da faixa = 143
Melhor altura = 370

Lower Bound 1 = 279
Lower Bound 2 = 249
Avaliação = 1.32616

Tempo de execução: 60.0006s

---------------------------

Largura da faixa = 143
Melhor altura = 371

Lower Bound 1 = 279
Lower Bound 2 = 249
Avaliação = 1.32975

Tempo de execução: 60.0004s

---------------------------

Largura da faixa = 143
Melhor altura = 363

Lower Bound 1 = 279
Lower Bound 2 = 249
Avaliação = 1.30108

Tempo de execução: 60.0005s

---------------------------

Largura da faixa = 143
Melhor altura = 371

Lower Bound 1 = 279
Lower Bound 2 = 249
Avaliação = 1.32975

Tempo de execução: 60.0001s

---------------------------

Largura da faixa = 143
Melhor altura = 379

Lower Bound 1 = 279
Lower Bound 2 = 249
Avaliação = 1.35842

Tempo de execução: 60.0006s

---------------------------

