Largura da faixa = 129
Melhor altura = 373

Lower Bound 1 = 310
Lower Bound 2 = 241
Avaliação = 1.20323

Tempo de execução: 60.0001s

---------------------------

Largura da faixa = 129
Melhor altura = 373

Lower Bound 1 = 310
Lower Bound 2 = 241
Avaliação = 1.20323

Tempo de execução: 60.0002s

---------------------------

Largura da faixa = 129
Melhor altura = 373

Lower Bound 1 = 310
Lower Bound 2 = 241
Avaliação = 1.20323

Tempo de execução: 60.0001s

---------------------------

Largura da faixa = 129
Melhor altura = 373

Lower Bound 1 = 310
Lower Bound 2 = 241
Avaliação = 1.20323

Tempo de execução: 60s

---------------------------

Largura da faixa = 129
Melhor altura = 373

Lower Bound 1 = 310
Lower Bound 2 = 241
Avaliação = 1.20323

Tempo de execução: 60s

---------------------------

Largura da faixa = 129
Melhor altura = 373

Lower Bound 1 = 310
Lower Bound 2 = 241
Avaliação = 1.20323

Tempo de execução: 60.0001s

---------------------------

Largura da faixa = 129
Melhor altura = 373

Lower Bound 1 = 310
Lower Bound 2 = 241
Avaliação = 1.20323

Tempo de execução: 60.0001s

---------------------------

Largura da faixa = 129
Melhor altura = 373

Lower Bound 1 = 310
Lower Bound 2 = 241
Avaliação = 1.20323

Tempo de execução: 60.0001s

---------------------------

Largura da faixa = 129
Melhor altura = 373

Lower Bound 1 = 310
Lower Bound 2 = 241
Avaliação = 1.20323

Tempo de execução: 60s

---------------------------

Largura da faixa = 129
Melhor altura = 373

Lower Bound 1 = 310
Lower Bound 2 = 241
Avaliação = 1.20323

Tempo de execução: 60.0001s

---------------------------

Largura da faixa = 129
Melhor altura = 373

Lower Bound 1 = 310
Lower Bound 2 = 241
Avaliação = 1.20323

Tempo de execução: 60.0004s

---------------------------

Largura da faixa = 129
Melhor altura = 373

Lower Bound 1 = 310
Lower Bound 2 = 241
Avaliação = 1.20323

Tempo de execução: 60.0003s

---------------------------

Largura da faixa = 129
Melhor altura = 373

Lower Bound 1 = 310
Lower Bound 2 = 241
Avaliação = 1.20323

Tempo de execução: 60.0001s

---------------------------

Largura da faixa = 129
Melhor altura = 373

Lower Bound 1 = 310
Lower Bound 2 = 241
Avaliação = 1.20323

Tempo de execução: 60.0002s

---------------------------

Largura da faixa = 129
Melhor altura = 373

Lower Bound 1 = 310
Lower Bound 2 = 241
Avaliação = 1.20323

Tempo de execução: 60.0003s

---------------------------

Largura da faixa = 129
Melhor altura = 373

Lower Bound 1 = 310
Lower Bound 2 = 241
Avaliação = 1.20323

Tempo de execução: 60s

---------------------------

Largura da faixa = 129
Melhor altura = 373

Lower Bound 1 = 310
Lower Bound 2 = 241
Avaliação = 1.20323

Tempo de execução: 60s

---------------------------

Largura da faixa = 129
Melhor altura = 373

Lower Bound 1 = 310
Lower Bound 2 = 241
Avaliação = 1.20323

Tempo de execução: 60.0001s

---------------------------

Largura da faixa = 129
Melhor altura = 373

Lower Bound 1 = 310
Lower Bound 2 = 241
Avaliação = 1.20323

Tempo de execução: 60.0001s

---------------------------

Largura da faixa = 129
Melhor altura = 373

Lower Bound 1 = 310
Lower Bound 2 = 241
Avaliação = 1.20323

Tempo de execução: 60.0004s

---------------------------

