Largura da faixa = 97
Melhor altura = 498

Lower Bound 1 = 412
Lower Bound 2 = 218
Avaliação = 1.20874

Tempo de execução: 60.0006s

---------------------------

Largura da faixa = 97
Melhor altura = 499

Lower Bound 1 = 412
Lower Bound 2 = 218
Avaliação = 1.21117

Tempo de execução: 60.0006s

---------------------------

Largura da faixa = 97
Melhor altura = 488

Lower Bound 1 = 412
Lower Bound 2 = 218
Avaliação = 1.18447

Tempo de execução: 60.0009s

---------------------------

Largura da faixa = 97
Melhor altura = 499

Lower Bound 1 = 412
Lower Bound 2 = 218
Avaliação = 1.21117

Tempo de execução: 60.0009s

---------------------------

Largura da faixa = 97
Melhor altura = 495

Lower Bound 1 = 412
Lower Bound 2 = 218
Avaliação = 1.20146

Tempo de execução: 60.0012s

---------------------------

Largura da faixa = 97
Melhor altura = 491

Lower Bound 1 = 412
Lower Bound 2 = 218
Avaliação = 1.19175

Tempo de execução: 60.0058s

---------------------------

Largura da faixa = 97
Melhor altura = 494

Lower Bound 1 = 412
Lower Bound 2 = 218
Avaliação = 1.19903

Tempo de execução: 60.0008s

---------------------------

Largura da faixa = 97
Melhor altura = 502

Lower Bound 1 = 412
Lower Bound 2 = 218
Avaliação = 1.21845

Tempo de execução: 60.0016s

---------------------------

Largura da faixa = 97
Melhor altura = 501

Lower Bound 1 = 412
Lower Bound 2 = 218
Avaliação = 1.21602

Tempo de execução: 60.0056s

---------------------------

Largura da faixa = 97
Melhor altura = 491

Lower Bound 1 = 412
Lower Bound 2 = 218
Avaliação = 1.19175

Tempo de execução: 60.0005s

---------------------------

Largura da faixa = 97
Melhor altura = 494

Lower Bound 1 = 412
Lower Bound 2 = 218
Avaliação = 1.19903

Tempo de execução: 60.0006s

---------------------------

Largura da faixa = 97
Melhor altura = 498

Lower Bound 1 = 412
Lower Bound 2 = 218
Avaliação = 1.20874

Tempo de execução: 60.0026s

---------------------------

Largura da faixa = 97
Melhor altura = 501

Lower Bound 1 = 412
Lower Bound 2 = 218
Avaliação = 1.21602

Tempo de execução: 60.0004s

---------------------------

Largura da faixa = 97
Melhor altura = 503

Lower Bound 1 = 412
Lower Bound 2 = 218
Avaliação = 1.22087

Tempo de execução: 60.0002s

---------------------------

Largura da faixa = 97
Melhor altura = 484

Lower Bound 1 = 412
Lower Bound 2 = 218
Avaliação = 1.17476

Tempo de execução: 60.0014s

---------------------------

Largura da faixa = 97
Melhor altura = 496

Lower Bound 1 = 412
Lower Bound 2 = 218
Avaliação = 1.20388

Tempo de execução: 60.0011s

---------------------------

Largura da faixa = 97
Melhor altura = 497

Lower Bound 1 = 412
Lower Bound 2 = 218
Avaliação = 1.20631

Tempo de execução: 60.0001s

---------------------------

Largura da faixa = 97
Melhor altura = 503

Lower Bound 1 = 412
Lower Bound 2 = 218
Avaliação = 1.22087

Tempo de execução: 60.0044s

---------------------------

Largura da faixa = 97
Melhor altura = 494

Lower Bound 1 = 412
Lower Bound 2 = 218
Avaliação = 1.19903

Tempo de execução: 60.0007s

---------------------------

Largura da faixa = 97
Melhor altura = 488

Lower Bound 1 = 412
Lower Bound 2 = 218
Avaliação = 1.18447

Tempo de execução: 60.0021s

---------------------------

