Largura da faixa = 62
Melhor altura = 222

Lower Bound 1 = 169
Lower Bound 2 = 170
Avaliação = 1.30588

Tempo de execução: 60.0023s

---------------------------

Largura da faixa = 62
Melhor altura = 223

Lower Bound 1 = 169
Lower Bound 2 = 170
Avaliação = 1.31176

Tempo de execução: 60.0093s

---------------------------

Largura da faixa = 62
Melhor altura = 225

Lower Bound 1 = 169
Lower Bound 2 = 170
Avaliação = 1.32353

Tempo de execução: 60.0088s

---------------------------

Largura da faixa = 62
Melhor altura = 225

Lower Bound 1 = 169
Lower Bound 2 = 170
Avaliação = 1.32353

Tempo de execução: 60.0007s

---------------------------

Largura da faixa = 62
Melhor altura = 225

Lower Bound 1 = 169
Lower Bound 2 = 170
Avaliação = 1.32353

Tempo de execução: 60.01s

---------------------------

Largura da faixa = 62
Melhor altura = 215

Lower Bound 1 = 169
Lower Bound 2 = 170
Avaliação = 1.26471

Tempo de execução: 60.0152s

---------------------------

Largura da faixa = 62
Melhor altura = 221

Lower Bound 1 = 169
Lower Bound 2 = 170
Avaliação = 1.3

Tempo de execução: 60.0115s

---------------------------

Largura da faixa = 62
Melhor altura = 220

Lower Bound 1 = 169
Lower Bound 2 = 170
Avaliação = 1.29412

Tempo de execução: 60.0034s

---------------------------

Largura da faixa = 62
Melhor altura = 218

Lower Bound 1 = 169
Lower Bound 2 = 170
Avaliação = 1.28235

Tempo de execução: 60.021s

---------------------------

Largura da faixa = 62
Melhor altura = 221

Lower Bound 1 = 169
Lower Bound 2 = 170
Avaliação = 1.3

Tempo de execução: 60.0049s

---------------------------

Largura da faixa = 62
Melhor altura = 224

Lower Bound 1 = 169
Lower Bound 2 = 170
Avaliação = 1.31765

Tempo de execução: 60.0179s

---------------------------

Largura da faixa = 62
Melhor altura = 227

Lower Bound 1 = 169
Lower Bound 2 = 170
Avaliação = 1.33529

Tempo de execução: 60.0246s

---------------------------

Largura da faixa = 62
Melhor altura = 220

Lower Bound 1 = 169
Lower Bound 2 = 170
Avaliação = 1.29412

Tempo de execução: 60.008s

---------------------------

Largura da faixa = 62
Melhor altura = 223

Lower Bound 1 = 169
Lower Bound 2 = 170
Avaliação = 1.31176

Tempo de execução: 60.0127s

---------------------------

Largura da faixa = 62
Melhor altura = 225

Lower Bound 1 = 169
Lower Bound 2 = 170
Avaliação = 1.32353

Tempo de execução: 60.0098s

---------------------------

Largura da faixa = 62
Melhor altura = 223

Lower Bound 1 = 169
Lower Bound 2 = 170
Avaliação = 1.31176

Tempo de execução: 60.0019s

---------------------------

Largura da faixa = 62
Melhor altura = 224

Lower Bound 1 = 169
Lower Bound 2 = 170
Avaliação = 1.31765

Tempo de execução: 60.0039s

---------------------------

Largura da faixa = 62
Melhor altura = 224

Lower Bound 1 = 169
Lower Bound 2 = 170
Avaliação = 1.31765

Tempo de execução: 60.0164s

---------------------------

Largura da faixa = 62
Melhor altura = 216

Lower Bound 1 = 169
Lower Bound 2 = 170
Avaliação = 1.27059

Tempo de execução: 60.0056s

---------------------------

Largura da faixa = 62
Melhor altura = 223

Lower Bound 1 = 169
Lower Bound 2 = 170
Avaliação = 1.31176

Tempo de execução: 60.0073s

---------------------------

