Largura da faixa = 70
Melhor altura = 183

Lower Bound 1 = 150
Lower Bound 2 = 91
Avaliação = 1.22

Tempo de execução: 60.0241s

---------------------------

Largura da faixa = 70
Melhor altura = 183

Lower Bound 1 = 150
Lower Bound 2 = 91
Avaliação = 1.22

Tempo de execução: 60.0249s

---------------------------

Largura da faixa = 70
Melhor altura = 182

Lower Bound 1 = 150
Lower Bound 2 = 91
Avaliação = 1.21333

Tempo de execução: 60.0621s

---------------------------

Largura da faixa = 70
Melhor altura = 181

Lower Bound 1 = 150
Lower Bound 2 = 91
Avaliação = 1.20667

Tempo de execução: 60.0307s

---------------------------

Largura da faixa = 70
Melhor altura = 184

Lower Bound 1 = 150
Lower Bound 2 = 91
Avaliação = 1.22667

Tempo de execução: 60.0255s

---------------------------

Largura da faixa = 70
Melhor altura = 181

Lower Bound 1 = 150
Lower Bound 2 = 91
Avaliação = 1.20667

Tempo de execução: 60.0459s

---------------------------

Largura da faixa = 70
Melhor altura = 182

Lower Bound 1 = 150
Lower Bound 2 = 91
Avaliação = 1.21333

Tempo de execução: 60.018s

---------------------------

Largura da faixa = 70
Melhor altura = 181

Lower Bound 1 = 150
Lower Bound 2 = 91
Avaliação = 1.20667

Tempo de execução: 60.0212s

---------------------------

Largura da faixa = 70
Melhor altura = 180

Lower Bound 1 = 150
Lower Bound 2 = 91
Avaliação = 1.2

Tempo de execução: 60.0432s

---------------------------

Largura da faixa = 70
Melhor altura = 181

Lower Bound 1 = 150
Lower Bound 2 = 91
Avaliação = 1.20667

Tempo de execução: 60.061s

---------------------------

Largura da faixa = 70
Melhor altura = 184

Lower Bound 1 = 150
Lower Bound 2 = 91
Avaliação = 1.22667

Tempo de execução: 60.0553s

---------------------------

Largura da faixa = 70
Melhor altura = 184

Lower Bound 1 = 150
Lower Bound 2 = 91
Avaliação = 1.22667

Tempo de execução: 60.0789s

---------------------------

Largura da faixa = 70
Melhor altura = 181

Lower Bound 1 = 150
Lower Bound 2 = 91
Avaliação = 1.20667

Tempo de execução: 60.0044s

---------------------------

Largura da faixa = 70
Melhor altura = 182

Lower Bound 1 = 150
Lower Bound 2 = 91
Avaliação = 1.21333

Tempo de execução: 60.05s

---------------------------

Largura da faixa = 70
Melhor altura = 181

Lower Bound 1 = 150
Lower Bound 2 = 91
Avaliação = 1.20667

Tempo de execução: 60.0455s

---------------------------

Largura da faixa = 70
Melhor altura = 182

Lower Bound 1 = 150
Lower Bound 2 = 91
Avaliação = 1.21333

Tempo de execução: 60.001s

---------------------------

Largura da faixa = 70
Melhor altura = 179

Lower Bound 1 = 150
Lower Bound 2 = 91
Avaliação = 1.19333

Tempo de execução: 60.0465s

---------------------------

Largura da faixa = 70
Melhor altura = 181

Lower Bound 1 = 150
Lower Bound 2 = 91
Avaliação = 1.20667

Tempo de execução: 60.0787s

---------------------------

Largura da faixa = 70
Melhor altura = 183

Lower Bound 1 = 150
Lower Bound 2 = 91
Avaliação = 1.22

Tempo de execução: 60.0255s

---------------------------

Largura da faixa = 70
Melhor altura = 184

Lower Bound 1 = 150
Lower Bound 2 = 91
Avaliação = 1.22667

Tempo de execução: 60.0345s

---------------------------

