Largura da faixa = 125
Melhor altura = 313

Lower Bound 1 = 240
Lower Bound 2 = 125
Avaliação = 1.30417

Tempo de execução: 60.1254s

---------------------------

Largura da faixa = 125
Melhor altura = 314

Lower Bound 1 = 240
Lower Bound 2 = 125
Avaliação = 1.30833

Tempo de execução: 60.127s

---------------------------

Largura da faixa = 125
Melhor altura = 314

Lower Bound 1 = 240
Lower Bound 2 = 125
Avaliação = 1.30833

Tempo de execução: 60.2935s

---------------------------

Largura da faixa = 125
Melhor altura = 314

Lower Bound 1 = 240
Lower Bound 2 = 125
Avaliação = 1.30833

Tempo de execução: 60.1159s

---------------------------

Largura da faixa = 125
Melhor altura = 316

Lower Bound 1 = 240
Lower Bound 2 = 125
Avaliação = 1.31667

Tempo de execução: 60.3635s

---------------------------

Largura da faixa = 125
Melhor altura = 314

Lower Bound 1 = 240
Lower Bound 2 = 125
Avaliação = 1.30833

Tempo de execução: 60.4837s

---------------------------

Largura da faixa = 125
Melhor altura = 315

Lower Bound 1 = 240
Lower Bound 2 = 125
Avaliação = 1.3125

Tempo de execução: 60.0671s

---------------------------

Largura da faixa = 125
Melhor altura = 317

Lower Bound 1 = 240
Lower Bound 2 = 125
Avaliação = 1.32083

Tempo de execução: 60.1257s

---------------------------

Largura da faixa = 125
Melhor altura = 310

Lower Bound 1 = 240
Lower Bound 2 = 125
Avaliação = 1.29167

Tempo de execução: 60.3898s

---------------------------

Largura da faixa = 125
Melhor altura = 314

Lower Bound 1 = 240
Lower Bound 2 = 125
Avaliação = 1.30833

Tempo de execução: 60.1185s

---------------------------

Largura da faixa = 125
Melhor altura = 314

Lower Bound 1 = 240
Lower Bound 2 = 125
Avaliação = 1.30833

Tempo de execução: 60.1437s

---------------------------

Largura da faixa = 125
Melhor altura = 312

Lower Bound 1 = 240
Lower Bound 2 = 125
Avaliação = 1.3

Tempo de execução: 60.1407s

---------------------------

Largura da faixa = 125
Melhor altura = 316

Lower Bound 1 = 240
Lower Bound 2 = 125
Avaliação = 1.31667

Tempo de execução: 60.1076s

---------------------------

Largura da faixa = 125
Melhor altura = 316

Lower Bound 1 = 240
Lower Bound 2 = 125
Avaliação = 1.31667

Tempo de execução: 60.2086s

---------------------------

Largura da faixa = 125
Melhor altura = 317

Lower Bound 1 = 240
Lower Bound 2 = 125
Avaliação = 1.32083

Tempo de execução: 60.2184s

---------------------------

Largura da faixa = 125
Melhor altura = 312

Lower Bound 1 = 240
Lower Bound 2 = 125
Avaliação = 1.3

Tempo de execução: 60.0483s

---------------------------

Largura da faixa = 125
Melhor altura = 314

Lower Bound 1 = 240
Lower Bound 2 = 125
Avaliação = 1.30833

Tempo de execução: 60.2792s

---------------------------

Largura da faixa = 125
Melhor altura = 314

Lower Bound 1 = 240
Lower Bound 2 = 125
Avaliação = 1.30833

Tempo de execução: 60.3273s

---------------------------

Largura da faixa = 125
Melhor altura = 313

Lower Bound 1 = 240
Lower Bound 2 = 125
Avaliação = 1.30417

Tempo de execução: 60.4522s

---------------------------

Largura da faixa = 125
Melhor altura = 316

Lower Bound 1 = 240
Lower Bound 2 = 125
Avaliação = 1.31667

Tempo de execução: 60.3286s

---------------------------

