Largura da faixa = 40
Melhor altura = 44

Lower Bound 1 = 40
Lower Bound 2 = 44
Avaliação = 1

Tempo de execução: 65.0435s

---------------------------

Largura da faixa = 40
Melhor altura = 44

Lower Bound 1 = 40
Lower Bound 2 = 44
Avaliação = 1

Tempo de execução: 65.0438s

---------------------------

Largura da faixa = 40
Melhor altura = 44

Lower Bound 1 = 40
Lower Bound 2 = 44
Avaliação = 1

Tempo de execução: 65.0439s

---------------------------

Largura da faixa = 40
Melhor altura = 44

Lower Bound 1 = 40
Lower Bound 2 = 44
Avaliação = 1

Tempo de execução: 61.7425s

---------------------------

Largura da faixa = 40
Melhor altura = 44

Lower Bound 1 = 40
Lower Bound 2 = 44
Avaliação = 1

Tempo de execução: 61.7425s

---------------------------

Largura da faixa = 40
Melhor altura = 44

Lower Bound 1 = 40
Lower Bound 2 = 44
Avaliação = 1

Tempo de execução: 61.7425s

---------------------------

Largura da faixa = 40
Melhor altura = 44

Lower Bound 1 = 40
Lower Bound 2 = 44
Avaliação = 1

Tempo de execução: 69.3086s

---------------------------

Largura da faixa = 40
Melhor altura = 44

Lower Bound 1 = 40
Lower Bound 2 = 44
Avaliação = 1

Tempo de execução: 64.4528s

---------------------------

Largura da faixa = 40
Melhor altura = 44

Lower Bound 1 = 40
Lower Bound 2 = 44
Avaliação = 1

Tempo de execução: 69.3086s

---------------------------

Largura da faixa = 40
Melhor altura = 44

Lower Bound 1 = 40
Lower Bound 2 = 44
Avaliação = 1

Tempo de execução: 61.3807s

---------------------------

Largura da faixa = 40
Melhor altura = 44

Lower Bound 1 = 40
Lower Bound 2 = 44
Avaliação = 1

Tempo de execução: 61.3524s

---------------------------

Largura da faixa = 40
Melhor altura = 44

Lower Bound 1 = 40
Lower Bound 2 = 44
Avaliação = 1

Tempo de execução: 61.3807s

---------------------------

Largura da faixa = 40
Melhor altura = 44

Lower Bound 1 = 40
Lower Bound 2 = 44
Avaliação = 1

Tempo de execução: 61.9172s

---------------------------

Largura da faixa = 40
Melhor altura = 44

Lower Bound 1 = 40
Lower Bound 2 = 44
Avaliação = 1

Tempo de execução: 60.9702s

---------------------------

Largura da faixa = 40
Melhor altura = 44

Lower Bound 1 = 40
Lower Bound 2 = 44
Avaliação = 1

Tempo de execução: 61.9174s

---------------------------

Largura da faixa = 40
Melhor altura = 44

Lower Bound 1 = 40
Lower Bound 2 = 44
Avaliação = 1

Tempo de execução: 60.0009s

---------------------------

Largura da faixa = 40
Melhor altura = 44

Lower Bound 1 = 40
Lower Bound 2 = 44
Avaliação = 1

Tempo de execução: 60.0009s

---------------------------

Largura da faixa = 40
Melhor altura = 44

Lower Bound 1 = 40
Lower Bound 2 = 44
Avaliação = 1

Tempo de execução: 60.0009s

---------------------------

Largura da faixa = 40
Melhor altura = 44

Lower Bound 1 = 40
Lower Bound 2 = 44
Avaliação = 1

Tempo de execução: 60s

---------------------------

Largura da faixa = 40
Melhor altura = 44

Lower Bound 1 = 40
Lower Bound 2 = 44
Avaliação = 1

Tempo de execução: 60s

---------------------------

