Largura da faixa = 23
Melhor altura = 76

Lower Bound 1 = 65
Lower Bound 2 = 73
Avaliação = 1.0411

Tempo de execução: 60s

---------------------------

Largura da faixa = 23
Melhor altura = 76

Lower Bound 1 = 65
Lower Bound 2 = 73
Avaliação = 1.0411

Tempo de execução: 60s

---------------------------

Largura da faixa = 23
Melhor altura = 76

Lower Bound 1 = 65
Lower Bound 2 = 73
Avaliação = 1.0411

Tempo de execução: 60s

---------------------------

Largura da faixa = 23
Melhor altura = 77

Lower Bound 1 = 65
Lower Bound 2 = 73
Avaliação = 1.05479

Tempo de execução: 60s

---------------------------

Largura da faixa = 23
Melhor altura = 77

Lower Bound 1 = 65
Lower Bound 2 = 73
Avaliação = 1.05479

Tempo de execução: 60s

---------------------------

Largura da faixa = 23
Melhor altura = 76

Lower Bound 1 = 65
Lower Bound 2 = 73
Avaliação = 1.0411

Tempo de execução: 60.0001s

---------------------------

Largura da faixa = 23
Melhor altura = 77

Lower Bound 1 = 65
Lower Bound 2 = 73
Avaliação = 1.05479

Tempo de execução: 60s

---------------------------

Largura da faixa = 23
Melhor altura = 77

Lower Bound 1 = 65
Lower Bound 2 = 73
Avaliação = 1.05479

Tempo de execução: 60.0001s

---------------------------

Largura da faixa = 23
Melhor altura = 76

Lower Bound 1 = 65
Lower Bound 2 = 73
Avaliação = 1.0411

Tempo de execução: 60s

---------------------------

Largura da faixa = 23
Melhor altura = 76

Lower Bound 1 = 65
Lower Bound 2 = 73
Avaliação = 1.0411

Tempo de execução: 60s

---------------------------

Largura da faixa = 23
Melhor altura = 76

Lower Bound 1 = 65
Lower Bound 2 = 73
Avaliação = 1.0411

Tempo de execução: 60s

---------------------------

Largura da faixa = 23
Melhor altura = 77

Lower Bound 1 = 65
Lower Bound 2 = 73
Avaliação = 1.05479

Tempo de execução: 60.0001s

---------------------------

Largura da faixa = 23
Melhor altura = 76

Lower Bound 1 = 65
Lower Bound 2 = 73
Avaliação = 1.0411

Tempo de execução: 60s

---------------------------

Largura da faixa = 23
Melhor altura = 76

Lower Bound 1 = 65
Lower Bound 2 = 73
Avaliação = 1.0411

Tempo de execução: 60s

---------------------------

Largura da faixa = 23
Melhor altura = 77

Lower Bound 1 = 65
Lower Bound 2 = 73
Avaliação = 1.05479

Tempo de execução: 60s

---------------------------

Largura da faixa = 23
Melhor altura = 76

Lower Bound 1 = 65
Lower Bound 2 = 73
Avaliação = 1.0411

Tempo de execução: 60s

---------------------------

Largura da faixa = 23
Melhor altura = 76

Lower Bound 1 = 65
Lower Bound 2 = 73
Avaliação = 1.0411

Tempo de execução: 60s

---------------------------

Largura da faixa = 23
Melhor altura = 76

Lower Bound 1 = 65
Lower Bound 2 = 73
Avaliação = 1.0411

Tempo de execução: 60.0001s

---------------------------

Largura da faixa = 23
Melhor altura = 76

Lower Bound 1 = 65
Lower Bound 2 = 73
Avaliação = 1.0411

Tempo de execução: 60s

---------------------------

Largura da faixa = 23
Melhor altura = 76

Lower Bound 1 = 65
Lower Bound 2 = 73
Avaliação = 1.0411

Tempo de execução: 60.0001s

---------------------------

