Largura da faixa = 32
Melhor altura = 49

Lower Bound 1 = 46
Lower Bound 2 = 32
Avaliação = 1.06522

Tempo de execução: 60.0002s

---------------------------

Largura da faixa = 32
Melhor altura = 49

Lower Bound 1 = 46
Lower Bound 2 = 32
Avaliação = 1.06522

Tempo de execução: 60.0005s

---------------------------

Largura da faixa = 32
Melhor altura = 49

Lower Bound 1 = 46
Lower Bound 2 = 32
Avaliação = 1.06522

Tempo de execução: 60.0005s

---------------------------

Largura da faixa = 32
Melhor altura = 49

Lower Bound 1 = 46
Lower Bound 2 = 32
Avaliação = 1.06522

Tempo de execução: 60.0002s

---------------------------

Largura da faixa = 32
Melhor altura = 49

Lower Bound 1 = 46
Lower Bound 2 = 32
Avaliação = 1.06522

Tempo de execução: 60.0004s

---------------------------

Largura da faixa = 32
Melhor altura = 50

Lower Bound 1 = 46
Lower Bound 2 = 32
Avaliação = 1.08696

Tempo de execução: 60.0002s

---------------------------

Largura da faixa = 32
Melhor altura = 50

Lower Bound 1 = 46
Lower Bound 2 = 32
Avaliação = 1.08696

Tempo de execução: 60.0001s

---------------------------

Largura da faixa = 32
Melhor altura = 49

Lower Bound 1 = 46
Lower Bound 2 = 32
Avaliação = 1.06522

Tempo de execução: 60.0002s

---------------------------

Largura da faixa = 32
Melhor altura = 50

Lower Bound 1 = 46
Lower Bound 2 = 32
Avaliação = 1.08696

Tempo de execução: 60.0001s

---------------------------

Largura da faixa = 32
Melhor altura = 49

Lower Bound 1 = 46
Lower Bound 2 = 32
Avaliação = 1.06522

Tempo de execução: 60.0002s

---------------------------

Largura da faixa = 32
Melhor altura = 49

Lower Bound 1 = 46
Lower Bound 2 = 32
Avaliação = 1.06522

Tempo de execução: 60s

---------------------------

Largura da faixa = 32
Melhor altura = 50

Lower Bound 1 = 46
Lower Bound 2 = 32
Avaliação = 1.08696

Tempo de execução: 60.0001s

---------------------------

Largura da faixa = 32
Melhor altura = 49

Lower Bound 1 = 46
Lower Bound 2 = 32
Avaliação = 1.06522

Tempo de execução: 60s

---------------------------

Largura da faixa = 32
Melhor altura = 49

Lower Bound 1 = 46
Lower Bound 2 = 32
Avaliação = 1.06522

Tempo de execução: 60.0002s

---------------------------

Largura da faixa = 32
Melhor altura = 50

Lower Bound 1 = 46
Lower Bound 2 = 32
Avaliação = 1.08696

Tempo de execução: 60.0001s

---------------------------

Largura da faixa = 32
Melhor altura = 49

Lower Bound 1 = 46
Lower Bound 2 = 32
Avaliação = 1.06522

Tempo de execução: 60.0002s

---------------------------

Largura da faixa = 32
Melhor altura = 50

Lower Bound 1 = 46
Lower Bound 2 = 32
Avaliação = 1.08696

Tempo de execução: 60.0002s

---------------------------

Largura da faixa = 32
Melhor altura = 49

Lower Bound 1 = 46
Lower Bound 2 = 32
Avaliação = 1.06522

Tempo de execução: 60.0002s

---------------------------

Largura da faixa = 32
Melhor altura = 49

Lower Bound 1 = 46
Lower Bound 2 = 32
Avaliação = 1.06522

Tempo de execução: 60.0002s

---------------------------

Largura da faixa = 32
Melhor altura = 49

Lower Bound 1 = 46
Lower Bound 2 = 32
Avaliação = 1.06522

Tempo de execução: 60.0001s

---------------------------

