Largura da faixa = 72
Melhor altura = 99

Lower Bound 1 = 88
Lower Bound 2 = 72
Avaliação = 1.125

Tempo de execução: 60.0001s

---------------------------

Largura da faixa = 72
Melhor altura = 100

Lower Bound 1 = 88
Lower Bound 2 = 72
Avaliação = 1.13636

Tempo de execução: 60.0006s

---------------------------

Largura da faixa = 72
Melhor altura = 100

Lower Bound 1 = 88
Lower Bound 2 = 72
Avaliação = 1.13636

Tempo de execução: 60.0003s

---------------------------

Largura da faixa = 72
Melhor altura = 99

Lower Bound 1 = 88
Lower Bound 2 = 72
Avaliação = 1.125

Tempo de execução: 60.0001s

---------------------------

Largura da faixa = 72
Melhor altura = 99

Lower Bound 1 = 88
Lower Bound 2 = 72
Avaliação = 1.125

Tempo de execução: 60.0005s

---------------------------

Largura da faixa = 72
Melhor altura = 99

Lower Bound 1 = 88
Lower Bound 2 = 72
Avaliação = 1.125

Tempo de execução: 60.0006s

---------------------------

Largura da faixa = 72
Melhor altura = 100

Lower Bound 1 = 88
Lower Bound 2 = 72
Avaliação = 1.13636

Tempo de execução: 60.0001s

---------------------------

Largura da faixa = 72
Melhor altura = 100

Lower Bound 1 = 88
Lower Bound 2 = 72
Avaliação = 1.13636

Tempo de execução: 60s

---------------------------

Largura da faixa = 72
Melhor altura = 101

Lower Bound 1 = 88
Lower Bound 2 = 72
Avaliação = 1.14773

Tempo de execução: 60.0009s

---------------------------

Largura da faixa = 72
Melhor altura = 101

Lower Bound 1 = 88
Lower Bound 2 = 72
Avaliação = 1.14773

Tempo de execução: 60.0003s

---------------------------

Largura da faixa = 72
Melhor altura = 100

Lower Bound 1 = 88
Lower Bound 2 = 72
Avaliação = 1.13636

Tempo de execução: 60.0006s

---------------------------

Largura da faixa = 72
Melhor altura = 100

Lower Bound 1 = 88
Lower Bound 2 = 72
Avaliação = 1.13636

Tempo de execução: 60.0007s

---------------------------

Largura da faixa = 72
Melhor altura = 100

Lower Bound 1 = 88
Lower Bound 2 = 72
Avaliação = 1.13636

Tempo de execução: 60.0001s

---------------------------

Largura da faixa = 72
Melhor altura = 100

Lower Bound 1 = 88
Lower Bound 2 = 72
Avaliação = 1.13636

Tempo de execução: 60.0002s

---------------------------

Largura da faixa = 72
Melhor altura = 100

Lower Bound 1 = 88
Lower Bound 2 = 72
Avaliação = 1.13636

Tempo de execução: 60.0007s

---------------------------

Largura da faixa = 72
Melhor altura = 98

Lower Bound 1 = 88
Lower Bound 2 = 72
Avaliação = 1.11364

Tempo de execução: 60.0003s

---------------------------

Largura da faixa = 72
Melhor altura = 100

Lower Bound 1 = 88
Lower Bound 2 = 72
Avaliação = 1.13636

Tempo de execução: 60.0003s

---------------------------

Largura da faixa = 72
Melhor altura = 100

Lower Bound 1 = 88
Lower Bound 2 = 72
Avaliação = 1.13636

Tempo de execução: 60.0008s

---------------------------

Largura da faixa = 72
Melhor altura = 100

Lower Bound 1 = 88
Lower Bound 2 = 72
Avaliação = 1.13636

Tempo de execução: 60.0002s

---------------------------

Largura da faixa = 72
Melhor altura = 99

Lower Bound 1 = 88
Lower Bound 2 = 72
Avaliação = 1.125

Tempo de execução: 60.0001s

---------------------------

