Largura da faixa = 50
Melhor altura = 117

Lower Bound 1 = 100
Lower Bound 2 = 98
Avaliação = 1.17

Tempo de execução: 60s

---------------------------

Largura da faixa = 50
Melhor altura = 117

Lower Bound 1 = 100
Lower Bound 2 = 98
Avaliação = 1.17

Tempo de execução: 60.0002s

---------------------------

Largura da faixa = 50
Melhor altura = 118

Lower Bound 1 = 100
Lower Bound 2 = 98
Avaliação = 1.18

Tempo de execução: 60.0012s

---------------------------

Largura da faixa = 50
Melhor altura = 117

Lower Bound 1 = 100
Lower Bound 2 = 98
Avaliação = 1.17

Tempo de execução: 60.0004s

---------------------------

Largura da faixa = 50
Melhor altura = 117

Lower Bound 1 = 100
Lower Bound 2 = 98
Avaliação = 1.17

Tempo de execução: 60.0009s

---------------------------

Largura da faixa = 50
Melhor altura = 117

Lower Bound 1 = 100
Lower Bound 2 = 98
Avaliação = 1.17

Tempo de execução: 60.0008s

---------------------------

Largura da faixa = 50
Melhor altura = 117

Lower Bound 1 = 100
Lower Bound 2 = 98
Avaliação = 1.17

Tempo de execução: 60.0003s

---------------------------

Largura da faixa = 50
Melhor altura = 117

Lower Bound 1 = 100
Lower Bound 2 = 98
Avaliação = 1.17

Tempo de execução: 60.0006s

---------------------------

Largura da faixa = 50
Melhor altura = 117

Lower Bound 1 = 100
Lower Bound 2 = 98
Avaliação = 1.17

Tempo de execução: 60.0015s

---------------------------

Largura da faixa = 50
Melhor altura = 117

Lower Bound 1 = 100
Lower Bound 2 = 98
Avaliação = 1.17

Tempo de execução: 60.001s

---------------------------

Largura da faixa = 50
Melhor altura = 117

Lower Bound 1 = 100
Lower Bound 2 = 98
Avaliação = 1.17

Tempo de execução: 60.0029s

---------------------------

Largura da faixa = 50
Melhor altura = 117

Lower Bound 1 = 100
Lower Bound 2 = 98
Avaliação = 1.17

Tempo de execução: 60.0048s

---------------------------

Largura da faixa = 50
Melhor altura = 117

Lower Bound 1 = 100
Lower Bound 2 = 98
Avaliação = 1.17

Tempo de execução: 60.0004s

---------------------------

Largura da faixa = 50
Melhor altura = 120

Lower Bound 1 = 100
Lower Bound 2 = 98
Avaliação = 1.2

Tempo de execução: 60.0003s

---------------------------

Largura da faixa = 50
Melhor altura = 117

Lower Bound 1 = 100
Lower Bound 2 = 98
Avaliação = 1.17

Tempo de execução: 60.0018s

---------------------------

Largura da faixa = 50
Melhor altura = 117

Lower Bound 1 = 100
Lower Bound 2 = 98
Avaliação = 1.17

Tempo de execução: 60.0001s

---------------------------

Largura da faixa = 50
Melhor altura = 117

Lower Bound 1 = 100
Lower Bound 2 = 98
Avaliação = 1.17

Tempo de execução: 60.0019s

---------------------------

Largura da faixa = 50
Melhor altura = 117

Lower Bound 1 = 100
Lower Bound 2 = 98
Avaliação = 1.17

Tempo de execução: 60.001s

---------------------------

Largura da faixa = 50
Melhor altura = 117

Lower Bound 1 = 100
Lower Bound 2 = 98
Avaliação = 1.17

Tempo de execução: 60.0002s

---------------------------

Largura da faixa = 50
Melhor altura = 117

Lower Bound 1 = 100
Lower Bound 2 = 98
Avaliação = 1.17

Tempo de execução: 60.0012s

---------------------------

