Largura da faixa = 82
Melhor altura = 124

Lower Bound 1 = 97
Lower Bound 2 = 82
Avaliação = 1.27835

Tempo de execução: 60.0023s

---------------------------

Largura da faixa = 82
Melhor altura = 129

Lower Bound 1 = 97
Lower Bound 2 = 82
Avaliação = 1.3299

Tempo de execução: 60.0035s

---------------------------

Largura da faixa = 82
Melhor altura = 131

Lower Bound 1 = 97
Lower Bound 2 = 82
Avaliação = 1.35052

Tempo de execução: 60.0012s

---------------------------

Largura da faixa = 82
Melhor altura = 130

Lower Bound 1 = 97
Lower Bound 2 = 82
Avaliação = 1.34021

Tempo de execução: 60.0017s

---------------------------

Largura da faixa = 82
Melhor altura = 128

Lower Bound 1 = 97
Lower Bound 2 = 82
Avaliação = 1.31959

Tempo de execução: 60.0004s

---------------------------

Largura da faixa = 82
Melhor altura = 129

Lower Bound 1 = 97
Lower Bound 2 = 82
Avaliação = 1.3299

Tempo de execução: 60.0018s

---------------------------

Largura da faixa = 82
Melhor altura = 121

Lower Bound 1 = 97
Lower Bound 2 = 82
Avaliação = 1.24742

Tempo de execução: 60.0023s

---------------------------

Largura da faixa = 82
Melhor altura = 122

Lower Bound 1 = 97
Lower Bound 2 = 82
Avaliação = 1.25773

Tempo de execução: 60.002s

---------------------------

Largura da faixa = 82
Melhor altura = 121

Lower Bound 1 = 97
Lower Bound 2 = 82
Avaliação = 1.24742

Tempo de execução: 60.0037s

---------------------------

Largura da faixa = 82
Melhor altura = 124

Lower Bound 1 = 97
Lower Bound 2 = 82
Avaliação = 1.27835

Tempo de execução: 60.001s

---------------------------

Largura da faixa = 82
Melhor altura = 123

Lower Bound 1 = 97
Lower Bound 2 = 82
Avaliação = 1.26804

Tempo de execução: 60.0017s

---------------------------

Largura da faixa = 82
Melhor altura = 127

Lower Bound 1 = 97
Lower Bound 2 = 82
Avaliação = 1.30928

Tempo de execução: 60.0042s

---------------------------

Largura da faixa = 82
Melhor altura = 127

Lower Bound 1 = 97
Lower Bound 2 = 82
Avaliação = 1.30928

Tempo de execução: 60.0003s

---------------------------

Largura da faixa = 82
Melhor altura = 125

Lower Bound 1 = 97
Lower Bound 2 = 82
Avaliação = 1.28866

Tempo de execução: 60.0009s

---------------------------

Largura da faixa = 82
Melhor altura = 125

Lower Bound 1 = 97
Lower Bound 2 = 82
Avaliação = 1.28866

Tempo de execução: 60.0009s

---------------------------

Largura da faixa = 82
Melhor altura = 128

Lower Bound 1 = 97
Lower Bound 2 = 82
Avaliação = 1.31959

Tempo de execução: 60.0028s

---------------------------

Largura da faixa = 82
Melhor altura = 138

Lower Bound 1 = 97
Lower Bound 2 = 82
Avaliação = 1.42268

Tempo de execução: 60.0057s

---------------------------

Largura da faixa = 82
Melhor altura = 133

Lower Bound 1 = 97
Lower Bound 2 = 82
Avaliação = 1.37113

Tempo de execução: 60.0056s

---------------------------

Largura da faixa = 82
Melhor altura = 122

Lower Bound 1 = 97
Lower Bound 2 = 82
Avaliação = 1.25773

Tempo de execução: 60.0017s

---------------------------

Largura da faixa = 82
Melhor altura = 125

Lower Bound 1 = 97
Lower Bound 2 = 82
Avaliação = 1.28866

Tempo de execução: 60.0036s

---------------------------

