Largura da faixa = 50
Melhor altura = 189

Lower Bound 1 = 160
Lower Bound 2 = 151
Avaliação = 1.18125

Tempo de execução: 60.0021s

---------------------------

Largura da faixa = 50
Melhor altura = 192

Lower Bound 1 = 160
Lower Bound 2 = 151
Avaliação = 1.2

Tempo de execução: 60.0026s

---------------------------

Largura da faixa = 50
Melhor altura = 190

Lower Bound 1 = 160
Lower Bound 2 = 151
Avaliação = 1.1875

Tempo de execução: 60.0026s

---------------------------

Largura da faixa = 50
Melhor altura = 188

Lower Bound 1 = 160
Lower Bound 2 = 151
Avaliação = 1.175

Tempo de execução: 60.0007s

---------------------------

Largura da faixa = 50
Melhor altura = 188

Lower Bound 1 = 160
Lower Bound 2 = 151
Avaliação = 1.175

Tempo de execução: 60.0006s

---------------------------

Largura da faixa = 50
Melhor altura = 190

Lower Bound 1 = 160
Lower Bound 2 = 151
Avaliação = 1.1875

Tempo de execução: 60.0013s

---------------------------

Largura da faixa = 50
Melhor altura = 186

Lower Bound 1 = 160
Lower Bound 2 = 151
Avaliação = 1.1625

Tempo de execução: 60.0006s

---------------------------

Largura da faixa = 50
Melhor altura = 185

Lower Bound 1 = 160
Lower Bound 2 = 151
Avaliação = 1.15625

Tempo de execução: 60s

---------------------------

Largura da faixa = 50
Melhor altura = 191

Lower Bound 1 = 160
Lower Bound 2 = 151
Avaliação = 1.19375

Tempo de execução: 60.0008s

---------------------------

Largura da faixa = 50
Melhor altura = 188

Lower Bound 1 = 160
Lower Bound 2 = 151
Avaliação = 1.175

Tempo de execução: 60.0005s

---------------------------

Largura da faixa = 50
Melhor altura = 191

Lower Bound 1 = 160
Lower Bound 2 = 151
Avaliação = 1.19375

Tempo de execução: 60.0019s

---------------------------

Largura da faixa = 50
Melhor altura = 191

Lower Bound 1 = 160
Lower Bound 2 = 151
Avaliação = 1.19375

Tempo de execução: 60.0012s

---------------------------

Largura da faixa = 50
Melhor altura = 188

Lower Bound 1 = 160
Lower Bound 2 = 151
Avaliação = 1.175

Tempo de execução: 60.0001s

---------------------------

Largura da faixa = 50
Melhor altura = 189

Lower Bound 1 = 160
Lower Bound 2 = 151
Avaliação = 1.18125

Tempo de execução: 60.0009s

---------------------------

Largura da faixa = 50
Melhor altura = 189

Lower Bound 1 = 160
Lower Bound 2 = 151
Avaliação = 1.18125

Tempo de execução: 60.0008s

---------------------------

Largura da faixa = 50
Melhor altura = 185

Lower Bound 1 = 160
Lower Bound 2 = 151
Avaliação = 1.15625

Tempo de execução: 60.0007s

---------------------------

Largura da faixa = 50
Melhor altura = 188

Lower Bound 1 = 160
Lower Bound 2 = 151
Avaliação = 1.175

Tempo de execução: 60.0021s

---------------------------

Largura da faixa = 50
Melhor altura = 184

Lower Bound 1 = 160
Lower Bound 2 = 151
Avaliação = 1.15

Tempo de execução: 60.0027s

---------------------------

Largura da faixa = 50
Melhor altura = 189

Lower Bound 1 = 160
Lower Bound 2 = 151
Avaliação = 1.18125

Tempo de execução: 60.0002s

---------------------------

Largura da faixa = 50
Melhor altura = 187

Lower Bound 1 = 160
Lower Bound 2 = 151
Avaliação = 1.16875

Tempo de execução: 60.0021s

---------------------------

