Largura da faixa = 54
Melhor altura = 162

Lower Bound 1 = 138
Lower Bound 2 = 106
Avaliação = 1.17391

Tempo de execução: 60.0005s

---------------------------

Largura da faixa = 54
Melhor altura = 163

Lower Bound 1 = 138
Lower Bound 2 = 106
Avaliação = 1.18116

Tempo de execução: 60.0064s

---------------------------

Largura da faixa = 54
Melhor altura = 169

Lower Bound 1 = 138
Lower Bound 2 = 106
Avaliação = 1.22464

Tempo de execução: 60.0032s

---------------------------

Largura da faixa = 54
Melhor altura = 173

Lower Bound 1 = 138
Lower Bound 2 = 106
Avaliação = 1.25362

Tempo de execução: 60.0033s

---------------------------

Largura da faixa = 54
Melhor altura = 163

Lower Bound 1 = 138
Lower Bound 2 = 106
Avaliação = 1.18116

Tempo de execução: 60.0038s

---------------------------

Largura da faixa = 54
Melhor altura = 170

Lower Bound 1 = 138
Lower Bound 2 = 106
Avaliação = 1.23188

Tempo de execução: 60.0038s

---------------------------

Largura da faixa = 54
Melhor altura = 177

Lower Bound 1 = 138
Lower Bound 2 = 106
Avaliação = 1.28261

Tempo de execução: 60s

---------------------------

Largura da faixa = 54
Melhor altura = 168

Lower Bound 1 = 138
Lower Bound 2 = 106
Avaliação = 1.21739

Tempo de execução: 60.0048s

---------------------------

Largura da faixa = 54
Melhor altura = 160

Lower Bound 1 = 138
Lower Bound 2 = 106
Avaliação = 1.15942

Tempo de execução: 60.0076s

---------------------------

Largura da faixa = 54
Melhor altura = 163

Lower Bound 1 = 138
Lower Bound 2 = 106
Avaliação = 1.18116

Tempo de execução: 60.0002s

---------------------------

Largura da faixa = 54
Melhor altura = 170

Lower Bound 1 = 138
Lower Bound 2 = 106
Avaliação = 1.23188

Tempo de execução: 60.0002s

---------------------------

Largura da faixa = 54
Melhor altura = 165

Lower Bound 1 = 138
Lower Bound 2 = 106
Avaliação = 1.19565

Tempo de execução: 60.0014s

---------------------------

Largura da faixa = 54
Melhor altura = 166

Lower Bound 1 = 138
Lower Bound 2 = 106
Avaliação = 1.2029

Tempo de execução: 60.0025s

---------------------------

Largura da faixa = 54
Melhor altura = 169

Lower Bound 1 = 138
Lower Bound 2 = 106
Avaliação = 1.22464

Tempo de execução: 60.0031s

---------------------------

Largura da faixa = 54
Melhor altura = 167

Lower Bound 1 = 138
Lower Bound 2 = 106
Avaliação = 1.21014

Tempo de execução: 60.0022s

---------------------------

Largura da faixa = 54
Melhor altura = 164

Lower Bound 1 = 138
Lower Bound 2 = 106
Avaliação = 1.18841

Tempo de execução: 60.0009s

---------------------------

Largura da faixa = 54
Melhor altura = 173

Lower Bound 1 = 138
Lower Bound 2 = 106
Avaliação = 1.25362

Tempo de execução: 60.004s

---------------------------

Largura da faixa = 54
Melhor altura = 170

Lower Bound 1 = 138
Lower Bound 2 = 106
Avaliação = 1.23188

Tempo de execução: 60.0137s

---------------------------

Largura da faixa = 54
Melhor altura = 167

Lower Bound 1 = 138
Lower Bound 2 = 106
Avaliação = 1.21014

Tempo de execução: 60.0027s

---------------------------

Largura da faixa = 54
Melhor altura = 165

Lower Bound 1 = 138
Lower Bound 2 = 106
Avaliação = 1.19565

Tempo de execução: 60.0059s

---------------------------

