Largura da faixa = 12
Melhor altura = 44

Lower Bound 1 = 33
Lower Bound 2 = 33
Avaliação = 1.33333

Tempo de execução: 60s

---------------------------

Largura da faixa = 12
Melhor altura = 44

Lower Bound 1 = 33
Lower Bound 2 = 33
Avaliação = 1.33333

Tempo de execução: 60s

---------------------------

Largura da faixa = 12
Melhor altura = 44

Lower Bound 1 = 33
Lower Bound 2 = 33
Avaliação = 1.33333

Tempo de execução: 60s

---------------------------

Largura da faixa = 12
Melhor altura = 44

Lower Bound 1 = 33
Lower Bound 2 = 33
Avaliação = 1.33333

Tempo de execução: 60s

---------------------------

Largura da faixa = 12
Melhor altura = 44

Lower Bound 1 = 33
Lower Bound 2 = 33
Avaliação = 1.33333

Tempo de execução: 60.0001s

---------------------------

Largura da faixa = 12
Melhor altura = 44

Lower Bound 1 = 33
Lower Bound 2 = 33
Avaliação = 1.33333

Tempo de execução: 60s

---------------------------

Largura da faixa = 12
Melhor altura = 44

Lower Bound 1 = 33
Lower Bound 2 = 33
Avaliação = 1.33333

Tempo de execução: 60s

---------------------------

Largura da faixa = 12
Melhor altura = 44

Lower Bound 1 = 33
Lower Bound 2 = 33
Avaliação = 1.33333

Tempo de execução: 60s

---------------------------

Largura da faixa = 12
Melhor altura = 44

Lower Bound 1 = 33
Lower Bound 2 = 33
Avaliação = 1.33333

Tempo de execução: 60s

---------------------------

Largura da faixa = 12
Melhor altura = 44

Lower Bound 1 = 33
Lower Bound 2 = 33
Avaliação = 1.33333

Tempo de execução: 60.0001s

---------------------------

Largura da faixa = 12
Melhor altura = 44

Lower Bound 1 = 33
Lower Bound 2 = 33
Avaliação = 1.33333

Tempo de execução: 60.0001s

---------------------------

Largura da faixa = 12
Melhor altura = 44

Lower Bound 1 = 33
Lower Bound 2 = 33
Avaliação = 1.33333

Tempo de execução: 60.0001s

---------------------------

Largura da faixa = 12
Melhor altura = 44

Lower Bound 1 = 33
Lower Bound 2 = 33
Avaliação = 1.33333

Tempo de execução: 60s

---------------------------

Largura da faixa = 12
Melhor altura = 44

Lower Bound 1 = 33
Lower Bound 2 = 33
Avaliação = 1.33333

Tempo de execução: 60s

---------------------------

Largura da faixa = 12
Melhor altura = 44

Lower Bound 1 = 33
Lower Bound 2 = 33
Avaliação = 1.33333

Tempo de execução: 60s

---------------------------

Largura da faixa = 12
Melhor altura = 44

Lower Bound 1 = 33
Lower Bound 2 = 33
Avaliação = 1.33333

Tempo de execução: 60s

---------------------------

Largura da faixa = 12
Melhor altura = 44

Lower Bound 1 = 33
Lower Bound 2 = 33
Avaliação = 1.33333

Tempo de execução: 60.0001s

---------------------------

Largura da faixa = 12
Melhor altura = 44

Lower Bound 1 = 33
Lower Bound 2 = 33
Avaliação = 1.33333

Tempo de execução: 60s

---------------------------

Largura da faixa = 12
Melhor altura = 44

Lower Bound 1 = 33
Lower Bound 2 = 33
Avaliação = 1.33333

Tempo de execução: 60s

---------------------------

Largura da faixa = 12
Melhor altura = 44

Lower Bound 1 = 33
Lower Bound 2 = 33
Avaliação = 1.33333

Tempo de execução: 60.0001s

---------------------------

