Largura da faixa = 26
Melhor altura = 26

Lower Bound 1 = 23
Lower Bound 2 = 26
Avaliação = 1

Tempo de execução: 60.0002s

---------------------------

Largura da faixa = 26
Melhor altura = 26

Lower Bound 1 = 23
Lower Bound 2 = 26
Avaliação = 1

Tempo de execução: 60.0004s

---------------------------

Largura da faixa = 26
Melhor altura = 26

Lower Bound 1 = 23
Lower Bound 2 = 26
Avaliação = 1

Tempo de execução: 60s

---------------------------

Largura da faixa = 26
Melhor altura = 26

Lower Bound 1 = 23
Lower Bound 2 = 26
Avaliação = 1

Tempo de execução: 60.0001s

---------------------------

Largura da faixa = 26
Melhor altura = 26

Lower Bound 1 = 23
Lower Bound 2 = 26
Avaliação = 1

Tempo de execução: 60.0002s

---------------------------

Largura da faixa = 26
Melhor altura = 26

Lower Bound 1 = 23
Lower Bound 2 = 26
Avaliação = 1

Tempo de execução: 60.0001s

---------------------------

Largura da faixa = 26
Melhor altura = 26

Lower Bound 1 = 23
Lower Bound 2 = 26
Avaliação = 1

Tempo de execução: 60.0001s

---------------------------

Largura da faixa = 26
Melhor altura = 26

Lower Bound 1 = 23
Lower Bound 2 = 26
Avaliação = 1

Tempo de execução: 60.0001s

---------------------------

Largura da faixa = 26
Melhor altura = 26

Lower Bound 1 = 23
Lower Bound 2 = 26
Avaliação = 1

Tempo de execução: 60.0003s

---------------------------

Largura da faixa = 26
Melhor altura = 26

Lower Bound 1 = 23
Lower Bound 2 = 26
Avaliação = 1

Tempo de execução: 60.0001s

---------------------------

Largura da faixa = 26
Melhor altura = 26

Lower Bound 1 = 23
Lower Bound 2 = 26
Avaliação = 1

Tempo de execução: 60s

---------------------------

Largura da faixa = 26
Melhor altura = 26

Lower Bound 1 = 23
Lower Bound 2 = 26
Avaliação = 1

Tempo de execução: 60s

---------------------------

Largura da faixa = 26
Melhor altura = 26

Lower Bound 1 = 23
Lower Bound 2 = 26
Avaliação = 1

Tempo de execução: 60.0001s

---------------------------

Largura da faixa = 26
Melhor altura = 26

Lower Bound 1 = 23
Lower Bound 2 = 26
Avaliação = 1

Tempo de execução: 60.0002s

---------------------------

Largura da faixa = 26
Melhor altura = 26

Lower Bound 1 = 23
Lower Bound 2 = 26
Avaliação = 1

Tempo de execução: 60.0004s

---------------------------

Largura da faixa = 26
Melhor altura = 26

Lower Bound 1 = 23
Lower Bound 2 = 26
Avaliação = 1

Tempo de execução: 60.0001s

---------------------------

Largura da faixa = 26
Melhor altura = 26

Lower Bound 1 = 23
Lower Bound 2 = 26
Avaliação = 1

Tempo de execução: 60.0002s

---------------------------

Largura da faixa = 26
Melhor altura = 26

Lower Bound 1 = 23
Lower Bound 2 = 26
Avaliação = 1

Tempo de execução: 60.0001s

---------------------------

Largura da faixa = 26
Melhor altura = 26

Lower Bound 1 = 23
Lower Bound 2 = 26
Avaliação = 1

Tempo de execução: 60.0001s

---------------------------

Largura da faixa = 26
Melhor altura = 26

Lower Bound 1 = 23
Lower Bound 2 = 26
Avaliação = 1

Tempo de execução: 60.0003s

---------------------------

