Largura da faixa = 28
Melhor altura = 140

Lower Bound 1 = 128
Lower Bound 2 = 99
Avaliação = 1.09375

Tempo de execução: 60.0001s

---------------------------

Largura da faixa = 28
Melhor altura = 140

Lower Bound 1 = 128
Lower Bound 2 = 99
Avaliação = 1.09375

Tempo de execução: 60.0001s

---------------------------

Largura da faixa = 28
Melhor altura = 141

Lower Bound 1 = 128
Lower Bound 2 = 99
Avaliação = 1.10156

Tempo de execução: 60.0004s

---------------------------

Largura da faixa = 28
Melhor altura = 140

Lower Bound 1 = 128
Lower Bound 2 = 99
Avaliação = 1.09375

Tempo de execução: 60.0001s

---------------------------

Largura da faixa = 28
Melhor altura = 142

Lower Bound 1 = 128
Lower Bound 2 = 99
Avaliação = 1.10938

Tempo de execução: 60.0005s

---------------------------

Largura da faixa = 28
Melhor altura = 140

Lower Bound 1 = 128
Lower Bound 2 = 99
Avaliação = 1.09375

Tempo de execução: 60.0004s

---------------------------

Largura da faixa = 28
Melhor altura = 142

Lower Bound 1 = 128
Lower Bound 2 = 99
Avaliação = 1.10938

Tempo de execução: 60s

---------------------------

Largura da faixa = 28
Melhor altura = 142

Lower Bound 1 = 128
Lower Bound 2 = 99
Avaliação = 1.10938

Tempo de execução: 60.0002s

---------------------------

Largura da faixa = 28
Melhor altura = 141

Lower Bound 1 = 128
Lower Bound 2 = 99
Avaliação = 1.10156

Tempo de execução: 60.0005s

---------------------------

Largura da faixa = 28
Melhor altura = 140

Lower Bound 1 = 128
Lower Bound 2 = 99
Avaliação = 1.09375

Tempo de execução: 60.0001s

---------------------------

Largura da faixa = 28
Melhor altura = 140

Lower Bound 1 = 128
Lower Bound 2 = 99
Avaliação = 1.09375

Tempo de execução: 60.0002s

---------------------------

Largura da faixa = 28
Melhor altura = 140

Lower Bound 1 = 128
Lower Bound 2 = 99
Avaliação = 1.09375

Tempo de execução: 60.0005s

---------------------------

Largura da faixa = 28
Melhor altura = 141

Lower Bound 1 = 128
Lower Bound 2 = 99
Avaliação = 1.10156

Tempo de execução: 60.0003s

---------------------------

Largura da faixa = 28
Melhor altura = 140

Lower Bound 1 = 128
Lower Bound 2 = 99
Avaliação = 1.09375

Tempo de execução: 60.0006s

---------------------------

Largura da faixa = 28
Melhor altura = 140

Lower Bound 1 = 128
Lower Bound 2 = 99
Avaliação = 1.09375

Tempo de execução: 60.0006s

---------------------------

Largura da faixa = 28
Melhor altura = 142

Lower Bound 1 = 128
Lower Bound 2 = 99
Avaliação = 1.10938

Tempo de execução: 60.0006s

---------------------------

Largura da faixa = 28
Melhor altura = 140

Lower Bound 1 = 128
Lower Bound 2 = 99
Avaliação = 1.09375

Tempo de execução: 60.0004s

---------------------------

Largura da faixa = 28
Melhor altura = 140

Lower Bound 1 = 128
Lower Bound 2 = 99
Avaliação = 1.09375

Tempo de execução: 60.0005s

---------------------------

Largura da faixa = 28
Melhor altura = 141

Lower Bound 1 = 128
Lower Bound 2 = 99
Avaliação = 1.10156

Tempo de execução: 60.0001s

---------------------------

Largura da faixa = 28
Melhor altura = 142

Lower Bound 1 = 128
Lower Bound 2 = 99
Avaliação = 1.10938

Tempo de execução: 60.0001s

---------------------------

