Largura da faixa = 30
Melhor altura = 136

Lower Bound 1 = 120
Lower Bound 2 = 86
Avaliação = 1.13333

Tempo de execução: 60.0001s

---------------------------

Largura da faixa = 30
Melhor altura = 135

Lower Bound 1 = 120
Lower Bound 2 = 86
Avaliação = 1.125

Tempo de execução: 60s

---------------------------

Largura da faixa = 30
Melhor altura = 135

Lower Bound 1 = 120
Lower Bound 2 = 86
Avaliação = 1.125

Tempo de execução: 60.0001s

---------------------------

Largura da faixa = 30
Melhor altura = 135

Lower Bound 1 = 120
Lower Bound 2 = 86
Avaliação = 1.125

Tempo de execução: 60.0002s

---------------------------

Largura da faixa = 30
Melhor altura = 135

Lower Bound 1 = 120
Lower Bound 2 = 86
Avaliação = 1.125

Tempo de execução: 60.0002s

---------------------------

Largura da faixa = 30
Melhor altura = 135

Lower Bound 1 = 120
Lower Bound 2 = 86
Avaliação = 1.125

Tempo de execução: 60.0003s

---------------------------

Largura da faixa = 30
Melhor altura = 134

Lower Bound 1 = 120
Lower Bound 2 = 86
Avaliação = 1.11667

Tempo de execução: 60.0001s

---------------------------

Largura da faixa = 30
Melhor altura = 134

Lower Bound 1 = 120
Lower Bound 2 = 86
Avaliação = 1.11667

Tempo de execução: 60s

---------------------------

Largura da faixa = 30
Melhor altura = 135

Lower Bound 1 = 120
Lower Bound 2 = 86
Avaliação = 1.125

Tempo de execução: 60s

---------------------------

Largura da faixa = 30
Melhor altura = 137

Lower Bound 1 = 120
Lower Bound 2 = 86
Avaliação = 1.14167

Tempo de execução: 60s

---------------------------

Largura da faixa = 30
Melhor altura = 135

Lower Bound 1 = 120
Lower Bound 2 = 86
Avaliação = 1.125

Tempo de execução: 60.0001s

---------------------------

Largura da faixa = 30
Melhor altura = 136

Lower Bound 1 = 120
Lower Bound 2 = 86
Avaliação = 1.13333

Tempo de execução: 60.0006s

---------------------------

Largura da faixa = 30
Melhor altura = 135

Lower Bound 1 = 120
Lower Bound 2 = 86
Avaliação = 1.125

Tempo de execução: 60.0001s

---------------------------

Largura da faixa = 30
Melhor altura = 134

Lower Bound 1 = 120
Lower Bound 2 = 86
Avaliação = 1.11667

Tempo de execução: 60.0001s

---------------------------

Largura da faixa = 30
Melhor altura = 135

Lower Bound 1 = 120
Lower Bound 2 = 86
Avaliação = 1.125

Tempo de execução: 60.0008s

---------------------------

Largura da faixa = 30
Melhor altura = 134

Lower Bound 1 = 120
Lower Bound 2 = 86
Avaliação = 1.11667

Tempo de execução: 60.0002s

---------------------------

Largura da faixa = 30
Melhor altura = 134

Lower Bound 1 = 120
Lower Bound 2 = 86
Avaliação = 1.11667

Tempo de execução: 60.0002s

---------------------------

Largura da faixa = 30
Melhor altura = 136

Lower Bound 1 = 120
Lower Bound 2 = 86
Avaliação = 1.13333

Tempo de execução: 60.0007s

---------------------------

Largura da faixa = 30
Melhor altura = 133

Lower Bound 1 = 120
Lower Bound 2 = 86
Avaliação = 1.10833

Tempo de execução: 60.0002s

---------------------------

Largura da faixa = 30
Melhor altura = 135

Lower Bound 1 = 120
Lower Bound 2 = 86
Avaliação = 1.125

Tempo de execução: 60.0002s

---------------------------

