Largura da faixa = 35
Melhor altura = 110

Lower Bound 1 = 102
Lower Bound 2 = 80
Avaliação = 1.07843

Tempo de execução: 60s

---------------------------

Largura da faixa = 35
Melhor altura = 110

Lower Bound 1 = 102
Lower Bound 2 = 80
Avaliação = 1.07843

Tempo de execução: 60s

---------------------------

Largura da faixa = 35
Melhor altura = 112

Lower Bound 1 = 102
Lower Bound 2 = 80
Avaliação = 1.09804

Tempo de execução: 60.0008s

---------------------------

Largura da faixa = 35
Melhor altura = 112

Lower Bound 1 = 102
Lower Bound 2 = 80
Avaliação = 1.09804

Tempo de execução: 60.0002s

---------------------------

Largura da faixa = 35
Melhor altura = 111

Lower Bound 1 = 102
Lower Bound 2 = 80
Avaliação = 1.08824

Tempo de execução: 60.0007s

---------------------------

Largura da faixa = 35
Melhor altura = 110

Lower Bound 1 = 102
Lower Bound 2 = 80
Avaliação = 1.07843

Tempo de execução: 60.0002s

---------------------------

Largura da faixa = 35
Melhor altura = 109

Lower Bound 1 = 102
Lower Bound 2 = 80
Avaliação = 1.06863

Tempo de execução: 60.0002s

---------------------------

Largura da faixa = 35
Melhor altura = 109

Lower Bound 1 = 102
Lower Bound 2 = 80
Avaliação = 1.06863

Tempo de execução: 60.0004s

---------------------------

Largura da faixa = 35
Melhor altura = 110

Lower Bound 1 = 102
Lower Bound 2 = 80
Avaliação = 1.07843

Tempo de execução: 60.0004s

---------------------------

Largura da faixa = 35
Melhor altura = 111

Lower Bound 1 = 102
Lower Bound 2 = 80
Avaliação = 1.08824

Tempo de execução: 60.0001s

---------------------------

Largura da faixa = 35
Melhor altura = 110

Lower Bound 1 = 102
Lower Bound 2 = 80
Avaliação = 1.07843

Tempo de execução: 60.0005s

---------------------------

Largura da faixa = 35
Melhor altura = 111

Lower Bound 1 = 102
Lower Bound 2 = 80
Avaliação = 1.08824

Tempo de execução: 60.0004s

---------------------------

Largura da faixa = 35
Melhor altura = 111

Lower Bound 1 = 102
Lower Bound 2 = 80
Avaliação = 1.08824

Tempo de execução: 60.0004s

---------------------------

Largura da faixa = 35
Melhor altura = 110

Lower Bound 1 = 102
Lower Bound 2 = 80
Avaliação = 1.07843

Tempo de execução: 60.0003s

---------------------------

Largura da faixa = 35
Melhor altura = 111

Lower Bound 1 = 102
Lower Bound 2 = 80
Avaliação = 1.08824

Tempo de execução: 60.0003s

---------------------------

Largura da faixa = 35
Melhor altura = 111

Lower Bound 1 = 102
Lower Bound 2 = 80
Avaliação = 1.08824

Tempo de execução: 60s

---------------------------

Largura da faixa = 35
Melhor altura = 110

Lower Bound 1 = 102
Lower Bound 2 = 80
Avaliação = 1.07843

Tempo de execução: 60.0001s

---------------------------

Largura da faixa = 35
Melhor altura = 110

Lower Bound 1 = 102
Lower Bound 2 = 80
Avaliação = 1.07843

Tempo de execução: 60.0003s

---------------------------

Largura da faixa = 35
Melhor altura = 108

Lower Bound 1 = 102
Lower Bound 2 = 80
Avaliação = 1.05882

Tempo de execução: 60s

---------------------------

Largura da faixa = 35
Melhor altura = 110

Lower Bound 1 = 102
Lower Bound 2 = 80
Avaliação = 1.07843

Tempo de execução: 60.0001s

---------------------------

