Largura da faixa = 37
Melhor altura = 165

Lower Bound 1 = 145
Lower Bound 2 = 87
Avaliação = 1.13793

Tempo de execução: 60.0009s

---------------------------

Largura da faixa = 37
Melhor altura = 165

Lower Bound 1 = 145
Lower Bound 2 = 87
Avaliação = 1.13793

Tempo de execução: 60.0007s

---------------------------

Largura da faixa = 37
Melhor altura = 164

Lower Bound 1 = 145
Lower Bound 2 = 87
Avaliação = 1.13103

Tempo de execução: 60.0021s

---------------------------

Largura da faixa = 37
Melhor altura = 164

Lower Bound 1 = 145
Lower Bound 2 = 87
Avaliação = 1.13103

Tempo de execução: 60s

---------------------------

Largura da faixa = 37
Melhor altura = 164

Lower Bound 1 = 145
Lower Bound 2 = 87
Avaliação = 1.13103

Tempo de execução: 60s

---------------------------

Largura da faixa = 37
Melhor altura = 162

Lower Bound 1 = 145
Lower Bound 2 = 87
Avaliação = 1.11724

Tempo de execução: 60.0016s

---------------------------

Largura da faixa = 37
Melhor altura = 165

Lower Bound 1 = 145
Lower Bound 2 = 87
Avaliação = 1.13793

Tempo de execução: 60.0005s

---------------------------

Largura da faixa = 37
Melhor altura = 166

Lower Bound 1 = 145
Lower Bound 2 = 87
Avaliação = 1.14483

Tempo de execução: 60.0003s

---------------------------

Largura da faixa = 37
Melhor altura = 164

Lower Bound 1 = 145
Lower Bound 2 = 87
Avaliação = 1.13103

Tempo de execução: 60.0023s

---------------------------

Largura da faixa = 37
Melhor altura = 165

Lower Bound 1 = 145
Lower Bound 2 = 87
Avaliação = 1.13793

Tempo de execução: 60s

---------------------------

Largura da faixa = 37
Melhor altura = 164

Lower Bound 1 = 145
Lower Bound 2 = 87
Avaliação = 1.13103

Tempo de execução: 60.0009s

---------------------------

Largura da faixa = 37
Melhor altura = 165

Lower Bound 1 = 145
Lower Bound 2 = 87
Avaliação = 1.13793

Tempo de execução: 60.001s

---------------------------

Largura da faixa = 37
Melhor altura = 164

Lower Bound 1 = 145
Lower Bound 2 = 87
Avaliação = 1.13103

Tempo de execução: 60.0001s

---------------------------

Largura da faixa = 37
Melhor altura = 165

Lower Bound 1 = 145
Lower Bound 2 = 87
Avaliação = 1.13793

Tempo de execução: 60.0004s

---------------------------

Largura da faixa = 37
Melhor altura = 164

Lower Bound 1 = 145
Lower Bound 2 = 87
Avaliação = 1.13103

Tempo de execução: 60.0007s

---------------------------

Largura da faixa = 37
Melhor altura = 164

Lower Bound 1 = 145
Lower Bound 2 = 87
Avaliação = 1.13103

Tempo de execução: 60.0001s

---------------------------

Largura da faixa = 37
Melhor altura = 163

Lower Bound 1 = 145
Lower Bound 2 = 87
Avaliação = 1.12414

Tempo de execução: 60.0001s

---------------------------

Largura da faixa = 37
Melhor altura = 163

Lower Bound 1 = 145
Lower Bound 2 = 87
Avaliação = 1.12414

Tempo de execução: 60.0008s

---------------------------

Largura da faixa = 37
Melhor altura = 163

Lower Bound 1 = 145
Lower Bound 2 = 87
Avaliação = 1.12414

Tempo de execução: 60.0005s

---------------------------

Largura da faixa = 37
Melhor altura = 162

Lower Bound 1 = 145
Lower Bound 2 = 87
Avaliação = 1.11724

Tempo de execução: 60.0003s

---------------------------

