Largura da faixa = 34
Melhor altura = 178

Lower Bound 1 = 158
Lower Bound 2 = 126
Avaliação = 1.12658

Tempo de execução: 60.0006s

---------------------------

Largura da faixa = 34
Melhor altura = 176

Lower Bound 1 = 158
Lower Bound 2 = 126
Avaliação = 1.11392

Tempo de execução: 60.0007s

---------------------------

Largura da faixa = 34
Melhor altura = 174

Lower Bound 1 = 158
Lower Bound 2 = 126
Avaliação = 1.10127

Tempo de execução: 60.0031s

---------------------------

Largura da faixa = 34
Melhor altura = 177

Lower Bound 1 = 158
Lower Bound 2 = 126
Avaliação = 1.12025

Tempo de execução: 60.0006s

---------------------------

Largura da faixa = 34
Melhor altura = 178

Lower Bound 1 = 158
Lower Bound 2 = 126
Avaliação = 1.12658

Tempo de execução: 60.0013s

---------------------------

Largura da faixa = 34
Melhor altura = 178

Lower Bound 1 = 158
Lower Bound 2 = 126
Avaliação = 1.12658

Tempo de execução: 60.0025s

---------------------------

Largura da faixa = 34
Melhor altura = 177

Lower Bound 1 = 158
Lower Bound 2 = 126
Avaliação = 1.12025

Tempo de execução: 60.0001s

---------------------------

Largura da faixa = 34
Melhor altura = 177

Lower Bound 1 = 158
Lower Bound 2 = 126
Avaliação = 1.12025

Tempo de execução: 60.0012s

---------------------------

Largura da faixa = 34
Melhor altura = 179

Lower Bound 1 = 158
Lower Bound 2 = 126
Avaliação = 1.13291

Tempo de execução: 60.0018s

---------------------------

Largura da faixa = 34
Melhor altura = 177

Lower Bound 1 = 158
Lower Bound 2 = 126
Avaliação = 1.12025

Tempo de execução: 60.0001s

---------------------------

Largura da faixa = 34
Melhor altura = 178

Lower Bound 1 = 158
Lower Bound 2 = 126
Avaliação = 1.12658

Tempo de execução: 60.001s

---------------------------

Largura da faixa = 34
Melhor altura = 178

Lower Bound 1 = 158
Lower Bound 2 = 126
Avaliação = 1.12658

Tempo de execução: 60.0009s

---------------------------

Largura da faixa = 34
Melhor altura = 176

Lower Bound 1 = 158
Lower Bound 2 = 126
Avaliação = 1.11392

Tempo de execução: 60.0004s

---------------------------

Largura da faixa = 34
Melhor altura = 179

Lower Bound 1 = 158
Lower Bound 2 = 126
Avaliação = 1.13291

Tempo de execução: 60.0002s

---------------------------

Largura da faixa = 34
Melhor altura = 175

Lower Bound 1 = 158
Lower Bound 2 = 126
Avaliação = 1.10759

Tempo de execução: 60.0006s

---------------------------

Largura da faixa = 34
Melhor altura = 179

Lower Bound 1 = 158
Lower Bound 2 = 126
Avaliação = 1.13291

Tempo de execução: 60.0006s

---------------------------

Largura da faixa = 34
Melhor altura = 179

Lower Bound 1 = 158
Lower Bound 2 = 126
Avaliação = 1.13291

Tempo de execução: 60.0002s

---------------------------

Largura da faixa = 34
Melhor altura = 175

Lower Bound 1 = 158
Lower Bound 2 = 126
Avaliação = 1.10759

Tempo de execução: 60.0023s

---------------------------

Largura da faixa = 34
Melhor altura = 176

Lower Bound 1 = 158
Lower Bound 2 = 126
Avaliação = 1.11392

Tempo de execução: 60.0001s

---------------------------

Largura da faixa = 34
Melhor altura = 177

Lower Bound 1 = 158
Lower Bound 2 = 126
Avaliação = 1.12025

Tempo de execução: 60.0004s

---------------------------

