Largura da faixa = 38
Melhor altura = 159

Lower Bound 1 = 142
Lower Bound 2 = 109
Avaliação = 1.11972

Tempo de execução: 60.0013s

---------------------------

Largura da faixa = 38
Melhor altura = 163

Lower Bound 1 = 142
Lower Bound 2 = 109
Avaliação = 1.14789

Tempo de execução: 60.0018s

---------------------------

Largura da faixa = 38
Melhor altura = 164

Lower Bound 1 = 142
Lower Bound 2 = 109
Avaliação = 1.15493

Tempo de execução: 60.0012s

---------------------------

Largura da faixa = 38
Melhor altura = 161

Lower Bound 1 = 142
Lower Bound 2 = 109
Avaliação = 1.1338

Tempo de execução: 60.0005s

---------------------------

Largura da faixa = 38
Melhor altura = 168

Lower Bound 1 = 142
Lower Bound 2 = 109
Avaliação = 1.1831

Tempo de execução: 60.0008s

---------------------------

Largura da faixa = 38
Melhor altura = 162

Lower Bound 1 = 142
Lower Bound 2 = 109
Avaliação = 1.14085

Tempo de execução: 60.0021s

---------------------------

Largura da faixa = 38
Melhor altura = 160

Lower Bound 1 = 142
Lower Bound 2 = 109
Avaliação = 1.12676

Tempo de execução: 60.0001s

---------------------------

Largura da faixa = 38
Melhor altura = 163

Lower Bound 1 = 142
Lower Bound 2 = 109
Avaliação = 1.14789

Tempo de execução: 60.0012s

---------------------------

Largura da faixa = 38
Melhor altura = 164

Lower Bound 1 = 142
Lower Bound 2 = 109
Avaliação = 1.15493

Tempo de execução: 60.002s

---------------------------

Largura da faixa = 38
Melhor altura = 161

Lower Bound 1 = 142
Lower Bound 2 = 109
Avaliação = 1.1338

Tempo de execução: 60.0004s

---------------------------

Largura da faixa = 38
Melhor altura = 160

Lower Bound 1 = 142
Lower Bound 2 = 109
Avaliação = 1.12676

Tempo de execução: 60.0006s

---------------------------

Largura da faixa = 38
Melhor altura = 168

Lower Bound 1 = 142
Lower Bound 2 = 109
Avaliação = 1.1831

Tempo de execução: 60.0016s

---------------------------

Largura da faixa = 38
Melhor altura = 161

Lower Bound 1 = 142
Lower Bound 2 = 109
Avaliação = 1.1338

Tempo de execução: 60.0002s

---------------------------

Largura da faixa = 38
Melhor altura = 161

Lower Bound 1 = 142
Lower Bound 2 = 109
Avaliação = 1.1338

Tempo de execução: 60.0005s

---------------------------

Largura da faixa = 38
Melhor altura = 164

Lower Bound 1 = 142
Lower Bound 2 = 109
Avaliação = 1.15493

Tempo de execução: 60.001s

---------------------------

Largura da faixa = 38
Melhor altura = 160

Lower Bound 1 = 142
Lower Bound 2 = 109
Avaliação = 1.12676

Tempo de execução: 60.0001s

---------------------------

Largura da faixa = 38
Melhor altura = 165

Lower Bound 1 = 142
Lower Bound 2 = 109
Avaliação = 1.16197

Tempo de execução: 60.0011s

---------------------------

Largura da faixa = 38
Melhor altura = 169

Lower Bound 1 = 142
Lower Bound 2 = 109
Avaliação = 1.19014

Tempo de execução: 60.0017s

---------------------------

Largura da faixa = 38
Melhor altura = 160

Lower Bound 1 = 142
Lower Bound 2 = 109
Avaliação = 1.12676

Tempo de execução: 60.0011s

---------------------------

Largura da faixa = 38
Melhor altura = 162

Lower Bound 1 = 142
Lower Bound 2 = 109
Avaliação = 1.14085

Tempo de execução: 60.0009s

---------------------------

