Largura da faixa = 55
Melhor altura = 206

Lower Bound 1 = 174
Lower Bound 2 = 143
Avaliação = 1.18391

Tempo de execução: 60.0001s

---------------------------

Largura da faixa = 55
Melhor altura = 203

Lower Bound 1 = 174
Lower Bound 2 = 143
Avaliação = 1.16667

Tempo de execução: 60.0004s

---------------------------

Largura da faixa = 55
Melhor altura = 204

Lower Bound 1 = 174
Lower Bound 2 = 143
Avaliação = 1.17241

Tempo de execução: 60.0006s

---------------------------

Largura da faixa = 55
Melhor altura = 202

Lower Bound 1 = 174
Lower Bound 2 = 143
Avaliação = 1.16092

Tempo de execução: 60.0009s

---------------------------

Largura da faixa = 55
Melhor altura = 206

Lower Bound 1 = 174
Lower Bound 2 = 143
Avaliação = 1.18391

Tempo de execução: 60.001s

---------------------------

Largura da faixa = 55
Melhor altura = 207

Lower Bound 1 = 174
Lower Bound 2 = 143
Avaliação = 1.18966

Tempo de execução: 60.004s

---------------------------

Largura da faixa = 55
Melhor altura = 204

Lower Bound 1 = 174
Lower Bound 2 = 143
Avaliação = 1.17241

Tempo de execução: 60.0017s

---------------------------

Largura da faixa = 55
Melhor altura = 205

Lower Bound 1 = 174
Lower Bound 2 = 143
Avaliação = 1.17816

Tempo de execução: 60.0025s

---------------------------

Largura da faixa = 55
Melhor altura = 203

Lower Bound 1 = 174
Lower Bound 2 = 143
Avaliação = 1.16667

Tempo de execução: 60.0052s

---------------------------

Largura da faixa = 55
Melhor altura = 204

Lower Bound 1 = 174
Lower Bound 2 = 143
Avaliação = 1.17241

Tempo de execução: 60.0005s

---------------------------

Largura da faixa = 55
Melhor altura = 203

Lower Bound 1 = 174
Lower Bound 2 = 143
Avaliação = 1.16667

Tempo de execução: 60.001s

---------------------------

Largura da faixa = 55
Melhor altura = 206

Lower Bound 1 = 174
Lower Bound 2 = 143
Avaliação = 1.18391

Tempo de execução: 60.0004s

---------------------------

Largura da faixa = 55
Melhor altura = 205

Lower Bound 1 = 174
Lower Bound 2 = 143
Avaliação = 1.17816

Tempo de execução: 60.0009s

---------------------------

Largura da faixa = 55
Melhor altura = 205

Lower Bound 1 = 174
Lower Bound 2 = 143
Avaliação = 1.17816

Tempo de execução: 60.0017s

---------------------------

Largura da faixa = 55
Melhor altura = 201

Lower Bound 1 = 174
Lower Bound 2 = 143
Avaliação = 1.15517

Tempo de execução: 60.0035s

---------------------------

Largura da faixa = 55
Melhor altura = 205

Lower Bound 1 = 174
Lower Bound 2 = 143
Avaliação = 1.17816

Tempo de execução: 60.0011s

---------------------------

Largura da faixa = 55
Melhor altura = 205

Lower Bound 1 = 174
Lower Bound 2 = 143
Avaliação = 1.17816

Tempo de execução: 60.0034s

---------------------------

Largura da faixa = 55
Melhor altura = 209

Lower Bound 1 = 174
Lower Bound 2 = 143
Avaliação = 1.20115

Tempo de execução: 60.0037s

---------------------------

Largura da faixa = 55
Melhor altura = 202

Lower Bound 1 = 174
Lower Bound 2 = 143
Avaliação = 1.16092

Tempo de execução: 60s

---------------------------

Largura da faixa = 55
Melhor altura = 201

Lower Bound 1 = 174
Lower Bound 2 = 143
Avaliação = 1.15517

Tempo de execução: 60.0004s

---------------------------

