Largura da faixa = 61
Melhor altura = 184

Lower Bound 1 = 157
Lower Bound 2 = 73
Avaliação = 1.17197

Tempo de execução: 60.0084s

---------------------------

Largura da faixa = 61
Melhor altura = 182

Lower Bound 1 = 157
Lower Bound 2 = 73
Avaliação = 1.15924

Tempo de execução: 60.008s

---------------------------

Largura da faixa = 61
Melhor altura = 183

Lower Bound 1 = 157
Lower Bound 2 = 73
Avaliação = 1.16561

Tempo de execução: 60.0095s

---------------------------

Largura da faixa = 61
Melhor altura = 182

Lower Bound 1 = 157
Lower Bound 2 = 73
Avaliação = 1.15924

Tempo de execução: 60.004s

---------------------------

Largura da faixa = 61
Melhor altura = 183

Lower Bound 1 = 157
Lower Bound 2 = 73
Avaliação = 1.16561

Tempo de execução: 60.0003s

---------------------------

Largura da faixa = 61
Melhor altura = 182

Lower Bound 1 = 157
Lower Bound 2 = 73
Avaliação = 1.15924

Tempo de execução: 60.0083s

---------------------------

Largura da faixa = 61
Melhor altura = 183

Lower Bound 1 = 157
Lower Bound 2 = 73
Avaliação = 1.16561

Tempo de execução: 60.0024s

---------------------------

Largura da faixa = 61
Melhor altura = 182

Lower Bound 1 = 157
Lower Bound 2 = 73
Avaliação = 1.15924

Tempo de execução: 60.0012s

---------------------------

Largura da faixa = 61
Melhor altura = 183

Lower Bound 1 = 157
Lower Bound 2 = 73
Avaliação = 1.16561

Tempo de execução: 60s

---------------------------

Largura da faixa = 61
Melhor altura = 180

Lower Bound 1 = 157
Lower Bound 2 = 73
Avaliação = 1.1465

Tempo de execução: 60.0034s

---------------------------

Largura da faixa = 61
Melhor altura = 181

Lower Bound 1 = 157
Lower Bound 2 = 73
Avaliação = 1.15287

Tempo de execução: 60.0008s

---------------------------

Largura da faixa = 61
Melhor altura = 182

Lower Bound 1 = 157
Lower Bound 2 = 73
Avaliação = 1.15924

Tempo de execução: 60.0055s

---------------------------

Largura da faixa = 61
Melhor altura = 183

Lower Bound 1 = 157
Lower Bound 2 = 73
Avaliação = 1.16561

Tempo de execução: 60.0019s

---------------------------

Largura da faixa = 61
Melhor altura = 182

Lower Bound 1 = 157
Lower Bound 2 = 73
Avaliação = 1.15924

Tempo de execução: 60.0058s

---------------------------

Largura da faixa = 61
Melhor altura = 182

Lower Bound 1 = 157
Lower Bound 2 = 73
Avaliação = 1.15924

Tempo de execução: 60.012s

---------------------------

Largura da faixa = 61
Melhor altura = 181

Lower Bound 1 = 157
Lower Bound 2 = 73
Avaliação = 1.15287

Tempo de execução: 60.0015s

---------------------------

Largura da faixa = 61
Melhor altura = 182

Lower Bound 1 = 157
Lower Bound 2 = 73
Avaliação = 1.15924

Tempo de execução: 60.0024s

---------------------------

Largura da faixa = 61
Melhor altura = 182

Lower Bound 1 = 157
Lower Bound 2 = 73
Avaliação = 1.15924

Tempo de execução: 60.0066s

---------------------------

Largura da faixa = 61
Melhor altura = 182

Lower Bound 1 = 157
Lower Bound 2 = 73
Avaliação = 1.15924

Tempo de execução: 60.0019s

---------------------------

Largura da faixa = 61
Melhor altura = 183

Lower Bound 1 = 157
Lower Bound 2 = 73
Avaliação = 1.16561

Tempo de execução: 60.0011s

---------------------------

