Largura da faixa = 62
Melhor altura = 184

Lower Bound 1 = 154
Lower Bound 2 = 79
Avaliação = 1.19481

Tempo de execução: 60.0038s

---------------------------

Largura da faixa = 62
Melhor altura = 185

Lower Bound 1 = 154
Lower Bound 2 = 79
Avaliação = 1.2013

Tempo de execução: 60.0014s

---------------------------

Largura da faixa = 62
Melhor altura = 186

Lower Bound 1 = 154
Lower Bound 2 = 79
Avaliação = 1.20779

Tempo de execução: 60.0075s

---------------------------

Largura da faixa = 62
Melhor altura = 188

Lower Bound 1 = 154
Lower Bound 2 = 79
Avaliação = 1.22078

Tempo de execução: 60.0009s

---------------------------

Largura da faixa = 62
Melhor altura = 180

Lower Bound 1 = 154
Lower Bound 2 = 79
Avaliação = 1.16883

Tempo de execução: 60.0019s

---------------------------

Largura da faixa = 62
Melhor altura = 183

Lower Bound 1 = 154
Lower Bound 2 = 79
Avaliação = 1.18831

Tempo de execução: 60.0025s

---------------------------

Largura da faixa = 62
Melhor altura = 183

Lower Bound 1 = 154
Lower Bound 2 = 79
Avaliação = 1.18831

Tempo de execução: 60.0023s

---------------------------

Largura da faixa = 62
Melhor altura = 186

Lower Bound 1 = 154
Lower Bound 2 = 79
Avaliação = 1.20779

Tempo de execução: 60.0013s

---------------------------

Largura da faixa = 62
Melhor altura = 188

Lower Bound 1 = 154
Lower Bound 2 = 79
Avaliação = 1.22078

Tempo de execução: 60.0004s

---------------------------

Largura da faixa = 62
Melhor altura = 188

Lower Bound 1 = 154
Lower Bound 2 = 79
Avaliação = 1.22078

Tempo de execução: 60.0015s

---------------------------

Largura da faixa = 62
Melhor altura = 184

Lower Bound 1 = 154
Lower Bound 2 = 79
Avaliação = 1.19481

Tempo de execução: 60.0002s

---------------------------

Largura da faixa = 62
Melhor altura = 187

Lower Bound 1 = 154
Lower Bound 2 = 79
Avaliação = 1.21429

Tempo de execução: 60.0091s

---------------------------

Largura da faixa = 62
Melhor altura = 185

Lower Bound 1 = 154
Lower Bound 2 = 79
Avaliação = 1.2013

Tempo de execução: 60.0005s

---------------------------

Largura da faixa = 62
Melhor altura = 184

Lower Bound 1 = 154
Lower Bound 2 = 79
Avaliação = 1.19481

Tempo de execução: 60.0033s

---------------------------

Largura da faixa = 62
Melhor altura = 184

Lower Bound 1 = 154
Lower Bound 2 = 79
Avaliação = 1.19481

Tempo de execução: 60.0124s

---------------------------

Largura da faixa = 62
Melhor altura = 189

Lower Bound 1 = 154
Lower Bound 2 = 79
Avaliação = 1.22727

Tempo de execução: 60.0008s

---------------------------

Largura da faixa = 62
Melhor altura = 188

Lower Bound 1 = 154
Lower Bound 2 = 79
Avaliação = 1.22078

Tempo de execução: 60.0051s

---------------------------

Largura da faixa = 62
Melhor altura = 184

Lower Bound 1 = 154
Lower Bound 2 = 79
Avaliação = 1.19481

Tempo de execução: 60.0082s

---------------------------

Largura da faixa = 62
Melhor altura = 188

Lower Bound 1 = 154
Lower Bound 2 = 79
Avaliação = 1.22078

Tempo de execução: 60.0079s

---------------------------

Largura da faixa = 62
Melhor altura = 185

Lower Bound 1 = 154
Lower Bound 2 = 79
Avaliação = 1.2013

Tempo de execução: 60.0042s

---------------------------

