Largura da faixa = 113
Melhor altura = 428

Lower Bound 1 = 339
Lower Bound 2 = 197
Avaliação = 1.26254

Tempo de execução: 60.0156s

---------------------------

Largura da faixa = 113
Melhor altura = 431

Lower Bound 1 = 339
Lower Bound 2 = 197
Avaliação = 1.27139

Tempo de execução: 60.013s

---------------------------

Largura da faixa = 113
Melhor altura = 417

Lower Bound 1 = 339
Lower Bound 2 = 197
Avaliação = 1.23009

Tempo de execução: 60.035s

---------------------------

Largura da faixa = 113
Melhor altura = 418

Lower Bound 1 = 339
Lower Bound 2 = 197
Avaliação = 1.23304

Tempo de execução: 60.0356s

---------------------------

Largura da faixa = 113
Melhor altura = 430

Lower Bound 1 = 339
Lower Bound 2 = 197
Avaliação = 1.26844

Tempo de execução: 60.0168s

---------------------------

Largura da faixa = 113
Melhor altura = 434

Lower Bound 1 = 339
Lower Bound 2 = 197
Avaliação = 1.28024

Tempo de execução: 60.058s

---------------------------

Largura da faixa = 113
Melhor altura = 414

Lower Bound 1 = 339
Lower Bound 2 = 197
Avaliação = 1.22124

Tempo de execução: 60.0049s

---------------------------

Largura da faixa = 113
Melhor altura = 421

Lower Bound 1 = 339
Lower Bound 2 = 197
Avaliação = 1.24189

Tempo de execução: 60.0238s

---------------------------

Largura da faixa = 113
Melhor altura = 428

Lower Bound 1 = 339
Lower Bound 2 = 197
Avaliação = 1.26254

Tempo de execução: 60.0163s

---------------------------

Largura da faixa = 113
Melhor altura = 427

Lower Bound 1 = 339
Lower Bound 2 = 197
Avaliação = 1.25959

Tempo de execução: 60.0417s

---------------------------

Largura da faixa = 113
Melhor altura = 414

Lower Bound 1 = 339
Lower Bound 2 = 197
Avaliação = 1.22124

Tempo de execução: 60.0346s

---------------------------

Largura da faixa = 113
Melhor altura = 426

Lower Bound 1 = 339
Lower Bound 2 = 197
Avaliação = 1.25664

Tempo de execução: 60.0803s

---------------------------

Largura da faixa = 113
Melhor altura = 428

Lower Bound 1 = 339
Lower Bound 2 = 197
Avaliação = 1.26254

Tempo de execução: 60.0331s

---------------------------

Largura da faixa = 113
Melhor altura = 419

Lower Bound 1 = 339
Lower Bound 2 = 197
Avaliação = 1.23599

Tempo de execução: 60.0149s

---------------------------

Largura da faixa = 113
Melhor altura = 427

Lower Bound 1 = 339
Lower Bound 2 = 197
Avaliação = 1.25959

Tempo de execução: 60.0095s

---------------------------

Largura da faixa = 113
Melhor altura = 426

Lower Bound 1 = 339
Lower Bound 2 = 197
Avaliação = 1.25664

Tempo de execução: 60.0162s

---------------------------

Largura da faixa = 113
Melhor altura = 415

Lower Bound 1 = 339
Lower Bound 2 = 197
Avaliação = 1.22419

Tempo de execução: 60.0132s

---------------------------

Largura da faixa = 113
Melhor altura = 423

Lower Bound 1 = 339
Lower Bound 2 = 197
Avaliação = 1.24779

Tempo de execução: 60.0313s

---------------------------

Largura da faixa = 113
Melhor altura = 412

Lower Bound 1 = 339
Lower Bound 2 = 197
Avaliação = 1.21534

Tempo de execução: 60.021s

---------------------------

Largura da faixa = 113
Melhor altura = 413

Lower Bound 1 = 339
Lower Bound 2 = 197
Avaliação = 1.21829

Tempo de execução: 60.0193s

---------------------------

