Largura da faixa = 92
Melhor altura = 516

Lower Bound 1 = 417
Lower Bound 2 = 207
Avaliação = 1.23741

Tempo de execução: 60.0008s

---------------------------

Largura da faixa = 92
Melhor altura = 521

Lower Bound 1 = 417
Lower Bound 2 = 207
Avaliação = 1.2494

Tempo de execução: 60.01s

---------------------------

Largura da faixa = 92
Melhor altura = 522

Lower Bound 1 = 417
Lower Bound 2 = 207
Avaliação = 1.2518

Tempo de execução: 60.0034s

---------------------------

Largura da faixa = 92
Melhor altura = 512

Lower Bound 1 = 417
Lower Bound 2 = 207
Avaliação = 1.22782

Tempo de execução: 60.0132s

---------------------------

Largura da faixa = 92
Melhor altura = 509

Lower Bound 1 = 417
Lower Bound 2 = 207
Avaliação = 1.22062

Tempo de execução: 60.0153s

---------------------------

Largura da faixa = 92
Melhor altura = 514

Lower Bound 1 = 417
Lower Bound 2 = 207
Avaliação = 1.23261

Tempo de execução: 60.0294s

---------------------------

Largura da faixa = 92
Melhor altura = 517

Lower Bound 1 = 417
Lower Bound 2 = 207
Avaliação = 1.23981

Tempo de execução: 60.0059s

---------------------------

Largura da faixa = 92
Melhor altura = 509

Lower Bound 1 = 417
Lower Bound 2 = 207
Avaliação = 1.22062

Tempo de execução: 60.0271s

---------------------------

Largura da faixa = 92
Melhor altura = 516

Lower Bound 1 = 417
Lower Bound 2 = 207
Avaliação = 1.23741

Tempo de execução: 60.0265s

---------------------------

Largura da faixa = 92
Melhor altura = 514

Lower Bound 1 = 417
Lower Bound 2 = 207
Avaliação = 1.23261

Tempo de execução: 60.0044s

---------------------------

Largura da faixa = 92
Melhor altura = 517

Lower Bound 1 = 417
Lower Bound 2 = 207
Avaliação = 1.23981

Tempo de execução: 60.023s

---------------------------

Largura da faixa = 92
Melhor altura = 516

Lower Bound 1 = 417
Lower Bound 2 = 207
Avaliação = 1.23741

Tempo de execução: 60.0168s

---------------------------

Largura da faixa = 92
Melhor altura = 523

Lower Bound 1 = 417
Lower Bound 2 = 207
Avaliação = 1.2542

Tempo de execução: 60.011s

---------------------------

Largura da faixa = 92
Melhor altura = 509

Lower Bound 1 = 417
Lower Bound 2 = 207
Avaliação = 1.22062

Tempo de execução: 60.0366s

---------------------------

Largura da faixa = 92
Melhor altura = 499

Lower Bound 1 = 417
Lower Bound 2 = 207
Avaliação = 1.19664

Tempo de execução: 60.0707s

---------------------------

Largura da faixa = 92
Melhor altura = 513

Lower Bound 1 = 417
Lower Bound 2 = 207
Avaliação = 1.23022

Tempo de execução: 60.0377s

---------------------------

Largura da faixa = 92
Melhor altura = 510

Lower Bound 1 = 417
Lower Bound 2 = 207
Avaliação = 1.22302

Tempo de execução: 60.0513s

---------------------------

Largura da faixa = 92
Melhor altura = 517

Lower Bound 1 = 417
Lower Bound 2 = 207
Avaliação = 1.23981

Tempo de execução: 60.0546s

---------------------------

Largura da faixa = 92
Melhor altura = 513

Lower Bound 1 = 417
Lower Bound 2 = 207
Avaliação = 1.23022

Tempo de execução: 60.0233s

---------------------------

Largura da faixa = 92
Melhor altura = 520

Lower Bound 1 = 417
Lower Bound 2 = 207
Avaliação = 1.247

Tempo de execução: 60.0282s

---------------------------

