Largura da faixa = 70
Melhor altura = 711

Lower Bound 1 = 548
Lower Bound 2 = 293
Avaliação = 1.29745

Tempo de execução: 60.0021s

---------------------------

Largura da faixa = 70
Melhor altura = 709

Lower Bound 1 = 548
Lower Bound 2 = 293
Avaliação = 1.2938

Tempo de execução: 60.0057s

---------------------------

Largura da faixa = 70
Melhor altura = 708

Lower Bound 1 = 548
Lower Bound 2 = 293
Avaliação = 1.29197

Tempo de execução: 60.0243s

---------------------------

Largura da faixa = 70
Melhor altura = 708

Lower Bound 1 = 548
Lower Bound 2 = 293
Avaliação = 1.29197

Tempo de execução: 60.0261s

---------------------------

Largura da faixa = 70
Melhor altura = 706

Lower Bound 1 = 548
Lower Bound 2 = 293
Avaliação = 1.28832

Tempo de execução: 60.0205s

---------------------------

Largura da faixa = 70
Melhor altura = 695

Lower Bound 1 = 548
Lower Bound 2 = 293
Avaliação = 1.26825

Tempo de execução: 60.0294s

---------------------------

Largura da faixa = 70
Melhor altura = 703

Lower Bound 1 = 548
Lower Bound 2 = 293
Avaliação = 1.28285

Tempo de execução: 60.0145s

---------------------------

Largura da faixa = 70
Melhor altura = 689

Lower Bound 1 = 548
Lower Bound 2 = 293
Avaliação = 1.2573

Tempo de execução: 60.0086s

---------------------------

Largura da faixa = 70
Melhor altura = 685

Lower Bound 1 = 548
Lower Bound 2 = 293
Avaliação = 1.25

Tempo de execução: 60.0045s

---------------------------

Largura da faixa = 70
Melhor altura = 698

Lower Bound 1 = 548
Lower Bound 2 = 293
Avaliação = 1.27372

Tempo de execução: 60.0166s

---------------------------

Largura da faixa = 70
Melhor altura = 704

Lower Bound 1 = 548
Lower Bound 2 = 293
Avaliação = 1.28467

Tempo de execução: 60.0342s

---------------------------

Largura da faixa = 70
Melhor altura = 701

Lower Bound 1 = 548
Lower Bound 2 = 293
Avaliação = 1.2792

Tempo de execução: 60.0588s

---------------------------

Largura da faixa = 70
Melhor altura = 709

Lower Bound 1 = 548
Lower Bound 2 = 293
Avaliação = 1.2938

Tempo de execução: 60.0112s

---------------------------

Largura da faixa = 70
Melhor altura = 690

Lower Bound 1 = 548
Lower Bound 2 = 293
Avaliação = 1.25912

Tempo de execução: 60.02s

---------------------------

Largura da faixa = 70
Melhor altura = 709

Lower Bound 1 = 548
Lower Bound 2 = 293
Avaliação = 1.2938

Tempo de execução: 60.0237s

---------------------------

Largura da faixa = 70
Melhor altura = 696

Lower Bound 1 = 548
Lower Bound 2 = 293
Avaliação = 1.27007

Tempo de execução: 60.0001s

---------------------------

Largura da faixa = 70
Melhor altura = 712

Lower Bound 1 = 548
Lower Bound 2 = 293
Avaliação = 1.29927

Tempo de execução: 60.0089s

---------------------------

Largura da faixa = 70
Melhor altura = 696

Lower Bound 1 = 548
Lower Bound 2 = 293
Avaliação = 1.27007

Tempo de execução: 60.0161s

---------------------------

Largura da faixa = 70
Melhor altura = 713

Lower Bound 1 = 548
Lower Bound 2 = 293
Avaliação = 1.30109

Tempo de execução: 60.0155s

---------------------------

Largura da faixa = 70
Melhor altura = 708

Lower Bound 1 = 548
Lower Bound 2 = 293
Avaliação = 1.29197

Tempo de execução: 60.0258s

---------------------------

