Largura da faixa = 83
Melhor altura = 613

Lower Bound 1 = 481
Lower Bound 2 = 225
Avaliação = 1.27443

Tempo de execução: 60.0016s

---------------------------

Largura da faixa = 83
Melhor altura = 622

Lower Bound 1 = 481
Lower Bound 2 = 225
Avaliação = 1.29314

Tempo de execução: 60.0236s

---------------------------

Largura da faixa = 83
Melhor altura = 606

Lower Bound 1 = 481
Lower Bound 2 = 225
Avaliação = 1.25988

Tempo de execução: 60.0391s

---------------------------

Largura da faixa = 83
Melhor altura = 601

Lower Bound 1 = 481
Lower Bound 2 = 225
Avaliação = 1.24948

Tempo de execução: 60.0003s

---------------------------

Largura da faixa = 83
Melhor altura = 620

Lower Bound 1 = 481
Lower Bound 2 = 225
Avaliação = 1.28898

Tempo de execução: 60.0119s

---------------------------

Largura da faixa = 83
Melhor altura = 602

Lower Bound 1 = 481
Lower Bound 2 = 225
Avaliação = 1.25156

Tempo de execução: 60.0545s

---------------------------

Largura da faixa = 83
Melhor altura = 622

Lower Bound 1 = 481
Lower Bound 2 = 225
Avaliação = 1.29314

Tempo de execução: 60.0087s

---------------------------

Largura da faixa = 83
Melhor altura = 614

Lower Bound 1 = 481
Lower Bound 2 = 225
Avaliação = 1.27651

Tempo de execução: 60.0099s

---------------------------

Largura da faixa = 83
Melhor altura = 622

Lower Bound 1 = 481
Lower Bound 2 = 225
Avaliação = 1.29314

Tempo de execução: 60.0122s

---------------------------

Largura da faixa = 83
Melhor altura = 619

Lower Bound 1 = 481
Lower Bound 2 = 225
Avaliação = 1.2869

Tempo de execução: 60.0129s

---------------------------

Largura da faixa = 83
Melhor altura = 625

Lower Bound 1 = 481
Lower Bound 2 = 225
Avaliação = 1.29938

Tempo de execução: 60.0243s

---------------------------

Largura da faixa = 83
Melhor altura = 607

Lower Bound 1 = 481
Lower Bound 2 = 225
Avaliação = 1.26195

Tempo de execução: 60.033s

---------------------------

Largura da faixa = 83
Melhor altura = 611

Lower Bound 1 = 481
Lower Bound 2 = 225
Avaliação = 1.27027

Tempo de execução: 60.0149s

---------------------------

Largura da faixa = 83
Melhor altura = 614

Lower Bound 1 = 481
Lower Bound 2 = 225
Avaliação = 1.27651

Tempo de execução: 60.0255s

---------------------------

Largura da faixa = 83
Melhor altura = 610

Lower Bound 1 = 481
Lower Bound 2 = 225
Avaliação = 1.26819

Tempo de execução: 60.0534s

---------------------------

Largura da faixa = 83
Melhor altura = 618

Lower Bound 1 = 481
Lower Bound 2 = 225
Avaliação = 1.28482

Tempo de execução: 60.0036s

---------------------------

Largura da faixa = 83
Melhor altura = 587

Lower Bound 1 = 481
Lower Bound 2 = 225
Avaliação = 1.22037

Tempo de execução: 60.0414s

---------------------------

Largura da faixa = 83
Melhor altura = 620

Lower Bound 1 = 481
Lower Bound 2 = 225
Avaliação = 1.28898

Tempo de execução: 60.0864s

---------------------------

Largura da faixa = 83
Melhor altura = 629

Lower Bound 1 = 481
Lower Bound 2 = 225
Avaliação = 1.30769

Tempo de execução: 60.0003s

---------------------------

Largura da faixa = 83
Melhor altura = 611

Lower Bound 1 = 481
Lower Bound 2 = 225
Avaliação = 1.27027

Tempo de execução: 60.0261s

---------------------------

