Largura da faixa = 143
Melhor altura = 304

Lower Bound 1 = 279
Lower Bound 2 = 123
Avaliação = 1.08961

Tempo de execução: 60.0001s

---------------------------

Largura da faixa = 143
Melhor altura = 298

Lower Bound 1 = 279
Lower Bound 2 = 123
Avaliação = 1.0681

Tempo de execução: 60.0001s

---------------------------

Largura da faixa = 143
Melhor altura = 304

Lower Bound 1 = 279
Lower Bound 2 = 123
Avaliação = 1.08961

Tempo de execução: 60.0006s

---------------------------

Largura da faixa = 143
Melhor altura = 300

Lower Bound 1 = 279
Lower Bound 2 = 123
Avaliação = 1.07527

Tempo de execução: 60.0002s

---------------------------

Largura da faixa = 143
Melhor altura = 299

Lower Bound 1 = 279
Lower Bound 2 = 123
Avaliação = 1.07168

Tempo de execução: 60s

---------------------------

Largura da faixa = 143
Melhor altura = 304

Lower Bound 1 = 279
Lower Bound 2 = 123
Avaliação = 1.08961

Tempo de execução: 60.0006s

---------------------------

Largura da faixa = 143
Melhor altura = 306

Lower Bound 1 = 279
Lower Bound 2 = 123
Avaliação = 1.09677

Tempo de execução: 60.0001s

---------------------------

Largura da faixa = 143
Melhor altura = 305

Lower Bound 1 = 279
Lower Bound 2 = 123
Avaliação = 1.09319

Tempo de execução: 60.0001s

---------------------------

Largura da faixa = 143
Melhor altura = 306

Lower Bound 1 = 279
Lower Bound 2 = 123
Avaliação = 1.09677

Tempo de execução: 60s

---------------------------

Largura da faixa = 143
Melhor altura = 299

Lower Bound 1 = 279
Lower Bound 2 = 123
Avaliação = 1.07168

Tempo de execução: 60.0001s

---------------------------

Largura da faixa = 143
Melhor altura = 309

Lower Bound 1 = 279
Lower Bound 2 = 123
Avaliação = 1.10753

Tempo de execução: 60.0003s

---------------------------

Largura da faixa = 143
Melhor altura = 303

Lower Bound 1 = 279
Lower Bound 2 = 123
Avaliação = 1.08602

Tempo de execução: 60.0001s

---------------------------

Largura da faixa = 143
Melhor altura = 300

Lower Bound 1 = 279
Lower Bound 2 = 123
Avaliação = 1.07527

Tempo de execução: 60.0003s

---------------------------

Largura da faixa = 143
Melhor altura = 310

Lower Bound 1 = 279
Lower Bound 2 = 123
Avaliação = 1.11111

Tempo de execução: 60.0001s

---------------------------

Largura da faixa = 143
Melhor altura = 307

Lower Bound 1 = 279
Lower Bound 2 = 123
Avaliação = 1.10036

Tempo de execução: 60.0002s

---------------------------

Largura da faixa = 143
Melhor altura = 306

Lower Bound 1 = 279
Lower Bound 2 = 123
Avaliação = 1.09677

Tempo de execução: 60.0002s

---------------------------

Largura da faixa = 143
Melhor altura = 300

Lower Bound 1 = 279
Lower Bound 2 = 123
Avaliação = 1.07527

Tempo de execução: 60.0003s

---------------------------

Largura da faixa = 143
Melhor altura = 306

Lower Bound 1 = 279
Lower Bound 2 = 123
Avaliação = 1.09677

Tempo de execução: 60.0001s

---------------------------

Largura da faixa = 143
Melhor altura = 302

Lower Bound 1 = 279
Lower Bound 2 = 123
Avaliação = 1.08244

Tempo de execução: 60.0003s

---------------------------

Largura da faixa = 143
Melhor altura = 306

Lower Bound 1 = 279
Lower Bound 2 = 123
Avaliação = 1.09677

Tempo de execução: 60.0003s

---------------------------

