Largura da faixa = 108
Melhor altura = 435

Lower Bound 1 = 370
Lower Bound 2 = 172
Avaliação = 1.17568

Tempo de execução: 60.0002s

---------------------------

Largura da faixa = 108
Melhor altura = 438

Lower Bound 1 = 370
Lower Bound 2 = 172
Avaliação = 1.18378

Tempo de execução: 60.0026s

---------------------------

Largura da faixa = 108
Melhor altura = 431

Lower Bound 1 = 370
Lower Bound 2 = 172
Avaliação = 1.16486

Tempo de execução: 60.011s

---------------------------

Largura da faixa = 108
Melhor altura = 429

Lower Bound 1 = 370
Lower Bound 2 = 172
Avaliação = 1.15946

Tempo de execução: 60.004s

---------------------------

Largura da faixa = 108
Melhor altura = 431

Lower Bound 1 = 370
Lower Bound 2 = 172
Avaliação = 1.16486

Tempo de execução: 60.0043s

---------------------------

Largura da faixa = 108
Melhor altura = 436

Lower Bound 1 = 370
Lower Bound 2 = 172
Avaliação = 1.17838

Tempo de execução: 60.0109s

---------------------------

Largura da faixa = 108
Melhor altura = 433

Lower Bound 1 = 370
Lower Bound 2 = 172
Avaliação = 1.17027

Tempo de execução: 60.0042s

---------------------------

Largura da faixa = 108
Melhor altura = 443

Lower Bound 1 = 370
Lower Bound 2 = 172
Avaliação = 1.1973

Tempo de execução: 60.0003s

---------------------------

Largura da faixa = 108
Melhor altura = 418

Lower Bound 1 = 370
Lower Bound 2 = 172
Avaliação = 1.12973

Tempo de execução: 60.0031s

---------------------------

Largura da faixa = 108
Melhor altura = 436

Lower Bound 1 = 370
Lower Bound 2 = 172
Avaliação = 1.17838

Tempo de execução: 60.0018s

---------------------------

Largura da faixa = 108
Melhor altura = 437

Lower Bound 1 = 370
Lower Bound 2 = 172
Avaliação = 1.18108

Tempo de execução: 60.0057s

---------------------------

Largura da faixa = 108
Melhor altura = 438

Lower Bound 1 = 370
Lower Bound 2 = 172
Avaliação = 1.18378

Tempo de execução: 60.0122s

---------------------------

Largura da faixa = 108
Melhor altura = 440

Lower Bound 1 = 370
Lower Bound 2 = 172
Avaliação = 1.18919

Tempo de execução: 60.01s

---------------------------

Largura da faixa = 108
Melhor altura = 436

Lower Bound 1 = 370
Lower Bound 2 = 172
Avaliação = 1.17838

Tempo de execução: 60.0103s

---------------------------

Largura da faixa = 108
Melhor altura = 430

Lower Bound 1 = 370
Lower Bound 2 = 172
Avaliação = 1.16216

Tempo de execução: 60.0097s

---------------------------

Largura da faixa = 108
Melhor altura = 434

Lower Bound 1 = 370
Lower Bound 2 = 172
Avaliação = 1.17297

Tempo de execução: 60.0027s

---------------------------

Largura da faixa = 108
Melhor altura = 444

Lower Bound 1 = 370
Lower Bound 2 = 172
Avaliação = 1.2

Tempo de execução: 60.0045s

---------------------------

Largura da faixa = 108
Melhor altura = 441

Lower Bound 1 = 370
Lower Bound 2 = 172
Avaliação = 1.19189

Tempo de execução: 60.0016s

---------------------------

Largura da faixa = 108
Melhor altura = 443

Lower Bound 1 = 370
Lower Bound 2 = 172
Avaliação = 1.1973

Tempo de execução: 60.0044s

---------------------------

Largura da faixa = 108
Melhor altura = 435

Lower Bound 1 = 370
Lower Bound 2 = 172
Avaliação = 1.17568

Tempo de execução: 60.0028s

---------------------------

