Largura da faixa = 105
Melhor altura = 440

Lower Bound 1 = 380
Lower Bound 2 = 155
Avaliação = 1.15789

Tempo de execução: 60.0015s

---------------------------

Largura da faixa = 105
Melhor altura = 426

Lower Bound 1 = 380
Lower Bound 2 = 155
Avaliação = 1.12105

Tempo de execução: 60.0002s

---------------------------

Largura da faixa = 105
Melhor altura = 430

Lower Bound 1 = 380
Lower Bound 2 = 155
Avaliação = 1.13158

Tempo de execução: 60.0066s

---------------------------

Largura da faixa = 105
Melhor altura = 426

Lower Bound 1 = 380
Lower Bound 2 = 155
Avaliação = 1.12105

Tempo de execução: 60.0003s

---------------------------

Largura da faixa = 105
Melhor altura = 433

Lower Bound 1 = 380
Lower Bound 2 = 155
Avaliação = 1.13947

Tempo de execução: 60.0033s

---------------------------

Largura da faixa = 105
Melhor altura = 426

Lower Bound 1 = 380
Lower Bound 2 = 155
Avaliação = 1.12105

Tempo de execução: 60.0025s

---------------------------

Largura da faixa = 105
Melhor altura = 431

Lower Bound 1 = 380
Lower Bound 2 = 155
Avaliação = 1.13421

Tempo de execução: 60.001s

---------------------------

Largura da faixa = 105
Melhor altura = 449

Lower Bound 1 = 380
Lower Bound 2 = 155
Avaliação = 1.18158

Tempo de execução: 60.0028s

---------------------------

Largura da faixa = 105
Melhor altura = 442

Lower Bound 1 = 380
Lower Bound 2 = 155
Avaliação = 1.16316

Tempo de execução: 60.0037s

---------------------------

Largura da faixa = 105
Melhor altura = 439

Lower Bound 1 = 380
Lower Bound 2 = 155
Avaliação = 1.15526

Tempo de execução: 60.0001s

---------------------------

Largura da faixa = 105
Melhor altura = 440

Lower Bound 1 = 380
Lower Bound 2 = 155
Avaliação = 1.15789

Tempo de execução: 60.0031s

---------------------------

Largura da faixa = 105
Melhor altura = 447

Lower Bound 1 = 380
Lower Bound 2 = 155
Avaliação = 1.17632

Tempo de execução: 60.0093s

---------------------------

Largura da faixa = 105
Melhor altura = 438

Lower Bound 1 = 380
Lower Bound 2 = 155
Avaliação = 1.15263

Tempo de execução: 60.0008s

---------------------------

Largura da faixa = 105
Melhor altura = 436

Lower Bound 1 = 380
Lower Bound 2 = 155
Avaliação = 1.14737

Tempo de execução: 60.002s

---------------------------

Largura da faixa = 105
Melhor altura = 441

Lower Bound 1 = 380
Lower Bound 2 = 155
Avaliação = 1.16053

Tempo de execução: 60.0047s

---------------------------

Largura da faixa = 105
Melhor altura = 447

Lower Bound 1 = 380
Lower Bound 2 = 155
Avaliação = 1.17632

Tempo de execução: 60.0006s

---------------------------

Largura da faixa = 105
Melhor altura = 438

Lower Bound 1 = 380
Lower Bound 2 = 155
Avaliação = 1.15263

Tempo de execução: 60.0009s

---------------------------

Largura da faixa = 105
Melhor altura = 443

Lower Bound 1 = 380
Lower Bound 2 = 155
Avaliação = 1.16579

Tempo de execução: 60.0079s

---------------------------

Largura da faixa = 105
Melhor altura = 437

Lower Bound 1 = 380
Lower Bound 2 = 155
Avaliação = 1.15

Tempo de execução: 60.0053s

---------------------------

Largura da faixa = 105
Melhor altura = 439

Lower Bound 1 = 380
Lower Bound 2 = 155
Avaliação = 1.15526

Tempo de execução: 60.0082s

---------------------------

