Largura da faixa = 96
Melhor altura = 485

Lower Bound 1 = 416
Lower Bound 2 = 340
Avaliação = 1.16587

Tempo de execução: 60.0001s

---------------------------

Largura da faixa = 96
Melhor altura = 517

Lower Bound 1 = 416
Lower Bound 2 = 340
Avaliação = 1.24279

Tempo de execução: 60s

---------------------------

Largura da faixa = 96
Melhor altura = 491

Lower Bound 1 = 416
Lower Bound 2 = 340
Avaliação = 1.18029

Tempo de execução: 60.006s

---------------------------

Largura da faixa = 96
Melhor altura = 496

Lower Bound 1 = 416
Lower Bound 2 = 340
Avaliação = 1.19231

Tempo de execução: 60.0001s

---------------------------

Largura da faixa = 96
Melhor altura = 478

Lower Bound 1 = 416
Lower Bound 2 = 340
Avaliação = 1.14904

Tempo de execução: 60.0035s

---------------------------

Largura da faixa = 96
Melhor altura = 492

Lower Bound 1 = 416
Lower Bound 2 = 340
Avaliação = 1.18269

Tempo de execução: 60.0027s

---------------------------

Largura da faixa = 96
Melhor altura = 483

Lower Bound 1 = 416
Lower Bound 2 = 340
Avaliação = 1.16106

Tempo de execução: 60.0001s

---------------------------

Largura da faixa = 96
Melhor altura = 491

Lower Bound 1 = 416
Lower Bound 2 = 340
Avaliação = 1.18029

Tempo de execução: 60.0021s

---------------------------

Largura da faixa = 96
Melhor altura = 481

Lower Bound 1 = 416
Lower Bound 2 = 340
Avaliação = 1.15625

Tempo de execução: 60s

---------------------------

Largura da faixa = 96
Melhor altura = 496

Lower Bound 1 = 416
Lower Bound 2 = 340
Avaliação = 1.19231

Tempo de execução: 60.0009s

---------------------------

Largura da faixa = 96
Melhor altura = 490

Lower Bound 1 = 416
Lower Bound 2 = 340
Avaliação = 1.17788

Tempo de execução: 60.0016s

---------------------------

Largura da faixa = 96
Melhor altura = 490

Lower Bound 1 = 416
Lower Bound 2 = 340
Avaliação = 1.17788

Tempo de execução: 60.0034s

---------------------------

Largura da faixa = 96
Melhor altura = 495

Lower Bound 1 = 416
Lower Bound 2 = 340
Avaliação = 1.1899

Tempo de execução: 60.0001s

---------------------------

Largura da faixa = 96
Melhor altura = 488

Lower Bound 1 = 416
Lower Bound 2 = 340
Avaliação = 1.17308

Tempo de execução: 60.0007s

---------------------------

Largura da faixa = 96
Melhor altura = 485

Lower Bound 1 = 416
Lower Bound 2 = 340
Avaliação = 1.16587

Tempo de execução: 60.0002s

---------------------------

Largura da faixa = 96
Melhor altura = 490

Lower Bound 1 = 416
Lower Bound 2 = 340
Avaliação = 1.17788

Tempo de execução: 60.0018s

---------------------------

Largura da faixa = 96
Melhor altura = 499

Lower Bound 1 = 416
Lower Bound 2 = 340
Avaliação = 1.19952

Tempo de execução: 60.001s

---------------------------

Largura da faixa = 96
Melhor altura = 485

Lower Bound 1 = 416
Lower Bound 2 = 340
Avaliação = 1.16587

Tempo de execução: 60.004s

---------------------------

Largura da faixa = 96
Melhor altura = 501

Lower Bound 1 = 416
Lower Bound 2 = 340
Avaliação = 1.20433

Tempo de execução: 60.0003s

---------------------------

Largura da faixa = 96
Melhor altura = 494

Lower Bound 1 = 416
Lower Bound 2 = 340
Avaliação = 1.1875

Tempo de execução: 60.0009s

---------------------------

