Largura da faixa = 98
Melhor altura = 466

Lower Bound 1 = 408
Lower Bound 2 = 257
Avaliação = 1.14216

Tempo de execução: 60.0029s

---------------------------

Largura da faixa = 98
Melhor altura = 473

Lower Bound 1 = 408
Lower Bound 2 = 257
Avaliação = 1.15931

Tempo de execução: 60.002s

---------------------------

Largura da faixa = 98
Melhor altura = 473

Lower Bound 1 = 408
Lower Bound 2 = 257
Avaliação = 1.15931

Tempo de execução: 60.0078s

---------------------------

Largura da faixa = 98
Melhor altura = 486

Lower Bound 1 = 408
Lower Bound 2 = 257
Avaliação = 1.19118

Tempo de execução: 60.0006s

---------------------------

Largura da faixa = 98
Melhor altura = 485

Lower Bound 1 = 408
Lower Bound 2 = 257
Avaliação = 1.18873

Tempo de execução: 60.0001s

---------------------------

Largura da faixa = 98
Melhor altura = 486

Lower Bound 1 = 408
Lower Bound 2 = 257
Avaliação = 1.19118

Tempo de execução: 60.0008s

---------------------------

Largura da faixa = 98
Melhor altura = 476

Lower Bound 1 = 408
Lower Bound 2 = 257
Avaliação = 1.16667

Tempo de execução: 60.0005s

---------------------------

Largura da faixa = 98
Melhor altura = 481

Lower Bound 1 = 408
Lower Bound 2 = 257
Avaliação = 1.17892

Tempo de execução: 60.0055s

---------------------------

Largura da faixa = 98
Melhor altura = 482

Lower Bound 1 = 408
Lower Bound 2 = 257
Avaliação = 1.18137

Tempo de execução: 60.0058s

---------------------------

Largura da faixa = 98
Melhor altura = 485

Lower Bound 1 = 408
Lower Bound 2 = 257
Avaliação = 1.18873

Tempo de execução: 60.0003s

---------------------------

Largura da faixa = 98
Melhor altura = 470

Lower Bound 1 = 408
Lower Bound 2 = 257
Avaliação = 1.15196

Tempo de execução: 60.0007s

---------------------------

Largura da faixa = 98
Melhor altura = 477

Lower Bound 1 = 408
Lower Bound 2 = 257
Avaliação = 1.16912

Tempo de execução: 60.0062s

---------------------------

Largura da faixa = 98
Melhor altura = 485

Lower Bound 1 = 408
Lower Bound 2 = 257
Avaliação = 1.18873

Tempo de execução: 60.0003s

---------------------------

Largura da faixa = 98
Melhor altura = 483

Lower Bound 1 = 408
Lower Bound 2 = 257
Avaliação = 1.18382

Tempo de execução: 60.003s

---------------------------

Largura da faixa = 98
Melhor altura = 480

Lower Bound 1 = 408
Lower Bound 2 = 257
Avaliação = 1.17647

Tempo de execução: 60.0029s

---------------------------

Largura da faixa = 98
Melhor altura = 484

Lower Bound 1 = 408
Lower Bound 2 = 257
Avaliação = 1.18627

Tempo de execução: 60.0021s

---------------------------

Largura da faixa = 98
Melhor altura = 486

Lower Bound 1 = 408
Lower Bound 2 = 257
Avaliação = 1.19118

Tempo de execução: 60.0047s

---------------------------

Largura da faixa = 98
Melhor altura = 474

Lower Bound 1 = 408
Lower Bound 2 = 257
Avaliação = 1.16176

Tempo de execução: 60.0087s

---------------------------

Largura da faixa = 98
Melhor altura = 478

Lower Bound 1 = 408
Lower Bound 2 = 257
Avaliação = 1.17157

Tempo de execução: 60.0046s

---------------------------

Largura da faixa = 98
Melhor altura = 485

Lower Bound 1 = 408
Lower Bound 2 = 257
Avaliação = 1.18873

Tempo de execução: 60.0126s

---------------------------

