Largura da faixa = 131
Melhor altura = 343

Lower Bound 1 = 305
Lower Bound 2 = 131
Avaliação = 1.12459

Tempo de execução: 60.0004s

---------------------------

Largura da faixa = 131
Melhor altura = 344

Lower Bound 1 = 305
Lower Bound 2 = 131
Avaliação = 1.12787

Tempo de execução: 60.0006s

---------------------------

Largura da faixa = 131
Melhor altura = 346

Lower Bound 1 = 305
Lower Bound 2 = 131
Avaliação = 1.13443

Tempo de execução: 60.0011s

---------------------------

Largura da faixa = 131
Melhor altura = 341

Lower Bound 1 = 305
Lower Bound 2 = 131
Avaliação = 1.11803

Tempo de execução: 60.0001s

---------------------------

Largura da faixa = 131
Melhor altura = 344

Lower Bound 1 = 305
Lower Bound 2 = 131
Avaliação = 1.12787

Tempo de execução: 60.0011s

---------------------------

Largura da faixa = 131
Melhor altura = 343

Lower Bound 1 = 305
Lower Bound 2 = 131
Avaliação = 1.12459

Tempo de execução: 60.0004s

---------------------------

Largura da faixa = 131
Melhor altura = 338

Lower Bound 1 = 305
Lower Bound 2 = 131
Avaliação = 1.1082

Tempo de execução: 60.0004s

---------------------------

Largura da faixa = 131
Melhor altura = 336

Lower Bound 1 = 305
Lower Bound 2 = 131
Avaliação = 1.10164

Tempo de execução: 60.0007s

---------------------------

Largura da faixa = 131
Melhor altura = 342

Lower Bound 1 = 305
Lower Bound 2 = 131
Avaliação = 1.12131

Tempo de execução: 60.0021s

---------------------------

Largura da faixa = 131
Melhor altura = 342

Lower Bound 1 = 305
Lower Bound 2 = 131
Avaliação = 1.12131

Tempo de execução: 60.0006s

---------------------------

Largura da faixa = 131
Melhor altura = 342

Lower Bound 1 = 305
Lower Bound 2 = 131
Avaliação = 1.12131

Tempo de execução: 60.0001s

---------------------------

Largura da faixa = 131
Melhor altura = 345

Lower Bound 1 = 305
Lower Bound 2 = 131
Avaliação = 1.13115

Tempo de execução: 60.002s

---------------------------

Largura da faixa = 131
Melhor altura = 340

Lower Bound 1 = 305
Lower Bound 2 = 131
Avaliação = 1.11475

Tempo de execução: 60.0005s

---------------------------

Largura da faixa = 131
Melhor altura = 345

Lower Bound 1 = 305
Lower Bound 2 = 131
Avaliação = 1.13115

Tempo de execução: 60.0015s

---------------------------

Largura da faixa = 131
Melhor altura = 338

Lower Bound 1 = 305
Lower Bound 2 = 131
Avaliação = 1.1082

Tempo de execução: 60.0021s

---------------------------

Largura da faixa = 131
Melhor altura = 340

Lower Bound 1 = 305
Lower Bound 2 = 131
Avaliação = 1.11475

Tempo de execução: 60.0005s

---------------------------

Largura da faixa = 131
Melhor altura = 337

Lower Bound 1 = 305
Lower Bound 2 = 131
Avaliação = 1.10492

Tempo de execução: 60.001s

---------------------------

Largura da faixa = 131
Melhor altura = 343

Lower Bound 1 = 305
Lower Bound 2 = 131
Avaliação = 1.12459

Tempo de execução: 60.0026s

---------------------------

Largura da faixa = 131
Melhor altura = 336

Lower Bound 1 = 305
Lower Bound 2 = 131
Avaliação = 1.10164

Tempo de execução: 60.0001s

---------------------------

Largura da faixa = 131
Melhor altura = 342

Lower Bound 1 = 305
Lower Bound 2 = 131
Avaliação = 1.12131

Tempo de execução: 60.0001s

---------------------------

