Largura da faixa = 102
Melhor altura = 467

Lower Bound 1 = 392
Lower Bound 2 = 108
Avaliação = 1.19133

Tempo de execução: 60.0039s

---------------------------

Largura da faixa = 102
Melhor altura = 465

Lower Bound 1 = 392
Lower Bound 2 = 108
Avaliação = 1.18622

Tempo de execução: 60.0393s

---------------------------

Largura da faixa = 102
Melhor altura = 482

Lower Bound 1 = 392
Lower Bound 2 = 108
Avaliação = 1.22959

Tempo de execução: 60.0105s

---------------------------

Largura da faixa = 102
Melhor altura = 473

Lower Bound 1 = 392
Lower Bound 2 = 108
Avaliação = 1.20663

Tempo de execução: 60.0042s

---------------------------

Largura da faixa = 102
Melhor altura = 472

Lower Bound 1 = 392
Lower Bound 2 = 108
Avaliação = 1.20408

Tempo de execução: 60.0306s

---------------------------

Largura da faixa = 102
Melhor altura = 479

Lower Bound 1 = 392
Lower Bound 2 = 108
Avaliação = 1.22194

Tempo de execução: 60.0324s

---------------------------

Largura da faixa = 102
Melhor altura = 471

Lower Bound 1 = 392
Lower Bound 2 = 108
Avaliação = 1.20153

Tempo de execução: 60.0083s

---------------------------

Largura da faixa = 102
Melhor altura = 490

Lower Bound 1 = 392
Lower Bound 2 = 108
Avaliação = 1.25

Tempo de execução: 60.0072s

---------------------------

Largura da faixa = 102
Melhor altura = 478

Lower Bound 1 = 392
Lower Bound 2 = 108
Avaliação = 1.21939

Tempo de execução: 60.0757s

---------------------------

Largura da faixa = 102
Melhor altura = 476

Lower Bound 1 = 392
Lower Bound 2 = 108
Avaliação = 1.21429

Tempo de execução: 60.0046s

---------------------------

Largura da faixa = 102
Melhor altura = 472

Lower Bound 1 = 392
Lower Bound 2 = 108
Avaliação = 1.20408

Tempo de execução: 60.0435s

---------------------------

Largura da faixa = 102
Melhor altura = 472

Lower Bound 1 = 392
Lower Bound 2 = 108
Avaliação = 1.20408

Tempo de execução: 60.0617s

---------------------------

Largura da faixa = 102
Melhor altura = 485

Lower Bound 1 = 392
Lower Bound 2 = 108
Avaliação = 1.23724

Tempo de execução: 60.0015s

---------------------------

Largura da faixa = 102
Melhor altura = 487

Lower Bound 1 = 392
Lower Bound 2 = 108
Avaliação = 1.24235

Tempo de execução: 60.0061s

---------------------------

Largura da faixa = 102
Melhor altura = 482

Lower Bound 1 = 392
Lower Bound 2 = 108
Avaliação = 1.22959

Tempo de execução: 60.0187s

---------------------------

Largura da faixa = 102
Melhor altura = 474

Lower Bound 1 = 392
Lower Bound 2 = 108
Avaliação = 1.20918

Tempo de execução: 60.0087s

---------------------------

Largura da faixa = 102
Melhor altura = 472

Lower Bound 1 = 392
Lower Bound 2 = 108
Avaliação = 1.20408

Tempo de execução: 60.0517s

---------------------------

Largura da faixa = 102
Melhor altura = 474

Lower Bound 1 = 392
Lower Bound 2 = 108
Avaliação = 1.20918

Tempo de execução: 60.0257s

---------------------------

Largura da faixa = 102
Melhor altura = 475

Lower Bound 1 = 392
Lower Bound 2 = 108
Avaliação = 1.21173

Tempo de execução: 60.0003s

---------------------------

Largura da faixa = 102
Melhor altura = 482

Lower Bound 1 = 392
Lower Bound 2 = 108
Avaliação = 1.22959

Tempo de execução: 60.0044s

---------------------------

