Largura da faixa = 119
Melhor altura = 366

Lower Bound 1 = 336
Lower Bound 2 = 170
Avaliação = 1.08929

Tempo de execução: 60s

---------------------------

Largura da faixa = 119
Melhor altura = 361

Lower Bound 1 = 336
Lower Bound 2 = 170
Avaliação = 1.0744

Tempo de execução: 60.0001s

---------------------------

Largura da faixa = 119
Melhor altura = 364

Lower Bound 1 = 336
Lower Bound 2 = 170
Avaliação = 1.08333

Tempo de execução: 60.0003s

---------------------------

Largura da faixa = 119
Melhor altura = 364

Lower Bound 1 = 336
Lower Bound 2 = 170
Avaliação = 1.08333

Tempo de execução: 60.0001s

---------------------------

Largura da faixa = 119
Melhor altura = 364

Lower Bound 1 = 336
Lower Bound 2 = 170
Avaliação = 1.08333

Tempo de execução: 60.0002s

---------------------------

Largura da faixa = 119
Melhor altura = 362

Lower Bound 1 = 336
Lower Bound 2 = 170
Avaliação = 1.07738

Tempo de execução: 60.0002s

---------------------------

Largura da faixa = 119
Melhor altura = 363

Lower Bound 1 = 336
Lower Bound 2 = 170
Avaliação = 1.08036

Tempo de execução: 60s

---------------------------

Largura da faixa = 119
Melhor altura = 363

Lower Bound 1 = 336
Lower Bound 2 = 170
Avaliação = 1.08036

Tempo de execução: 60.0002s

---------------------------

Largura da faixa = 119
Melhor altura = 366

Lower Bound 1 = 336
Lower Bound 2 = 170
Avaliação = 1.08929

Tempo de execução: 60.0004s

---------------------------

Largura da faixa = 119
Melhor altura = 367

Lower Bound 1 = 336
Lower Bound 2 = 170
Avaliação = 1.09226

Tempo de execução: 60.0001s

---------------------------

Largura da faixa = 119
Melhor altura = 363

Lower Bound 1 = 336
Lower Bound 2 = 170
Avaliação = 1.08036

Tempo de execução: 60.0001s

---------------------------

Largura da faixa = 119
Melhor altura = 363

Lower Bound 1 = 336
Lower Bound 2 = 170
Avaliação = 1.08036

Tempo de execução: 60.0001s

---------------------------

Largura da faixa = 119
Melhor altura = 361

Lower Bound 1 = 336
Lower Bound 2 = 170
Avaliação = 1.0744

Tempo de execução: 60.0001s

---------------------------

Largura da faixa = 119
Melhor altura = 365

Lower Bound 1 = 336
Lower Bound 2 = 170
Avaliação = 1.08631

Tempo de execução: 60.0003s

---------------------------

Largura da faixa = 119
Melhor altura = 364

Lower Bound 1 = 336
Lower Bound 2 = 170
Avaliação = 1.08333

Tempo de execução: 60.0003s

---------------------------

Largura da faixa = 119
Melhor altura = 362

Lower Bound 1 = 336
Lower Bound 2 = 170
Avaliação = 1.07738

Tempo de execução: 60.0004s

---------------------------

Largura da faixa = 119
Melhor altura = 359

Lower Bound 1 = 336
Lower Bound 2 = 170
Avaliação = 1.06845

Tempo de execução: 60.0002s

---------------------------

Largura da faixa = 119
Melhor altura = 364

Lower Bound 1 = 336
Lower Bound 2 = 170
Avaliação = 1.08333

Tempo de execução: 60.0006s

---------------------------

Largura da faixa = 119
Melhor altura = 362

Lower Bound 1 = 336
Lower Bound 2 = 170
Avaliação = 1.07738

Tempo de execução: 60.0003s

---------------------------

Largura da faixa = 119
Melhor altura = 367

Lower Bound 1 = 336
Lower Bound 2 = 170
Avaliação = 1.09226

Tempo de execução: 60.0003s

---------------------------

