Largura da faixa = 146
Melhor altura = 349

Lower Bound 1 = 273
Lower Bound 2 = 268
Avaliação = 1.27839

Tempo de execução: 60.0001s

---------------------------

Largura da faixa = 146
Melhor altura = 349

Lower Bound 1 = 273
Lower Bound 2 = 268
Avaliação = 1.27839

Tempo de execução: 60s

---------------------------

Largura da faixa = 146
Melhor altura = 349

Lower Bound 1 = 273
Lower Bound 2 = 268
Avaliação = 1.27839

Tempo de execução: 60.0001s

---------------------------

Largura da faixa = 146
Melhor altura = 349

Lower Bound 1 = 273
Lower Bound 2 = 268
Avaliação = 1.27839

Tempo de execução: 60.0001s

---------------------------

Largura da faixa = 146
Melhor altura = 349

Lower Bound 1 = 273
Lower Bound 2 = 268
Avaliação = 1.27839

Tempo de execução: 60s

---------------------------

Largura da faixa = 146
Melhor altura = 349

Lower Bound 1 = 273
Lower Bound 2 = 268
Avaliação = 1.27839

Tempo de execução: 60.0001s

---------------------------

Largura da faixa = 146
Melhor altura = 349

Lower Bound 1 = 273
Lower Bound 2 = 268
Avaliação = 1.27839

Tempo de execução: 60s

---------------------------

Largura da faixa = 146
Melhor altura = 349

Lower Bound 1 = 273
Lower Bound 2 = 268
Avaliação = 1.27839

Tempo de execução: 60.0001s

---------------------------

Largura da faixa = 146
Melhor altura = 349

Lower Bound 1 = 273
Lower Bound 2 = 268
Avaliação = 1.27839

Tempo de execução: 60.0001s

---------------------------

Largura da faixa = 146
Melhor altura = 349

Lower Bound 1 = 273
Lower Bound 2 = 268
Avaliação = 1.27839

Tempo de execução: 60s

---------------------------

Largura da faixa = 146
Melhor altura = 349

Lower Bound 1 = 273
Lower Bound 2 = 268
Avaliação = 1.27839

Tempo de execução: 60.0001s

---------------------------

Largura da faixa = 146
Melhor altura = 349

Lower Bound 1 = 273
Lower Bound 2 = 268
Avaliação = 1.27839

Tempo de execução: 60.0001s

---------------------------

Largura da faixa = 146
Melhor altura = 349

Lower Bound 1 = 273
Lower Bound 2 = 268
Avaliação = 1.27839

Tempo de execução: 60.0001s

---------------------------

Largura da faixa = 146
Melhor altura = 349

Lower Bound 1 = 273
Lower Bound 2 = 268
Avaliação = 1.27839

Tempo de execução: 60.0002s

---------------------------

Largura da faixa = 146
Melhor altura = 349

Lower Bound 1 = 273
Lower Bound 2 = 268
Avaliação = 1.27839

Tempo de execução: 60.0001s

---------------------------

Largura da faixa = 146
Melhor altura = 349

Lower Bound 1 = 273
Lower Bound 2 = 268
Avaliação = 1.27839

Tempo de execução: 60s

---------------------------

Largura da faixa = 146
Melhor altura = 349

Lower Bound 1 = 273
Lower Bound 2 = 268
Avaliação = 1.27839

Tempo de execução: 60.0001s

---------------------------

Largura da faixa = 146
Melhor altura = 349

Lower Bound 1 = 273
Lower Bound 2 = 268
Avaliação = 1.27839

Tempo de execução: 60.0001s

---------------------------

Largura da faixa = 146
Melhor altura = 349

Lower Bound 1 = 273
Lower Bound 2 = 268
Avaliação = 1.27839

Tempo de execução: 60.0001s

---------------------------

Largura da faixa = 146
Melhor altura = 349

Lower Bound 1 = 273
Lower Bound 2 = 268
Avaliação = 1.27839

Tempo de execução: 60s

---------------------------

