Largura da faixa = 105
Melhor altura = 430

Lower Bound 1 = 380
Lower Bound 2 = 235
Avaliação = 1.13158

Tempo de execução: 60.0002s

---------------------------

Largura da faixa = 105
Melhor altura = 432

Lower Bound 1 = 380
Lower Bound 2 = 235
Avaliação = 1.13684

Tempo de execução: 60.0015s

---------------------------

Largura da faixa = 105
Melhor altura = 429

Lower Bound 1 = 380
Lower Bound 2 = 235
Avaliação = 1.12895

Tempo de execução: 60.0015s

---------------------------

Largura da faixa = 105
Melhor altura = 434

Lower Bound 1 = 380
Lower Bound 2 = 235
Avaliação = 1.14211

Tempo de execução: 60.0006s

---------------------------

Largura da faixa = 105
Melhor altura = 425

Lower Bound 1 = 380
Lower Bound 2 = 235
Avaliação = 1.11842

Tempo de execução: 60.0004s

---------------------------

Largura da faixa = 105
Melhor altura = 430

Lower Bound 1 = 380
Lower Bound 2 = 235
Avaliação = 1.13158

Tempo de execução: 60.0003s

---------------------------

Largura da faixa = 105
Melhor altura = 426

Lower Bound 1 = 380
Lower Bound 2 = 235
Avaliação = 1.12105

Tempo de execução: 60.0001s

---------------------------

Largura da faixa = 105
Melhor altura = 437

Lower Bound 1 = 380
Lower Bound 2 = 235
Avaliação = 1.15

Tempo de execução: 60.0001s

---------------------------

Largura da faixa = 105
Melhor altura = 434

Lower Bound 1 = 380
Lower Bound 2 = 235
Avaliação = 1.14211

Tempo de execução: 60.0007s

---------------------------

Largura da faixa = 105
Melhor altura = 442

Lower Bound 1 = 380
Lower Bound 2 = 235
Avaliação = 1.16316

Tempo de execução: 60.0001s

---------------------------

Largura da faixa = 105
Melhor altura = 426

Lower Bound 1 = 380
Lower Bound 2 = 235
Avaliação = 1.12105

Tempo de execução: 60.001s

---------------------------

Largura da faixa = 105
Melhor altura = 435

Lower Bound 1 = 380
Lower Bound 2 = 235
Avaliação = 1.14474

Tempo de execução: 60.0024s

---------------------------

Largura da faixa = 105
Melhor altura = 434

Lower Bound 1 = 380
Lower Bound 2 = 235
Avaliação = 1.14211

Tempo de execução: 60.0001s

---------------------------

Largura da faixa = 105
Melhor altura = 428

Lower Bound 1 = 380
Lower Bound 2 = 235
Avaliação = 1.12632

Tempo de execução: 60.0003s

---------------------------

Largura da faixa = 105
Melhor altura = 434

Lower Bound 1 = 380
Lower Bound 2 = 235
Avaliação = 1.14211

Tempo de execução: 60.0005s

---------------------------

Largura da faixa = 105
Melhor altura = 430

Lower Bound 1 = 380
Lower Bound 2 = 235
Avaliação = 1.13158

Tempo de execução: 60s

---------------------------

Largura da faixa = 105
Melhor altura = 432

Lower Bound 1 = 380
Lower Bound 2 = 235
Avaliação = 1.13684

Tempo de execução: 60.0004s

---------------------------

Largura da faixa = 105
Melhor altura = 434

Lower Bound 1 = 380
Lower Bound 2 = 235
Avaliação = 1.14211

Tempo de execução: 60.0017s

---------------------------

Largura da faixa = 105
Melhor altura = 423

Lower Bound 1 = 380
Lower Bound 2 = 235
Avaliação = 1.11316

Tempo de execução: 60.0005s

---------------------------

Largura da faixa = 105
Melhor altura = 421

Lower Bound 1 = 380
Lower Bound 2 = 235
Avaliação = 1.10789

Tempo de execução: 60.0015s

---------------------------

