Largura da faixa = 117
Melhor altura = 403

Lower Bound 1 = 341
Lower Bound 2 = 179
Avaliação = 1.18182

Tempo de execução: 60.0018s

---------------------------

Largura da faixa = 117
Melhor altura = 400

Lower Bound 1 = 341
Lower Bound 2 = 179
Avaliação = 1.17302

Tempo de execução: 60.0046s

---------------------------

Largura da faixa = 117
Melhor altura = 405

Lower Bound 1 = 341
Lower Bound 2 = 179
Avaliação = 1.18768

Tempo de execução: 60.0095s

---------------------------

Largura da faixa = 117
Melhor altura = 401

Lower Bound 1 = 341
Lower Bound 2 = 179
Avaliação = 1.17595

Tempo de execução: 60.0015s

---------------------------

Largura da faixa = 117
Melhor altura = 391

Lower Bound 1 = 341
Lower Bound 2 = 179
Avaliação = 1.14663

Tempo de execução: 60.0065s

---------------------------

Largura da faixa = 117
Melhor altura = 404

Lower Bound 1 = 341
Lower Bound 2 = 179
Avaliação = 1.18475

Tempo de execução: 60.0199s

---------------------------

Largura da faixa = 117
Melhor altura = 404

Lower Bound 1 = 341
Lower Bound 2 = 179
Avaliação = 1.18475

Tempo de execução: 60.0011s

---------------------------

Largura da faixa = 117
Melhor altura = 400

Lower Bound 1 = 341
Lower Bound 2 = 179
Avaliação = 1.17302

Tempo de execução: 60.0008s

---------------------------

Largura da faixa = 117
Melhor altura = 399

Lower Bound 1 = 341
Lower Bound 2 = 179
Avaliação = 1.17009

Tempo de execução: 60.0025s

---------------------------

Largura da faixa = 117
Melhor altura = 406

Lower Bound 1 = 341
Lower Bound 2 = 179
Avaliação = 1.19062

Tempo de execução: 60.0007s

---------------------------

Largura da faixa = 117
Melhor altura = 403

Lower Bound 1 = 341
Lower Bound 2 = 179
Avaliação = 1.18182

Tempo de execução: 60.0001s

---------------------------

Largura da faixa = 117
Melhor altura = 401

Lower Bound 1 = 341
Lower Bound 2 = 179
Avaliação = 1.17595

Tempo de execução: 60.0037s

---------------------------

Largura da faixa = 117
Melhor altura = 405

Lower Bound 1 = 341
Lower Bound 2 = 179
Avaliação = 1.18768

Tempo de execução: 60.0026s

---------------------------

Largura da faixa = 117
Melhor altura = 405

Lower Bound 1 = 341
Lower Bound 2 = 179
Avaliação = 1.18768

Tempo de execução: 60.0012s

---------------------------

Largura da faixa = 117
Melhor altura = 398

Lower Bound 1 = 341
Lower Bound 2 = 179
Avaliação = 1.16716

Tempo de execução: 60.001s

---------------------------

Largura da faixa = 117
Melhor altura = 403

Lower Bound 1 = 341
Lower Bound 2 = 179
Avaliação = 1.18182

Tempo de execução: 60.0029s

---------------------------

Largura da faixa = 117
Melhor altura = 399

Lower Bound 1 = 341
Lower Bound 2 = 179
Avaliação = 1.17009

Tempo de execução: 60.0088s

---------------------------

Largura da faixa = 117
Melhor altura = 406

Lower Bound 1 = 341
Lower Bound 2 = 179
Avaliação = 1.19062

Tempo de execução: 60.0136s

---------------------------

Largura da faixa = 117
Melhor altura = 407

Lower Bound 1 = 341
Lower Bound 2 = 179
Avaliação = 1.19355

Tempo de execução: 60.0027s

---------------------------

Largura da faixa = 117
Melhor altura = 395

Lower Bound 1 = 341
Lower Bound 2 = 179
Avaliação = 1.15836

Tempo de execução: 60.011s

---------------------------

