Largura da faixa = 97
Melhor altura = 492

Lower Bound 1 = 412
Lower Bound 2 = 97
Avaliação = 1.19417

Tempo de execução: 60.0365s

---------------------------

Largura da faixa = 97
Melhor altura = 483

Lower Bound 1 = 412
Lower Bound 2 = 97
Avaliação = 1.17233

Tempo de execução: 60.034s

---------------------------

Largura da faixa = 97
Melhor altura = 491

Lower Bound 1 = 412
Lower Bound 2 = 97
Avaliação = 1.19175

Tempo de execução: 60.0401s

---------------------------

Largura da faixa = 97
Melhor altura = 485

Lower Bound 1 = 412
Lower Bound 2 = 97
Avaliação = 1.17718

Tempo de execução: 60.029s

---------------------------

Largura da faixa = 97
Melhor altura = 488

Lower Bound 1 = 412
Lower Bound 2 = 97
Avaliação = 1.18447

Tempo de execução: 60.0521s

---------------------------

Largura da faixa = 97
Melhor altura = 481

Lower Bound 1 = 412
Lower Bound 2 = 97
Avaliação = 1.16748

Tempo de execução: 60.0863s

---------------------------

Largura da faixa = 97
Melhor altura = 493

Lower Bound 1 = 412
Lower Bound 2 = 97
Avaliação = 1.1966

Tempo de execução: 60.0086s

---------------------------

Largura da faixa = 97
Melhor altura = 487

Lower Bound 1 = 412
Lower Bound 2 = 97
Avaliação = 1.18204

Tempo de execução: 60.0205s

---------------------------

Largura da faixa = 97
Melhor altura = 486

Lower Bound 1 = 412
Lower Bound 2 = 97
Avaliação = 1.17961

Tempo de execução: 60.0624s

---------------------------

Largura da faixa = 97
Melhor altura = 479

Lower Bound 1 = 412
Lower Bound 2 = 97
Avaliação = 1.16262

Tempo de execução: 60.0189s

---------------------------

Largura da faixa = 97
Melhor altura = 488

Lower Bound 1 = 412
Lower Bound 2 = 97
Avaliação = 1.18447

Tempo de execução: 60.0347s

---------------------------

Largura da faixa = 97
Melhor altura = 490

Lower Bound 1 = 412
Lower Bound 2 = 97
Avaliação = 1.18932

Tempo de execução: 60.0897s

---------------------------

Largura da faixa = 97
Melhor altura = 486

Lower Bound 1 = 412
Lower Bound 2 = 97
Avaliação = 1.17961

Tempo de execução: 60.0173s

---------------------------

Largura da faixa = 97
Melhor altura = 489

Lower Bound 1 = 412
Lower Bound 2 = 97
Avaliação = 1.18689

Tempo de execução: 60.0101s

---------------------------

Largura da faixa = 97
Melhor altura = 483

Lower Bound 1 = 412
Lower Bound 2 = 97
Avaliação = 1.17233

Tempo de execução: 60.017s

---------------------------

Largura da faixa = 97
Melhor altura = 490

Lower Bound 1 = 412
Lower Bound 2 = 97
Avaliação = 1.18932

Tempo de execução: 60.0259s

---------------------------

Largura da faixa = 97
Melhor altura = 483

Lower Bound 1 = 412
Lower Bound 2 = 97
Avaliação = 1.17233

Tempo de execução: 60.0554s

---------------------------

Largura da faixa = 97
Melhor altura = 489

Lower Bound 1 = 412
Lower Bound 2 = 97
Avaliação = 1.18689

Tempo de execução: 60.0309s

---------------------------

Largura da faixa = 97
Melhor altura = 484

Lower Bound 1 = 412
Lower Bound 2 = 97
Avaliação = 1.17476

Tempo de execução: 60.0021s

---------------------------

Largura da faixa = 97
Melhor altura = 491

Lower Bound 1 = 412
Lower Bound 2 = 97
Avaliação = 1.19175

Tempo de execução: 60.0127s

---------------------------

