Largura da faixa = 143
Melhor altura = 302

Lower Bound 1 = 279
Lower Bound 2 = 210
Avaliação = 1.08244

Tempo de execução: 60s

---------------------------

Largura da faixa = 143
Melhor altura = 306

Lower Bound 1 = 279
Lower Bound 2 = 210
Avaliação = 1.09677

Tempo de execução: 60.0002s

---------------------------

Largura da faixa = 143
Melhor altura = 312

Lower Bound 1 = 279
Lower Bound 2 = 210
Avaliação = 1.11828

Tempo de execução: 60.0006s

---------------------------

Largura da faixa = 143
Melhor altura = 310

Lower Bound 1 = 279
Lower Bound 2 = 210
Avaliação = 1.11111

Tempo de execução: 60s

---------------------------

Largura da faixa = 143
Melhor altura = 310

Lower Bound 1 = 279
Lower Bound 2 = 210
Avaliação = 1.11111

Tempo de execução: 60s

---------------------------

Largura da faixa = 143
Melhor altura = 302

Lower Bound 1 = 279
Lower Bound 2 = 210
Avaliação = 1.08244

Tempo de execução: 60.0007s

---------------------------

Largura da faixa = 143
Melhor altura = 309

Lower Bound 1 = 279
Lower Bound 2 = 210
Avaliação = 1.10753

Tempo de execução: 60.0005s

---------------------------

Largura da faixa = 143
Melhor altura = 302

Lower Bound 1 = 279
Lower Bound 2 = 210
Avaliação = 1.08244

Tempo de execução: 60.0002s

---------------------------

Largura da faixa = 143
Melhor altura = 309

Lower Bound 1 = 279
Lower Bound 2 = 210
Avaliação = 1.10753

Tempo de execução: 60.0013s

---------------------------

Largura da faixa = 143
Melhor altura = 310

Lower Bound 1 = 279
Lower Bound 2 = 210
Avaliação = 1.11111

Tempo de execução: 60s

---------------------------

Largura da faixa = 143
Melhor altura = 311

Lower Bound 1 = 279
Lower Bound 2 = 210
Avaliação = 1.1147

Tempo de execução: 60.0002s

---------------------------

Largura da faixa = 143
Melhor altura = 310

Lower Bound 1 = 279
Lower Bound 2 = 210
Avaliação = 1.11111

Tempo de execução: 60.0004s

---------------------------

Largura da faixa = 143
Melhor altura = 309

Lower Bound 1 = 279
Lower Bound 2 = 210
Avaliação = 1.10753

Tempo de execução: 60s

---------------------------

Largura da faixa = 143
Melhor altura = 310

Lower Bound 1 = 279
Lower Bound 2 = 210
Avaliação = 1.11111

Tempo de execução: 60.0003s

---------------------------

Largura da faixa = 143
Melhor altura = 308

Lower Bound 1 = 279
Lower Bound 2 = 210
Avaliação = 1.10394

Tempo de execução: 60.0006s

---------------------------

Largura da faixa = 143
Melhor altura = 311

Lower Bound 1 = 279
Lower Bound 2 = 210
Avaliação = 1.1147

Tempo de execução: 60.0001s

---------------------------

Largura da faixa = 143
Melhor altura = 309

Lower Bound 1 = 279
Lower Bound 2 = 210
Avaliação = 1.10753

Tempo de execução: 60.0003s

---------------------------

Largura da faixa = 143
Melhor altura = 309

Lower Bound 1 = 279
Lower Bound 2 = 210
Avaliação = 1.10753

Tempo de execução: 60.0002s

---------------------------

Largura da faixa = 143
Melhor altura = 311

Lower Bound 1 = 279
Lower Bound 2 = 210
Avaliação = 1.1147

Tempo de execução: 60s

---------------------------

Largura da faixa = 143
Melhor altura = 309

Lower Bound 1 = 279
Lower Bound 2 = 210
Avaliação = 1.10753

Tempo de execução: 60.0005s

---------------------------

