Largura da faixa = 115
Melhor altura = 393

Lower Bound 1 = 347
Lower Bound 2 = 147
Avaliação = 1.13256

Tempo de execução: 60.0003s

---------------------------

Largura da faixa = 115
Melhor altura = 388

Lower Bound 1 = 347
Lower Bound 2 = 147
Avaliação = 1.11816

Tempo de execução: 60.0005s

---------------------------

Largura da faixa = 115
Melhor altura = 396

Lower Bound 1 = 347
Lower Bound 2 = 147
Avaliação = 1.14121

Tempo de execução: 60.0004s

---------------------------

Largura da faixa = 115
Melhor altura = 390

Lower Bound 1 = 347
Lower Bound 2 = 147
Avaliação = 1.12392

Tempo de execução: 60.0003s

---------------------------

Largura da faixa = 115
Melhor altura = 389

Lower Bound 1 = 347
Lower Bound 2 = 147
Avaliação = 1.12104

Tempo de execução: 60.001s

---------------------------

Largura da faixa = 115
Melhor altura = 393

Lower Bound 1 = 347
Lower Bound 2 = 147
Avaliação = 1.13256

Tempo de execução: 60.0024s

---------------------------

Largura da faixa = 115
Melhor altura = 391

Lower Bound 1 = 347
Lower Bound 2 = 147
Avaliação = 1.1268

Tempo de execução: 60.0003s

---------------------------

Largura da faixa = 115
Melhor altura = 386

Lower Bound 1 = 347
Lower Bound 2 = 147
Avaliação = 1.11239

Tempo de execução: 60.0017s

---------------------------

Largura da faixa = 115
Melhor altura = 394

Lower Bound 1 = 347
Lower Bound 2 = 147
Avaliação = 1.13545

Tempo de execução: 60.0008s

---------------------------

Largura da faixa = 115
Melhor altura = 397

Lower Bound 1 = 347
Lower Bound 2 = 147
Avaliação = 1.14409

Tempo de execução: 60.0002s

---------------------------

Largura da faixa = 115
Melhor altura = 386

Lower Bound 1 = 347
Lower Bound 2 = 147
Avaliação = 1.11239

Tempo de execução: 60.0018s

---------------------------

Largura da faixa = 115
Melhor altura = 389

Lower Bound 1 = 347
Lower Bound 2 = 147
Avaliação = 1.12104

Tempo de execução: 60.0026s

---------------------------

Largura da faixa = 115
Melhor altura = 397

Lower Bound 1 = 347
Lower Bound 2 = 147
Avaliação = 1.14409

Tempo de execução: 60.0002s

---------------------------

Largura da faixa = 115
Melhor altura = 389

Lower Bound 1 = 347
Lower Bound 2 = 147
Avaliação = 1.12104

Tempo de execução: 60.0012s

---------------------------

Largura da faixa = 115
Melhor altura = 389

Lower Bound 1 = 347
Lower Bound 2 = 147
Avaliação = 1.12104

Tempo de execução: 60.0015s

---------------------------

Largura da faixa = 115
Melhor altura = 394

Lower Bound 1 = 347
Lower Bound 2 = 147
Avaliação = 1.13545

Tempo de execução: 60.0006s

---------------------------

Largura da faixa = 115
Melhor altura = 379

Lower Bound 1 = 347
Lower Bound 2 = 147
Avaliação = 1.09222

Tempo de execução: 60.0023s

---------------------------

Largura da faixa = 115
Melhor altura = 390

Lower Bound 1 = 347
Lower Bound 2 = 147
Avaliação = 1.12392

Tempo de execução: 60.002s

---------------------------

Largura da faixa = 115
Melhor altura = 398

Lower Bound 1 = 347
Lower Bound 2 = 147
Avaliação = 1.14697

Tempo de execução: 60s

---------------------------

Largura da faixa = 115
Melhor altura = 395

Lower Bound 1 = 347
Lower Bound 2 = 147
Avaliação = 1.13833

Tempo de execução: 60.0022s

---------------------------

