Largura da faixa = 165
Melhor altura = 264

Lower Bound 1 = 242
Lower Bound 2 = 166
Avaliação = 1.09091

Tempo de execução: 60.0001s

---------------------------

Largura da faixa = 165
Melhor altura = 262

Lower Bound 1 = 242
Lower Bound 2 = 166
Avaliação = 1.08264

Tempo de execução: 60.0001s

---------------------------

Largura da faixa = 165
Melhor altura = 263

Lower Bound 1 = 242
Lower Bound 2 = 166
Avaliação = 1.08678

Tempo de execução: 60.0007s

---------------------------

Largura da faixa = 165
Melhor altura = 264

Lower Bound 1 = 242
Lower Bound 2 = 166
Avaliação = 1.09091

Tempo de execução: 60s

---------------------------

Largura da faixa = 165
Melhor altura = 261

Lower Bound 1 = 242
Lower Bound 2 = 166
Avaliação = 1.07851

Tempo de execução: 60s

---------------------------

Largura da faixa = 165
Melhor altura = 266

Lower Bound 1 = 242
Lower Bound 2 = 166
Avaliação = 1.09917

Tempo de execução: 60s

---------------------------

Largura da faixa = 165
Melhor altura = 267

Lower Bound 1 = 242
Lower Bound 2 = 166
Avaliação = 1.10331

Tempo de execução: 60.0002s

---------------------------

Largura da faixa = 165
Melhor altura = 265

Lower Bound 1 = 242
Lower Bound 2 = 166
Avaliação = 1.09504

Tempo de execução: 60s

---------------------------

Largura da faixa = 165
Melhor altura = 263

Lower Bound 1 = 242
Lower Bound 2 = 166
Avaliação = 1.08678

Tempo de execução: 60.0001s

---------------------------

Largura da faixa = 165
Melhor altura = 264

Lower Bound 1 = 242
Lower Bound 2 = 166
Avaliação = 1.09091

Tempo de execução: 60.0003s

---------------------------

Largura da faixa = 165
Melhor altura = 265

Lower Bound 1 = 242
Lower Bound 2 = 166
Avaliação = 1.09504

Tempo de execução: 60.0003s

---------------------------

Largura da faixa = 165
Melhor altura = 265

Lower Bound 1 = 242
Lower Bound 2 = 166
Avaliação = 1.09504

Tempo de execução: 60.0007s

---------------------------

Largura da faixa = 165
Melhor altura = 262

Lower Bound 1 = 242
Lower Bound 2 = 166
Avaliação = 1.08264

Tempo de execução: 60.0002s

---------------------------

Largura da faixa = 165
Melhor altura = 264

Lower Bound 1 = 242
Lower Bound 2 = 166
Avaliação = 1.09091

Tempo de execução: 60.0005s

---------------------------

Largura da faixa = 165
Melhor altura = 260

Lower Bound 1 = 242
Lower Bound 2 = 166
Avaliação = 1.07438

Tempo de execução: 60.0001s

---------------------------

Largura da faixa = 165
Melhor altura = 264

Lower Bound 1 = 242
Lower Bound 2 = 166
Avaliação = 1.09091

Tempo de execução: 60.0001s

---------------------------

Largura da faixa = 165
Melhor altura = 264

Lower Bound 1 = 242
Lower Bound 2 = 166
Avaliação = 1.09091

Tempo de execução: 60.0003s

---------------------------

Largura da faixa = 165
Melhor altura = 263

Lower Bound 1 = 242
Lower Bound 2 = 166
Avaliação = 1.08678

Tempo de execução: 60.0002s

---------------------------

Largura da faixa = 165
Melhor altura = 261

Lower Bound 1 = 242
Lower Bound 2 = 166
Avaliação = 1.07851

Tempo de execução: 60.0001s

---------------------------

Largura da faixa = 165
Melhor altura = 264

Lower Bound 1 = 242
Lower Bound 2 = 166
Avaliação = 1.09091

Tempo de execução: 60.0006s

---------------------------

