Largura da faixa = 85
Melhor altura = 625

Lower Bound 1 = 470
Lower Bound 2 = 181
Avaliação = 1.32979

Tempo de execução: 60.0013s

---------------------------

Largura da faixa = 85
Melhor altura = 609

Lower Bound 1 = 470
Lower Bound 2 = 181
Avaliação = 1.29574

Tempo de execução: 60.0165s

---------------------------

Largura da faixa = 85
Melhor altura = 618

Lower Bound 1 = 470
Lower Bound 2 = 181
Avaliação = 1.31489

Tempo de execução: 60.0239s

---------------------------

Largura da faixa = 85
Melhor altura = 615

Lower Bound 1 = 470
Lower Bound 2 = 181
Avaliação = 1.30851

Tempo de execução: 60.0009s

---------------------------

Largura da faixa = 85
Melhor altura = 614

Lower Bound 1 = 470
Lower Bound 2 = 181
Avaliação = 1.30638

Tempo de execução: 60.0137s

---------------------------

Largura da faixa = 85
Melhor altura = 624

Lower Bound 1 = 470
Lower Bound 2 = 181
Avaliação = 1.32766

Tempo de execução: 60.064s

---------------------------

Largura da faixa = 85
Melhor altura = 611

Lower Bound 1 = 470
Lower Bound 2 = 181
Avaliação = 1.3

Tempo de execução: 60.009s

---------------------------

Largura da faixa = 85
Melhor altura = 598

Lower Bound 1 = 470
Lower Bound 2 = 181
Avaliação = 1.27234

Tempo de execução: 60.0077s

---------------------------

Largura da faixa = 85
Melhor altura = 604

Lower Bound 1 = 470
Lower Bound 2 = 181
Avaliação = 1.28511

Tempo de execução: 60.0224s

---------------------------

Largura da faixa = 85
Melhor altura = 608

Lower Bound 1 = 470
Lower Bound 2 = 181
Avaliação = 1.29362

Tempo de execução: 60.0098s

---------------------------

Largura da faixa = 85
Melhor altura = 615

Lower Bound 1 = 470
Lower Bound 2 = 181
Avaliação = 1.30851

Tempo de execução: 60.0228s

---------------------------

Largura da faixa = 85
Melhor altura = 615

Lower Bound 1 = 470
Lower Bound 2 = 181
Avaliação = 1.30851

Tempo de execução: 60.0215s

---------------------------

Largura da faixa = 85
Melhor altura = 625

Lower Bound 1 = 470
Lower Bound 2 = 181
Avaliação = 1.32979

Tempo de execução: 60.0131s

---------------------------

Largura da faixa = 85
Melhor altura = 605

Lower Bound 1 = 470
Lower Bound 2 = 181
Avaliação = 1.28723

Tempo de execução: 60.0123s

---------------------------

Largura da faixa = 85
Melhor altura = 606

Lower Bound 1 = 470
Lower Bound 2 = 181
Avaliação = 1.28936

Tempo de execução: 60.0279s

---------------------------

Largura da faixa = 85
Melhor altura = 615

Lower Bound 1 = 470
Lower Bound 2 = 181
Avaliação = 1.30851

Tempo de execução: 60.0035s

---------------------------

Largura da faixa = 85
Melhor altura = 602

Lower Bound 1 = 470
Lower Bound 2 = 181
Avaliação = 1.28085

Tempo de execução: 60.001s

---------------------------

Largura da faixa = 85
Melhor altura = 608

Lower Bound 1 = 470
Lower Bound 2 = 181
Avaliação = 1.29362

Tempo de execução: 60.0093s

---------------------------

Largura da faixa = 85
Melhor altura = 603

Lower Bound 1 = 470
Lower Bound 2 = 181
Avaliação = 1.28298

Tempo de execução: 60.01s

---------------------------

Largura da faixa = 85
Melhor altura = 606

Lower Bound 1 = 470
Lower Bound 2 = 181
Avaliação = 1.28936

Tempo de execução: 60.0262s

---------------------------

