Largura da faixa = 91
Melhor altura = 510

Lower Bound 1 = 439
Lower Bound 2 = 264
Avaliação = 1.16173

Tempo de execução: 60.0018s

---------------------------

Largura da faixa = 91
Melhor altura = 513

Lower Bound 1 = 439
Lower Bound 2 = 264
Avaliação = 1.16856

Tempo de execução: 60.004s

---------------------------

Largura da faixa = 91
Melhor altura = 511

Lower Bound 1 = 439
Lower Bound 2 = 264
Avaliação = 1.16401

Tempo de execução: 60.0061s

---------------------------

Largura da faixa = 91
Melhor altura = 493

Lower Bound 1 = 439
Lower Bound 2 = 264
Avaliação = 1.12301

Tempo de execução: 60.0001s

---------------------------

Largura da faixa = 91
Melhor altura = 521

Lower Bound 1 = 439
Lower Bound 2 = 264
Avaliação = 1.18679

Tempo de execução: 60.0005s

---------------------------

Largura da faixa = 91
Melhor altura = 506

Lower Bound 1 = 439
Lower Bound 2 = 264
Avaliação = 1.15262

Tempo de execução: 60.0036s

---------------------------

Largura da faixa = 91
Melhor altura = 520

Lower Bound 1 = 439
Lower Bound 2 = 264
Avaliação = 1.18451

Tempo de execução: 60.0011s

---------------------------

Largura da faixa = 91
Melhor altura = 508

Lower Bound 1 = 439
Lower Bound 2 = 264
Avaliação = 1.15718

Tempo de execução: 60.0013s

---------------------------

Largura da faixa = 91
Melhor altura = 510

Lower Bound 1 = 439
Lower Bound 2 = 264
Avaliação = 1.16173

Tempo de execução: 60.0023s

---------------------------

Largura da faixa = 91
Melhor altura = 512

Lower Bound 1 = 439
Lower Bound 2 = 264
Avaliação = 1.16629

Tempo de execução: 60s

---------------------------

Largura da faixa = 91
Melhor altura = 514

Lower Bound 1 = 439
Lower Bound 2 = 264
Avaliação = 1.17084

Tempo de execução: 60.0031s

---------------------------

Largura da faixa = 91
Melhor altura = 506

Lower Bound 1 = 439
Lower Bound 2 = 264
Avaliação = 1.15262

Tempo de execução: 60.0032s

---------------------------

Largura da faixa = 91
Melhor altura = 514

Lower Bound 1 = 439
Lower Bound 2 = 264
Avaliação = 1.17084

Tempo de execução: 60.0019s

---------------------------

Largura da faixa = 91
Melhor altura = 503

Lower Bound 1 = 439
Lower Bound 2 = 264
Avaliação = 1.14579

Tempo de execução: 60s

---------------------------

Largura da faixa = 91
Melhor altura = 518

Lower Bound 1 = 439
Lower Bound 2 = 264
Avaliação = 1.17995

Tempo de execução: 60.003s

---------------------------

Largura da faixa = 91
Melhor altura = 516

Lower Bound 1 = 439
Lower Bound 2 = 264
Avaliação = 1.1754

Tempo de execução: 60.0005s

---------------------------

Largura da faixa = 91
Melhor altura = 515

Lower Bound 1 = 439
Lower Bound 2 = 264
Avaliação = 1.17312

Tempo de execução: 60.0004s

---------------------------

Largura da faixa = 91
Melhor altura = 518

Lower Bound 1 = 439
Lower Bound 2 = 264
Avaliação = 1.17995

Tempo de execução: 60.0049s

---------------------------

Largura da faixa = 91
Melhor altura = 511

Lower Bound 1 = 439
Lower Bound 2 = 264
Avaliação = 1.16401

Tempo de execução: 60.0003s

---------------------------

Largura da faixa = 91
Melhor altura = 516

Lower Bound 1 = 439
Lower Bound 2 = 264
Avaliação = 1.1754

Tempo de execução: 60.0004s

---------------------------

