Largura da faixa = 104
Melhor altura = 434

Lower Bound 1 = 384
Lower Bound 2 = 285
Avaliação = 1.13021

Tempo de execução: 60.0003s

---------------------------

Largura da faixa = 104
Melhor altura = 428

Lower Bound 1 = 384
Lower Bound 2 = 285
Avaliação = 1.11458

Tempo de execução: 60.0008s

---------------------------

Largura da faixa = 104
Melhor altura = 434

Lower Bound 1 = 384
Lower Bound 2 = 285
Avaliação = 1.13021

Tempo de execução: 60.0012s

---------------------------

Largura da faixa = 104
Melhor altura = 427

Lower Bound 1 = 384
Lower Bound 2 = 285
Avaliação = 1.11198

Tempo de execução: 60.0003s

---------------------------

Largura da faixa = 104
Melhor altura = 416

Lower Bound 1 = 384
Lower Bound 2 = 285
Avaliação = 1.08333

Tempo de execução: 60.0002s

---------------------------

Largura da faixa = 104
Melhor altura = 431

Lower Bound 1 = 384
Lower Bound 2 = 285
Avaliação = 1.1224

Tempo de execução: 60.0001s

---------------------------

Largura da faixa = 104
Melhor altura = 414

Lower Bound 1 = 384
Lower Bound 2 = 285
Avaliação = 1.07812

Tempo de execução: 60.0003s

---------------------------

Largura da faixa = 104
Melhor altura = 433

Lower Bound 1 = 384
Lower Bound 2 = 285
Avaliação = 1.1276

Tempo de execução: 60.0004s

---------------------------

Largura da faixa = 104
Melhor altura = 414

Lower Bound 1 = 384
Lower Bound 2 = 285
Avaliação = 1.07812

Tempo de execução: 60.0004s

---------------------------

Largura da faixa = 104
Melhor altura = 436

Lower Bound 1 = 384
Lower Bound 2 = 285
Avaliação = 1.13542

Tempo de execução: 60.0003s

---------------------------

Largura da faixa = 104
Melhor altura = 418

Lower Bound 1 = 384
Lower Bound 2 = 285
Avaliação = 1.08854

Tempo de execução: 60.0001s

---------------------------

Largura da faixa = 104
Melhor altura = 427

Lower Bound 1 = 384
Lower Bound 2 = 285
Avaliação = 1.11198

Tempo de execução: 60.0006s

---------------------------

Largura da faixa = 104
Melhor altura = 432

Lower Bound 1 = 384
Lower Bound 2 = 285
Avaliação = 1.125

Tempo de execução: 60.0001s

---------------------------

Largura da faixa = 104
Melhor altura = 416

Lower Bound 1 = 384
Lower Bound 2 = 285
Avaliação = 1.08333

Tempo de execução: 60.0014s

---------------------------

Largura da faixa = 104
Melhor altura = 419

Lower Bound 1 = 384
Lower Bound 2 = 285
Avaliação = 1.09115

Tempo de execução: 60.0016s

---------------------------

Largura da faixa = 104
Melhor altura = 430

Lower Bound 1 = 384
Lower Bound 2 = 285
Avaliação = 1.11979

Tempo de execução: 60.0001s

---------------------------

Largura da faixa = 104
Melhor altura = 436

Lower Bound 1 = 384
Lower Bound 2 = 285
Avaliação = 1.13542

Tempo de execução: 60.0002s

---------------------------

Largura da faixa = 104
Melhor altura = 429

Lower Bound 1 = 384
Lower Bound 2 = 285
Avaliação = 1.11719

Tempo de execução: 60.0012s

---------------------------

Largura da faixa = 104
Melhor altura = 430

Lower Bound 1 = 384
Lower Bound 2 = 285
Avaliação = 1.11979

Tempo de execução: 60.0005s

---------------------------

Largura da faixa = 104
Melhor altura = 425

Lower Bound 1 = 384
Lower Bound 2 = 285
Avaliação = 1.10677

Tempo de execução: 60.0011s

---------------------------

