Largura da faixa = 97
Melhor altura = 488

Lower Bound 1 = 412
Lower Bound 2 = 241
Avaliação = 1.18447

Tempo de execução: 60.0008s

---------------------------

Largura da faixa = 97
Melhor altura = 479

Lower Bound 1 = 412
Lower Bound 2 = 241
Avaliação = 1.16262

Tempo de execução: 60.0014s

---------------------------

Largura da faixa = 97
Melhor altura = 488

Lower Bound 1 = 412
Lower Bound 2 = 241
Avaliação = 1.18447

Tempo de execução: 60.0019s

---------------------------

Largura da faixa = 97
Melhor altura = 481

Lower Bound 1 = 412
Lower Bound 2 = 241
Avaliação = 1.16748

Tempo de execução: 60.0012s

---------------------------

Largura da faixa = 97
Melhor altura = 488

Lower Bound 1 = 412
Lower Bound 2 = 241
Avaliação = 1.18447

Tempo de execução: 60.0004s

---------------------------

Largura da faixa = 97
Melhor altura = 489

Lower Bound 1 = 412
Lower Bound 2 = 241
Avaliação = 1.18689

Tempo de execução: 60.002s

---------------------------

Largura da faixa = 97
Melhor altura = 485

Lower Bound 1 = 412
Lower Bound 2 = 241
Avaliação = 1.17718

Tempo de execução: 60.0011s

---------------------------

Largura da faixa = 97
Melhor altura = 488

Lower Bound 1 = 412
Lower Bound 2 = 241
Avaliação = 1.18447

Tempo de execução: 60.0054s

---------------------------

Largura da faixa = 97
Melhor altura = 485

Lower Bound 1 = 412
Lower Bound 2 = 241
Avaliação = 1.17718

Tempo de execução: 60.0057s

---------------------------

Largura da faixa = 97
Melhor altura = 487

Lower Bound 1 = 412
Lower Bound 2 = 241
Avaliação = 1.18204

Tempo de execução: 60.0015s

---------------------------

Largura da faixa = 97
Melhor altura = 479

Lower Bound 1 = 412
Lower Bound 2 = 241
Avaliação = 1.16262

Tempo de execução: 60.0033s

---------------------------

Largura da faixa = 97
Melhor altura = 489

Lower Bound 1 = 412
Lower Bound 2 = 241
Avaliação = 1.18689

Tempo de execução: 60.002s

---------------------------

Largura da faixa = 97
Melhor altura = 492

Lower Bound 1 = 412
Lower Bound 2 = 241
Avaliação = 1.19417

Tempo de execução: 60.0003s

---------------------------

Largura da faixa = 97
Melhor altura = 487

Lower Bound 1 = 412
Lower Bound 2 = 241
Avaliação = 1.18204

Tempo de execução: 60.001s

---------------------------

Largura da faixa = 97
Melhor altura = 487

Lower Bound 1 = 412
Lower Bound 2 = 241
Avaliação = 1.18204

Tempo de execução: 60.001s

---------------------------

Largura da faixa = 97
Melhor altura = 487

Lower Bound 1 = 412
Lower Bound 2 = 241
Avaliação = 1.18204

Tempo de execução: 60.0001s

---------------------------

Largura da faixa = 97
Melhor altura = 483

Lower Bound 1 = 412
Lower Bound 2 = 241
Avaliação = 1.17233

Tempo de execução: 60.0006s

---------------------------

Largura da faixa = 97
Melhor altura = 483

Lower Bound 1 = 412
Lower Bound 2 = 241
Avaliação = 1.17233

Tempo de execução: 60.0015s

---------------------------

Largura da faixa = 97
Melhor altura = 482

Lower Bound 1 = 412
Lower Bound 2 = 241
Avaliação = 1.1699

Tempo de execução: 60.0001s

---------------------------

Largura da faixa = 97
Melhor altura = 487

Lower Bound 1 = 412
Lower Bound 2 = 241
Avaliação = 1.18204

Tempo de execução: 60.0034s

---------------------------

