Largura da faixa = 146
Melhor altura = 321

Lower Bound 1 = 273
Lower Bound 2 = 213
Avaliação = 1.17582

Tempo de execução: 60.0001s

---------------------------

Largura da faixa = 146
Melhor altura = 321

Lower Bound 1 = 273
Lower Bound 2 = 213
Avaliação = 1.17582

Tempo de execução: 60.0002s

---------------------------

Largura da faixa = 146
Melhor altura = 321

Lower Bound 1 = 273
Lower Bound 2 = 213
Avaliação = 1.17582

Tempo de execução: 60.0001s

---------------------------

Largura da faixa = 146
Melhor altura = 321

Lower Bound 1 = 273
Lower Bound 2 = 213
Avaliação = 1.17582

Tempo de execução: 60s

---------------------------

Largura da faixa = 146
Melhor altura = 321

Lower Bound 1 = 273
Lower Bound 2 = 213
Avaliação = 1.17582

Tempo de execução: 60.0002s

---------------------------

Largura da faixa = 146
Melhor altura = 321

Lower Bound 1 = 273
Lower Bound 2 = 213
Avaliação = 1.17582

Tempo de execução: 60s

---------------------------

Largura da faixa = 146
Melhor altura = 321

Lower Bound 1 = 273
Lower Bound 2 = 213
Avaliação = 1.17582

Tempo de execução: 60s

---------------------------

Largura da faixa = 146
Melhor altura = 321

Lower Bound 1 = 273
Lower Bound 2 = 213
Avaliação = 1.17582

Tempo de execução: 60.0001s

---------------------------

Largura da faixa = 146
Melhor altura = 321

Lower Bound 1 = 273
Lower Bound 2 = 213
Avaliação = 1.17582

Tempo de execução: 60.0001s

---------------------------

Largura da faixa = 146
Melhor altura = 321

Lower Bound 1 = 273
Lower Bound 2 = 213
Avaliação = 1.17582

Tempo de execução: 60s

---------------------------

Largura da faixa = 146
Melhor altura = 321

Lower Bound 1 = 273
Lower Bound 2 = 213
Avaliação = 1.17582

Tempo de execução: 60s

---------------------------

Largura da faixa = 146
Melhor altura = 321

Lower Bound 1 = 273
Lower Bound 2 = 213
Avaliação = 1.17582

Tempo de execução: 60.0001s

---------------------------

Largura da faixa = 146
Melhor altura = 321

Lower Bound 1 = 273
Lower Bound 2 = 213
Avaliação = 1.17582

Tempo de execução: 60.0002s

---------------------------

Largura da faixa = 146
Melhor altura = 321

Lower Bound 1 = 273
Lower Bound 2 = 213
Avaliação = 1.17582

Tempo de execução: 60.0001s

---------------------------

Largura da faixa = 146
Melhor altura = 321

Lower Bound 1 = 273
Lower Bound 2 = 213
Avaliação = 1.17582

Tempo de execução: 60.0002s

---------------------------

Largura da faixa = 146
Melhor altura = 321

Lower Bound 1 = 273
Lower Bound 2 = 213
Avaliação = 1.17582

Tempo de execução: 60s

---------------------------

Largura da faixa = 146
Melhor altura = 321

Lower Bound 1 = 273
Lower Bound 2 = 213
Avaliação = 1.17582

Tempo de execução: 60s

---------------------------

Largura da faixa = 146
Melhor altura = 321

Lower Bound 1 = 273
Lower Bound 2 = 213
Avaliação = 1.17582

Tempo de execução: 60.0002s

---------------------------

Largura da faixa = 146
Melhor altura = 321

Lower Bound 1 = 273
Lower Bound 2 = 213
Avaliação = 1.17582

Tempo de execução: 60s

---------------------------

Largura da faixa = 146
Melhor altura = 321

Lower Bound 1 = 273
Lower Bound 2 = 213
Avaliação = 1.17582

Tempo de execução: 60.0001s

---------------------------

