Largura da faixa = 112
Melhor altura = 413

Lower Bound 1 = 357
Lower Bound 2 = 224
Avaliação = 1.15686

Tempo de execução: 60.0007s

---------------------------

Largura da faixa = 112
Melhor altura = 412

Lower Bound 1 = 357
Lower Bound 2 = 224
Avaliação = 1.15406

Tempo de execução: 60.0039s

---------------------------

Largura da faixa = 112
Melhor altura = 408

Lower Bound 1 = 357
Lower Bound 2 = 224
Avaliação = 1.14286

Tempo de execução: 60.0069s

---------------------------

Largura da faixa = 112
Melhor altura = 409

Lower Bound 1 = 357
Lower Bound 2 = 224
Avaliação = 1.14566

Tempo de execução: 60.001s

---------------------------

Largura da faixa = 112
Melhor altura = 409

Lower Bound 1 = 357
Lower Bound 2 = 224
Avaliação = 1.14566

Tempo de execução: 60.0026s

---------------------------

Largura da faixa = 112
Melhor altura = 410

Lower Bound 1 = 357
Lower Bound 2 = 224
Avaliação = 1.14846

Tempo de execução: 60.0061s

---------------------------

Largura da faixa = 112
Melhor altura = 419

Lower Bound 1 = 357
Lower Bound 2 = 224
Avaliação = 1.17367

Tempo de execução: 60.0004s

---------------------------

Largura da faixa = 112
Melhor altura = 419

Lower Bound 1 = 357
Lower Bound 2 = 224
Avaliação = 1.17367

Tempo de execução: 60.0024s

---------------------------

Largura da faixa = 112
Melhor altura = 412

Lower Bound 1 = 357
Lower Bound 2 = 224
Avaliação = 1.15406

Tempo de execução: 60.0077s

---------------------------

Largura da faixa = 112
Melhor altura = 392

Lower Bound 1 = 357
Lower Bound 2 = 224
Avaliação = 1.09804

Tempo de execução: 60.0011s

---------------------------

Largura da faixa = 112
Melhor altura = 400

Lower Bound 1 = 357
Lower Bound 2 = 224
Avaliação = 1.12045

Tempo de execução: 60.0042s

---------------------------

Largura da faixa = 112
Melhor altura = 415

Lower Bound 1 = 357
Lower Bound 2 = 224
Avaliação = 1.16246

Tempo de execução: 60.0021s

---------------------------

Largura da faixa = 112
Melhor altura = 420

Lower Bound 1 = 357
Lower Bound 2 = 224
Avaliação = 1.17647

Tempo de execução: 60.0015s

---------------------------

Largura da faixa = 112
Melhor altura = 413

Lower Bound 1 = 357
Lower Bound 2 = 224
Avaliação = 1.15686

Tempo de execução: 60.0021s

---------------------------

Largura da faixa = 112
Melhor altura = 413

Lower Bound 1 = 357
Lower Bound 2 = 224
Avaliação = 1.15686

Tempo de execução: 60.0058s

---------------------------

Largura da faixa = 112
Melhor altura = 419

Lower Bound 1 = 357
Lower Bound 2 = 224
Avaliação = 1.17367

Tempo de execução: 60.0007s

---------------------------

Largura da faixa = 112
Melhor altura = 403

Lower Bound 1 = 357
Lower Bound 2 = 224
Avaliação = 1.12885

Tempo de execução: 60.0029s

---------------------------

Largura da faixa = 112
Melhor altura = 410

Lower Bound 1 = 357
Lower Bound 2 = 224
Avaliação = 1.14846

Tempo de execução: 60.0048s

---------------------------

Largura da faixa = 112
Melhor altura = 404

Lower Bound 1 = 357
Lower Bound 2 = 224
Avaliação = 1.13165

Tempo de execução: 60.001s

---------------------------

Largura da faixa = 112
Melhor altura = 411

Lower Bound 1 = 357
Lower Bound 2 = 224
Avaliação = 1.15126

Tempo de execução: 60.0047s

---------------------------

