Largura da faixa = 109
Melhor altura = 423

Lower Bound 1 = 366
Lower Bound 2 = 284
Avaliação = 1.15574

Tempo de execução: 60.0011s

---------------------------

Largura da faixa = 109
Melhor altura = 425

Lower Bound 1 = 366
Lower Bound 2 = 284
Avaliação = 1.1612

Tempo de execução: 60.0014s

---------------------------

Largura da faixa = 109
Melhor altura = 422

Lower Bound 1 = 366
Lower Bound 2 = 284
Avaliação = 1.15301

Tempo de execução: 60.0017s

---------------------------

Largura da faixa = 109
Melhor altura = 428

Lower Bound 1 = 366
Lower Bound 2 = 284
Avaliação = 1.1694

Tempo de execução: 60.0003s

---------------------------

Largura da faixa = 109
Melhor altura = 419

Lower Bound 1 = 366
Lower Bound 2 = 284
Avaliação = 1.14481

Tempo de execução: 60.0004s

---------------------------

Largura da faixa = 109
Melhor altura = 422

Lower Bound 1 = 366
Lower Bound 2 = 284
Avaliação = 1.15301

Tempo de execução: 60.0003s

---------------------------

Largura da faixa = 109
Melhor altura = 427

Lower Bound 1 = 366
Lower Bound 2 = 284
Avaliação = 1.16667

Tempo de execução: 60.0006s

---------------------------

Largura da faixa = 109
Melhor altura = 425

Lower Bound 1 = 366
Lower Bound 2 = 284
Avaliação = 1.1612

Tempo de execução: 60.0005s

---------------------------

Largura da faixa = 109
Melhor altura = 424

Lower Bound 1 = 366
Lower Bound 2 = 284
Avaliação = 1.15847

Tempo de execução: 60.0015s

---------------------------

Largura da faixa = 109
Melhor altura = 416

Lower Bound 1 = 366
Lower Bound 2 = 284
Avaliação = 1.13661

Tempo de execução: 60.0001s

---------------------------

Largura da faixa = 109
Melhor altura = 425

Lower Bound 1 = 366
Lower Bound 2 = 284
Avaliação = 1.1612

Tempo de execução: 60.0002s

---------------------------

Largura da faixa = 109
Melhor altura = 423

Lower Bound 1 = 366
Lower Bound 2 = 284
Avaliação = 1.15574

Tempo de execução: 60.0008s

---------------------------

Largura da faixa = 109
Melhor altura = 428

Lower Bound 1 = 366
Lower Bound 2 = 284
Avaliação = 1.1694

Tempo de execução: 60.0006s

---------------------------

Largura da faixa = 109
Melhor altura = 423

Lower Bound 1 = 366
Lower Bound 2 = 284
Avaliação = 1.15574

Tempo de execução: 60.0004s

---------------------------

Largura da faixa = 109
Melhor altura = 429

Lower Bound 1 = 366
Lower Bound 2 = 284
Avaliação = 1.17213

Tempo de execução: 60.0013s

---------------------------

Largura da faixa = 109
Melhor altura = 422

Lower Bound 1 = 366
Lower Bound 2 = 284
Avaliação = 1.15301

Tempo de execução: 60.0004s

---------------------------

Largura da faixa = 109
Melhor altura = 423

Lower Bound 1 = 366
Lower Bound 2 = 284
Avaliação = 1.15574

Tempo de execução: 60.0002s

---------------------------

Largura da faixa = 109
Melhor altura = 428

Lower Bound 1 = 366
Lower Bound 2 = 284
Avaliação = 1.1694

Tempo de execução: 60.0016s

---------------------------

Largura da faixa = 109
Melhor altura = 426

Lower Bound 1 = 366
Lower Bound 2 = 284
Avaliação = 1.16393

Tempo de execução: 60.0002s

---------------------------

Largura da faixa = 109
Melhor altura = 424

Lower Bound 1 = 366
Lower Bound 2 = 284
Avaliação = 1.15847

Tempo de execução: 60.0003s

---------------------------

