Largura da faixa = 86
Melhor altura = 563

Lower Bound 1 = 465
Lower Bound 2 = 202
Avaliação = 1.21075

Tempo de execução: 60.0095s

---------------------------

Largura da faixa = 86
Melhor altura = 568

Lower Bound 1 = 465
Lower Bound 2 = 202
Avaliação = 1.22151

Tempo de execução: 60.0171s

---------------------------

Largura da faixa = 86
Melhor altura = 562

Lower Bound 1 = 465
Lower Bound 2 = 202
Avaliação = 1.2086

Tempo de execução: 60.021s

---------------------------

Largura da faixa = 86
Melhor altura = 570

Lower Bound 1 = 465
Lower Bound 2 = 202
Avaliação = 1.22581

Tempo de execução: 60.0056s

---------------------------

Largura da faixa = 86
Melhor altura = 562

Lower Bound 1 = 465
Lower Bound 2 = 202
Avaliação = 1.2086

Tempo de execução: 60.0052s

---------------------------

Largura da faixa = 86
Melhor altura = 571

Lower Bound 1 = 465
Lower Bound 2 = 202
Avaliação = 1.22796

Tempo de execução: 60.0444s

---------------------------

Largura da faixa = 86
Melhor altura = 569

Lower Bound 1 = 465
Lower Bound 2 = 202
Avaliação = 1.22366

Tempo de execução: 60.0037s

---------------------------

Largura da faixa = 86
Melhor altura = 565

Lower Bound 1 = 465
Lower Bound 2 = 202
Avaliação = 1.21505

Tempo de execução: 60.0007s

---------------------------

Largura da faixa = 86
Melhor altura = 572

Lower Bound 1 = 465
Lower Bound 2 = 202
Avaliação = 1.23011

Tempo de execução: 60.0375s

---------------------------

Largura da faixa = 86
Melhor altura = 575

Lower Bound 1 = 465
Lower Bound 2 = 202
Avaliação = 1.23656

Tempo de execução: 60.0088s

---------------------------

Largura da faixa = 86
Melhor altura = 570

Lower Bound 1 = 465
Lower Bound 2 = 202
Avaliação = 1.22581

Tempo de execução: 60.0201s

---------------------------

Largura da faixa = 86
Melhor altura = 570

Lower Bound 1 = 465
Lower Bound 2 = 202
Avaliação = 1.22581

Tempo de execução: 60.0315s

---------------------------

Largura da faixa = 86
Melhor altura = 561

Lower Bound 1 = 465
Lower Bound 2 = 202
Avaliação = 1.20645

Tempo de execução: 60.0012s

---------------------------

Largura da faixa = 86
Melhor altura = 565

Lower Bound 1 = 465
Lower Bound 2 = 202
Avaliação = 1.21505

Tempo de execução: 60.0047s

---------------------------

Largura da faixa = 86
Melhor altura = 573

Lower Bound 1 = 465
Lower Bound 2 = 202
Avaliação = 1.23226

Tempo de execução: 60.0153s

---------------------------

Largura da faixa = 86
Melhor altura = 570

Lower Bound 1 = 465
Lower Bound 2 = 202
Avaliação = 1.22581

Tempo de execução: 60.0153s

---------------------------

Largura da faixa = 86
Melhor altura = 576

Lower Bound 1 = 465
Lower Bound 2 = 202
Avaliação = 1.23871

Tempo de execução: 60.0135s

---------------------------

Largura da faixa = 86
Melhor altura = 581

Lower Bound 1 = 465
Lower Bound 2 = 202
Avaliação = 1.24946

Tempo de execução: 60.0219s

---------------------------

Largura da faixa = 86
Melhor altura = 571

Lower Bound 1 = 465
Lower Bound 2 = 202
Avaliação = 1.22796

Tempo de execução: 60.0227s

---------------------------

Largura da faixa = 86
Melhor altura = 570

Lower Bound 1 = 465
Lower Bound 2 = 202
Avaliação = 1.22581

Tempo de execução: 60.0081s

---------------------------

