Largura da faixa = 94
Melhor altura = 541

Lower Bound 1 = 425
Lower Bound 2 = 167
Avaliação = 1.27294

Tempo de execução: 60.0053s

---------------------------

Largura da faixa = 94
Melhor altura = 525

Lower Bound 1 = 425
Lower Bound 2 = 167
Avaliação = 1.23529

Tempo de execução: 60.0225s

---------------------------

Largura da faixa = 94
Melhor altura = 530

Lower Bound 1 = 425
Lower Bound 2 = 167
Avaliação = 1.24706

Tempo de execução: 60.0394s

---------------------------

Largura da faixa = 94
Melhor altura = 535

Lower Bound 1 = 425
Lower Bound 2 = 167
Avaliação = 1.25882

Tempo de execução: 60.0112s

---------------------------

Largura da faixa = 94
Melhor altura = 533

Lower Bound 1 = 425
Lower Bound 2 = 167
Avaliação = 1.25412

Tempo de execução: 60.0201s

---------------------------

Largura da faixa = 94
Melhor altura = 528

Lower Bound 1 = 425
Lower Bound 2 = 167
Avaliação = 1.24235

Tempo de execução: 60.0327s

---------------------------

Largura da faixa = 94
Melhor altura = 533

Lower Bound 1 = 425
Lower Bound 2 = 167
Avaliação = 1.25412

Tempo de execução: 60.0139s

---------------------------

Largura da faixa = 94
Melhor altura = 526

Lower Bound 1 = 425
Lower Bound 2 = 167
Avaliação = 1.23765

Tempo de execução: 60.0017s

---------------------------

Largura da faixa = 94
Melhor altura = 532

Lower Bound 1 = 425
Lower Bound 2 = 167
Avaliação = 1.25176

Tempo de execução: 60.0085s

---------------------------

Largura da faixa = 94
Melhor altura = 530

Lower Bound 1 = 425
Lower Bound 2 = 167
Avaliação = 1.24706

Tempo de execução: 60.0053s

---------------------------

Largura da faixa = 94
Melhor altura = 535

Lower Bound 1 = 425
Lower Bound 2 = 167
Avaliação = 1.25882

Tempo de execução: 60.0205s

---------------------------

Largura da faixa = 94
Melhor altura = 533

Lower Bound 1 = 425
Lower Bound 2 = 167
Avaliação = 1.25412

Tempo de execução: 60.0288s

---------------------------

Largura da faixa = 94
Melhor altura = 534

Lower Bound 1 = 425
Lower Bound 2 = 167
Avaliação = 1.25647

Tempo de execução: 60.0035s

---------------------------

Largura da faixa = 94
Melhor altura = 540

Lower Bound 1 = 425
Lower Bound 2 = 167
Avaliação = 1.27059

Tempo de execução: 60.0267s

---------------------------

Largura da faixa = 94
Melhor altura = 529

Lower Bound 1 = 425
Lower Bound 2 = 167
Avaliação = 1.24471

Tempo de execução: 60.0468s

---------------------------

Largura da faixa = 94
Melhor altura = 534

Lower Bound 1 = 425
Lower Bound 2 = 167
Avaliação = 1.25647

Tempo de execução: 60.0068s

---------------------------

Largura da faixa = 94
Melhor altura = 535

Lower Bound 1 = 425
Lower Bound 2 = 167
Avaliação = 1.25882

Tempo de execução: 60.0706s

---------------------------

Largura da faixa = 94
Melhor altura = 536

Lower Bound 1 = 425
Lower Bound 2 = 167
Avaliação = 1.26118

Tempo de execução: 60.0739s

---------------------------

Largura da faixa = 94
Melhor altura = 526

Lower Bound 1 = 425
Lower Bound 2 = 167
Avaliação = 1.23765

Tempo de execução: 60.0028s

---------------------------

Largura da faixa = 94
Melhor altura = 532

Lower Bound 1 = 425
Lower Bound 2 = 167
Avaliação = 1.25176

Tempo de execução: 60.0192s

---------------------------

