Largura da faixa = 88
Melhor altura = 573

Lower Bound 1 = 454
Lower Bound 2 = 137
Avaliação = 1.26211

Tempo de execução: 60.0082s

---------------------------

Largura da faixa = 88
Melhor altura = 583

Lower Bound 1 = 454
Lower Bound 2 = 137
Avaliação = 1.28414

Tempo de execução: 60.0043s

---------------------------

Largura da faixa = 88
Melhor altura = 569

Lower Bound 1 = 454
Lower Bound 2 = 137
Avaliação = 1.2533

Tempo de execução: 60.0667s

---------------------------

Largura da faixa = 88
Melhor altura = 566

Lower Bound 1 = 454
Lower Bound 2 = 137
Avaliação = 1.2467

Tempo de execução: 60.001s

---------------------------

Largura da faixa = 88
Melhor altura = 584

Lower Bound 1 = 454
Lower Bound 2 = 137
Avaliação = 1.28634

Tempo de execução: 60.0006s

---------------------------

Largura da faixa = 88
Melhor altura = 579

Lower Bound 1 = 454
Lower Bound 2 = 137
Avaliação = 1.27533

Tempo de execução: 60.0644s

---------------------------

Largura da faixa = 88
Melhor altura = 577

Lower Bound 1 = 454
Lower Bound 2 = 137
Avaliação = 1.27093

Tempo de execução: 60.0199s

---------------------------

Largura da faixa = 88
Melhor altura = 574

Lower Bound 1 = 454
Lower Bound 2 = 137
Avaliação = 1.26432

Tempo de execução: 60.028s

---------------------------

Largura da faixa = 88
Melhor altura = 572

Lower Bound 1 = 454
Lower Bound 2 = 137
Avaliação = 1.25991

Tempo de execução: 60.0019s

---------------------------

Largura da faixa = 88
Melhor altura = 582

Lower Bound 1 = 454
Lower Bound 2 = 137
Avaliação = 1.28194

Tempo de execução: 60.0076s

---------------------------

Largura da faixa = 88
Melhor altura = 576

Lower Bound 1 = 454
Lower Bound 2 = 137
Avaliação = 1.26872

Tempo de execução: 60.0347s

---------------------------

Largura da faixa = 88
Melhor altura = 576

Lower Bound 1 = 454
Lower Bound 2 = 137
Avaliação = 1.26872

Tempo de execução: 60.0458s

---------------------------

Largura da faixa = 88
Melhor altura = 571

Lower Bound 1 = 454
Lower Bound 2 = 137
Avaliação = 1.25771

Tempo de execução: 60.0008s

---------------------------

Largura da faixa = 88
Melhor altura = 575

Lower Bound 1 = 454
Lower Bound 2 = 137
Avaliação = 1.26652

Tempo de execução: 60.0289s

---------------------------

Largura da faixa = 88
Melhor altura = 579

Lower Bound 1 = 454
Lower Bound 2 = 137
Avaliação = 1.27533

Tempo de execução: 60.0493s

---------------------------

Largura da faixa = 88
Melhor altura = 575

Lower Bound 1 = 454
Lower Bound 2 = 137
Avaliação = 1.26652

Tempo de execução: 60.0006s

---------------------------

Largura da faixa = 88
Melhor altura = 579

Lower Bound 1 = 454
Lower Bound 2 = 137
Avaliação = 1.27533

Tempo de execução: 60.0496s

---------------------------

Largura da faixa = 88
Melhor altura = 570

Lower Bound 1 = 454
Lower Bound 2 = 137
Avaliação = 1.25551

Tempo de execução: 60.0501s

---------------------------

Largura da faixa = 88
Melhor altura = 573

Lower Bound 1 = 454
Lower Bound 2 = 137
Avaliação = 1.26211

Tempo de execução: 60.0164s

---------------------------

Largura da faixa = 88
Melhor altura = 570

Lower Bound 1 = 454
Lower Bound 2 = 137
Avaliação = 1.25551

Tempo de execução: 60.0181s

---------------------------

