Largura da faixa = 115
Melhor altura = 391

Lower Bound 1 = 347
Lower Bound 2 = 147
Avaliação = 1.1268

Tempo de execução: 60.0004s

---------------------------

Largura da faixa = 115
Melhor altura = 385

Lower Bound 1 = 347
Lower Bound 2 = 147
Avaliação = 1.10951

Tempo de execução: 60.0008s

---------------------------

Largura da faixa = 115
Melhor altura = 389

Lower Bound 1 = 347
Lower Bound 2 = 147
Avaliação = 1.12104

Tempo de execução: 60.0014s

---------------------------

Largura da faixa = 115
Melhor altura = 382

Lower Bound 1 = 347
Lower Bound 2 = 147
Avaliação = 1.10086

Tempo de execução: 60.0001s

---------------------------

Largura da faixa = 115
Melhor altura = 393

Lower Bound 1 = 347
Lower Bound 2 = 147
Avaliação = 1.13256

Tempo de execução: 60.0001s

---------------------------

Largura da faixa = 115
Melhor altura = 389

Lower Bound 1 = 347
Lower Bound 2 = 147
Avaliação = 1.12104

Tempo de execução: 60.0022s

---------------------------

Largura da faixa = 115
Melhor altura = 388

Lower Bound 1 = 347
Lower Bound 2 = 147
Avaliação = 1.11816

Tempo de execução: 60.0005s

---------------------------

Largura da faixa = 115
Melhor altura = 391

Lower Bound 1 = 347
Lower Bound 2 = 147
Avaliação = 1.1268

Tempo de execução: 60.0012s

---------------------------

Largura da faixa = 115
Melhor altura = 394

Lower Bound 1 = 347
Lower Bound 2 = 147
Avaliação = 1.13545

Tempo de execução: 60.0019s

---------------------------

Largura da faixa = 115
Melhor altura = 393

Lower Bound 1 = 347
Lower Bound 2 = 147
Avaliação = 1.13256

Tempo de execução: 60.0004s

---------------------------

Largura da faixa = 115
Melhor altura = 387

Lower Bound 1 = 347
Lower Bound 2 = 147
Avaliação = 1.11527

Tempo de execução: 60.0003s

---------------------------

Largura da faixa = 115
Melhor altura = 388

Lower Bound 1 = 347
Lower Bound 2 = 147
Avaliação = 1.11816

Tempo de execução: 60.0004s

---------------------------

Largura da faixa = 115
Melhor altura = 386

Lower Bound 1 = 347
Lower Bound 2 = 147
Avaliação = 1.11239

Tempo de execução: 60.0001s

---------------------------

Largura da faixa = 115
Melhor altura = 392

Lower Bound 1 = 347
Lower Bound 2 = 147
Avaliação = 1.12968

Tempo de execução: 60s

---------------------------

Largura da faixa = 115
Melhor altura = 386

Lower Bound 1 = 347
Lower Bound 2 = 147
Avaliação = 1.11239

Tempo de execução: 60.0019s

---------------------------

Largura da faixa = 115
Melhor altura = 394

Lower Bound 1 = 347
Lower Bound 2 = 147
Avaliação = 1.13545

Tempo de execução: 60.0001s

---------------------------

Largura da faixa = 115
Melhor altura = 392

Lower Bound 1 = 347
Lower Bound 2 = 147
Avaliação = 1.12968

Tempo de execução: 60.0006s

---------------------------

Largura da faixa = 115
Melhor altura = 396

Lower Bound 1 = 347
Lower Bound 2 = 147
Avaliação = 1.14121

Tempo de execução: 60.0015s

---------------------------

Largura da faixa = 115
Melhor altura = 382

Lower Bound 1 = 347
Lower Bound 2 = 147
Avaliação = 1.10086

Tempo de execução: 60.0001s

---------------------------

Largura da faixa = 115
Melhor altura = 385

Lower Bound 1 = 347
Lower Bound 2 = 147
Avaliação = 1.10951

Tempo de execução: 60.0001s

---------------------------

