Largura da faixa = 112
Melhor altura = 402

Lower Bound 1 = 357
Lower Bound 2 = 195
Avaliação = 1.12605

Tempo de execução: 60.0017s

---------------------------

Largura da faixa = 112
Melhor altura = 399

Lower Bound 1 = 357
Lower Bound 2 = 195
Avaliação = 1.11765

Tempo de execução: 60.0037s

---------------------------

Largura da faixa = 112
Melhor altura = 403

Lower Bound 1 = 357
Lower Bound 2 = 195
Avaliação = 1.12885

Tempo de execução: 60.0043s

---------------------------

Largura da faixa = 112
Melhor altura = 406

Lower Bound 1 = 357
Lower Bound 2 = 195
Avaliação = 1.13725

Tempo de execução: 60.0015s

---------------------------

Largura da faixa = 112
Melhor altura = 403

Lower Bound 1 = 357
Lower Bound 2 = 195
Avaliação = 1.12885

Tempo de execução: 60.0029s

---------------------------

Largura da faixa = 112
Melhor altura = 404

Lower Bound 1 = 357
Lower Bound 2 = 195
Avaliação = 1.13165

Tempo de execução: 60.0028s

---------------------------

Largura da faixa = 112
Melhor altura = 400

Lower Bound 1 = 357
Lower Bound 2 = 195
Avaliação = 1.12045

Tempo de execução: 60.0005s

---------------------------

Largura da faixa = 112
Melhor altura = 408

Lower Bound 1 = 357
Lower Bound 2 = 195
Avaliação = 1.14286

Tempo de execução: 60.0024s

---------------------------

Largura da faixa = 112
Melhor altura = 408

Lower Bound 1 = 357
Lower Bound 2 = 195
Avaliação = 1.14286

Tempo de execução: 60.0097s

---------------------------

Largura da faixa = 112
Melhor altura = 403

Lower Bound 1 = 357
Lower Bound 2 = 195
Avaliação = 1.12885

Tempo de execução: 60.0005s

---------------------------

Largura da faixa = 112
Melhor altura = 398

Lower Bound 1 = 357
Lower Bound 2 = 195
Avaliação = 1.11485

Tempo de execução: 60.0001s

---------------------------

Largura da faixa = 112
Melhor altura = 397

Lower Bound 1 = 357
Lower Bound 2 = 195
Avaliação = 1.11204

Tempo de execução: 60.0001s

---------------------------

Largura da faixa = 112
Melhor altura = 409

Lower Bound 1 = 357
Lower Bound 2 = 195
Avaliação = 1.14566

Tempo de execução: 60.0033s

---------------------------

Largura da faixa = 112
Melhor altura = 405

Lower Bound 1 = 357
Lower Bound 2 = 195
Avaliação = 1.13445

Tempo de execução: 60.0032s

---------------------------

Largura da faixa = 112
Melhor altura = 402

Lower Bound 1 = 357
Lower Bound 2 = 195
Avaliação = 1.12605

Tempo de execução: 60.0064s

---------------------------

Largura da faixa = 112
Melhor altura = 405

Lower Bound 1 = 357
Lower Bound 2 = 195
Avaliação = 1.13445

Tempo de execução: 60.0016s

---------------------------

Largura da faixa = 112
Melhor altura = 394

Lower Bound 1 = 357
Lower Bound 2 = 195
Avaliação = 1.10364

Tempo de execução: 60.0043s

---------------------------

Largura da faixa = 112
Melhor altura = 404

Lower Bound 1 = 357
Lower Bound 2 = 195
Avaliação = 1.13165

Tempo de execução: 60.0028s

---------------------------

Largura da faixa = 112
Melhor altura = 400

Lower Bound 1 = 357
Lower Bound 2 = 195
Avaliação = 1.12045

Tempo de execução: 60.0044s

---------------------------

Largura da faixa = 112
Melhor altura = 400

Lower Bound 1 = 357
Lower Bound 2 = 195
Avaliação = 1.12045

Tempo de execução: 60.0046s

---------------------------

