Largura da faixa = 97
Melhor altura = 452

Lower Bound 1 = 412
Lower Bound 2 = 206
Avaliação = 1.09709

Tempo de execução: 60s

---------------------------

Largura da faixa = 97
Melhor altura = 452

Lower Bound 1 = 412
Lower Bound 2 = 206
Avaliação = 1.09709

Tempo de execução: 60.0003s

---------------------------

Largura da faixa = 97
Melhor altura = 454

Lower Bound 1 = 412
Lower Bound 2 = 206
Avaliação = 1.10194

Tempo de execução: 60.0001s

---------------------------

Largura da faixa = 97
Melhor altura = 450

Lower Bound 1 = 412
Lower Bound 2 = 206
Avaliação = 1.09223

Tempo de execução: 60s

---------------------------

Largura da faixa = 97
Melhor altura = 455

Lower Bound 1 = 412
Lower Bound 2 = 206
Avaliação = 1.10437

Tempo de execução: 60.0001s

---------------------------

Largura da faixa = 97
Melhor altura = 452

Lower Bound 1 = 412
Lower Bound 2 = 206
Avaliação = 1.09709

Tempo de execução: 60.0003s

---------------------------

Largura da faixa = 97
Melhor altura = 451

Lower Bound 1 = 412
Lower Bound 2 = 206
Avaliação = 1.09466

Tempo de execução: 60s

---------------------------

Largura da faixa = 97
Melhor altura = 455

Lower Bound 1 = 412
Lower Bound 2 = 206
Avaliação = 1.10437

Tempo de execução: 60.0001s

---------------------------

Largura da faixa = 97
Melhor altura = 450

Lower Bound 1 = 412
Lower Bound 2 = 206
Avaliação = 1.09223

Tempo de execução: 60.0002s

---------------------------

Largura da faixa = 97
Melhor altura = 452

Lower Bound 1 = 412
Lower Bound 2 = 206
Avaliação = 1.09709

Tempo de execução: 60s

---------------------------

Largura da faixa = 97
Melhor altura = 451

Lower Bound 1 = 412
Lower Bound 2 = 206
Avaliação = 1.09466

Tempo de execução: 60s

---------------------------

Largura da faixa = 97
Melhor altura = 452

Lower Bound 1 = 412
Lower Bound 2 = 206
Avaliação = 1.09709

Tempo de execução: 60.0002s

---------------------------

Largura da faixa = 97
Melhor altura = 450

Lower Bound 1 = 412
Lower Bound 2 = 206
Avaliação = 1.09223

Tempo de execução: 60s

---------------------------

Largura da faixa = 97
Melhor altura = 455

Lower Bound 1 = 412
Lower Bound 2 = 206
Avaliação = 1.10437

Tempo de execução: 60.0001s

---------------------------

Largura da faixa = 97
Melhor altura = 451

Lower Bound 1 = 412
Lower Bound 2 = 206
Avaliação = 1.09466

Tempo de execução: 60.0005s

---------------------------

Largura da faixa = 97
Melhor altura = 455

Lower Bound 1 = 412
Lower Bound 2 = 206
Avaliação = 1.10437

Tempo de execução: 60s

---------------------------

Largura da faixa = 97
Melhor altura = 456

Lower Bound 1 = 412
Lower Bound 2 = 206
Avaliação = 1.1068

Tempo de execução: 60.0002s

---------------------------

Largura da faixa = 97
Melhor altura = 454

Lower Bound 1 = 412
Lower Bound 2 = 206
Avaliação = 1.10194

Tempo de execução: 60.0002s

---------------------------

Largura da faixa = 97
Melhor altura = 458

Lower Bound 1 = 412
Lower Bound 2 = 206
Avaliação = 1.11165

Tempo de execução: 60.0001s

---------------------------

Largura da faixa = 97
Melhor altura = 450

Lower Bound 1 = 412
Lower Bound 2 = 206
Avaliação = 1.09223

Tempo de execução: 60.0002s

---------------------------

