Largura da faixa = 75
Melhor altura = 697

Lower Bound 1 = 533
Lower Bound 2 = 264
Avaliação = 1.30769

Tempo de execução: 60.0165s

---------------------------

Largura da faixa = 75
Melhor altura = 686

Lower Bound 1 = 533
Lower Bound 2 = 264
Avaliação = 1.28705

Tempo de execução: 60.0371s

---------------------------

Largura da faixa = 75
Melhor altura = 696

Lower Bound 1 = 533
Lower Bound 2 = 264
Avaliação = 1.30582

Tempo de execução: 60.0543s

---------------------------

Largura da faixa = 75
Melhor altura = 692

Lower Bound 1 = 533
Lower Bound 2 = 264
Avaliação = 1.29831

Tempo de execução: 60.0161s

---------------------------

Largura da faixa = 75
Melhor altura = 698

Lower Bound 1 = 533
Lower Bound 2 = 264
Avaliação = 1.30957

Tempo de execução: 60.0008s

---------------------------

Largura da faixa = 75
Melhor altura = 660

Lower Bound 1 = 533
Lower Bound 2 = 264
Avaliação = 1.23827

Tempo de execução: 60.0101s

---------------------------

Largura da faixa = 75
Melhor altura = 702

Lower Bound 1 = 533
Lower Bound 2 = 264
Avaliação = 1.31707

Tempo de execução: 60.0001s

---------------------------

Largura da faixa = 75
Melhor altura = 706

Lower Bound 1 = 533
Lower Bound 2 = 264
Avaliação = 1.32458

Tempo de execução: 60.0038s

---------------------------

Largura da faixa = 75
Melhor altura = 686

Lower Bound 1 = 533
Lower Bound 2 = 264
Avaliação = 1.28705

Tempo de execução: 60.0234s

---------------------------

Largura da faixa = 75
Melhor altura = 709

Lower Bound 1 = 533
Lower Bound 2 = 264
Avaliação = 1.33021

Tempo de execução: 60.0219s

---------------------------

Largura da faixa = 75
Melhor altura = 680

Lower Bound 1 = 533
Lower Bound 2 = 264
Avaliação = 1.2758

Tempo de execução: 60.0221s

---------------------------

Largura da faixa = 75
Melhor altura = 704

Lower Bound 1 = 533
Lower Bound 2 = 264
Avaliação = 1.32083

Tempo de execução: 60.0186s

---------------------------

Largura da faixa = 75
Melhor altura = 684

Lower Bound 1 = 533
Lower Bound 2 = 264
Avaliação = 1.2833

Tempo de execução: 60.0175s

---------------------------

Largura da faixa = 75
Melhor altura = 696

Lower Bound 1 = 533
Lower Bound 2 = 264
Avaliação = 1.30582

Tempo de execução: 60.0031s

---------------------------

Largura da faixa = 75
Melhor altura = 685

Lower Bound 1 = 533
Lower Bound 2 = 264
Avaliação = 1.28518

Tempo de execução: 60.0247s

---------------------------

Largura da faixa = 75
Melhor altura = 693

Lower Bound 1 = 533
Lower Bound 2 = 264
Avaliação = 1.30019

Tempo de execução: 60.0026s

---------------------------

Largura da faixa = 75
Melhor altura = 706

Lower Bound 1 = 533
Lower Bound 2 = 264
Avaliação = 1.32458

Tempo de execução: 60.0119s

---------------------------

Largura da faixa = 75
Melhor altura = 690

Lower Bound 1 = 533
Lower Bound 2 = 264
Avaliação = 1.29456

Tempo de execução: 60.06s

---------------------------

Largura da faixa = 75
Melhor altura = 689

Lower Bound 1 = 533
Lower Bound 2 = 264
Avaliação = 1.29268

Tempo de execução: 60.0465s

---------------------------

Largura da faixa = 75
Melhor altura = 703

Lower Bound 1 = 533
Lower Bound 2 = 264
Avaliação = 1.31895

Tempo de execução: 60.0745s

---------------------------

