Largura da faixa = 91
Melhor altura = 500

Lower Bound 1 = 439
Lower Bound 2 = 232
Avaliação = 1.13895

Tempo de execução: 60.0001s

---------------------------

Largura da faixa = 91
Melhor altura = 502

Lower Bound 1 = 439
Lower Bound 2 = 232
Avaliação = 1.14351

Tempo de execução: 60.0019s

---------------------------

Largura da faixa = 91
Melhor altura = 502

Lower Bound 1 = 439
Lower Bound 2 = 232
Avaliação = 1.14351

Tempo de execução: 60.0032s

---------------------------

Largura da faixa = 91
Melhor altura = 499

Lower Bound 1 = 439
Lower Bound 2 = 232
Avaliação = 1.13667

Tempo de execução: 60.0001s

---------------------------

Largura da faixa = 91
Melhor altura = 501

Lower Bound 1 = 439
Lower Bound 2 = 232
Avaliação = 1.14123

Tempo de execução: 60.0024s

---------------------------

Largura da faixa = 91
Melhor altura = 508

Lower Bound 1 = 439
Lower Bound 2 = 232
Avaliação = 1.15718

Tempo de execução: 60.0049s

---------------------------

Largura da faixa = 91
Melhor altura = 504

Lower Bound 1 = 439
Lower Bound 2 = 232
Avaliação = 1.14806

Tempo de execução: 60.002s

---------------------------

Largura da faixa = 91
Melhor altura = 501

Lower Bound 1 = 439
Lower Bound 2 = 232
Avaliação = 1.14123

Tempo de execução: 60.0041s

---------------------------

Largura da faixa = 91
Melhor altura = 505

Lower Bound 1 = 439
Lower Bound 2 = 232
Avaliação = 1.15034

Tempo de execução: 60.0031s

---------------------------

Largura da faixa = 91
Melhor altura = 498

Lower Bound 1 = 439
Lower Bound 2 = 232
Avaliação = 1.1344

Tempo de execução: 60.0003s

---------------------------

Largura da faixa = 91
Melhor altura = 498

Lower Bound 1 = 439
Lower Bound 2 = 232
Avaliação = 1.1344

Tempo de execução: 60.0012s

---------------------------

Largura da faixa = 91
Melhor altura = 499

Lower Bound 1 = 439
Lower Bound 2 = 232
Avaliação = 1.13667

Tempo de execução: 60.0024s

---------------------------

Largura da faixa = 91
Melhor altura = 508

Lower Bound 1 = 439
Lower Bound 2 = 232
Avaliação = 1.15718

Tempo de execução: 60.0004s

---------------------------

Largura da faixa = 91
Melhor altura = 504

Lower Bound 1 = 439
Lower Bound 2 = 232
Avaliação = 1.14806

Tempo de execução: 60.0001s

---------------------------

Largura da faixa = 91
Melhor altura = 504

Lower Bound 1 = 439
Lower Bound 2 = 232
Avaliação = 1.14806

Tempo de execução: 60.0019s

---------------------------

Largura da faixa = 91
Melhor altura = 506

Lower Bound 1 = 439
Lower Bound 2 = 232
Avaliação = 1.15262

Tempo de execução: 60.0004s

---------------------------

Largura da faixa = 91
Melhor altura = 499

Lower Bound 1 = 439
Lower Bound 2 = 232
Avaliação = 1.13667

Tempo de execução: 60.0003s

---------------------------

Largura da faixa = 91
Melhor altura = 500

Lower Bound 1 = 439
Lower Bound 2 = 232
Avaliação = 1.13895

Tempo de execução: 60.0017s

---------------------------

Largura da faixa = 91
Melhor altura = 486

Lower Bound 1 = 439
Lower Bound 2 = 232
Avaliação = 1.10706

Tempo de execução: 60s

---------------------------

Largura da faixa = 91
Melhor altura = 495

Lower Bound 1 = 439
Lower Bound 2 = 232
Avaliação = 1.12756

Tempo de execução: 60.0002s

---------------------------

