Largura da faixa = 117
Melhor altura = 414

Lower Bound 1 = 341
Lower Bound 2 = 122
Avaliação = 1.21408

Tempo de execução: 60.0069s

---------------------------

Largura da faixa = 117
Melhor altura = 421

Lower Bound 1 = 341
Lower Bound 2 = 122
Avaliação = 1.2346

Tempo de execução: 60.0055s

---------------------------

Largura da faixa = 117
Melhor altura = 407

Lower Bound 1 = 341
Lower Bound 2 = 122
Avaliação = 1.19355

Tempo de execução: 60.0079s

---------------------------

Largura da faixa = 117
Melhor altura = 410

Lower Bound 1 = 341
Lower Bound 2 = 122
Avaliação = 1.20235

Tempo de execução: 60.0007s

---------------------------

Largura da faixa = 117
Melhor altura = 405

Lower Bound 1 = 341
Lower Bound 2 = 122
Avaliação = 1.18768

Tempo de execução: 60.0034s

---------------------------

Largura da faixa = 117
Melhor altura = 406

Lower Bound 1 = 341
Lower Bound 2 = 122
Avaliação = 1.19062

Tempo de execução: 60.0005s

---------------------------

Largura da faixa = 117
Melhor altura = 409

Lower Bound 1 = 341
Lower Bound 2 = 122
Avaliação = 1.19941

Tempo de execução: 60.0025s

---------------------------

Largura da faixa = 117
Melhor altura = 413

Lower Bound 1 = 341
Lower Bound 2 = 122
Avaliação = 1.21114

Tempo de execução: 60.0034s

---------------------------

Largura da faixa = 117
Melhor altura = 412

Lower Bound 1 = 341
Lower Bound 2 = 122
Avaliação = 1.20821

Tempo de execução: 60.0121s

---------------------------

Largura da faixa = 117
Melhor altura = 411

Lower Bound 1 = 341
Lower Bound 2 = 122
Avaliação = 1.20528

Tempo de execução: 60.001s

---------------------------

Largura da faixa = 117
Melhor altura = 408

Lower Bound 1 = 341
Lower Bound 2 = 122
Avaliação = 1.19648

Tempo de execução: 60.0014s

---------------------------

Largura da faixa = 117
Melhor altura = 411

Lower Bound 1 = 341
Lower Bound 2 = 122
Avaliação = 1.20528

Tempo de execução: 60.0094s

---------------------------

Largura da faixa = 117
Melhor altura = 408

Lower Bound 1 = 341
Lower Bound 2 = 122
Avaliação = 1.19648

Tempo de execução: 60.0026s

---------------------------

Largura da faixa = 117
Melhor altura = 402

Lower Bound 1 = 341
Lower Bound 2 = 122
Avaliação = 1.17889

Tempo de execução: 60.0033s

---------------------------

Largura da faixa = 117
Melhor altura = 407

Lower Bound 1 = 341
Lower Bound 2 = 122
Avaliação = 1.19355

Tempo de execução: 60.005s

---------------------------

Largura da faixa = 117
Melhor altura = 415

Lower Bound 1 = 341
Lower Bound 2 = 122
Avaliação = 1.21701

Tempo de execução: 60.0007s

---------------------------

Largura da faixa = 117
Melhor altura = 403

Lower Bound 1 = 341
Lower Bound 2 = 122
Avaliação = 1.18182

Tempo de execução: 60.0013s

---------------------------

Largura da faixa = 117
Melhor altura = 416

Lower Bound 1 = 341
Lower Bound 2 = 122
Avaliação = 1.21994

Tempo de execução: 60.0158s

---------------------------

Largura da faixa = 117
Melhor altura = 407

Lower Bound 1 = 341
Lower Bound 2 = 122
Avaliação = 1.19355

Tempo de execução: 60.0014s

---------------------------

Largura da faixa = 117
Melhor altura = 409

Lower Bound 1 = 341
Lower Bound 2 = 122
Avaliação = 1.19941

Tempo de execução: 60.014s

---------------------------

