Largura da faixa = 123
Melhor altura = 349

Lower Bound 1 = 325
Lower Bound 2 = 170
Avaliação = 1.07385

Tempo de execução: 60.0001s

---------------------------

Largura da faixa = 123
Melhor altura = 349

Lower Bound 1 = 325
Lower Bound 2 = 170
Avaliação = 1.07385

Tempo de execução: 60.0001s

---------------------------

Largura da faixa = 123
Melhor altura = 349

Lower Bound 1 = 325
Lower Bound 2 = 170
Avaliação = 1.07385

Tempo de execução: 60.0002s

---------------------------

Largura da faixa = 123
Melhor altura = 349

Lower Bound 1 = 325
Lower Bound 2 = 170
Avaliação = 1.07385

Tempo de execução: 60.0001s

---------------------------

Largura da faixa = 123
Melhor altura = 349

Lower Bound 1 = 325
Lower Bound 2 = 170
Avaliação = 1.07385

Tempo de execução: 60.0001s

---------------------------

Largura da faixa = 123
Melhor altura = 349

Lower Bound 1 = 325
Lower Bound 2 = 170
Avaliação = 1.07385

Tempo de execução: 60s

---------------------------

Largura da faixa = 123
Melhor altura = 349

Lower Bound 1 = 325
Lower Bound 2 = 170
Avaliação = 1.07385

Tempo de execução: 60.0001s

---------------------------

Largura da faixa = 123
Melhor altura = 349

Lower Bound 1 = 325
Lower Bound 2 = 170
Avaliação = 1.07385

Tempo de execução: 60.0001s

---------------------------

Largura da faixa = 123
Melhor altura = 349

Lower Bound 1 = 325
Lower Bound 2 = 170
Avaliação = 1.07385

Tempo de execução: 60.0002s

---------------------------

Largura da faixa = 123
Melhor altura = 349

Lower Bound 1 = 325
Lower Bound 2 = 170
Avaliação = 1.07385

Tempo de execução: 60s

---------------------------

Largura da faixa = 123
Melhor altura = 349

Lower Bound 1 = 325
Lower Bound 2 = 170
Avaliação = 1.07385

Tempo de execução: 60s

---------------------------

Largura da faixa = 123
Melhor altura = 349

Lower Bound 1 = 325
Lower Bound 2 = 170
Avaliação = 1.07385

Tempo de execução: 60s

---------------------------

Largura da faixa = 123
Melhor altura = 349

Lower Bound 1 = 325
Lower Bound 2 = 170
Avaliação = 1.07385

Tempo de execução: 60s

---------------------------

Largura da faixa = 123
Melhor altura = 349

Lower Bound 1 = 325
Lower Bound 2 = 170
Avaliação = 1.07385

Tempo de execução: 60s

---------------------------

Largura da faixa = 123
Melhor altura = 349

Lower Bound 1 = 325
Lower Bound 2 = 170
Avaliação = 1.07385

Tempo de execução: 60s

---------------------------

Largura da faixa = 123
Melhor altura = 349

Lower Bound 1 = 325
Lower Bound 2 = 170
Avaliação = 1.07385

Tempo de execução: 60.0002s

---------------------------

Largura da faixa = 123
Melhor altura = 349

Lower Bound 1 = 325
Lower Bound 2 = 170
Avaliação = 1.07385

Tempo de execução: 60.0002s

---------------------------

Largura da faixa = 123
Melhor altura = 349

Lower Bound 1 = 325
Lower Bound 2 = 170
Avaliação = 1.07385

Tempo de execução: 60s

---------------------------

Largura da faixa = 123
Melhor altura = 349

Lower Bound 1 = 325
Lower Bound 2 = 170
Avaliação = 1.07385

Tempo de execução: 60s

---------------------------

Largura da faixa = 123
Melhor altura = 349

Lower Bound 1 = 325
Lower Bound 2 = 170
Avaliação = 1.07385

Tempo de execução: 60.0001s

---------------------------

