Largura da faixa = 106
Melhor altura = 448

Lower Bound 1 = 377
Lower Bound 2 = 342
Avaliação = 1.18833

Tempo de execução: 60.0039s

---------------------------

Largura da faixa = 106
Melhor altura = 453

Lower Bound 1 = 377
Lower Bound 2 = 342
Avaliação = 1.20159

Tempo de execução: 60.0017s

---------------------------

Largura da faixa = 106
Melhor altura = 453

Lower Bound 1 = 377
Lower Bound 2 = 342
Avaliação = 1.20159

Tempo de execução: 60.0096s

---------------------------

Largura da faixa = 106
Melhor altura = 450

Lower Bound 1 = 377
Lower Bound 2 = 342
Avaliação = 1.19363

Tempo de execução: 60.0003s

---------------------------

Largura da faixa = 106
Melhor altura = 455

Lower Bound 1 = 377
Lower Bound 2 = 342
Avaliação = 1.2069

Tempo de execução: 60.005s

---------------------------

Largura da faixa = 106
Melhor altura = 459

Lower Bound 1 = 377
Lower Bound 2 = 342
Avaliação = 1.21751

Tempo de execução: 60.0039s

---------------------------

Largura da faixa = 106
Melhor altura = 450

Lower Bound 1 = 377
Lower Bound 2 = 342
Avaliação = 1.19363

Tempo de execução: 60.0025s

---------------------------

Largura da faixa = 106
Melhor altura = 448

Lower Bound 1 = 377
Lower Bound 2 = 342
Avaliação = 1.18833

Tempo de execução: 60.0013s

---------------------------

Largura da faixa = 106
Melhor altura = 459

Lower Bound 1 = 377
Lower Bound 2 = 342
Avaliação = 1.21751

Tempo de execução: 60.0012s

---------------------------

Largura da faixa = 106
Melhor altura = 450

Lower Bound 1 = 377
Lower Bound 2 = 342
Avaliação = 1.19363

Tempo de execução: 60.0027s

---------------------------

Largura da faixa = 106
Melhor altura = 458

Lower Bound 1 = 377
Lower Bound 2 = 342
Avaliação = 1.21485

Tempo de execução: 60.0011s

---------------------------

Largura da faixa = 106
Melhor altura = 452

Lower Bound 1 = 377
Lower Bound 2 = 342
Avaliação = 1.19894

Tempo de execução: 60.0025s

---------------------------

Largura da faixa = 106
Melhor altura = 455

Lower Bound 1 = 377
Lower Bound 2 = 342
Avaliação = 1.2069

Tempo de execução: 60.0011s

---------------------------

Largura da faixa = 106
Melhor altura = 447

Lower Bound 1 = 377
Lower Bound 2 = 342
Avaliação = 1.18568

Tempo de execução: 60.0007s

---------------------------

Largura da faixa = 106
Melhor altura = 438

Lower Bound 1 = 377
Lower Bound 2 = 342
Avaliação = 1.1618

Tempo de execução: 60.006s

---------------------------

Largura da faixa = 106
Melhor altura = 459

Lower Bound 1 = 377
Lower Bound 2 = 342
Avaliação = 1.21751

Tempo de execução: 60s

---------------------------

Largura da faixa = 106
Melhor altura = 461

Lower Bound 1 = 377
Lower Bound 2 = 342
Avaliação = 1.22281

Tempo de execução: 60.0005s

---------------------------

Largura da faixa = 106
Melhor altura = 450

Lower Bound 1 = 377
Lower Bound 2 = 342
Avaliação = 1.19363

Tempo de execução: 60.0011s

---------------------------

Largura da faixa = 106
Melhor altura = 451

Lower Bound 1 = 377
Lower Bound 2 = 342
Avaliação = 1.19629

Tempo de execução: 60.005s

---------------------------

Largura da faixa = 106
Melhor altura = 455

Lower Bound 1 = 377
Lower Bound 2 = 342
Avaliação = 1.2069

Tempo de execução: 60.0042s

---------------------------

