Largura da faixa = 93
Melhor altura = 551

Lower Bound 1 = 430
Lower Bound 2 = 193
Avaliação = 1.2814

Tempo de execução: 60.0426s

---------------------------

Largura da faixa = 93
Melhor altura = 564

Lower Bound 1 = 430
Lower Bound 2 = 193
Avaliação = 1.31163

Tempo de execução: 60.072s

---------------------------

Largura da faixa = 93
Melhor altura = 548

Lower Bound 1 = 430
Lower Bound 2 = 193
Avaliação = 1.27442

Tempo de execução: 60.0803s

---------------------------

Largura da faixa = 93
Melhor altura = 558

Lower Bound 1 = 430
Lower Bound 2 = 193
Avaliação = 1.29767

Tempo de execução: 60.0019s

---------------------------

Largura da faixa = 93
Melhor altura = 558

Lower Bound 1 = 430
Lower Bound 2 = 193
Avaliação = 1.29767

Tempo de execução: 60.0011s

---------------------------

Largura da faixa = 93
Melhor altura = 529

Lower Bound 1 = 430
Lower Bound 2 = 193
Avaliação = 1.23023

Tempo de execução: 60.0443s

---------------------------

Largura da faixa = 93
Melhor altura = 567

Lower Bound 1 = 430
Lower Bound 2 = 193
Avaliação = 1.3186

Tempo de execução: 60.0038s

---------------------------

Largura da faixa = 93
Melhor altura = 557

Lower Bound 1 = 430
Lower Bound 2 = 193
Avaliação = 1.29535

Tempo de execução: 60.0006s

---------------------------

Largura da faixa = 93
Melhor altura = 555

Lower Bound 1 = 430
Lower Bound 2 = 193
Avaliação = 1.2907

Tempo de execução: 60.0044s

---------------------------

Largura da faixa = 93
Melhor altura = 557

Lower Bound 1 = 430
Lower Bound 2 = 193
Avaliação = 1.29535

Tempo de execução: 60.0089s

---------------------------

Largura da faixa = 93
Melhor altura = 547

Lower Bound 1 = 430
Lower Bound 2 = 193
Avaliação = 1.27209

Tempo de execução: 60.0068s

---------------------------

Largura da faixa = 93
Melhor altura = 561

Lower Bound 1 = 430
Lower Bound 2 = 193
Avaliação = 1.30465

Tempo de execução: 60.0327s

---------------------------

Largura da faixa = 93
Melhor altura = 551

Lower Bound 1 = 430
Lower Bound 2 = 193
Avaliação = 1.2814

Tempo de execução: 60.0022s

---------------------------

Largura da faixa = 93
Melhor altura = 540

Lower Bound 1 = 430
Lower Bound 2 = 193
Avaliação = 1.25581

Tempo de execução: 60.0042s

---------------------------

Largura da faixa = 93
Melhor altura = 554

Lower Bound 1 = 430
Lower Bound 2 = 193
Avaliação = 1.28837

Tempo de execução: 60.0049s

---------------------------

Largura da faixa = 93
Melhor altura = 562

Lower Bound 1 = 430
Lower Bound 2 = 193
Avaliação = 1.30698

Tempo de execução: 60.0006s

---------------------------

Largura da faixa = 93
Melhor altura = 557

Lower Bound 1 = 430
Lower Bound 2 = 193
Avaliação = 1.29535

Tempo de execução: 60.036s

---------------------------

Largura da faixa = 93
Melhor altura = 558

Lower Bound 1 = 430
Lower Bound 2 = 193
Avaliação = 1.29767

Tempo de execução: 60.0371s

---------------------------

Largura da faixa = 93
Melhor altura = 540

Lower Bound 1 = 430
Lower Bound 2 = 193
Avaliação = 1.25581

Tempo de execução: 60.0034s

---------------------------

Largura da faixa = 93
Melhor altura = 560

Lower Bound 1 = 430
Lower Bound 2 = 193
Avaliação = 1.30233

Tempo de execução: 60.0065s

---------------------------

