Largura da faixa = 129
Melhor altura = 339

Lower Bound 1 = 310
Lower Bound 2 = 129
Avaliação = 1.09355

Tempo de execução: 60.0003s

---------------------------

Largura da faixa = 129
Melhor altura = 333

Lower Bound 1 = 310
Lower Bound 2 = 129
Avaliação = 1.07419

Tempo de execução: 60.0002s

---------------------------

Largura da faixa = 129
Melhor altura = 341

Lower Bound 1 = 310
Lower Bound 2 = 129
Avaliação = 1.1

Tempo de execução: 60.0006s

---------------------------

Largura da faixa = 129
Melhor altura = 333

Lower Bound 1 = 310
Lower Bound 2 = 129
Avaliação = 1.07419

Tempo de execução: 60.0001s

---------------------------

Largura da faixa = 129
Melhor altura = 335

Lower Bound 1 = 310
Lower Bound 2 = 129
Avaliação = 1.08065

Tempo de execução: 60.0002s

---------------------------

Largura da faixa = 129
Melhor altura = 337

Lower Bound 1 = 310
Lower Bound 2 = 129
Avaliação = 1.0871

Tempo de execução: 60.0001s

---------------------------

Largura da faixa = 129
Melhor altura = 338

Lower Bound 1 = 310
Lower Bound 2 = 129
Avaliação = 1.09032

Tempo de execução: 60.0002s

---------------------------

Largura da faixa = 129
Melhor altura = 337

Lower Bound 1 = 310
Lower Bound 2 = 129
Avaliação = 1.0871

Tempo de execução: 60.0001s

---------------------------

Largura da faixa = 129
Melhor altura = 336

Lower Bound 1 = 310
Lower Bound 2 = 129
Avaliação = 1.08387

Tempo de execução: 60.0003s

---------------------------

Largura da faixa = 129
Melhor altura = 331

Lower Bound 1 = 310
Lower Bound 2 = 129
Avaliação = 1.06774

Tempo de execução: 60.0001s

---------------------------

Largura da faixa = 129
Melhor altura = 331

Lower Bound 1 = 310
Lower Bound 2 = 129
Avaliação = 1.06774

Tempo de execução: 60.0002s

---------------------------

Largura da faixa = 129
Melhor altura = 333

Lower Bound 1 = 310
Lower Bound 2 = 129
Avaliação = 1.07419

Tempo de execução: 60.0004s

---------------------------

Largura da faixa = 129
Melhor altura = 341

Lower Bound 1 = 310
Lower Bound 2 = 129
Avaliação = 1.1

Tempo de execução: 60s

---------------------------

Largura da faixa = 129
Melhor altura = 338

Lower Bound 1 = 310
Lower Bound 2 = 129
Avaliação = 1.09032

Tempo de execução: 60s

---------------------------

Largura da faixa = 129
Melhor altura = 333

Lower Bound 1 = 310
Lower Bound 2 = 129
Avaliação = 1.07419

Tempo de execução: 60.0003s

---------------------------

Largura da faixa = 129
Melhor altura = 335

Lower Bound 1 = 310
Lower Bound 2 = 129
Avaliação = 1.08065

Tempo de execução: 60s

---------------------------

Largura da faixa = 129
Melhor altura = 333

Lower Bound 1 = 310
Lower Bound 2 = 129
Avaliação = 1.07419

Tempo de execução: 60.0002s

---------------------------

Largura da faixa = 129
Melhor altura = 324

Lower Bound 1 = 310
Lower Bound 2 = 129
Avaliação = 1.04516

Tempo de execução: 60.0006s

---------------------------

Largura da faixa = 129
Melhor altura = 328

Lower Bound 1 = 310
Lower Bound 2 = 129
Avaliação = 1.05806

Tempo de execução: 60.0001s

---------------------------

Largura da faixa = 129
Melhor altura = 336

Lower Bound 1 = 310
Lower Bound 2 = 129
Avaliação = 1.08387

Tempo de execução: 60.0002s

---------------------------

