Largura da faixa = 178
Melhor altura = 253

Lower Bound 1 = 224
Lower Bound 2 = 178
Avaliação = 1.12946

Tempo de execução: 60s

---------------------------

Largura da faixa = 178
Melhor altura = 251

Lower Bound 1 = 224
Lower Bound 2 = 178
Avaliação = 1.12054

Tempo de execução: 60.0001s

---------------------------

Largura da faixa = 178
Melhor altura = 251

Lower Bound 1 = 224
Lower Bound 2 = 178
Avaliação = 1.12054

Tempo de execução: 60s

---------------------------

Largura da faixa = 178
Melhor altura = 251

Lower Bound 1 = 224
Lower Bound 2 = 178
Avaliação = 1.12054

Tempo de execução: 60s

---------------------------

Largura da faixa = 178
Melhor altura = 251

Lower Bound 1 = 224
Lower Bound 2 = 178
Avaliação = 1.12054

Tempo de execução: 60.0001s

---------------------------

Largura da faixa = 178
Melhor altura = 251

Lower Bound 1 = 224
Lower Bound 2 = 178
Avaliação = 1.12054

Tempo de execução: 60.0002s

---------------------------

Largura da faixa = 178
Melhor altura = 251

Lower Bound 1 = 224
Lower Bound 2 = 178
Avaliação = 1.12054

Tempo de execução: 60.0002s

---------------------------

Largura da faixa = 178
Melhor altura = 253

Lower Bound 1 = 224
Lower Bound 2 = 178
Avaliação = 1.12946

Tempo de execução: 60s

---------------------------

Largura da faixa = 178
Melhor altura = 251

Lower Bound 1 = 224
Lower Bound 2 = 178
Avaliação = 1.12054

Tempo de execução: 60.0001s

---------------------------

Largura da faixa = 178
Melhor altura = 251

Lower Bound 1 = 224
Lower Bound 2 = 178
Avaliação = 1.12054

Tempo de execução: 60s

---------------------------

Largura da faixa = 178
Melhor altura = 251

Lower Bound 1 = 224
Lower Bound 2 = 178
Avaliação = 1.12054

Tempo de execução: 60.0001s

---------------------------

Largura da faixa = 178
Melhor altura = 251

Lower Bound 1 = 224
Lower Bound 2 = 178
Avaliação = 1.12054

Tempo de execução: 60.0001s

---------------------------

Largura da faixa = 178
Melhor altura = 251

Lower Bound 1 = 224
Lower Bound 2 = 178
Avaliação = 1.12054

Tempo de execução: 60.0001s

---------------------------

Largura da faixa = 178
Melhor altura = 251

Lower Bound 1 = 224
Lower Bound 2 = 178
Avaliação = 1.12054

Tempo de execução: 60.0002s

---------------------------

Largura da faixa = 178
Melhor altura = 253

Lower Bound 1 = 224
Lower Bound 2 = 178
Avaliação = 1.12946

Tempo de execução: 60.0001s

---------------------------

Largura da faixa = 178
Melhor altura = 251

Lower Bound 1 = 224
Lower Bound 2 = 178
Avaliação = 1.12054

Tempo de execução: 60s

---------------------------

Largura da faixa = 178
Melhor altura = 251

Lower Bound 1 = 224
Lower Bound 2 = 178
Avaliação = 1.12054

Tempo de execução: 60.0001s

---------------------------

Largura da faixa = 178
Melhor altura = 253

Lower Bound 1 = 224
Lower Bound 2 = 178
Avaliação = 1.12946

Tempo de execução: 60s

---------------------------

Largura da faixa = 178
Melhor altura = 251

Lower Bound 1 = 224
Lower Bound 2 = 178
Avaliação = 1.12054

Tempo de execução: 60.0001s

---------------------------

Largura da faixa = 178
Melhor altura = 251

Lower Bound 1 = 224
Lower Bound 2 = 178
Avaliação = 1.12054

Tempo de execução: 60.0001s

---------------------------

