Largura da faixa = 116
Melhor altura = 402

Lower Bound 1 = 344
Lower Bound 2 = 234
Avaliação = 1.1686

Tempo de execução: 60.0007s

---------------------------

Largura da faixa = 116
Melhor altura = 400

Lower Bound 1 = 344
Lower Bound 2 = 234
Avaliação = 1.16279

Tempo de execução: 60.0022s

---------------------------

Largura da faixa = 116
Melhor altura = 396

Lower Bound 1 = 344
Lower Bound 2 = 234
Avaliação = 1.15116

Tempo de execução: 60.011s

---------------------------

Largura da faixa = 116
Melhor altura = 405

Lower Bound 1 = 344
Lower Bound 2 = 234
Avaliação = 1.17733

Tempo de execução: 60.0017s

---------------------------

Largura da faixa = 116
Melhor altura = 399

Lower Bound 1 = 344
Lower Bound 2 = 234
Avaliação = 1.15988

Tempo de execução: 60.0049s

---------------------------

Largura da faixa = 116
Melhor altura = 401

Lower Bound 1 = 344
Lower Bound 2 = 234
Avaliação = 1.1657

Tempo de execução: 60.005s

---------------------------

Largura da faixa = 116
Melhor altura = 397

Lower Bound 1 = 344
Lower Bound 2 = 234
Avaliação = 1.15407

Tempo de execução: 60.0023s

---------------------------

Largura da faixa = 116
Melhor altura = 402

Lower Bound 1 = 344
Lower Bound 2 = 234
Avaliação = 1.1686

Tempo de execução: 60.0009s

---------------------------

Largura da faixa = 116
Melhor altura = 391

Lower Bound 1 = 344
Lower Bound 2 = 234
Avaliação = 1.13663

Tempo de execução: 60.0012s

---------------------------

Largura da faixa = 116
Melhor altura = 404

Lower Bound 1 = 344
Lower Bound 2 = 234
Avaliação = 1.17442

Tempo de execução: 60.0037s

---------------------------

Largura da faixa = 116
Melhor altura = 396

Lower Bound 1 = 344
Lower Bound 2 = 234
Avaliação = 1.15116

Tempo de execução: 60.0081s

---------------------------

Largura da faixa = 116
Melhor altura = 396

Lower Bound 1 = 344
Lower Bound 2 = 234
Avaliação = 1.15116

Tempo de execução: 60.0103s

---------------------------

Largura da faixa = 116
Melhor altura = 394

Lower Bound 1 = 344
Lower Bound 2 = 234
Avaliação = 1.14535

Tempo de execução: 60.0004s

---------------------------

Largura da faixa = 116
Melhor altura = 401

Lower Bound 1 = 344
Lower Bound 2 = 234
Avaliação = 1.1657

Tempo de execução: 60.0003s

---------------------------

Largura da faixa = 116
Melhor altura = 397

Lower Bound 1 = 344
Lower Bound 2 = 234
Avaliação = 1.15407

Tempo de execução: 60.0042s

---------------------------

Largura da faixa = 116
Melhor altura = 394

Lower Bound 1 = 344
Lower Bound 2 = 234
Avaliação = 1.14535

Tempo de execução: 60.0005s

---------------------------

Largura da faixa = 116
Melhor altura = 410

Lower Bound 1 = 344
Lower Bound 2 = 234
Avaliação = 1.19186

Tempo de execução: 60.0031s

---------------------------

Largura da faixa = 116
Melhor altura = 385

Lower Bound 1 = 344
Lower Bound 2 = 234
Avaliação = 1.11919

Tempo de execução: 60.0073s

---------------------------

Largura da faixa = 116
Melhor altura = 406

Lower Bound 1 = 344
Lower Bound 2 = 234
Avaliação = 1.18023

Tempo de execução: 60.0043s

---------------------------

Largura da faixa = 116
Melhor altura = 402

Lower Bound 1 = 344
Lower Bound 2 = 234
Avaliação = 1.1686

Tempo de execução: 60.0034s

---------------------------

