Largura da faixa = 161
Melhor altura = 277

Lower Bound 1 = 248
Lower Bound 2 = 246
Avaliação = 1.11694

Tempo de execução: 60.0001s

---------------------------

Largura da faixa = 161
Melhor altura = 277

Lower Bound 1 = 248
Lower Bound 2 = 246
Avaliação = 1.11694

Tempo de execução: 60.0002s

---------------------------

Largura da faixa = 161
Melhor altura = 277

Lower Bound 1 = 248
Lower Bound 2 = 246
Avaliação = 1.11694

Tempo de execução: 60s

---------------------------

Largura da faixa = 161
Melhor altura = 277

Lower Bound 1 = 248
Lower Bound 2 = 246
Avaliação = 1.11694

Tempo de execução: 60s

---------------------------

Largura da faixa = 161
Melhor altura = 277

Lower Bound 1 = 248
Lower Bound 2 = 246
Avaliação = 1.11694

Tempo de execução: 60.0001s

---------------------------

Largura da faixa = 161
Melhor altura = 277

Lower Bound 1 = 248
Lower Bound 2 = 246
Avaliação = 1.11694

Tempo de execução: 60s

---------------------------

Largura da faixa = 161
Melhor altura = 277

Lower Bound 1 = 248
Lower Bound 2 = 246
Avaliação = 1.11694

Tempo de execução: 60s

---------------------------

Largura da faixa = 161
Melhor altura = 277

Lower Bound 1 = 248
Lower Bound 2 = 246
Avaliação = 1.11694

Tempo de execução: 60s

---------------------------

Largura da faixa = 161
Melhor altura = 277

Lower Bound 1 = 248
Lower Bound 2 = 246
Avaliação = 1.11694

Tempo de execução: 60s

---------------------------

Largura da faixa = 161
Melhor altura = 277

Lower Bound 1 = 248
Lower Bound 2 = 246
Avaliação = 1.11694

Tempo de execução: 60.0002s

---------------------------

Largura da faixa = 161
Melhor altura = 277

Lower Bound 1 = 248
Lower Bound 2 = 246
Avaliação = 1.11694

Tempo de execução: 60.0001s

---------------------------

Largura da faixa = 161
Melhor altura = 277

Lower Bound 1 = 248
Lower Bound 2 = 246
Avaliação = 1.11694

Tempo de execução: 60s

---------------------------

Largura da faixa = 161
Melhor altura = 277

Lower Bound 1 = 248
Lower Bound 2 = 246
Avaliação = 1.11694

Tempo de execução: 60s

---------------------------

Largura da faixa = 161
Melhor altura = 277

Lower Bound 1 = 248
Lower Bound 2 = 246
Avaliação = 1.11694

Tempo de execução: 60.0001s

---------------------------

Largura da faixa = 161
Melhor altura = 277

Lower Bound 1 = 248
Lower Bound 2 = 246
Avaliação = 1.11694

Tempo de execução: 60s

---------------------------

Largura da faixa = 161
Melhor altura = 277

Lower Bound 1 = 248
Lower Bound 2 = 246
Avaliação = 1.11694

Tempo de execução: 60.0002s

---------------------------

Largura da faixa = 161
Melhor altura = 277

Lower Bound 1 = 248
Lower Bound 2 = 246
Avaliação = 1.11694

Tempo de execução: 60.0002s

---------------------------

Largura da faixa = 161
Melhor altura = 277

Lower Bound 1 = 248
Lower Bound 2 = 246
Avaliação = 1.11694

Tempo de execução: 60s

---------------------------

Largura da faixa = 161
Melhor altura = 277

Lower Bound 1 = 248
Lower Bound 2 = 246
Avaliação = 1.11694

Tempo de execução: 60.0001s

---------------------------

Largura da faixa = 161
Melhor altura = 277

Lower Bound 1 = 248
Lower Bound 2 = 246
Avaliação = 1.11694

Tempo de execução: 60.0003s

---------------------------

