Largura da faixa = 146
Melhor altura = 313

Lower Bound 1 = 273
Lower Bound 2 = 191
Avaliação = 1.14652

Tempo de execução: 60s

---------------------------

Largura da faixa = 146
Melhor altura = 309

Lower Bound 1 = 273
Lower Bound 2 = 191
Avaliação = 1.13187

Tempo de execução: 60.0001s

---------------------------

Largura da faixa = 146
Melhor altura = 311

Lower Bound 1 = 273
Lower Bound 2 = 191
Avaliação = 1.13919

Tempo de execução: 60.0002s

---------------------------

Largura da faixa = 146
Melhor altura = 309

Lower Bound 1 = 273
Lower Bound 2 = 191
Avaliação = 1.13187

Tempo de execução: 60.0001s

---------------------------

Largura da faixa = 146
Melhor altura = 310

Lower Bound 1 = 273
Lower Bound 2 = 191
Avaliação = 1.13553

Tempo de execução: 60.0003s

---------------------------

Largura da faixa = 146
Melhor altura = 309

Lower Bound 1 = 273
Lower Bound 2 = 191
Avaliação = 1.13187

Tempo de execução: 60.0001s

---------------------------

Largura da faixa = 146
Melhor altura = 309

Lower Bound 1 = 273
Lower Bound 2 = 191
Avaliação = 1.13187

Tempo de execução: 60s

---------------------------

Largura da faixa = 146
Melhor altura = 309

Lower Bound 1 = 273
Lower Bound 2 = 191
Avaliação = 1.13187

Tempo de execução: 60.0004s

---------------------------

Largura da faixa = 146
Melhor altura = 309

Lower Bound 1 = 273
Lower Bound 2 = 191
Avaliação = 1.13187

Tempo de execução: 60.0001s

---------------------------

Largura da faixa = 146
Melhor altura = 309

Lower Bound 1 = 273
Lower Bound 2 = 191
Avaliação = 1.13187

Tempo de execução: 60s

---------------------------

Largura da faixa = 146
Melhor altura = 309

Lower Bound 1 = 273
Lower Bound 2 = 191
Avaliação = 1.13187

Tempo de execução: 60.0001s

---------------------------

Largura da faixa = 146
Melhor altura = 309

Lower Bound 1 = 273
Lower Bound 2 = 191
Avaliação = 1.13187

Tempo de execução: 60s

---------------------------

Largura da faixa = 146
Melhor altura = 309

Lower Bound 1 = 273
Lower Bound 2 = 191
Avaliação = 1.13187

Tempo de execução: 60.0001s

---------------------------

Largura da faixa = 146
Melhor altura = 309

Lower Bound 1 = 273
Lower Bound 2 = 191
Avaliação = 1.13187

Tempo de execução: 60.0001s

---------------------------

Largura da faixa = 146
Melhor altura = 309

Lower Bound 1 = 273
Lower Bound 2 = 191
Avaliação = 1.13187

Tempo de execução: 60.0001s

---------------------------

Largura da faixa = 146
Melhor altura = 312

Lower Bound 1 = 273
Lower Bound 2 = 191
Avaliação = 1.14286

Tempo de execução: 60s

---------------------------

Largura da faixa = 146
Melhor altura = 309

Lower Bound 1 = 273
Lower Bound 2 = 191
Avaliação = 1.13187

Tempo de execução: 60s

---------------------------

Largura da faixa = 146
Melhor altura = 313

Lower Bound 1 = 273
Lower Bound 2 = 191
Avaliação = 1.14652

Tempo de execução: 60s

---------------------------

Largura da faixa = 146
Melhor altura = 309

Lower Bound 1 = 273
Lower Bound 2 = 191
Avaliação = 1.13187

Tempo de execução: 60.0003s

---------------------------

Largura da faixa = 146
Melhor altura = 309

Lower Bound 1 = 273
Lower Bound 2 = 191
Avaliação = 1.13187

Tempo de execução: 60.0002s

---------------------------

