Largura da faixa = 104
Melhor altura = 485

Lower Bound 1 = 384
Lower Bound 2 = 325
Avaliação = 1.26302

Tempo de execução: 60.0007s

---------------------------

Largura da faixa = 104
Melhor altura = 480

Lower Bound 1 = 384
Lower Bound 2 = 325
Avaliação = 1.25

Tempo de execução: 60.0037s

---------------------------

Largura da faixa = 104
Melhor altura = 482

Lower Bound 1 = 384
Lower Bound 2 = 325
Avaliação = 1.25521

Tempo de execução: 60.0065s

---------------------------

Largura da faixa = 104
Melhor altura = 472

Lower Bound 1 = 384
Lower Bound 2 = 325
Avaliação = 1.22917

Tempo de execução: 60.0012s

---------------------------

Largura da faixa = 104
Melhor altura = 481

Lower Bound 1 = 384
Lower Bound 2 = 325
Avaliação = 1.2526

Tempo de execução: 60.0023s

---------------------------

Largura da faixa = 104
Melhor altura = 482

Lower Bound 1 = 384
Lower Bound 2 = 325
Avaliação = 1.25521

Tempo de execução: 60.0077s

---------------------------

Largura da faixa = 104
Melhor altura = 485

Lower Bound 1 = 384
Lower Bound 2 = 325
Avaliação = 1.26302

Tempo de execução: 60.0046s

---------------------------

Largura da faixa = 104
Melhor altura = 477

Lower Bound 1 = 384
Lower Bound 2 = 325
Avaliação = 1.24219

Tempo de execução: 60.0067s

---------------------------

Largura da faixa = 104
Melhor altura = 495

Lower Bound 1 = 384
Lower Bound 2 = 325
Avaliação = 1.28906

Tempo de execução: 60.0118s

---------------------------

Largura da faixa = 104
Melhor altura = 488

Lower Bound 1 = 384
Lower Bound 2 = 325
Avaliação = 1.27083

Tempo de execução: 60.0082s

---------------------------

Largura da faixa = 104
Melhor altura = 485

Lower Bound 1 = 384
Lower Bound 2 = 325
Avaliação = 1.26302

Tempo de execução: 60.0046s

---------------------------

Largura da faixa = 104
Melhor altura = 479

Lower Bound 1 = 384
Lower Bound 2 = 325
Avaliação = 1.2474

Tempo de execução: 60.0061s

---------------------------

Largura da faixa = 104
Melhor altura = 469

Lower Bound 1 = 384
Lower Bound 2 = 325
Avaliação = 1.22135

Tempo de execução: 60.0002s

---------------------------

Largura da faixa = 104
Melhor altura = 486

Lower Bound 1 = 384
Lower Bound 2 = 325
Avaliação = 1.26562

Tempo de execução: 60.0078s

---------------------------

Largura da faixa = 104
Melhor altura = 474

Lower Bound 1 = 384
Lower Bound 2 = 325
Avaliação = 1.23438

Tempo de execução: 60.0171s

---------------------------

Largura da faixa = 104
Melhor altura = 481

Lower Bound 1 = 384
Lower Bound 2 = 325
Avaliação = 1.2526

Tempo de execução: 60.0037s

---------------------------

Largura da faixa = 104
Melhor altura = 483

Lower Bound 1 = 384
Lower Bound 2 = 325
Avaliação = 1.25781

Tempo de execução: 60.0033s

---------------------------

Largura da faixa = 104
Melhor altura = 480

Lower Bound 1 = 384
Lower Bound 2 = 325
Avaliação = 1.25

Tempo de execução: 60.001s

---------------------------

Largura da faixa = 104
Melhor altura = 479

Lower Bound 1 = 384
Lower Bound 2 = 325
Avaliação = 1.2474

Tempo de execução: 60.0004s

---------------------------

Largura da faixa = 104
Melhor altura = 478

Lower Bound 1 = 384
Lower Bound 2 = 325
Avaliação = 1.24479

Tempo de execução: 60.0045s

---------------------------

