Largura da faixa = 112
Melhor altura = 402

Lower Bound 1 = 357
Lower Bound 2 = 234
Avaliação = 1.12605

Tempo de execução: 60.0001s

---------------------------

Largura da faixa = 112
Melhor altura = 407

Lower Bound 1 = 357
Lower Bound 2 = 234
Avaliação = 1.14006

Tempo de execução: 60s

---------------------------

Largura da faixa = 112
Melhor altura = 399

Lower Bound 1 = 357
Lower Bound 2 = 234
Avaliação = 1.11765

Tempo de execução: 60s

---------------------------

Largura da faixa = 112
Melhor altura = 399

Lower Bound 1 = 357
Lower Bound 2 = 234
Avaliação = 1.11765

Tempo de execução: 60.0001s

---------------------------

Largura da faixa = 112
Melhor altura = 401

Lower Bound 1 = 357
Lower Bound 2 = 234
Avaliação = 1.12325

Tempo de execução: 60.0002s

---------------------------

Largura da faixa = 112
Melhor altura = 400

Lower Bound 1 = 357
Lower Bound 2 = 234
Avaliação = 1.12045

Tempo de execução: 60.0004s

---------------------------

Largura da faixa = 112
Melhor altura = 408

Lower Bound 1 = 357
Lower Bound 2 = 234
Avaliação = 1.14286

Tempo de execução: 60.0001s

---------------------------

Largura da faixa = 112
Melhor altura = 402

Lower Bound 1 = 357
Lower Bound 2 = 234
Avaliação = 1.12605

Tempo de execução: 60.0004s

---------------------------

Largura da faixa = 112
Melhor altura = 403

Lower Bound 1 = 357
Lower Bound 2 = 234
Avaliação = 1.12885

Tempo de execução: 60.0006s

---------------------------

Largura da faixa = 112
Melhor altura = 402

Lower Bound 1 = 357
Lower Bound 2 = 234
Avaliação = 1.12605

Tempo de execução: 60s

---------------------------

Largura da faixa = 112
Melhor altura = 400

Lower Bound 1 = 357
Lower Bound 2 = 234
Avaliação = 1.12045

Tempo de execução: 60.0001s

---------------------------

Largura da faixa = 112
Melhor altura = 399

Lower Bound 1 = 357
Lower Bound 2 = 234
Avaliação = 1.11765

Tempo de execução: 60.0001s

---------------------------

Largura da faixa = 112
Melhor altura = 398

Lower Bound 1 = 357
Lower Bound 2 = 234
Avaliação = 1.11485

Tempo de execução: 60.0001s

---------------------------

Largura da faixa = 112
Melhor altura = 403

Lower Bound 1 = 357
Lower Bound 2 = 234
Avaliação = 1.12885

Tempo de execução: 60.0001s

---------------------------

Largura da faixa = 112
Melhor altura = 405

Lower Bound 1 = 357
Lower Bound 2 = 234
Avaliação = 1.13445

Tempo de execução: 60s

---------------------------

Largura da faixa = 112
Melhor altura = 401

Lower Bound 1 = 357
Lower Bound 2 = 234
Avaliação = 1.12325

Tempo de execução: 60.0002s

---------------------------

Largura da faixa = 112
Melhor altura = 405

Lower Bound 1 = 357
Lower Bound 2 = 234
Avaliação = 1.13445

Tempo de execução: 60.0003s

---------------------------

Largura da faixa = 112
Melhor altura = 401

Lower Bound 1 = 357
Lower Bound 2 = 234
Avaliação = 1.12325

Tempo de execução: 60.0001s

---------------------------

Largura da faixa = 112
Melhor altura = 402

Lower Bound 1 = 357
Lower Bound 2 = 234
Avaliação = 1.12605

Tempo de execução: 60s

---------------------------

Largura da faixa = 112
Melhor altura = 407

Lower Bound 1 = 357
Lower Bound 2 = 234
Avaliação = 1.14006

Tempo de execução: 60.0002s

---------------------------

