Largura da faixa = 167
Melhor altura = 264

Lower Bound 1 = 239
Lower Bound 2 = 180
Avaliação = 1.1046

Tempo de execução: 60.0001s

---------------------------

Largura da faixa = 167
Melhor altura = 264

Lower Bound 1 = 239
Lower Bound 2 = 180
Avaliação = 1.1046

Tempo de execução: 60.0002s

---------------------------

Largura da faixa = 167
Melhor altura = 264

Lower Bound 1 = 239
Lower Bound 2 = 180
Avaliação = 1.1046

Tempo de execução: 60.0001s

---------------------------

Largura da faixa = 167
Melhor altura = 264

Lower Bound 1 = 239
Lower Bound 2 = 180
Avaliação = 1.1046

Tempo de execução: 60s

---------------------------

Largura da faixa = 167
Melhor altura = 264

Lower Bound 1 = 239
Lower Bound 2 = 180
Avaliação = 1.1046

Tempo de execução: 60s

---------------------------

Largura da faixa = 167
Melhor altura = 264

Lower Bound 1 = 239
Lower Bound 2 = 180
Avaliação = 1.1046

Tempo de execução: 60.0003s

---------------------------

Largura da faixa = 167
Melhor altura = 264

Lower Bound 1 = 239
Lower Bound 2 = 180
Avaliação = 1.1046

Tempo de execução: 60s

---------------------------

Largura da faixa = 167
Melhor altura = 264

Lower Bound 1 = 239
Lower Bound 2 = 180
Avaliação = 1.1046

Tempo de execução: 60.0001s

---------------------------

Largura da faixa = 167
Melhor altura = 264

Lower Bound 1 = 239
Lower Bound 2 = 180
Avaliação = 1.1046

Tempo de execução: 60.0002s

---------------------------

Largura da faixa = 167
Melhor altura = 264

Lower Bound 1 = 239
Lower Bound 2 = 180
Avaliação = 1.1046

Tempo de execução: 60s

---------------------------

Largura da faixa = 167
Melhor altura = 264

Lower Bound 1 = 239
Lower Bound 2 = 180
Avaliação = 1.1046

Tempo de execução: 60.0001s

---------------------------

Largura da faixa = 167
Melhor altura = 264

Lower Bound 1 = 239
Lower Bound 2 = 180
Avaliação = 1.1046

Tempo de execução: 60.0001s

---------------------------

Largura da faixa = 167
Melhor altura = 264

Lower Bound 1 = 239
Lower Bound 2 = 180
Avaliação = 1.1046

Tempo de execução: 60.0001s

---------------------------

Largura da faixa = 167
Melhor altura = 264

Lower Bound 1 = 239
Lower Bound 2 = 180
Avaliação = 1.1046

Tempo de execução: 60.0001s

---------------------------

Largura da faixa = 167
Melhor altura = 264

Lower Bound 1 = 239
Lower Bound 2 = 180
Avaliação = 1.1046

Tempo de execução: 60s

---------------------------

Largura da faixa = 167
Melhor altura = 264

Lower Bound 1 = 239
Lower Bound 2 = 180
Avaliação = 1.1046

Tempo de execução: 60.0002s

---------------------------

Largura da faixa = 167
Melhor altura = 264

Lower Bound 1 = 239
Lower Bound 2 = 180
Avaliação = 1.1046

Tempo de execução: 60.0001s

---------------------------

Largura da faixa = 167
Melhor altura = 264

Lower Bound 1 = 239
Lower Bound 2 = 180
Avaliação = 1.1046

Tempo de execução: 60s

---------------------------

Largura da faixa = 167
Melhor altura = 264

Lower Bound 1 = 239
Lower Bound 2 = 180
Avaliação = 1.1046

Tempo de execução: 60s

---------------------------

Largura da faixa = 167
Melhor altura = 264

Lower Bound 1 = 239
Lower Bound 2 = 180
Avaliação = 1.1046

Tempo de execução: 60.0001s

---------------------------

