Largura da faixa = 105
Melhor altura = 429

Lower Bound 1 = 380
Lower Bound 2 = 254
Avaliação = 1.12895

Tempo de execução: 60s

---------------------------

Largura da faixa = 105
Melhor altura = 427

Lower Bound 1 = 380
Lower Bound 2 = 254
Avaliação = 1.12368

Tempo de execução: 60.0002s

---------------------------

Largura da faixa = 105
Melhor altura = 415

Lower Bound 1 = 380
Lower Bound 2 = 254
Avaliação = 1.09211

Tempo de execução: 60.0004s

---------------------------

Largura da faixa = 105
Melhor altura = 429

Lower Bound 1 = 380
Lower Bound 2 = 254
Avaliação = 1.12895

Tempo de execução: 60.0005s

---------------------------

Largura da faixa = 105
Melhor altura = 427

Lower Bound 1 = 380
Lower Bound 2 = 254
Avaliação = 1.12368

Tempo de execução: 60.0012s

---------------------------

Largura da faixa = 105
Melhor altura = 433

Lower Bound 1 = 380
Lower Bound 2 = 254
Avaliação = 1.13947

Tempo de execução: 60.0005s

---------------------------

Largura da faixa = 105
Melhor altura = 427

Lower Bound 1 = 380
Lower Bound 2 = 254
Avaliação = 1.12368

Tempo de execução: 60.0003s

---------------------------

Largura da faixa = 105
Melhor altura = 427

Lower Bound 1 = 380
Lower Bound 2 = 254
Avaliação = 1.12368

Tempo de execução: 60.001s

---------------------------

Largura da faixa = 105
Melhor altura = 431

Lower Bound 1 = 380
Lower Bound 2 = 254
Avaliação = 1.13421

Tempo de execução: 60.0003s

---------------------------

Largura da faixa = 105
Melhor altura = 428

Lower Bound 1 = 380
Lower Bound 2 = 254
Avaliação = 1.12632

Tempo de execução: 60.0009s

---------------------------

Largura da faixa = 105
Melhor altura = 431

Lower Bound 1 = 380
Lower Bound 2 = 254
Avaliação = 1.13421

Tempo de execução: 60.0009s

---------------------------

Largura da faixa = 105
Melhor altura = 430

Lower Bound 1 = 380
Lower Bound 2 = 254
Avaliação = 1.13158

Tempo de execução: 60.0015s

---------------------------

Largura da faixa = 105
Melhor altura = 420

Lower Bound 1 = 380
Lower Bound 2 = 254
Avaliação = 1.10526

Tempo de execução: 60.0009s

---------------------------

Largura da faixa = 105
Melhor altura = 425

Lower Bound 1 = 380
Lower Bound 2 = 254
Avaliação = 1.11842

Tempo de execução: 60.0005s

---------------------------

Largura da faixa = 105
Melhor altura = 419

Lower Bound 1 = 380
Lower Bound 2 = 254
Avaliação = 1.10263

Tempo de execução: 60.0013s

---------------------------

Largura da faixa = 105
Melhor altura = 423

Lower Bound 1 = 380
Lower Bound 2 = 254
Avaliação = 1.11316

Tempo de execução: 60.0001s

---------------------------

Largura da faixa = 105
Melhor altura = 432

Lower Bound 1 = 380
Lower Bound 2 = 254
Avaliação = 1.13684

Tempo de execução: 60.0005s

---------------------------

Largura da faixa = 105
Melhor altura = 430

Lower Bound 1 = 380
Lower Bound 2 = 254
Avaliação = 1.13158

Tempo de execução: 60.0002s

---------------------------

Largura da faixa = 105
Melhor altura = 429

Lower Bound 1 = 380
Lower Bound 2 = 254
Avaliação = 1.12895

Tempo de execução: 60.0007s

---------------------------

Largura da faixa = 105
Melhor altura = 425

Lower Bound 1 = 380
Lower Bound 2 = 254
Avaliação = 1.11842

Tempo de execução: 60.001s

---------------------------

