Largura da faixa = 110
Melhor altura = 447

Lower Bound 1 = 363
Lower Bound 2 = 202
Avaliação = 1.2314

Tempo de execução: 60.0022s

---------------------------

Largura da faixa = 110
Melhor altura = 447

Lower Bound 1 = 363
Lower Bound 2 = 202
Avaliação = 1.2314

Tempo de execução: 60.0018s

---------------------------

Largura da faixa = 110
Melhor altura = 458

Lower Bound 1 = 363
Lower Bound 2 = 202
Avaliação = 1.26171

Tempo de execução: 60.0097s

---------------------------

Largura da faixa = 110
Melhor altura = 439

Lower Bound 1 = 363
Lower Bound 2 = 202
Avaliação = 1.20937

Tempo de execução: 60.003s

---------------------------

Largura da faixa = 110
Melhor altura = 448

Lower Bound 1 = 363
Lower Bound 2 = 202
Avaliação = 1.23416

Tempo de execução: 60.0037s

---------------------------

Largura da faixa = 110
Melhor altura = 448

Lower Bound 1 = 363
Lower Bound 2 = 202
Avaliação = 1.23416

Tempo de execução: 60.013s

---------------------------

Largura da faixa = 110
Melhor altura = 463

Lower Bound 1 = 363
Lower Bound 2 = 202
Avaliação = 1.27548

Tempo de execução: 60.0025s

---------------------------

Largura da faixa = 110
Melhor altura = 445

Lower Bound 1 = 363
Lower Bound 2 = 202
Avaliação = 1.2259

Tempo de execução: 60.0048s

---------------------------

Largura da faixa = 110
Melhor altura = 442

Lower Bound 1 = 363
Lower Bound 2 = 202
Avaliação = 1.21763

Tempo de execução: 60.0032s

---------------------------

Largura da faixa = 110
Melhor altura = 453

Lower Bound 1 = 363
Lower Bound 2 = 202
Avaliação = 1.24793

Tempo de execução: 60.0014s

---------------------------

Largura da faixa = 110
Melhor altura = 447

Lower Bound 1 = 363
Lower Bound 2 = 202
Avaliação = 1.2314

Tempo de execução: 60.0041s

---------------------------

Largura da faixa = 110
Melhor altura = 450

Lower Bound 1 = 363
Lower Bound 2 = 202
Avaliação = 1.23967

Tempo de execução: 60.0112s

---------------------------

Largura da faixa = 110
Melhor altura = 441

Lower Bound 1 = 363
Lower Bound 2 = 202
Avaliação = 1.21488

Tempo de execução: 60.0047s

---------------------------

Largura da faixa = 110
Melhor altura = 451

Lower Bound 1 = 363
Lower Bound 2 = 202
Avaliação = 1.24242

Tempo de execução: 60.0055s

---------------------------

Largura da faixa = 110
Melhor altura = 437

Lower Bound 1 = 363
Lower Bound 2 = 202
Avaliação = 1.20386

Tempo de execução: 60.0078s

---------------------------

Largura da faixa = 110
Melhor altura = 436

Lower Bound 1 = 363
Lower Bound 2 = 202
Avaliação = 1.2011

Tempo de execução: 60.0007s

---------------------------

Largura da faixa = 110
Melhor altura = 444

Lower Bound 1 = 363
Lower Bound 2 = 202
Avaliação = 1.22314

Tempo de execução: 60.0094s

---------------------------

Largura da faixa = 110
Melhor altura = 448

Lower Bound 1 = 363
Lower Bound 2 = 202
Avaliação = 1.23416

Tempo de execução: 60.0144s

---------------------------

Largura da faixa = 110
Melhor altura = 451

Lower Bound 1 = 363
Lower Bound 2 = 202
Avaliação = 1.24242

Tempo de execução: 60.0027s

---------------------------

Largura da faixa = 110
Melhor altura = 433

Lower Bound 1 = 363
Lower Bound 2 = 202
Avaliação = 1.19284

Tempo de execução: 60.0168s

---------------------------

