Largura da faixa = 97
Melhor altura = 460

Lower Bound 1 = 412
Lower Bound 2 = 259
Avaliação = 1.1165

Tempo de execução: 60.0002s

---------------------------

Largura da faixa = 97
Melhor altura = 462

Lower Bound 1 = 412
Lower Bound 2 = 259
Avaliação = 1.12136

Tempo de execução: 60.0003s

---------------------------

Largura da faixa = 97
Melhor altura = 470

Lower Bound 1 = 412
Lower Bound 2 = 259
Avaliação = 1.14078

Tempo de execução: 60.0002s

---------------------------

Largura da faixa = 97
Melhor altura = 470

Lower Bound 1 = 412
Lower Bound 2 = 259
Avaliação = 1.14078

Tempo de execução: 60.0001s

---------------------------

Largura da faixa = 97
Melhor altura = 468

Lower Bound 1 = 412
Lower Bound 2 = 259
Avaliação = 1.13592

Tempo de execução: 60.0002s

---------------------------

Largura da faixa = 97
Melhor altura = 471

Lower Bound 1 = 412
Lower Bound 2 = 259
Avaliação = 1.1432

Tempo de execução: 60.0002s

---------------------------

Largura da faixa = 97
Melhor altura = 463

Lower Bound 1 = 412
Lower Bound 2 = 259
Avaliação = 1.12379

Tempo de execução: 60.0001s

---------------------------

Largura da faixa = 97
Melhor altura = 466

Lower Bound 1 = 412
Lower Bound 2 = 259
Avaliação = 1.13107

Tempo de execução: 60s

---------------------------

Largura da faixa = 97
Melhor altura = 468

Lower Bound 1 = 412
Lower Bound 2 = 259
Avaliação = 1.13592

Tempo de execução: 60.0005s

---------------------------

Largura da faixa = 97
Melhor altura = 469

Lower Bound 1 = 412
Lower Bound 2 = 259
Avaliação = 1.13835

Tempo de execução: 60s

---------------------------

Largura da faixa = 97
Melhor altura = 472

Lower Bound 1 = 412
Lower Bound 2 = 259
Avaliação = 1.14563

Tempo de execução: 60.0003s

---------------------------

Largura da faixa = 97
Melhor altura = 466

Lower Bound 1 = 412
Lower Bound 2 = 259
Avaliação = 1.13107

Tempo de execução: 60.0004s

---------------------------

Largura da faixa = 97
Melhor altura = 464

Lower Bound 1 = 412
Lower Bound 2 = 259
Avaliação = 1.12621

Tempo de execução: 60s

---------------------------

Largura da faixa = 97
Melhor altura = 470

Lower Bound 1 = 412
Lower Bound 2 = 259
Avaliação = 1.14078

Tempo de execução: 60.0003s

---------------------------

Largura da faixa = 97
Melhor altura = 468

Lower Bound 1 = 412
Lower Bound 2 = 259
Avaliação = 1.13592

Tempo de execução: 60.0002s

---------------------------

Largura da faixa = 97
Melhor altura = 470

Lower Bound 1 = 412
Lower Bound 2 = 259
Avaliação = 1.14078

Tempo de execução: 60.0001s

---------------------------

Largura da faixa = 97
Melhor altura = 470

Lower Bound 1 = 412
Lower Bound 2 = 259
Avaliação = 1.14078

Tempo de execução: 60.0003s

---------------------------

Largura da faixa = 97
Melhor altura = 471

Lower Bound 1 = 412
Lower Bound 2 = 259
Avaliação = 1.1432

Tempo de execução: 60s

---------------------------

Largura da faixa = 97
Melhor altura = 464

Lower Bound 1 = 412
Lower Bound 2 = 259
Avaliação = 1.12621

Tempo de execução: 60.0002s

---------------------------

Largura da faixa = 97
Melhor altura = 471

Lower Bound 1 = 412
Lower Bound 2 = 259
Avaliação = 1.1432

Tempo de execução: 60.0004s

---------------------------

