Largura da faixa = 96
Melhor altura = 476

Lower Bound 1 = 416
Lower Bound 2 = 336
Avaliação = 1.14423

Tempo de execução: 60.0047s

---------------------------

Largura da faixa = 96
Melhor altura = 490

Lower Bound 1 = 416
Lower Bound 2 = 336
Avaliação = 1.17788

Tempo de execução: 60.0053s

---------------------------

Largura da faixa = 96
Melhor altura = 491

Lower Bound 1 = 416
Lower Bound 2 = 336
Avaliação = 1.18029

Tempo de execução: 60.006s

---------------------------

Largura da faixa = 96
Melhor altura = 489

Lower Bound 1 = 416
Lower Bound 2 = 336
Avaliação = 1.17548

Tempo de execução: 60.0002s

---------------------------

Largura da faixa = 96
Melhor altura = 480

Lower Bound 1 = 416
Lower Bound 2 = 336
Avaliação = 1.15385

Tempo de execução: 60.0048s

---------------------------

Largura da faixa = 96
Melhor altura = 491

Lower Bound 1 = 416
Lower Bound 2 = 336
Avaliação = 1.18029

Tempo de execução: 60.0078s

---------------------------

Largura da faixa = 96
Melhor altura = 490

Lower Bound 1 = 416
Lower Bound 2 = 336
Avaliação = 1.17788

Tempo de execução: 60.0006s

---------------------------

Largura da faixa = 96
Melhor altura = 484

Lower Bound 1 = 416
Lower Bound 2 = 336
Avaliação = 1.16346

Tempo de execução: 60.0006s

---------------------------

Largura da faixa = 96
Melhor altura = 485

Lower Bound 1 = 416
Lower Bound 2 = 336
Avaliação = 1.16587

Tempo de execução: 60.0015s

---------------------------

Largura da faixa = 96
Melhor altura = 487

Lower Bound 1 = 416
Lower Bound 2 = 336
Avaliação = 1.17067

Tempo de execução: 60.0006s

---------------------------

Largura da faixa = 96
Melhor altura = 482

Lower Bound 1 = 416
Lower Bound 2 = 336
Avaliação = 1.15865

Tempo de execução: 60.0032s

---------------------------

Largura da faixa = 96
Melhor altura = 488

Lower Bound 1 = 416
Lower Bound 2 = 336
Avaliação = 1.17308

Tempo de execução: 60.0053s

---------------------------

Largura da faixa = 96
Melhor altura = 483

Lower Bound 1 = 416
Lower Bound 2 = 336
Avaliação = 1.16106

Tempo de execução: 60.0033s

---------------------------

Largura da faixa = 96
Melhor altura = 491

Lower Bound 1 = 416
Lower Bound 2 = 336
Avaliação = 1.18029

Tempo de execução: 60.0031s

---------------------------

Largura da faixa = 96
Melhor altura = 478

Lower Bound 1 = 416
Lower Bound 2 = 336
Avaliação = 1.14904

Tempo de execução: 60.002s

---------------------------

Largura da faixa = 96
Melhor altura = 484

Lower Bound 1 = 416
Lower Bound 2 = 336
Avaliação = 1.16346

Tempo de execução: 60.0001s

---------------------------

Largura da faixa = 96
Melhor altura = 471

Lower Bound 1 = 416
Lower Bound 2 = 336
Avaliação = 1.13221

Tempo de execução: 60.0015s

---------------------------

Largura da faixa = 96
Melhor altura = 474

Lower Bound 1 = 416
Lower Bound 2 = 336
Avaliação = 1.13942

Tempo de execução: 60.0035s

---------------------------

Largura da faixa = 96
Melhor altura = 485

Lower Bound 1 = 416
Lower Bound 2 = 336
Avaliação = 1.16587

Tempo de execução: 60.0002s

---------------------------

Largura da faixa = 96
Melhor altura = 488

Lower Bound 1 = 416
Lower Bound 2 = 336
Avaliação = 1.17308

Tempo de execução: 60.0027s

---------------------------

