Largura da faixa = 120
Melhor altura = 368

Lower Bound 1 = 333
Lower Bound 2 = 214
Avaliação = 1.10511

Tempo de execução: 60.0004s

---------------------------

Largura da faixa = 120
Melhor altura = 362

Lower Bound 1 = 333
Lower Bound 2 = 214
Avaliação = 1.08709

Tempo de execução: 60.0001s

---------------------------

Largura da faixa = 120
Melhor altura = 361

Lower Bound 1 = 333
Lower Bound 2 = 214
Avaliação = 1.08408

Tempo de execução: 60.0005s

---------------------------

Largura da faixa = 120
Melhor altura = 362

Lower Bound 1 = 333
Lower Bound 2 = 214
Avaliação = 1.08709

Tempo de execução: 60.0001s

---------------------------

Largura da faixa = 120
Melhor altura = 359

Lower Bound 1 = 333
Lower Bound 2 = 214
Avaliação = 1.07808

Tempo de execução: 60.0002s

---------------------------

Largura da faixa = 120
Melhor altura = 363

Lower Bound 1 = 333
Lower Bound 2 = 214
Avaliação = 1.09009

Tempo de execução: 60.0003s

---------------------------

Largura da faixa = 120
Melhor altura = 361

Lower Bound 1 = 333
Lower Bound 2 = 214
Avaliação = 1.08408

Tempo de execução: 60.0003s

---------------------------

Largura da faixa = 120
Melhor altura = 366

Lower Bound 1 = 333
Lower Bound 2 = 214
Avaliação = 1.0991

Tempo de execução: 60.0004s

---------------------------

Largura da faixa = 120
Melhor altura = 359

Lower Bound 1 = 333
Lower Bound 2 = 214
Avaliação = 1.07808

Tempo de execução: 60.0005s

---------------------------

Largura da faixa = 120
Melhor altura = 363

Lower Bound 1 = 333
Lower Bound 2 = 214
Avaliação = 1.09009

Tempo de execução: 60.0002s

---------------------------

Largura da faixa = 120
Melhor altura = 361

Lower Bound 1 = 333
Lower Bound 2 = 214
Avaliação = 1.08408

Tempo de execução: 60.0002s

---------------------------

Largura da faixa = 120
Melhor altura = 360

Lower Bound 1 = 333
Lower Bound 2 = 214
Avaliação = 1.08108

Tempo de execução: 60.0003s

---------------------------

Largura da faixa = 120
Melhor altura = 361

Lower Bound 1 = 333
Lower Bound 2 = 214
Avaliação = 1.08408

Tempo de execução: 60.0003s

---------------------------

Largura da faixa = 120
Melhor altura = 360

Lower Bound 1 = 333
Lower Bound 2 = 214
Avaliação = 1.08108

Tempo de execução: 60.0001s

---------------------------

Largura da faixa = 120
Melhor altura = 361

Lower Bound 1 = 333
Lower Bound 2 = 214
Avaliação = 1.08408

Tempo de execução: 60.0003s

---------------------------

Largura da faixa = 120
Melhor altura = 363

Lower Bound 1 = 333
Lower Bound 2 = 214
Avaliação = 1.09009

Tempo de execução: 60.0001s

---------------------------

Largura da faixa = 120
Melhor altura = 361

Lower Bound 1 = 333
Lower Bound 2 = 214
Avaliação = 1.08408

Tempo de execução: 60.0004s

---------------------------

Largura da faixa = 120
Melhor altura = 360

Lower Bound 1 = 333
Lower Bound 2 = 214
Avaliação = 1.08108

Tempo de execução: 60.0006s

---------------------------

Largura da faixa = 120
Melhor altura = 366

Lower Bound 1 = 333
Lower Bound 2 = 214
Avaliação = 1.0991

Tempo de execução: 60.0002s

---------------------------

Largura da faixa = 120
Melhor altura = 363

Lower Bound 1 = 333
Lower Bound 2 = 214
Avaliação = 1.09009

Tempo de execução: 60.0001s

---------------------------

