Largura da faixa = 74
Melhor altura = 690

Lower Bound 1 = 540
Lower Bound 2 = 379
Avaliação = 1.27778

Tempo de execução: 60.0067s

---------------------------

Largura da faixa = 74
Melhor altura = 690

Lower Bound 1 = 540
Lower Bound 2 = 379
Avaliação = 1.27778

Tempo de execução: 60.0131s

---------------------------

Largura da faixa = 74
Melhor altura = 692

Lower Bound 1 = 540
Lower Bound 2 = 379
Avaliação = 1.28148

Tempo de execução: 60.0158s

---------------------------

Largura da faixa = 74
Melhor altura = 688

Lower Bound 1 = 540
Lower Bound 2 = 379
Avaliação = 1.27407

Tempo de execução: 60.0031s

---------------------------

Largura da faixa = 74
Melhor altura = 690

Lower Bound 1 = 540
Lower Bound 2 = 379
Avaliação = 1.27778

Tempo de execução: 60.0004s

---------------------------

Largura da faixa = 74
Melhor altura = 695

Lower Bound 1 = 540
Lower Bound 2 = 379
Avaliação = 1.28704

Tempo de execução: 60.0175s

---------------------------

Largura da faixa = 74
Melhor altura = 704

Lower Bound 1 = 540
Lower Bound 2 = 379
Avaliação = 1.3037

Tempo de execução: 60.0006s

---------------------------

Largura da faixa = 74
Melhor altura = 710

Lower Bound 1 = 540
Lower Bound 2 = 379
Avaliação = 1.31481

Tempo de execução: 60.0069s

---------------------------

Largura da faixa = 74
Melhor altura = 699

Lower Bound 1 = 540
Lower Bound 2 = 379
Avaliação = 1.29444

Tempo de execução: 60.0126s

---------------------------

Largura da faixa = 74
Melhor altura = 691

Lower Bound 1 = 540
Lower Bound 2 = 379
Avaliação = 1.27963

Tempo de execução: 60.003s

---------------------------

Largura da faixa = 74
Melhor altura = 703

Lower Bound 1 = 540
Lower Bound 2 = 379
Avaliação = 1.30185

Tempo de execução: 60.003s

---------------------------

Largura da faixa = 74
Melhor altura = 695

Lower Bound 1 = 540
Lower Bound 2 = 379
Avaliação = 1.28704

Tempo de execução: 60.0198s

---------------------------

Largura da faixa = 74
Melhor altura = 693

Lower Bound 1 = 540
Lower Bound 2 = 379
Avaliação = 1.28333

Tempo de execução: 60.001s

---------------------------

Largura da faixa = 74
Melhor altura = 703

Lower Bound 1 = 540
Lower Bound 2 = 379
Avaliação = 1.30185

Tempo de execução: 60.0008s

---------------------------

Largura da faixa = 74
Melhor altura = 703

Lower Bound 1 = 540
Lower Bound 2 = 379
Avaliação = 1.30185

Tempo de execução: 60.0124s

---------------------------

Largura da faixa = 74
Melhor altura = 689

Lower Bound 1 = 540
Lower Bound 2 = 379
Avaliação = 1.27593

Tempo de execução: 60.0057s

---------------------------

Largura da faixa = 74
Melhor altura = 693

Lower Bound 1 = 540
Lower Bound 2 = 379
Avaliação = 1.28333

Tempo de execução: 60.0088s

---------------------------

Largura da faixa = 74
Melhor altura = 704

Lower Bound 1 = 540
Lower Bound 2 = 379
Avaliação = 1.3037

Tempo de execução: 60.0117s

---------------------------

Largura da faixa = 74
Melhor altura = 693

Lower Bound 1 = 540
Lower Bound 2 = 379
Avaliação = 1.28333

Tempo de execução: 60.0118s

---------------------------

Largura da faixa = 74
Melhor altura = 710

Lower Bound 1 = 540
Lower Bound 2 = 379
Avaliação = 1.31481

Tempo de execução: 60.0279s

---------------------------

