Largura da faixa = 112
Melhor altura = 381

Lower Bound 1 = 357
Lower Bound 2 = 229
Avaliação = 1.06723

Tempo de execução: 60.0001s

---------------------------

Largura da faixa = 112
Melhor altura = 380

Lower Bound 1 = 357
Lower Bound 2 = 229
Avaliação = 1.06443

Tempo de execução: 60.0002s

---------------------------

Largura da faixa = 112
Melhor altura = 381

Lower Bound 1 = 357
Lower Bound 2 = 229
Avaliação = 1.06723

Tempo de execução: 60.0001s

---------------------------

Largura da faixa = 112
Melhor altura = 381

Lower Bound 1 = 357
Lower Bound 2 = 229
Avaliação = 1.06723

Tempo de execução: 60.0004s

---------------------------

Largura da faixa = 112
Melhor altura = 379

Lower Bound 1 = 357
Lower Bound 2 = 229
Avaliação = 1.06162

Tempo de execução: 60.0003s

---------------------------

Largura da faixa = 112
Melhor altura = 385

Lower Bound 1 = 357
Lower Bound 2 = 229
Avaliação = 1.07843

Tempo de execução: 60.0002s

---------------------------

Largura da faixa = 112
Melhor altura = 383

Lower Bound 1 = 357
Lower Bound 2 = 229
Avaliação = 1.07283

Tempo de execução: 60.0001s

---------------------------

Largura da faixa = 112
Melhor altura = 379

Lower Bound 1 = 357
Lower Bound 2 = 229
Avaliação = 1.06162

Tempo de execução: 60.0007s

---------------------------

Largura da faixa = 112
Melhor altura = 381

Lower Bound 1 = 357
Lower Bound 2 = 229
Avaliação = 1.06723

Tempo de execução: 60.0003s

---------------------------

Largura da faixa = 112
Melhor altura = 386

Lower Bound 1 = 357
Lower Bound 2 = 229
Avaliação = 1.08123

Tempo de execução: 60.0001s

---------------------------

Largura da faixa = 112
Melhor altura = 382

Lower Bound 1 = 357
Lower Bound 2 = 229
Avaliação = 1.07003

Tempo de execução: 60.0004s

---------------------------

Largura da faixa = 112
Melhor altura = 381

Lower Bound 1 = 357
Lower Bound 2 = 229
Avaliação = 1.06723

Tempo de execução: 60.0004s

---------------------------

Largura da faixa = 112
Melhor altura = 382

Lower Bound 1 = 357
Lower Bound 2 = 229
Avaliação = 1.07003

Tempo de execução: 60.0004s

---------------------------

Largura da faixa = 112
Melhor altura = 381

Lower Bound 1 = 357
Lower Bound 2 = 229
Avaliação = 1.06723

Tempo de execução: 60.0004s

---------------------------

Largura da faixa = 112
Melhor altura = 382

Lower Bound 1 = 357
Lower Bound 2 = 229
Avaliação = 1.07003

Tempo de execução: 60.0006s

---------------------------

Largura da faixa = 112
Melhor altura = 382

Lower Bound 1 = 357
Lower Bound 2 = 229
Avaliação = 1.07003

Tempo de execução: 60s

---------------------------

Largura da faixa = 112
Melhor altura = 381

Lower Bound 1 = 357
Lower Bound 2 = 229
Avaliação = 1.06723

Tempo de execução: 60s

---------------------------

Largura da faixa = 112
Melhor altura = 387

Lower Bound 1 = 357
Lower Bound 2 = 229
Avaliação = 1.08403

Tempo de execução: 60.0004s

---------------------------

Largura da faixa = 112
Melhor altura = 384

Lower Bound 1 = 357
Lower Bound 2 = 229
Avaliação = 1.07563

Tempo de execução: 60.0001s

---------------------------

Largura da faixa = 112
Melhor altura = 379

Lower Bound 1 = 357
Lower Bound 2 = 229
Avaliação = 1.06162

Tempo de execução: 60s

---------------------------

