Largura da faixa = 132
Melhor altura = 345

Lower Bound 1 = 303
Lower Bound 2 = 201
Avaliação = 1.13861

Tempo de execução: 60s

---------------------------

Largura da faixa = 132
Melhor altura = 345

Lower Bound 1 = 303
Lower Bound 2 = 201
Avaliação = 1.13861

Tempo de execução: 60s

---------------------------

Largura da faixa = 132
Melhor altura = 345

Lower Bound 1 = 303
Lower Bound 2 = 201
Avaliação = 1.13861

Tempo de execução: 60.0001s

---------------------------

Largura da faixa = 132
Melhor altura = 345

Lower Bound 1 = 303
Lower Bound 2 = 201
Avaliação = 1.13861

Tempo de execução: 60.0001s

---------------------------

Largura da faixa = 132
Melhor altura = 350

Lower Bound 1 = 303
Lower Bound 2 = 201
Avaliação = 1.15512

Tempo de execução: 60.0001s

---------------------------

Largura da faixa = 132
Melhor altura = 350

Lower Bound 1 = 303
Lower Bound 2 = 201
Avaliação = 1.15512

Tempo de execução: 60.0001s

---------------------------

Largura da faixa = 132
Melhor altura = 345

Lower Bound 1 = 303
Lower Bound 2 = 201
Avaliação = 1.13861

Tempo de execução: 60s

---------------------------

Largura da faixa = 132
Melhor altura = 345

Lower Bound 1 = 303
Lower Bound 2 = 201
Avaliação = 1.13861

Tempo de execução: 60.0001s

---------------------------

Largura da faixa = 132
Melhor altura = 345

Lower Bound 1 = 303
Lower Bound 2 = 201
Avaliação = 1.13861

Tempo de execução: 60s

---------------------------

Largura da faixa = 132
Melhor altura = 345

Lower Bound 1 = 303
Lower Bound 2 = 201
Avaliação = 1.13861

Tempo de execução: 60.0001s

---------------------------

Largura da faixa = 132
Melhor altura = 345

Lower Bound 1 = 303
Lower Bound 2 = 201
Avaliação = 1.13861

Tempo de execução: 60s

---------------------------

Largura da faixa = 132
Melhor altura = 345

Lower Bound 1 = 303
Lower Bound 2 = 201
Avaliação = 1.13861

Tempo de execução: 60.0002s

---------------------------

Largura da faixa = 132
Melhor altura = 345

Lower Bound 1 = 303
Lower Bound 2 = 201
Avaliação = 1.13861

Tempo de execução: 60.0001s

---------------------------

Largura da faixa = 132
Melhor altura = 345

Lower Bound 1 = 303
Lower Bound 2 = 201
Avaliação = 1.13861

Tempo de execução: 60s

---------------------------

Largura da faixa = 132
Melhor altura = 345

Lower Bound 1 = 303
Lower Bound 2 = 201
Avaliação = 1.13861

Tempo de execução: 60.0001s

---------------------------

Largura da faixa = 132
Melhor altura = 350

Lower Bound 1 = 303
Lower Bound 2 = 201
Avaliação = 1.15512

Tempo de execução: 60s

---------------------------

Largura da faixa = 132
Melhor altura = 345

Lower Bound 1 = 303
Lower Bound 2 = 201
Avaliação = 1.13861

Tempo de execução: 60s

---------------------------

Largura da faixa = 132
Melhor altura = 345

Lower Bound 1 = 303
Lower Bound 2 = 201
Avaliação = 1.13861

Tempo de execução: 60s

---------------------------

Largura da faixa = 132
Melhor altura = 345

Lower Bound 1 = 303
Lower Bound 2 = 201
Avaliação = 1.13861

Tempo de execução: 60s

---------------------------

Largura da faixa = 132
Melhor altura = 345

Lower Bound 1 = 303
Lower Bound 2 = 201
Avaliação = 1.13861

Tempo de execução: 60s

---------------------------

