Largura da faixa = 108
Melhor altura = 444

Lower Bound 1 = 370
Lower Bound 2 = 174
Avaliação = 1.2

Tempo de execução: 60.0028s

---------------------------

Largura da faixa = 108
Melhor altura = 442

Lower Bound 1 = 370
Lower Bound 2 = 174
Avaliação = 1.19459

Tempo de execução: 60.0111s

---------------------------

Largura da faixa = 108
Melhor altura = 440

Lower Bound 1 = 370
Lower Bound 2 = 174
Avaliação = 1.18919

Tempo de execução: 60.004s

---------------------------

Largura da faixa = 108
Melhor altura = 439

Lower Bound 1 = 370
Lower Bound 2 = 174
Avaliação = 1.18649

Tempo de execução: 60.0002s

---------------------------

Largura da faixa = 108
Melhor altura = 435

Lower Bound 1 = 370
Lower Bound 2 = 174
Avaliação = 1.17568

Tempo de execução: 60.0023s

---------------------------

Largura da faixa = 108
Melhor altura = 428

Lower Bound 1 = 370
Lower Bound 2 = 174
Avaliação = 1.15676

Tempo de execução: 60.0078s

---------------------------

Largura da faixa = 108
Melhor altura = 426

Lower Bound 1 = 370
Lower Bound 2 = 174
Avaliação = 1.15135

Tempo de execução: 60.0003s

---------------------------

Largura da faixa = 108
Melhor altura = 445

Lower Bound 1 = 370
Lower Bound 2 = 174
Avaliação = 1.2027

Tempo de execução: 60.0014s

---------------------------

Largura da faixa = 108
Melhor altura = 444

Lower Bound 1 = 370
Lower Bound 2 = 174
Avaliação = 1.2

Tempo de execução: 60.0046s

---------------------------

Largura da faixa = 108
Melhor altura = 442

Lower Bound 1 = 370
Lower Bound 2 = 174
Avaliação = 1.19459

Tempo de execução: 60.0058s

---------------------------

Largura da faixa = 108
Melhor altura = 438

Lower Bound 1 = 370
Lower Bound 2 = 174
Avaliação = 1.18378

Tempo de execução: 60.0019s

---------------------------

Largura da faixa = 108
Melhor altura = 440

Lower Bound 1 = 370
Lower Bound 2 = 174
Avaliação = 1.18919

Tempo de execução: 60.0042s

---------------------------

Largura da faixa = 108
Melhor altura = 438

Lower Bound 1 = 370
Lower Bound 2 = 174
Avaliação = 1.18378

Tempo de execução: 60.001s

---------------------------

Largura da faixa = 108
Melhor altura = 436

Lower Bound 1 = 370
Lower Bound 2 = 174
Avaliação = 1.17838

Tempo de execução: 60.0008s

---------------------------

Largura da faixa = 108
Melhor altura = 441

Lower Bound 1 = 370
Lower Bound 2 = 174
Avaliação = 1.19189

Tempo de execução: 60.0034s

---------------------------

Largura da faixa = 108
Melhor altura = 442

Lower Bound 1 = 370
Lower Bound 2 = 174
Avaliação = 1.19459

Tempo de execução: 60.0002s

---------------------------

Largura da faixa = 108
Melhor altura = 433

Lower Bound 1 = 370
Lower Bound 2 = 174
Avaliação = 1.17027

Tempo de execução: 60.0014s

---------------------------

Largura da faixa = 108
Melhor altura = 438

Lower Bound 1 = 370
Lower Bound 2 = 174
Avaliação = 1.18378

Tempo de execução: 60.0062s

---------------------------

Largura da faixa = 108
Melhor altura = 437

Lower Bound 1 = 370
Lower Bound 2 = 174
Avaliação = 1.18108

Tempo de execução: 60.0051s

---------------------------

Largura da faixa = 108
Melhor altura = 443

Lower Bound 1 = 370
Lower Bound 2 = 174
Avaliação = 1.1973

Tempo de execução: 60.0082s

---------------------------

