Largura da faixa = 114
Melhor altura = 386

Lower Bound 1 = 350
Lower Bound 2 = 223
Avaliação = 1.10286

Tempo de execução: 60s

---------------------------

Largura da faixa = 114
Melhor altura = 383

Lower Bound 1 = 350
Lower Bound 2 = 223
Avaliação = 1.09429

Tempo de execução: 60s

---------------------------

Largura da faixa = 114
Melhor altura = 378

Lower Bound 1 = 350
Lower Bound 2 = 223
Avaliação = 1.08

Tempo de execução: 60.0002s

---------------------------

Largura da faixa = 114
Melhor altura = 387

Lower Bound 1 = 350
Lower Bound 2 = 223
Avaliação = 1.10571

Tempo de execução: 60.0001s

---------------------------

Largura da faixa = 114
Melhor altura = 386

Lower Bound 1 = 350
Lower Bound 2 = 223
Avaliação = 1.10286

Tempo de execução: 60.0002s

---------------------------

Largura da faixa = 114
Melhor altura = 386

Lower Bound 1 = 350
Lower Bound 2 = 223
Avaliação = 1.10286

Tempo de execução: 60.0004s

---------------------------

Largura da faixa = 114
Melhor altura = 385

Lower Bound 1 = 350
Lower Bound 2 = 223
Avaliação = 1.1

Tempo de execução: 60s

---------------------------

Largura da faixa = 114
Melhor altura = 381

Lower Bound 1 = 350
Lower Bound 2 = 223
Avaliação = 1.08857

Tempo de execução: 60.0001s

---------------------------

Largura da faixa = 114
Melhor altura = 387

Lower Bound 1 = 350
Lower Bound 2 = 223
Avaliação = 1.10571

Tempo de execução: 60.0005s

---------------------------

Largura da faixa = 114
Melhor altura = 386

Lower Bound 1 = 350
Lower Bound 2 = 223
Avaliação = 1.10286

Tempo de execução: 60.0001s

---------------------------

Largura da faixa = 114
Melhor altura = 378

Lower Bound 1 = 350
Lower Bound 2 = 223
Avaliação = 1.08

Tempo de execução: 60s

---------------------------

Largura da faixa = 114
Melhor altura = 385

Lower Bound 1 = 350
Lower Bound 2 = 223
Avaliação = 1.1

Tempo de execução: 60.0008s

---------------------------

Largura da faixa = 114
Melhor altura = 385

Lower Bound 1 = 350
Lower Bound 2 = 223
Avaliação = 1.1

Tempo de execução: 60.0001s

---------------------------

Largura da faixa = 114
Melhor altura = 383

Lower Bound 1 = 350
Lower Bound 2 = 223
Avaliação = 1.09429

Tempo de execução: 60.0001s

---------------------------

Largura da faixa = 114
Melhor altura = 383

Lower Bound 1 = 350
Lower Bound 2 = 223
Avaliação = 1.09429

Tempo de execução: 60.0004s

---------------------------

Largura da faixa = 114
Melhor altura = 386

Lower Bound 1 = 350
Lower Bound 2 = 223
Avaliação = 1.10286

Tempo de execução: 60.0001s

---------------------------

Largura da faixa = 114
Melhor altura = 381

Lower Bound 1 = 350
Lower Bound 2 = 223
Avaliação = 1.08857

Tempo de execução: 60.0004s

---------------------------

Largura da faixa = 114
Melhor altura = 381

Lower Bound 1 = 350
Lower Bound 2 = 223
Avaliação = 1.08857

Tempo de execução: 60.0006s

---------------------------

Largura da faixa = 114
Melhor altura = 387

Lower Bound 1 = 350
Lower Bound 2 = 223
Avaliação = 1.10571

Tempo de execução: 60.0001s

---------------------------

Largura da faixa = 114
Melhor altura = 381

Lower Bound 1 = 350
Lower Bound 2 = 223
Avaliação = 1.08857

Tempo de execução: 60.0002s

---------------------------

