Largura da faixa = 121
Melhor altura = 353

Lower Bound 1 = 330
Lower Bound 2 = 201
Avaliação = 1.0697

Tempo de execução: 60.0001s

---------------------------

Largura da faixa = 121
Melhor altura = 353

Lower Bound 1 = 330
Lower Bound 2 = 201
Avaliação = 1.0697

Tempo de execução: 60.0001s

---------------------------

Largura da faixa = 121
Melhor altura = 353

Lower Bound 1 = 330
Lower Bound 2 = 201
Avaliação = 1.0697

Tempo de execução: 60s

---------------------------

Largura da faixa = 121
Melhor altura = 353

Lower Bound 1 = 330
Lower Bound 2 = 201
Avaliação = 1.0697

Tempo de execução: 60s

---------------------------

Largura da faixa = 121
Melhor altura = 353

Lower Bound 1 = 330
Lower Bound 2 = 201
Avaliação = 1.0697

Tempo de execução: 60s

---------------------------

Largura da faixa = 121
Melhor altura = 353

Lower Bound 1 = 330
Lower Bound 2 = 201
Avaliação = 1.0697

Tempo de execução: 60s

---------------------------

Largura da faixa = 121
Melhor altura = 353

Lower Bound 1 = 330
Lower Bound 2 = 201
Avaliação = 1.0697

Tempo de execução: 60s

---------------------------

Largura da faixa = 121
Melhor altura = 353

Lower Bound 1 = 330
Lower Bound 2 = 201
Avaliação = 1.0697

Tempo de execução: 60.0001s

---------------------------

Largura da faixa = 121
Melhor altura = 353

Lower Bound 1 = 330
Lower Bound 2 = 201
Avaliação = 1.0697

Tempo de execução: 60.0001s

---------------------------

Largura da faixa = 121
Melhor altura = 353

Lower Bound 1 = 330
Lower Bound 2 = 201
Avaliação = 1.0697

Tempo de execução: 60s

---------------------------

Largura da faixa = 121
Melhor altura = 353

Lower Bound 1 = 330
Lower Bound 2 = 201
Avaliação = 1.0697

Tempo de execução: 60s

---------------------------

Largura da faixa = 121
Melhor altura = 353

Lower Bound 1 = 330
Lower Bound 2 = 201
Avaliação = 1.0697

Tempo de execução: 60s

---------------------------

Largura da faixa = 121
Melhor altura = 353

Lower Bound 1 = 330
Lower Bound 2 = 201
Avaliação = 1.0697

Tempo de execução: 60s

---------------------------

Largura da faixa = 121
Melhor altura = 353

Lower Bound 1 = 330
Lower Bound 2 = 201
Avaliação = 1.0697

Tempo de execução: 60s

---------------------------

Largura da faixa = 121
Melhor altura = 353

Lower Bound 1 = 330
Lower Bound 2 = 201
Avaliação = 1.0697

Tempo de execução: 60s

---------------------------

Largura da faixa = 121
Melhor altura = 353

Lower Bound 1 = 330
Lower Bound 2 = 201
Avaliação = 1.0697

Tempo de execução: 60s

---------------------------

Largura da faixa = 121
Melhor altura = 353

Lower Bound 1 = 330
Lower Bound 2 = 201
Avaliação = 1.0697

Tempo de execução: 60.0001s

---------------------------

Largura da faixa = 121
Melhor altura = 353

Lower Bound 1 = 330
Lower Bound 2 = 201
Avaliação = 1.0697

Tempo de execução: 60s

---------------------------

Largura da faixa = 121
Melhor altura = 353

Lower Bound 1 = 330
Lower Bound 2 = 201
Avaliação = 1.0697

Tempo de execução: 60.0002s

---------------------------

Largura da faixa = 121
Melhor altura = 353

Lower Bound 1 = 330
Lower Bound 2 = 201
Avaliação = 1.0697

Tempo de execução: 60.0001s

---------------------------

