Largura da faixa = 123
Melhor altura = 374

Lower Bound 1 = 325
Lower Bound 2 = 146
Avaliação = 1.15077

Tempo de execução: 60s

---------------------------

Largura da faixa = 123
Melhor altura = 372

Lower Bound 1 = 325
Lower Bound 2 = 146
Avaliação = 1.14462

Tempo de execução: 60.0012s

---------------------------

Largura da faixa = 123
Melhor altura = 379

Lower Bound 1 = 325
Lower Bound 2 = 146
Avaliação = 1.16615

Tempo de execução: 60.0037s

---------------------------

Largura da faixa = 123
Melhor altura = 372

Lower Bound 1 = 325
Lower Bound 2 = 146
Avaliação = 1.14462

Tempo de execução: 60.0003s

---------------------------

Largura da faixa = 123
Melhor altura = 371

Lower Bound 1 = 325
Lower Bound 2 = 146
Avaliação = 1.14154

Tempo de execução: 60.0007s

---------------------------

Largura da faixa = 123
Melhor altura = 376

Lower Bound 1 = 325
Lower Bound 2 = 146
Avaliação = 1.15692

Tempo de execução: 60.0066s

---------------------------

Largura da faixa = 123
Melhor altura = 372

Lower Bound 1 = 325
Lower Bound 2 = 146
Avaliação = 1.14462

Tempo de execução: 60.0006s

---------------------------

Largura da faixa = 123
Melhor altura = 376

Lower Bound 1 = 325
Lower Bound 2 = 146
Avaliação = 1.15692

Tempo de execução: 60.001s

---------------------------

Largura da faixa = 123
Melhor altura = 367

Lower Bound 1 = 325
Lower Bound 2 = 146
Avaliação = 1.12923

Tempo de execução: 60.0058s

---------------------------

Largura da faixa = 123
Melhor altura = 377

Lower Bound 1 = 325
Lower Bound 2 = 146
Avaliação = 1.16

Tempo de execução: 60.0001s

---------------------------

Largura da faixa = 123
Melhor altura = 377

Lower Bound 1 = 325
Lower Bound 2 = 146
Avaliação = 1.16

Tempo de execução: 60.0009s

---------------------------

Largura da faixa = 123
Melhor altura = 373

Lower Bound 1 = 325
Lower Bound 2 = 146
Avaliação = 1.14769

Tempo de execução: 60.0026s

---------------------------

Largura da faixa = 123
Melhor altura = 381

Lower Bound 1 = 325
Lower Bound 2 = 146
Avaliação = 1.17231

Tempo de execução: 60.0005s

---------------------------

Largura da faixa = 123
Melhor altura = 377

Lower Bound 1 = 325
Lower Bound 2 = 146
Avaliação = 1.16

Tempo de execução: 60.0015s

---------------------------

Largura da faixa = 123
Melhor altura = 370

Lower Bound 1 = 325
Lower Bound 2 = 146
Avaliação = 1.13846

Tempo de execução: 60.0044s

---------------------------

Largura da faixa = 123
Melhor altura = 374

Lower Bound 1 = 325
Lower Bound 2 = 146
Avaliação = 1.15077

Tempo de execução: 60.001s

---------------------------

Largura da faixa = 123
Melhor altura = 368

Lower Bound 1 = 325
Lower Bound 2 = 146
Avaliação = 1.13231

Tempo de execução: 60.0011s

---------------------------

Largura da faixa = 123
Melhor altura = 382

Lower Bound 1 = 325
Lower Bound 2 = 146
Avaliação = 1.17538

Tempo de execução: 60.0028s

---------------------------

Largura da faixa = 123
Melhor altura = 370

Lower Bound 1 = 325
Lower Bound 2 = 146
Avaliação = 1.13846

Tempo de execução: 60.0009s

---------------------------

Largura da faixa = 123
Melhor altura = 375

Lower Bound 1 = 325
Lower Bound 2 = 146
Avaliação = 1.15385

Tempo de execução: 60.0027s

---------------------------

