Largura da faixa = 97
Melhor altura = 489

Lower Bound 1 = 412
Lower Bound 2 = 234
Avaliação = 1.18689

Tempo de execução: 60.0009s

---------------------------

Largura da faixa = 97
Melhor altura = 473

Lower Bound 1 = 412
Lower Bound 2 = 234
Avaliação = 1.14806

Tempo de execução: 60.003s

---------------------------

Largura da faixa = 97
Melhor altura = 481

Lower Bound 1 = 412
Lower Bound 2 = 234
Avaliação = 1.16748

Tempo de execução: 60.006s

---------------------------

Largura da faixa = 97
Melhor altura = 487

Lower Bound 1 = 412
Lower Bound 2 = 234
Avaliação = 1.18204

Tempo de execução: 60.0003s

---------------------------

Largura da faixa = 97
Melhor altura = 477

Lower Bound 1 = 412
Lower Bound 2 = 234
Avaliação = 1.15777

Tempo de execução: 60.0032s

---------------------------

Largura da faixa = 97
Melhor altura = 483

Lower Bound 1 = 412
Lower Bound 2 = 234
Avaliação = 1.17233

Tempo de execução: 60.0046s

---------------------------

Largura da faixa = 97
Melhor altura = 480

Lower Bound 1 = 412
Lower Bound 2 = 234
Avaliação = 1.16505

Tempo de execução: 60.001s

---------------------------

Largura da faixa = 97
Melhor altura = 472

Lower Bound 1 = 412
Lower Bound 2 = 234
Avaliação = 1.14563

Tempo de execução: 60.0002s

---------------------------

Largura da faixa = 97
Melhor altura = 495

Lower Bound 1 = 412
Lower Bound 2 = 234
Avaliação = 1.20146

Tempo de execução: 60.0071s

---------------------------

Largura da faixa = 97
Melhor altura = 483

Lower Bound 1 = 412
Lower Bound 2 = 234
Avaliação = 1.17233

Tempo de execução: 60.0004s

---------------------------

Largura da faixa = 97
Melhor altura = 484

Lower Bound 1 = 412
Lower Bound 2 = 234
Avaliação = 1.17476

Tempo de execução: 60.0008s

---------------------------

Largura da faixa = 97
Melhor altura = 475

Lower Bound 1 = 412
Lower Bound 2 = 234
Avaliação = 1.15291

Tempo de execução: 60.0044s

---------------------------

Largura da faixa = 97
Melhor altura = 482

Lower Bound 1 = 412
Lower Bound 2 = 234
Avaliação = 1.1699

Tempo de execução: 60.0006s

---------------------------

Largura da faixa = 97
Melhor altura = 494

Lower Bound 1 = 412
Lower Bound 2 = 234
Avaliação = 1.19903

Tempo de execução: 60.0032s

---------------------------

Largura da faixa = 97
Melhor altura = 473

Lower Bound 1 = 412
Lower Bound 2 = 234
Avaliação = 1.14806

Tempo de execução: 60.0067s

---------------------------

Largura da faixa = 97
Melhor altura = 475

Lower Bound 1 = 412
Lower Bound 2 = 234
Avaliação = 1.15291

Tempo de execução: 60.0007s

---------------------------

Largura da faixa = 97
Melhor altura = 475

Lower Bound 1 = 412
Lower Bound 2 = 234
Avaliação = 1.15291

Tempo de execução: 60.0014s

---------------------------

Largura da faixa = 97
Melhor altura = 490

Lower Bound 1 = 412
Lower Bound 2 = 234
Avaliação = 1.18932

Tempo de execução: 60.0027s

---------------------------

Largura da faixa = 97
Melhor altura = 484

Lower Bound 1 = 412
Lower Bound 2 = 234
Avaliação = 1.17476

Tempo de execução: 60.0014s

---------------------------

Largura da faixa = 97
Melhor altura = 480

Lower Bound 1 = 412
Lower Bound 2 = 234
Avaliação = 1.16505

Tempo de execução: 60.0025s

---------------------------

