Largura da faixa = 122
Melhor altura = 351

Lower Bound 1 = 327
Lower Bound 2 = 236
Avaliação = 1.07339

Tempo de execução: 60.0001s

---------------------------

Largura da faixa = 122
Melhor altura = 357

Lower Bound 1 = 327
Lower Bound 2 = 236
Avaliação = 1.09174

Tempo de execução: 60.0003s

---------------------------

Largura da faixa = 122
Melhor altura = 355

Lower Bound 1 = 327
Lower Bound 2 = 236
Avaliação = 1.08563

Tempo de execução: 60.0001s

---------------------------

Largura da faixa = 122
Melhor altura = 354

Lower Bound 1 = 327
Lower Bound 2 = 236
Avaliação = 1.08257

Tempo de execução: 60.0002s

---------------------------

Largura da faixa = 122
Melhor altura = 353

Lower Bound 1 = 327
Lower Bound 2 = 236
Avaliação = 1.07951

Tempo de execução: 60.0004s

---------------------------

Largura da faixa = 122
Melhor altura = 357

Lower Bound 1 = 327
Lower Bound 2 = 236
Avaliação = 1.09174

Tempo de execução: 60.0002s

---------------------------

Largura da faixa = 122
Melhor altura = 356

Lower Bound 1 = 327
Lower Bound 2 = 236
Avaliação = 1.08869

Tempo de execução: 60.0001s

---------------------------

Largura da faixa = 122
Melhor altura = 354

Lower Bound 1 = 327
Lower Bound 2 = 236
Avaliação = 1.08257

Tempo de execução: 60s

---------------------------

Largura da faixa = 122
Melhor altura = 358

Lower Bound 1 = 327
Lower Bound 2 = 236
Avaliação = 1.0948

Tempo de execução: 60s

---------------------------

Largura da faixa = 122
Melhor altura = 353

Lower Bound 1 = 327
Lower Bound 2 = 236
Avaliação = 1.07951

Tempo de execução: 60s

---------------------------

Largura da faixa = 122
Melhor altura = 354

Lower Bound 1 = 327
Lower Bound 2 = 236
Avaliação = 1.08257

Tempo de execução: 60.0002s

---------------------------

Largura da faixa = 122
Melhor altura = 355

Lower Bound 1 = 327
Lower Bound 2 = 236
Avaliação = 1.08563

Tempo de execução: 60.0001s

---------------------------

Largura da faixa = 122
Melhor altura = 356

Lower Bound 1 = 327
Lower Bound 2 = 236
Avaliação = 1.08869

Tempo de execução: 60.0001s

---------------------------

Largura da faixa = 122
Melhor altura = 357

Lower Bound 1 = 327
Lower Bound 2 = 236
Avaliação = 1.09174

Tempo de execução: 60.0001s

---------------------------

Largura da faixa = 122
Melhor altura = 353

Lower Bound 1 = 327
Lower Bound 2 = 236
Avaliação = 1.07951

Tempo de execução: 60.0005s

---------------------------

Largura da faixa = 122
Melhor altura = 356

Lower Bound 1 = 327
Lower Bound 2 = 236
Avaliação = 1.08869

Tempo de execução: 60.0001s

---------------------------

Largura da faixa = 122
Melhor altura = 351

Lower Bound 1 = 327
Lower Bound 2 = 236
Avaliação = 1.07339

Tempo de execução: 60s

---------------------------

Largura da faixa = 122
Melhor altura = 357

Lower Bound 1 = 327
Lower Bound 2 = 236
Avaliação = 1.09174

Tempo de execução: 60.0004s

---------------------------

Largura da faixa = 122
Melhor altura = 353

Lower Bound 1 = 327
Lower Bound 2 = 236
Avaliação = 1.07951

Tempo de execução: 60s

---------------------------

Largura da faixa = 122
Melhor altura = 350

Lower Bound 1 = 327
Lower Bound 2 = 236
Avaliação = 1.07034

Tempo de execução: 60.0003s

---------------------------

