Largura da faixa = 150
Melhor altura = 290

Lower Bound 1 = 266
Lower Bound 2 = 210
Avaliação = 1.09023

Tempo de execução: 60.0001s

---------------------------

Largura da faixa = 150
Melhor altura = 290

Lower Bound 1 = 266
Lower Bound 2 = 210
Avaliação = 1.09023

Tempo de execução: 60.0003s

---------------------------

Largura da faixa = 150
Melhor altura = 290

Lower Bound 1 = 266
Lower Bound 2 = 210
Avaliação = 1.09023

Tempo de execução: 60.0003s

---------------------------

Largura da faixa = 150
Melhor altura = 292

Lower Bound 1 = 266
Lower Bound 2 = 210
Avaliação = 1.09774

Tempo de execução: 60s

---------------------------

Largura da faixa = 150
Melhor altura = 289

Lower Bound 1 = 266
Lower Bound 2 = 210
Avaliação = 1.08647

Tempo de execução: 60.0004s

---------------------------

Largura da faixa = 150
Melhor altura = 290

Lower Bound 1 = 266
Lower Bound 2 = 210
Avaliação = 1.09023

Tempo de execução: 60.0002s

---------------------------

Largura da faixa = 150
Melhor altura = 288

Lower Bound 1 = 266
Lower Bound 2 = 210
Avaliação = 1.08271

Tempo de execução: 60s

---------------------------

Largura da faixa = 150
Melhor altura = 288

Lower Bound 1 = 266
Lower Bound 2 = 210
Avaliação = 1.08271

Tempo de execução: 60s

---------------------------

Largura da faixa = 150
Melhor altura = 290

Lower Bound 1 = 266
Lower Bound 2 = 210
Avaliação = 1.09023

Tempo de execução: 60.0001s

---------------------------

Largura da faixa = 150
Melhor altura = 290

Lower Bound 1 = 266
Lower Bound 2 = 210
Avaliação = 1.09023

Tempo de execução: 60.0001s

---------------------------

Largura da faixa = 150
Melhor altura = 288

Lower Bound 1 = 266
Lower Bound 2 = 210
Avaliação = 1.08271

Tempo de execução: 60s

---------------------------

Largura da faixa = 150
Melhor altura = 289

Lower Bound 1 = 266
Lower Bound 2 = 210
Avaliação = 1.08647

Tempo de execução: 60.0003s

---------------------------

Largura da faixa = 150
Melhor altura = 289

Lower Bound 1 = 266
Lower Bound 2 = 210
Avaliação = 1.08647

Tempo de execução: 60.0001s

---------------------------

Largura da faixa = 150
Melhor altura = 290

Lower Bound 1 = 266
Lower Bound 2 = 210
Avaliação = 1.09023

Tempo de execução: 60s

---------------------------

Largura da faixa = 150
Melhor altura = 290

Lower Bound 1 = 266
Lower Bound 2 = 210
Avaliação = 1.09023

Tempo de execução: 60.0001s

---------------------------

Largura da faixa = 150
Melhor altura = 288

Lower Bound 1 = 266
Lower Bound 2 = 210
Avaliação = 1.08271

Tempo de execução: 60s

---------------------------

Largura da faixa = 150
Melhor altura = 288

Lower Bound 1 = 266
Lower Bound 2 = 210
Avaliação = 1.08271

Tempo de execução: 60.0002s

---------------------------

Largura da faixa = 150
Melhor altura = 290

Lower Bound 1 = 266
Lower Bound 2 = 210
Avaliação = 1.09023

Tempo de execução: 60.0002s

---------------------------

Largura da faixa = 150
Melhor altura = 288

Lower Bound 1 = 266
Lower Bound 2 = 210
Avaliação = 1.08271

Tempo de execução: 60.0001s

---------------------------

Largura da faixa = 150
Melhor altura = 288

Lower Bound 1 = 266
Lower Bound 2 = 210
Avaliação = 1.08271

Tempo de execução: 60.0005s

---------------------------

