Largura da faixa = 159
Melhor altura = 318

Lower Bound 1 = 251
Lower Bound 2 = 295
Avaliação = 1.07797

Tempo de execução: 60.0001s

---------------------------

Largura da faixa = 159
Melhor altura = 318

Lower Bound 1 = 251
Lower Bound 2 = 295
Avaliação = 1.07797

Tempo de execução: 60.0009s

---------------------------

Largura da faixa = 159
Melhor altura = 318

Lower Bound 1 = 251
Lower Bound 2 = 295
Avaliação = 1.07797

Tempo de execução: 60.0005s

---------------------------

Largura da faixa = 159
Melhor altura = 318

Lower Bound 1 = 251
Lower Bound 2 = 295
Avaliação = 1.07797

Tempo de execução: 60.0002s

---------------------------

Largura da faixa = 159
Melhor altura = 318

Lower Bound 1 = 251
Lower Bound 2 = 295
Avaliação = 1.07797

Tempo de execução: 60.0001s

---------------------------

Largura da faixa = 159
Melhor altura = 318

Lower Bound 1 = 251
Lower Bound 2 = 295
Avaliação = 1.07797

Tempo de execução: 60.0004s

---------------------------

Largura da faixa = 159
Melhor altura = 318

Lower Bound 1 = 251
Lower Bound 2 = 295
Avaliação = 1.07797

Tempo de execução: 60.0003s

---------------------------

Largura da faixa = 159
Melhor altura = 318

Lower Bound 1 = 251
Lower Bound 2 = 295
Avaliação = 1.07797

Tempo de execução: 60.0003s

---------------------------

Largura da faixa = 159
Melhor altura = 318

Lower Bound 1 = 251
Lower Bound 2 = 295
Avaliação = 1.07797

Tempo de execução: 60.0008s

---------------------------

Largura da faixa = 159
Melhor altura = 318

Lower Bound 1 = 251
Lower Bound 2 = 295
Avaliação = 1.07797

Tempo de execução: 60.0001s

---------------------------

Largura da faixa = 159
Melhor altura = 318

Lower Bound 1 = 251
Lower Bound 2 = 295
Avaliação = 1.07797

Tempo de execução: 60.0001s

---------------------------

Largura da faixa = 159
Melhor altura = 318

Lower Bound 1 = 251
Lower Bound 2 = 295
Avaliação = 1.07797

Tempo de execução: 60.001s

---------------------------

Largura da faixa = 159
Melhor altura = 318

Lower Bound 1 = 251
Lower Bound 2 = 295
Avaliação = 1.07797

Tempo de execução: 60.0003s

---------------------------

Largura da faixa = 159
Melhor altura = 318

Lower Bound 1 = 251
Lower Bound 2 = 295
Avaliação = 1.07797

Tempo de execução: 60.0001s

---------------------------

Largura da faixa = 159
Melhor altura = 318

Lower Bound 1 = 251
Lower Bound 2 = 295
Avaliação = 1.07797

Tempo de execução: 60.0001s

---------------------------

Largura da faixa = 159
Melhor altura = 318

Lower Bound 1 = 251
Lower Bound 2 = 295
Avaliação = 1.07797

Tempo de execução: 60.0001s

---------------------------

Largura da faixa = 159
Melhor altura = 318

Lower Bound 1 = 251
Lower Bound 2 = 295
Avaliação = 1.07797

Tempo de execução: 60.0001s

---------------------------

Largura da faixa = 159
Melhor altura = 318

Lower Bound 1 = 251
Lower Bound 2 = 295
Avaliação = 1.07797

Tempo de execução: 60.0002s

---------------------------

Largura da faixa = 159
Melhor altura = 318

Lower Bound 1 = 251
Lower Bound 2 = 295
Avaliação = 1.07797

Tempo de execução: 60.0001s

---------------------------

Largura da faixa = 159
Melhor altura = 318

Lower Bound 1 = 251
Lower Bound 2 = 295
Avaliação = 1.07797

Tempo de execução: 60.0006s

---------------------------

