Largura da faixa = 151
Melhor altura = 310

Lower Bound 1 = 264
Lower Bound 2 = 139
Avaliação = 1.17424

Tempo de execução: 60.0001s

---------------------------

Largura da faixa = 151
Melhor altura = 310

Lower Bound 1 = 264
Lower Bound 2 = 139
Avaliação = 1.17424

Tempo de execução: 60s

---------------------------

Largura da faixa = 151
Melhor altura = 304

Lower Bound 1 = 264
Lower Bound 2 = 139
Avaliação = 1.15152

Tempo de execução: 60.0002s

---------------------------

Largura da faixa = 151
Melhor altura = 292

Lower Bound 1 = 264
Lower Bound 2 = 139
Avaliação = 1.10606

Tempo de execução: 60.0002s

---------------------------

Largura da faixa = 151
Melhor altura = 292

Lower Bound 1 = 264
Lower Bound 2 = 139
Avaliação = 1.10606

Tempo de execução: 60.0001s

---------------------------

Largura da faixa = 151
Melhor altura = 307

Lower Bound 1 = 264
Lower Bound 2 = 139
Avaliação = 1.16288

Tempo de execução: 60.0001s

---------------------------

Largura da faixa = 151
Melhor altura = 292

Lower Bound 1 = 264
Lower Bound 2 = 139
Avaliação = 1.10606

Tempo de execução: 60s

---------------------------

Largura da faixa = 151
Melhor altura = 310

Lower Bound 1 = 264
Lower Bound 2 = 139
Avaliação = 1.17424

Tempo de execução: 60.0001s

---------------------------

Largura da faixa = 151
Melhor altura = 302

Lower Bound 1 = 264
Lower Bound 2 = 139
Avaliação = 1.14394

Tempo de execução: 60s

---------------------------

Largura da faixa = 151
Melhor altura = 307

Lower Bound 1 = 264
Lower Bound 2 = 139
Avaliação = 1.16288

Tempo de execução: 60.0001s

---------------------------

Largura da faixa = 151
Melhor altura = 302

Lower Bound 1 = 264
Lower Bound 2 = 139
Avaliação = 1.14394

Tempo de execução: 60.0001s

---------------------------

Largura da faixa = 151
Melhor altura = 292

Lower Bound 1 = 264
Lower Bound 2 = 139
Avaliação = 1.10606

Tempo de execução: 60s

---------------------------

Largura da faixa = 151
Melhor altura = 310

Lower Bound 1 = 264
Lower Bound 2 = 139
Avaliação = 1.17424

Tempo de execução: 60s

---------------------------

Largura da faixa = 151
Melhor altura = 310

Lower Bound 1 = 264
Lower Bound 2 = 139
Avaliação = 1.17424

Tempo de execução: 60s

---------------------------

Largura da faixa = 151
Melhor altura = 307

Lower Bound 1 = 264
Lower Bound 2 = 139
Avaliação = 1.16288

Tempo de execução: 60.0001s

---------------------------

Largura da faixa = 151
Melhor altura = 310

Lower Bound 1 = 264
Lower Bound 2 = 139
Avaliação = 1.17424

Tempo de execução: 60s

---------------------------

Largura da faixa = 151
Melhor altura = 308

Lower Bound 1 = 264
Lower Bound 2 = 139
Avaliação = 1.16667

Tempo de execução: 60.0001s

---------------------------

Largura da faixa = 151
Melhor altura = 302

Lower Bound 1 = 264
Lower Bound 2 = 139
Avaliação = 1.14394

Tempo de execução: 60s

---------------------------

Largura da faixa = 151
Melhor altura = 302

Lower Bound 1 = 264
Lower Bound 2 = 139
Avaliação = 1.14394

Tempo de execução: 60s

---------------------------

Largura da faixa = 151
Melhor altura = 310

Lower Bound 1 = 264
Lower Bound 2 = 139
Avaliação = 1.17424

Tempo de execução: 60.0002s

---------------------------

