Largura da faixa = 119
Melhor altura = 373

Lower Bound 1 = 336
Lower Bound 2 = 275
Avaliação = 1.11012

Tempo de execução: 60s

---------------------------

Largura da faixa = 119
Melhor altura = 373

Lower Bound 1 = 336
Lower Bound 2 = 275
Avaliação = 1.11012

Tempo de execução: 60s

---------------------------

Largura da faixa = 119
Melhor altura = 371

Lower Bound 1 = 336
Lower Bound 2 = 275
Avaliação = 1.10417

Tempo de execução: 60.0002s

---------------------------

Largura da faixa = 119
Melhor altura = 371

Lower Bound 1 = 336
Lower Bound 2 = 275
Avaliação = 1.10417

Tempo de execução: 60.0001s

---------------------------

Largura da faixa = 119
Melhor altura = 371

Lower Bound 1 = 336
Lower Bound 2 = 275
Avaliação = 1.10417

Tempo de execução: 60.0003s

---------------------------

Largura da faixa = 119
Melhor altura = 373

Lower Bound 1 = 336
Lower Bound 2 = 275
Avaliação = 1.11012

Tempo de execução: 60.0003s

---------------------------

Largura da faixa = 119
Melhor altura = 373

Lower Bound 1 = 336
Lower Bound 2 = 275
Avaliação = 1.11012

Tempo de execução: 60.0002s

---------------------------

Largura da faixa = 119
Melhor altura = 373

Lower Bound 1 = 336
Lower Bound 2 = 275
Avaliação = 1.11012

Tempo de execução: 60.0001s

---------------------------

Largura da faixa = 119
Melhor altura = 373

Lower Bound 1 = 336
Lower Bound 2 = 275
Avaliação = 1.11012

Tempo de execução: 60.0002s

---------------------------

Largura da faixa = 119
Melhor altura = 373

Lower Bound 1 = 336
Lower Bound 2 = 275
Avaliação = 1.11012

Tempo de execução: 60.0001s

---------------------------

Largura da faixa = 119
Melhor altura = 373

Lower Bound 1 = 336
Lower Bound 2 = 275
Avaliação = 1.11012

Tempo de execução: 60.0003s

---------------------------

Largura da faixa = 119
Melhor altura = 373

Lower Bound 1 = 336
Lower Bound 2 = 275
Avaliação = 1.11012

Tempo de execução: 60.0002s

---------------------------

Largura da faixa = 119
Melhor altura = 373

Lower Bound 1 = 336
Lower Bound 2 = 275
Avaliação = 1.11012

Tempo de execução: 60s

---------------------------

Largura da faixa = 119
Melhor altura = 373

Lower Bound 1 = 336
Lower Bound 2 = 275
Avaliação = 1.11012

Tempo de execução: 60.0003s

---------------------------

Largura da faixa = 119
Melhor altura = 373

Lower Bound 1 = 336
Lower Bound 2 = 275
Avaliação = 1.11012

Tempo de execução: 60s

---------------------------

Largura da faixa = 119
Melhor altura = 373

Lower Bound 1 = 336
Lower Bound 2 = 275
Avaliação = 1.11012

Tempo de execução: 60s

---------------------------

Largura da faixa = 119
Melhor altura = 371

Lower Bound 1 = 336
Lower Bound 2 = 275
Avaliação = 1.10417

Tempo de execução: 60.0002s

---------------------------

Largura da faixa = 119
Melhor altura = 373

Lower Bound 1 = 336
Lower Bound 2 = 275
Avaliação = 1.11012

Tempo de execução: 60.0002s

---------------------------

Largura da faixa = 119
Melhor altura = 373

Lower Bound 1 = 336
Lower Bound 2 = 275
Avaliação = 1.11012

Tempo de execução: 60.0001s

---------------------------

Largura da faixa = 119
Melhor altura = 371

Lower Bound 1 = 336
Lower Bound 2 = 275
Avaliação = 1.10417

Tempo de execução: 60.0002s

---------------------------

