Largura da faixa = 116
Melhor altura = 406

Lower Bound 1 = 344
Lower Bound 2 = 234
Avaliação = 1.18023

Tempo de execução: 60.0006s

---------------------------

Largura da faixa = 116
Melhor altura = 406

Lower Bound 1 = 344
Lower Bound 2 = 234
Avaliação = 1.18023

Tempo de execução: 60.0032s

---------------------------

Largura da faixa = 116
Melhor altura = 397

Lower Bound 1 = 344
Lower Bound 2 = 234
Avaliação = 1.15407

Tempo de execução: 60.0017s

---------------------------

Largura da faixa = 116
Melhor altura = 412

Lower Bound 1 = 344
Lower Bound 2 = 234
Avaliação = 1.19767

Tempo de execução: 60.0009s

---------------------------

Largura da faixa = 116
Melhor altura = 405

Lower Bound 1 = 344
Lower Bound 2 = 234
Avaliação = 1.17733

Tempo de execução: 60s

---------------------------

Largura da faixa = 116
Melhor altura = 401

Lower Bound 1 = 344
Lower Bound 2 = 234
Avaliação = 1.1657

Tempo de execução: 60.0061s

---------------------------

Largura da faixa = 116
Melhor altura = 400

Lower Bound 1 = 344
Lower Bound 2 = 234
Avaliação = 1.16279

Tempo de execução: 60.001s

---------------------------

Largura da faixa = 116
Melhor altura = 402

Lower Bound 1 = 344
Lower Bound 2 = 234
Avaliação = 1.1686

Tempo de execução: 60.0045s

---------------------------

Largura da faixa = 116
Melhor altura = 403

Lower Bound 1 = 344
Lower Bound 2 = 234
Avaliação = 1.17151

Tempo de execução: 60.0048s

---------------------------

Largura da faixa = 116
Melhor altura = 410

Lower Bound 1 = 344
Lower Bound 2 = 234
Avaliação = 1.19186

Tempo de execução: 60.0018s

---------------------------

Largura da faixa = 116
Melhor altura = 413

Lower Bound 1 = 344
Lower Bound 2 = 234
Avaliação = 1.20058

Tempo de execução: 60.011s

---------------------------

Largura da faixa = 116
Melhor altura = 406

Lower Bound 1 = 344
Lower Bound 2 = 234
Avaliação = 1.18023

Tempo de execução: 60.0094s

---------------------------

Largura da faixa = 116
Melhor altura = 398

Lower Bound 1 = 344
Lower Bound 2 = 234
Avaliação = 1.15698

Tempo de execução: 60.0018s

---------------------------

Largura da faixa = 116
Melhor altura = 411

Lower Bound 1 = 344
Lower Bound 2 = 234
Avaliação = 1.19477

Tempo de execução: 60.0011s

---------------------------

Largura da faixa = 116
Melhor altura = 392

Lower Bound 1 = 344
Lower Bound 2 = 234
Avaliação = 1.13953

Tempo de execução: 60.0016s

---------------------------

Largura da faixa = 116
Melhor altura = 407

Lower Bound 1 = 344
Lower Bound 2 = 234
Avaliação = 1.18314

Tempo de execução: 60.0016s

---------------------------

Largura da faixa = 116
Melhor altura = 404

Lower Bound 1 = 344
Lower Bound 2 = 234
Avaliação = 1.17442

Tempo de execução: 60.0007s

---------------------------

Largura da faixa = 116
Melhor altura = 409

Lower Bound 1 = 344
Lower Bound 2 = 234
Avaliação = 1.18895

Tempo de execução: 60.0022s

---------------------------

Largura da faixa = 116
Melhor altura = 399

Lower Bound 1 = 344
Lower Bound 2 = 234
Avaliação = 1.15988

Tempo de execução: 60.0002s

---------------------------

Largura da faixa = 116
Melhor altura = 401

Lower Bound 1 = 344
Lower Bound 2 = 234
Avaliação = 1.1657

Tempo de execução: 60.001s

---------------------------

