Largura da faixa = 35
Melhor altura = 138

Lower Bound 1 = 124
Lower Bound 2 = 82
Avaliação = 1.1129

Tempo de execução: 60s

---------------------------

Largura da faixa = 35
Melhor altura = 138

Lower Bound 1 = 124
Lower Bound 2 = 82
Avaliação = 1.1129

Tempo de execução: 60s

---------------------------

Largura da faixa = 35
Melhor altura = 138

Lower Bound 1 = 124
Lower Bound 2 = 82
Avaliação = 1.1129

Tempo de execução: 60.0002s

---------------------------

Largura da faixa = 35
Melhor altura = 138

Lower Bound 1 = 124
Lower Bound 2 = 82
Avaliação = 1.1129

Tempo de execução: 60.0001s

---------------------------

Largura da faixa = 35
Melhor altura = 138

Lower Bound 1 = 124
Lower Bound 2 = 82
Avaliação = 1.1129

Tempo de execução: 60.0001s

---------------------------

Largura da faixa = 35
Melhor altura = 139

Lower Bound 1 = 124
Lower Bound 2 = 82
Avaliação = 1.12097

Tempo de execução: 60.0001s

---------------------------

Largura da faixa = 35
Melhor altura = 139

Lower Bound 1 = 124
Lower Bound 2 = 82
Avaliação = 1.12097

Tempo de execução: 60s

---------------------------

Largura da faixa = 35
Melhor altura = 138

Lower Bound 1 = 124
Lower Bound 2 = 82
Avaliação = 1.1129

Tempo de execução: 60s

---------------------------

Largura da faixa = 35
Melhor altura = 139

Lower Bound 1 = 124
Lower Bound 2 = 82
Avaliação = 1.12097

Tempo de execução: 60.0001s

---------------------------

Largura da faixa = 35
Melhor altura = 139

Lower Bound 1 = 124
Lower Bound 2 = 82
Avaliação = 1.12097

Tempo de execução: 60.0001s

---------------------------

Largura da faixa = 35
Melhor altura = 140

Lower Bound 1 = 124
Lower Bound 2 = 82
Avaliação = 1.12903

Tempo de execução: 60.0001s

---------------------------

Largura da faixa = 35
Melhor altura = 138

Lower Bound 1 = 124
Lower Bound 2 = 82
Avaliação = 1.1129

Tempo de execução: 60.0002s

---------------------------

Largura da faixa = 35
Melhor altura = 138

Lower Bound 1 = 124
Lower Bound 2 = 82
Avaliação = 1.1129

Tempo de execução: 60s

---------------------------

Largura da faixa = 35
Melhor altura = 138

Lower Bound 1 = 124
Lower Bound 2 = 82
Avaliação = 1.1129

Tempo de execução: 60.0001s

---------------------------

Largura da faixa = 35
Melhor altura = 138

Lower Bound 1 = 124
Lower Bound 2 = 82
Avaliação = 1.1129

Tempo de execução: 60.0001s

---------------------------

Largura da faixa = 35
Melhor altura = 138

Lower Bound 1 = 124
Lower Bound 2 = 82
Avaliação = 1.1129

Tempo de execução: 60s

---------------------------

Largura da faixa = 35
Melhor altura = 138

Lower Bound 1 = 124
Lower Bound 2 = 82
Avaliação = 1.1129

Tempo de execução: 60s

---------------------------

Largura da faixa = 35
Melhor altura = 138

Lower Bound 1 = 124
Lower Bound 2 = 82
Avaliação = 1.1129

Tempo de execução: 60.0001s

---------------------------

Largura da faixa = 35
Melhor altura = 138

Lower Bound 1 = 124
Lower Bound 2 = 82
Avaliação = 1.1129

Tempo de execução: 60s

---------------------------

Largura da faixa = 35
Melhor altura = 138

Lower Bound 1 = 124
Lower Bound 2 = 82
Avaliação = 1.1129

Tempo de execução: 60s

---------------------------

