Largura da faixa = 43
Melhor altura = 1252

Lower Bound 1 = 1034
Lower Bound 2 = 681
Avaliação = 1.21083

Tempo de execução: 60.0001s

---------------------------

Largura da faixa = 43
Melhor altura = 1252

Lower Bound 1 = 1034
Lower Bound 2 = 681
Avaliação = 1.21083

Tempo de execução: 60.0004s

---------------------------

Largura da faixa = 43
Melhor altura = 1252

Lower Bound 1 = 1034
Lower Bound 2 = 681
Avaliação = 1.21083

Tempo de execução: 60.0003s

---------------------------

Largura da faixa = 43
Melhor altura = 1252

Lower Bound 1 = 1034
Lower Bound 2 = 681
Avaliação = 1.21083

Tempo de execução: 60.0001s

---------------------------

Largura da faixa = 43
Melhor altura = 1252

Lower Bound 1 = 1034
Lower Bound 2 = 681
Avaliação = 1.21083

Tempo de execução: 60.0002s

---------------------------

Largura da faixa = 43
Melhor altura = 1252

Lower Bound 1 = 1034
Lower Bound 2 = 681
Avaliação = 1.21083

Tempo de execução: 60.0001s

---------------------------

Largura da faixa = 43
Melhor altura = 1252

Lower Bound 1 = 1034
Lower Bound 2 = 681
Avaliação = 1.21083

Tempo de execução: 60s

---------------------------

Largura da faixa = 43
Melhor altura = 1252

Lower Bound 1 = 1034
Lower Bound 2 = 681
Avaliação = 1.21083

Tempo de execução: 60s

---------------------------

Largura da faixa = 43
Melhor altura = 1252

Lower Bound 1 = 1034
Lower Bound 2 = 681
Avaliação = 1.21083

Tempo de execução: 60.0007s

---------------------------

Largura da faixa = 43
Melhor altura = 1252

Lower Bound 1 = 1034
Lower Bound 2 = 681
Avaliação = 1.21083

Tempo de execução: 60.0001s

---------------------------

Largura da faixa = 43
Melhor altura = 1252

Lower Bound 1 = 1034
Lower Bound 2 = 681
Avaliação = 1.21083

Tempo de execução: 60.0001s

---------------------------

Largura da faixa = 43
Melhor altura = 1252

Lower Bound 1 = 1034
Lower Bound 2 = 681
Avaliação = 1.21083

Tempo de execução: 60.0006s

---------------------------

Largura da faixa = 43
Melhor altura = 1252

Lower Bound 1 = 1034
Lower Bound 2 = 681
Avaliação = 1.21083

Tempo de execução: 60.0001s

---------------------------

Largura da faixa = 43
Melhor altura = 1252

Lower Bound 1 = 1034
Lower Bound 2 = 681
Avaliação = 1.21083

Tempo de execução: 60.0001s

---------------------------

Largura da faixa = 43
Melhor altura = 1252

Lower Bound 1 = 1034
Lower Bound 2 = 681
Avaliação = 1.21083

Tempo de execução: 60.0004s

---------------------------

Largura da faixa = 43
Melhor altura = 1252

Lower Bound 1 = 1034
Lower Bound 2 = 681
Avaliação = 1.21083

Tempo de execução: 60.0001s

---------------------------

Largura da faixa = 43
Melhor altura = 1252

Lower Bound 1 = 1034
Lower Bound 2 = 681
Avaliação = 1.21083

Tempo de execução: 60s

---------------------------

Largura da faixa = 43
Melhor altura = 1252

Lower Bound 1 = 1034
Lower Bound 2 = 681
Avaliação = 1.21083

Tempo de execução: 60.0002s

---------------------------

Largura da faixa = 43
Melhor altura = 1252

Lower Bound 1 = 1034
Lower Bound 2 = 681
Avaliação = 1.21083

Tempo de execução: 60s

---------------------------

Largura da faixa = 43
Melhor altura = 1252

Lower Bound 1 = 1034
Lower Bound 2 = 681
Avaliação = 1.21083

Tempo de execução: 60.0002s

---------------------------

