Largura da faixa = 62
Melhor altura = 216

Lower Bound 1 = 169
Lower Bound 2 = 170
Avaliação = 1.27059

Tempo de execução: 60.0012s

---------------------------

Largura da faixa = 62
Melhor altura = 216

Lower Bound 1 = 169
Lower Bound 2 = 170
Avaliação = 1.27059

Tempo de execução: 60.0051s

---------------------------

Largura da faixa = 62
Melhor altura = 216

Lower Bound 1 = 169
Lower Bound 2 = 170
Avaliação = 1.27059

Tempo de execução: 60.0099s

---------------------------

Largura da faixa = 62
Melhor altura = 217

Lower Bound 1 = 169
Lower Bound 2 = 170
Avaliação = 1.27647

Tempo de execução: 60.0074s

---------------------------

Largura da faixa = 62
Melhor altura = 220

Lower Bound 1 = 169
Lower Bound 2 = 170
Avaliação = 1.29412

Tempo de execução: 60.0001s

---------------------------

Largura da faixa = 62
Melhor altura = 217

Lower Bound 1 = 169
Lower Bound 2 = 170
Avaliação = 1.27647

Tempo de execução: 60.0074s

---------------------------

Largura da faixa = 62
Melhor altura = 216

Lower Bound 1 = 169
Lower Bound 2 = 170
Avaliação = 1.27059

Tempo de execução: 60.014s

---------------------------

Largura da faixa = 62
Melhor altura = 218

Lower Bound 1 = 169
Lower Bound 2 = 170
Avaliação = 1.28235

Tempo de execução: 60.0121s

---------------------------

Largura da faixa = 62
Melhor altura = 218

Lower Bound 1 = 169
Lower Bound 2 = 170
Avaliação = 1.28235

Tempo de execução: 60.0164s

---------------------------

Largura da faixa = 62
Melhor altura = 220

Lower Bound 1 = 169
Lower Bound 2 = 170
Avaliação = 1.29412

Tempo de execução: 60.0044s

---------------------------

Largura da faixa = 62
Melhor altura = 221

Lower Bound 1 = 169
Lower Bound 2 = 170
Avaliação = 1.3

Tempo de execução: 60.0017s

---------------------------

Largura da faixa = 62
Melhor altura = 220

Lower Bound 1 = 169
Lower Bound 2 = 170
Avaliação = 1.29412

Tempo de execução: 60.0111s

---------------------------

Largura da faixa = 62
Melhor altura = 218

Lower Bound 1 = 169
Lower Bound 2 = 170
Avaliação = 1.28235

Tempo de execução: 60.0012s

---------------------------

Largura da faixa = 62
Melhor altura = 218

Lower Bound 1 = 169
Lower Bound 2 = 170
Avaliação = 1.28235

Tempo de execução: 60.0041s

---------------------------

Largura da faixa = 62
Melhor altura = 220

Lower Bound 1 = 169
Lower Bound 2 = 170
Avaliação = 1.29412

Tempo de execução: 60.0142s

---------------------------

Largura da faixa = 62
Melhor altura = 217

Lower Bound 1 = 169
Lower Bound 2 = 170
Avaliação = 1.27647

Tempo de execução: 60.0051s

---------------------------

Largura da faixa = 62
Melhor altura = 216

Lower Bound 1 = 169
Lower Bound 2 = 170
Avaliação = 1.27059

Tempo de execução: 60.0103s

---------------------------

Largura da faixa = 62
Melhor altura = 215

Lower Bound 1 = 169
Lower Bound 2 = 170
Avaliação = 1.26471

Tempo de execução: 60.0188s

---------------------------

Largura da faixa = 62
Melhor altura = 219

Lower Bound 1 = 169
Lower Bound 2 = 170
Avaliação = 1.28824

Tempo de execução: 60.0011s

---------------------------

Largura da faixa = 62
Melhor altura = 219

Lower Bound 1 = 169
Lower Bound 2 = 170
Avaliação = 1.28824

Tempo de execução: 60.0043s

---------------------------

