Largura da faixa = 70
Melhor altura = 216

Lower Bound 1 = 150
Lower Bound 2 = 123
Avaliação = 1.44

Tempo de execução: 60.071s

---------------------------

Largura da faixa = 70
Melhor altura = 215

Lower Bound 1 = 150
Lower Bound 2 = 123
Avaliação = 1.43333

Tempo de execução: 60.07s

---------------------------

Largura da faixa = 70
Melhor altura = 219

Lower Bound 1 = 150
Lower Bound 2 = 123
Avaliação = 1.46

Tempo de execução: 60.09s

---------------------------

Largura da faixa = 70
Melhor altura = 214

Lower Bound 1 = 150
Lower Bound 2 = 123
Avaliação = 1.42667

Tempo de execução: 60.03s

---------------------------

Largura da faixa = 70
Melhor altura = 215

Lower Bound 1 = 150
Lower Bound 2 = 123
Avaliação = 1.43333

Tempo de execução: 60.0568s

---------------------------

Largura da faixa = 70
Melhor altura = 214

Lower Bound 1 = 150
Lower Bound 2 = 123
Avaliação = 1.42667

Tempo de execução: 60.0708s

---------------------------

Largura da faixa = 70
Melhor altura = 210

Lower Bound 1 = 150
Lower Bound 2 = 123
Avaliação = 1.4

Tempo de execução: 60.0403s

---------------------------

Largura da faixa = 70
Melhor altura = 211

Lower Bound 1 = 150
Lower Bound 2 = 123
Avaliação = 1.40667

Tempo de execução: 60.0091s

---------------------------

Largura da faixa = 70
Melhor altura = 218

Lower Bound 1 = 150
Lower Bound 2 = 123
Avaliação = 1.45333

Tempo de execução: 60.0651s

---------------------------

Largura da faixa = 70
Melhor altura = 214

Lower Bound 1 = 150
Lower Bound 2 = 123
Avaliação = 1.42667

Tempo de execução: 60.0034s

---------------------------

Largura da faixa = 70
Melhor altura = 216

Lower Bound 1 = 150
Lower Bound 2 = 123
Avaliação = 1.44

Tempo de execução: 60.0358s

---------------------------

Largura da faixa = 70
Melhor altura = 218

Lower Bound 1 = 150
Lower Bound 2 = 123
Avaliação = 1.45333

Tempo de execução: 60.0915s

---------------------------

Largura da faixa = 70
Melhor altura = 209

Lower Bound 1 = 150
Lower Bound 2 = 123
Avaliação = 1.39333

Tempo de execução: 60.0073s

---------------------------

Largura da faixa = 70
Melhor altura = 212

Lower Bound 1 = 150
Lower Bound 2 = 123
Avaliação = 1.41333

Tempo de execução: 60.0462s

---------------------------

Largura da faixa = 70
Melhor altura = 217

Lower Bound 1 = 150
Lower Bound 2 = 123
Avaliação = 1.44667

Tempo de execução: 60.0216s

---------------------------

Largura da faixa = 70
Melhor altura = 212

Lower Bound 1 = 150
Lower Bound 2 = 123
Avaliação = 1.41333

Tempo de execução: 60.0117s

---------------------------

Largura da faixa = 70
Melhor altura = 214

Lower Bound 1 = 150
Lower Bound 2 = 123
Avaliação = 1.42667

Tempo de execução: 60.023s

---------------------------

Largura da faixa = 70
Melhor altura = 209

Lower Bound 1 = 150
Lower Bound 2 = 123
Avaliação = 1.39333

Tempo de execução: 60.0566s

---------------------------

Largura da faixa = 70
Melhor altura = 219

Lower Bound 1 = 150
Lower Bound 2 = 123
Avaliação = 1.46

Tempo de execução: 60.0088s

---------------------------

Largura da faixa = 70
Melhor altura = 219

Lower Bound 1 = 150
Lower Bound 2 = 123
Avaliação = 1.46

Tempo de execução: 60.0769s

---------------------------

