Largura da faixa = 125
Melhor altura = 346

Lower Bound 1 = 240
Lower Bound 2 = 125
Avaliação = 1.44167

Tempo de execução: 60.1411s

---------------------------

Largura da faixa = 125
Melhor altura = 351

Lower Bound 1 = 240
Lower Bound 2 = 125
Avaliação = 1.4625

Tempo de execução: 60.2377s

---------------------------

Largura da faixa = 125
Melhor altura = 347

Lower Bound 1 = 240
Lower Bound 2 = 125
Avaliação = 1.44583

Tempo de execução: 60.278s

---------------------------

Largura da faixa = 125
Melhor altura = 345

Lower Bound 1 = 240
Lower Bound 2 = 125
Avaliação = 1.4375

Tempo de execução: 60.0436s

---------------------------

Largura da faixa = 125
Melhor altura = 348

Lower Bound 1 = 240
Lower Bound 2 = 125
Avaliação = 1.45

Tempo de execução: 60.0777s

---------------------------

Largura da faixa = 125
Melhor altura = 349

Lower Bound 1 = 240
Lower Bound 2 = 125
Avaliação = 1.45417

Tempo de execução: 60.0894s

---------------------------

Largura da faixa = 125
Melhor altura = 348

Lower Bound 1 = 240
Lower Bound 2 = 125
Avaliação = 1.45

Tempo de execução: 60.0354s

---------------------------

Largura da faixa = 125
Melhor altura = 346

Lower Bound 1 = 240
Lower Bound 2 = 125
Avaliação = 1.44167

Tempo de execução: 60.0768s

---------------------------

Largura da faixa = 125
Melhor altura = 318

Lower Bound 1 = 240
Lower Bound 2 = 125
Avaliação = 1.325

Tempo de execução: 60.0431s

---------------------------

Largura da faixa = 125
Melhor altura = 350

Lower Bound 1 = 240
Lower Bound 2 = 125
Avaliação = 1.45833

Tempo de execução: 60.0063s

---------------------------

Largura da faixa = 125
Melhor altura = 350

Lower Bound 1 = 240
Lower Bound 2 = 125
Avaliação = 1.45833

Tempo de execução: 60.007s

---------------------------

Largura da faixa = 125
Melhor altura = 345

Lower Bound 1 = 240
Lower Bound 2 = 125
Avaliação = 1.4375

Tempo de execução: 60.1172s

---------------------------

Largura da faixa = 125
Melhor altura = 348

Lower Bound 1 = 240
Lower Bound 2 = 125
Avaliação = 1.45

Tempo de execução: 60.0099s

---------------------------

Largura da faixa = 125
Melhor altura = 347

Lower Bound 1 = 240
Lower Bound 2 = 125
Avaliação = 1.44583

Tempo de execução: 60.1527s

---------------------------

Largura da faixa = 125
Melhor altura = 347

Lower Bound 1 = 240
Lower Bound 2 = 125
Avaliação = 1.44583

Tempo de execução: 60.2538s

---------------------------

Largura da faixa = 125
Melhor altura = 347

Lower Bound 1 = 240
Lower Bound 2 = 125
Avaliação = 1.44583

Tempo de execução: 60.0905s

---------------------------

Largura da faixa = 125
Melhor altura = 344

Lower Bound 1 = 240
Lower Bound 2 = 125
Avaliação = 1.43333

Tempo de execução: 60.2372s

---------------------------

Largura da faixa = 125
Melhor altura = 347

Lower Bound 1 = 240
Lower Bound 2 = 125
Avaliação = 1.44583

Tempo de execução: 60.254s

---------------------------

Largura da faixa = 125
Melhor altura = 312

Lower Bound 1 = 240
Lower Bound 2 = 125
Avaliação = 1.3

Tempo de execução: 60.0995s

---------------------------

Largura da faixa = 125
Melhor altura = 350

Lower Bound 1 = 240
Lower Bound 2 = 125
Avaliação = 1.45833

Tempo de execução: 60.2835s

---------------------------

