Largura da faixa = 23
Melhor altura = 77

Lower Bound 1 = 65
Lower Bound 2 = 63
Avaliação = 1.18462

Tempo de execução: 60s

---------------------------

Largura da faixa = 23
Melhor altura = 77

Lower Bound 1 = 65
Lower Bound 2 = 63
Avaliação = 1.18462

Tempo de execução: 60s

---------------------------

Largura da faixa = 23
Melhor altura = 77

Lower Bound 1 = 65
Lower Bound 2 = 63
Avaliação = 1.18462

Tempo de execução: 60.0001s

---------------------------

Largura da faixa = 23
Melhor altura = 77

Lower Bound 1 = 65
Lower Bound 2 = 63
Avaliação = 1.18462

Tempo de execução: 60s

---------------------------

Largura da faixa = 23
Melhor altura = 77

Lower Bound 1 = 65
Lower Bound 2 = 63
Avaliação = 1.18462

Tempo de execução: 60s

---------------------------

Largura da faixa = 23
Melhor altura = 77

Lower Bound 1 = 65
Lower Bound 2 = 63
Avaliação = 1.18462

Tempo de execução: 60.0001s

---------------------------

Largura da faixa = 23
Melhor altura = 77

Lower Bound 1 = 65
Lower Bound 2 = 63
Avaliação = 1.18462

Tempo de execução: 60.0001s

---------------------------

Largura da faixa = 23
Melhor altura = 78

Lower Bound 1 = 65
Lower Bound 2 = 63
Avaliação = 1.2

Tempo de execução: 60s

---------------------------

Largura da faixa = 23
Melhor altura = 77

Lower Bound 1 = 65
Lower Bound 2 = 63
Avaliação = 1.18462

Tempo de execução: 60s

---------------------------

Largura da faixa = 23
Melhor altura = 77

Lower Bound 1 = 65
Lower Bound 2 = 63
Avaliação = 1.18462

Tempo de execução: 60s

---------------------------

Largura da faixa = 23
Melhor altura = 77

Lower Bound 1 = 65
Lower Bound 2 = 63
Avaliação = 1.18462

Tempo de execução: 60s

---------------------------

Largura da faixa = 23
Melhor altura = 77

Lower Bound 1 = 65
Lower Bound 2 = 63
Avaliação = 1.18462

Tempo de execução: 60.0001s

---------------------------

Largura da faixa = 23
Melhor altura = 77

Lower Bound 1 = 65
Lower Bound 2 = 63
Avaliação = 1.18462

Tempo de execução: 60s

---------------------------

Largura da faixa = 23
Melhor altura = 77

Lower Bound 1 = 65
Lower Bound 2 = 63
Avaliação = 1.18462

Tempo de execução: 60.0001s

---------------------------

Largura da faixa = 23
Melhor altura = 77

Lower Bound 1 = 65
Lower Bound 2 = 63
Avaliação = 1.18462

Tempo de execução: 60.0001s

---------------------------

Largura da faixa = 23
Melhor altura = 77

Lower Bound 1 = 65
Lower Bound 2 = 63
Avaliação = 1.18462

Tempo de execução: 60s

---------------------------

Largura da faixa = 23
Melhor altura = 77

Lower Bound 1 = 65
Lower Bound 2 = 63
Avaliação = 1.18462

Tempo de execução: 60s

---------------------------

Largura da faixa = 23
Melhor altura = 77

Lower Bound 1 = 65
Lower Bound 2 = 63
Avaliação = 1.18462

Tempo de execução: 60s

---------------------------

Largura da faixa = 23
Melhor altura = 77

Lower Bound 1 = 65
Lower Bound 2 = 63
Avaliação = 1.18462

Tempo de execução: 60s

---------------------------

Largura da faixa = 23
Melhor altura = 77

Lower Bound 1 = 65
Lower Bound 2 = 63
Avaliação = 1.18462

Tempo de execução: 60s

---------------------------

