Largura da faixa = 72
Melhor altura = 103

Lower Bound 1 = 88
Lower Bound 2 = 76
Avaliação = 1.17045

Tempo de execução: 60s

---------------------------

Largura da faixa = 72
Melhor altura = 107

Lower Bound 1 = 88
Lower Bound 2 = 76
Avaliação = 1.21591

Tempo de execução: 60.0004s

---------------------------

Largura da faixa = 72
Melhor altura = 107

Lower Bound 1 = 88
Lower Bound 2 = 76
Avaliação = 1.21591

Tempo de execução: 60.001s

---------------------------

Largura da faixa = 72
Melhor altura = 103

Lower Bound 1 = 88
Lower Bound 2 = 76
Avaliação = 1.17045

Tempo de execução: 60.0001s

---------------------------

Largura da faixa = 72
Melhor altura = 107

Lower Bound 1 = 88
Lower Bound 2 = 76
Avaliação = 1.21591

Tempo de execução: 60.0005s

---------------------------

Largura da faixa = 72
Melhor altura = 105

Lower Bound 1 = 88
Lower Bound 2 = 76
Avaliação = 1.19318

Tempo de execução: 60.0001s

---------------------------

Largura da faixa = 72
Melhor altura = 107

Lower Bound 1 = 88
Lower Bound 2 = 76
Avaliação = 1.21591

Tempo de execução: 60s

---------------------------

Largura da faixa = 72
Melhor altura = 106

Lower Bound 1 = 88
Lower Bound 2 = 76
Avaliação = 1.20455

Tempo de execução: 60.0002s

---------------------------

Largura da faixa = 72
Melhor altura = 107

Lower Bound 1 = 88
Lower Bound 2 = 76
Avaliação = 1.21591

Tempo de execução: 60.0008s

---------------------------

Largura da faixa = 72
Melhor altura = 107

Lower Bound 1 = 88
Lower Bound 2 = 76
Avaliação = 1.21591

Tempo de execução: 60.0002s

---------------------------

Largura da faixa = 72
Melhor altura = 107

Lower Bound 1 = 88
Lower Bound 2 = 76
Avaliação = 1.21591

Tempo de execução: 60.0006s

---------------------------

Largura da faixa = 72
Melhor altura = 106

Lower Bound 1 = 88
Lower Bound 2 = 76
Avaliação = 1.20455

Tempo de execução: 60.0006s

---------------------------

Largura da faixa = 72
Melhor altura = 103

Lower Bound 1 = 88
Lower Bound 2 = 76
Avaliação = 1.17045

Tempo de execução: 60.0002s

---------------------------

Largura da faixa = 72
Melhor altura = 106

Lower Bound 1 = 88
Lower Bound 2 = 76
Avaliação = 1.20455

Tempo de execução: 60.0002s

---------------------------

Largura da faixa = 72
Melhor altura = 107

Lower Bound 1 = 88
Lower Bound 2 = 76
Avaliação = 1.21591

Tempo de execução: 60.0009s

---------------------------

Largura da faixa = 72
Melhor altura = 107

Lower Bound 1 = 88
Lower Bound 2 = 76
Avaliação = 1.21591

Tempo de execução: 60.0006s

---------------------------

Largura da faixa = 72
Melhor altura = 103

Lower Bound 1 = 88
Lower Bound 2 = 76
Avaliação = 1.17045

Tempo de execução: 60.0006s

---------------------------

Largura da faixa = 72
Melhor altura = 107

Lower Bound 1 = 88
Lower Bound 2 = 76
Avaliação = 1.21591

Tempo de execução: 60.0002s

---------------------------

Largura da faixa = 72
Melhor altura = 107

Lower Bound 1 = 88
Lower Bound 2 = 76
Avaliação = 1.21591

Tempo de execução: 60.0002s

---------------------------

Largura da faixa = 72
Melhor altura = 107

Lower Bound 1 = 88
Lower Bound 2 = 76
Avaliação = 1.21591

Tempo de execução: 60.0001s

---------------------------

