Largura da faixa = 74
Melhor altura = 157

Lower Bound 1 = 135
Lower Bound 2 = 126
Avaliação = 1.16296

Tempo de execução: 60.0003s

---------------------------

Largura da faixa = 74
Melhor altura = 155

Lower Bound 1 = 135
Lower Bound 2 = 126
Avaliação = 1.14815

Tempo de execução: 60.0003s

---------------------------

Largura da faixa = 74
Melhor altura = 158

Lower Bound 1 = 135
Lower Bound 2 = 126
Avaliação = 1.17037

Tempo de execução: 60.0002s

---------------------------

Largura da faixa = 74
Melhor altura = 156

Lower Bound 1 = 135
Lower Bound 2 = 126
Avaliação = 1.15556

Tempo de execução: 60.0001s

---------------------------

Largura da faixa = 74
Melhor altura = 157

Lower Bound 1 = 135
Lower Bound 2 = 126
Avaliação = 1.16296

Tempo de execução: 60.0006s

---------------------------

Largura da faixa = 74
Melhor altura = 158

Lower Bound 1 = 135
Lower Bound 2 = 126
Avaliação = 1.17037

Tempo de execução: 60s

---------------------------

Largura da faixa = 74
Melhor altura = 157

Lower Bound 1 = 135
Lower Bound 2 = 126
Avaliação = 1.16296

Tempo de execução: 60.0002s

---------------------------

Largura da faixa = 74
Melhor altura = 155

Lower Bound 1 = 135
Lower Bound 2 = 126
Avaliação = 1.14815

Tempo de execução: 60.0002s

---------------------------

Largura da faixa = 74
Melhor altura = 157

Lower Bound 1 = 135
Lower Bound 2 = 126
Avaliação = 1.16296

Tempo de execução: 60.0015s

---------------------------

Largura da faixa = 74
Melhor altura = 157

Lower Bound 1 = 135
Lower Bound 2 = 126
Avaliação = 1.16296

Tempo de execução: 60.0002s

---------------------------

Largura da faixa = 74
Melhor altura = 156

Lower Bound 1 = 135
Lower Bound 2 = 126
Avaliação = 1.15556

Tempo de execução: 60s

---------------------------

Largura da faixa = 74
Melhor altura = 158

Lower Bound 1 = 135
Lower Bound 2 = 126
Avaliação = 1.17037

Tempo de execução: 60.0017s

---------------------------

Largura da faixa = 74
Melhor altura = 158

Lower Bound 1 = 135
Lower Bound 2 = 126
Avaliação = 1.17037

Tempo de execução: 60.0001s

---------------------------

Largura da faixa = 74
Melhor altura = 158

Lower Bound 1 = 135
Lower Bound 2 = 126
Avaliação = 1.17037

Tempo de execução: 60.0004s

---------------------------

Largura da faixa = 74
Melhor altura = 157

Lower Bound 1 = 135
Lower Bound 2 = 126
Avaliação = 1.16296

Tempo de execução: 60.0007s

---------------------------

Largura da faixa = 74
Melhor altura = 158

Lower Bound 1 = 135
Lower Bound 2 = 126
Avaliação = 1.17037

Tempo de execução: 60s

---------------------------

Largura da faixa = 74
Melhor altura = 157

Lower Bound 1 = 135
Lower Bound 2 = 126
Avaliação = 1.16296

Tempo de execução: 60.0006s

---------------------------

Largura da faixa = 74
Melhor altura = 158

Lower Bound 1 = 135
Lower Bound 2 = 126
Avaliação = 1.17037

Tempo de execução: 60.0011s

---------------------------

Largura da faixa = 74
Melhor altura = 157

Lower Bound 1 = 135
Lower Bound 2 = 126
Avaliação = 1.16296

Tempo de execução: 60.0003s

---------------------------

Largura da faixa = 74
Melhor altura = 158

Lower Bound 1 = 135
Lower Bound 2 = 126
Avaliação = 1.17037

Tempo de execução: 60.0007s

---------------------------

