Largura da faixa = 50
Melhor altura = 140

Lower Bound 1 = 100
Lower Bound 2 = 119
Avaliação = 1.17647

Tempo de execução: 60.0002s

---------------------------

Largura da faixa = 50
Melhor altura = 140

Lower Bound 1 = 100
Lower Bound 2 = 119
Avaliação = 1.17647

Tempo de execução: 60.0009s

---------------------------

Largura da faixa = 50
Melhor altura = 140

Lower Bound 1 = 100
Lower Bound 2 = 119
Avaliação = 1.17647

Tempo de execução: 60.0015s

---------------------------

Largura da faixa = 50
Melhor altura = 140

Lower Bound 1 = 100
Lower Bound 2 = 119
Avaliação = 1.17647

Tempo de execução: 60s

---------------------------

Largura da faixa = 50
Melhor altura = 140

Lower Bound 1 = 100
Lower Bound 2 = 119
Avaliação = 1.17647

Tempo de execução: 60.0007s

---------------------------

Largura da faixa = 50
Melhor altura = 140

Lower Bound 1 = 100
Lower Bound 2 = 119
Avaliação = 1.17647

Tempo de execução: 60.0022s

---------------------------

Largura da faixa = 50
Melhor altura = 140

Lower Bound 1 = 100
Lower Bound 2 = 119
Avaliação = 1.17647

Tempo de execução: 60.0007s

---------------------------

Largura da faixa = 50
Melhor altura = 140

Lower Bound 1 = 100
Lower Bound 2 = 119
Avaliação = 1.17647

Tempo de execução: 60.0006s

---------------------------

Largura da faixa = 50
Melhor altura = 140

Lower Bound 1 = 100
Lower Bound 2 = 119
Avaliação = 1.17647

Tempo de execução: 60.0005s

---------------------------

Largura da faixa = 50
Melhor altura = 140

Lower Bound 1 = 100
Lower Bound 2 = 119
Avaliação = 1.17647

Tempo de execução: 60s

---------------------------

Largura da faixa = 50
Melhor altura = 140

Lower Bound 1 = 100
Lower Bound 2 = 119
Avaliação = 1.17647

Tempo de execução: 60.0006s

---------------------------

Largura da faixa = 50
Melhor altura = 140

Lower Bound 1 = 100
Lower Bound 2 = 119
Avaliação = 1.17647

Tempo de execução: 60.0018s

---------------------------

Largura da faixa = 50
Melhor altura = 140

Lower Bound 1 = 100
Lower Bound 2 = 119
Avaliação = 1.17647

Tempo de execução: 60.0001s

---------------------------

Largura da faixa = 50
Melhor altura = 140

Lower Bound 1 = 100
Lower Bound 2 = 119
Avaliação = 1.17647

Tempo de execução: 60.0001s

---------------------------

Largura da faixa = 50
Melhor altura = 140

Lower Bound 1 = 100
Lower Bound 2 = 119
Avaliação = 1.17647

Tempo de execução: 60s

---------------------------

Largura da faixa = 50
Melhor altura = 140

Lower Bound 1 = 100
Lower Bound 2 = 119
Avaliação = 1.17647

Tempo de execução: 60.0002s

---------------------------

Largura da faixa = 50
Melhor altura = 140

Lower Bound 1 = 100
Lower Bound 2 = 119
Avaliação = 1.17647

Tempo de execução: 60.002s

---------------------------

Largura da faixa = 50
Melhor altura = 140

Lower Bound 1 = 100
Lower Bound 2 = 119
Avaliação = 1.17647

Tempo de execução: 60.0017s

---------------------------

Largura da faixa = 50
Melhor altura = 140

Lower Bound 1 = 100
Lower Bound 2 = 119
Avaliação = 1.17647

Tempo de execução: 60.0003s

---------------------------

Largura da faixa = 50
Melhor altura = 140

Lower Bound 1 = 100
Lower Bound 2 = 119
Avaliação = 1.17647

Tempo de execução: 60.0009s

---------------------------

