Largura da faixa = 82
Melhor altura = 121

Lower Bound 1 = 97
Lower Bound 2 = 82
Avaliação = 1.24742

Tempo de execução: 60.0017s

---------------------------

Largura da faixa = 82
Melhor altura = 115

Lower Bound 1 = 97
Lower Bound 2 = 82
Avaliação = 1.18557

Tempo de execução: 60.0006s

---------------------------

Largura da faixa = 82
Melhor altura = 113

Lower Bound 1 = 97
Lower Bound 2 = 82
Avaliação = 1.16495

Tempo de execução: 60.0033s

---------------------------

Largura da faixa = 82
Melhor altura = 118

Lower Bound 1 = 97
Lower Bound 2 = 82
Avaliação = 1.21649

Tempo de execução: 60.0002s

---------------------------

Largura da faixa = 82
Melhor altura = 114

Lower Bound 1 = 97
Lower Bound 2 = 82
Avaliação = 1.17526

Tempo de execução: 60.002s

---------------------------

Largura da faixa = 82
Melhor altura = 118

Lower Bound 1 = 97
Lower Bound 2 = 82
Avaliação = 1.21649

Tempo de execução: 60.0018s

---------------------------

Largura da faixa = 82
Melhor altura = 111

Lower Bound 1 = 97
Lower Bound 2 = 82
Avaliação = 1.14433

Tempo de execução: 60.0011s

---------------------------

Largura da faixa = 82
Melhor altura = 117

Lower Bound 1 = 97
Lower Bound 2 = 82
Avaliação = 1.20619

Tempo de execução: 60.0011s

---------------------------

Largura da faixa = 82
Melhor altura = 110

Lower Bound 1 = 97
Lower Bound 2 = 82
Avaliação = 1.13402

Tempo de execução: 60.0029s

---------------------------

Largura da faixa = 82
Melhor altura = 115

Lower Bound 1 = 97
Lower Bound 2 = 82
Avaliação = 1.18557

Tempo de execução: 60.0001s

---------------------------

Largura da faixa = 82
Melhor altura = 117

Lower Bound 1 = 97
Lower Bound 2 = 82
Avaliação = 1.20619

Tempo de execução: 60.0003s

---------------------------

Largura da faixa = 82
Melhor altura = 117

Lower Bound 1 = 97
Lower Bound 2 = 82
Avaliação = 1.20619

Tempo de execução: 60.0027s

---------------------------

Largura da faixa = 82
Melhor altura = 124

Lower Bound 1 = 97
Lower Bound 2 = 82
Avaliação = 1.27835

Tempo de execução: 60.001s

---------------------------

Largura da faixa = 82
Melhor altura = 113

Lower Bound 1 = 97
Lower Bound 2 = 82
Avaliação = 1.16495

Tempo de execução: 60.0007s

---------------------------

Largura da faixa = 82
Melhor altura = 122

Lower Bound 1 = 97
Lower Bound 2 = 82
Avaliação = 1.25773

Tempo de execução: 60.0031s

---------------------------

Largura da faixa = 82
Melhor altura = 116

Lower Bound 1 = 97
Lower Bound 2 = 82
Avaliação = 1.19588

Tempo de execução: 60.0002s

---------------------------

Largura da faixa = 82
Melhor altura = 120

Lower Bound 1 = 97
Lower Bound 2 = 82
Avaliação = 1.23711

Tempo de execução: 60.0031s

---------------------------

Largura da faixa = 82
Melhor altura = 110

Lower Bound 1 = 97
Lower Bound 2 = 82
Avaliação = 1.13402

Tempo de execução: 60.0043s

---------------------------

Largura da faixa = 82
Melhor altura = 115

Lower Bound 1 = 97
Lower Bound 2 = 82
Avaliação = 1.18557

Tempo de execução: 60.0005s

---------------------------

Largura da faixa = 82
Melhor altura = 111

Lower Bound 1 = 97
Lower Bound 2 = 82
Avaliação = 1.14433

Tempo de execução: 60.0034s

---------------------------

