Largura da faixa = 50
Melhor altura = 203

Lower Bound 1 = 160
Lower Bound 2 = 131
Avaliação = 1.26875

Tempo de execução: 60.0009s

---------------------------

Largura da faixa = 50
Melhor altura = 201

Lower Bound 1 = 160
Lower Bound 2 = 131
Avaliação = 1.25625

Tempo de execução: 60.0007s

---------------------------

Largura da faixa = 50
Melhor altura = 199

Lower Bound 1 = 160
Lower Bound 2 = 131
Avaliação = 1.24375

Tempo de execução: 60.0001s

---------------------------

Largura da faixa = 50
Melhor altura = 202

Lower Bound 1 = 160
Lower Bound 2 = 131
Avaliação = 1.2625

Tempo de execução: 60.0012s

---------------------------

Largura da faixa = 50
Melhor altura = 193

Lower Bound 1 = 160
Lower Bound 2 = 131
Avaliação = 1.20625

Tempo de execução: 60.0061s

---------------------------

Largura da faixa = 50
Melhor altura = 200

Lower Bound 1 = 160
Lower Bound 2 = 131
Avaliação = 1.25

Tempo de execução: 60.0054s

---------------------------

Largura da faixa = 50
Melhor altura = 197

Lower Bound 1 = 160
Lower Bound 2 = 131
Avaliação = 1.23125

Tempo de execução: 60.0022s

---------------------------

Largura da faixa = 50
Melhor altura = 198

Lower Bound 1 = 160
Lower Bound 2 = 131
Avaliação = 1.2375

Tempo de execução: 60.0031s

---------------------------

Largura da faixa = 50
Melhor altura = 200

Lower Bound 1 = 160
Lower Bound 2 = 131
Avaliação = 1.25

Tempo de execução: 60.0029s

---------------------------

Largura da faixa = 50
Melhor altura = 195

Lower Bound 1 = 160
Lower Bound 2 = 131
Avaliação = 1.21875

Tempo de execução: 60.0013s

---------------------------

Largura da faixa = 50
Melhor altura = 196

Lower Bound 1 = 160
Lower Bound 2 = 131
Avaliação = 1.225

Tempo de execução: 60.0009s

---------------------------

Largura da faixa = 50
Melhor altura = 201

Lower Bound 1 = 160
Lower Bound 2 = 131
Avaliação = 1.25625

Tempo de execução: 60.0009s

---------------------------

Largura da faixa = 50
Melhor altura = 196

Lower Bound 1 = 160
Lower Bound 2 = 131
Avaliação = 1.225

Tempo de execução: 60.0006s

---------------------------

Largura da faixa = 50
Melhor altura = 200

Lower Bound 1 = 160
Lower Bound 2 = 131
Avaliação = 1.25

Tempo de execução: 60.001s

---------------------------

Largura da faixa = 50
Melhor altura = 198

Lower Bound 1 = 160
Lower Bound 2 = 131
Avaliação = 1.2375

Tempo de execução: 60.0028s

---------------------------

Largura da faixa = 50
Melhor altura = 200

Lower Bound 1 = 160
Lower Bound 2 = 131
Avaliação = 1.25

Tempo de execução: 60.001s

---------------------------

Largura da faixa = 50
Melhor altura = 200

Lower Bound 1 = 160
Lower Bound 2 = 131
Avaliação = 1.25

Tempo de execução: 60.004s

---------------------------

Largura da faixa = 50
Melhor altura = 200

Lower Bound 1 = 160
Lower Bound 2 = 131
Avaliação = 1.25

Tempo de execução: 60.0052s

---------------------------

Largura da faixa = 50
Melhor altura = 196

Lower Bound 1 = 160
Lower Bound 2 = 131
Avaliação = 1.225

Tempo de execução: 60.0024s

---------------------------

Largura da faixa = 50
Melhor altura = 200

Lower Bound 1 = 160
Lower Bound 2 = 131
Avaliação = 1.25

Tempo de execução: 60.0007s

---------------------------

