Largura da faixa = 54
Melhor altura = 185

Lower Bound 1 = 138
Lower Bound 2 = 139
Avaliação = 1.33094

Tempo de execução: 60.0015s

---------------------------

Largura da faixa = 54
Melhor altura = 177

Lower Bound 1 = 138
Lower Bound 2 = 139
Avaliação = 1.27338

Tempo de execução: 60.0001s

---------------------------

Largura da faixa = 54
Melhor altura = 182

Lower Bound 1 = 138
Lower Bound 2 = 139
Avaliação = 1.30935

Tempo de execução: 60.0042s

---------------------------

Largura da faixa = 54
Melhor altura = 181

Lower Bound 1 = 138
Lower Bound 2 = 139
Avaliação = 1.30216

Tempo de execução: 60.0026s

---------------------------

Largura da faixa = 54
Melhor altura = 180

Lower Bound 1 = 138
Lower Bound 2 = 139
Avaliação = 1.29496

Tempo de execução: 60.0019s

---------------------------

Largura da faixa = 54
Melhor altura = 180

Lower Bound 1 = 138
Lower Bound 2 = 139
Avaliação = 1.29496

Tempo de execução: 60.0034s

---------------------------

Largura da faixa = 54
Melhor altura = 178

Lower Bound 1 = 138
Lower Bound 2 = 139
Avaliação = 1.28058

Tempo de execução: 60.0046s

---------------------------

Largura da faixa = 54
Melhor altura = 178

Lower Bound 1 = 138
Lower Bound 2 = 139
Avaliação = 1.28058

Tempo de execução: 60.0043s

---------------------------

Largura da faixa = 54
Melhor altura = 177

Lower Bound 1 = 138
Lower Bound 2 = 139
Avaliação = 1.27338

Tempo de execução: 60.0054s

---------------------------

Largura da faixa = 54
Melhor altura = 177

Lower Bound 1 = 138
Lower Bound 2 = 139
Avaliação = 1.27338

Tempo de execução: 60.0008s

---------------------------

Largura da faixa = 54
Melhor altura = 174

Lower Bound 1 = 138
Lower Bound 2 = 139
Avaliação = 1.2518

Tempo de execução: 60.0015s

---------------------------

Largura da faixa = 54
Melhor altura = 175

Lower Bound 1 = 138
Lower Bound 2 = 139
Avaliação = 1.25899

Tempo de execução: 60.0052s

---------------------------

Largura da faixa = 54
Melhor altura = 176

Lower Bound 1 = 138
Lower Bound 2 = 139
Avaliação = 1.26619

Tempo de execução: 60.0014s

---------------------------

Largura da faixa = 54
Melhor altura = 176

Lower Bound 1 = 138
Lower Bound 2 = 139
Avaliação = 1.26619

Tempo de execução: 60.0018s

---------------------------

Largura da faixa = 54
Melhor altura = 175

Lower Bound 1 = 138
Lower Bound 2 = 139
Avaliação = 1.25899

Tempo de execução: 60.0026s

---------------------------

Largura da faixa = 54
Melhor altura = 183

Lower Bound 1 = 138
Lower Bound 2 = 139
Avaliação = 1.31655

Tempo de execução: 60.0029s

---------------------------

Largura da faixa = 54
Melhor altura = 176

Lower Bound 1 = 138
Lower Bound 2 = 139
Avaliação = 1.26619

Tempo de execução: 60.0011s

---------------------------

Largura da faixa = 54
Melhor altura = 180

Lower Bound 1 = 138
Lower Bound 2 = 139
Avaliação = 1.29496

Tempo de execução: 60.0035s

---------------------------

Largura da faixa = 54
Melhor altura = 179

Lower Bound 1 = 138
Lower Bound 2 = 139
Avaliação = 1.28777

Tempo de execução: 60.0007s

---------------------------

Largura da faixa = 54
Melhor altura = 181

Lower Bound 1 = 138
Lower Bound 2 = 139
Avaliação = 1.30216

Tempo de execução: 60.0037s

---------------------------

