Largura da faixa = 8
Melhor altura = 33

Lower Bound 1 = 28
Lower Bound 2 = 19
Avaliação = 1.17857

Tempo de execução: 60s

---------------------------

Largura da faixa = 8
Melhor altura = 33

Lower Bound 1 = 28
Lower Bound 2 = 19
Avaliação = 1.17857

Tempo de execução: 60s

---------------------------

Largura da faixa = 8
Melhor altura = 33

Lower Bound 1 = 28
Lower Bound 2 = 19
Avaliação = 1.17857

Tempo de execução: 60s

---------------------------

Largura da faixa = 8
Melhor altura = 33

Lower Bound 1 = 28
Lower Bound 2 = 19
Avaliação = 1.17857

Tempo de execução: 60s

---------------------------

Largura da faixa = 8
Melhor altura = 33

Lower Bound 1 = 28
Lower Bound 2 = 19
Avaliação = 1.17857

Tempo de execução: 60s

---------------------------

Largura da faixa = 8
Melhor altura = 33

Lower Bound 1 = 28
Lower Bound 2 = 19
Avaliação = 1.17857

Tempo de execução: 60s

---------------------------

Largura da faixa = 8
Melhor altura = 33

Lower Bound 1 = 28
Lower Bound 2 = 19
Avaliação = 1.17857

Tempo de execução: 60s

---------------------------

Largura da faixa = 8
Melhor altura = 33

Lower Bound 1 = 28
Lower Bound 2 = 19
Avaliação = 1.17857

Tempo de execução: 60s

---------------------------

Largura da faixa = 8
Melhor altura = 33

Lower Bound 1 = 28
Lower Bound 2 = 19
Avaliação = 1.17857

Tempo de execução: 60s

---------------------------

Largura da faixa = 8
Melhor altura = 33

Lower Bound 1 = 28
Lower Bound 2 = 19
Avaliação = 1.17857

Tempo de execução: 60s

---------------------------

Largura da faixa = 8
Melhor altura = 33

Lower Bound 1 = 28
Lower Bound 2 = 19
Avaliação = 1.17857

Tempo de execução: 60s

---------------------------

Largura da faixa = 8
Melhor altura = 33

Lower Bound 1 = 28
Lower Bound 2 = 19
Avaliação = 1.17857

Tempo de execução: 60s

---------------------------

Largura da faixa = 8
Melhor altura = 33

Lower Bound 1 = 28
Lower Bound 2 = 19
Avaliação = 1.17857

Tempo de execução: 60s

---------------------------

Largura da faixa = 8
Melhor altura = 33

Lower Bound 1 = 28
Lower Bound 2 = 19
Avaliação = 1.17857

Tempo de execução: 60s

---------------------------

Largura da faixa = 8
Melhor altura = 33

Lower Bound 1 = 28
Lower Bound 2 = 19
Avaliação = 1.17857

Tempo de execução: 60s

---------------------------

Largura da faixa = 8
Melhor altura = 33

Lower Bound 1 = 28
Lower Bound 2 = 19
Avaliação = 1.17857

Tempo de execução: 60s

---------------------------

Largura da faixa = 8
Melhor altura = 33

Lower Bound 1 = 28
Lower Bound 2 = 19
Avaliação = 1.17857

Tempo de execução: 60s

---------------------------

Largura da faixa = 8
Melhor altura = 33

Lower Bound 1 = 28
Lower Bound 2 = 19
Avaliação = 1.17857

Tempo de execução: 60s

---------------------------

Largura da faixa = 8
Melhor altura = 33

Lower Bound 1 = 28
Lower Bound 2 = 19
Avaliação = 1.17857

Tempo de execução: 60s

---------------------------

Largura da faixa = 8
Melhor altura = 33

Lower Bound 1 = 28
Lower Bound 2 = 19
Avaliação = 1.17857

Tempo de execução: 60s

---------------------------

