Largura da faixa = 43
Melhor altura = 1285

Lower Bound 1 = 1034
Lower Bound 2 = 1023
Avaliação = 1.24275

Tempo de execução: 60.0002s

---------------------------

Largura da faixa = 43
Melhor altura = 1285

Lower Bound 1 = 1034
Lower Bound 2 = 1023
Avaliação = 1.24275

Tempo de execução: 60.0001s

---------------------------

Largura da faixa = 43
Melhor altura = 1285

Lower Bound 1 = 1034
Lower Bound 2 = 1023
Avaliação = 1.24275

Tempo de execução: 60.0002s

---------------------------

Largura da faixa = 43
Melhor altura = 1285

Lower Bound 1 = 1034
Lower Bound 2 = 1023
Avaliação = 1.24275

Tempo de execução: 60.0004s

---------------------------

Largura da faixa = 43
Melhor altura = 1285

Lower Bound 1 = 1034
Lower Bound 2 = 1023
Avaliação = 1.24275

Tempo de execução: 60.0002s

---------------------------

Largura da faixa = 43
Melhor altura = 1285

Lower Bound 1 = 1034
Lower Bound 2 = 1023
Avaliação = 1.24275

Tempo de execução: 60.0005s

---------------------------

Largura da faixa = 43
Melhor altura = 1295

Lower Bound 1 = 1034
Lower Bound 2 = 1023
Avaliação = 1.25242

Tempo de execução: 60s

---------------------------

Largura da faixa = 43
Melhor altura = 1285

Lower Bound 1 = 1034
Lower Bound 2 = 1023
Avaliação = 1.24275

Tempo de execução: 60.0001s

---------------------------

Largura da faixa = 43
Melhor altura = 1285

Lower Bound 1 = 1034
Lower Bound 2 = 1023
Avaliação = 1.24275

Tempo de execução: 60.0001s

---------------------------

Largura da faixa = 43
Melhor altura = 1285

Lower Bound 1 = 1034
Lower Bound 2 = 1023
Avaliação = 1.24275

Tempo de execução: 60s

---------------------------

Largura da faixa = 43
Melhor altura = 1285

Lower Bound 1 = 1034
Lower Bound 2 = 1023
Avaliação = 1.24275

Tempo de execução: 60s

---------------------------

Largura da faixa = 43
Melhor altura = 1285

Lower Bound 1 = 1034
Lower Bound 2 = 1023
Avaliação = 1.24275

Tempo de execução: 60.0003s

---------------------------

Largura da faixa = 43
Melhor altura = 1289

Lower Bound 1 = 1034
Lower Bound 2 = 1023
Avaliação = 1.24662

Tempo de execução: 60.0001s

---------------------------

Largura da faixa = 43
Melhor altura = 1285

Lower Bound 1 = 1034
Lower Bound 2 = 1023
Avaliação = 1.24275

Tempo de execução: 60.0002s

---------------------------

Largura da faixa = 43
Melhor altura = 1289

Lower Bound 1 = 1034
Lower Bound 2 = 1023
Avaliação = 1.24662

Tempo de execução: 60.0001s

---------------------------

Largura da faixa = 43
Melhor altura = 1285

Lower Bound 1 = 1034
Lower Bound 2 = 1023
Avaliação = 1.24275

Tempo de execução: 60.0002s

---------------------------

Largura da faixa = 43
Melhor altura = 1291

Lower Bound 1 = 1034
Lower Bound 2 = 1023
Avaliação = 1.24855

Tempo de execução: 60.0001s

---------------------------

Largura da faixa = 43
Melhor altura = 1285

Lower Bound 1 = 1034
Lower Bound 2 = 1023
Avaliação = 1.24275

Tempo de execução: 60.0004s

---------------------------

Largura da faixa = 43
Melhor altura = 1285

Lower Bound 1 = 1034
Lower Bound 2 = 1023
Avaliação = 1.24275

Tempo de execução: 60s

---------------------------

Largura da faixa = 43
Melhor altura = 1285

Lower Bound 1 = 1034
Lower Bound 2 = 1023
Avaliação = 1.24275

Tempo de execução: 60.0004s

---------------------------

