Largura da faixa = 35
Melhor altura = 153

Lower Bound 1 = 124
Lower Bound 2 = 117
Avaliação = 1.23387

Tempo de execução: 60s

---------------------------

Largura da faixa = 35
Melhor altura = 155

Lower Bound 1 = 124
Lower Bound 2 = 117
Avaliação = 1.25

Tempo de execução: 60.0001s

---------------------------

Largura da faixa = 35
Melhor altura = 155

Lower Bound 1 = 124
Lower Bound 2 = 117
Avaliação = 1.25

Tempo de execução: 60.0002s

---------------------------

Largura da faixa = 35
Melhor altura = 155

Lower Bound 1 = 124
Lower Bound 2 = 117
Avaliação = 1.25

Tempo de execução: 60s

---------------------------

Largura da faixa = 35
Melhor altura = 155

Lower Bound 1 = 124
Lower Bound 2 = 117
Avaliação = 1.25

Tempo de execução: 60.0001s

---------------------------

Largura da faixa = 35
Melhor altura = 155

Lower Bound 1 = 124
Lower Bound 2 = 117
Avaliação = 1.25

Tempo de execução: 60.0001s

---------------------------

Largura da faixa = 35
Melhor altura = 153

Lower Bound 1 = 124
Lower Bound 2 = 117
Avaliação = 1.23387

Tempo de execução: 60.0001s

---------------------------

Largura da faixa = 35
Melhor altura = 155

Lower Bound 1 = 124
Lower Bound 2 = 117
Avaliação = 1.25

Tempo de execução: 60s

---------------------------

Largura da faixa = 35
Melhor altura = 153

Lower Bound 1 = 124
Lower Bound 2 = 117
Avaliação = 1.23387

Tempo de execução: 60.0002s

---------------------------

Largura da faixa = 35
Melhor altura = 155

Lower Bound 1 = 124
Lower Bound 2 = 117
Avaliação = 1.25

Tempo de execução: 60s

---------------------------

Largura da faixa = 35
Melhor altura = 153

Lower Bound 1 = 124
Lower Bound 2 = 117
Avaliação = 1.23387

Tempo de execução: 60.0001s

---------------------------

Largura da faixa = 35
Melhor altura = 155

Lower Bound 1 = 124
Lower Bound 2 = 117
Avaliação = 1.25

Tempo de execução: 60.0001s

---------------------------

Largura da faixa = 35
Melhor altura = 155

Lower Bound 1 = 124
Lower Bound 2 = 117
Avaliação = 1.25

Tempo de execução: 60s

---------------------------

Largura da faixa = 35
Melhor altura = 155

Lower Bound 1 = 124
Lower Bound 2 = 117
Avaliação = 1.25

Tempo de execução: 60.0002s

---------------------------

Largura da faixa = 35
Melhor altura = 155

Lower Bound 1 = 124
Lower Bound 2 = 117
Avaliação = 1.25

Tempo de execução: 60.0001s

---------------------------

Largura da faixa = 35
Melhor altura = 155

Lower Bound 1 = 124
Lower Bound 2 = 117
Avaliação = 1.25

Tempo de execução: 60.0001s

---------------------------

Largura da faixa = 35
Melhor altura = 155

Lower Bound 1 = 124
Lower Bound 2 = 117
Avaliação = 1.25

Tempo de execução: 60s

---------------------------

Largura da faixa = 35
Melhor altura = 153

Lower Bound 1 = 124
Lower Bound 2 = 117
Avaliação = 1.23387

Tempo de execução: 60.0001s

---------------------------

Largura da faixa = 35
Melhor altura = 155

Lower Bound 1 = 124
Lower Bound 2 = 117
Avaliação = 1.25

Tempo de execução: 60s

---------------------------

Largura da faixa = 35
Melhor altura = 153

Lower Bound 1 = 124
Lower Bound 2 = 117
Avaliação = 1.23387

Tempo de execução: 60s

---------------------------

