Largura da faixa = 12
Melhor altura = 41

Lower Bound 1 = 33
Lower Bound 2 = 37
Avaliação = 1.10811

Tempo de execução: 60.0001s

---------------------------

Largura da faixa = 12
Melhor altura = 41

Lower Bound 1 = 33
Lower Bound 2 = 37
Avaliação = 1.10811

Tempo de execução: 60s

---------------------------

Largura da faixa = 12
Melhor altura = 41

Lower Bound 1 = 33
Lower Bound 2 = 37
Avaliação = 1.10811

Tempo de execução: 60s

---------------------------

Largura da faixa = 12
Melhor altura = 41

Lower Bound 1 = 33
Lower Bound 2 = 37
Avaliação = 1.10811

Tempo de execução: 60s

---------------------------

Largura da faixa = 12
Melhor altura = 41

Lower Bound 1 = 33
Lower Bound 2 = 37
Avaliação = 1.10811

Tempo de execução: 60s

---------------------------

Largura da faixa = 12
Melhor altura = 41

Lower Bound 1 = 33
Lower Bound 2 = 37
Avaliação = 1.10811

Tempo de execução: 60s

---------------------------

Largura da faixa = 12
Melhor altura = 41

Lower Bound 1 = 33
Lower Bound 2 = 37
Avaliação = 1.10811

Tempo de execução: 60s

---------------------------

Largura da faixa = 12
Melhor altura = 41

Lower Bound 1 = 33
Lower Bound 2 = 37
Avaliação = 1.10811

Tempo de execução: 60s

---------------------------

Largura da faixa = 12
Melhor altura = 41

Lower Bound 1 = 33
Lower Bound 2 = 37
Avaliação = 1.10811

Tempo de execução: 60.0001s

---------------------------

Largura da faixa = 12
Melhor altura = 41

Lower Bound 1 = 33
Lower Bound 2 = 37
Avaliação = 1.10811

Tempo de execução: 60s

---------------------------

Largura da faixa = 12
Melhor altura = 41

Lower Bound 1 = 33
Lower Bound 2 = 37
Avaliação = 1.10811

Tempo de execução: 60s

---------------------------

Largura da faixa = 12
Melhor altura = 41

Lower Bound 1 = 33
Lower Bound 2 = 37
Avaliação = 1.10811

Tempo de execução: 60s

---------------------------

Largura da faixa = 12
Melhor altura = 41

Lower Bound 1 = 33
Lower Bound 2 = 37
Avaliação = 1.10811

Tempo de execução: 60s

---------------------------

Largura da faixa = 12
Melhor altura = 41

Lower Bound 1 = 33
Lower Bound 2 = 37
Avaliação = 1.10811

Tempo de execução: 60s

---------------------------

Largura da faixa = 12
Melhor altura = 41

Lower Bound 1 = 33
Lower Bound 2 = 37
Avaliação = 1.10811

Tempo de execução: 60s

---------------------------

Largura da faixa = 12
Melhor altura = 41

Lower Bound 1 = 33
Lower Bound 2 = 37
Avaliação = 1.10811

Tempo de execução: 60s

---------------------------

Largura da faixa = 12
Melhor altura = 41

Lower Bound 1 = 33
Lower Bound 2 = 37
Avaliação = 1.10811

Tempo de execução: 60s

---------------------------

Largura da faixa = 12
Melhor altura = 41

Lower Bound 1 = 33
Lower Bound 2 = 37
Avaliação = 1.10811

Tempo de execução: 60s

---------------------------

Largura da faixa = 12
Melhor altura = 41

Lower Bound 1 = 33
Lower Bound 2 = 37
Avaliação = 1.10811

Tempo de execução: 60s

---------------------------

Largura da faixa = 12
Melhor altura = 41

Lower Bound 1 = 33
Lower Bound 2 = 37
Avaliação = 1.10811

Tempo de execução: 60s

---------------------------

