Largura da faixa = 14
Melhor altura = 31

Lower Bound 1 = 28
Lower Bound 2 = 23
Avaliação = 1.10714

Tempo de execução: 60s

---------------------------

Largura da faixa = 14
Melhor altura = 31

Lower Bound 1 = 28
Lower Bound 2 = 23
Avaliação = 1.10714

Tempo de execução: 60s

---------------------------

Largura da faixa = 14
Melhor altura = 31

Lower Bound 1 = 28
Lower Bound 2 = 23
Avaliação = 1.10714

Tempo de execução: 60s

---------------------------

Largura da faixa = 14
Melhor altura = 31

Lower Bound 1 = 28
Lower Bound 2 = 23
Avaliação = 1.10714

Tempo de execução: 60s

---------------------------

Largura da faixa = 14
Melhor altura = 31

Lower Bound 1 = 28
Lower Bound 2 = 23
Avaliação = 1.10714

Tempo de execução: 60.0001s

---------------------------

Largura da faixa = 14
Melhor altura = 31

Lower Bound 1 = 28
Lower Bound 2 = 23
Avaliação = 1.10714

Tempo de execução: 60s

---------------------------

Largura da faixa = 14
Melhor altura = 31

Lower Bound 1 = 28
Lower Bound 2 = 23
Avaliação = 1.10714

Tempo de execução: 60s

---------------------------

Largura da faixa = 14
Melhor altura = 31

Lower Bound 1 = 28
Lower Bound 2 = 23
Avaliação = 1.10714

Tempo de execução: 60s

---------------------------

Largura da faixa = 14
Melhor altura = 31

Lower Bound 1 = 28
Lower Bound 2 = 23
Avaliação = 1.10714

Tempo de execução: 60.0001s

---------------------------

Largura da faixa = 14
Melhor altura = 31

Lower Bound 1 = 28
Lower Bound 2 = 23
Avaliação = 1.10714

Tempo de execução: 60s

---------------------------

Largura da faixa = 14
Melhor altura = 31

Lower Bound 1 = 28
Lower Bound 2 = 23
Avaliação = 1.10714

Tempo de execução: 60.0001s

---------------------------

Largura da faixa = 14
Melhor altura = 31

Lower Bound 1 = 28
Lower Bound 2 = 23
Avaliação = 1.10714

Tempo de execução: 60.0001s

---------------------------

Largura da faixa = 14
Melhor altura = 31

Lower Bound 1 = 28
Lower Bound 2 = 23
Avaliação = 1.10714

Tempo de execução: 60s

---------------------------

Largura da faixa = 14
Melhor altura = 31

Lower Bound 1 = 28
Lower Bound 2 = 23
Avaliação = 1.10714

Tempo de execução: 60s

---------------------------

Largura da faixa = 14
Melhor altura = 31

Lower Bound 1 = 28
Lower Bound 2 = 23
Avaliação = 1.10714

Tempo de execução: 60.0001s

---------------------------

Largura da faixa = 14
Melhor altura = 31

Lower Bound 1 = 28
Lower Bound 2 = 23
Avaliação = 1.10714

Tempo de execução: 60s

---------------------------

Largura da faixa = 14
Melhor altura = 31

Lower Bound 1 = 28
Lower Bound 2 = 23
Avaliação = 1.10714

Tempo de execução: 60s

---------------------------

Largura da faixa = 14
Melhor altura = 31

Lower Bound 1 = 28
Lower Bound 2 = 23
Avaliação = 1.10714

Tempo de execução: 60.0001s

---------------------------

Largura da faixa = 14
Melhor altura = 31

Lower Bound 1 = 28
Lower Bound 2 = 23
Avaliação = 1.10714

Tempo de execução: 60s

---------------------------

Largura da faixa = 14
Melhor altura = 31

Lower Bound 1 = 28
Lower Bound 2 = 23
Avaliação = 1.10714

Tempo de execução: 60s

---------------------------

