Largura da faixa = 13
Melhor altura = 48

Lower Bound 1 = 46
Lower Bound 2 = 13
Avaliação = 1.04348

Tempo de execução: 60s

---------------------------

Largura da faixa = 13
Melhor altura = 48

Lower Bound 1 = 46
Lower Bound 2 = 13
Avaliação = 1.04348

Tempo de execução: 60.0001s

---------------------------

Largura da faixa = 13
Melhor altura = 48

Lower Bound 1 = 46
Lower Bound 2 = 13
Avaliação = 1.04348

Tempo de execução: 60.0001s

---------------------------

Largura da faixa = 13
Melhor altura = 48

Lower Bound 1 = 46
Lower Bound 2 = 13
Avaliação = 1.04348

Tempo de execução: 60.0001s

---------------------------

Largura da faixa = 13
Melhor altura = 49

Lower Bound 1 = 46
Lower Bound 2 = 13
Avaliação = 1.06522

Tempo de execução: 60.0001s

---------------------------

Largura da faixa = 13
Melhor altura = 48

Lower Bound 1 = 46
Lower Bound 2 = 13
Avaliação = 1.04348

Tempo de execução: 60.0001s

---------------------------

Largura da faixa = 13
Melhor altura = 48

Lower Bound 1 = 46
Lower Bound 2 = 13
Avaliação = 1.04348

Tempo de execução: 60s

---------------------------

Largura da faixa = 13
Melhor altura = 48

Lower Bound 1 = 46
Lower Bound 2 = 13
Avaliação = 1.04348

Tempo de execução: 60s

---------------------------

Largura da faixa = 13
Melhor altura = 48

Lower Bound 1 = 46
Lower Bound 2 = 13
Avaliação = 1.04348

Tempo de execução: 60.0002s

---------------------------

Largura da faixa = 13
Melhor altura = 48

Lower Bound 1 = 46
Lower Bound 2 = 13
Avaliação = 1.04348

Tempo de execução: 60s

---------------------------

Largura da faixa = 13
Melhor altura = 48

Lower Bound 1 = 46
Lower Bound 2 = 13
Avaliação = 1.04348

Tempo de execução: 60.0001s

---------------------------

Largura da faixa = 13
Melhor altura = 48

Lower Bound 1 = 46
Lower Bound 2 = 13
Avaliação = 1.04348

Tempo de execução: 60s

---------------------------

Largura da faixa = 13
Melhor altura = 48

Lower Bound 1 = 46
Lower Bound 2 = 13
Avaliação = 1.04348

Tempo de execução: 60s

---------------------------

Largura da faixa = 13
Melhor altura = 48

Lower Bound 1 = 46
Lower Bound 2 = 13
Avaliação = 1.04348

Tempo de execução: 60.0002s

---------------------------

Largura da faixa = 13
Melhor altura = 48

Lower Bound 1 = 46
Lower Bound 2 = 13
Avaliação = 1.04348

Tempo de execução: 60.0003s

---------------------------

Largura da faixa = 13
Melhor altura = 48

Lower Bound 1 = 46
Lower Bound 2 = 13
Avaliação = 1.04348

Tempo de execução: 60.0002s

---------------------------

Largura da faixa = 13
Melhor altura = 48

Lower Bound 1 = 46
Lower Bound 2 = 13
Avaliação = 1.04348

Tempo de execução: 60s

---------------------------

Largura da faixa = 13
Melhor altura = 48

Lower Bound 1 = 46
Lower Bound 2 = 13
Avaliação = 1.04348

Tempo de execução: 60.0001s

---------------------------

Largura da faixa = 13
Melhor altura = 48

Lower Bound 1 = 46
Lower Bound 2 = 13
Avaliação = 1.04348

Tempo de execução: 60.0001s

---------------------------

Largura da faixa = 13
Melhor altura = 48

Lower Bound 1 = 46
Lower Bound 2 = 13
Avaliação = 1.04348

Tempo de execução: 60.0003s

---------------------------

