Largura da faixa = 16
Melhor altura = 39

Lower Bound 1 = 37
Lower Bound 2 = 16
Avaliação = 1.05405

Tempo de execução: 60s

---------------------------

Largura da faixa = 16
Melhor altura = 39

Lower Bound 1 = 37
Lower Bound 2 = 16
Avaliação = 1.05405

Tempo de execução: 60s

---------------------------

Largura da faixa = 16
Melhor altura = 40

Lower Bound 1 = 37
Lower Bound 2 = 16
Avaliação = 1.08108

Tempo de execução: 60.0003s

---------------------------

Largura da faixa = 16
Melhor altura = 39

Lower Bound 1 = 37
Lower Bound 2 = 16
Avaliação = 1.05405

Tempo de execução: 60.0001s

---------------------------

Largura da faixa = 16
Melhor altura = 39

Lower Bound 1 = 37
Lower Bound 2 = 16
Avaliação = 1.05405

Tempo de execução: 60.0001s

---------------------------

Largura da faixa = 16
Melhor altura = 39

Lower Bound 1 = 37
Lower Bound 2 = 16
Avaliação = 1.05405

Tempo de execução: 60.0002s

---------------------------

Largura da faixa = 16
Melhor altura = 40

Lower Bound 1 = 37
Lower Bound 2 = 16
Avaliação = 1.08108

Tempo de execução: 60s

---------------------------

Largura da faixa = 16
Melhor altura = 39

Lower Bound 1 = 37
Lower Bound 2 = 16
Avaliação = 1.05405

Tempo de execução: 60.0001s

---------------------------

Largura da faixa = 16
Melhor altura = 39

Lower Bound 1 = 37
Lower Bound 2 = 16
Avaliação = 1.05405

Tempo de execução: 60s

---------------------------

Largura da faixa = 16
Melhor altura = 40

Lower Bound 1 = 37
Lower Bound 2 = 16
Avaliação = 1.08108

Tempo de execução: 60s

---------------------------

Largura da faixa = 16
Melhor altura = 39

Lower Bound 1 = 37
Lower Bound 2 = 16
Avaliação = 1.05405

Tempo de execução: 60s

---------------------------

Largura da faixa = 16
Melhor altura = 39

Lower Bound 1 = 37
Lower Bound 2 = 16
Avaliação = 1.05405

Tempo de execução: 60.0001s

---------------------------

Largura da faixa = 16
Melhor altura = 39

Lower Bound 1 = 37
Lower Bound 2 = 16
Avaliação = 1.05405

Tempo de execução: 60s

---------------------------

Largura da faixa = 16
Melhor altura = 40

Lower Bound 1 = 37
Lower Bound 2 = 16
Avaliação = 1.08108

Tempo de execução: 60s

---------------------------

Largura da faixa = 16
Melhor altura = 39

Lower Bound 1 = 37
Lower Bound 2 = 16
Avaliação = 1.05405

Tempo de execução: 60.0001s

---------------------------

Largura da faixa = 16
Melhor altura = 40

Lower Bound 1 = 37
Lower Bound 2 = 16
Avaliação = 1.08108

Tempo de execução: 60s

---------------------------

Largura da faixa = 16
Melhor altura = 39

Lower Bound 1 = 37
Lower Bound 2 = 16
Avaliação = 1.05405

Tempo de execução: 60.0001s

---------------------------

Largura da faixa = 16
Melhor altura = 39

Lower Bound 1 = 37
Lower Bound 2 = 16
Avaliação = 1.05405

Tempo de execução: 60.0003s

---------------------------

Largura da faixa = 16
Melhor altura = 39

Lower Bound 1 = 37
Lower Bound 2 = 16
Avaliação = 1.05405

Tempo de execução: 60.0001s

---------------------------

Largura da faixa = 16
Melhor altura = 39

Lower Bound 1 = 37
Lower Bound 2 = 16
Avaliação = 1.05405

Tempo de execução: 60.0001s

---------------------------

