Largura da faixa = 24
Melhor altura = 83

Lower Bound 1 = 75
Lower Bound 2 = 28
Avaliação = 1.10667

Tempo de execução: 60.0001s

---------------------------

Largura da faixa = 24
Melhor altura = 82

Lower Bound 1 = 75
Lower Bound 2 = 28
Avaliação = 1.09333

Tempo de execução: 60s

---------------------------

Largura da faixa = 24
Melhor altura = 83

Lower Bound 1 = 75
Lower Bound 2 = 28
Avaliação = 1.10667

Tempo de execução: 60.0001s

---------------------------

Largura da faixa = 24
Melhor altura = 84

Lower Bound 1 = 75
Lower Bound 2 = 28
Avaliação = 1.12

Tempo de execução: 60s

---------------------------

Largura da faixa = 24
Melhor altura = 83

Lower Bound 1 = 75
Lower Bound 2 = 28
Avaliação = 1.10667

Tempo de execução: 60.0002s

---------------------------

Largura da faixa = 24
Melhor altura = 80

Lower Bound 1 = 75
Lower Bound 2 = 28
Avaliação = 1.06667

Tempo de execução: 60.0005s

---------------------------

Largura da faixa = 24
Melhor altura = 83

Lower Bound 1 = 75
Lower Bound 2 = 28
Avaliação = 1.10667

Tempo de execução: 60.0001s

---------------------------

Largura da faixa = 24
Melhor altura = 80

Lower Bound 1 = 75
Lower Bound 2 = 28
Avaliação = 1.06667

Tempo de execução: 60.0001s

---------------------------

Largura da faixa = 24
Melhor altura = 83

Lower Bound 1 = 75
Lower Bound 2 = 28
Avaliação = 1.10667

Tempo de execução: 60s

---------------------------

Largura da faixa = 24
Melhor altura = 84

Lower Bound 1 = 75
Lower Bound 2 = 28
Avaliação = 1.12

Tempo de execução: 60.0001s

---------------------------

Largura da faixa = 24
Melhor altura = 82

Lower Bound 1 = 75
Lower Bound 2 = 28
Avaliação = 1.09333

Tempo de execução: 60.0002s

---------------------------

Largura da faixa = 24
Melhor altura = 82

Lower Bound 1 = 75
Lower Bound 2 = 28
Avaliação = 1.09333

Tempo de execução: 60.0003s

---------------------------

Largura da faixa = 24
Melhor altura = 82

Lower Bound 1 = 75
Lower Bound 2 = 28
Avaliação = 1.09333

Tempo de execução: 60s

---------------------------

Largura da faixa = 24
Melhor altura = 80

Lower Bound 1 = 75
Lower Bound 2 = 28
Avaliação = 1.06667

Tempo de execução: 60.0002s

---------------------------

Largura da faixa = 24
Melhor altura = 83

Lower Bound 1 = 75
Lower Bound 2 = 28
Avaliação = 1.10667

Tempo de execução: 60.0001s

---------------------------

Largura da faixa = 24
Melhor altura = 83

Lower Bound 1 = 75
Lower Bound 2 = 28
Avaliação = 1.10667

Tempo de execução: 60s

---------------------------

Largura da faixa = 24
Melhor altura = 83

Lower Bound 1 = 75
Lower Bound 2 = 28
Avaliação = 1.10667

Tempo de execução: 60.0001s

---------------------------

Largura da faixa = 24
Melhor altura = 81

Lower Bound 1 = 75
Lower Bound 2 = 28
Avaliação = 1.08

Tempo de execução: 60.0001s

---------------------------

Largura da faixa = 24
Melhor altura = 81

Lower Bound 1 = 75
Lower Bound 2 = 28
Avaliação = 1.08

Tempo de execução: 60.0001s

---------------------------

Largura da faixa = 24
Melhor altura = 83

Lower Bound 1 = 75
Lower Bound 2 = 28
Avaliação = 1.10667

Tempo de execução: 60.0001s

---------------------------

