Largura da faixa = 21
Melhor altura = 93

Lower Bound 1 = 85
Lower Bound 2 = 63
Avaliação = 1.09412

Tempo de execução: 60s

---------------------------

Largura da faixa = 21
Melhor altura = 94

Lower Bound 1 = 85
Lower Bound 2 = 63
Avaliação = 1.10588

Tempo de execução: 60s

---------------------------

Largura da faixa = 21
Melhor altura = 94

Lower Bound 1 = 85
Lower Bound 2 = 63
Avaliação = 1.10588

Tempo de execução: 60.0001s

---------------------------

Largura da faixa = 21
Melhor altura = 94

Lower Bound 1 = 85
Lower Bound 2 = 63
Avaliação = 1.10588

Tempo de execução: 60.0001s

---------------------------

Largura da faixa = 21
Melhor altura = 94

Lower Bound 1 = 85
Lower Bound 2 = 63
Avaliação = 1.10588

Tempo de execução: 60.0002s

---------------------------

Largura da faixa = 21
Melhor altura = 94

Lower Bound 1 = 85
Lower Bound 2 = 63
Avaliação = 1.10588

Tempo de execução: 60.0003s

---------------------------

Largura da faixa = 21
Melhor altura = 93

Lower Bound 1 = 85
Lower Bound 2 = 63
Avaliação = 1.09412

Tempo de execução: 60s

---------------------------

Largura da faixa = 21
Melhor altura = 93

Lower Bound 1 = 85
Lower Bound 2 = 63
Avaliação = 1.09412

Tempo de execução: 60.0001s

---------------------------

Largura da faixa = 21
Melhor altura = 94

Lower Bound 1 = 85
Lower Bound 2 = 63
Avaliação = 1.10588

Tempo de execução: 60s

---------------------------

Largura da faixa = 21
Melhor altura = 94

Lower Bound 1 = 85
Lower Bound 2 = 63
Avaliação = 1.10588

Tempo de execução: 60s

---------------------------

Largura da faixa = 21
Melhor altura = 94

Lower Bound 1 = 85
Lower Bound 2 = 63
Avaliação = 1.10588

Tempo de execução: 60.0002s

---------------------------

Largura da faixa = 21
Melhor altura = 94

Lower Bound 1 = 85
Lower Bound 2 = 63
Avaliação = 1.10588

Tempo de execução: 60s

---------------------------

Largura da faixa = 21
Melhor altura = 94

Lower Bound 1 = 85
Lower Bound 2 = 63
Avaliação = 1.10588

Tempo de execução: 60s

---------------------------

Largura da faixa = 21
Melhor altura = 94

Lower Bound 1 = 85
Lower Bound 2 = 63
Avaliação = 1.10588

Tempo de execução: 60s

---------------------------

Largura da faixa = 21
Melhor altura = 94

Lower Bound 1 = 85
Lower Bound 2 = 63
Avaliação = 1.10588

Tempo de execução: 60.0001s

---------------------------

Largura da faixa = 21
Melhor altura = 94

Lower Bound 1 = 85
Lower Bound 2 = 63
Avaliação = 1.10588

Tempo de execução: 60.0001s

---------------------------

Largura da faixa = 21
Melhor altura = 94

Lower Bound 1 = 85
Lower Bound 2 = 63
Avaliação = 1.10588

Tempo de execução: 60.0001s

---------------------------

Largura da faixa = 21
Melhor altura = 94

Lower Bound 1 = 85
Lower Bound 2 = 63
Avaliação = 1.10588

Tempo de execução: 60.0001s

---------------------------

Largura da faixa = 21
Melhor altura = 94

Lower Bound 1 = 85
Lower Bound 2 = 63
Avaliação = 1.10588

Tempo de execução: 60.0001s

---------------------------

Largura da faixa = 21
Melhor altura = 94

Lower Bound 1 = 85
Lower Bound 2 = 63
Avaliação = 1.10588

Tempo de execução: 60.0003s

---------------------------

