Largura da faixa = 25
Melhor altura = 77

Lower Bound 1 = 72
Lower Bound 2 = 25
Avaliação = 1.06944

Tempo de execução: 60.0001s

---------------------------

Largura da faixa = 25
Melhor altura = 77

Lower Bound 1 = 72
Lower Bound 2 = 25
Avaliação = 1.06944

Tempo de execução: 60.0004s

---------------------------

Largura da faixa = 25
Melhor altura = 79

Lower Bound 1 = 72
Lower Bound 2 = 25
Avaliação = 1.09722

Tempo de execução: 60.0005s

---------------------------

Largura da faixa = 25
Melhor altura = 77

Lower Bound 1 = 72
Lower Bound 2 = 25
Avaliação = 1.06944

Tempo de execução: 60s

---------------------------

Largura da faixa = 25
Melhor altura = 77

Lower Bound 1 = 72
Lower Bound 2 = 25
Avaliação = 1.06944

Tempo de execução: 60.0001s

---------------------------

Largura da faixa = 25
Melhor altura = 78

Lower Bound 1 = 72
Lower Bound 2 = 25
Avaliação = 1.08333

Tempo de execução: 60.0001s

---------------------------

Largura da faixa = 25
Melhor altura = 78

Lower Bound 1 = 72
Lower Bound 2 = 25
Avaliação = 1.08333

Tempo de execução: 60.0001s

---------------------------

Largura da faixa = 25
Melhor altura = 78

Lower Bound 1 = 72
Lower Bound 2 = 25
Avaliação = 1.08333

Tempo de execução: 60.0004s

---------------------------

Largura da faixa = 25
Melhor altura = 78

Lower Bound 1 = 72
Lower Bound 2 = 25
Avaliação = 1.08333

Tempo de execução: 60.0001s

---------------------------

Largura da faixa = 25
Melhor altura = 78

Lower Bound 1 = 72
Lower Bound 2 = 25
Avaliação = 1.08333

Tempo de execução: 60s

---------------------------

Largura da faixa = 25
Melhor altura = 78

Lower Bound 1 = 72
Lower Bound 2 = 25
Avaliação = 1.08333

Tempo de execução: 60.0001s

---------------------------

Largura da faixa = 25
Melhor altura = 78

Lower Bound 1 = 72
Lower Bound 2 = 25
Avaliação = 1.08333

Tempo de execução: 60.0001s

---------------------------

Largura da faixa = 25
Melhor altura = 78

Lower Bound 1 = 72
Lower Bound 2 = 25
Avaliação = 1.08333

Tempo de execução: 60s

---------------------------

Largura da faixa = 25
Melhor altura = 77

Lower Bound 1 = 72
Lower Bound 2 = 25
Avaliação = 1.06944

Tempo de execução: 60.0003s

---------------------------

Largura da faixa = 25
Melhor altura = 78

Lower Bound 1 = 72
Lower Bound 2 = 25
Avaliação = 1.08333

Tempo de execução: 60.0002s

---------------------------

Largura da faixa = 25
Melhor altura = 77

Lower Bound 1 = 72
Lower Bound 2 = 25
Avaliação = 1.06944

Tempo de execução: 60.0001s

---------------------------

Largura da faixa = 25
Melhor altura = 77

Lower Bound 1 = 72
Lower Bound 2 = 25
Avaliação = 1.06944

Tempo de execução: 60.0002s

---------------------------

Largura da faixa = 25
Melhor altura = 78

Lower Bound 1 = 72
Lower Bound 2 = 25
Avaliação = 1.08333

Tempo de execução: 60.0001s

---------------------------

Largura da faixa = 25
Melhor altura = 78

Lower Bound 1 = 72
Lower Bound 2 = 25
Avaliação = 1.08333

Tempo de execução: 60.0002s

---------------------------

Largura da faixa = 25
Melhor altura = 77

Lower Bound 1 = 72
Lower Bound 2 = 25
Avaliação = 1.06944

Tempo de execução: 60.0002s

---------------------------

