Largura da faixa = 30
Melhor altura = 155

Lower Bound 1 = 120
Lower Bound 2 = 106
Avaliação = 1.29167

Tempo de execução: 60s

---------------------------

Largura da faixa = 30
Melhor altura = 154

Lower Bound 1 = 120
Lower Bound 2 = 106
Avaliação = 1.28333

Tempo de execução: 60s

---------------------------

Largura da faixa = 30
Melhor altura = 152

Lower Bound 1 = 120
Lower Bound 2 = 106
Avaliação = 1.26667

Tempo de execução: 60.0003s

---------------------------

Largura da faixa = 30
Melhor altura = 154

Lower Bound 1 = 120
Lower Bound 2 = 106
Avaliação = 1.28333

Tempo de execução: 60.0001s

---------------------------

Largura da faixa = 30
Melhor altura = 154

Lower Bound 1 = 120
Lower Bound 2 = 106
Avaliação = 1.28333

Tempo de execução: 60.0004s

---------------------------

Largura da faixa = 30
Melhor altura = 154

Lower Bound 1 = 120
Lower Bound 2 = 106
Avaliação = 1.28333

Tempo de execução: 60.0007s

---------------------------

Largura da faixa = 30
Melhor altura = 154

Lower Bound 1 = 120
Lower Bound 2 = 106
Avaliação = 1.28333

Tempo de execução: 60.0001s

---------------------------

Largura da faixa = 30
Melhor altura = 154

Lower Bound 1 = 120
Lower Bound 2 = 106
Avaliação = 1.28333

Tempo de execução: 60.0003s

---------------------------

Largura da faixa = 30
Melhor altura = 152

Lower Bound 1 = 120
Lower Bound 2 = 106
Avaliação = 1.26667

Tempo de execução: 60.001s

---------------------------

Largura da faixa = 30
Melhor altura = 156

Lower Bound 1 = 120
Lower Bound 2 = 106
Avaliação = 1.3

Tempo de execução: 60s

---------------------------

Largura da faixa = 30
Melhor altura = 157

Lower Bound 1 = 120
Lower Bound 2 = 106
Avaliação = 1.30833

Tempo de execução: 60.0003s

---------------------------

Largura da faixa = 30
Melhor altura = 158

Lower Bound 1 = 120
Lower Bound 2 = 106
Avaliação = 1.31667

Tempo de execução: 60.0001s

---------------------------

Largura da faixa = 30
Melhor altura = 155

Lower Bound 1 = 120
Lower Bound 2 = 106
Avaliação = 1.29167

Tempo de execução: 60.0001s

---------------------------

Largura da faixa = 30
Melhor altura = 154

Lower Bound 1 = 120
Lower Bound 2 = 106
Avaliação = 1.28333

Tempo de execução: 60.0002s

---------------------------

Largura da faixa = 30
Melhor altura = 152

Lower Bound 1 = 120
Lower Bound 2 = 106
Avaliação = 1.26667

Tempo de execução: 60.0004s

---------------------------

Largura da faixa = 30
Melhor altura = 156

Lower Bound 1 = 120
Lower Bound 2 = 106
Avaliação = 1.3

Tempo de execução: 60.0001s

---------------------------

Largura da faixa = 30
Melhor altura = 153

Lower Bound 1 = 120
Lower Bound 2 = 106
Avaliação = 1.275

Tempo de execução: 60s

---------------------------

Largura da faixa = 30
Melhor altura = 154

Lower Bound 1 = 120
Lower Bound 2 = 106
Avaliação = 1.28333

Tempo de execução: 60.0001s

---------------------------

Largura da faixa = 30
Melhor altura = 154

Lower Bound 1 = 120
Lower Bound 2 = 106
Avaliação = 1.28333

Tempo de execução: 60.0001s

---------------------------

Largura da faixa = 30
Melhor altura = 157

Lower Bound 1 = 120
Lower Bound 2 = 106
Avaliação = 1.30833

Tempo de execução: 60.0001s

---------------------------

