Largura da faixa = 35
Melhor altura = 116

Lower Bound 1 = 102
Lower Bound 2 = 98
Avaliação = 1.13725

Tempo de execução: 60.0004s

---------------------------

Largura da faixa = 35
Melhor altura = 122

Lower Bound 1 = 102
Lower Bound 2 = 98
Avaliação = 1.19608

Tempo de execução: 60.0003s

---------------------------

Largura da faixa = 35
Melhor altura = 118

Lower Bound 1 = 102
Lower Bound 2 = 98
Avaliação = 1.15686

Tempo de execução: 60.0006s

---------------------------

Largura da faixa = 35
Melhor altura = 120

Lower Bound 1 = 102
Lower Bound 2 = 98
Avaliação = 1.17647

Tempo de execução: 60.0002s

---------------------------

Largura da faixa = 35
Melhor altura = 120

Lower Bound 1 = 102
Lower Bound 2 = 98
Avaliação = 1.17647

Tempo de execução: 60.0001s

---------------------------

Largura da faixa = 35
Melhor altura = 119

Lower Bound 1 = 102
Lower Bound 2 = 98
Avaliação = 1.16667

Tempo de execução: 60s

---------------------------

Largura da faixa = 35
Melhor altura = 117

Lower Bound 1 = 102
Lower Bound 2 = 98
Avaliação = 1.14706

Tempo de execução: 60s

---------------------------

Largura da faixa = 35
Melhor altura = 122

Lower Bound 1 = 102
Lower Bound 2 = 98
Avaliação = 1.19608

Tempo de execução: 60.0005s

---------------------------

Largura da faixa = 35
Melhor altura = 117

Lower Bound 1 = 102
Lower Bound 2 = 98
Avaliação = 1.14706

Tempo de execução: 60.0006s

---------------------------

Largura da faixa = 35
Melhor altura = 121

Lower Bound 1 = 102
Lower Bound 2 = 98
Avaliação = 1.18627

Tempo de execução: 60.0006s

---------------------------

Largura da faixa = 35
Melhor altura = 117

Lower Bound 1 = 102
Lower Bound 2 = 98
Avaliação = 1.14706

Tempo de execução: 60.0001s

---------------------------

Largura da faixa = 35
Melhor altura = 120

Lower Bound 1 = 102
Lower Bound 2 = 98
Avaliação = 1.17647

Tempo de execução: 60.0009s

---------------------------

Largura da faixa = 35
Melhor altura = 118

Lower Bound 1 = 102
Lower Bound 2 = 98
Avaliação = 1.15686

Tempo de execução: 60.0001s

---------------------------

Largura da faixa = 35
Melhor altura = 120

Lower Bound 1 = 102
Lower Bound 2 = 98
Avaliação = 1.17647

Tempo de execução: 60.0003s

---------------------------

Largura da faixa = 35
Melhor altura = 119

Lower Bound 1 = 102
Lower Bound 2 = 98
Avaliação = 1.16667

Tempo de execução: 60.0006s

---------------------------

Largura da faixa = 35
Melhor altura = 119

Lower Bound 1 = 102
Lower Bound 2 = 98
Avaliação = 1.16667

Tempo de execução: 60.0002s

---------------------------

Largura da faixa = 35
Melhor altura = 120

Lower Bound 1 = 102
Lower Bound 2 = 98
Avaliação = 1.17647

Tempo de execução: 60.0004s

---------------------------

Largura da faixa = 35
Melhor altura = 122

Lower Bound 1 = 102
Lower Bound 2 = 98
Avaliação = 1.19608

Tempo de execução: 60.0007s

---------------------------

Largura da faixa = 35
Melhor altura = 118

Lower Bound 1 = 102
Lower Bound 2 = 98
Avaliação = 1.15686

Tempo de execução: 60.0001s

---------------------------

Largura da faixa = 35
Melhor altura = 121

Lower Bound 1 = 102
Lower Bound 2 = 98
Avaliação = 1.18627

Tempo de execução: 60.0001s

---------------------------

