Largura da faixa = 28
Melhor altura = 145

Lower Bound 1 = 128
Lower Bound 2 = 119
Avaliação = 1.13281

Tempo de execução: 60.0002s

---------------------------

Largura da faixa = 28
Melhor altura = 145

Lower Bound 1 = 128
Lower Bound 2 = 119
Avaliação = 1.13281

Tempo de execução: 60.0005s

---------------------------

Largura da faixa = 28
Melhor altura = 145

Lower Bound 1 = 128
Lower Bound 2 = 119
Avaliação = 1.13281

Tempo de execução: 60.0002s

---------------------------

Largura da faixa = 28
Melhor altura = 144

Lower Bound 1 = 128
Lower Bound 2 = 119
Avaliação = 1.125

Tempo de execução: 60s

---------------------------

Largura da faixa = 28
Melhor altura = 144

Lower Bound 1 = 128
Lower Bound 2 = 119
Avaliação = 1.125

Tempo de execução: 60.0004s

---------------------------

Largura da faixa = 28
Melhor altura = 144

Lower Bound 1 = 128
Lower Bound 2 = 119
Avaliação = 1.125

Tempo de execução: 60.0002s

---------------------------

Largura da faixa = 28
Melhor altura = 144

Lower Bound 1 = 128
Lower Bound 2 = 119
Avaliação = 1.125

Tempo de execução: 60.0002s

---------------------------

Largura da faixa = 28
Melhor altura = 145

Lower Bound 1 = 128
Lower Bound 2 = 119
Avaliação = 1.13281

Tempo de execução: 60.0007s

---------------------------

Largura da faixa = 28
Melhor altura = 146

Lower Bound 1 = 128
Lower Bound 2 = 119
Avaliação = 1.14062

Tempo de execução: 60.0007s

---------------------------

Largura da faixa = 28
Melhor altura = 146

Lower Bound 1 = 128
Lower Bound 2 = 119
Avaliação = 1.14062

Tempo de execução: 60.0001s

---------------------------

Largura da faixa = 28
Melhor altura = 145

Lower Bound 1 = 128
Lower Bound 2 = 119
Avaliação = 1.13281

Tempo de execução: 60.0001s

---------------------------

Largura da faixa = 28
Melhor altura = 144

Lower Bound 1 = 128
Lower Bound 2 = 119
Avaliação = 1.125

Tempo de execução: 60.0004s

---------------------------

Largura da faixa = 28
Melhor altura = 144

Lower Bound 1 = 128
Lower Bound 2 = 119
Avaliação = 1.125

Tempo de execução: 60s

---------------------------

Largura da faixa = 28
Melhor altura = 144

Lower Bound 1 = 128
Lower Bound 2 = 119
Avaliação = 1.125

Tempo de execução: 60s

---------------------------

Largura da faixa = 28
Melhor altura = 145

Lower Bound 1 = 128
Lower Bound 2 = 119
Avaliação = 1.13281

Tempo de execução: 60s

---------------------------

Largura da faixa = 28
Melhor altura = 144

Lower Bound 1 = 128
Lower Bound 2 = 119
Avaliação = 1.125

Tempo de execução: 60.0001s

---------------------------

Largura da faixa = 28
Melhor altura = 145

Lower Bound 1 = 128
Lower Bound 2 = 119
Avaliação = 1.13281

Tempo de execução: 60s

---------------------------

Largura da faixa = 28
Melhor altura = 146

Lower Bound 1 = 128
Lower Bound 2 = 119
Avaliação = 1.14062

Tempo de execução: 60.0001s

---------------------------

Largura da faixa = 28
Melhor altura = 145

Lower Bound 1 = 128
Lower Bound 2 = 119
Avaliação = 1.13281

Tempo de execução: 60.0005s

---------------------------

Largura da faixa = 28
Melhor altura = 144

Lower Bound 1 = 128
Lower Bound 2 = 119
Avaliação = 1.125

Tempo de execução: 60.0001s

---------------------------

