Largura da faixa = 38
Melhor altura = 179

Lower Bound 1 = 142
Lower Bound 2 = 123
Avaliação = 1.26056

Tempo de execução: 60.0004s

---------------------------

Largura da faixa = 38
Melhor altura = 179

Lower Bound 1 = 142
Lower Bound 2 = 123
Avaliação = 1.26056

Tempo de execução: 60.001s

---------------------------

Largura da faixa = 38
Melhor altura = 181

Lower Bound 1 = 142
Lower Bound 2 = 123
Avaliação = 1.27465

Tempo de execução: 60.0027s

---------------------------

Largura da faixa = 38
Melhor altura = 179

Lower Bound 1 = 142
Lower Bound 2 = 123
Avaliação = 1.26056

Tempo de execução: 60.0002s

---------------------------

Largura da faixa = 38
Melhor altura = 178

Lower Bound 1 = 142
Lower Bound 2 = 123
Avaliação = 1.25352

Tempo de execução: 60.0006s

---------------------------

Largura da faixa = 38
Melhor altura = 178

Lower Bound 1 = 142
Lower Bound 2 = 123
Avaliação = 1.25352

Tempo de execução: 60.0006s

---------------------------

Largura da faixa = 38
Melhor altura = 179

Lower Bound 1 = 142
Lower Bound 2 = 123
Avaliação = 1.26056

Tempo de execução: 60s

---------------------------

Largura da faixa = 38
Melhor altura = 178

Lower Bound 1 = 142
Lower Bound 2 = 123
Avaliação = 1.25352

Tempo de execução: 60.0016s

---------------------------

Largura da faixa = 38
Melhor altura = 178

Lower Bound 1 = 142
Lower Bound 2 = 123
Avaliação = 1.25352

Tempo de execução: 60.0033s

---------------------------

Largura da faixa = 38
Melhor altura = 179

Lower Bound 1 = 142
Lower Bound 2 = 123
Avaliação = 1.26056

Tempo de execução: 60.0001s

---------------------------

Largura da faixa = 38
Melhor altura = 177

Lower Bound 1 = 142
Lower Bound 2 = 123
Avaliação = 1.24648

Tempo de execução: 60.0006s

---------------------------

Largura da faixa = 38
Melhor altura = 180

Lower Bound 1 = 142
Lower Bound 2 = 123
Avaliação = 1.26761

Tempo de execução: 60.0015s

---------------------------

Largura da faixa = 38
Melhor altura = 181

Lower Bound 1 = 142
Lower Bound 2 = 123
Avaliação = 1.27465

Tempo de execução: 60.0013s

---------------------------

Largura da faixa = 38
Melhor altura = 179

Lower Bound 1 = 142
Lower Bound 2 = 123
Avaliação = 1.26056

Tempo de execução: 60.0023s

---------------------------

Largura da faixa = 38
Melhor altura = 179

Lower Bound 1 = 142
Lower Bound 2 = 123
Avaliação = 1.26056

Tempo de execução: 60.002s

---------------------------

Largura da faixa = 38
Melhor altura = 178

Lower Bound 1 = 142
Lower Bound 2 = 123
Avaliação = 1.25352

Tempo de execução: 60.0008s

---------------------------

Largura da faixa = 38
Melhor altura = 178

Lower Bound 1 = 142
Lower Bound 2 = 123
Avaliação = 1.25352

Tempo de execução: 60.0005s

---------------------------

Largura da faixa = 38
Melhor altura = 178

Lower Bound 1 = 142
Lower Bound 2 = 123
Avaliação = 1.25352

Tempo de execução: 60.0006s

---------------------------

Largura da faixa = 38
Melhor altura = 180

Lower Bound 1 = 142
Lower Bound 2 = 123
Avaliação = 1.26761

Tempo de execução: 60.0013s

---------------------------

Largura da faixa = 38
Melhor altura = 178

Lower Bound 1 = 142
Lower Bound 2 = 123
Avaliação = 1.25352

Tempo de execução: 60.0026s

---------------------------

