Largura da faixa = 34
Melhor altura = 188

Lower Bound 1 = 158
Lower Bound 2 = 134
Avaliação = 1.18987

Tempo de execução: 60.0008s

---------------------------

Largura da faixa = 34
Melhor altura = 189

Lower Bound 1 = 158
Lower Bound 2 = 134
Avaliação = 1.1962

Tempo de execução: 60.0017s

---------------------------

Largura da faixa = 34
Melhor altura = 189

Lower Bound 1 = 158
Lower Bound 2 = 134
Avaliação = 1.1962

Tempo de execução: 60.0014s

---------------------------

Largura da faixa = 34
Melhor altura = 189

Lower Bound 1 = 158
Lower Bound 2 = 134
Avaliação = 1.1962

Tempo de execução: 60.0002s

---------------------------

Largura da faixa = 34
Melhor altura = 187

Lower Bound 1 = 158
Lower Bound 2 = 134
Avaliação = 1.18354

Tempo de execução: 60.0014s

---------------------------

Largura da faixa = 34
Melhor altura = 188

Lower Bound 1 = 158
Lower Bound 2 = 134
Avaliação = 1.18987

Tempo de execução: 60.0006s

---------------------------

Largura da faixa = 34
Melhor altura = 190

Lower Bound 1 = 158
Lower Bound 2 = 134
Avaliação = 1.20253

Tempo de execução: 60.0008s

---------------------------

Largura da faixa = 34
Melhor altura = 188

Lower Bound 1 = 158
Lower Bound 2 = 134
Avaliação = 1.18987

Tempo de execução: 60.0013s

---------------------------

Largura da faixa = 34
Melhor altura = 187

Lower Bound 1 = 158
Lower Bound 2 = 134
Avaliação = 1.18354

Tempo de execução: 60.0009s

---------------------------

Largura da faixa = 34
Melhor altura = 190

Lower Bound 1 = 158
Lower Bound 2 = 134
Avaliação = 1.20253

Tempo de execução: 60.0003s

---------------------------

Largura da faixa = 34
Melhor altura = 186

Lower Bound 1 = 158
Lower Bound 2 = 134
Avaliação = 1.17722

Tempo de execução: 60.002s

---------------------------

Largura da faixa = 34
Melhor altura = 188

Lower Bound 1 = 158
Lower Bound 2 = 134
Avaliação = 1.18987

Tempo de execução: 60.0016s

---------------------------

Largura da faixa = 34
Melhor altura = 187

Lower Bound 1 = 158
Lower Bound 2 = 134
Avaliação = 1.18354

Tempo de execução: 60.0001s

---------------------------

Largura da faixa = 34
Melhor altura = 189

Lower Bound 1 = 158
Lower Bound 2 = 134
Avaliação = 1.1962

Tempo de execução: 60.0003s

---------------------------

Largura da faixa = 34
Melhor altura = 188

Lower Bound 1 = 158
Lower Bound 2 = 134
Avaliação = 1.18987

Tempo de execução: 60.0002s

---------------------------

Largura da faixa = 34
Melhor altura = 189

Lower Bound 1 = 158
Lower Bound 2 = 134
Avaliação = 1.1962

Tempo de execução: 60.0004s

---------------------------

Largura da faixa = 34
Melhor altura = 187

Lower Bound 1 = 158
Lower Bound 2 = 134
Avaliação = 1.18354

Tempo de execução: 60.0002s

---------------------------

Largura da faixa = 34
Melhor altura = 188

Lower Bound 1 = 158
Lower Bound 2 = 134
Avaliação = 1.18987

Tempo de execução: 60.0023s

---------------------------

Largura da faixa = 34
Melhor altura = 186

Lower Bound 1 = 158
Lower Bound 2 = 134
Avaliação = 1.17722

Tempo de execução: 60.0004s

---------------------------

Largura da faixa = 34
Melhor altura = 188

Lower Bound 1 = 158
Lower Bound 2 = 134
Avaliação = 1.18987

Tempo de execução: 60.0007s

---------------------------

