Largura da faixa = 37
Melhor altura = 175

Lower Bound 1 = 145
Lower Bound 2 = 89
Avaliação = 1.2069

Tempo de execução: 60.0004s

---------------------------

Largura da faixa = 37
Melhor altura = 175

Lower Bound 1 = 145
Lower Bound 2 = 89
Avaliação = 1.2069

Tempo de execução: 60.0011s

---------------------------

Largura da faixa = 37
Melhor altura = 174

Lower Bound 1 = 145
Lower Bound 2 = 89
Avaliação = 1.2

Tempo de execução: 60.0005s

---------------------------

Largura da faixa = 37
Melhor altura = 177

Lower Bound 1 = 145
Lower Bound 2 = 89
Avaliação = 1.22069

Tempo de execução: 60s

---------------------------

Largura da faixa = 37
Melhor altura = 176

Lower Bound 1 = 145
Lower Bound 2 = 89
Avaliação = 1.21379

Tempo de execução: 60.0003s

---------------------------

Largura da faixa = 37
Melhor altura = 174

Lower Bound 1 = 145
Lower Bound 2 = 89
Avaliação = 1.2

Tempo de execução: 60.0016s

---------------------------

Largura da faixa = 37
Melhor altura = 173

Lower Bound 1 = 145
Lower Bound 2 = 89
Avaliação = 1.1931

Tempo de execução: 60s

---------------------------

Largura da faixa = 37
Melhor altura = 174

Lower Bound 1 = 145
Lower Bound 2 = 89
Avaliação = 1.2

Tempo de execução: 60.001s

---------------------------

Largura da faixa = 37
Melhor altura = 173

Lower Bound 1 = 145
Lower Bound 2 = 89
Avaliação = 1.1931

Tempo de execução: 60.0018s

---------------------------

Largura da faixa = 37
Melhor altura = 173

Lower Bound 1 = 145
Lower Bound 2 = 89
Avaliação = 1.1931

Tempo de execução: 60.0002s

---------------------------

Largura da faixa = 37
Melhor altura = 175

Lower Bound 1 = 145
Lower Bound 2 = 89
Avaliação = 1.2069

Tempo de execução: 60.0008s

---------------------------

Largura da faixa = 37
Melhor altura = 173

Lower Bound 1 = 145
Lower Bound 2 = 89
Avaliação = 1.1931

Tempo de execução: 60.0004s

---------------------------

Largura da faixa = 37
Melhor altura = 176

Lower Bound 1 = 145
Lower Bound 2 = 89
Avaliação = 1.21379

Tempo de execução: 60.0002s

---------------------------

Largura da faixa = 37
Melhor altura = 174

Lower Bound 1 = 145
Lower Bound 2 = 89
Avaliação = 1.2

Tempo de execução: 60.0014s

---------------------------

Largura da faixa = 37
Melhor altura = 176

Lower Bound 1 = 145
Lower Bound 2 = 89
Avaliação = 1.21379

Tempo de execução: 60.0003s

---------------------------

Largura da faixa = 37
Melhor altura = 175

Lower Bound 1 = 145
Lower Bound 2 = 89
Avaliação = 1.2069

Tempo de execução: 60.0006s

---------------------------

Largura da faixa = 37
Melhor altura = 176

Lower Bound 1 = 145
Lower Bound 2 = 89
Avaliação = 1.21379

Tempo de execução: 60.0012s

---------------------------

Largura da faixa = 37
Melhor altura = 175

Lower Bound 1 = 145
Lower Bound 2 = 89
Avaliação = 1.2069

Tempo de execução: 60.0022s

---------------------------

Largura da faixa = 37
Melhor altura = 174

Lower Bound 1 = 145
Lower Bound 2 = 89
Avaliação = 1.2

Tempo de execução: 60.0002s

---------------------------

Largura da faixa = 37
Melhor altura = 171

Lower Bound 1 = 145
Lower Bound 2 = 89
Avaliação = 1.17931

Tempo de execução: 60.0012s

---------------------------

