Largura da faixa = 61
Melhor altura = 189

Lower Bound 1 = 157
Lower Bound 2 = 64
Avaliação = 1.20382

Tempo de execução: 60.0012s

---------------------------

Largura da faixa = 61
Melhor altura = 185

Lower Bound 1 = 157
Lower Bound 2 = 64
Avaliação = 1.17834

Tempo de execução: 60.0004s

---------------------------

Largura da faixa = 61
Melhor altura = 187

Lower Bound 1 = 157
Lower Bound 2 = 64
Avaliação = 1.19108

Tempo de execução: 60.0038s

---------------------------

Largura da faixa = 61
Melhor altura = 190

Lower Bound 1 = 157
Lower Bound 2 = 64
Avaliação = 1.21019

Tempo de execução: 60.0004s

---------------------------

Largura da faixa = 61
Melhor altura = 188

Lower Bound 1 = 157
Lower Bound 2 = 64
Avaliação = 1.19745

Tempo de execução: 60.001s

---------------------------

Largura da faixa = 61
Melhor altura = 183

Lower Bound 1 = 157
Lower Bound 2 = 64
Avaliação = 1.16561

Tempo de execução: 60.0098s

---------------------------

Largura da faixa = 61
Melhor altura = 189

Lower Bound 1 = 157
Lower Bound 2 = 64
Avaliação = 1.20382

Tempo de execução: 60.0021s

---------------------------

Largura da faixa = 61
Melhor altura = 184

Lower Bound 1 = 157
Lower Bound 2 = 64
Avaliação = 1.17197

Tempo de execução: 60.0009s

---------------------------

Largura da faixa = 61
Melhor altura = 188

Lower Bound 1 = 157
Lower Bound 2 = 64
Avaliação = 1.19745

Tempo de execução: 60.004s

---------------------------

Largura da faixa = 61
Melhor altura = 190

Lower Bound 1 = 157
Lower Bound 2 = 64
Avaliação = 1.21019

Tempo de execução: 60.0021s

---------------------------

Largura da faixa = 61
Melhor altura = 185

Lower Bound 1 = 157
Lower Bound 2 = 64
Avaliação = 1.17834

Tempo de execução: 60.0067s

---------------------------

Largura da faixa = 61
Melhor altura = 191

Lower Bound 1 = 157
Lower Bound 2 = 64
Avaliação = 1.21656

Tempo de execução: 60.0095s

---------------------------

Largura da faixa = 61
Melhor altura = 189

Lower Bound 1 = 157
Lower Bound 2 = 64
Avaliação = 1.20382

Tempo de execução: 60.0054s

---------------------------

Largura da faixa = 61
Melhor altura = 190

Lower Bound 1 = 157
Lower Bound 2 = 64
Avaliação = 1.21019

Tempo de execução: 60.0108s

---------------------------

Largura da faixa = 61
Melhor altura = 187

Lower Bound 1 = 157
Lower Bound 2 = 64
Avaliação = 1.19108

Tempo de execução: 60.0134s

---------------------------

Largura da faixa = 61
Melhor altura = 190

Lower Bound 1 = 157
Lower Bound 2 = 64
Avaliação = 1.21019

Tempo de execução: 60.001s

---------------------------

Largura da faixa = 61
Melhor altura = 192

Lower Bound 1 = 157
Lower Bound 2 = 64
Avaliação = 1.22293

Tempo de execução: 60.0056s

---------------------------

Largura da faixa = 61
Melhor altura = 187

Lower Bound 1 = 157
Lower Bound 2 = 64
Avaliação = 1.19108

Tempo de execução: 60.0072s

---------------------------

Largura da faixa = 61
Melhor altura = 188

Lower Bound 1 = 157
Lower Bound 2 = 64
Avaliação = 1.19745

Tempo de execução: 60.0026s

---------------------------

Largura da faixa = 61
Melhor altura = 186

Lower Bound 1 = 157
Lower Bound 2 = 64
Avaliação = 1.18471

Tempo de execução: 60.0101s

---------------------------

