Largura da faixa = 62
Melhor altura = 189

Lower Bound 1 = 154
Lower Bound 2 = 64
Avaliação = 1.22727

Tempo de execução: 60.0031s

---------------------------

Largura da faixa = 62
Melhor altura = 193

Lower Bound 1 = 154
Lower Bound 2 = 64
Avaliação = 1.25325

Tempo de execução: 60.0007s

---------------------------

Largura da faixa = 62
Melhor altura = 188

Lower Bound 1 = 154
Lower Bound 2 = 64
Avaliação = 1.22078

Tempo de execução: 60.0042s

---------------------------

Largura da faixa = 62
Melhor altura = 190

Lower Bound 1 = 154
Lower Bound 2 = 64
Avaliação = 1.23377

Tempo de execução: 60s

---------------------------

Largura da faixa = 62
Melhor altura = 189

Lower Bound 1 = 154
Lower Bound 2 = 64
Avaliação = 1.22727

Tempo de execução: 60.0006s

---------------------------

Largura da faixa = 62
Melhor altura = 187

Lower Bound 1 = 154
Lower Bound 2 = 64
Avaliação = 1.21429

Tempo de execução: 60.0021s

---------------------------

Largura da faixa = 62
Melhor altura = 190

Lower Bound 1 = 154
Lower Bound 2 = 64
Avaliação = 1.23377

Tempo de execução: 60.0011s

---------------------------

Largura da faixa = 62
Melhor altura = 187

Lower Bound 1 = 154
Lower Bound 2 = 64
Avaliação = 1.21429

Tempo de execução: 60.0015s

---------------------------

Largura da faixa = 62
Melhor altura = 188

Lower Bound 1 = 154
Lower Bound 2 = 64
Avaliação = 1.22078

Tempo de execução: 60.0092s

---------------------------

Largura da faixa = 62
Melhor altura = 186

Lower Bound 1 = 154
Lower Bound 2 = 64
Avaliação = 1.20779

Tempo de execução: 60.001s

---------------------------

Largura da faixa = 62
Melhor altura = 194

Lower Bound 1 = 154
Lower Bound 2 = 64
Avaliação = 1.25974

Tempo de execução: 60.0082s

---------------------------

Largura da faixa = 62
Melhor altura = 191

Lower Bound 1 = 154
Lower Bound 2 = 64
Avaliação = 1.24026

Tempo de execução: 60.0126s

---------------------------

Largura da faixa = 62
Melhor altura = 188

Lower Bound 1 = 154
Lower Bound 2 = 64
Avaliação = 1.22078

Tempo de execução: 60.0002s

---------------------------

Largura da faixa = 62
Melhor altura = 193

Lower Bound 1 = 154
Lower Bound 2 = 64
Avaliação = 1.25325

Tempo de execução: 60.002s

---------------------------

Largura da faixa = 62
Melhor altura = 188

Lower Bound 1 = 154
Lower Bound 2 = 64
Avaliação = 1.22078

Tempo de execução: 60.0105s

---------------------------

Largura da faixa = 62
Melhor altura = 191

Lower Bound 1 = 154
Lower Bound 2 = 64
Avaliação = 1.24026

Tempo de execução: 60.0018s

---------------------------

Largura da faixa = 62
Melhor altura = 187

Lower Bound 1 = 154
Lower Bound 2 = 64
Avaliação = 1.21429

Tempo de execução: 60.002s

---------------------------

Largura da faixa = 62
Melhor altura = 190

Lower Bound 1 = 154
Lower Bound 2 = 64
Avaliação = 1.23377

Tempo de execução: 60.0027s

---------------------------

Largura da faixa = 62
Melhor altura = 189

Lower Bound 1 = 154
Lower Bound 2 = 64
Avaliação = 1.22727

Tempo de execução: 60.0021s

---------------------------

Largura da faixa = 62
Melhor altura = 192

Lower Bound 1 = 154
Lower Bound 2 = 64
Avaliação = 1.24675

Tempo de execução: 60.0034s

---------------------------

