Largura da faixa = 55
Melhor altura = 219

Lower Bound 1 = 174
Lower Bound 2 = 137
Avaliação = 1.25862

Tempo de execução: 60.0013s

---------------------------

Largura da faixa = 55
Melhor altura = 220

Lower Bound 1 = 174
Lower Bound 2 = 137
Avaliação = 1.26437

Tempo de execução: 60.0015s

---------------------------

Largura da faixa = 55
Melhor altura = 229

Lower Bound 1 = 174
Lower Bound 2 = 137
Avaliação = 1.31609

Tempo de execução: 60.0028s

---------------------------

Largura da faixa = 55
Melhor altura = 227

Lower Bound 1 = 174
Lower Bound 2 = 137
Avaliação = 1.3046

Tempo de execução: 60.0031s

---------------------------

Largura da faixa = 55
Melhor altura = 222

Lower Bound 1 = 174
Lower Bound 2 = 137
Avaliação = 1.27586

Tempo de execução: 60.0062s

---------------------------

Largura da faixa = 55
Melhor altura = 228

Lower Bound 1 = 174
Lower Bound 2 = 137
Avaliação = 1.31034

Tempo de execução: 60.0055s

---------------------------

Largura da faixa = 55
Melhor altura = 220

Lower Bound 1 = 174
Lower Bound 2 = 137
Avaliação = 1.26437

Tempo de execução: 60.0001s

---------------------------

Largura da faixa = 55
Melhor altura = 218

Lower Bound 1 = 174
Lower Bound 2 = 137
Avaliação = 1.25287

Tempo de execução: 60.0014s

---------------------------

Largura da faixa = 55
Melhor altura = 226

Lower Bound 1 = 174
Lower Bound 2 = 137
Avaliação = 1.29885

Tempo de execução: 60.0007s

---------------------------

Largura da faixa = 55
Melhor altura = 221

Lower Bound 1 = 174
Lower Bound 2 = 137
Avaliação = 1.27011

Tempo de execução: 60.0016s

---------------------------

Largura da faixa = 55
Melhor altura = 225

Lower Bound 1 = 174
Lower Bound 2 = 137
Avaliação = 1.2931

Tempo de execução: 60.0005s

---------------------------

Largura da faixa = 55
Melhor altura = 225

Lower Bound 1 = 174
Lower Bound 2 = 137
Avaliação = 1.2931

Tempo de execução: 60.0018s

---------------------------

Largura da faixa = 55
Melhor altura = 218

Lower Bound 1 = 174
Lower Bound 2 = 137
Avaliação = 1.25287

Tempo de execução: 60.0015s

---------------------------

Largura da faixa = 55
Melhor altura = 218

Lower Bound 1 = 174
Lower Bound 2 = 137
Avaliação = 1.25287

Tempo de execução: 60.0035s

---------------------------

Largura da faixa = 55
Melhor altura = 214

Lower Bound 1 = 174
Lower Bound 2 = 137
Avaliação = 1.22989

Tempo de execução: 60.0024s

---------------------------

Largura da faixa = 55
Melhor altura = 228

Lower Bound 1 = 174
Lower Bound 2 = 137
Avaliação = 1.31034

Tempo de execução: 60.0034s

---------------------------

Largura da faixa = 55
Melhor altura = 219

Lower Bound 1 = 174
Lower Bound 2 = 137
Avaliação = 1.25862

Tempo de execução: 60.006s

---------------------------

Largura da faixa = 55
Melhor altura = 224

Lower Bound 1 = 174
Lower Bound 2 = 137
Avaliação = 1.28736

Tempo de execução: 60s

---------------------------

Largura da faixa = 55
Melhor altura = 224

Lower Bound 1 = 174
Lower Bound 2 = 137
Avaliação = 1.28736

Tempo de execução: 60.0022s

---------------------------

Largura da faixa = 55
Melhor altura = 220

Lower Bound 1 = 174
Lower Bound 2 = 137
Avaliação = 1.26437

Tempo de execução: 60.0013s

---------------------------

