Largura da faixa = 113
Melhor altura = 452

Lower Bound 1 = 339
Lower Bound 2 = 244
Avaliação = 1.33333

Tempo de execução: 60.017s

---------------------------

Largura da faixa = 113
Melhor altura = 454

Lower Bound 1 = 339
Lower Bound 2 = 244
Avaliação = 1.33923

Tempo de execução: 60.0727s

---------------------------

Largura da faixa = 113
Melhor altura = 449

Lower Bound 1 = 339
Lower Bound 2 = 244
Avaliação = 1.32448

Tempo de execução: 60.0673s

---------------------------

Largura da faixa = 113
Melhor altura = 449

Lower Bound 1 = 339
Lower Bound 2 = 244
Avaliação = 1.32448

Tempo de execução: 60.0017s

---------------------------

Largura da faixa = 113
Melhor altura = 457

Lower Bound 1 = 339
Lower Bound 2 = 244
Avaliação = 1.34808

Tempo de execução: 60.022s

---------------------------

Largura da faixa = 113
Melhor altura = 475

Lower Bound 1 = 339
Lower Bound 2 = 244
Avaliação = 1.40118

Tempo de execução: 60.0473s

---------------------------

Largura da faixa = 113
Melhor altura = 472

Lower Bound 1 = 339
Lower Bound 2 = 244
Avaliação = 1.39233

Tempo de execução: 60.0034s

---------------------------

Largura da faixa = 113
Melhor altura = 458

Lower Bound 1 = 339
Lower Bound 2 = 244
Avaliação = 1.35103

Tempo de execução: 60.0891s

---------------------------

Largura da faixa = 113
Melhor altura = 479

Lower Bound 1 = 339
Lower Bound 2 = 244
Avaliação = 1.41298

Tempo de execução: 60.0366s

---------------------------

Largura da faixa = 113
Melhor altura = 463

Lower Bound 1 = 339
Lower Bound 2 = 244
Avaliação = 1.36578

Tempo de execução: 60.001s

---------------------------

Largura da faixa = 113
Melhor altura = 477

Lower Bound 1 = 339
Lower Bound 2 = 244
Avaliação = 1.40708

Tempo de execução: 60.0191s

---------------------------

Largura da faixa = 113
Melhor altura = 458

Lower Bound 1 = 339
Lower Bound 2 = 244
Avaliação = 1.35103

Tempo de execução: 60.0552s

---------------------------

Largura da faixa = 113
Melhor altura = 459

Lower Bound 1 = 339
Lower Bound 2 = 244
Avaliação = 1.35398

Tempo de execução: 60.0301s

---------------------------

Largura da faixa = 113
Melhor altura = 474

Lower Bound 1 = 339
Lower Bound 2 = 244
Avaliação = 1.39823

Tempo de execução: 60.0095s

---------------------------

Largura da faixa = 113
Melhor altura = 480

Lower Bound 1 = 339
Lower Bound 2 = 244
Avaliação = 1.41593

Tempo de execução: 60.0105s

---------------------------

Largura da faixa = 113
Melhor altura = 455

Lower Bound 1 = 339
Lower Bound 2 = 244
Avaliação = 1.34218

Tempo de execução: 60.0004s

---------------------------

Largura da faixa = 113
Melhor altura = 448

Lower Bound 1 = 339
Lower Bound 2 = 244
Avaliação = 1.32153

Tempo de execução: 60.0188s

---------------------------

Largura da faixa = 113
Melhor altura = 463

Lower Bound 1 = 339
Lower Bound 2 = 244
Avaliação = 1.36578

Tempo de execução: 60.0155s

---------------------------

Largura da faixa = 113
Melhor altura = 444

Lower Bound 1 = 339
Lower Bound 2 = 244
Avaliação = 1.30973

Tempo de execução: 60.0836s

---------------------------

Largura da faixa = 113
Melhor altura = 462

Lower Bound 1 = 339
Lower Bound 2 = 244
Avaliação = 1.36283

Tempo de execução: 60.0441s

---------------------------

