Largura da faixa = 70
Melhor altura = 695

Lower Bound 1 = 548
Lower Bound 2 = 349
Avaliação = 1.26825

Tempo de execução: 60.004s

---------------------------

Largura da faixa = 70
Melhor altura = 699

Lower Bound 1 = 548
Lower Bound 2 = 349
Avaliação = 1.27555

Tempo de execução: 60.0073s

---------------------------

Largura da faixa = 70
Melhor altura = 695

Lower Bound 1 = 548
Lower Bound 2 = 349
Avaliação = 1.26825

Tempo de execução: 60.0109s

---------------------------

Largura da faixa = 70
Melhor altura = 694

Lower Bound 1 = 548
Lower Bound 2 = 349
Avaliação = 1.26642

Tempo de execução: 60.0177s

---------------------------

Largura da faixa = 70
Melhor altura = 700

Lower Bound 1 = 548
Lower Bound 2 = 349
Avaliação = 1.27737

Tempo de execução: 60.0097s

---------------------------

Largura da faixa = 70
Melhor altura = 696

Lower Bound 1 = 548
Lower Bound 2 = 349
Avaliação = 1.27007

Tempo de execução: 60.0326s

---------------------------

Largura da faixa = 70
Melhor altura = 690

Lower Bound 1 = 548
Lower Bound 2 = 349
Avaliação = 1.25912

Tempo de execução: 60.0106s

---------------------------

Largura da faixa = 70
Melhor altura = 692

Lower Bound 1 = 548
Lower Bound 2 = 349
Avaliação = 1.26277

Tempo de execução: 60.005s

---------------------------

Largura da faixa = 70
Melhor altura = 701

Lower Bound 1 = 548
Lower Bound 2 = 349
Avaliação = 1.2792

Tempo de execução: 60.009s

---------------------------

Largura da faixa = 70
Melhor altura = 691

Lower Bound 1 = 548
Lower Bound 2 = 349
Avaliação = 1.26095

Tempo de execução: 60.0057s

---------------------------

Largura da faixa = 70
Melhor altura = 703

Lower Bound 1 = 548
Lower Bound 2 = 349
Avaliação = 1.28285

Tempo de execução: 60.0294s

---------------------------

Largura da faixa = 70
Melhor altura = 708

Lower Bound 1 = 548
Lower Bound 2 = 349
Avaliação = 1.29197

Tempo de execução: 60.0484s

---------------------------

Largura da faixa = 70
Melhor altura = 697

Lower Bound 1 = 548
Lower Bound 2 = 349
Avaliação = 1.2719

Tempo de execução: 60.0087s

---------------------------

Largura da faixa = 70
Melhor altura = 699

Lower Bound 1 = 548
Lower Bound 2 = 349
Avaliação = 1.27555

Tempo de execução: 60.0299s

---------------------------

Largura da faixa = 70
Melhor altura = 695

Lower Bound 1 = 548
Lower Bound 2 = 349
Avaliação = 1.26825

Tempo de execução: 60.0312s

---------------------------

Largura da faixa = 70
Melhor altura = 687

Lower Bound 1 = 548
Lower Bound 2 = 349
Avaliação = 1.25365

Tempo de execução: 60.0006s

---------------------------

Largura da faixa = 70
Melhor altura = 696

Lower Bound 1 = 548
Lower Bound 2 = 349
Avaliação = 1.27007

Tempo de execução: 60.0043s

---------------------------

Largura da faixa = 70
Melhor altura = 690

Lower Bound 1 = 548
Lower Bound 2 = 349
Avaliação = 1.25912

Tempo de execução: 60.0187s

---------------------------

Largura da faixa = 70
Melhor altura = 688

Lower Bound 1 = 548
Lower Bound 2 = 349
Avaliação = 1.25547

Tempo de execução: 60.0045s

---------------------------

Largura da faixa = 70
Melhor altura = 701

Lower Bound 1 = 548
Lower Bound 2 = 349
Avaliação = 1.2792

Tempo de execução: 60.008s

---------------------------

