Largura da faixa = 92
Melhor altura = 523

Lower Bound 1 = 417
Lower Bound 2 = 183
Avaliação = 1.2542

Tempo de execução: 60.0209s

---------------------------

Largura da faixa = 92
Melhor altura = 525

Lower Bound 1 = 417
Lower Bound 2 = 183
Avaliação = 1.25899

Tempo de execução: 60.0095s

---------------------------

Largura da faixa = 92
Melhor altura = 522

Lower Bound 1 = 417
Lower Bound 2 = 183
Avaliação = 1.2518

Tempo de execução: 60.0489s

---------------------------

Largura da faixa = 92
Melhor altura = 519

Lower Bound 1 = 417
Lower Bound 2 = 183
Avaliação = 1.2446

Tempo de execução: 60.0033s

---------------------------

Largura da faixa = 92
Melhor altura = 524

Lower Bound 1 = 417
Lower Bound 2 = 183
Avaliação = 1.25659

Tempo de execução: 60.0412s

---------------------------

Largura da faixa = 92
Melhor altura = 530

Lower Bound 1 = 417
Lower Bound 2 = 183
Avaliação = 1.27098

Tempo de execução: 60.0663s

---------------------------

Largura da faixa = 92
Melhor altura = 525

Lower Bound 1 = 417
Lower Bound 2 = 183
Avaliação = 1.25899

Tempo de execução: 60.0271s

---------------------------

Largura da faixa = 92
Melhor altura = 526

Lower Bound 1 = 417
Lower Bound 2 = 183
Avaliação = 1.26139

Tempo de execução: 60.052s

---------------------------

Largura da faixa = 92
Melhor altura = 518

Lower Bound 1 = 417
Lower Bound 2 = 183
Avaliação = 1.24221

Tempo de execução: 60.0577s

---------------------------

Largura da faixa = 92
Melhor altura = 523

Lower Bound 1 = 417
Lower Bound 2 = 183
Avaliação = 1.2542

Tempo de execução: 60.0131s

---------------------------

Largura da faixa = 92
Melhor altura = 530

Lower Bound 1 = 417
Lower Bound 2 = 183
Avaliação = 1.27098

Tempo de execução: 60.0411s

---------------------------

Largura da faixa = 92
Melhor altura = 527

Lower Bound 1 = 417
Lower Bound 2 = 183
Avaliação = 1.26379

Tempo de execução: 60.0481s

---------------------------

Largura da faixa = 92
Melhor altura = 532

Lower Bound 1 = 417
Lower Bound 2 = 183
Avaliação = 1.27578

Tempo de execução: 60.0085s

---------------------------

Largura da faixa = 92
Melhor altura = 529

Lower Bound 1 = 417
Lower Bound 2 = 183
Avaliação = 1.26859

Tempo de execução: 60.0354s

---------------------------

Largura da faixa = 92
Melhor altura = 527

Lower Bound 1 = 417
Lower Bound 2 = 183
Avaliação = 1.26379

Tempo de execução: 60.0117s

---------------------------

Largura da faixa = 92
Melhor altura = 521

Lower Bound 1 = 417
Lower Bound 2 = 183
Avaliação = 1.2494

Tempo de execução: 60.0036s

---------------------------

Largura da faixa = 92
Melhor altura = 529

Lower Bound 1 = 417
Lower Bound 2 = 183
Avaliação = 1.26859

Tempo de execução: 60.0483s

---------------------------

Largura da faixa = 92
Melhor altura = 522

Lower Bound 1 = 417
Lower Bound 2 = 183
Avaliação = 1.2518

Tempo de execução: 60.0567s

---------------------------

Largura da faixa = 92
Melhor altura = 526

Lower Bound 1 = 417
Lower Bound 2 = 183
Avaliação = 1.26139

Tempo de execução: 60.0196s

---------------------------

Largura da faixa = 92
Melhor altura = 527

Lower Bound 1 = 417
Lower Bound 2 = 183
Avaliação = 1.26379

Tempo de execução: 60.0412s

---------------------------

