Largura da faixa = 75
Melhor altura = 714

Lower Bound 1 = 533
Lower Bound 2 = 285
Avaliação = 1.33959

Tempo de execução: 60.0098s

---------------------------

Largura da faixa = 75
Melhor altura = 705

Lower Bound 1 = 533
Lower Bound 2 = 285
Avaliação = 1.3227

Tempo de execução: 60.0008s

---------------------------

Largura da faixa = 75
Melhor altura = 708

Lower Bound 1 = 533
Lower Bound 2 = 285
Avaliação = 1.32833

Tempo de execução: 60.0357s

---------------------------

Largura da faixa = 75
Melhor altura = 718

Lower Bound 1 = 533
Lower Bound 2 = 285
Avaliação = 1.34709

Tempo de execução: 60.0171s

---------------------------

Largura da faixa = 75
Melhor altura = 715

Lower Bound 1 = 533
Lower Bound 2 = 285
Avaliação = 1.34146

Tempo de execução: 60.0372s

---------------------------

Largura da faixa = 75
Melhor altura = 709

Lower Bound 1 = 533
Lower Bound 2 = 285
Avaliação = 1.33021

Tempo de execução: 60.0363s

---------------------------

Largura da faixa = 75
Melhor altura = 715

Lower Bound 1 = 533
Lower Bound 2 = 285
Avaliação = 1.34146

Tempo de execução: 60.0049s

---------------------------

Largura da faixa = 75
Melhor altura = 716

Lower Bound 1 = 533
Lower Bound 2 = 285
Avaliação = 1.34334

Tempo de execução: 60.0274s

---------------------------

Largura da faixa = 75
Melhor altura = 710

Lower Bound 1 = 533
Lower Bound 2 = 285
Avaliação = 1.33208

Tempo de execução: 60.0625s

---------------------------

Largura da faixa = 75
Melhor altura = 715

Lower Bound 1 = 533
Lower Bound 2 = 285
Avaliação = 1.34146

Tempo de execução: 60.0032s

---------------------------

Largura da faixa = 75
Melhor altura = 699

Lower Bound 1 = 533
Lower Bound 2 = 285
Avaliação = 1.31144

Tempo de execução: 60.0311s

---------------------------

Largura da faixa = 75
Melhor altura = 713

Lower Bound 1 = 533
Lower Bound 2 = 285
Avaliação = 1.33771

Tempo de execução: 60.0246s

---------------------------

Largura da faixa = 75
Melhor altura = 717

Lower Bound 1 = 533
Lower Bound 2 = 285
Avaliação = 1.34522

Tempo de execução: 60.0391s

---------------------------

Largura da faixa = 75
Melhor altura = 719

Lower Bound 1 = 533
Lower Bound 2 = 285
Avaliação = 1.34897

Tempo de execução: 60.0364s

---------------------------

Largura da faixa = 75
Melhor altura = 711

Lower Bound 1 = 533
Lower Bound 2 = 285
Avaliação = 1.33396

Tempo de execução: 60.0354s

---------------------------

Largura da faixa = 75
Melhor altura = 717

Lower Bound 1 = 533
Lower Bound 2 = 285
Avaliação = 1.34522

Tempo de execução: 60.006s

---------------------------

Largura da faixa = 75
Melhor altura = 718

Lower Bound 1 = 533
Lower Bound 2 = 285
Avaliação = 1.34709

Tempo de execução: 60.009s

---------------------------

Largura da faixa = 75
Melhor altura = 719

Lower Bound 1 = 533
Lower Bound 2 = 285
Avaliação = 1.34897

Tempo de execução: 60.0487s

---------------------------

Largura da faixa = 75
Melhor altura = 712

Lower Bound 1 = 533
Lower Bound 2 = 285
Avaliação = 1.33583

Tempo de execução: 60.0061s

---------------------------

Largura da faixa = 75
Melhor altura = 705

Lower Bound 1 = 533
Lower Bound 2 = 285
Avaliação = 1.3227

Tempo de execução: 60.0241s

---------------------------

