Largura da faixa = 105
Melhor altura = 483

Lower Bound 1 = 380
Lower Bound 2 = 325
Avaliação = 1.27105

Tempo de execução: 60.0005s

---------------------------

Largura da faixa = 105
Melhor altura = 487

Lower Bound 1 = 380
Lower Bound 2 = 325
Avaliação = 1.28158

Tempo de execução: 60.0076s

---------------------------

Largura da faixa = 105
Melhor altura = 484

Lower Bound 1 = 380
Lower Bound 2 = 325
Avaliação = 1.27368

Tempo de execução: 60.0054s

---------------------------

Largura da faixa = 105
Melhor altura = 487

Lower Bound 1 = 380
Lower Bound 2 = 325
Avaliação = 1.28158

Tempo de execução: 60.0048s

---------------------------

Largura da faixa = 105
Melhor altura = 488

Lower Bound 1 = 380
Lower Bound 2 = 325
Avaliação = 1.28421

Tempo de execução: 60.0005s

---------------------------

Largura da faixa = 105
Melhor altura = 490

Lower Bound 1 = 380
Lower Bound 2 = 325
Avaliação = 1.28947

Tempo de execução: 60.0109s

---------------------------

Largura da faixa = 105
Melhor altura = 483

Lower Bound 1 = 380
Lower Bound 2 = 325
Avaliação = 1.27105

Tempo de execução: 60.0001s

---------------------------

Largura da faixa = 105
Melhor altura = 483

Lower Bound 1 = 380
Lower Bound 2 = 325
Avaliação = 1.27105

Tempo de execução: 60.0018s

---------------------------

Largura da faixa = 105
Melhor altura = 480

Lower Bound 1 = 380
Lower Bound 2 = 325
Avaliação = 1.26316

Tempo de execução: 60.0041s

---------------------------

Largura da faixa = 105
Melhor altura = 474

Lower Bound 1 = 380
Lower Bound 2 = 325
Avaliação = 1.24737

Tempo de execução: 60.0031s

---------------------------

Largura da faixa = 105
Melhor altura = 490

Lower Bound 1 = 380
Lower Bound 2 = 325
Avaliação = 1.28947

Tempo de execução: 60.0071s

---------------------------

Largura da faixa = 105
Melhor altura = 488

Lower Bound 1 = 380
Lower Bound 2 = 325
Avaliação = 1.28421

Tempo de execução: 60.0066s

---------------------------

Largura da faixa = 105
Melhor altura = 485

Lower Bound 1 = 380
Lower Bound 2 = 325
Avaliação = 1.27632

Tempo de execução: 60.002s

---------------------------

Largura da faixa = 105
Melhor altura = 487

Lower Bound 1 = 380
Lower Bound 2 = 325
Avaliação = 1.28158

Tempo de execução: 60.0051s

---------------------------

Largura da faixa = 105
Melhor altura = 481

Lower Bound 1 = 380
Lower Bound 2 = 325
Avaliação = 1.26579

Tempo de execução: 60.0152s

---------------------------

Largura da faixa = 105
Melhor altura = 480

Lower Bound 1 = 380
Lower Bound 2 = 325
Avaliação = 1.26316

Tempo de execução: 60.0074s

---------------------------

Largura da faixa = 105
Melhor altura = 486

Lower Bound 1 = 380
Lower Bound 2 = 325
Avaliação = 1.27895

Tempo de execução: 60.0098s

---------------------------

Largura da faixa = 105
Melhor altura = 485

Lower Bound 1 = 380
Lower Bound 2 = 325
Avaliação = 1.27632

Tempo de execução: 60.0086s

---------------------------

Largura da faixa = 105
Melhor altura = 482

Lower Bound 1 = 380
Lower Bound 2 = 325
Avaliação = 1.26842

Tempo de execução: 60.0009s

---------------------------

Largura da faixa = 105
Melhor altura = 485

Lower Bound 1 = 380
Lower Bound 2 = 325
Avaliação = 1.27632

Tempo de execução: 60.0045s

---------------------------

