Largura da faixa = 117
Melhor altura = 434

Lower Bound 1 = 341
Lower Bound 2 = 197
Avaliação = 1.27273

Tempo de execução: 60.0014s

---------------------------

Largura da faixa = 117
Melhor altura = 442

Lower Bound 1 = 341
Lower Bound 2 = 197
Avaliação = 1.29619

Tempo de execução: 60.0061s

---------------------------

Largura da faixa = 117
Melhor altura = 453

Lower Bound 1 = 341
Lower Bound 2 = 197
Avaliação = 1.32845

Tempo de execução: 60.0156s

---------------------------

Largura da faixa = 117
Melhor altura = 451

Lower Bound 1 = 341
Lower Bound 2 = 197
Avaliação = 1.32258

Tempo de execução: 60.0014s

---------------------------

Largura da faixa = 117
Melhor altura = 449

Lower Bound 1 = 341
Lower Bound 2 = 197
Avaliação = 1.31672

Tempo de execução: 60.0055s

---------------------------

Largura da faixa = 117
Melhor altura = 444

Lower Bound 1 = 341
Lower Bound 2 = 197
Avaliação = 1.30205

Tempo de execução: 60.0099s

---------------------------

Largura da faixa = 117
Melhor altura = 447

Lower Bound 1 = 341
Lower Bound 2 = 197
Avaliação = 1.31085

Tempo de execução: 60.001s

---------------------------

Largura da faixa = 117
Melhor altura = 444

Lower Bound 1 = 341
Lower Bound 2 = 197
Avaliação = 1.30205

Tempo de execução: 60.001s

---------------------------

Largura da faixa = 117
Melhor altura = 453

Lower Bound 1 = 341
Lower Bound 2 = 197
Avaliação = 1.32845

Tempo de execução: 60.0116s

---------------------------

Largura da faixa = 117
Melhor altura = 450

Lower Bound 1 = 341
Lower Bound 2 = 197
Avaliação = 1.31965

Tempo de execução: 60.0026s

---------------------------

Largura da faixa = 117
Melhor altura = 436

Lower Bound 1 = 341
Lower Bound 2 = 197
Avaliação = 1.27859

Tempo de execução: 60.0042s

---------------------------

Largura da faixa = 117
Melhor altura = 436

Lower Bound 1 = 341
Lower Bound 2 = 197
Avaliação = 1.27859

Tempo de execução: 60.0065s

---------------------------

Largura da faixa = 117
Melhor altura = 446

Lower Bound 1 = 341
Lower Bound 2 = 197
Avaliação = 1.30792

Tempo de execução: 60.0086s

---------------------------

Largura da faixa = 117
Melhor altura = 455

Lower Bound 1 = 341
Lower Bound 2 = 197
Avaliação = 1.33431

Tempo de execução: 60.0029s

---------------------------

Largura da faixa = 117
Melhor altura = 441

Lower Bound 1 = 341
Lower Bound 2 = 197
Avaliação = 1.29326

Tempo de execução: 60.0048s

---------------------------

Largura da faixa = 117
Melhor altura = 439

Lower Bound 1 = 341
Lower Bound 2 = 197
Avaliação = 1.28739

Tempo de execução: 60.0044s

---------------------------

Largura da faixa = 117
Melhor altura = 447

Lower Bound 1 = 341
Lower Bound 2 = 197
Avaliação = 1.31085

Tempo de execução: 60.0069s

---------------------------

Largura da faixa = 117
Melhor altura = 447

Lower Bound 1 = 341
Lower Bound 2 = 197
Avaliação = 1.31085

Tempo de execução: 60.0132s

---------------------------

Largura da faixa = 117
Melhor altura = 447

Lower Bound 1 = 341
Lower Bound 2 = 197
Avaliação = 1.31085

Tempo de execução: 60.0105s

---------------------------

Largura da faixa = 117
Melhor altura = 463

Lower Bound 1 = 341
Lower Bound 2 = 197
Avaliação = 1.35777

Tempo de execução: 60.0042s

---------------------------

