Largura da faixa = 112
Melhor altura = 400

Lower Bound 1 = 357
Lower Bound 2 = 369
Avaliação = 1.08401

Tempo de execução: 60s

---------------------------

Largura da faixa = 112
Melhor altura = 400

Lower Bound 1 = 357
Lower Bound 2 = 369
Avaliação = 1.08401

Tempo de execução: 60.0002s

---------------------------

Largura da faixa = 112
Melhor altura = 400

Lower Bound 1 = 357
Lower Bound 2 = 369
Avaliação = 1.08401

Tempo de execução: 60.0003s

---------------------------

Largura da faixa = 112
Melhor altura = 400

Lower Bound 1 = 357
Lower Bound 2 = 369
Avaliação = 1.08401

Tempo de execução: 60s

---------------------------

Largura da faixa = 112
Melhor altura = 400

Lower Bound 1 = 357
Lower Bound 2 = 369
Avaliação = 1.08401

Tempo de execução: 60s

---------------------------

Largura da faixa = 112
Melhor altura = 400

Lower Bound 1 = 357
Lower Bound 2 = 369
Avaliação = 1.08401

Tempo de execução: 60s

---------------------------

Largura da faixa = 112
Melhor altura = 400

Lower Bound 1 = 357
Lower Bound 2 = 369
Avaliação = 1.08401

Tempo de execução: 60.0001s

---------------------------

Largura da faixa = 112
Melhor altura = 400

Lower Bound 1 = 357
Lower Bound 2 = 369
Avaliação = 1.08401

Tempo de execução: 60.0001s

---------------------------

Largura da faixa = 112
Melhor altura = 400

Lower Bound 1 = 357
Lower Bound 2 = 369
Avaliação = 1.08401

Tempo de execução: 60.0001s

---------------------------

Largura da faixa = 112
Melhor altura = 400

Lower Bound 1 = 357
Lower Bound 2 = 369
Avaliação = 1.08401

Tempo de execução: 60s

---------------------------

Largura da faixa = 112
Melhor altura = 400

Lower Bound 1 = 357
Lower Bound 2 = 369
Avaliação = 1.08401

Tempo de execução: 60.0003s

---------------------------

Largura da faixa = 112
Melhor altura = 400

Lower Bound 1 = 357
Lower Bound 2 = 369
Avaliação = 1.08401

Tempo de execução: 60.0002s

---------------------------

Largura da faixa = 112
Melhor altura = 400

Lower Bound 1 = 357
Lower Bound 2 = 369
Avaliação = 1.08401

Tempo de execução: 60.0001s

---------------------------

Largura da faixa = 112
Melhor altura = 400

Lower Bound 1 = 357
Lower Bound 2 = 369
Avaliação = 1.08401

Tempo de execução: 60s

---------------------------

Largura da faixa = 112
Melhor altura = 400

Lower Bound 1 = 357
Lower Bound 2 = 369
Avaliação = 1.08401

Tempo de execução: 60.0001s

---------------------------

Largura da faixa = 112
Melhor altura = 400

Lower Bound 1 = 357
Lower Bound 2 = 369
Avaliação = 1.08401

Tempo de execução: 60.0001s

---------------------------

Largura da faixa = 112
Melhor altura = 400

Lower Bound 1 = 357
Lower Bound 2 = 369
Avaliação = 1.08401

Tempo de execução: 60.0001s

---------------------------

Largura da faixa = 112
Melhor altura = 400

Lower Bound 1 = 357
Lower Bound 2 = 369
Avaliação = 1.08401

Tempo de execução: 60s

---------------------------

Largura da faixa = 112
Melhor altura = 400

Lower Bound 1 = 357
Lower Bound 2 = 369
Avaliação = 1.08401

Tempo de execução: 60s

---------------------------

Largura da faixa = 112
Melhor altura = 400

Lower Bound 1 = 357
Lower Bound 2 = 369
Avaliação = 1.08401

Tempo de execução: 60.0002s

---------------------------

