Largura da faixa = 122
Melhor altura = 376

Lower Bound 1 = 327
Lower Bound 2 = 226
Avaliação = 1.14985

Tempo de execução: 60.0002s

---------------------------

Largura da faixa = 122
Melhor altura = 375

Lower Bound 1 = 327
Lower Bound 2 = 226
Avaliação = 1.14679

Tempo de execução: 60.0001s

---------------------------

Largura da faixa = 122
Melhor altura = 369

Lower Bound 1 = 327
Lower Bound 2 = 226
Avaliação = 1.12844

Tempo de execução: 60.0003s

---------------------------

Largura da faixa = 122
Melhor altura = 375

Lower Bound 1 = 327
Lower Bound 2 = 226
Avaliação = 1.14679

Tempo de execução: 60.0002s

---------------------------

Largura da faixa = 122
Melhor altura = 375

Lower Bound 1 = 327
Lower Bound 2 = 226
Avaliação = 1.14679

Tempo de execução: 60.0005s

---------------------------

Largura da faixa = 122
Melhor altura = 373

Lower Bound 1 = 327
Lower Bound 2 = 226
Avaliação = 1.14067

Tempo de execução: 60.0002s

---------------------------

Largura da faixa = 122
Melhor altura = 381

Lower Bound 1 = 327
Lower Bound 2 = 226
Avaliação = 1.16514

Tempo de execução: 60s

---------------------------

Largura da faixa = 122
Melhor altura = 375

Lower Bound 1 = 327
Lower Bound 2 = 226
Avaliação = 1.14679

Tempo de execução: 60.0001s

---------------------------

Largura da faixa = 122
Melhor altura = 376

Lower Bound 1 = 327
Lower Bound 2 = 226
Avaliação = 1.14985

Tempo de execução: 60s

---------------------------

Largura da faixa = 122
Melhor altura = 383

Lower Bound 1 = 327
Lower Bound 2 = 226
Avaliação = 1.17125

Tempo de execução: 60.0001s

---------------------------

Largura da faixa = 122
Melhor altura = 375

Lower Bound 1 = 327
Lower Bound 2 = 226
Avaliação = 1.14679

Tempo de execução: 60s

---------------------------

Largura da faixa = 122
Melhor altura = 369

Lower Bound 1 = 327
Lower Bound 2 = 226
Avaliação = 1.12844

Tempo de execução: 60.0004s

---------------------------

Largura da faixa = 122
Melhor altura = 376

Lower Bound 1 = 327
Lower Bound 2 = 226
Avaliação = 1.14985

Tempo de execução: 60.0001s

---------------------------

Largura da faixa = 122
Melhor altura = 371

Lower Bound 1 = 327
Lower Bound 2 = 226
Avaliação = 1.13456

Tempo de execução: 60.0001s

---------------------------

Largura da faixa = 122
Melhor altura = 381

Lower Bound 1 = 327
Lower Bound 2 = 226
Avaliação = 1.16514

Tempo de execução: 60s

---------------------------

Largura da faixa = 122
Melhor altura = 370

Lower Bound 1 = 327
Lower Bound 2 = 226
Avaliação = 1.1315

Tempo de execução: 60s

---------------------------

Largura da faixa = 122
Melhor altura = 373

Lower Bound 1 = 327
Lower Bound 2 = 226
Avaliação = 1.14067

Tempo de execução: 60.0001s

---------------------------

Largura da faixa = 122
Melhor altura = 371

Lower Bound 1 = 327
Lower Bound 2 = 226
Avaliação = 1.13456

Tempo de execução: 60s

---------------------------

Largura da faixa = 122
Melhor altura = 376

Lower Bound 1 = 327
Lower Bound 2 = 226
Avaliação = 1.14985

Tempo de execução: 60s

---------------------------

Largura da faixa = 122
Melhor altura = 369

Lower Bound 1 = 327
Lower Bound 2 = 226
Avaliação = 1.12844

Tempo de execução: 60.0003s

---------------------------

