Largura da faixa = 104
Melhor altura = 503

Lower Bound 1 = 384
Lower Bound 2 = 460
Avaliação = 1.09348

Tempo de execução: 60.0001s

---------------------------

Largura da faixa = 104
Melhor altura = 511

Lower Bound 1 = 384
Lower Bound 2 = 460
Avaliação = 1.11087

Tempo de execução: 60.0024s

---------------------------

Largura da faixa = 104
Melhor altura = 497

Lower Bound 1 = 384
Lower Bound 2 = 460
Avaliação = 1.08043

Tempo de execução: 60.001s

---------------------------

Largura da faixa = 104
Melhor altura = 513

Lower Bound 1 = 384
Lower Bound 2 = 460
Avaliação = 1.11522

Tempo de execução: 60.0002s

---------------------------

Largura da faixa = 104
Melhor altura = 497

Lower Bound 1 = 384
Lower Bound 2 = 460
Avaliação = 1.08043

Tempo de execução: 60.0004s

---------------------------

Largura da faixa = 104
Melhor altura = 512

Lower Bound 1 = 384
Lower Bound 2 = 460
Avaliação = 1.11304

Tempo de execução: 60.001s

---------------------------

Largura da faixa = 104
Melhor altura = 497

Lower Bound 1 = 384
Lower Bound 2 = 460
Avaliação = 1.08043

Tempo de execução: 60.0004s

---------------------------

Largura da faixa = 104
Melhor altura = 497

Lower Bound 1 = 384
Lower Bound 2 = 460
Avaliação = 1.08043

Tempo de execução: 60.0022s

---------------------------

Largura da faixa = 104
Melhor altura = 502

Lower Bound 1 = 384
Lower Bound 2 = 460
Avaliação = 1.0913

Tempo de execução: 60.0007s

---------------------------

Largura da faixa = 104
Melhor altura = 502

Lower Bound 1 = 384
Lower Bound 2 = 460
Avaliação = 1.0913

Tempo de execução: 60.0006s

---------------------------

Largura da faixa = 104
Melhor altura = 497

Lower Bound 1 = 384
Lower Bound 2 = 460
Avaliação = 1.08043

Tempo de execução: 60.0003s

---------------------------

Largura da faixa = 104
Melhor altura = 508

Lower Bound 1 = 384
Lower Bound 2 = 460
Avaliação = 1.10435

Tempo de execução: 60.0016s

---------------------------

Largura da faixa = 104
Melhor altura = 502

Lower Bound 1 = 384
Lower Bound 2 = 460
Avaliação = 1.0913

Tempo de execução: 60.0004s

---------------------------

Largura da faixa = 104
Melhor altura = 502

Lower Bound 1 = 384
Lower Bound 2 = 460
Avaliação = 1.0913

Tempo de execução: 60s

---------------------------

Largura da faixa = 104
Melhor altura = 507

Lower Bound 1 = 384
Lower Bound 2 = 460
Avaliação = 1.10217

Tempo de execução: 60.0018s

---------------------------

Largura da faixa = 104
Melhor altura = 499

Lower Bound 1 = 384
Lower Bound 2 = 460
Avaliação = 1.08478

Tempo de execução: 60.0004s

---------------------------

Largura da faixa = 104
Melhor altura = 502

Lower Bound 1 = 384
Lower Bound 2 = 460
Avaliação = 1.0913

Tempo de execução: 60.0011s

---------------------------

Largura da faixa = 104
Melhor altura = 503

Lower Bound 1 = 384
Lower Bound 2 = 460
Avaliação = 1.09348

Tempo de execução: 60.002s

---------------------------

Largura da faixa = 104
Melhor altura = 504

Lower Bound 1 = 384
Lower Bound 2 = 460
Avaliação = 1.09565

Tempo de execução: 60.0001s

---------------------------

Largura da faixa = 104
Melhor altura = 497

Lower Bound 1 = 384
Lower Bound 2 = 460
Avaliação = 1.08043

Tempo de execução: 60.0007s

---------------------------

