Largura da faixa = 150
Melhor altura = 324

Lower Bound 1 = 266
Lower Bound 2 = 273
Avaliação = 1.18681

Tempo de execução: 60s

---------------------------

Largura da faixa = 150
Melhor altura = 323

Lower Bound 1 = 266
Lower Bound 2 = 273
Avaliação = 1.18315

Tempo de execução: 60.0001s

---------------------------

Largura da faixa = 150
Melhor altura = 323

Lower Bound 1 = 266
Lower Bound 2 = 273
Avaliação = 1.18315

Tempo de execução: 60.0002s

---------------------------

Largura da faixa = 150
Melhor altura = 323

Lower Bound 1 = 266
Lower Bound 2 = 273
Avaliação = 1.18315

Tempo de execução: 60s

---------------------------

Largura da faixa = 150
Melhor altura = 323

Lower Bound 1 = 266
Lower Bound 2 = 273
Avaliação = 1.18315

Tempo de execução: 60s

---------------------------

Largura da faixa = 150
Melhor altura = 323

Lower Bound 1 = 266
Lower Bound 2 = 273
Avaliação = 1.18315

Tempo de execução: 60.0003s

---------------------------

Largura da faixa = 150
Melhor altura = 323

Lower Bound 1 = 266
Lower Bound 2 = 273
Avaliação = 1.18315

Tempo de execução: 60s

---------------------------

Largura da faixa = 150
Melhor altura = 323

Lower Bound 1 = 266
Lower Bound 2 = 273
Avaliação = 1.18315

Tempo de execução: 60s

---------------------------

Largura da faixa = 150
Melhor altura = 323

Lower Bound 1 = 266
Lower Bound 2 = 273
Avaliação = 1.18315

Tempo de execução: 60.0001s

---------------------------

Largura da faixa = 150
Melhor altura = 323

Lower Bound 1 = 266
Lower Bound 2 = 273
Avaliação = 1.18315

Tempo de execução: 60.0001s

---------------------------

Largura da faixa = 150
Melhor altura = 323

Lower Bound 1 = 266
Lower Bound 2 = 273
Avaliação = 1.18315

Tempo de execução: 60.0001s

---------------------------

Largura da faixa = 150
Melhor altura = 323

Lower Bound 1 = 266
Lower Bound 2 = 273
Avaliação = 1.18315

Tempo de execução: 60.0001s

---------------------------

Largura da faixa = 150
Melhor altura = 323

Lower Bound 1 = 266
Lower Bound 2 = 273
Avaliação = 1.18315

Tempo de execução: 60s

---------------------------

Largura da faixa = 150
Melhor altura = 323

Lower Bound 1 = 266
Lower Bound 2 = 273
Avaliação = 1.18315

Tempo de execução: 60.0002s

---------------------------

Largura da faixa = 150
Melhor altura = 323

Lower Bound 1 = 266
Lower Bound 2 = 273
Avaliação = 1.18315

Tempo de execução: 60.0001s

---------------------------

Largura da faixa = 150
Melhor altura = 323

Lower Bound 1 = 266
Lower Bound 2 = 273
Avaliação = 1.18315

Tempo de execução: 60.0001s

---------------------------

Largura da faixa = 150
Melhor altura = 323

Lower Bound 1 = 266
Lower Bound 2 = 273
Avaliação = 1.18315

Tempo de execução: 60.0001s

---------------------------

Largura da faixa = 150
Melhor altura = 324

Lower Bound 1 = 266
Lower Bound 2 = 273
Avaliação = 1.18681

Tempo de execução: 60s

---------------------------

Largura da faixa = 150
Melhor altura = 323

Lower Bound 1 = 266
Lower Bound 2 = 273
Avaliação = 1.18315

Tempo de execução: 60.0002s

---------------------------

Largura da faixa = 150
Melhor altura = 323

Lower Bound 1 = 266
Lower Bound 2 = 273
Avaliação = 1.18315

Tempo de execução: 60.0003s

---------------------------

