Largura da faixa = 180
Melhor altura = 265

Lower Bound 1 = 222
Lower Bound 2 = 180
Avaliação = 1.19369

Tempo de execução: 60.0003s

---------------------------

Largura da faixa = 180
Melhor altura = 267

Lower Bound 1 = 222
Lower Bound 2 = 180
Avaliação = 1.2027

Tempo de execução: 60.0001s

---------------------------

Largura da faixa = 180
Melhor altura = 262

Lower Bound 1 = 222
Lower Bound 2 = 180
Avaliação = 1.18018

Tempo de execução: 60.0002s

---------------------------

Largura da faixa = 180
Melhor altura = 269

Lower Bound 1 = 222
Lower Bound 2 = 180
Avaliação = 1.21171

Tempo de execução: 60.0001s

---------------------------

Largura da faixa = 180
Melhor altura = 275

Lower Bound 1 = 222
Lower Bound 2 = 180
Avaliação = 1.23874

Tempo de execução: 60.0001s

---------------------------

Largura da faixa = 180
Melhor altura = 262

Lower Bound 1 = 222
Lower Bound 2 = 180
Avaliação = 1.18018

Tempo de execução: 60.0001s

---------------------------

Largura da faixa = 180
Melhor altura = 267

Lower Bound 1 = 222
Lower Bound 2 = 180
Avaliação = 1.2027

Tempo de execução: 60s

---------------------------

Largura da faixa = 180
Melhor altura = 261

Lower Bound 1 = 222
Lower Bound 2 = 180
Avaliação = 1.17568

Tempo de execução: 60.0001s

---------------------------

Largura da faixa = 180
Melhor altura = 269

Lower Bound 1 = 222
Lower Bound 2 = 180
Avaliação = 1.21171

Tempo de execução: 60.0002s

---------------------------

Largura da faixa = 180
Melhor altura = 277

Lower Bound 1 = 222
Lower Bound 2 = 180
Avaliação = 1.24775

Tempo de execução: 60s

---------------------------

Largura da faixa = 180
Melhor altura = 269

Lower Bound 1 = 222
Lower Bound 2 = 180
Avaliação = 1.21171

Tempo de execução: 60.0002s

---------------------------

Largura da faixa = 180
Melhor altura = 262

Lower Bound 1 = 222
Lower Bound 2 = 180
Avaliação = 1.18018

Tempo de execução: 60.0001s

---------------------------

Largura da faixa = 180
Melhor altura = 265

Lower Bound 1 = 222
Lower Bound 2 = 180
Avaliação = 1.19369

Tempo de execução: 60s

---------------------------

Largura da faixa = 180
Melhor altura = 269

Lower Bound 1 = 222
Lower Bound 2 = 180
Avaliação = 1.21171

Tempo de execução: 60s

---------------------------

Largura da faixa = 180
Melhor altura = 276

Lower Bound 1 = 222
Lower Bound 2 = 180
Avaliação = 1.24324

Tempo de execução: 60.0002s

---------------------------

Largura da faixa = 180
Melhor altura = 269

Lower Bound 1 = 222
Lower Bound 2 = 180
Avaliação = 1.21171

Tempo de execução: 60s

---------------------------

Largura da faixa = 180
Melhor altura = 269

Lower Bound 1 = 222
Lower Bound 2 = 180
Avaliação = 1.21171

Tempo de execução: 60.0002s

---------------------------

Largura da faixa = 180
Melhor altura = 269

Lower Bound 1 = 222
Lower Bound 2 = 180
Avaliação = 1.21171

Tempo de execução: 60.0003s

---------------------------

Largura da faixa = 180
Melhor altura = 265

Lower Bound 1 = 222
Lower Bound 2 = 180
Avaliação = 1.19369

Tempo de execução: 60.0001s

---------------------------

Largura da faixa = 180
Melhor altura = 269

Lower Bound 1 = 222
Lower Bound 2 = 180
Avaliação = 1.21171

Tempo de execução: 60.0002s

---------------------------

