Largura da faixa = 97
Melhor altura = 505

Lower Bound 1 = 412
Lower Bound 2 = 121
Avaliação = 1.22573

Tempo de execução: 60.0018s

---------------------------

Largura da faixa = 97
Melhor altura = 503

Lower Bound 1 = 412
Lower Bound 2 = 121
Avaliação = 1.22087

Tempo de execução: 60.0083s

---------------------------

Largura da faixa = 97
Melhor altura = 503

Lower Bound 1 = 412
Lower Bound 2 = 121
Avaliação = 1.22087

Tempo de execução: 60.062s

---------------------------

Largura da faixa = 97
Melhor altura = 506

Lower Bound 1 = 412
Lower Bound 2 = 121
Avaliação = 1.22816

Tempo de execução: 60.0535s

---------------------------

Largura da faixa = 97
Melhor altura = 494

Lower Bound 1 = 412
Lower Bound 2 = 121
Avaliação = 1.19903

Tempo de execução: 60.0403s

---------------------------

Largura da faixa = 97
Melhor altura = 502

Lower Bound 1 = 412
Lower Bound 2 = 121
Avaliação = 1.21845

Tempo de execução: 60.0522s

---------------------------

Largura da faixa = 97
Melhor altura = 504

Lower Bound 1 = 412
Lower Bound 2 = 121
Avaliação = 1.2233

Tempo de execução: 60.0187s

---------------------------

Largura da faixa = 97
Melhor altura = 499

Lower Bound 1 = 412
Lower Bound 2 = 121
Avaliação = 1.21117

Tempo de execução: 60.0476s

---------------------------

Largura da faixa = 97
Melhor altura = 500

Lower Bound 1 = 412
Lower Bound 2 = 121
Avaliação = 1.21359

Tempo de execução: 60.0564s

---------------------------

Largura da faixa = 97
Melhor altura = 503

Lower Bound 1 = 412
Lower Bound 2 = 121
Avaliação = 1.22087

Tempo de execução: 60.0276s

---------------------------

Largura da faixa = 97
Melhor altura = 506

Lower Bound 1 = 412
Lower Bound 2 = 121
Avaliação = 1.22816

Tempo de execução: 60.0864s

---------------------------

Largura da faixa = 97
Melhor altura = 503

Lower Bound 1 = 412
Lower Bound 2 = 121
Avaliação = 1.22087

Tempo de execução: 60.1315s

---------------------------

Largura da faixa = 97
Melhor altura = 498

Lower Bound 1 = 412
Lower Bound 2 = 121
Avaliação = 1.20874

Tempo de execução: 60.0288s

---------------------------

Largura da faixa = 97
Melhor altura = 501

Lower Bound 1 = 412
Lower Bound 2 = 121
Avaliação = 1.21602

Tempo de execução: 60.0376s

---------------------------

Largura da faixa = 97
Melhor altura = 503

Lower Bound 1 = 412
Lower Bound 2 = 121
Avaliação = 1.22087

Tempo de execução: 60.062s

---------------------------

Largura da faixa = 97
Melhor altura = 506

Lower Bound 1 = 412
Lower Bound 2 = 121
Avaliação = 1.22816

Tempo de execução: 60.0068s

---------------------------

Largura da faixa = 97
Melhor altura = 503

Lower Bound 1 = 412
Lower Bound 2 = 121
Avaliação = 1.22087

Tempo de execução: 60.053s

---------------------------

Largura da faixa = 97
Melhor altura = 504

Lower Bound 1 = 412
Lower Bound 2 = 121
Avaliação = 1.2233

Tempo de execução: 60.0569s

---------------------------

Largura da faixa = 97
Melhor altura = 498

Lower Bound 1 = 412
Lower Bound 2 = 121
Avaliação = 1.20874

Tempo de execução: 60.0157s

---------------------------

Largura da faixa = 97
Melhor altura = 502

Lower Bound 1 = 412
Lower Bound 2 = 121
Avaliação = 1.21845

Tempo de execução: 60.0532s

---------------------------

