Largura da faixa = 112
Melhor altura = 419

Lower Bound 1 = 357
Lower Bound 2 = 233
Avaliação = 1.17367

Tempo de execução: 60.0014s

---------------------------

Largura da faixa = 112
Melhor altura = 431

Lower Bound 1 = 357
Lower Bound 2 = 233
Avaliação = 1.20728

Tempo de execução: 60.0016s

---------------------------

Largura da faixa = 112
Melhor altura = 424

Lower Bound 1 = 357
Lower Bound 2 = 233
Avaliação = 1.18768

Tempo de execução: 60.0027s

---------------------------

Largura da faixa = 112
Melhor altura = 428

Lower Bound 1 = 357
Lower Bound 2 = 233
Avaliação = 1.19888

Tempo de execução: 60s

---------------------------

Largura da faixa = 112
Melhor altura = 427

Lower Bound 1 = 357
Lower Bound 2 = 233
Avaliação = 1.19608

Tempo de execução: 60.0035s

---------------------------

Largura da faixa = 112
Melhor altura = 423

Lower Bound 1 = 357
Lower Bound 2 = 233
Avaliação = 1.18487

Tempo de execução: 60.0061s

---------------------------

Largura da faixa = 112
Melhor altura = 428

Lower Bound 1 = 357
Lower Bound 2 = 233
Avaliação = 1.19888

Tempo de execução: 60.0009s

---------------------------

Largura da faixa = 112
Melhor altura = 428

Lower Bound 1 = 357
Lower Bound 2 = 233
Avaliação = 1.19888

Tempo de execução: 60.0001s

---------------------------

Largura da faixa = 112
Melhor altura = 432

Lower Bound 1 = 357
Lower Bound 2 = 233
Avaliação = 1.21008

Tempo de execução: 60.0019s

---------------------------

Largura da faixa = 112
Melhor altura = 419

Lower Bound 1 = 357
Lower Bound 2 = 233
Avaliação = 1.17367

Tempo de execução: 60.0017s

---------------------------

Largura da faixa = 112
Melhor altura = 422

Lower Bound 1 = 357
Lower Bound 2 = 233
Avaliação = 1.18207

Tempo de execução: 60.0017s

---------------------------

Largura da faixa = 112
Melhor altura = 415

Lower Bound 1 = 357
Lower Bound 2 = 233
Avaliação = 1.16246

Tempo de execução: 60.0025s

---------------------------

Largura da faixa = 112
Melhor altura = 430

Lower Bound 1 = 357
Lower Bound 2 = 233
Avaliação = 1.20448

Tempo de execução: 60.0002s

---------------------------

Largura da faixa = 112
Melhor altura = 429

Lower Bound 1 = 357
Lower Bound 2 = 233
Avaliação = 1.20168

Tempo de execução: 60.0004s

---------------------------

Largura da faixa = 112
Melhor altura = 432

Lower Bound 1 = 357
Lower Bound 2 = 233
Avaliação = 1.21008

Tempo de execução: 60.0073s

---------------------------

Largura da faixa = 112
Melhor altura = 428

Lower Bound 1 = 357
Lower Bound 2 = 233
Avaliação = 1.19888

Tempo de execução: 60.0017s

---------------------------

Largura da faixa = 112
Melhor altura = 421

Lower Bound 1 = 357
Lower Bound 2 = 233
Avaliação = 1.17927

Tempo de execução: 60.0028s

---------------------------

Largura da faixa = 112
Melhor altura = 419

Lower Bound 1 = 357
Lower Bound 2 = 233
Avaliação = 1.17367

Tempo de execução: 60.0033s

---------------------------

Largura da faixa = 112
Melhor altura = 415

Lower Bound 1 = 357
Lower Bound 2 = 233
Avaliação = 1.16246

Tempo de execução: 60.0007s

---------------------------

Largura da faixa = 112
Melhor altura = 420

Lower Bound 1 = 357
Lower Bound 2 = 233
Avaliação = 1.17647

Tempo de execução: 60.002s

---------------------------

