Largura da faixa = 114
Melhor altura = 408

Lower Bound 1 = 350
Lower Bound 2 = 275
Avaliação = 1.16571

Tempo de execução: 60.0001s

---------------------------

Largura da faixa = 114
Melhor altura = 411

Lower Bound 1 = 350
Lower Bound 2 = 275
Avaliação = 1.17429

Tempo de execução: 60.0004s

---------------------------

Largura da faixa = 114
Melhor altura = 411

Lower Bound 1 = 350
Lower Bound 2 = 275
Avaliação = 1.17429

Tempo de execução: 60.0003s

---------------------------

Largura da faixa = 114
Melhor altura = 408

Lower Bound 1 = 350
Lower Bound 2 = 275
Avaliação = 1.16571

Tempo de execução: 60.0004s

---------------------------

Largura da faixa = 114
Melhor altura = 410

Lower Bound 1 = 350
Lower Bound 2 = 275
Avaliação = 1.17143

Tempo de execução: 60s

---------------------------

Largura da faixa = 114
Melhor altura = 411

Lower Bound 1 = 350
Lower Bound 2 = 275
Avaliação = 1.17429

Tempo de execução: 60.0003s

---------------------------

Largura da faixa = 114
Melhor altura = 410

Lower Bound 1 = 350
Lower Bound 2 = 275
Avaliação = 1.17143

Tempo de execução: 60.0001s

---------------------------

Largura da faixa = 114
Melhor altura = 411

Lower Bound 1 = 350
Lower Bound 2 = 275
Avaliação = 1.17429

Tempo de execução: 60s

---------------------------

Largura da faixa = 114
Melhor altura = 410

Lower Bound 1 = 350
Lower Bound 2 = 275
Avaliação = 1.17143

Tempo de execução: 60s

---------------------------

Largura da faixa = 114
Melhor altura = 409

Lower Bound 1 = 350
Lower Bound 2 = 275
Avaliação = 1.16857

Tempo de execução: 60.0001s

---------------------------

Largura da faixa = 114
Melhor altura = 409

Lower Bound 1 = 350
Lower Bound 2 = 275
Avaliação = 1.16857

Tempo de execução: 60.0003s

---------------------------

Largura da faixa = 114
Melhor altura = 411

Lower Bound 1 = 350
Lower Bound 2 = 275
Avaliação = 1.17429

Tempo de execução: 60.0008s

---------------------------

Largura da faixa = 114
Melhor altura = 410

Lower Bound 1 = 350
Lower Bound 2 = 275
Avaliação = 1.17143

Tempo de execução: 60s

---------------------------

Largura da faixa = 114
Melhor altura = 411

Lower Bound 1 = 350
Lower Bound 2 = 275
Avaliação = 1.17429

Tempo de execução: 60.0001s

---------------------------

Largura da faixa = 114
Melhor altura = 411

Lower Bound 1 = 350
Lower Bound 2 = 275
Avaliação = 1.17429

Tempo de execução: 60.0004s

---------------------------

Largura da faixa = 114
Melhor altura = 408

Lower Bound 1 = 350
Lower Bound 2 = 275
Avaliação = 1.16571

Tempo de execução: 60.0002s

---------------------------

Largura da faixa = 114
Melhor altura = 408

Lower Bound 1 = 350
Lower Bound 2 = 275
Avaliação = 1.16571

Tempo de execução: 60.0004s

---------------------------

Largura da faixa = 114
Melhor altura = 410

Lower Bound 1 = 350
Lower Bound 2 = 275
Avaliação = 1.17143

Tempo de execução: 60.0001s

---------------------------

Largura da faixa = 114
Melhor altura = 409

Lower Bound 1 = 350
Lower Bound 2 = 275
Avaliação = 1.16857

Tempo de execução: 60.0002s

---------------------------

Largura da faixa = 114
Melhor altura = 409

Lower Bound 1 = 350
Lower Bound 2 = 275
Avaliação = 1.16857

Tempo de execução: 60.0002s

---------------------------

