Largura da faixa = 116
Melhor altura = 448

Lower Bound 1 = 344
Lower Bound 2 = 234
Avaliação = 1.30233

Tempo de execução: 60.0012s

---------------------------

Largura da faixa = 116
Melhor altura = 452

Lower Bound 1 = 344
Lower Bound 2 = 234
Avaliação = 1.31395

Tempo de execução: 60.0037s

---------------------------

Largura da faixa = 116
Melhor altura = 469

Lower Bound 1 = 344
Lower Bound 2 = 234
Avaliação = 1.36337

Tempo de execução: 60.004s

---------------------------

Largura da faixa = 116
Melhor altura = 459

Lower Bound 1 = 344
Lower Bound 2 = 234
Avaliação = 1.3343

Tempo de execução: 60.0015s

---------------------------

Largura da faixa = 116
Melhor altura = 456

Lower Bound 1 = 344
Lower Bound 2 = 234
Avaliação = 1.32558

Tempo de execução: 60.0041s

---------------------------

Largura da faixa = 116
Melhor altura = 453

Lower Bound 1 = 344
Lower Bound 2 = 234
Avaliação = 1.31686

Tempo de execução: 60.0115s

---------------------------

Largura da faixa = 116
Melhor altura = 464

Lower Bound 1 = 344
Lower Bound 2 = 234
Avaliação = 1.34884

Tempo de execução: 60.0026s

---------------------------

Largura da faixa = 116
Melhor altura = 455

Lower Bound 1 = 344
Lower Bound 2 = 234
Avaliação = 1.32267

Tempo de execução: 60.003s

---------------------------

Largura da faixa = 116
Melhor altura = 470

Lower Bound 1 = 344
Lower Bound 2 = 234
Avaliação = 1.36628

Tempo de execução: 60.0077s

---------------------------

Largura da faixa = 116
Melhor altura = 430

Lower Bound 1 = 344
Lower Bound 2 = 234
Avaliação = 1.25

Tempo de execução: 60.004s

---------------------------

Largura da faixa = 116
Melhor altura = 460

Lower Bound 1 = 344
Lower Bound 2 = 234
Avaliação = 1.33721

Tempo de execução: 60.0036s

---------------------------

Largura da faixa = 116
Melhor altura = 443

Lower Bound 1 = 344
Lower Bound 2 = 234
Avaliação = 1.28779

Tempo de execução: 60.0089s

---------------------------

Largura da faixa = 116
Melhor altura = 457

Lower Bound 1 = 344
Lower Bound 2 = 234
Avaliação = 1.32849

Tempo de execução: 60.0004s

---------------------------

Largura da faixa = 116
Melhor altura = 461

Lower Bound 1 = 344
Lower Bound 2 = 234
Avaliação = 1.34012

Tempo de execução: 60.0051s

---------------------------

Largura da faixa = 116
Melhor altura = 464

Lower Bound 1 = 344
Lower Bound 2 = 234
Avaliação = 1.34884

Tempo de execução: 60.0067s

---------------------------

Largura da faixa = 116
Melhor altura = 465

Lower Bound 1 = 344
Lower Bound 2 = 234
Avaliação = 1.35174

Tempo de execução: 60.0002s

---------------------------

Largura da faixa = 116
Melhor altura = 449

Lower Bound 1 = 344
Lower Bound 2 = 234
Avaliação = 1.30523

Tempo de execução: 60.009s

---------------------------

Largura da faixa = 116
Melhor altura = 468

Lower Bound 1 = 344
Lower Bound 2 = 234
Avaliação = 1.36047

Tempo de execução: 60.0009s

---------------------------

Largura da faixa = 116
Melhor altura = 468

Lower Bound 1 = 344
Lower Bound 2 = 234
Avaliação = 1.36047

Tempo de execução: 60.0022s

---------------------------

Largura da faixa = 116
Melhor altura = 456

Lower Bound 1 = 344
Lower Bound 2 = 234
Avaliação = 1.32558

Tempo de execução: 60.009s

---------------------------

