Largura da faixa = 116
Melhor altura = 420

Lower Bound 1 = 344
Lower Bound 2 = 234
Avaliação = 1.22093

Tempo de execução: 60.0013s

---------------------------

Largura da faixa = 116
Melhor altura = 411

Lower Bound 1 = 344
Lower Bound 2 = 234
Avaliação = 1.19477

Tempo de execução: 60.0039s

---------------------------

Largura da faixa = 116
Melhor altura = 429

Lower Bound 1 = 344
Lower Bound 2 = 234
Avaliação = 1.24709

Tempo de execução: 60.0118s

---------------------------

Largura da faixa = 116
Melhor altura = 411

Lower Bound 1 = 344
Lower Bound 2 = 234
Avaliação = 1.19477

Tempo de execução: 60.0005s

---------------------------

Largura da faixa = 116
Melhor altura = 428

Lower Bound 1 = 344
Lower Bound 2 = 234
Avaliação = 1.24419

Tempo de execução: 60.0039s

---------------------------

Largura da faixa = 116
Melhor altura = 425

Lower Bound 1 = 344
Lower Bound 2 = 234
Avaliação = 1.23547

Tempo de execução: 60.011s

---------------------------

Largura da faixa = 116
Melhor altura = 432

Lower Bound 1 = 344
Lower Bound 2 = 234
Avaliação = 1.25581

Tempo de execução: 60.0042s

---------------------------

Largura da faixa = 116
Melhor altura = 422

Lower Bound 1 = 344
Lower Bound 2 = 234
Avaliação = 1.22674

Tempo de execução: 60.0118s

---------------------------

Largura da faixa = 116
Melhor altura = 427

Lower Bound 1 = 344
Lower Bound 2 = 234
Avaliação = 1.24128

Tempo de execução: 60.0025s

---------------------------

Largura da faixa = 116
Melhor altura = 419

Lower Bound 1 = 344
Lower Bound 2 = 234
Avaliação = 1.21802

Tempo de execução: 60.0026s

---------------------------

Largura da faixa = 116
Melhor altura = 422

Lower Bound 1 = 344
Lower Bound 2 = 234
Avaliação = 1.22674

Tempo de execução: 60.0018s

---------------------------

Largura da faixa = 116
Melhor altura = 416

Lower Bound 1 = 344
Lower Bound 2 = 234
Avaliação = 1.2093

Tempo de execução: 60.0014s

---------------------------

Largura da faixa = 116
Melhor altura = 419

Lower Bound 1 = 344
Lower Bound 2 = 234
Avaliação = 1.21802

Tempo de execução: 60s

---------------------------

Largura da faixa = 116
Melhor altura = 436

Lower Bound 1 = 344
Lower Bound 2 = 234
Avaliação = 1.26744

Tempo de execução: 60.01s

---------------------------

Largura da faixa = 116
Melhor altura = 425

Lower Bound 1 = 344
Lower Bound 2 = 234
Avaliação = 1.23547

Tempo de execução: 60.0112s

---------------------------

Largura da faixa = 116
Melhor altura = 431

Lower Bound 1 = 344
Lower Bound 2 = 234
Avaliação = 1.25291

Tempo de execução: 60.0044s

---------------------------

Largura da faixa = 116
Melhor altura = 408

Lower Bound 1 = 344
Lower Bound 2 = 234
Avaliação = 1.18605

Tempo de execução: 60.0029s

---------------------------

Largura da faixa = 116
Melhor altura = 430

Lower Bound 1 = 344
Lower Bound 2 = 234
Avaliação = 1.25

Tempo de execução: 60.0085s

---------------------------

Largura da faixa = 116
Melhor altura = 409

Lower Bound 1 = 344
Lower Bound 2 = 234
Avaliação = 1.18895

Tempo de execução: 60.0018s

---------------------------

Largura da faixa = 116
Melhor altura = 423

Lower Bound 1 = 344
Lower Bound 2 = 234
Avaliação = 1.22965

Tempo de execução: 60.0027s

---------------------------

