Largura da faixa = 159
Melhor altura = 451

Lower Bound 1 = 251
Lower Bound 2 = 420
Avaliação = 1.07381

Tempo de execução: 60s

---------------------------

Largura da faixa = 159
Melhor altura = 451

Lower Bound 1 = 251
Lower Bound 2 = 420
Avaliação = 1.07381

Tempo de execução: 60.0008s

---------------------------

Largura da faixa = 159
Melhor altura = 451

Lower Bound 1 = 251
Lower Bound 2 = 420
Avaliação = 1.07381

Tempo de execução: 60.0008s

---------------------------

Largura da faixa = 159
Melhor altura = 451

Lower Bound 1 = 251
Lower Bound 2 = 420
Avaliação = 1.07381

Tempo de execução: 60.0004s

---------------------------

Largura da faixa = 159
Melhor altura = 451

Lower Bound 1 = 251
Lower Bound 2 = 420
Avaliação = 1.07381

Tempo de execução: 60.0007s

---------------------------

Largura da faixa = 159
Melhor altura = 451

Lower Bound 1 = 251
Lower Bound 2 = 420
Avaliação = 1.07381

Tempo de execução: 60.0003s

---------------------------

Largura da faixa = 159
Melhor altura = 451

Lower Bound 1 = 251
Lower Bound 2 = 420
Avaliação = 1.07381

Tempo de execução: 60.0001s

---------------------------

Largura da faixa = 159
Melhor altura = 451

Lower Bound 1 = 251
Lower Bound 2 = 420
Avaliação = 1.07381

Tempo de execução: 60.0003s

---------------------------

Largura da faixa = 159
Melhor altura = 451

Lower Bound 1 = 251
Lower Bound 2 = 420
Avaliação = 1.07381

Tempo de execução: 60.0007s

---------------------------

Largura da faixa = 159
Melhor altura = 451

Lower Bound 1 = 251
Lower Bound 2 = 420
Avaliação = 1.07381

Tempo de execução: 60.0003s

---------------------------

Largura da faixa = 159
Melhor altura = 451

Lower Bound 1 = 251
Lower Bound 2 = 420
Avaliação = 1.07381

Tempo de execução: 60.0003s

---------------------------

Largura da faixa = 159
Melhor altura = 451

Lower Bound 1 = 251
Lower Bound 2 = 420
Avaliação = 1.07381

Tempo de execução: 60.0004s

---------------------------

Largura da faixa = 159
Melhor altura = 451

Lower Bound 1 = 251
Lower Bound 2 = 420
Avaliação = 1.07381

Tempo de execução: 60.0004s

---------------------------

Largura da faixa = 159
Melhor altura = 451

Lower Bound 1 = 251
Lower Bound 2 = 420
Avaliação = 1.07381

Tempo de execução: 60.0008s

---------------------------

Largura da faixa = 159
Melhor altura = 451

Lower Bound 1 = 251
Lower Bound 2 = 420
Avaliação = 1.07381

Tempo de execução: 60.001s

---------------------------

Largura da faixa = 159
Melhor altura = 451

Lower Bound 1 = 251
Lower Bound 2 = 420
Avaliação = 1.07381

Tempo de execução: 60.0002s

---------------------------

Largura da faixa = 159
Melhor altura = 451

Lower Bound 1 = 251
Lower Bound 2 = 420
Avaliação = 1.07381

Tempo de execução: 60.0001s

---------------------------

Largura da faixa = 159
Melhor altura = 451

Lower Bound 1 = 251
Lower Bound 2 = 420
Avaliação = 1.07381

Tempo de execução: 60s

---------------------------

Largura da faixa = 159
Melhor altura = 451

Lower Bound 1 = 251
Lower Bound 2 = 420
Avaliação = 1.07381

Tempo de execução: 60.0005s

---------------------------

Largura da faixa = 159
Melhor altura = 451

Lower Bound 1 = 251
Lower Bound 2 = 420
Avaliação = 1.07381

Tempo de execução: 60s

---------------------------

