Largura da faixa = 97
Melhor altura = 497

Lower Bound 1 = 412
Lower Bound 2 = 286
Avaliação = 1.20631

Tempo de execução: 60.0013s

---------------------------

Largura da faixa = 97
Melhor altura = 485

Lower Bound 1 = 412
Lower Bound 2 = 286
Avaliação = 1.17718

Tempo de execução: 60.0021s

---------------------------

Largura da faixa = 97
Melhor altura = 499

Lower Bound 1 = 412
Lower Bound 2 = 286
Avaliação = 1.21117

Tempo de execução: 60.0058s

---------------------------

Largura da faixa = 97
Melhor altura = 506

Lower Bound 1 = 412
Lower Bound 2 = 286
Avaliação = 1.22816

Tempo de execução: 60.0005s

---------------------------

Largura da faixa = 97
Melhor altura = 501

Lower Bound 1 = 412
Lower Bound 2 = 286
Avaliação = 1.21602

Tempo de execução: 60.0016s

---------------------------

Largura da faixa = 97
Melhor altura = 499

Lower Bound 1 = 412
Lower Bound 2 = 286
Avaliação = 1.21117

Tempo de execução: 60.0036s

---------------------------

Largura da faixa = 97
Melhor altura = 511

Lower Bound 1 = 412
Lower Bound 2 = 286
Avaliação = 1.24029

Tempo de execução: 60.0009s

---------------------------

Largura da faixa = 97
Melhor altura = 505

Lower Bound 1 = 412
Lower Bound 2 = 286
Avaliação = 1.22573

Tempo de execução: 60.0049s

---------------------------

Largura da faixa = 97
Melhor altura = 519

Lower Bound 1 = 412
Lower Bound 2 = 286
Avaliação = 1.25971

Tempo de execução: 60.006s

---------------------------

Largura da faixa = 97
Melhor altura = 507

Lower Bound 1 = 412
Lower Bound 2 = 286
Avaliação = 1.23058

Tempo de execução: 60.0003s

---------------------------

Largura da faixa = 97
Melhor altura = 511

Lower Bound 1 = 412
Lower Bound 2 = 286
Avaliação = 1.24029

Tempo de execução: 60.0007s

---------------------------

Largura da faixa = 97
Melhor altura = 505

Lower Bound 1 = 412
Lower Bound 2 = 286
Avaliação = 1.22573

Tempo de execução: 60.0057s

---------------------------

Largura da faixa = 97
Melhor altura = 506

Lower Bound 1 = 412
Lower Bound 2 = 286
Avaliação = 1.22816

Tempo de execução: 60.0001s

---------------------------

Largura da faixa = 97
Melhor altura = 490

Lower Bound 1 = 412
Lower Bound 2 = 286
Avaliação = 1.18932

Tempo de execução: 60.0009s

---------------------------

Largura da faixa = 97
Melhor altura = 507

Lower Bound 1 = 412
Lower Bound 2 = 286
Avaliação = 1.23058

Tempo de execução: 60.0023s

---------------------------

Largura da faixa = 97
Melhor altura = 506

Lower Bound 1 = 412
Lower Bound 2 = 286
Avaliação = 1.22816

Tempo de execução: 60.0003s

---------------------------

Largura da faixa = 97
Melhor altura = 501

Lower Bound 1 = 412
Lower Bound 2 = 286
Avaliação = 1.21602

Tempo de execução: 60.0003s

---------------------------

Largura da faixa = 97
Melhor altura = 511

Lower Bound 1 = 412
Lower Bound 2 = 286
Avaliação = 1.24029

Tempo de execução: 60.0013s

---------------------------

Largura da faixa = 97
Melhor altura = 502

Lower Bound 1 = 412
Lower Bound 2 = 286
Avaliação = 1.21845

Tempo de execução: 60.0015s

---------------------------

Largura da faixa = 97
Melhor altura = 497

Lower Bound 1 = 412
Lower Bound 2 = 286
Avaliação = 1.20631

Tempo de execução: 60.0042s

---------------------------

