Largura da faixa = 123
Melhor altura = 399

Lower Bound 1 = 325
Lower Bound 2 = 246
Avaliação = 1.22769

Tempo de execução: 60s

---------------------------

Largura da faixa = 123
Melhor altura = 386

Lower Bound 1 = 325
Lower Bound 2 = 246
Avaliação = 1.18769

Tempo de execução: 60.0012s

---------------------------

Largura da faixa = 123
Melhor altura = 395

Lower Bound 1 = 325
Lower Bound 2 = 246
Avaliação = 1.21538

Tempo de execução: 60.0074s

---------------------------

Largura da faixa = 123
Melhor altura = 394

Lower Bound 1 = 325
Lower Bound 2 = 246
Avaliação = 1.21231

Tempo de execução: 60s

---------------------------

Largura da faixa = 123
Melhor altura = 388

Lower Bound 1 = 325
Lower Bound 2 = 246
Avaliação = 1.19385

Tempo de execução: 60.0003s

---------------------------

Largura da faixa = 123
Melhor altura = 398

Lower Bound 1 = 325
Lower Bound 2 = 246
Avaliação = 1.22462

Tempo de execução: 60.002s

---------------------------

Largura da faixa = 123
Melhor altura = 392

Lower Bound 1 = 325
Lower Bound 2 = 246
Avaliação = 1.20615

Tempo de execução: 60.0003s

---------------------------

Largura da faixa = 123
Melhor altura = 391

Lower Bound 1 = 325
Lower Bound 2 = 246
Avaliação = 1.20308

Tempo de execução: 60.001s

---------------------------

Largura da faixa = 123
Melhor altura = 387

Lower Bound 1 = 325
Lower Bound 2 = 246
Avaliação = 1.19077

Tempo de execução: 60.0035s

---------------------------

Largura da faixa = 123
Melhor altura = 398

Lower Bound 1 = 325
Lower Bound 2 = 246
Avaliação = 1.22462

Tempo de execução: 60.0007s

---------------------------

Largura da faixa = 123
Melhor altura = 394

Lower Bound 1 = 325
Lower Bound 2 = 246
Avaliação = 1.21231

Tempo de execução: 60.0013s

---------------------------

Largura da faixa = 123
Melhor altura = 396

Lower Bound 1 = 325
Lower Bound 2 = 246
Avaliação = 1.21846

Tempo de execução: 60.0012s

---------------------------

Largura da faixa = 123
Melhor altura = 394

Lower Bound 1 = 325
Lower Bound 2 = 246
Avaliação = 1.21231

Tempo de execução: 60.0037s

---------------------------

Largura da faixa = 123
Melhor altura = 394

Lower Bound 1 = 325
Lower Bound 2 = 246
Avaliação = 1.21231

Tempo de execução: 60.0004s

---------------------------

Largura da faixa = 123
Melhor altura = 394

Lower Bound 1 = 325
Lower Bound 2 = 246
Avaliação = 1.21231

Tempo de execução: 60.0046s

---------------------------

Largura da faixa = 123
Melhor altura = 385

Lower Bound 1 = 325
Lower Bound 2 = 246
Avaliação = 1.18462

Tempo de execução: 60.0011s

---------------------------

Largura da faixa = 123
Melhor altura = 396

Lower Bound 1 = 325
Lower Bound 2 = 246
Avaliação = 1.21846

Tempo de execução: 60.0035s

---------------------------

Largura da faixa = 123
Melhor altura = 391

Lower Bound 1 = 325
Lower Bound 2 = 246
Avaliação = 1.20308

Tempo de execução: 60.0052s

---------------------------

Largura da faixa = 123
Melhor altura = 400

Lower Bound 1 = 325
Lower Bound 2 = 246
Avaliação = 1.23077

Tempo de execução: 60.001s

---------------------------

Largura da faixa = 123
Melhor altura = 390

Lower Bound 1 = 325
Lower Bound 2 = 246
Avaliação = 1.2

Tempo de execução: 60.0059s

---------------------------

