Largura da faixa = 178
Melhor altura = 257

Lower Bound 1 = 224
Lower Bound 2 = 178
Avaliação = 1.14732

Tempo de execução: 60.0001s

---------------------------

Largura da faixa = 178
Melhor altura = 257

Lower Bound 1 = 224
Lower Bound 2 = 178
Avaliação = 1.14732

Tempo de execução: 60.0001s

---------------------------

Largura da faixa = 178
Melhor altura = 257

Lower Bound 1 = 224
Lower Bound 2 = 178
Avaliação = 1.14732

Tempo de execução: 60.0002s

---------------------------

Largura da faixa = 178
Melhor altura = 257

Lower Bound 1 = 224
Lower Bound 2 = 178
Avaliação = 1.14732

Tempo de execução: 60.0001s

---------------------------

Largura da faixa = 178
Melhor altura = 257

Lower Bound 1 = 224
Lower Bound 2 = 178
Avaliação = 1.14732

Tempo de execução: 60.0002s

---------------------------

Largura da faixa = 178
Melhor altura = 257

Lower Bound 1 = 224
Lower Bound 2 = 178
Avaliação = 1.14732

Tempo de execução: 60.0001s

---------------------------

Largura da faixa = 178
Melhor altura = 257

Lower Bound 1 = 224
Lower Bound 2 = 178
Avaliação = 1.14732

Tempo de execução: 60s

---------------------------

Largura da faixa = 178
Melhor altura = 257

Lower Bound 1 = 224
Lower Bound 2 = 178
Avaliação = 1.14732

Tempo de execução: 60s

---------------------------

Largura da faixa = 178
Melhor altura = 257

Lower Bound 1 = 224
Lower Bound 2 = 178
Avaliação = 1.14732

Tempo de execução: 60.0001s

---------------------------

Largura da faixa = 178
Melhor altura = 257

Lower Bound 1 = 224
Lower Bound 2 = 178
Avaliação = 1.14732

Tempo de execução: 60.0001s

---------------------------

Largura da faixa = 178
Melhor altura = 257

Lower Bound 1 = 224
Lower Bound 2 = 178
Avaliação = 1.14732

Tempo de execução: 60.0001s

---------------------------

Largura da faixa = 178
Melhor altura = 257

Lower Bound 1 = 224
Lower Bound 2 = 178
Avaliação = 1.14732

Tempo de execução: 60.0002s

---------------------------

Largura da faixa = 178
Melhor altura = 257

Lower Bound 1 = 224
Lower Bound 2 = 178
Avaliação = 1.14732

Tempo de execução: 60.0001s

---------------------------

Largura da faixa = 178
Melhor altura = 257

Lower Bound 1 = 224
Lower Bound 2 = 178
Avaliação = 1.14732

Tempo de execução: 60.0003s

---------------------------

Largura da faixa = 178
Melhor altura = 257

Lower Bound 1 = 224
Lower Bound 2 = 178
Avaliação = 1.14732

Tempo de execução: 60.0001s

---------------------------

Largura da faixa = 178
Melhor altura = 257

Lower Bound 1 = 224
Lower Bound 2 = 178
Avaliação = 1.14732

Tempo de execução: 60.0001s

---------------------------

Largura da faixa = 178
Melhor altura = 257

Lower Bound 1 = 224
Lower Bound 2 = 178
Avaliação = 1.14732

Tempo de execução: 60s

---------------------------

Largura da faixa = 178
Melhor altura = 257

Lower Bound 1 = 224
Lower Bound 2 = 178
Avaliação = 1.14732

Tempo de execução: 60.0001s

---------------------------

Largura da faixa = 178
Melhor altura = 257

Lower Bound 1 = 224
Lower Bound 2 = 178
Avaliação = 1.14732

Tempo de execução: 60.0001s

---------------------------

Largura da faixa = 178
Melhor altura = 257

Lower Bound 1 = 224
Lower Bound 2 = 178
Avaliação = 1.14732

Tempo de execução: 60s

---------------------------

