Largura da faixa = 119
Melhor altura = 386

Lower Bound 1 = 336
Lower Bound 2 = 282
Avaliação = 1.14881

Tempo de execução: 60s

---------------------------

Largura da faixa = 119
Melhor altura = 386

Lower Bound 1 = 336
Lower Bound 2 = 282
Avaliação = 1.14881

Tempo de execução: 60.0002s

---------------------------

Largura da faixa = 119
Melhor altura = 386

Lower Bound 1 = 336
Lower Bound 2 = 282
Avaliação = 1.14881

Tempo de execução: 60s

---------------------------

Largura da faixa = 119
Melhor altura = 386

Lower Bound 1 = 336
Lower Bound 2 = 282
Avaliação = 1.14881

Tempo de execução: 60s

---------------------------

Largura da faixa = 119
Melhor altura = 386

Lower Bound 1 = 336
Lower Bound 2 = 282
Avaliação = 1.14881

Tempo de execução: 60.0002s

---------------------------

Largura da faixa = 119
Melhor altura = 386

Lower Bound 1 = 336
Lower Bound 2 = 282
Avaliação = 1.14881

Tempo de execução: 60.0002s

---------------------------

Largura da faixa = 119
Melhor altura = 386

Lower Bound 1 = 336
Lower Bound 2 = 282
Avaliação = 1.14881

Tempo de execução: 60s

---------------------------

Largura da faixa = 119
Melhor altura = 386

Lower Bound 1 = 336
Lower Bound 2 = 282
Avaliação = 1.14881

Tempo de execução: 60s

---------------------------

Largura da faixa = 119
Melhor altura = 386

Lower Bound 1 = 336
Lower Bound 2 = 282
Avaliação = 1.14881

Tempo de execução: 60s

---------------------------

Largura da faixa = 119
Melhor altura = 386

Lower Bound 1 = 336
Lower Bound 2 = 282
Avaliação = 1.14881

Tempo de execução: 60s

---------------------------

Largura da faixa = 119
Melhor altura = 386

Lower Bound 1 = 336
Lower Bound 2 = 282
Avaliação = 1.14881

Tempo de execução: 60.0001s

---------------------------

Largura da faixa = 119
Melhor altura = 386

Lower Bound 1 = 336
Lower Bound 2 = 282
Avaliação = 1.14881

Tempo de execução: 60.0002s

---------------------------

Largura da faixa = 119
Melhor altura = 386

Lower Bound 1 = 336
Lower Bound 2 = 282
Avaliação = 1.14881

Tempo de execução: 60s

---------------------------

Largura da faixa = 119
Melhor altura = 386

Lower Bound 1 = 336
Lower Bound 2 = 282
Avaliação = 1.14881

Tempo de execução: 60.0002s

---------------------------

Largura da faixa = 119
Melhor altura = 386

Lower Bound 1 = 336
Lower Bound 2 = 282
Avaliação = 1.14881

Tempo de execução: 60.0005s

---------------------------

Largura da faixa = 119
Melhor altura = 386

Lower Bound 1 = 336
Lower Bound 2 = 282
Avaliação = 1.14881

Tempo de execução: 60.0001s

---------------------------

Largura da faixa = 119
Melhor altura = 386

Lower Bound 1 = 336
Lower Bound 2 = 282
Avaliação = 1.14881

Tempo de execução: 60s

---------------------------

Largura da faixa = 119
Melhor altura = 386

Lower Bound 1 = 336
Lower Bound 2 = 282
Avaliação = 1.14881

Tempo de execução: 60.0001s

---------------------------

Largura da faixa = 119
Melhor altura = 386

Lower Bound 1 = 336
Lower Bound 2 = 282
Avaliação = 1.14881

Tempo de execução: 60.0001s

---------------------------

Largura da faixa = 119
Melhor altura = 386

Lower Bound 1 = 336
Lower Bound 2 = 282
Avaliação = 1.14881

Tempo de execução: 60.0001s

---------------------------

