Largura da faixa = 109
Melhor altura = 428

Lower Bound 1 = 366
Lower Bound 2 = 353
Avaliação = 1.1694

Tempo de execução: 60s

---------------------------

Largura da faixa = 109
Melhor altura = 435

Lower Bound 1 = 366
Lower Bound 2 = 353
Avaliação = 1.18852

Tempo de execução: 60.0001s

---------------------------

Largura da faixa = 109
Melhor altura = 430

Lower Bound 1 = 366
Lower Bound 2 = 353
Avaliação = 1.17486

Tempo de execução: 60.0002s

---------------------------

Largura da faixa = 109
Melhor altura = 435

Lower Bound 1 = 366
Lower Bound 2 = 353
Avaliação = 1.18852

Tempo de execução: 60.0004s

---------------------------

Largura da faixa = 109
Melhor altura = 435

Lower Bound 1 = 366
Lower Bound 2 = 353
Avaliação = 1.18852

Tempo de execução: 60.0005s

---------------------------

Largura da faixa = 109
Melhor altura = 432

Lower Bound 1 = 366
Lower Bound 2 = 353
Avaliação = 1.18033

Tempo de execução: 60.0007s

---------------------------

Largura da faixa = 109
Melhor altura = 430

Lower Bound 1 = 366
Lower Bound 2 = 353
Avaliação = 1.17486

Tempo de execução: 60s

---------------------------

Largura da faixa = 109
Melhor altura = 428

Lower Bound 1 = 366
Lower Bound 2 = 353
Avaliação = 1.1694

Tempo de execução: 60.0002s

---------------------------

Largura da faixa = 109
Melhor altura = 435

Lower Bound 1 = 366
Lower Bound 2 = 353
Avaliação = 1.18852

Tempo de execução: 60.0008s

---------------------------

Largura da faixa = 109
Melhor altura = 432

Lower Bound 1 = 366
Lower Bound 2 = 353
Avaliação = 1.18033

Tempo de execução: 60s

---------------------------

Largura da faixa = 109
Melhor altura = 432

Lower Bound 1 = 366
Lower Bound 2 = 353
Avaliação = 1.18033

Tempo de execução: 60.0004s

---------------------------

Largura da faixa = 109
Melhor altura = 434

Lower Bound 1 = 366
Lower Bound 2 = 353
Avaliação = 1.18579

Tempo de execução: 60.0008s

---------------------------

Largura da faixa = 109
Melhor altura = 429

Lower Bound 1 = 366
Lower Bound 2 = 353
Avaliação = 1.17213

Tempo de execução: 60.0004s

---------------------------

Largura da faixa = 109
Melhor altura = 428

Lower Bound 1 = 366
Lower Bound 2 = 353
Avaliação = 1.1694

Tempo de execução: 60.0005s

---------------------------

Largura da faixa = 109
Melhor altura = 429

Lower Bound 1 = 366
Lower Bound 2 = 353
Avaliação = 1.17213

Tempo de execução: 60.0017s

---------------------------

Largura da faixa = 109
Melhor altura = 432

Lower Bound 1 = 366
Lower Bound 2 = 353
Avaliação = 1.18033

Tempo de execução: 60.0001s

---------------------------

Largura da faixa = 109
Melhor altura = 435

Lower Bound 1 = 366
Lower Bound 2 = 353
Avaliação = 1.18852

Tempo de execução: 60.0003s

---------------------------

Largura da faixa = 109
Melhor altura = 431

Lower Bound 1 = 366
Lower Bound 2 = 353
Avaliação = 1.1776

Tempo de execução: 60.0002s

---------------------------

Largura da faixa = 109
Melhor altura = 428

Lower Bound 1 = 366
Lower Bound 2 = 353
Avaliação = 1.1694

Tempo de execução: 60.0002s

---------------------------

Largura da faixa = 109
Melhor altura = 435

Lower Bound 1 = 366
Lower Bound 2 = 353
Avaliação = 1.18852

Tempo de execução: 60.0001s

---------------------------

