Largura da faixa = 161
Melhor altura = 315

Lower Bound 1 = 248
Lower Bound 2 = 231
Avaliação = 1.27016

Tempo de execução: 60.0001s

---------------------------

Largura da faixa = 161
Melhor altura = 315

Lower Bound 1 = 248
Lower Bound 2 = 231
Avaliação = 1.27016

Tempo de execução: 60s

---------------------------

Largura da faixa = 161
Melhor altura = 315

Lower Bound 1 = 248
Lower Bound 2 = 231
Avaliação = 1.27016

Tempo de execução: 60.0002s

---------------------------

Largura da faixa = 161
Melhor altura = 315

Lower Bound 1 = 248
Lower Bound 2 = 231
Avaliação = 1.27016

Tempo de execução: 60s

---------------------------

Largura da faixa = 161
Melhor altura = 313

Lower Bound 1 = 248
Lower Bound 2 = 231
Avaliação = 1.2621

Tempo de execução: 60s

---------------------------

Largura da faixa = 161
Melhor altura = 315

Lower Bound 1 = 248
Lower Bound 2 = 231
Avaliação = 1.27016

Tempo de execução: 60s

---------------------------

Largura da faixa = 161
Melhor altura = 315

Lower Bound 1 = 248
Lower Bound 2 = 231
Avaliação = 1.27016

Tempo de execução: 60s

---------------------------

Largura da faixa = 161
Melhor altura = 312

Lower Bound 1 = 248
Lower Bound 2 = 231
Avaliação = 1.25806

Tempo de execução: 60.0001s

---------------------------

Largura da faixa = 161
Melhor altura = 315

Lower Bound 1 = 248
Lower Bound 2 = 231
Avaliação = 1.27016

Tempo de execução: 60.0001s

---------------------------

Largura da faixa = 161
Melhor altura = 315

Lower Bound 1 = 248
Lower Bound 2 = 231
Avaliação = 1.27016

Tempo de execução: 60s

---------------------------

Largura da faixa = 161
Melhor altura = 313

Lower Bound 1 = 248
Lower Bound 2 = 231
Avaliação = 1.2621

Tempo de execução: 60s

---------------------------

Largura da faixa = 161
Melhor altura = 315

Lower Bound 1 = 248
Lower Bound 2 = 231
Avaliação = 1.27016

Tempo de execução: 60.0002s

---------------------------

Largura da faixa = 161
Melhor altura = 315

Lower Bound 1 = 248
Lower Bound 2 = 231
Avaliação = 1.27016

Tempo de execução: 60.0002s

---------------------------

Largura da faixa = 161
Melhor altura = 315

Lower Bound 1 = 248
Lower Bound 2 = 231
Avaliação = 1.27016

Tempo de execução: 60s

---------------------------

Largura da faixa = 161
Melhor altura = 313

Lower Bound 1 = 248
Lower Bound 2 = 231
Avaliação = 1.2621

Tempo de execução: 60s

---------------------------

Largura da faixa = 161
Melhor altura = 315

Lower Bound 1 = 248
Lower Bound 2 = 231
Avaliação = 1.27016

Tempo de execução: 60s

---------------------------

Largura da faixa = 161
Melhor altura = 315

Lower Bound 1 = 248
Lower Bound 2 = 231
Avaliação = 1.27016

Tempo de execução: 60.0001s

---------------------------

Largura da faixa = 161
Melhor altura = 312

Lower Bound 1 = 248
Lower Bound 2 = 231
Avaliação = 1.25806

Tempo de execução: 60s

---------------------------

Largura da faixa = 161
Melhor altura = 315

Lower Bound 1 = 248
Lower Bound 2 = 231
Avaliação = 1.27016

Tempo de execução: 60s

---------------------------

Largura da faixa = 161
Melhor altura = 315

Lower Bound 1 = 248
Lower Bound 2 = 231
Avaliação = 1.27016

Tempo de execução: 60s

---------------------------

