Largura da faixa = 143
Melhor altura = 364

Lower Bound 1 = 279
Lower Bound 2 = 245
Avaliação = 1.30466

Tempo de execução: 60s

---------------------------

Largura da faixa = 143
Melhor altura = 364

Lower Bound 1 = 279
Lower Bound 2 = 245
Avaliação = 1.30466

Tempo de execução: 60.0001s

---------------------------

Largura da faixa = 143
Melhor altura = 364

Lower Bound 1 = 279
Lower Bound 2 = 245
Avaliação = 1.30466

Tempo de execução: 60.0002s

---------------------------

Largura da faixa = 143
Melhor altura = 364

Lower Bound 1 = 279
Lower Bound 2 = 245
Avaliação = 1.30466

Tempo de execução: 60s

---------------------------

Largura da faixa = 143
Melhor altura = 364

Lower Bound 1 = 279
Lower Bound 2 = 245
Avaliação = 1.30466

Tempo de execução: 60.0004s

---------------------------

Largura da faixa = 143
Melhor altura = 364

Lower Bound 1 = 279
Lower Bound 2 = 245
Avaliação = 1.30466

Tempo de execução: 60.0004s

---------------------------

Largura da faixa = 143
Melhor altura = 364

Lower Bound 1 = 279
Lower Bound 2 = 245
Avaliação = 1.30466

Tempo de execução: 60s

---------------------------

Largura da faixa = 143
Melhor altura = 364

Lower Bound 1 = 279
Lower Bound 2 = 245
Avaliação = 1.30466

Tempo de execução: 60.0003s

---------------------------

Largura da faixa = 143
Melhor altura = 364

Lower Bound 1 = 279
Lower Bound 2 = 245
Avaliação = 1.30466

Tempo de execução: 60.0009s

---------------------------

Largura da faixa = 143
Melhor altura = 362

Lower Bound 1 = 279
Lower Bound 2 = 245
Avaliação = 1.29749

Tempo de execução: 60s

---------------------------

Largura da faixa = 143
Melhor altura = 364

Lower Bound 1 = 279
Lower Bound 2 = 245
Avaliação = 1.30466

Tempo de execução: 60.0002s

---------------------------

Largura da faixa = 143
Melhor altura = 364

Lower Bound 1 = 279
Lower Bound 2 = 245
Avaliação = 1.30466

Tempo de execução: 60.001s

---------------------------

Largura da faixa = 143
Melhor altura = 366

Lower Bound 1 = 279
Lower Bound 2 = 245
Avaliação = 1.31183

Tempo de execução: 60.0004s

---------------------------

Largura da faixa = 143
Melhor altura = 364

Lower Bound 1 = 279
Lower Bound 2 = 245
Avaliação = 1.30466

Tempo de execução: 60.0006s

---------------------------

Largura da faixa = 143
Melhor altura = 366

Lower Bound 1 = 279
Lower Bound 2 = 245
Avaliação = 1.31183

Tempo de execução: 60.0006s

---------------------------

Largura da faixa = 143
Melhor altura = 364

Lower Bound 1 = 279
Lower Bound 2 = 245
Avaliação = 1.30466

Tempo de execução: 60.0003s

---------------------------

Largura da faixa = 143
Melhor altura = 364

Lower Bound 1 = 279
Lower Bound 2 = 245
Avaliação = 1.30466

Tempo de execução: 60.0001s

---------------------------

Largura da faixa = 143
Melhor altura = 364

Lower Bound 1 = 279
Lower Bound 2 = 245
Avaliação = 1.30466

Tempo de execução: 60.0004s

---------------------------

Largura da faixa = 143
Melhor altura = 364

Lower Bound 1 = 279
Lower Bound 2 = 245
Avaliação = 1.30466

Tempo de execução: 60.0002s

---------------------------

Largura da faixa = 143
Melhor altura = 364

Lower Bound 1 = 279
Lower Bound 2 = 245
Avaliação = 1.30466

Tempo de execução: 60.0001s

---------------------------

Largura da faixa = 143
Melhor altura = 364

Lower Bound 1 = 279
Lower Bound 2 = 245
Avaliação = 1.30466

Tempo de execução: 60.0001s

---------------------------

