Largura da faixa = 102
Melhor altura = 473

Lower Bound 1 = 392
Lower Bound 2 = 146
Avaliação = 1.20663

Tempo de execução: 60.0224s

---------------------------

Largura da faixa = 102
Melhor altura = 473

Lower Bound 1 = 392
Lower Bound 2 = 146
Avaliação = 1.20663

Tempo de execução: 60.0053s

---------------------------

Largura da faixa = 102
Melhor altura = 477

Lower Bound 1 = 392
Lower Bound 2 = 146
Avaliação = 1.21684

Tempo de execução: 60.0229s

---------------------------

Largura da faixa = 102
Melhor altura = 473

Lower Bound 1 = 392
Lower Bound 2 = 146
Avaliação = 1.20663

Tempo de execução: 60.0101s

---------------------------

Largura da faixa = 102
Melhor altura = 467

Lower Bound 1 = 392
Lower Bound 2 = 146
Avaliação = 1.19133

Tempo de execução: 60.0401s

---------------------------

Largura da faixa = 102
Melhor altura = 474

Lower Bound 1 = 392
Lower Bound 2 = 146
Avaliação = 1.20918

Tempo de execução: 60.0284s

---------------------------

Largura da faixa = 102
Melhor altura = 470

Lower Bound 1 = 392
Lower Bound 2 = 146
Avaliação = 1.19898

Tempo de execução: 60.0077s

---------------------------

Largura da faixa = 102
Melhor altura = 484

Lower Bound 1 = 392
Lower Bound 2 = 146
Avaliação = 1.23469

Tempo de execução: 60.0112s

---------------------------

Largura da faixa = 102
Melhor altura = 477

Lower Bound 1 = 392
Lower Bound 2 = 146
Avaliação = 1.21684

Tempo de execução: 60.0889s

---------------------------

Largura da faixa = 102
Melhor altura = 476

Lower Bound 1 = 392
Lower Bound 2 = 146
Avaliação = 1.21429

Tempo de execução: 60.0047s

---------------------------

Largura da faixa = 102
Melhor altura = 478

Lower Bound 1 = 392
Lower Bound 2 = 146
Avaliação = 1.21939

Tempo de execução: 60.0037s

---------------------------

Largura da faixa = 102
Melhor altura = 475

Lower Bound 1 = 392
Lower Bound 2 = 146
Avaliação = 1.21173

Tempo de execução: 60.018s

---------------------------

Largura da faixa = 102
Melhor altura = 473

Lower Bound 1 = 392
Lower Bound 2 = 146
Avaliação = 1.20663

Tempo de execução: 60.0173s

---------------------------

Largura da faixa = 102
Melhor altura = 475

Lower Bound 1 = 392
Lower Bound 2 = 146
Avaliação = 1.21173

Tempo de execução: 60.0699s

---------------------------

Largura da faixa = 102
Melhor altura = 479

Lower Bound 1 = 392
Lower Bound 2 = 146
Avaliação = 1.22194

Tempo de execução: 60.076s

---------------------------

Largura da faixa = 102
Melhor altura = 478

Lower Bound 1 = 392
Lower Bound 2 = 146
Avaliação = 1.21939

Tempo de execução: 60.0201s

---------------------------

Largura da faixa = 102
Melhor altura = 472

Lower Bound 1 = 392
Lower Bound 2 = 146
Avaliação = 1.20408

Tempo de execução: 60.0116s

---------------------------

Largura da faixa = 102
Melhor altura = 475

Lower Bound 1 = 392
Lower Bound 2 = 146
Avaliação = 1.21173

Tempo de execução: 60.1431s

---------------------------

Largura da faixa = 102
Melhor altura = 471

Lower Bound 1 = 392
Lower Bound 2 = 146
Avaliação = 1.20153

Tempo de execução: 60.0121s

---------------------------

Largura da faixa = 102
Melhor altura = 473

Lower Bound 1 = 392
Lower Bound 2 = 146
Avaliação = 1.20663

Tempo de execução: 60.0118s

---------------------------

