Largura da faixa = 91
Melhor altura = 510

Lower Bound 1 = 439
Lower Bound 2 = 331
Avaliação = 1.16173

Tempo de execução: 60.0019s

---------------------------

Largura da faixa = 91
Melhor altura = 523

Lower Bound 1 = 439
Lower Bound 2 = 331
Avaliação = 1.19134

Tempo de execução: 60.002s

---------------------------

Largura da faixa = 91
Melhor altura = 523

Lower Bound 1 = 439
Lower Bound 2 = 331
Avaliação = 1.19134

Tempo de execução: 60.0037s

---------------------------

Largura da faixa = 91
Melhor altura = 511

Lower Bound 1 = 439
Lower Bound 2 = 331
Avaliação = 1.16401

Tempo de execução: 60.0016s

---------------------------

Largura da faixa = 91
Melhor altura = 533

Lower Bound 1 = 439
Lower Bound 2 = 331
Avaliação = 1.21412

Tempo de execução: 60.0037s

---------------------------

Largura da faixa = 91
Melhor altura = 523

Lower Bound 1 = 439
Lower Bound 2 = 331
Avaliação = 1.19134

Tempo de execução: 60.003s

---------------------------

Largura da faixa = 91
Melhor altura = 532

Lower Bound 1 = 439
Lower Bound 2 = 331
Avaliação = 1.21185

Tempo de execução: 60.0016s

---------------------------

Largura da faixa = 91
Melhor altura = 528

Lower Bound 1 = 439
Lower Bound 2 = 331
Avaliação = 1.20273

Tempo de execução: 60.0011s

---------------------------

Largura da faixa = 91
Melhor altura = 523

Lower Bound 1 = 439
Lower Bound 2 = 331
Avaliação = 1.19134

Tempo de execução: 60.002s

---------------------------

Largura da faixa = 91
Melhor altura = 509

Lower Bound 1 = 439
Lower Bound 2 = 331
Avaliação = 1.15945

Tempo de execução: 60.0024s

---------------------------

Largura da faixa = 91
Melhor altura = 516

Lower Bound 1 = 439
Lower Bound 2 = 331
Avaliação = 1.1754

Tempo de execução: 60.0007s

---------------------------

Largura da faixa = 91
Melhor altura = 526

Lower Bound 1 = 439
Lower Bound 2 = 331
Avaliação = 1.19818

Tempo de execução: 60.0024s

---------------------------

Largura da faixa = 91
Melhor altura = 535

Lower Bound 1 = 439
Lower Bound 2 = 331
Avaliação = 1.21868

Tempo de execução: 60.0007s

---------------------------

Largura da faixa = 91
Melhor altura = 515

Lower Bound 1 = 439
Lower Bound 2 = 331
Avaliação = 1.17312

Tempo de execução: 60.0037s

---------------------------

Largura da faixa = 91
Melhor altura = 511

Lower Bound 1 = 439
Lower Bound 2 = 331
Avaliação = 1.16401

Tempo de execução: 60.0017s

---------------------------

Largura da faixa = 91
Melhor altura = 513

Lower Bound 1 = 439
Lower Bound 2 = 331
Avaliação = 1.16856

Tempo de execução: 60.0009s

---------------------------

Largura da faixa = 91
Melhor altura = 521

Lower Bound 1 = 439
Lower Bound 2 = 331
Avaliação = 1.18679

Tempo de execução: 60.0009s

---------------------------

Largura da faixa = 91
Melhor altura = 526

Lower Bound 1 = 439
Lower Bound 2 = 331
Avaliação = 1.19818

Tempo de execução: 60.0019s

---------------------------

Largura da faixa = 91
Melhor altura = 535

Lower Bound 1 = 439
Lower Bound 2 = 331
Avaliação = 1.21868

Tempo de execução: 60.0009s

---------------------------

Largura da faixa = 91
Melhor altura = 537

Lower Bound 1 = 439
Lower Bound 2 = 331
Avaliação = 1.22323

Tempo de execução: 60.0023s

---------------------------

