Largura da faixa = 165
Melhor altura = 307

Lower Bound 1 = 242
Lower Bound 2 = 255
Avaliação = 1.20392

Tempo de execução: 60.0002s

---------------------------

Largura da faixa = 165
Melhor altura = 312

Lower Bound 1 = 242
Lower Bound 2 = 255
Avaliação = 1.22353

Tempo de execução: 60.0007s

---------------------------

Largura da faixa = 165
Melhor altura = 311

Lower Bound 1 = 242
Lower Bound 2 = 255
Avaliação = 1.21961

Tempo de execução: 60.0005s

---------------------------

Largura da faixa = 165
Melhor altura = 310

Lower Bound 1 = 242
Lower Bound 2 = 255
Avaliação = 1.21569

Tempo de execução: 60.0007s

---------------------------

Largura da faixa = 165
Melhor altura = 314

Lower Bound 1 = 242
Lower Bound 2 = 255
Avaliação = 1.23137

Tempo de execução: 60.0002s

---------------------------

Largura da faixa = 165
Melhor altura = 312

Lower Bound 1 = 242
Lower Bound 2 = 255
Avaliação = 1.22353

Tempo de execução: 60.0006s

---------------------------

Largura da faixa = 165
Melhor altura = 306

Lower Bound 1 = 242
Lower Bound 2 = 255
Avaliação = 1.2

Tempo de execução: 60.0001s

---------------------------

Largura da faixa = 165
Melhor altura = 308

Lower Bound 1 = 242
Lower Bound 2 = 255
Avaliação = 1.20784

Tempo de execução: 60.0004s

---------------------------

Largura da faixa = 165
Melhor altura = 312

Lower Bound 1 = 242
Lower Bound 2 = 255
Avaliação = 1.22353

Tempo de execução: 60.0001s

---------------------------

Largura da faixa = 165
Melhor altura = 316

Lower Bound 1 = 242
Lower Bound 2 = 255
Avaliação = 1.23922

Tempo de execução: 60s

---------------------------

Largura da faixa = 165
Melhor altura = 312

Lower Bound 1 = 242
Lower Bound 2 = 255
Avaliação = 1.22353

Tempo de execução: 60.0005s

---------------------------

Largura da faixa = 165
Melhor altura = 316

Lower Bound 1 = 242
Lower Bound 2 = 255
Avaliação = 1.23922

Tempo de execução: 60.0003s

---------------------------

Largura da faixa = 165
Melhor altura = 311

Lower Bound 1 = 242
Lower Bound 2 = 255
Avaliação = 1.21961

Tempo de execução: 60.0001s

---------------------------

Largura da faixa = 165
Melhor altura = 306

Lower Bound 1 = 242
Lower Bound 2 = 255
Avaliação = 1.2

Tempo de execução: 60.0002s

---------------------------

Largura da faixa = 165
Melhor altura = 312

Lower Bound 1 = 242
Lower Bound 2 = 255
Avaliação = 1.22353

Tempo de execução: 60s

---------------------------

Largura da faixa = 165
Melhor altura = 309

Lower Bound 1 = 242
Lower Bound 2 = 255
Avaliação = 1.21176

Tempo de execução: 60.0001s

---------------------------

Largura da faixa = 165
Melhor altura = 314

Lower Bound 1 = 242
Lower Bound 2 = 255
Avaliação = 1.23137

Tempo de execução: 60.0005s

---------------------------

Largura da faixa = 165
Melhor altura = 306

Lower Bound 1 = 242
Lower Bound 2 = 255
Avaliação = 1.2

Tempo de execução: 60.0009s

---------------------------

Largura da faixa = 165
Melhor altura = 308

Lower Bound 1 = 242
Lower Bound 2 = 255
Avaliação = 1.20784

Tempo de execução: 60.0001s

---------------------------

Largura da faixa = 165
Melhor altura = 312

Lower Bound 1 = 242
Lower Bound 2 = 255
Avaliação = 1.22353

Tempo de execução: 60.0005s

---------------------------

