Largura da faixa = 119
Melhor altura = 377

Lower Bound 1 = 336
Lower Bound 2 = 222
Avaliação = 1.12202

Tempo de execução: 60.0002s

---------------------------

Largura da faixa = 119
Melhor altura = 382

Lower Bound 1 = 336
Lower Bound 2 = 222
Avaliação = 1.1369

Tempo de execução: 60.0003s

---------------------------

Largura da faixa = 119
Melhor altura = 370

Lower Bound 1 = 336
Lower Bound 2 = 222
Avaliação = 1.10119

Tempo de execução: 60s

---------------------------

Largura da faixa = 119
Melhor altura = 370

Lower Bound 1 = 336
Lower Bound 2 = 222
Avaliação = 1.10119

Tempo de execução: 60.0001s

---------------------------

Largura da faixa = 119
Melhor altura = 370

Lower Bound 1 = 336
Lower Bound 2 = 222
Avaliação = 1.10119

Tempo de execução: 60.0002s

---------------------------

Largura da faixa = 119
Melhor altura = 374

Lower Bound 1 = 336
Lower Bound 2 = 222
Avaliação = 1.1131

Tempo de execução: 60.0002s

---------------------------

Largura da faixa = 119
Melhor altura = 380

Lower Bound 1 = 336
Lower Bound 2 = 222
Avaliação = 1.13095

Tempo de execução: 60.0002s

---------------------------

Largura da faixa = 119
Melhor altura = 370

Lower Bound 1 = 336
Lower Bound 2 = 222
Avaliação = 1.10119

Tempo de execução: 60.0003s

---------------------------

Largura da faixa = 119
Melhor altura = 372

Lower Bound 1 = 336
Lower Bound 2 = 222
Avaliação = 1.10714

Tempo de execução: 60.0005s

---------------------------

Largura da faixa = 119
Melhor altura = 381

Lower Bound 1 = 336
Lower Bound 2 = 222
Avaliação = 1.13393

Tempo de execução: 60s

---------------------------

Largura da faixa = 119
Melhor altura = 383

Lower Bound 1 = 336
Lower Bound 2 = 222
Avaliação = 1.13988

Tempo de execução: 60.0001s

---------------------------

Largura da faixa = 119
Melhor altura = 372

Lower Bound 1 = 336
Lower Bound 2 = 222
Avaliação = 1.10714

Tempo de execução: 60.0004s

---------------------------

Largura da faixa = 119
Melhor altura = 380

Lower Bound 1 = 336
Lower Bound 2 = 222
Avaliação = 1.13095

Tempo de execução: 60.0002s

---------------------------

Largura da faixa = 119
Melhor altura = 382

Lower Bound 1 = 336
Lower Bound 2 = 222
Avaliação = 1.1369

Tempo de execução: 60.0001s

---------------------------

Largura da faixa = 119
Melhor altura = 378

Lower Bound 1 = 336
Lower Bound 2 = 222
Avaliação = 1.125

Tempo de execução: 60.0003s

---------------------------

Largura da faixa = 119
Melhor altura = 380

Lower Bound 1 = 336
Lower Bound 2 = 222
Avaliação = 1.13095

Tempo de execução: 60.0001s

---------------------------

Largura da faixa = 119
Melhor altura = 374

Lower Bound 1 = 336
Lower Bound 2 = 222
Avaliação = 1.1131

Tempo de execução: 60.0003s

---------------------------

Largura da faixa = 119
Melhor altura = 374

Lower Bound 1 = 336
Lower Bound 2 = 222
Avaliação = 1.1131

Tempo de execução: 60s

---------------------------

Largura da faixa = 119
Melhor altura = 381

Lower Bound 1 = 336
Lower Bound 2 = 222
Avaliação = 1.13393

Tempo de execução: 60.0002s

---------------------------

Largura da faixa = 119
Melhor altura = 374

Lower Bound 1 = 336
Lower Bound 2 = 222
Avaliação = 1.1131

Tempo de execução: 60.0004s

---------------------------

