Largura da faixa = 83
Melhor altura = 613

Lower Bound 1 = 481
Lower Bound 2 = 252
Avaliação = 1.27443

Tempo de execução: 60.0003s

---------------------------

Largura da faixa = 83
Melhor altura = 608

Lower Bound 1 = 481
Lower Bound 2 = 252
Avaliação = 1.26403

Tempo de execução: 60.035s

---------------------------

Largura da faixa = 83
Melhor altura = 607

Lower Bound 1 = 481
Lower Bound 2 = 252
Avaliação = 1.26195

Tempo de execução: 60.0291s

---------------------------

Largura da faixa = 83
Melhor altura = 606

Lower Bound 1 = 481
Lower Bound 2 = 252
Avaliação = 1.25988

Tempo de execução: 60.0033s

---------------------------

Largura da faixa = 83
Melhor altura = 608

Lower Bound 1 = 481
Lower Bound 2 = 252
Avaliação = 1.26403

Tempo de execução: 60.0039s

---------------------------

Largura da faixa = 83
Melhor altura = 606

Lower Bound 1 = 481
Lower Bound 2 = 252
Avaliação = 1.25988

Tempo de execução: 60.0178s

---------------------------

Largura da faixa = 83
Melhor altura = 606

Lower Bound 1 = 481
Lower Bound 2 = 252
Avaliação = 1.25988

Tempo de execução: 60.0088s

---------------------------

Largura da faixa = 83
Melhor altura = 609

Lower Bound 1 = 481
Lower Bound 2 = 252
Avaliação = 1.26611

Tempo de execução: 60.0092s

---------------------------

Largura da faixa = 83
Melhor altura = 609

Lower Bound 1 = 481
Lower Bound 2 = 252
Avaliação = 1.26611

Tempo de execução: 60.014s

---------------------------

Largura da faixa = 83
Melhor altura = 615

Lower Bound 1 = 481
Lower Bound 2 = 252
Avaliação = 1.27859

Tempo de execução: 60.0067s

---------------------------

Largura da faixa = 83
Melhor altura = 609

Lower Bound 1 = 481
Lower Bound 2 = 252
Avaliação = 1.26611

Tempo de execução: 60.009s

---------------------------

Largura da faixa = 83
Melhor altura = 605

Lower Bound 1 = 481
Lower Bound 2 = 252
Avaliação = 1.2578

Tempo de execução: 60.0146s

---------------------------

Largura da faixa = 83
Melhor altura = 610

Lower Bound 1 = 481
Lower Bound 2 = 252
Avaliação = 1.26819

Tempo de execução: 60.0011s

---------------------------

Largura da faixa = 83
Melhor altura = 611

Lower Bound 1 = 481
Lower Bound 2 = 252
Avaliação = 1.27027

Tempo de execução: 60.0039s

---------------------------

Largura da faixa = 83
Melhor altura = 610

Lower Bound 1 = 481
Lower Bound 2 = 252
Avaliação = 1.26819

Tempo de execução: 60.0194s

---------------------------

Largura da faixa = 83
Melhor altura = 606

Lower Bound 1 = 481
Lower Bound 2 = 252
Avaliação = 1.25988

Tempo de execução: 60.008s

---------------------------

Largura da faixa = 83
Melhor altura = 616

Lower Bound 1 = 481
Lower Bound 2 = 252
Avaliação = 1.28067

Tempo de execução: 60.0112s

---------------------------

Largura da faixa = 83
Melhor altura = 613

Lower Bound 1 = 481
Lower Bound 2 = 252
Avaliação = 1.27443

Tempo de execução: 60.0378s

---------------------------

Largura da faixa = 83
Melhor altura = 611

Lower Bound 1 = 481
Lower Bound 2 = 252
Avaliação = 1.27027

Tempo de execução: 60.0185s

---------------------------

Largura da faixa = 83
Melhor altura = 600

Lower Bound 1 = 481
Lower Bound 2 = 252
Avaliação = 1.2474

Tempo de execução: 60.0392s

---------------------------

