Largura da faixa = 86
Melhor altura = 566

Lower Bound 1 = 465
Lower Bound 2 = 225
Avaliação = 1.2172

Tempo de execução: 60.0038s

---------------------------

Largura da faixa = 86
Melhor altura = 562

Lower Bound 1 = 465
Lower Bound 2 = 225
Avaliação = 1.2086

Tempo de execução: 60.0138s

---------------------------

Largura da faixa = 86
Melhor altura = 567

Lower Bound 1 = 465
Lower Bound 2 = 225
Avaliação = 1.21935

Tempo de execução: 60.0513s

---------------------------

Largura da faixa = 86
Melhor altura = 558

Lower Bound 1 = 465
Lower Bound 2 = 225
Avaliação = 1.2

Tempo de execução: 60.0291s

---------------------------

Largura da faixa = 86
Melhor altura = 558

Lower Bound 1 = 465
Lower Bound 2 = 225
Avaliação = 1.2

Tempo de execução: 60.0166s

---------------------------

Largura da faixa = 86
Melhor altura = 568

Lower Bound 1 = 465
Lower Bound 2 = 225
Avaliação = 1.22151

Tempo de execução: 60.0328s

---------------------------

Largura da faixa = 86
Melhor altura = 565

Lower Bound 1 = 465
Lower Bound 2 = 225
Avaliação = 1.21505

Tempo de execução: 60.0108s

---------------------------

Largura da faixa = 86
Melhor altura = 561

Lower Bound 1 = 465
Lower Bound 2 = 225
Avaliação = 1.20645

Tempo de execução: 60.0152s

---------------------------

Largura da faixa = 86
Melhor altura = 563

Lower Bound 1 = 465
Lower Bound 2 = 225
Avaliação = 1.21075

Tempo de execução: 60.0075s

---------------------------

Largura da faixa = 86
Melhor altura = 556

Lower Bound 1 = 465
Lower Bound 2 = 225
Avaliação = 1.1957

Tempo de execução: 60.0157s

---------------------------

Largura da faixa = 86
Melhor altura = 561

Lower Bound 1 = 465
Lower Bound 2 = 225
Avaliação = 1.20645

Tempo de execução: 60.0192s

---------------------------

Largura da faixa = 86
Melhor altura = 561

Lower Bound 1 = 465
Lower Bound 2 = 225
Avaliação = 1.20645

Tempo de execução: 60.0635s

---------------------------

Largura da faixa = 86
Melhor altura = 555

Lower Bound 1 = 465
Lower Bound 2 = 225
Avaliação = 1.19355

Tempo de execução: 60.0003s

---------------------------

Largura da faixa = 86
Melhor altura = 564

Lower Bound 1 = 465
Lower Bound 2 = 225
Avaliação = 1.2129

Tempo de execução: 60.0537s

---------------------------

Largura da faixa = 86
Melhor altura = 559

Lower Bound 1 = 465
Lower Bound 2 = 225
Avaliação = 1.20215

Tempo de execução: 60.0611s

---------------------------

Largura da faixa = 86
Melhor altura = 566

Lower Bound 1 = 465
Lower Bound 2 = 225
Avaliação = 1.2172

Tempo de execução: 60.0134s

---------------------------

Largura da faixa = 86
Melhor altura = 552

Lower Bound 1 = 465
Lower Bound 2 = 225
Avaliação = 1.1871

Tempo de execução: 60.0304s

---------------------------

Largura da faixa = 86
Melhor altura = 559

Lower Bound 1 = 465
Lower Bound 2 = 225
Avaliação = 1.20215

Tempo de execução: 60.0411s

---------------------------

Largura da faixa = 86
Melhor altura = 562

Lower Bound 1 = 465
Lower Bound 2 = 225
Avaliação = 1.2086

Tempo de execução: 60.0043s

---------------------------

Largura da faixa = 86
Melhor altura = 561

Lower Bound 1 = 465
Lower Bound 2 = 225
Avaliação = 1.20645

Tempo de execução: 60.0065s

---------------------------

