Largura da faixa = 131
Melhor altura = 360

Lower Bound 1 = 305
Lower Bound 2 = 202
Avaliação = 1.18033

Tempo de execução: 60.0001s

---------------------------

Largura da faixa = 131
Melhor altura = 353

Lower Bound 1 = 305
Lower Bound 2 = 202
Avaliação = 1.15738

Tempo de execução: 60s

---------------------------

Largura da faixa = 131
Melhor altura = 353

Lower Bound 1 = 305
Lower Bound 2 = 202
Avaliação = 1.15738

Tempo de execução: 60.0036s

---------------------------

Largura da faixa = 131
Melhor altura = 357

Lower Bound 1 = 305
Lower Bound 2 = 202
Avaliação = 1.17049

Tempo de execução: 60.0002s

---------------------------

Largura da faixa = 131
Melhor altura = 348

Lower Bound 1 = 305
Lower Bound 2 = 202
Avaliação = 1.14098

Tempo de execução: 60.0002s

---------------------------

Largura da faixa = 131
Melhor altura = 361

Lower Bound 1 = 305
Lower Bound 2 = 202
Avaliação = 1.18361

Tempo de execução: 60.0007s

---------------------------

Largura da faixa = 131
Melhor altura = 360

Lower Bound 1 = 305
Lower Bound 2 = 202
Avaliação = 1.18033

Tempo de execução: 60.0001s

---------------------------

Largura da faixa = 131
Melhor altura = 350

Lower Bound 1 = 305
Lower Bound 2 = 202
Avaliação = 1.14754

Tempo de execução: 60.0003s

---------------------------

Largura da faixa = 131
Melhor altura = 361

Lower Bound 1 = 305
Lower Bound 2 = 202
Avaliação = 1.18361

Tempo de execução: 60.0015s

---------------------------

Largura da faixa = 131
Melhor altura = 362

Lower Bound 1 = 305
Lower Bound 2 = 202
Avaliação = 1.18689

Tempo de execução: 60.0002s

---------------------------

Largura da faixa = 131
Melhor altura = 357

Lower Bound 1 = 305
Lower Bound 2 = 202
Avaliação = 1.17049

Tempo de execução: 60.001s

---------------------------

Largura da faixa = 131
Melhor altura = 361

Lower Bound 1 = 305
Lower Bound 2 = 202
Avaliação = 1.18361

Tempo de execução: 60.0004s

---------------------------

Largura da faixa = 131
Melhor altura = 359

Lower Bound 1 = 305
Lower Bound 2 = 202
Avaliação = 1.17705

Tempo de execução: 60.0005s

---------------------------

Largura da faixa = 131
Melhor altura = 350

Lower Bound 1 = 305
Lower Bound 2 = 202
Avaliação = 1.14754

Tempo de execução: 60.0003s

---------------------------

Largura da faixa = 131
Melhor altura = 358

Lower Bound 1 = 305
Lower Bound 2 = 202
Avaliação = 1.17377

Tempo de execução: 60.0008s

---------------------------

Largura da faixa = 131
Melhor altura = 357

Lower Bound 1 = 305
Lower Bound 2 = 202
Avaliação = 1.17049

Tempo de execução: 60.0005s

---------------------------

Largura da faixa = 131
Melhor altura = 359

Lower Bound 1 = 305
Lower Bound 2 = 202
Avaliação = 1.17705

Tempo de execução: 60.0005s

---------------------------

Largura da faixa = 131
Melhor altura = 357

Lower Bound 1 = 305
Lower Bound 2 = 202
Avaliação = 1.17049

Tempo de execução: 60.0002s

---------------------------

Largura da faixa = 131
Melhor altura = 347

Lower Bound 1 = 305
Lower Bound 2 = 202
Avaliação = 1.1377

Tempo de execução: 60.0004s

---------------------------

Largura da faixa = 131
Melhor altura = 354

Lower Bound 1 = 305
Lower Bound 2 = 202
Avaliação = 1.16066

Tempo de execução: 60.0004s

---------------------------

