Largura da faixa = 105
Melhor altura = 450

Lower Bound 1 = 380
Lower Bound 2 = 235
Avaliação = 1.18421

Tempo de execução: 60s

---------------------------

Largura da faixa = 105
Melhor altura = 458

Lower Bound 1 = 380
Lower Bound 2 = 235
Avaliação = 1.20526

Tempo de execução: 60.0002s

---------------------------

Largura da faixa = 105
Melhor altura = 451

Lower Bound 1 = 380
Lower Bound 2 = 235
Avaliação = 1.18684

Tempo de execução: 60.0001s

---------------------------

Largura da faixa = 105
Melhor altura = 447

Lower Bound 1 = 380
Lower Bound 2 = 235
Avaliação = 1.17632

Tempo de execução: 60.0002s

---------------------------

Largura da faixa = 105
Melhor altura = 450

Lower Bound 1 = 380
Lower Bound 2 = 235
Avaliação = 1.18421

Tempo de execução: 60.0001s

---------------------------

Largura da faixa = 105
Melhor altura = 453

Lower Bound 1 = 380
Lower Bound 2 = 235
Avaliação = 1.19211

Tempo de execução: 60.0004s

---------------------------

Largura da faixa = 105
Melhor altura = 463

Lower Bound 1 = 380
Lower Bound 2 = 235
Avaliação = 1.21842

Tempo de execução: 60.0002s

---------------------------

Largura da faixa = 105
Melhor altura = 458

Lower Bound 1 = 380
Lower Bound 2 = 235
Avaliação = 1.20526

Tempo de execução: 60.0008s

---------------------------

Largura da faixa = 105
Melhor altura = 455

Lower Bound 1 = 380
Lower Bound 2 = 235
Avaliação = 1.19737

Tempo de execução: 60.0016s

---------------------------

Largura da faixa = 105
Melhor altura = 453

Lower Bound 1 = 380
Lower Bound 2 = 235
Avaliação = 1.19211

Tempo de execução: 60s

---------------------------

Largura da faixa = 105
Melhor altura = 448

Lower Bound 1 = 380
Lower Bound 2 = 235
Avaliação = 1.17895

Tempo de execução: 60.0001s

---------------------------

Largura da faixa = 105
Melhor altura = 451

Lower Bound 1 = 380
Lower Bound 2 = 235
Avaliação = 1.18684

Tempo de execução: 60.0011s

---------------------------

Largura da faixa = 105
Melhor altura = 447

Lower Bound 1 = 380
Lower Bound 2 = 235
Avaliação = 1.17632

Tempo de execução: 60.0002s

---------------------------

Largura da faixa = 105
Melhor altura = 451

Lower Bound 1 = 380
Lower Bound 2 = 235
Avaliação = 1.18684

Tempo de execução: 60.0005s

---------------------------

Largura da faixa = 105
Melhor altura = 462

Lower Bound 1 = 380
Lower Bound 2 = 235
Avaliação = 1.21579

Tempo de execução: 60.0016s

---------------------------

Largura da faixa = 105
Melhor altura = 458

Lower Bound 1 = 380
Lower Bound 2 = 235
Avaliação = 1.20526

Tempo de execução: 60.0002s

---------------------------

Largura da faixa = 105
Melhor altura = 451

Lower Bound 1 = 380
Lower Bound 2 = 235
Avaliação = 1.18684

Tempo de execução: 60.0005s

---------------------------

Largura da faixa = 105
Melhor altura = 456

Lower Bound 1 = 380
Lower Bound 2 = 235
Avaliação = 1.2

Tempo de execução: 60.0005s

---------------------------

Largura da faixa = 105
Melhor altura = 453

Lower Bound 1 = 380
Lower Bound 2 = 235
Avaliação = 1.19211

Tempo de execução: 60.0004s

---------------------------

Largura da faixa = 105
Melhor altura = 458

Lower Bound 1 = 380
Lower Bound 2 = 235
Avaliação = 1.20526

Tempo de execução: 60.0012s

---------------------------

