Largura da faixa = 151
Melhor altura = 375

Lower Bound 1 = 264
Lower Bound 2 = 361
Avaliação = 1.03878

Tempo de execução: 60.0001s

---------------------------

Largura da faixa = 151
Melhor altura = 375

Lower Bound 1 = 264
Lower Bound 2 = 361
Avaliação = 1.03878

Tempo de execução: 60.0001s

---------------------------

Largura da faixa = 151
Melhor altura = 375

Lower Bound 1 = 264
Lower Bound 2 = 361
Avaliação = 1.03878

Tempo de execução: 60s

---------------------------

Largura da faixa = 151
Melhor altura = 375

Lower Bound 1 = 264
Lower Bound 2 = 361
Avaliação = 1.03878

Tempo de execução: 60s

---------------------------

Largura da faixa = 151
Melhor altura = 375

Lower Bound 1 = 264
Lower Bound 2 = 361
Avaliação = 1.03878

Tempo de execução: 60.0001s

---------------------------

Largura da faixa = 151
Melhor altura = 375

Lower Bound 1 = 264
Lower Bound 2 = 361
Avaliação = 1.03878

Tempo de execução: 60.0001s

---------------------------

Largura da faixa = 151
Melhor altura = 375

Lower Bound 1 = 264
Lower Bound 2 = 361
Avaliação = 1.03878

Tempo de execução: 60.0002s

---------------------------

Largura da faixa = 151
Melhor altura = 375

Lower Bound 1 = 264
Lower Bound 2 = 361
Avaliação = 1.03878

Tempo de execução: 60.0001s

---------------------------

Largura da faixa = 151
Melhor altura = 375

Lower Bound 1 = 264
Lower Bound 2 = 361
Avaliação = 1.03878

Tempo de execução: 60s

---------------------------

Largura da faixa = 151
Melhor altura = 375

Lower Bound 1 = 264
Lower Bound 2 = 361
Avaliação = 1.03878

Tempo de execução: 60s

---------------------------

Largura da faixa = 151
Melhor altura = 375

Lower Bound 1 = 264
Lower Bound 2 = 361
Avaliação = 1.03878

Tempo de execução: 60.0002s

---------------------------

Largura da faixa = 151
Melhor altura = 375

Lower Bound 1 = 264
Lower Bound 2 = 361
Avaliação = 1.03878

Tempo de execução: 60.0001s

---------------------------

Largura da faixa = 151
Melhor altura = 375

Lower Bound 1 = 264
Lower Bound 2 = 361
Avaliação = 1.03878

Tempo de execução: 60s

---------------------------

Largura da faixa = 151
Melhor altura = 375

Lower Bound 1 = 264
Lower Bound 2 = 361
Avaliação = 1.03878

Tempo de execução: 60.0001s

---------------------------

Largura da faixa = 151
Melhor altura = 375

Lower Bound 1 = 264
Lower Bound 2 = 361
Avaliação = 1.03878

Tempo de execução: 60s

---------------------------

Largura da faixa = 151
Melhor altura = 375

Lower Bound 1 = 264
Lower Bound 2 = 361
Avaliação = 1.03878

Tempo de execução: 60s

---------------------------

Largura da faixa = 151
Melhor altura = 375

Lower Bound 1 = 264
Lower Bound 2 = 361
Avaliação = 1.03878

Tempo de execução: 60s

---------------------------

Largura da faixa = 151
Melhor altura = 375

Lower Bound 1 = 264
Lower Bound 2 = 361
Avaliação = 1.03878

Tempo de execução: 60.0001s

---------------------------

Largura da faixa = 151
Melhor altura = 375

Lower Bound 1 = 264
Lower Bound 2 = 361
Avaliação = 1.03878

Tempo de execução: 60.0002s

---------------------------

Largura da faixa = 151
Melhor altura = 375

Lower Bound 1 = 264
Lower Bound 2 = 361
Avaliação = 1.03878

Tempo de execução: 60.0001s

---------------------------

