Largura da faixa = 93
Melhor altura = 505

Lower Bound 1 = 430
Lower Bound 2 = 366
Avaliação = 1.17442

Tempo de execução: 60.0001s

---------------------------

Largura da faixa = 93
Melhor altura = 510

Lower Bound 1 = 430
Lower Bound 2 = 366
Avaliação = 1.18605

Tempo de execução: 60.0001s

---------------------------

Largura da faixa = 93
Melhor altura = 503

Lower Bound 1 = 430
Lower Bound 2 = 366
Avaliação = 1.16977

Tempo de execução: 60.0002s

---------------------------

Largura da faixa = 93
Melhor altura = 506

Lower Bound 1 = 430
Lower Bound 2 = 366
Avaliação = 1.17674

Tempo de execução: 60.0001s

---------------------------

Largura da faixa = 93
Melhor altura = 508

Lower Bound 1 = 430
Lower Bound 2 = 366
Avaliação = 1.1814

Tempo de execução: 60.0012s

---------------------------

Largura da faixa = 93
Melhor altura = 511

Lower Bound 1 = 430
Lower Bound 2 = 366
Avaliação = 1.18837

Tempo de execução: 60.0016s

---------------------------

Largura da faixa = 93
Melhor altura = 502

Lower Bound 1 = 430
Lower Bound 2 = 366
Avaliação = 1.16744

Tempo de execução: 60.0004s

---------------------------

Largura da faixa = 93
Melhor altura = 512

Lower Bound 1 = 430
Lower Bound 2 = 366
Avaliação = 1.1907

Tempo de execução: 60.0005s

---------------------------

Largura da faixa = 93
Melhor altura = 514

Lower Bound 1 = 430
Lower Bound 2 = 366
Avaliação = 1.19535

Tempo de execução: 60.0001s

---------------------------

Largura da faixa = 93
Melhor altura = 503

Lower Bound 1 = 430
Lower Bound 2 = 366
Avaliação = 1.16977

Tempo de execução: 60.001s

---------------------------

Largura da faixa = 93
Melhor altura = 512

Lower Bound 1 = 430
Lower Bound 2 = 366
Avaliação = 1.1907

Tempo de execução: 60.0009s

---------------------------

Largura da faixa = 93
Melhor altura = 509

Lower Bound 1 = 430
Lower Bound 2 = 366
Avaliação = 1.18372

Tempo de execução: 60.0016s

---------------------------

Largura da faixa = 93
Melhor altura = 507

Lower Bound 1 = 430
Lower Bound 2 = 366
Avaliação = 1.17907

Tempo de execução: 60.0006s

---------------------------

Largura da faixa = 93
Melhor altura = 498

Lower Bound 1 = 430
Lower Bound 2 = 366
Avaliação = 1.15814

Tempo de execução: 60.0001s

---------------------------

Largura da faixa = 93
Melhor altura = 515

Lower Bound 1 = 430
Lower Bound 2 = 366
Avaliação = 1.19767

Tempo de execução: 60.0022s

---------------------------

Largura da faixa = 93
Melhor altura = 518

Lower Bound 1 = 430
Lower Bound 2 = 366
Avaliação = 1.20465

Tempo de execução: 60.0006s

---------------------------

Largura da faixa = 93
Melhor altura = 510

Lower Bound 1 = 430
Lower Bound 2 = 366
Avaliação = 1.18605

Tempo de execução: 60.0001s

---------------------------

Largura da faixa = 93
Melhor altura = 506

Lower Bound 1 = 430
Lower Bound 2 = 366
Avaliação = 1.17674

Tempo de execução: 60.0008s

---------------------------

Largura da faixa = 93
Melhor altura = 513

Lower Bound 1 = 430
Lower Bound 2 = 366
Avaliação = 1.19302

Tempo de execução: 60.0001s

---------------------------

Largura da faixa = 93
Melhor altura = 501

Lower Bound 1 = 430
Lower Bound 2 = 366
Avaliação = 1.16512

Tempo de execução: 60.0001s

---------------------------

