Largura da faixa = 112
Melhor altura = 414

Lower Bound 1 = 357
Lower Bound 2 = 357
Avaliação = 1.15966

Tempo de execução: 60s

---------------------------

Largura da faixa = 112
Melhor altura = 414

Lower Bound 1 = 357
Lower Bound 2 = 357
Avaliação = 1.15966

Tempo de execução: 60.0003s

---------------------------

Largura da faixa = 112
Melhor altura = 414

Lower Bound 1 = 357
Lower Bound 2 = 357
Avaliação = 1.15966

Tempo de execução: 60.0006s

---------------------------

Largura da faixa = 112
Melhor altura = 414

Lower Bound 1 = 357
Lower Bound 2 = 357
Avaliação = 1.15966

Tempo de execução: 60s

---------------------------

Largura da faixa = 112
Melhor altura = 414

Lower Bound 1 = 357
Lower Bound 2 = 357
Avaliação = 1.15966

Tempo de execução: 60.0001s

---------------------------

Largura da faixa = 112
Melhor altura = 414

Lower Bound 1 = 357
Lower Bound 2 = 357
Avaliação = 1.15966

Tempo de execução: 60.0004s

---------------------------

Largura da faixa = 112
Melhor altura = 414

Lower Bound 1 = 357
Lower Bound 2 = 357
Avaliação = 1.15966

Tempo de execução: 60.0002s

---------------------------

Largura da faixa = 112
Melhor altura = 414

Lower Bound 1 = 357
Lower Bound 2 = 357
Avaliação = 1.15966

Tempo de execução: 60s

---------------------------

Largura da faixa = 112
Melhor altura = 414

Lower Bound 1 = 357
Lower Bound 2 = 357
Avaliação = 1.15966

Tempo de execução: 60.0002s

---------------------------

Largura da faixa = 112
Melhor altura = 406

Lower Bound 1 = 357
Lower Bound 2 = 357
Avaliação = 1.13725

Tempo de execução: 60.0001s

---------------------------

Largura da faixa = 112
Melhor altura = 414

Lower Bound 1 = 357
Lower Bound 2 = 357
Avaliação = 1.15966

Tempo de execução: 60.0004s

---------------------------

Largura da faixa = 112
Melhor altura = 414

Lower Bound 1 = 357
Lower Bound 2 = 357
Avaliação = 1.15966

Tempo de execução: 60.0001s

---------------------------

Largura da faixa = 112
Melhor altura = 406

Lower Bound 1 = 357
Lower Bound 2 = 357
Avaliação = 1.13725

Tempo de execução: 60.0001s

---------------------------

Largura da faixa = 112
Melhor altura = 414

Lower Bound 1 = 357
Lower Bound 2 = 357
Avaliação = 1.15966

Tempo de execução: 60.0002s

---------------------------

Largura da faixa = 112
Melhor altura = 414

Lower Bound 1 = 357
Lower Bound 2 = 357
Avaliação = 1.15966

Tempo de execução: 60.0003s

---------------------------

Largura da faixa = 112
Melhor altura = 414

Lower Bound 1 = 357
Lower Bound 2 = 357
Avaliação = 1.15966

Tempo de execução: 60s

---------------------------

Largura da faixa = 112
Melhor altura = 414

Lower Bound 1 = 357
Lower Bound 2 = 357
Avaliação = 1.15966

Tempo de execução: 60.0002s

---------------------------

Largura da faixa = 112
Melhor altura = 414

Lower Bound 1 = 357
Lower Bound 2 = 357
Avaliação = 1.15966

Tempo de execução: 60.0005s

---------------------------

Largura da faixa = 112
Melhor altura = 414

Lower Bound 1 = 357
Lower Bound 2 = 357
Avaliação = 1.15966

Tempo de execução: 60.0001s

---------------------------

Largura da faixa = 112
Melhor altura = 414

Lower Bound 1 = 357
Lower Bound 2 = 357
Avaliação = 1.15966

Tempo de execução: 60.0002s

---------------------------

