Largura da faixa = 117
Melhor altura = 409

Lower Bound 1 = 341
Lower Bound 2 = 179
Avaliação = 1.19941

Tempo de execução: 60.0094s

---------------------------

Largura da faixa = 117
Melhor altura = 426

Lower Bound 1 = 341
Lower Bound 2 = 179
Avaliação = 1.24927

Tempo de execução: 60.0054s

---------------------------

Largura da faixa = 117
Melhor altura = 419

Lower Bound 1 = 341
Lower Bound 2 = 179
Avaliação = 1.22874

Tempo de execução: 60.0067s

---------------------------

Largura da faixa = 117
Melhor altura = 411

Lower Bound 1 = 341
Lower Bound 2 = 179
Avaliação = 1.20528

Tempo de execução: 60.0001s

---------------------------

Largura da faixa = 117
Melhor altura = 434

Lower Bound 1 = 341
Lower Bound 2 = 179
Avaliação = 1.27273

Tempo de execução: 60.0037s

---------------------------

Largura da faixa = 117
Melhor altura = 425

Lower Bound 1 = 341
Lower Bound 2 = 179
Avaliação = 1.24633

Tempo de execução: 60.0141s

---------------------------

Largura da faixa = 117
Melhor altura = 421

Lower Bound 1 = 341
Lower Bound 2 = 179
Avaliação = 1.2346

Tempo de execução: 60.0071s

---------------------------

Largura da faixa = 117
Melhor altura = 424

Lower Bound 1 = 341
Lower Bound 2 = 179
Avaliação = 1.2434

Tempo de execução: 60.0103s

---------------------------

Largura da faixa = 117
Melhor altura = 423

Lower Bound 1 = 341
Lower Bound 2 = 179
Avaliação = 1.24047

Tempo de execução: 60.0092s

---------------------------

Largura da faixa = 117
Melhor altura = 414

Lower Bound 1 = 341
Lower Bound 2 = 179
Avaliação = 1.21408

Tempo de execução: 60.0053s

---------------------------

Largura da faixa = 117
Melhor altura = 418

Lower Bound 1 = 341
Lower Bound 2 = 179
Avaliação = 1.22581

Tempo de execução: 60.0095s

---------------------------

Largura da faixa = 117
Melhor altura = 419

Lower Bound 1 = 341
Lower Bound 2 = 179
Avaliação = 1.22874

Tempo de execução: 60.0174s

---------------------------

Largura da faixa = 117
Melhor altura = 423

Lower Bound 1 = 341
Lower Bound 2 = 179
Avaliação = 1.24047

Tempo de execução: 60.0004s

---------------------------

Largura da faixa = 117
Melhor altura = 412

Lower Bound 1 = 341
Lower Bound 2 = 179
Avaliação = 1.20821

Tempo de execução: 60.0002s

---------------------------

Largura da faixa = 117
Melhor altura = 418

Lower Bound 1 = 341
Lower Bound 2 = 179
Avaliação = 1.22581

Tempo de execução: 60.01s

---------------------------

Largura da faixa = 117
Melhor altura = 429

Lower Bound 1 = 341
Lower Bound 2 = 179
Avaliação = 1.25806

Tempo de execução: 60.0073s

---------------------------

Largura da faixa = 117
Melhor altura = 429

Lower Bound 1 = 341
Lower Bound 2 = 179
Avaliação = 1.25806

Tempo de execução: 60.0002s

---------------------------

Largura da faixa = 117
Melhor altura = 421

Lower Bound 1 = 341
Lower Bound 2 = 179
Avaliação = 1.2346

Tempo de execução: 60.0104s

---------------------------

Largura da faixa = 117
Melhor altura = 419

Lower Bound 1 = 341
Lower Bound 2 = 179
Avaliação = 1.22874

Tempo de execução: 60.0099s

---------------------------

Largura da faixa = 117
Melhor altura = 435

Lower Bound 1 = 341
Lower Bound 2 = 179
Avaliação = 1.27566

Tempo de execução: 60.0203s

---------------------------

