Largura da faixa = 97
Melhor altura = 503

Lower Bound 1 = 412
Lower Bound 2 = 434
Avaliação = 1.15899

Tempo de execução: 60s

---------------------------

Largura da faixa = 97
Melhor altura = 503

Lower Bound 1 = 412
Lower Bound 2 = 434
Avaliação = 1.15899

Tempo de execução: 60s

---------------------------

Largura da faixa = 97
Melhor altura = 503

Lower Bound 1 = 412
Lower Bound 2 = 434
Avaliação = 1.15899

Tempo de execução: 60.0002s

---------------------------

Largura da faixa = 97
Melhor altura = 503

Lower Bound 1 = 412
Lower Bound 2 = 434
Avaliação = 1.15899

Tempo de execução: 60.0001s

---------------------------

Largura da faixa = 97
Melhor altura = 503

Lower Bound 1 = 412
Lower Bound 2 = 434
Avaliação = 1.15899

Tempo de execução: 60.0001s

---------------------------

Largura da faixa = 97
Melhor altura = 503

Lower Bound 1 = 412
Lower Bound 2 = 434
Avaliação = 1.15899

Tempo de execução: 60.0001s

---------------------------

Largura da faixa = 97
Melhor altura = 503

Lower Bound 1 = 412
Lower Bound 2 = 434
Avaliação = 1.15899

Tempo de execução: 60.0001s

---------------------------

Largura da faixa = 97
Melhor altura = 503

Lower Bound 1 = 412
Lower Bound 2 = 434
Avaliação = 1.15899

Tempo de execução: 60.0002s

---------------------------

Largura da faixa = 97
Melhor altura = 503

Lower Bound 1 = 412
Lower Bound 2 = 434
Avaliação = 1.15899

Tempo de execução: 60.0001s

---------------------------

Largura da faixa = 97
Melhor altura = 503

Lower Bound 1 = 412
Lower Bound 2 = 434
Avaliação = 1.15899

Tempo de execução: 60s

---------------------------

Largura da faixa = 97
Melhor altura = 503

Lower Bound 1 = 412
Lower Bound 2 = 434
Avaliação = 1.15899

Tempo de execução: 60.0001s

---------------------------

Largura da faixa = 97
Melhor altura = 503

Lower Bound 1 = 412
Lower Bound 2 = 434
Avaliação = 1.15899

Tempo de execução: 60.0003s

---------------------------

Largura da faixa = 97
Melhor altura = 503

Lower Bound 1 = 412
Lower Bound 2 = 434
Avaliação = 1.15899

Tempo de execução: 60s

---------------------------

Largura da faixa = 97
Melhor altura = 503

Lower Bound 1 = 412
Lower Bound 2 = 434
Avaliação = 1.15899

Tempo de execução: 60.0001s

---------------------------

Largura da faixa = 97
Melhor altura = 503

Lower Bound 1 = 412
Lower Bound 2 = 434
Avaliação = 1.15899

Tempo de execução: 60.0001s

---------------------------

Largura da faixa = 97
Melhor altura = 503

Lower Bound 1 = 412
Lower Bound 2 = 434
Avaliação = 1.15899

Tempo de execução: 60.0001s

---------------------------

Largura da faixa = 97
Melhor altura = 503

Lower Bound 1 = 412
Lower Bound 2 = 434
Avaliação = 1.15899

Tempo de execução: 60s

---------------------------

Largura da faixa = 97
Melhor altura = 503

Lower Bound 1 = 412
Lower Bound 2 = 434
Avaliação = 1.15899

Tempo de execução: 60s

---------------------------

Largura da faixa = 97
Melhor altura = 503

Lower Bound 1 = 412
Lower Bound 2 = 434
Avaliação = 1.15899

Tempo de execução: 60.0001s

---------------------------

Largura da faixa = 97
Melhor altura = 503

Lower Bound 1 = 412
Lower Bound 2 = 434
Avaliação = 1.15899

Tempo de execução: 60.0002s

---------------------------

