Largura da faixa = 91
Melhor altura = 538

Lower Bound 1 = 439
Lower Bound 2 = 414
Avaliação = 1.22551

Tempo de execução: 60.001s

---------------------------

Largura da faixa = 91
Melhor altura = 544

Lower Bound 1 = 439
Lower Bound 2 = 414
Avaliação = 1.23918

Tempo de execução: 60.0003s

---------------------------

Largura da faixa = 91
Melhor altura = 537

Lower Bound 1 = 439
Lower Bound 2 = 414
Avaliação = 1.22323

Tempo de execução: 60.0017s

---------------------------

Largura da faixa = 91
Melhor altura = 533

Lower Bound 1 = 439
Lower Bound 2 = 414
Avaliação = 1.21412

Tempo de execução: 60.0014s

---------------------------

Largura da faixa = 91
Melhor altura = 528

Lower Bound 1 = 439
Lower Bound 2 = 414
Avaliação = 1.20273

Tempo de execução: 60.0019s

---------------------------

Largura da faixa = 91
Melhor altura = 522

Lower Bound 1 = 439
Lower Bound 2 = 414
Avaliação = 1.18907

Tempo de execução: 60.0038s

---------------------------

Largura da faixa = 91
Melhor altura = 532

Lower Bound 1 = 439
Lower Bound 2 = 414
Avaliação = 1.21185

Tempo de execução: 60.0002s

---------------------------

Largura da faixa = 91
Melhor altura = 540

Lower Bound 1 = 439
Lower Bound 2 = 414
Avaliação = 1.23007

Tempo de execução: 60.0001s

---------------------------

Largura da faixa = 91
Melhor altura = 529

Lower Bound 1 = 439
Lower Bound 2 = 414
Avaliação = 1.20501

Tempo de execução: 60.0024s

---------------------------

Largura da faixa = 91
Melhor altura = 539

Lower Bound 1 = 439
Lower Bound 2 = 414
Avaliação = 1.22779

Tempo de execução: 60.0012s

---------------------------

Largura da faixa = 91
Melhor altura = 535

Lower Bound 1 = 439
Lower Bound 2 = 414
Avaliação = 1.21868

Tempo de execução: 60.0015s

---------------------------

Largura da faixa = 91
Melhor altura = 535

Lower Bound 1 = 439
Lower Bound 2 = 414
Avaliação = 1.21868

Tempo de execução: 60.0035s

---------------------------

Largura da faixa = 91
Melhor altura = 529

Lower Bound 1 = 439
Lower Bound 2 = 414
Avaliação = 1.20501

Tempo de execução: 60s

---------------------------

Largura da faixa = 91
Melhor altura = 534

Lower Bound 1 = 439
Lower Bound 2 = 414
Avaliação = 1.2164

Tempo de execução: 60.0006s

---------------------------

Largura da faixa = 91
Melhor altura = 531

Lower Bound 1 = 439
Lower Bound 2 = 414
Avaliação = 1.20957

Tempo de execução: 60.0016s

---------------------------

Largura da faixa = 91
Melhor altura = 520

Lower Bound 1 = 439
Lower Bound 2 = 414
Avaliação = 1.18451

Tempo de execução: 60.0005s

---------------------------

Largura da faixa = 91
Melhor altura = 539

Lower Bound 1 = 439
Lower Bound 2 = 414
Avaliação = 1.22779

Tempo de execução: 60.0007s

---------------------------

Largura da faixa = 91
Melhor altura = 523

Lower Bound 1 = 439
Lower Bound 2 = 414
Avaliação = 1.19134

Tempo de execução: 60.0001s

---------------------------

Largura da faixa = 91
Melhor altura = 539

Lower Bound 1 = 439
Lower Bound 2 = 414
Avaliação = 1.22779

Tempo de execução: 60.0029s

---------------------------

Largura da faixa = 91
Melhor altura = 543

Lower Bound 1 = 439
Lower Bound 2 = 414
Avaliação = 1.2369

Tempo de execução: 60.0039s

---------------------------

