Largura da faixa = 74
Melhor altura = 740

Lower Bound 1 = 540
Lower Bound 2 = 463
Avaliação = 1.37037

Tempo de execução: 60.0192s

---------------------------

Largura da faixa = 74
Melhor altura = 753

Lower Bound 1 = 540
Lower Bound 2 = 463
Avaliação = 1.39444

Tempo de execução: 60.0072s

---------------------------

Largura da faixa = 74
Melhor altura = 754

Lower Bound 1 = 540
Lower Bound 2 = 463
Avaliação = 1.3963

Tempo de execução: 60.044s

---------------------------

Largura da faixa = 74
Melhor altura = 766

Lower Bound 1 = 540
Lower Bound 2 = 463
Avaliação = 1.41852

Tempo de execução: 60.0153s

---------------------------

Largura da faixa = 74
Melhor altura = 762

Lower Bound 1 = 540
Lower Bound 2 = 463
Avaliação = 1.41111

Tempo de execução: 60.0271s

---------------------------

Largura da faixa = 74
Melhor altura = 764

Lower Bound 1 = 540
Lower Bound 2 = 463
Avaliação = 1.41481

Tempo de execução: 60.0266s

---------------------------

Largura da faixa = 74
Melhor altura = 754

Lower Bound 1 = 540
Lower Bound 2 = 463
Avaliação = 1.3963

Tempo de execução: 60.0025s

---------------------------

Largura da faixa = 74
Melhor altura = 756

Lower Bound 1 = 540
Lower Bound 2 = 463
Avaliação = 1.4

Tempo de execução: 60.0055s

---------------------------

Largura da faixa = 74
Melhor altura = 748

Lower Bound 1 = 540
Lower Bound 2 = 463
Avaliação = 1.38519

Tempo de execução: 60.0218s

---------------------------

Largura da faixa = 74
Melhor altura = 763

Lower Bound 1 = 540
Lower Bound 2 = 463
Avaliação = 1.41296

Tempo de execução: 60.0026s

---------------------------

Largura da faixa = 74
Melhor altura = 749

Lower Bound 1 = 540
Lower Bound 2 = 463
Avaliação = 1.38704

Tempo de execução: 60.0087s

---------------------------

Largura da faixa = 74
Melhor altura = 753

Lower Bound 1 = 540
Lower Bound 2 = 463
Avaliação = 1.39444

Tempo de execução: 60.0103s

---------------------------

Largura da faixa = 74
Melhor altura = 741

Lower Bound 1 = 540
Lower Bound 2 = 463
Avaliação = 1.37222

Tempo de execução: 60.0038s

---------------------------

Largura da faixa = 74
Melhor altura = 756

Lower Bound 1 = 540
Lower Bound 2 = 463
Avaliação = 1.4

Tempo de execução: 60.0124s

---------------------------

Largura da faixa = 74
Melhor altura = 739

Lower Bound 1 = 540
Lower Bound 2 = 463
Avaliação = 1.36852

Tempo de execução: 60.0137s

---------------------------

Largura da faixa = 74
Melhor altura = 752

Lower Bound 1 = 540
Lower Bound 2 = 463
Avaliação = 1.39259

Tempo de execução: 60.0095s

---------------------------

Largura da faixa = 74
Melhor altura = 758

Lower Bound 1 = 540
Lower Bound 2 = 463
Avaliação = 1.4037

Tempo de execução: 60.0125s

---------------------------

Largura da faixa = 74
Melhor altura = 746

Lower Bound 1 = 540
Lower Bound 2 = 463
Avaliação = 1.38148

Tempo de execução: 60.0166s

---------------------------

Largura da faixa = 74
Melhor altura = 756

Lower Bound 1 = 540
Lower Bound 2 = 463
Avaliação = 1.4

Tempo de execução: 60.0079s

---------------------------

Largura da faixa = 74
Melhor altura = 755

Lower Bound 1 = 540
Lower Bound 2 = 463
Avaliação = 1.39815

Tempo de execução: 60.0229s

---------------------------

