Largura da faixa = 109
Melhor altura = 436

Lower Bound 1 = 366
Lower Bound 2 = 276
Avaliação = 1.19126

Tempo de execução: 60.0005s

---------------------------

Largura da faixa = 109
Melhor altura = 440

Lower Bound 1 = 366
Lower Bound 2 = 276
Avaliação = 1.20219

Tempo de execução: 60.0002s

---------------------------

Largura da faixa = 109
Melhor altura = 436

Lower Bound 1 = 366
Lower Bound 2 = 276
Avaliação = 1.19126

Tempo de execução: 60.0013s

---------------------------

Largura da faixa = 109
Melhor altura = 437

Lower Bound 1 = 366
Lower Bound 2 = 276
Avaliação = 1.19399

Tempo de execução: 60.0001s

---------------------------

Largura da faixa = 109
Melhor altura = 441

Lower Bound 1 = 366
Lower Bound 2 = 276
Avaliação = 1.20492

Tempo de execução: 60.0017s

---------------------------

Largura da faixa = 109
Melhor altura = 437

Lower Bound 1 = 366
Lower Bound 2 = 276
Avaliação = 1.19399

Tempo de execução: 60.0013s

---------------------------

Largura da faixa = 109
Melhor altura = 436

Lower Bound 1 = 366
Lower Bound 2 = 276
Avaliação = 1.19126

Tempo de execução: 60s

---------------------------

Largura da faixa = 109
Melhor altura = 443

Lower Bound 1 = 366
Lower Bound 2 = 276
Avaliação = 1.21038

Tempo de execução: 60.0001s

---------------------------

Largura da faixa = 109
Melhor altura = 439

Lower Bound 1 = 366
Lower Bound 2 = 276
Avaliação = 1.19945

Tempo de execução: 60.0015s

---------------------------

Largura da faixa = 109
Melhor altura = 450

Lower Bound 1 = 366
Lower Bound 2 = 276
Avaliação = 1.22951

Tempo de execução: 60.0002s

---------------------------

Largura da faixa = 109
Melhor altura = 441

Lower Bound 1 = 366
Lower Bound 2 = 276
Avaliação = 1.20492

Tempo de execução: 60.0003s

---------------------------

Largura da faixa = 109
Melhor altura = 443

Lower Bound 1 = 366
Lower Bound 2 = 276
Avaliação = 1.21038

Tempo de execução: 60.0001s

---------------------------

Largura da faixa = 109
Melhor altura = 437

Lower Bound 1 = 366
Lower Bound 2 = 276
Avaliação = 1.19399

Tempo de execução: 60.0017s

---------------------------

Largura da faixa = 109
Melhor altura = 444

Lower Bound 1 = 366
Lower Bound 2 = 276
Avaliação = 1.21311

Tempo de execução: 60.0013s

---------------------------

Largura da faixa = 109
Melhor altura = 432

Lower Bound 1 = 366
Lower Bound 2 = 276
Avaliação = 1.18033

Tempo de execução: 60.0017s

---------------------------

Largura da faixa = 109
Melhor altura = 445

Lower Bound 1 = 366
Lower Bound 2 = 276
Avaliação = 1.21585

Tempo de execução: 60.0006s

---------------------------

Largura da faixa = 109
Melhor altura = 429

Lower Bound 1 = 366
Lower Bound 2 = 276
Avaliação = 1.17213

Tempo de execução: 60.0014s

---------------------------

Largura da faixa = 109
Melhor altura = 445

Lower Bound 1 = 366
Lower Bound 2 = 276
Avaliação = 1.21585

Tempo de execução: 60.0006s

---------------------------

Largura da faixa = 109
Melhor altura = 440

Lower Bound 1 = 366
Lower Bound 2 = 276
Avaliação = 1.20219

Tempo de execução: 60.0003s

---------------------------

Largura da faixa = 109
Melhor altura = 434

Lower Bound 1 = 366
Lower Bound 2 = 276
Avaliação = 1.18579

Tempo de execução: 60.0016s

---------------------------

