Largura da faixa = 96
Melhor altura = 548

Lower Bound 1 = 416
Lower Bound 2 = 436
Avaliação = 1.25688

Tempo de execução: 60.0006s

---------------------------

Largura da faixa = 96
Melhor altura = 557

Lower Bound 1 = 416
Lower Bound 2 = 436
Avaliação = 1.27752

Tempo de execução: 60.0014s

---------------------------

Largura da faixa = 96
Melhor altura = 552

Lower Bound 1 = 416
Lower Bound 2 = 436
Avaliação = 1.26606

Tempo de execução: 60.0026s

---------------------------

Largura da faixa = 96
Melhor altura = 548

Lower Bound 1 = 416
Lower Bound 2 = 436
Avaliação = 1.25688

Tempo de execução: 60s

---------------------------

Largura da faixa = 96
Melhor altura = 554

Lower Bound 1 = 416
Lower Bound 2 = 436
Avaliação = 1.27064

Tempo de execução: 60.0002s

---------------------------

Largura da faixa = 96
Melhor altura = 562

Lower Bound 1 = 416
Lower Bound 2 = 436
Avaliação = 1.28899

Tempo de execução: 60.0032s

---------------------------

Largura da faixa = 96
Melhor altura = 551

Lower Bound 1 = 416
Lower Bound 2 = 436
Avaliação = 1.26376

Tempo de execução: 60.001s

---------------------------

Largura da faixa = 96
Melhor altura = 543

Lower Bound 1 = 416
Lower Bound 2 = 436
Avaliação = 1.24541

Tempo de execução: 60.0019s

---------------------------

Largura da faixa = 96
Melhor altura = 543

Lower Bound 1 = 416
Lower Bound 2 = 436
Avaliação = 1.24541

Tempo de execução: 60.0027s

---------------------------

Largura da faixa = 96
Melhor altura = 559

Lower Bound 1 = 416
Lower Bound 2 = 436
Avaliação = 1.28211

Tempo de execução: 60.0009s

---------------------------

Largura da faixa = 96
Melhor altura = 551

Lower Bound 1 = 416
Lower Bound 2 = 436
Avaliação = 1.26376

Tempo de execução: 60.0046s

---------------------------

Largura da faixa = 96
Melhor altura = 553

Lower Bound 1 = 416
Lower Bound 2 = 436
Avaliação = 1.26835

Tempo de execução: 60.0052s

---------------------------

Largura da faixa = 96
Melhor altura = 558

Lower Bound 1 = 416
Lower Bound 2 = 436
Avaliação = 1.27982

Tempo de execução: 60.0003s

---------------------------

Largura da faixa = 96
Melhor altura = 553

Lower Bound 1 = 416
Lower Bound 2 = 436
Avaliação = 1.26835

Tempo de execução: 60.0009s

---------------------------

Largura da faixa = 96
Melhor altura = 545

Lower Bound 1 = 416
Lower Bound 2 = 436
Avaliação = 1.25

Tempo de execução: 60.0017s

---------------------------

Largura da faixa = 96
Melhor altura = 547

Lower Bound 1 = 416
Lower Bound 2 = 436
Avaliação = 1.25459

Tempo de execução: 60.0031s

---------------------------

Largura da faixa = 96
Melhor altura = 552

Lower Bound 1 = 416
Lower Bound 2 = 436
Avaliação = 1.26606

Tempo de execução: 60.0018s

---------------------------

Largura da faixa = 96
Melhor altura = 558

Lower Bound 1 = 416
Lower Bound 2 = 436
Avaliação = 1.27982

Tempo de execução: 60.0058s

---------------------------

Largura da faixa = 96
Melhor altura = 544

Lower Bound 1 = 416
Lower Bound 2 = 436
Avaliação = 1.24771

Tempo de execução: 60.0011s

---------------------------

Largura da faixa = 96
Melhor altura = 545

Lower Bound 1 = 416
Lower Bound 2 = 436
Avaliação = 1.25

Tempo de execução: 60.003s

---------------------------

