Largura da faixa = 123
Melhor altura = 377

Lower Bound 1 = 325
Lower Bound 2 = 364
Avaliação = 1.03571

Tempo de execução: 60s

---------------------------

Largura da faixa = 123
Melhor altura = 377

Lower Bound 1 = 325
Lower Bound 2 = 364
Avaliação = 1.03571

Tempo de execução: 60.0002s

---------------------------

Largura da faixa = 123
Melhor altura = 377

Lower Bound 1 = 325
Lower Bound 2 = 364
Avaliação = 1.03571

Tempo de execução: 60s

---------------------------

Largura da faixa = 123
Melhor altura = 377

Lower Bound 1 = 325
Lower Bound 2 = 364
Avaliação = 1.03571

Tempo de execução: 60s

---------------------------

Largura da faixa = 123
Melhor altura = 377

Lower Bound 1 = 325
Lower Bound 2 = 364
Avaliação = 1.03571

Tempo de execução: 60.0001s

---------------------------

Largura da faixa = 123
Melhor altura = 377

Lower Bound 1 = 325
Lower Bound 2 = 364
Avaliação = 1.03571

Tempo de execução: 60.0001s

---------------------------

Largura da faixa = 123
Melhor altura = 377

Lower Bound 1 = 325
Lower Bound 2 = 364
Avaliação = 1.03571

Tempo de execução: 60s

---------------------------

Largura da faixa = 123
Melhor altura = 377

Lower Bound 1 = 325
Lower Bound 2 = 364
Avaliação = 1.03571

Tempo de execução: 60.0001s

---------------------------

Largura da faixa = 123
Melhor altura = 377

Lower Bound 1 = 325
Lower Bound 2 = 364
Avaliação = 1.03571

Tempo de execução: 60s

---------------------------

Largura da faixa = 123
Melhor altura = 377

Lower Bound 1 = 325
Lower Bound 2 = 364
Avaliação = 1.03571

Tempo de execução: 60.0001s

---------------------------

Largura da faixa = 123
Melhor altura = 377

Lower Bound 1 = 325
Lower Bound 2 = 364
Avaliação = 1.03571

Tempo de execução: 60.0001s

---------------------------

Largura da faixa = 123
Melhor altura = 377

Lower Bound 1 = 325
Lower Bound 2 = 364
Avaliação = 1.03571

Tempo de execução: 60.0002s

---------------------------

Largura da faixa = 123
Melhor altura = 377

Lower Bound 1 = 325
Lower Bound 2 = 364
Avaliação = 1.03571

Tempo de execução: 60s

---------------------------

Largura da faixa = 123
Melhor altura = 377

Lower Bound 1 = 325
Lower Bound 2 = 364
Avaliação = 1.03571

Tempo de execução: 60s

---------------------------

Largura da faixa = 123
Melhor altura = 377

Lower Bound 1 = 325
Lower Bound 2 = 364
Avaliação = 1.03571

Tempo de execução: 60s

---------------------------

Largura da faixa = 123
Melhor altura = 377

Lower Bound 1 = 325
Lower Bound 2 = 364
Avaliação = 1.03571

Tempo de execução: 60s

---------------------------

Largura da faixa = 123
Melhor altura = 377

Lower Bound 1 = 325
Lower Bound 2 = 364
Avaliação = 1.03571

Tempo de execução: 60s

---------------------------

Largura da faixa = 123
Melhor altura = 377

Lower Bound 1 = 325
Lower Bound 2 = 364
Avaliação = 1.03571

Tempo de execução: 60.0002s

---------------------------

Largura da faixa = 123
Melhor altura = 377

Lower Bound 1 = 325
Lower Bound 2 = 364
Avaliação = 1.03571

Tempo de execução: 60.0001s

---------------------------

Largura da faixa = 123
Melhor altura = 377

Lower Bound 1 = 325
Lower Bound 2 = 364
Avaliação = 1.03571

Tempo de execução: 60s

---------------------------

