Largura da faixa = 97
Melhor altura = 497

Lower Bound 1 = 412
Lower Bound 2 = 246
Avaliação = 1.20631

Tempo de execução: 60s

---------------------------

Largura da faixa = 97
Melhor altura = 492

Lower Bound 1 = 412
Lower Bound 2 = 246
Avaliação = 1.19417

Tempo de execução: 60.0027s

---------------------------

Largura da faixa = 97
Melhor altura = 500

Lower Bound 1 = 412
Lower Bound 2 = 246
Avaliação = 1.21359

Tempo de execução: 60.0066s

---------------------------

Largura da faixa = 97
Melhor altura = 496

Lower Bound 1 = 412
Lower Bound 2 = 246
Avaliação = 1.20388

Tempo de execução: 60.0007s

---------------------------

Largura da faixa = 97
Melhor altura = 499

Lower Bound 1 = 412
Lower Bound 2 = 246
Avaliação = 1.21117

Tempo de execução: 60.0009s

---------------------------

Largura da faixa = 97
Melhor altura = 494

Lower Bound 1 = 412
Lower Bound 2 = 246
Avaliação = 1.19903

Tempo de execução: 60.0005s

---------------------------

Largura da faixa = 97
Melhor altura = 499

Lower Bound 1 = 412
Lower Bound 2 = 246
Avaliação = 1.21117

Tempo de execução: 60.0019s

---------------------------

Largura da faixa = 97
Melhor altura = 507

Lower Bound 1 = 412
Lower Bound 2 = 246
Avaliação = 1.23058

Tempo de execução: 60.0004s

---------------------------

Largura da faixa = 97
Melhor altura = 496

Lower Bound 1 = 412
Lower Bound 2 = 246
Avaliação = 1.20388

Tempo de execução: 60.0003s

---------------------------

Largura da faixa = 97
Melhor altura = 493

Lower Bound 1 = 412
Lower Bound 2 = 246
Avaliação = 1.1966

Tempo de execução: 60.0001s

---------------------------

Largura da faixa = 97
Melhor altura = 500

Lower Bound 1 = 412
Lower Bound 2 = 246
Avaliação = 1.21359

Tempo de execução: 60.0012s

---------------------------

Largura da faixa = 97
Melhor altura = 501

Lower Bound 1 = 412
Lower Bound 2 = 246
Avaliação = 1.21602

Tempo de execução: 60.0053s

---------------------------

Largura da faixa = 97
Melhor altura = 498

Lower Bound 1 = 412
Lower Bound 2 = 246
Avaliação = 1.20874

Tempo de execução: 60.0001s

---------------------------

Largura da faixa = 97
Melhor altura = 504

Lower Bound 1 = 412
Lower Bound 2 = 246
Avaliação = 1.2233

Tempo de execução: 60.0008s

---------------------------

Largura da faixa = 97
Melhor altura = 499

Lower Bound 1 = 412
Lower Bound 2 = 246
Avaliação = 1.21117

Tempo de execução: 60.0008s

---------------------------

Largura da faixa = 97
Melhor altura = 499

Lower Bound 1 = 412
Lower Bound 2 = 246
Avaliação = 1.21117

Tempo de execução: 60s

---------------------------

Largura da faixa = 97
Melhor altura = 500

Lower Bound 1 = 412
Lower Bound 2 = 246
Avaliação = 1.21359

Tempo de execução: 60.0006s

---------------------------

Largura da faixa = 97
Melhor altura = 498

Lower Bound 1 = 412
Lower Bound 2 = 246
Avaliação = 1.20874

Tempo de execução: 60.0026s

---------------------------

Largura da faixa = 97
Melhor altura = 503

Lower Bound 1 = 412
Lower Bound 2 = 246
Avaliação = 1.22087

Tempo de execução: 60.0005s

---------------------------

Largura da faixa = 97
Melhor altura = 496

Lower Bound 1 = 412
Lower Bound 2 = 246
Avaliação = 1.20388

Tempo de execução: 60.0052s

---------------------------

