Largura da faixa = 96
Melhor altura = 497

Lower Bound 1 = 416
Lower Bound 2 = 339
Avaliação = 1.19471

Tempo de execução: 60.0008s

---------------------------

Largura da faixa = 96
Melhor altura = 503

Lower Bound 1 = 416
Lower Bound 2 = 339
Avaliação = 1.20913

Tempo de execução: 60.0011s

---------------------------

Largura da faixa = 96
Melhor altura = 495

Lower Bound 1 = 416
Lower Bound 2 = 339
Avaliação = 1.1899

Tempo de execução: 60.0007s

---------------------------

Largura da faixa = 96
Melhor altura = 491

Lower Bound 1 = 416
Lower Bound 2 = 339
Avaliação = 1.18029

Tempo de execução: 60.0015s

---------------------------

Largura da faixa = 96
Melhor altura = 506

Lower Bound 1 = 416
Lower Bound 2 = 339
Avaliação = 1.21635

Tempo de execução: 60.0041s

---------------------------

Largura da faixa = 96
Melhor altura = 504

Lower Bound 1 = 416
Lower Bound 2 = 339
Avaliação = 1.21154

Tempo de execução: 60.0002s

---------------------------

Largura da faixa = 96
Melhor altura = 498

Lower Bound 1 = 416
Lower Bound 2 = 339
Avaliação = 1.19712

Tempo de execução: 60.0006s

---------------------------

Largura da faixa = 96
Melhor altura = 494

Lower Bound 1 = 416
Lower Bound 2 = 339
Avaliação = 1.1875

Tempo de execução: 60.0043s

---------------------------

Largura da faixa = 96
Melhor altura = 492

Lower Bound 1 = 416
Lower Bound 2 = 339
Avaliação = 1.18269

Tempo de execução: 60.0031s

---------------------------

Largura da faixa = 96
Melhor altura = 499

Lower Bound 1 = 416
Lower Bound 2 = 339
Avaliação = 1.19952

Tempo de execução: 60.0021s

---------------------------

Largura da faixa = 96
Melhor altura = 485

Lower Bound 1 = 416
Lower Bound 2 = 339
Avaliação = 1.16587

Tempo de execução: 60.0036s

---------------------------

Largura da faixa = 96
Melhor altura = 505

Lower Bound 1 = 416
Lower Bound 2 = 339
Avaliação = 1.21394

Tempo de execução: 60.0026s

---------------------------

Largura da faixa = 96
Melhor altura = 497

Lower Bound 1 = 416
Lower Bound 2 = 339
Avaliação = 1.19471

Tempo de execução: 60.0008s

---------------------------

Largura da faixa = 96
Melhor altura = 485

Lower Bound 1 = 416
Lower Bound 2 = 339
Avaliação = 1.16587

Tempo de execução: 60.0026s

---------------------------

Largura da faixa = 96
Melhor altura = 496

Lower Bound 1 = 416
Lower Bound 2 = 339
Avaliação = 1.19231

Tempo de execução: 60.0039s

---------------------------

Largura da faixa = 96
Melhor altura = 494

Lower Bound 1 = 416
Lower Bound 2 = 339
Avaliação = 1.1875

Tempo de execução: 60.0005s

---------------------------

Largura da faixa = 96
Melhor altura = 499

Lower Bound 1 = 416
Lower Bound 2 = 339
Avaliação = 1.19952

Tempo de execução: 60.0009s

---------------------------

Largura da faixa = 96
Melhor altura = 498

Lower Bound 1 = 416
Lower Bound 2 = 339
Avaliação = 1.19712

Tempo de execução: 60.0075s

---------------------------

Largura da faixa = 96
Melhor altura = 496

Lower Bound 1 = 416
Lower Bound 2 = 339
Avaliação = 1.19231

Tempo de execução: 60.0007s

---------------------------

Largura da faixa = 96
Melhor altura = 498

Lower Bound 1 = 416
Lower Bound 2 = 339
Avaliação = 1.19712

Tempo de execução: 60.0075s

---------------------------

