Largura da faixa = 146
Melhor altura = 337

Lower Bound 1 = 273
Lower Bound 2 = 304
Avaliação = 1.10855

Tempo de execução: 60s

---------------------------

Largura da faixa = 146
Melhor altura = 337

Lower Bound 1 = 273
Lower Bound 2 = 304
Avaliação = 1.10855

Tempo de execução: 60s

---------------------------

Largura da faixa = 146
Melhor altura = 337

Lower Bound 1 = 273
Lower Bound 2 = 304
Avaliação = 1.10855

Tempo de execução: 60s

---------------------------

Largura da faixa = 146
Melhor altura = 337

Lower Bound 1 = 273
Lower Bound 2 = 304
Avaliação = 1.10855

Tempo de execução: 60s

---------------------------

Largura da faixa = 146
Melhor altura = 337

Lower Bound 1 = 273
Lower Bound 2 = 304
Avaliação = 1.10855

Tempo de execução: 60s

---------------------------

Largura da faixa = 146
Melhor altura = 337

Lower Bound 1 = 273
Lower Bound 2 = 304
Avaliação = 1.10855

Tempo de execução: 60.0001s

---------------------------

Largura da faixa = 146
Melhor altura = 337

Lower Bound 1 = 273
Lower Bound 2 = 304
Avaliação = 1.10855

Tempo de execução: 60s

---------------------------

Largura da faixa = 146
Melhor altura = 337

Lower Bound 1 = 273
Lower Bound 2 = 304
Avaliação = 1.10855

Tempo de execução: 60s

---------------------------

Largura da faixa = 146
Melhor altura = 337

Lower Bound 1 = 273
Lower Bound 2 = 304
Avaliação = 1.10855

Tempo de execução: 60s

---------------------------

Largura da faixa = 146
Melhor altura = 337

Lower Bound 1 = 273
Lower Bound 2 = 304
Avaliação = 1.10855

Tempo de execução: 60.0001s

---------------------------

Largura da faixa = 146
Melhor altura = 337

Lower Bound 1 = 273
Lower Bound 2 = 304
Avaliação = 1.10855

Tempo de execução: 60s

---------------------------

Largura da faixa = 146
Melhor altura = 337

Lower Bound 1 = 273
Lower Bound 2 = 304
Avaliação = 1.10855

Tempo de execução: 60.0001s

---------------------------

Largura da faixa = 146
Melhor altura = 337

Lower Bound 1 = 273
Lower Bound 2 = 304
Avaliação = 1.10855

Tempo de execução: 60s

---------------------------

Largura da faixa = 146
Melhor altura = 337

Lower Bound 1 = 273
Lower Bound 2 = 304
Avaliação = 1.10855

Tempo de execução: 60.0001s

---------------------------

Largura da faixa = 146
Melhor altura = 337

Lower Bound 1 = 273
Lower Bound 2 = 304
Avaliação = 1.10855

Tempo de execução: 60s

---------------------------

Largura da faixa = 146
Melhor altura = 337

Lower Bound 1 = 273
Lower Bound 2 = 304
Avaliação = 1.10855

Tempo de execução: 60s

---------------------------

Largura da faixa = 146
Melhor altura = 337

Lower Bound 1 = 273
Lower Bound 2 = 304
Avaliação = 1.10855

Tempo de execução: 60.0001s

---------------------------

Largura da faixa = 146
Melhor altura = 337

Lower Bound 1 = 273
Lower Bound 2 = 304
Avaliação = 1.10855

Tempo de execução: 60s

---------------------------

Largura da faixa = 146
Melhor altura = 337

Lower Bound 1 = 273
Lower Bound 2 = 304
Avaliação = 1.10855

Tempo de execução: 60s

---------------------------

Largura da faixa = 146
Melhor altura = 337

Lower Bound 1 = 273
Lower Bound 2 = 304
Avaliação = 1.10855

Tempo de execução: 60.0001s

---------------------------

