Largura da faixa = 110
Melhor altura = 458

Lower Bound 1 = 363
Lower Bound 2 = 271
Avaliação = 1.26171

Tempo de execução: 60.0014s

---------------------------

Largura da faixa = 110
Melhor altura = 443

Lower Bound 1 = 363
Lower Bound 2 = 271
Avaliação = 1.22039

Tempo de execução: 60.0047s

---------------------------

Largura da faixa = 110
Melhor altura = 465

Lower Bound 1 = 363
Lower Bound 2 = 271
Avaliação = 1.28099

Tempo de execução: 60.0053s

---------------------------

Largura da faixa = 110
Melhor altura = 461

Lower Bound 1 = 363
Lower Bound 2 = 271
Avaliação = 1.26997

Tempo de execução: 60.0022s

---------------------------

Largura da faixa = 110
Melhor altura = 453

Lower Bound 1 = 363
Lower Bound 2 = 271
Avaliação = 1.24793

Tempo de execução: 60.0085s

---------------------------

Largura da faixa = 110
Melhor altura = 449

Lower Bound 1 = 363
Lower Bound 2 = 271
Avaliação = 1.23691

Tempo de execução: 60.0042s

---------------------------

Largura da faixa = 110
Melhor altura = 446

Lower Bound 1 = 363
Lower Bound 2 = 271
Avaliação = 1.22865

Tempo de execução: 60.0023s

---------------------------

Largura da faixa = 110
Melhor altura = 451

Lower Bound 1 = 363
Lower Bound 2 = 271
Avaliação = 1.24242

Tempo de execução: 60.0067s

---------------------------

Largura da faixa = 110
Melhor altura = 445

Lower Bound 1 = 363
Lower Bound 2 = 271
Avaliação = 1.2259

Tempo de execução: 60.009s

---------------------------

Largura da faixa = 110
Melhor altura = 439

Lower Bound 1 = 363
Lower Bound 2 = 271
Avaliação = 1.20937

Tempo de execução: 60.0001s

---------------------------

Largura da faixa = 110
Melhor altura = 444

Lower Bound 1 = 363
Lower Bound 2 = 271
Avaliação = 1.22314

Tempo de execução: 60.0036s

---------------------------

Largura da faixa = 110
Melhor altura = 450

Lower Bound 1 = 363
Lower Bound 2 = 271
Avaliação = 1.23967

Tempo de execução: 60.0036s

---------------------------

Largura da faixa = 110
Melhor altura = 465

Lower Bound 1 = 363
Lower Bound 2 = 271
Avaliação = 1.28099

Tempo de execução: 60.0018s

---------------------------

Largura da faixa = 110
Melhor altura = 464

Lower Bound 1 = 363
Lower Bound 2 = 271
Avaliação = 1.27824

Tempo de execução: 60.0006s

---------------------------

Largura da faixa = 110
Melhor altura = 452

Lower Bound 1 = 363
Lower Bound 2 = 271
Avaliação = 1.24518

Tempo de execução: 60.0031s

---------------------------

Largura da faixa = 110
Melhor altura = 455

Lower Bound 1 = 363
Lower Bound 2 = 271
Avaliação = 1.25344

Tempo de execução: 60.0034s

---------------------------

Largura da faixa = 110
Melhor altura = 436

Lower Bound 1 = 363
Lower Bound 2 = 271
Avaliação = 1.2011

Tempo de execução: 60.004s

---------------------------

Largura da faixa = 110
Melhor altura = 458

Lower Bound 1 = 363
Lower Bound 2 = 271
Avaliação = 1.26171

Tempo de execução: 60.0033s

---------------------------

Largura da faixa = 110
Melhor altura = 455

Lower Bound 1 = 363
Lower Bound 2 = 271
Avaliação = 1.25344

Tempo de execução: 60.0009s

---------------------------

Largura da faixa = 110
Melhor altura = 461

Lower Bound 1 = 363
Lower Bound 2 = 271
Avaliação = 1.26997

Tempo de execução: 60.0071s

---------------------------

