Largura da faixa = 129
Melhor altura = 349

Lower Bound 1 = 310
Lower Bound 2 = 198
Avaliação = 1.12581

Tempo de execução: 60s

---------------------------

Largura da faixa = 129
Melhor altura = 352

Lower Bound 1 = 310
Lower Bound 2 = 198
Avaliação = 1.13548

Tempo de execução: 60.0002s

---------------------------

Largura da faixa = 129
Melhor altura = 348

Lower Bound 1 = 310
Lower Bound 2 = 198
Avaliação = 1.12258

Tempo de execução: 60.0001s

---------------------------

Largura da faixa = 129
Melhor altura = 346

Lower Bound 1 = 310
Lower Bound 2 = 198
Avaliação = 1.11613

Tempo de execução: 60.0002s

---------------------------

Largura da faixa = 129
Melhor altura = 347

Lower Bound 1 = 310
Lower Bound 2 = 198
Avaliação = 1.11935

Tempo de execução: 60.0003s

---------------------------

Largura da faixa = 129
Melhor altura = 346

Lower Bound 1 = 310
Lower Bound 2 = 198
Avaliação = 1.11613

Tempo de execução: 60.0001s

---------------------------

Largura da faixa = 129
Melhor altura = 342

Lower Bound 1 = 310
Lower Bound 2 = 198
Avaliação = 1.10323

Tempo de execução: 60.0001s

---------------------------

Largura da faixa = 129
Melhor altura = 342

Lower Bound 1 = 310
Lower Bound 2 = 198
Avaliação = 1.10323

Tempo de execução: 60.0002s

---------------------------

Largura da faixa = 129
Melhor altura = 342

Lower Bound 1 = 310
Lower Bound 2 = 198
Avaliação = 1.10323

Tempo de execução: 60.0005s

---------------------------

Largura da faixa = 129
Melhor altura = 346

Lower Bound 1 = 310
Lower Bound 2 = 198
Avaliação = 1.11613

Tempo de execução: 60.0002s

---------------------------

Largura da faixa = 129
Melhor altura = 350

Lower Bound 1 = 310
Lower Bound 2 = 198
Avaliação = 1.12903

Tempo de execução: 60.0001s

---------------------------

Largura da faixa = 129
Melhor altura = 346

Lower Bound 1 = 310
Lower Bound 2 = 198
Avaliação = 1.11613

Tempo de execução: 60.0002s

---------------------------

Largura da faixa = 129
Melhor altura = 346

Lower Bound 1 = 310
Lower Bound 2 = 198
Avaliação = 1.11613

Tempo de execução: 60s

---------------------------

Largura da faixa = 129
Melhor altura = 346

Lower Bound 1 = 310
Lower Bound 2 = 198
Avaliação = 1.11613

Tempo de execução: 60s

---------------------------

Largura da faixa = 129
Melhor altura = 342

Lower Bound 1 = 310
Lower Bound 2 = 198
Avaliação = 1.10323

Tempo de execução: 60.0003s

---------------------------

Largura da faixa = 129
Melhor altura = 346

Lower Bound 1 = 310
Lower Bound 2 = 198
Avaliação = 1.11613

Tempo de execução: 60s

---------------------------

Largura da faixa = 129
Melhor altura = 351

Lower Bound 1 = 310
Lower Bound 2 = 198
Avaliação = 1.13226

Tempo de execução: 60s

---------------------------

Largura da faixa = 129
Melhor altura = 344

Lower Bound 1 = 310
Lower Bound 2 = 198
Avaliação = 1.10968

Tempo de execução: 60.0003s

---------------------------

Largura da faixa = 129
Melhor altura = 352

Lower Bound 1 = 310
Lower Bound 2 = 198
Avaliação = 1.13548

Tempo de execução: 60.0001s

---------------------------

Largura da faixa = 129
Melhor altura = 350

Lower Bound 1 = 310
Lower Bound 2 = 198
Avaliação = 1.12903

Tempo de execução: 60.0001s

---------------------------

