Largura da faixa = 115
Melhor altura = 468

Lower Bound 1 = 347
Lower Bound 2 = 277
Avaliação = 1.3487

Tempo de execução: 60.0004s

---------------------------

Largura da faixa = 115
Melhor altura = 461

Lower Bound 1 = 347
Lower Bound 2 = 277
Avaliação = 1.32853

Tempo de execução: 60.0025s

---------------------------

Largura da faixa = 115
Melhor altura = 485

Lower Bound 1 = 347
Lower Bound 2 = 277
Avaliação = 1.39769

Tempo de execução: 60.0018s

---------------------------

Largura da faixa = 115
Melhor altura = 465

Lower Bound 1 = 347
Lower Bound 2 = 277
Avaliação = 1.34006

Tempo de execução: 60s

---------------------------

Largura da faixa = 115
Melhor altura = 471

Lower Bound 1 = 347
Lower Bound 2 = 277
Avaliação = 1.35735

Tempo de execução: 60.0007s

---------------------------

Largura da faixa = 115
Melhor altura = 461

Lower Bound 1 = 347
Lower Bound 2 = 277
Avaliação = 1.32853

Tempo de execução: 60.0011s

---------------------------

Largura da faixa = 115
Melhor altura = 471

Lower Bound 1 = 347
Lower Bound 2 = 277
Avaliação = 1.35735

Tempo de execução: 60.0004s

---------------------------

Largura da faixa = 115
Melhor altura = 462

Lower Bound 1 = 347
Lower Bound 2 = 277
Avaliação = 1.33141

Tempo de execução: 60.0002s

---------------------------

Largura da faixa = 115
Melhor altura = 466

Lower Bound 1 = 347
Lower Bound 2 = 277
Avaliação = 1.34294

Tempo de execução: 60.0029s

---------------------------

Largura da faixa = 115
Melhor altura = 469

Lower Bound 1 = 347
Lower Bound 2 = 277
Avaliação = 1.35159

Tempo de execução: 60s

---------------------------

Largura da faixa = 115
Melhor altura = 465

Lower Bound 1 = 347
Lower Bound 2 = 277
Avaliação = 1.34006

Tempo de execução: 60s

---------------------------

Largura da faixa = 115
Melhor altura = 473

Lower Bound 1 = 347
Lower Bound 2 = 277
Avaliação = 1.36311

Tempo de execução: 60.002s

---------------------------

Largura da faixa = 115
Melhor altura = 468

Lower Bound 1 = 347
Lower Bound 2 = 277
Avaliação = 1.3487

Tempo de execução: 60.0012s

---------------------------

Largura da faixa = 115
Melhor altura = 487

Lower Bound 1 = 347
Lower Bound 2 = 277
Avaliação = 1.40346

Tempo de execução: 60.0017s

---------------------------

Largura da faixa = 115
Melhor altura = 469

Lower Bound 1 = 347
Lower Bound 2 = 277
Avaliação = 1.35159

Tempo de execução: 60.0017s

---------------------------

Largura da faixa = 115
Melhor altura = 464

Lower Bound 1 = 347
Lower Bound 2 = 277
Avaliação = 1.33718

Tempo de execução: 60s

---------------------------

Largura da faixa = 115
Melhor altura = 460

Lower Bound 1 = 347
Lower Bound 2 = 277
Avaliação = 1.32565

Tempo de execução: 60.0004s

---------------------------

Largura da faixa = 115
Melhor altura = 469

Lower Bound 1 = 347
Lower Bound 2 = 277
Avaliação = 1.35159

Tempo de execução: 60.0003s

---------------------------

Largura da faixa = 115
Melhor altura = 469

Lower Bound 1 = 347
Lower Bound 2 = 277
Avaliação = 1.35159

Tempo de execução: 60.0002s

---------------------------

Largura da faixa = 115
Melhor altura = 473

Lower Bound 1 = 347
Lower Bound 2 = 277
Avaliação = 1.36311

Tempo de execução: 60.0004s

---------------------------

