Largura da faixa = 119
Melhor altura = 432

Lower Bound 1 = 336
Lower Bound 2 = 330
Avaliação = 1.28571

Tempo de execução: 60s

---------------------------

Largura da faixa = 119
Melhor altura = 426

Lower Bound 1 = 336
Lower Bound 2 = 330
Avaliação = 1.26786

Tempo de execução: 60s

---------------------------

Largura da faixa = 119
Melhor altura = 426

Lower Bound 1 = 336
Lower Bound 2 = 330
Avaliação = 1.26786

Tempo de execução: 60.0002s

---------------------------

Largura da faixa = 119
Melhor altura = 426

Lower Bound 1 = 336
Lower Bound 2 = 330
Avaliação = 1.26786

Tempo de execução: 60.0001s

---------------------------

Largura da faixa = 119
Melhor altura = 426

Lower Bound 1 = 336
Lower Bound 2 = 330
Avaliação = 1.26786

Tempo de execução: 60.0004s

---------------------------

Largura da faixa = 119
Melhor altura = 433

Lower Bound 1 = 336
Lower Bound 2 = 330
Avaliação = 1.28869

Tempo de execução: 60.0005s

---------------------------

Largura da faixa = 119
Melhor altura = 434

Lower Bound 1 = 336
Lower Bound 2 = 330
Avaliação = 1.29167

Tempo de execução: 60.0004s

---------------------------

Largura da faixa = 119
Melhor altura = 433

Lower Bound 1 = 336
Lower Bound 2 = 330
Avaliação = 1.28869

Tempo de execução: 60.0005s

---------------------------

Largura da faixa = 119
Melhor altura = 430

Lower Bound 1 = 336
Lower Bound 2 = 330
Avaliação = 1.27976

Tempo de execução: 60.0005s

---------------------------

Largura da faixa = 119
Melhor altura = 431

Lower Bound 1 = 336
Lower Bound 2 = 330
Avaliação = 1.28274

Tempo de execução: 60.0001s

---------------------------

Largura da faixa = 119
Melhor altura = 431

Lower Bound 1 = 336
Lower Bound 2 = 330
Avaliação = 1.28274

Tempo de execução: 60.0002s

---------------------------

Largura da faixa = 119
Melhor altura = 437

Lower Bound 1 = 336
Lower Bound 2 = 330
Avaliação = 1.3006

Tempo de execução: 60s

---------------------------

Largura da faixa = 119
Melhor altura = 435

Lower Bound 1 = 336
Lower Bound 2 = 330
Avaliação = 1.29464

Tempo de execução: 60.0001s

---------------------------

Largura da faixa = 119
Melhor altura = 426

Lower Bound 1 = 336
Lower Bound 2 = 330
Avaliação = 1.26786

Tempo de execução: 60.0002s

---------------------------

Largura da faixa = 119
Melhor altura = 434

Lower Bound 1 = 336
Lower Bound 2 = 330
Avaliação = 1.29167

Tempo de execução: 60s

---------------------------

Largura da faixa = 119
Melhor altura = 433

Lower Bound 1 = 336
Lower Bound 2 = 330
Avaliação = 1.28869

Tempo de execução: 60s

---------------------------

Largura da faixa = 119
Melhor altura = 435

Lower Bound 1 = 336
Lower Bound 2 = 330
Avaliação = 1.29464

Tempo de execução: 60.0002s

---------------------------

Largura da faixa = 119
Melhor altura = 435

Lower Bound 1 = 336
Lower Bound 2 = 330
Avaliação = 1.29464

Tempo de execução: 60.0005s

---------------------------

Largura da faixa = 119
Melhor altura = 426

Lower Bound 1 = 336
Lower Bound 2 = 330
Avaliação = 1.26786

Tempo de execução: 60.0001s

---------------------------

Largura da faixa = 119
Melhor altura = 428

Lower Bound 1 = 336
Lower Bound 2 = 330
Avaliação = 1.27381

Tempo de execução: 60.0005s

---------------------------

