Largura da faixa = 106
Melhor altura = 509

Lower Bound 1 = 377
Lower Bound 2 = 373
Avaliação = 1.35013

Tempo de execução: 60.002s

---------------------------

Largura da faixa = 106
Melhor altura = 498

Lower Bound 1 = 377
Lower Bound 2 = 373
Avaliação = 1.32095

Tempo de execução: 60.0018s

---------------------------

Largura da faixa = 106
Melhor altura = 509

Lower Bound 1 = 377
Lower Bound 2 = 373
Avaliação = 1.35013

Tempo de execução: 60.0033s

---------------------------

Largura da faixa = 106
Melhor altura = 497

Lower Bound 1 = 377
Lower Bound 2 = 373
Avaliação = 1.3183

Tempo de execução: 60.0001s

---------------------------

Largura da faixa = 106
Melhor altura = 507

Lower Bound 1 = 377
Lower Bound 2 = 373
Avaliação = 1.34483

Tempo de execução: 60.0006s

---------------------------

Largura da faixa = 106
Melhor altura = 509

Lower Bound 1 = 377
Lower Bound 2 = 373
Avaliação = 1.35013

Tempo de execução: 60.0022s

---------------------------

Largura da faixa = 106
Melhor altura = 512

Lower Bound 1 = 377
Lower Bound 2 = 373
Avaliação = 1.35809

Tempo de execução: 60.0005s

---------------------------

Largura da faixa = 106
Melhor altura = 508

Lower Bound 1 = 377
Lower Bound 2 = 373
Avaliação = 1.34748

Tempo de execução: 60.0012s

---------------------------

Largura da faixa = 106
Melhor altura = 489

Lower Bound 1 = 377
Lower Bound 2 = 373
Avaliação = 1.29708

Tempo de execução: 60.0003s

---------------------------

Largura da faixa = 106
Melhor altura = 508

Lower Bound 1 = 377
Lower Bound 2 = 373
Avaliação = 1.34748

Tempo de execução: 60.0001s

---------------------------

Largura da faixa = 106
Melhor altura = 511

Lower Bound 1 = 377
Lower Bound 2 = 373
Avaliação = 1.35544

Tempo de execução: 60.0011s

---------------------------

Largura da faixa = 106
Melhor altura = 506

Lower Bound 1 = 377
Lower Bound 2 = 373
Avaliação = 1.34218

Tempo de execução: 60.005s

---------------------------

Largura da faixa = 106
Melhor altura = 497

Lower Bound 1 = 377
Lower Bound 2 = 373
Avaliação = 1.3183

Tempo de execução: 60.0001s

---------------------------

Largura da faixa = 106
Melhor altura = 508

Lower Bound 1 = 377
Lower Bound 2 = 373
Avaliação = 1.34748

Tempo de execução: 60.0001s

---------------------------

Largura da faixa = 106
Melhor altura = 502

Lower Bound 1 = 377
Lower Bound 2 = 373
Avaliação = 1.33156

Tempo de execução: 60.0004s

---------------------------

Largura da faixa = 106
Melhor altura = 491

Lower Bound 1 = 377
Lower Bound 2 = 373
Avaliação = 1.30239

Tempo de execução: 60.0001s

---------------------------

Largura da faixa = 106
Melhor altura = 519

Lower Bound 1 = 377
Lower Bound 2 = 373
Avaliação = 1.37666

Tempo de execução: 60.001s

---------------------------

Largura da faixa = 106
Melhor altura = 505

Lower Bound 1 = 377
Lower Bound 2 = 373
Avaliação = 1.33952

Tempo de execução: 60.003s

---------------------------

Largura da faixa = 106
Melhor altura = 497

Lower Bound 1 = 377
Lower Bound 2 = 373
Avaliação = 1.3183

Tempo de execução: 60.0017s

---------------------------

Largura da faixa = 106
Melhor altura = 506

Lower Bound 1 = 377
Lower Bound 2 = 373
Avaliação = 1.34218

Tempo de execução: 60.0006s

---------------------------

