Largura da faixa = 146
Melhor altura = 306

Lower Bound 1 = 273
Lower Bound 2 = 238
Avaliação = 1.12088

Tempo de execução: 60.0001s

---------------------------

Largura da faixa = 146
Melhor altura = 306

Lower Bound 1 = 273
Lower Bound 2 = 238
Avaliação = 1.12088

Tempo de execução: 60.0001s

---------------------------

Largura da faixa = 146
Melhor altura = 306

Lower Bound 1 = 273
Lower Bound 2 = 238
Avaliação = 1.12088

Tempo de execução: 60.0003s

---------------------------

Largura da faixa = 146
Melhor altura = 306

Lower Bound 1 = 273
Lower Bound 2 = 238
Avaliação = 1.12088

Tempo de execução: 60.0001s

---------------------------

Largura da faixa = 146
Melhor altura = 306

Lower Bound 1 = 273
Lower Bound 2 = 238
Avaliação = 1.12088

Tempo de execução: 60.0002s

---------------------------

Largura da faixa = 146
Melhor altura = 306

Lower Bound 1 = 273
Lower Bound 2 = 238
Avaliação = 1.12088

Tempo de execução: 60.0002s

---------------------------

Largura da faixa = 146
Melhor altura = 306

Lower Bound 1 = 273
Lower Bound 2 = 238
Avaliação = 1.12088

Tempo de execução: 60.0003s

---------------------------

Largura da faixa = 146
Melhor altura = 306

Lower Bound 1 = 273
Lower Bound 2 = 238
Avaliação = 1.12088

Tempo de execução: 60.0002s

---------------------------

Largura da faixa = 146
Melhor altura = 306

Lower Bound 1 = 273
Lower Bound 2 = 238
Avaliação = 1.12088

Tempo de execução: 60.0005s

---------------------------

Largura da faixa = 146
Melhor altura = 306

Lower Bound 1 = 273
Lower Bound 2 = 238
Avaliação = 1.12088

Tempo de execução: 60.0002s

---------------------------

Largura da faixa = 146
Melhor altura = 306

Lower Bound 1 = 273
Lower Bound 2 = 238
Avaliação = 1.12088

Tempo de execução: 60s

---------------------------

Largura da faixa = 146
Melhor altura = 308

Lower Bound 1 = 273
Lower Bound 2 = 238
Avaliação = 1.12821

Tempo de execução: 60.0001s

---------------------------

Largura da faixa = 146
Melhor altura = 306

Lower Bound 1 = 273
Lower Bound 2 = 238
Avaliação = 1.12088

Tempo de execução: 60.0001s

---------------------------

Largura da faixa = 146
Melhor altura = 306

Lower Bound 1 = 273
Lower Bound 2 = 238
Avaliação = 1.12088

Tempo de execução: 60s

---------------------------

Largura da faixa = 146
Melhor altura = 306

Lower Bound 1 = 273
Lower Bound 2 = 238
Avaliação = 1.12088

Tempo de execução: 60.0002s

---------------------------

Largura da faixa = 146
Melhor altura = 306

Lower Bound 1 = 273
Lower Bound 2 = 238
Avaliação = 1.12088

Tempo de execução: 60s

---------------------------

Largura da faixa = 146
Melhor altura = 306

Lower Bound 1 = 273
Lower Bound 2 = 238
Avaliação = 1.12088

Tempo de execução: 60.0001s

---------------------------

Largura da faixa = 146
Melhor altura = 306

Lower Bound 1 = 273
Lower Bound 2 = 238
Avaliação = 1.12088

Tempo de execução: 60s

---------------------------

Largura da faixa = 146
Melhor altura = 309

Lower Bound 1 = 273
Lower Bound 2 = 238
Avaliação = 1.13187

Tempo de execução: 60s

---------------------------

Largura da faixa = 146
Melhor altura = 306

Lower Bound 1 = 273
Lower Bound 2 = 238
Avaliação = 1.12088

Tempo de execução: 60s

---------------------------

