Largura da faixa = 112
Melhor altura = 422

Lower Bound 1 = 357
Lower Bound 2 = 173
Avaliação = 1.18207

Tempo de execução: 60.0015s

---------------------------

Largura da faixa = 112
Melhor altura = 422

Lower Bound 1 = 357
Lower Bound 2 = 173
Avaliação = 1.18207

Tempo de execução: 60.0015s

---------------------------

Largura da faixa = 112
Melhor altura = 422

Lower Bound 1 = 357
Lower Bound 2 = 173
Avaliação = 1.18207

Tempo de execução: 60.0012s

---------------------------

Largura da faixa = 112
Melhor altura = 429

Lower Bound 1 = 357
Lower Bound 2 = 173
Avaliação = 1.20168

Tempo de execução: 60.0016s

---------------------------

Largura da faixa = 112
Melhor altura = 423

Lower Bound 1 = 357
Lower Bound 2 = 173
Avaliação = 1.18487

Tempo de execução: 60.0005s

---------------------------

Largura da faixa = 112
Melhor altura = 417

Lower Bound 1 = 357
Lower Bound 2 = 173
Avaliação = 1.16807

Tempo de execução: 60.0029s

---------------------------

Largura da faixa = 112
Melhor altura = 424

Lower Bound 1 = 357
Lower Bound 2 = 173
Avaliação = 1.18768

Tempo de execução: 60.0001s

---------------------------

Largura da faixa = 112
Melhor altura = 419

Lower Bound 1 = 357
Lower Bound 2 = 173
Avaliação = 1.17367

Tempo de execução: 60.0019s

---------------------------

Largura da faixa = 112
Melhor altura = 421

Lower Bound 1 = 357
Lower Bound 2 = 173
Avaliação = 1.17927

Tempo de execução: 60.0005s

---------------------------

Largura da faixa = 112
Melhor altura = 424

Lower Bound 1 = 357
Lower Bound 2 = 173
Avaliação = 1.18768

Tempo de execução: 60.0024s

---------------------------

Largura da faixa = 112
Melhor altura = 422

Lower Bound 1 = 357
Lower Bound 2 = 173
Avaliação = 1.18207

Tempo de execução: 60.0009s

---------------------------

Largura da faixa = 112
Melhor altura = 415

Lower Bound 1 = 357
Lower Bound 2 = 173
Avaliação = 1.16246

Tempo de execução: 60.0059s

---------------------------

Largura da faixa = 112
Melhor altura = 421

Lower Bound 1 = 357
Lower Bound 2 = 173
Avaliação = 1.17927

Tempo de execução: 60.0007s

---------------------------

Largura da faixa = 112
Melhor altura = 418

Lower Bound 1 = 357
Lower Bound 2 = 173
Avaliação = 1.17087

Tempo de execução: 60.0004s

---------------------------

Largura da faixa = 112
Melhor altura = 421

Lower Bound 1 = 357
Lower Bound 2 = 173
Avaliação = 1.17927

Tempo de execução: 60.0018s

---------------------------

Largura da faixa = 112
Melhor altura = 423

Lower Bound 1 = 357
Lower Bound 2 = 173
Avaliação = 1.18487

Tempo de execução: 60.0002s

---------------------------

Largura da faixa = 112
Melhor altura = 425

Lower Bound 1 = 357
Lower Bound 2 = 173
Avaliação = 1.19048

Tempo de execução: 60.0007s

---------------------------

Largura da faixa = 112
Melhor altura = 419

Lower Bound 1 = 357
Lower Bound 2 = 173
Avaliação = 1.17367

Tempo de execução: 60.0023s

---------------------------

Largura da faixa = 112
Melhor altura = 424

Lower Bound 1 = 357
Lower Bound 2 = 173
Avaliação = 1.18768

Tempo de execução: 60.0001s

---------------------------

Largura da faixa = 112
Melhor altura = 422

Lower Bound 1 = 357
Lower Bound 2 = 173
Avaliação = 1.18207

Tempo de execução: 60.005s

---------------------------

