Largura da faixa = 121
Melhor altura = 366

Lower Bound 1 = 330
Lower Bound 2 = 254
Avaliação = 1.10909

Tempo de execução: 60s

---------------------------

Largura da faixa = 121
Melhor altura = 366

Lower Bound 1 = 330
Lower Bound 2 = 254
Avaliação = 1.10909

Tempo de execução: 60s

---------------------------

Largura da faixa = 121
Melhor altura = 366

Lower Bound 1 = 330
Lower Bound 2 = 254
Avaliação = 1.10909

Tempo de execução: 60.0001s

---------------------------

Largura da faixa = 121
Melhor altura = 366

Lower Bound 1 = 330
Lower Bound 2 = 254
Avaliação = 1.10909

Tempo de execução: 60.0001s

---------------------------

Largura da faixa = 121
Melhor altura = 366

Lower Bound 1 = 330
Lower Bound 2 = 254
Avaliação = 1.10909

Tempo de execução: 60.0001s

---------------------------

Largura da faixa = 121
Melhor altura = 366

Lower Bound 1 = 330
Lower Bound 2 = 254
Avaliação = 1.10909

Tempo de execução: 60.0001s

---------------------------

Largura da faixa = 121
Melhor altura = 367

Lower Bound 1 = 330
Lower Bound 2 = 254
Avaliação = 1.11212

Tempo de execução: 60.0001s

---------------------------

Largura da faixa = 121
Melhor altura = 366

Lower Bound 1 = 330
Lower Bound 2 = 254
Avaliação = 1.10909

Tempo de execução: 60.0001s

---------------------------

Largura da faixa = 121
Melhor altura = 366

Lower Bound 1 = 330
Lower Bound 2 = 254
Avaliação = 1.10909

Tempo de execução: 60s

---------------------------

Largura da faixa = 121
Melhor altura = 366

Lower Bound 1 = 330
Lower Bound 2 = 254
Avaliação = 1.10909

Tempo de execução: 60s

---------------------------

Largura da faixa = 121
Melhor altura = 367

Lower Bound 1 = 330
Lower Bound 2 = 254
Avaliação = 1.11212

Tempo de execução: 60.0001s

---------------------------

Largura da faixa = 121
Melhor altura = 366

Lower Bound 1 = 330
Lower Bound 2 = 254
Avaliação = 1.10909

Tempo de execução: 60.0002s

---------------------------

Largura da faixa = 121
Melhor altura = 367

Lower Bound 1 = 330
Lower Bound 2 = 254
Avaliação = 1.11212

Tempo de execução: 60s

---------------------------

Largura da faixa = 121
Melhor altura = 366

Lower Bound 1 = 330
Lower Bound 2 = 254
Avaliação = 1.10909

Tempo de execução: 60.0001s

---------------------------

Largura da faixa = 121
Melhor altura = 366

Lower Bound 1 = 330
Lower Bound 2 = 254
Avaliação = 1.10909

Tempo de execução: 60.0001s

---------------------------

Largura da faixa = 121
Melhor altura = 366

Lower Bound 1 = 330
Lower Bound 2 = 254
Avaliação = 1.10909

Tempo de execução: 60s

---------------------------

Largura da faixa = 121
Melhor altura = 366

Lower Bound 1 = 330
Lower Bound 2 = 254
Avaliação = 1.10909

Tempo de execução: 60.0001s

---------------------------

Largura da faixa = 121
Melhor altura = 366

Lower Bound 1 = 330
Lower Bound 2 = 254
Avaliação = 1.10909

Tempo de execução: 60.0001s

---------------------------

Largura da faixa = 121
Melhor altura = 366

Lower Bound 1 = 330
Lower Bound 2 = 254
Avaliação = 1.10909

Tempo de execução: 60.0001s

---------------------------

Largura da faixa = 121
Melhor altura = 366

Lower Bound 1 = 330
Lower Bound 2 = 254
Avaliação = 1.10909

Tempo de execução: 60.0001s

---------------------------

