Largura da faixa = 108
Melhor altura = 448

Lower Bound 1 = 370
Lower Bound 2 = 252
Avaliação = 1.21081

Tempo de execução: 60.0027s

---------------------------

Largura da faixa = 108
Melhor altura = 453

Lower Bound 1 = 370
Lower Bound 2 = 252
Avaliação = 1.22432

Tempo de execução: 60.002s

---------------------------

Largura da faixa = 108
Melhor altura = 447

Lower Bound 1 = 370
Lower Bound 2 = 252
Avaliação = 1.20811

Tempo de execução: 60.0018s

---------------------------

Largura da faixa = 108
Melhor altura = 450

Lower Bound 1 = 370
Lower Bound 2 = 252
Avaliação = 1.21622

Tempo de execução: 60.0022s

---------------------------

Largura da faixa = 108
Melhor altura = 449

Lower Bound 1 = 370
Lower Bound 2 = 252
Avaliação = 1.21351

Tempo de execução: 60.0008s

---------------------------

Largura da faixa = 108
Melhor altura = 438

Lower Bound 1 = 370
Lower Bound 2 = 252
Avaliação = 1.18378

Tempo de execução: 60.0046s

---------------------------

Largura da faixa = 108
Melhor altura = 445

Lower Bound 1 = 370
Lower Bound 2 = 252
Avaliação = 1.2027

Tempo de execução: 60.0023s

---------------------------

Largura da faixa = 108
Melhor altura = 456

Lower Bound 1 = 370
Lower Bound 2 = 252
Avaliação = 1.23243

Tempo de execução: 60.0075s

---------------------------

Largura da faixa = 108
Melhor altura = 443

Lower Bound 1 = 370
Lower Bound 2 = 252
Avaliação = 1.1973

Tempo de execução: 60.0071s

---------------------------

Largura da faixa = 108
Melhor altura = 456

Lower Bound 1 = 370
Lower Bound 2 = 252
Avaliação = 1.23243

Tempo de execução: 60.0004s

---------------------------

Largura da faixa = 108
Melhor altura = 446

Lower Bound 1 = 370
Lower Bound 2 = 252
Avaliação = 1.20541

Tempo de execução: 60.0007s

---------------------------

Largura da faixa = 108
Melhor altura = 456

Lower Bound 1 = 370
Lower Bound 2 = 252
Avaliação = 1.23243

Tempo de execução: 60.0016s

---------------------------

Largura da faixa = 108
Melhor altura = 446

Lower Bound 1 = 370
Lower Bound 2 = 252
Avaliação = 1.20541

Tempo de execução: 60.0003s

---------------------------

Largura da faixa = 108
Melhor altura = 453

Lower Bound 1 = 370
Lower Bound 2 = 252
Avaliação = 1.22432

Tempo de execução: 60.006s

---------------------------

Largura da faixa = 108
Melhor altura = 443

Lower Bound 1 = 370
Lower Bound 2 = 252
Avaliação = 1.1973

Tempo de execução: 60.0086s

---------------------------

Largura da faixa = 108
Melhor altura = 444

Lower Bound 1 = 370
Lower Bound 2 = 252
Avaliação = 1.2

Tempo de execução: 60.0037s

---------------------------

Largura da faixa = 108
Melhor altura = 454

Lower Bound 1 = 370
Lower Bound 2 = 252
Avaliação = 1.22703

Tempo de execução: 60.0044s

---------------------------

Largura da faixa = 108
Melhor altura = 447

Lower Bound 1 = 370
Lower Bound 2 = 252
Avaliação = 1.20811

Tempo de execução: 60.0041s

---------------------------

Largura da faixa = 108
Melhor altura = 447

Lower Bound 1 = 370
Lower Bound 2 = 252
Avaliação = 1.20811

Tempo de execução: 60.002s

---------------------------

Largura da faixa = 108
Melhor altura = 445

Lower Bound 1 = 370
Lower Bound 2 = 252
Avaliação = 1.2027

Tempo de execução: 60.0044s

---------------------------

