Largura da faixa = 93
Melhor altura = 540

Lower Bound 1 = 430
Lower Bound 2 = 238
Avaliação = 1.25581

Tempo de execução: 60.0082s

---------------------------

Largura da faixa = 93
Melhor altura = 538

Lower Bound 1 = 430
Lower Bound 2 = 238
Avaliação = 1.25116

Tempo de execução: 60.003s

---------------------------

Largura da faixa = 93
Melhor altura = 540

Lower Bound 1 = 430
Lower Bound 2 = 238
Avaliação = 1.25581

Tempo de execução: 60.0048s

---------------------------

Largura da faixa = 93
Melhor altura = 536

Lower Bound 1 = 430
Lower Bound 2 = 238
Avaliação = 1.24651

Tempo de execução: 60.0048s

---------------------------

Largura da faixa = 93
Melhor altura = 547

Lower Bound 1 = 430
Lower Bound 2 = 238
Avaliação = 1.27209

Tempo de execução: 60.0319s

---------------------------

Largura da faixa = 93
Melhor altura = 537

Lower Bound 1 = 430
Lower Bound 2 = 238
Avaliação = 1.24884

Tempo de execução: 60.0504s

---------------------------

Largura da faixa = 93
Melhor altura = 540

Lower Bound 1 = 430
Lower Bound 2 = 238
Avaliação = 1.25581

Tempo de execução: 60.015s

---------------------------

Largura da faixa = 93
Melhor altura = 537

Lower Bound 1 = 430
Lower Bound 2 = 238
Avaliação = 1.24884

Tempo de execução: 60.0608s

---------------------------

Largura da faixa = 93
Melhor altura = 542

Lower Bound 1 = 430
Lower Bound 2 = 238
Avaliação = 1.26047

Tempo de execução: 60.057s

---------------------------

Largura da faixa = 93
Melhor altura = 532

Lower Bound 1 = 430
Lower Bound 2 = 238
Avaliação = 1.23721

Tempo de execução: 60.0231s

---------------------------

Largura da faixa = 93
Melhor altura = 542

Lower Bound 1 = 430
Lower Bound 2 = 238
Avaliação = 1.26047

Tempo de execução: 60.0084s

---------------------------

Largura da faixa = 93
Melhor altura = 542

Lower Bound 1 = 430
Lower Bound 2 = 238
Avaliação = 1.26047

Tempo de execução: 60.0073s

---------------------------

Largura da faixa = 93
Melhor altura = 541

Lower Bound 1 = 430
Lower Bound 2 = 238
Avaliação = 1.25814

Tempo de execução: 60.0422s

---------------------------

Largura da faixa = 93
Melhor altura = 541

Lower Bound 1 = 430
Lower Bound 2 = 238
Avaliação = 1.25814

Tempo de execução: 60.0317s

---------------------------

Largura da faixa = 93
Melhor altura = 532

Lower Bound 1 = 430
Lower Bound 2 = 238
Avaliação = 1.23721

Tempo de execução: 60.038s

---------------------------

Largura da faixa = 93
Melhor altura = 540

Lower Bound 1 = 430
Lower Bound 2 = 238
Avaliação = 1.25581

Tempo de execução: 60.0574s

---------------------------

Largura da faixa = 93
Melhor altura = 543

Lower Bound 1 = 430
Lower Bound 2 = 238
Avaliação = 1.26279

Tempo de execução: 60.0622s

---------------------------

Largura da faixa = 93
Melhor altura = 542

Lower Bound 1 = 430
Lower Bound 2 = 238
Avaliação = 1.26047

Tempo de execução: 60.0647s

---------------------------

Largura da faixa = 93
Melhor altura = 540

Lower Bound 1 = 430
Lower Bound 2 = 238
Avaliação = 1.25581

Tempo de execução: 60.0054s

---------------------------

Largura da faixa = 93
Melhor altura = 543

Lower Bound 1 = 430
Lower Bound 2 = 238
Avaliação = 1.26279

Tempo de execução: 60.0372s

---------------------------

