Largura da faixa = 104
Melhor altura = 504

Lower Bound 1 = 384
Lower Bound 2 = 274
Avaliação = 1.3125

Tempo de execução: 60.0003s

---------------------------

Largura da faixa = 104
Melhor altura = 490

Lower Bound 1 = 384
Lower Bound 2 = 274
Avaliação = 1.27604

Tempo de execução: 60.0008s

---------------------------

Largura da faixa = 104
Melhor altura = 489

Lower Bound 1 = 384
Lower Bound 2 = 274
Avaliação = 1.27344

Tempo de execução: 60.0005s

---------------------------

Largura da faixa = 104
Melhor altura = 503

Lower Bound 1 = 384
Lower Bound 2 = 274
Avaliação = 1.3099

Tempo de execução: 60.0034s

---------------------------

Largura da faixa = 104
Melhor altura = 503

Lower Bound 1 = 384
Lower Bound 2 = 274
Avaliação = 1.3099

Tempo de execução: 60.0045s

---------------------------

Largura da faixa = 104
Melhor altura = 476

Lower Bound 1 = 384
Lower Bound 2 = 274
Avaliação = 1.23958

Tempo de execução: 60.0075s

---------------------------

Largura da faixa = 104
Melhor altura = 488

Lower Bound 1 = 384
Lower Bound 2 = 274
Avaliação = 1.27083

Tempo de execução: 60.0038s

---------------------------

Largura da faixa = 104
Melhor altura = 499

Lower Bound 1 = 384
Lower Bound 2 = 274
Avaliação = 1.29948

Tempo de execução: 60.0001s

---------------------------

Largura da faixa = 104
Melhor altura = 495

Lower Bound 1 = 384
Lower Bound 2 = 274
Avaliação = 1.28906

Tempo de execução: 60.0048s

---------------------------

Largura da faixa = 104
Melhor altura = 484

Lower Bound 1 = 384
Lower Bound 2 = 274
Avaliação = 1.26042

Tempo de execução: 60.0048s

---------------------------

Largura da faixa = 104
Melhor altura = 478

Lower Bound 1 = 384
Lower Bound 2 = 274
Avaliação = 1.24479

Tempo de execução: 60.0105s

---------------------------

Largura da faixa = 104
Melhor altura = 496

Lower Bound 1 = 384
Lower Bound 2 = 274
Avaliação = 1.29167

Tempo de execução: 60.0042s

---------------------------

Largura da faixa = 104
Melhor altura = 493

Lower Bound 1 = 384
Lower Bound 2 = 274
Avaliação = 1.28385

Tempo de execução: 60.0024s

---------------------------

Largura da faixa = 104
Melhor altura = 491

Lower Bound 1 = 384
Lower Bound 2 = 274
Avaliação = 1.27865

Tempo de execução: 60.0095s

---------------------------

Largura da faixa = 104
Melhor altura = 485

Lower Bound 1 = 384
Lower Bound 2 = 274
Avaliação = 1.26302

Tempo de execução: 60.0176s

---------------------------

Largura da faixa = 104
Melhor altura = 483

Lower Bound 1 = 384
Lower Bound 2 = 274
Avaliação = 1.25781

Tempo de execução: 60.0015s

---------------------------

Largura da faixa = 104
Melhor altura = 480

Lower Bound 1 = 384
Lower Bound 2 = 274
Avaliação = 1.25

Tempo de execução: 60.0004s

---------------------------

Largura da faixa = 104
Melhor altura = 495

Lower Bound 1 = 384
Lower Bound 2 = 274
Avaliação = 1.28906

Tempo de execução: 60.0011s

---------------------------

Largura da faixa = 104
Melhor altura = 499

Lower Bound 1 = 384
Lower Bound 2 = 274
Avaliação = 1.29948

Tempo de execução: 60.004s

---------------------------

Largura da faixa = 104
Melhor altura = 495

Lower Bound 1 = 384
Lower Bound 2 = 274
Avaliação = 1.28906

Tempo de execução: 60.01s

---------------------------

