Largura da faixa = 119
Melhor altura = 471

Lower Bound 1 = 336
Lower Bound 2 = 395
Avaliação = 1.19241

Tempo de execução: 60.0001s

---------------------------

Largura da faixa = 119
Melhor altura = 470

Lower Bound 1 = 336
Lower Bound 2 = 395
Avaliação = 1.18987

Tempo de execução: 60.0001s

---------------------------

Largura da faixa = 119
Melhor altura = 471

Lower Bound 1 = 336
Lower Bound 2 = 395
Avaliação = 1.19241

Tempo de execução: 60.0002s

---------------------------

Largura da faixa = 119
Melhor altura = 471

Lower Bound 1 = 336
Lower Bound 2 = 395
Avaliação = 1.19241

Tempo de execução: 60.0001s

---------------------------

Largura da faixa = 119
Melhor altura = 471

Lower Bound 1 = 336
Lower Bound 2 = 395
Avaliação = 1.19241

Tempo de execução: 60.0001s

---------------------------

Largura da faixa = 119
Melhor altura = 466

Lower Bound 1 = 336
Lower Bound 2 = 395
Avaliação = 1.17975

Tempo de execução: 60.0001s

---------------------------

Largura da faixa = 119
Melhor altura = 471

Lower Bound 1 = 336
Lower Bound 2 = 395
Avaliação = 1.19241

Tempo de execução: 60s

---------------------------

Largura da faixa = 119
Melhor altura = 469

Lower Bound 1 = 336
Lower Bound 2 = 395
Avaliação = 1.18734

Tempo de execução: 60.0001s

---------------------------

Largura da faixa = 119
Melhor altura = 471

Lower Bound 1 = 336
Lower Bound 2 = 395
Avaliação = 1.19241

Tempo de execução: 60.0007s

---------------------------

Largura da faixa = 119
Melhor altura = 471

Lower Bound 1 = 336
Lower Bound 2 = 395
Avaliação = 1.19241

Tempo de execução: 60.0001s

---------------------------

Largura da faixa = 119
Melhor altura = 471

Lower Bound 1 = 336
Lower Bound 2 = 395
Avaliação = 1.19241

Tempo de execução: 60.0001s

---------------------------

Largura da faixa = 119
Melhor altura = 471

Lower Bound 1 = 336
Lower Bound 2 = 395
Avaliação = 1.19241

Tempo de execução: 60.0001s

---------------------------

Largura da faixa = 119
Melhor altura = 470

Lower Bound 1 = 336
Lower Bound 2 = 395
Avaliação = 1.18987

Tempo de execução: 60.0001s

---------------------------

Largura da faixa = 119
Melhor altura = 471

Lower Bound 1 = 336
Lower Bound 2 = 395
Avaliação = 1.19241

Tempo de execução: 60s

---------------------------

Largura da faixa = 119
Melhor altura = 470

Lower Bound 1 = 336
Lower Bound 2 = 395
Avaliação = 1.18987

Tempo de execução: 60.0001s

---------------------------

Largura da faixa = 119
Melhor altura = 471

Lower Bound 1 = 336
Lower Bound 2 = 395
Avaliação = 1.19241

Tempo de execução: 60s

---------------------------

Largura da faixa = 119
Melhor altura = 471

Lower Bound 1 = 336
Lower Bound 2 = 395
Avaliação = 1.19241

Tempo de execução: 60.0001s

---------------------------

Largura da faixa = 119
Melhor altura = 470

Lower Bound 1 = 336
Lower Bound 2 = 395
Avaliação = 1.18987

Tempo de execução: 60.0004s

---------------------------

Largura da faixa = 119
Melhor altura = 469

Lower Bound 1 = 336
Lower Bound 2 = 395
Avaliação = 1.18734

Tempo de execução: 60.0001s

---------------------------

Largura da faixa = 119
Melhor altura = 471

Lower Bound 1 = 336
Lower Bound 2 = 395
Avaliação = 1.19241

Tempo de execução: 60.0001s

---------------------------

