Largura da faixa = 85
Melhor altura = 602

Lower Bound 1 = 470
Lower Bound 2 = 215
Avaliação = 1.28085

Tempo de execução: 60.0058s

---------------------------

Largura da faixa = 85
Melhor altura = 598

Lower Bound 1 = 470
Lower Bound 2 = 215
Avaliação = 1.27234

Tempo de execução: 60.0272s

---------------------------

Largura da faixa = 85
Melhor altura = 596

Lower Bound 1 = 470
Lower Bound 2 = 215
Avaliação = 1.26809

Tempo de execução: 60.0416s

---------------------------

Largura da faixa = 85
Melhor altura = 599

Lower Bound 1 = 470
Lower Bound 2 = 215
Avaliação = 1.27447

Tempo de execução: 60.0052s

---------------------------

Largura da faixa = 85
Melhor altura = 598

Lower Bound 1 = 470
Lower Bound 2 = 215
Avaliação = 1.27234

Tempo de execução: 60.0039s

---------------------------

Largura da faixa = 85
Melhor altura = 597

Lower Bound 1 = 470
Lower Bound 2 = 215
Avaliação = 1.27021

Tempo de execução: 60.0424s

---------------------------

Largura da faixa = 85
Melhor altura = 600

Lower Bound 1 = 470
Lower Bound 2 = 215
Avaliação = 1.2766

Tempo de execução: 60.0124s

---------------------------

Largura da faixa = 85
Melhor altura = 592

Lower Bound 1 = 470
Lower Bound 2 = 215
Avaliação = 1.25957

Tempo de execução: 60.0165s

---------------------------

Largura da faixa = 85
Melhor altura = 597

Lower Bound 1 = 470
Lower Bound 2 = 215
Avaliação = 1.27021

Tempo de execução: 60.0316s

---------------------------

Largura da faixa = 85
Melhor altura = 602

Lower Bound 1 = 470
Lower Bound 2 = 215
Avaliação = 1.28085

Tempo de execução: 60.0001s

---------------------------

Largura da faixa = 85
Melhor altura = 599

Lower Bound 1 = 470
Lower Bound 2 = 215
Avaliação = 1.27447

Tempo de execução: 60.018s

---------------------------

Largura da faixa = 85
Melhor altura = 586

Lower Bound 1 = 470
Lower Bound 2 = 215
Avaliação = 1.24681

Tempo de execução: 60.0294s

---------------------------

Largura da faixa = 85
Melhor altura = 599

Lower Bound 1 = 470
Lower Bound 2 = 215
Avaliação = 1.27447

Tempo de execução: 60.0005s

---------------------------

Largura da faixa = 85
Melhor altura = 596

Lower Bound 1 = 470
Lower Bound 2 = 215
Avaliação = 1.26809

Tempo de execução: 60.0133s

---------------------------

Largura da faixa = 85
Melhor altura = 600

Lower Bound 1 = 470
Lower Bound 2 = 215
Avaliação = 1.2766

Tempo de execução: 60.0118s

---------------------------

Largura da faixa = 85
Melhor altura = 596

Lower Bound 1 = 470
Lower Bound 2 = 215
Avaliação = 1.26809

Tempo de execução: 60.0061s

---------------------------

Largura da faixa = 85
Melhor altura = 593

Lower Bound 1 = 470
Lower Bound 2 = 215
Avaliação = 1.2617

Tempo de execução: 60.0092s

---------------------------

Largura da faixa = 85
Melhor altura = 582

Lower Bound 1 = 470
Lower Bound 2 = 215
Avaliação = 1.2383

Tempo de execução: 60.0109s

---------------------------

Largura da faixa = 85
Melhor altura = 603

Lower Bound 1 = 470
Lower Bound 2 = 215
Avaliação = 1.28298

Tempo de execução: 60.0315s

---------------------------

Largura da faixa = 85
Melhor altura = 597

Lower Bound 1 = 470
Lower Bound 2 = 215
Avaliação = 1.27021

Tempo de execução: 60.0258s

---------------------------

