Largura da faixa = 132
Melhor altura = 440

Lower Bound 1 = 303
Lower Bound 2 = 440
Avaliação = 1

Tempo de execução: 60s

---------------------------

Largura da faixa = 132
Melhor altura = 440

Lower Bound 1 = 303
Lower Bound 2 = 440
Avaliação = 1

Tempo de execução: 60s

---------------------------

Largura da faixa = 132
Melhor altura = 440

Lower Bound 1 = 303
Lower Bound 2 = 440
Avaliação = 1

Tempo de execução: 60.0001s

---------------------------

Largura da faixa = 132
Melhor altura = 440

Lower Bound 1 = 303
Lower Bound 2 = 440
Avaliação = 1

Tempo de execução: 60s

---------------------------

Largura da faixa = 132
Melhor altura = 440

Lower Bound 1 = 303
Lower Bound 2 = 440
Avaliação = 1

Tempo de execução: 60s

---------------------------

Largura da faixa = 132
Melhor altura = 440

Lower Bound 1 = 303
Lower Bound 2 = 440
Avaliação = 1

Tempo de execução: 60s

---------------------------

Largura da faixa = 132
Melhor altura = 440

Lower Bound 1 = 303
Lower Bound 2 = 440
Avaliação = 1

Tempo de execução: 60s

---------------------------

Largura da faixa = 132
Melhor altura = 440

Lower Bound 1 = 303
Lower Bound 2 = 440
Avaliação = 1

Tempo de execução: 60.0001s

---------------------------

Largura da faixa = 132
Melhor altura = 440

Lower Bound 1 = 303
Lower Bound 2 = 440
Avaliação = 1

Tempo de execução: 60s

---------------------------

Largura da faixa = 132
Melhor altura = 440

Lower Bound 1 = 303
Lower Bound 2 = 440
Avaliação = 1

Tempo de execução: 60s

---------------------------

Largura da faixa = 132
Melhor altura = 440

Lower Bound 1 = 303
Lower Bound 2 = 440
Avaliação = 1

Tempo de execução: 60s

---------------------------

Largura da faixa = 132
Melhor altura = 440

Lower Bound 1 = 303
Lower Bound 2 = 440
Avaliação = 1

Tempo de execução: 60.0001s

---------------------------

Largura da faixa = 132
Melhor altura = 440

Lower Bound 1 = 303
Lower Bound 2 = 440
Avaliação = 1

Tempo de execução: 60s

---------------------------

Largura da faixa = 132
Melhor altura = 440

Lower Bound 1 = 303
Lower Bound 2 = 440
Avaliação = 1

Tempo de execução: 60.0001s

---------------------------

Largura da faixa = 132
Melhor altura = 440

Lower Bound 1 = 303
Lower Bound 2 = 440
Avaliação = 1

Tempo de execução: 60s

---------------------------

Largura da faixa = 132
Melhor altura = 440

Lower Bound 1 = 303
Lower Bound 2 = 440
Avaliação = 1

Tempo de execução: 60s

---------------------------

Largura da faixa = 132
Melhor altura = 440

Lower Bound 1 = 303
Lower Bound 2 = 440
Avaliação = 1

Tempo de execução: 60.0001s

---------------------------

Largura da faixa = 132
Melhor altura = 440

Lower Bound 1 = 303
Lower Bound 2 = 440
Avaliação = 1

Tempo de execução: 60s

---------------------------

Largura da faixa = 132
Melhor altura = 440

Lower Bound 1 = 303
Lower Bound 2 = 440
Avaliação = 1

Tempo de execução: 60s

---------------------------

Largura da faixa = 132
Melhor altura = 440

Lower Bound 1 = 303
Lower Bound 2 = 440
Avaliação = 1

Tempo de execução: 60.0001s

---------------------------

