Largura da faixa = 98
Melhor altura = 505

Lower Bound 1 = 408
Lower Bound 2 = 194
Avaliação = 1.23775

Tempo de execução: 60.002s

---------------------------

Largura da faixa = 98
Melhor altura = 512

Lower Bound 1 = 408
Lower Bound 2 = 194
Avaliação = 1.2549

Tempo de execução: 60.0039s

---------------------------

Largura da faixa = 98
Melhor altura = 502

Lower Bound 1 = 408
Lower Bound 2 = 194
Avaliação = 1.23039

Tempo de execução: 60.0072s

---------------------------

Largura da faixa = 98
Melhor altura = 511

Lower Bound 1 = 408
Lower Bound 2 = 194
Avaliação = 1.25245

Tempo de execução: 60.0039s

---------------------------

Largura da faixa = 98
Melhor altura = 514

Lower Bound 1 = 408
Lower Bound 2 = 194
Avaliação = 1.2598

Tempo de execução: 60.0068s

---------------------------

Largura da faixa = 98
Melhor altura = 507

Lower Bound 1 = 408
Lower Bound 2 = 194
Avaliação = 1.24265

Tempo de execução: 60.0178s

---------------------------

Largura da faixa = 98
Melhor altura = 517

Lower Bound 1 = 408
Lower Bound 2 = 194
Avaliação = 1.26716

Tempo de execução: 60.0005s

---------------------------

Largura da faixa = 98
Melhor altura = 513

Lower Bound 1 = 408
Lower Bound 2 = 194
Avaliação = 1.25735

Tempo de execução: 60.002s

---------------------------

Largura da faixa = 98
Melhor altura = 517

Lower Bound 1 = 408
Lower Bound 2 = 194
Avaliação = 1.26716

Tempo de execução: 60.0144s

---------------------------

Largura da faixa = 98
Melhor altura = 507

Lower Bound 1 = 408
Lower Bound 2 = 194
Avaliação = 1.24265

Tempo de execução: 60.0034s

---------------------------

Largura da faixa = 98
Melhor altura = 505

Lower Bound 1 = 408
Lower Bound 2 = 194
Avaliação = 1.23775

Tempo de execução: 60.0076s

---------------------------

Largura da faixa = 98
Melhor altura = 510

Lower Bound 1 = 408
Lower Bound 2 = 194
Avaliação = 1.25

Tempo de execução: 60.0083s

---------------------------

Largura da faixa = 98
Melhor altura = 512

Lower Bound 1 = 408
Lower Bound 2 = 194
Avaliação = 1.2549

Tempo de execução: 60.0081s

---------------------------

Largura da faixa = 98
Melhor altura = 514

Lower Bound 1 = 408
Lower Bound 2 = 194
Avaliação = 1.2598

Tempo de execução: 60.006s

---------------------------

Largura da faixa = 98
Melhor altura = 507

Lower Bound 1 = 408
Lower Bound 2 = 194
Avaliação = 1.24265

Tempo de execução: 60.0124s

---------------------------

Largura da faixa = 98
Melhor altura = 512

Lower Bound 1 = 408
Lower Bound 2 = 194
Avaliação = 1.2549

Tempo de execução: 60.0004s

---------------------------

Largura da faixa = 98
Melhor altura = 511

Lower Bound 1 = 408
Lower Bound 2 = 194
Avaliação = 1.25245

Tempo de execução: 60.0108s

---------------------------

Largura da faixa = 98
Melhor altura = 514

Lower Bound 1 = 408
Lower Bound 2 = 194
Avaliação = 1.2598

Tempo de execução: 60.0074s

---------------------------

Largura da faixa = 98
Melhor altura = 508

Lower Bound 1 = 408
Lower Bound 2 = 194
Avaliação = 1.2451

Tempo de execução: 60.0019s

---------------------------

Largura da faixa = 98
Melhor altura = 509

Lower Bound 1 = 408
Lower Bound 2 = 194
Avaliação = 1.24755

Tempo de execução: 60.0092s

---------------------------

