Largura da faixa = 97
Melhor altura = 523

Lower Bound 1 = 412
Lower Bound 2 = 506
Avaliação = 1.0336

Tempo de execução: 60s

---------------------------

Largura da faixa = 97
Melhor altura = 523

Lower Bound 1 = 412
Lower Bound 2 = 506
Avaliação = 1.0336

Tempo de execução: 60s

---------------------------

Largura da faixa = 97
Melhor altura = 523

Lower Bound 1 = 412
Lower Bound 2 = 506
Avaliação = 1.0336

Tempo de execução: 60.0001s

---------------------------

Largura da faixa = 97
Melhor altura = 523

Lower Bound 1 = 412
Lower Bound 2 = 506
Avaliação = 1.0336

Tempo de execução: 60s

---------------------------

Largura da faixa = 97
Melhor altura = 523

Lower Bound 1 = 412
Lower Bound 2 = 506
Avaliação = 1.0336

Tempo de execução: 60.0001s

---------------------------

Largura da faixa = 97
Melhor altura = 523

Lower Bound 1 = 412
Lower Bound 2 = 506
Avaliação = 1.0336

Tempo de execução: 60s

---------------------------

Largura da faixa = 97
Melhor altura = 523

Lower Bound 1 = 412
Lower Bound 2 = 506
Avaliação = 1.0336

Tempo de execução: 60s

---------------------------

Largura da faixa = 97
Melhor altura = 523

Lower Bound 1 = 412
Lower Bound 2 = 506
Avaliação = 1.0336

Tempo de execução: 60.0001s

---------------------------

Largura da faixa = 97
Melhor altura = 523

Lower Bound 1 = 412
Lower Bound 2 = 506
Avaliação = 1.0336

Tempo de execução: 60.0001s

---------------------------

Largura da faixa = 97
Melhor altura = 523

Lower Bound 1 = 412
Lower Bound 2 = 506
Avaliação = 1.0336

Tempo de execução: 60s

---------------------------

Largura da faixa = 97
Melhor altura = 523

Lower Bound 1 = 412
Lower Bound 2 = 506
Avaliação = 1.0336

Tempo de execução: 60.0001s

---------------------------

Largura da faixa = 97
Melhor altura = 523

Lower Bound 1 = 412
Lower Bound 2 = 506
Avaliação = 1.0336

Tempo de execução: 60s

---------------------------

Largura da faixa = 97
Melhor altura = 523

Lower Bound 1 = 412
Lower Bound 2 = 506
Avaliação = 1.0336

Tempo de execução: 60s

---------------------------

Largura da faixa = 97
Melhor altura = 523

Lower Bound 1 = 412
Lower Bound 2 = 506
Avaliação = 1.0336

Tempo de execução: 60s

---------------------------

Largura da faixa = 97
Melhor altura = 523

Lower Bound 1 = 412
Lower Bound 2 = 506
Avaliação = 1.0336

Tempo de execução: 60.0003s

---------------------------

Largura da faixa = 97
Melhor altura = 523

Lower Bound 1 = 412
Lower Bound 2 = 506
Avaliação = 1.0336

Tempo de execução: 60s

---------------------------

Largura da faixa = 97
Melhor altura = 523

Lower Bound 1 = 412
Lower Bound 2 = 506
Avaliação = 1.0336

Tempo de execução: 60.0001s

---------------------------

Largura da faixa = 97
Melhor altura = 523

Lower Bound 1 = 412
Lower Bound 2 = 506
Avaliação = 1.0336

Tempo de execução: 60.0001s

---------------------------

Largura da faixa = 97
Melhor altura = 523

Lower Bound 1 = 412
Lower Bound 2 = 506
Avaliação = 1.0336

Tempo de execução: 60.0001s

---------------------------

Largura da faixa = 97
Melhor altura = 523

Lower Bound 1 = 412
Lower Bound 2 = 506
Avaliação = 1.0336

Tempo de execução: 60s

---------------------------

