Largura da faixa = 108
Melhor altura = 465

Lower Bound 1 = 370
Lower Bound 2 = 273
Avaliação = 1.25676

Tempo de execução: 60.0028s

---------------------------

Largura da faixa = 108
Melhor altura = 450

Lower Bound 1 = 370
Lower Bound 2 = 273
Avaliação = 1.21622

Tempo de execução: 60.0077s

---------------------------

Largura da faixa = 108
Melhor altura = 471

Lower Bound 1 = 370
Lower Bound 2 = 273
Avaliação = 1.27297

Tempo de execução: 60.0035s

---------------------------

Largura da faixa = 108
Melhor altura = 449

Lower Bound 1 = 370
Lower Bound 2 = 273
Avaliação = 1.21351

Tempo de execução: 60.0014s

---------------------------

Largura da faixa = 108
Melhor altura = 452

Lower Bound 1 = 370
Lower Bound 2 = 273
Avaliação = 1.22162

Tempo de execução: 60.0009s

---------------------------

Largura da faixa = 108
Melhor altura = 452

Lower Bound 1 = 370
Lower Bound 2 = 273
Avaliação = 1.22162

Tempo de execução: 60.0031s

---------------------------

Largura da faixa = 108
Melhor altura = 455

Lower Bound 1 = 370
Lower Bound 2 = 273
Avaliação = 1.22973

Tempo de execução: 60.0028s

---------------------------

Largura da faixa = 108
Melhor altura = 457

Lower Bound 1 = 370
Lower Bound 2 = 273
Avaliação = 1.23514

Tempo de execução: 60.0145s

---------------------------

Largura da faixa = 108
Melhor altura = 447

Lower Bound 1 = 370
Lower Bound 2 = 273
Avaliação = 1.20811

Tempo de execução: 60.012s

---------------------------

Largura da faixa = 108
Melhor altura = 456

Lower Bound 1 = 370
Lower Bound 2 = 273
Avaliação = 1.23243

Tempo de execução: 60.001s

---------------------------

Largura da faixa = 108
Melhor altura = 467

Lower Bound 1 = 370
Lower Bound 2 = 273
Avaliação = 1.26216

Tempo de execução: 60.0013s

---------------------------

Largura da faixa = 108
Melhor altura = 463

Lower Bound 1 = 370
Lower Bound 2 = 273
Avaliação = 1.25135

Tempo de execução: 60.0125s

---------------------------

Largura da faixa = 108
Melhor altura = 460

Lower Bound 1 = 370
Lower Bound 2 = 273
Avaliação = 1.24324

Tempo de execução: 60.001s

---------------------------

Largura da faixa = 108
Melhor altura = 458

Lower Bound 1 = 370
Lower Bound 2 = 273
Avaliação = 1.23784

Tempo de execução: 60.0022s

---------------------------

Largura da faixa = 108
Melhor altura = 466

Lower Bound 1 = 370
Lower Bound 2 = 273
Avaliação = 1.25946

Tempo de execução: 60.0094s

---------------------------

Largura da faixa = 108
Melhor altura = 464

Lower Bound 1 = 370
Lower Bound 2 = 273
Avaliação = 1.25405

Tempo de execução: 60.0003s

---------------------------

Largura da faixa = 108
Melhor altura = 463

Lower Bound 1 = 370
Lower Bound 2 = 273
Avaliação = 1.25135

Tempo de execução: 60.0004s

---------------------------

Largura da faixa = 108
Melhor altura = 454

Lower Bound 1 = 370
Lower Bound 2 = 273
Avaliação = 1.22703

Tempo de execução: 60.0006s

---------------------------

Largura da faixa = 108
Melhor altura = 459

Lower Bound 1 = 370
Lower Bound 2 = 273
Avaliação = 1.24054

Tempo de execução: 60.0095s

---------------------------

Largura da faixa = 108
Melhor altura = 454

Lower Bound 1 = 370
Lower Bound 2 = 273
Avaliação = 1.22703

Tempo de execução: 60.0101s

---------------------------

