Largura da faixa = 93
Melhor altura = 489

Lower Bound 1 = 430
Lower Bound 2 = 295
Avaliação = 1.13721

Tempo de execução: 60.0015s

---------------------------

Largura da faixa = 93
Melhor altura = 485

Lower Bound 1 = 430
Lower Bound 2 = 295
Avaliação = 1.12791

Tempo de execução: 60.0011s

---------------------------

Largura da faixa = 93
Melhor altura = 488

Lower Bound 1 = 430
Lower Bound 2 = 295
Avaliação = 1.13488

Tempo de execução: 60.0021s

---------------------------

Largura da faixa = 93
Melhor altura = 485

Lower Bound 1 = 430
Lower Bound 2 = 295
Avaliação = 1.12791

Tempo de execução: 60.0009s

---------------------------

Largura da faixa = 93
Melhor altura = 486

Lower Bound 1 = 430
Lower Bound 2 = 295
Avaliação = 1.13023

Tempo de execução: 60.0005s

---------------------------

Largura da faixa = 93
Melhor altura = 485

Lower Bound 1 = 430
Lower Bound 2 = 295
Avaliação = 1.12791

Tempo de execução: 60.0024s

---------------------------

Largura da faixa = 93
Melhor altura = 488

Lower Bound 1 = 430
Lower Bound 2 = 295
Avaliação = 1.13488

Tempo de execução: 60.0002s

---------------------------

Largura da faixa = 93
Melhor altura = 488

Lower Bound 1 = 430
Lower Bound 2 = 295
Avaliação = 1.13488

Tempo de execução: 60.0011s

---------------------------

Largura da faixa = 93
Melhor altura = 485

Lower Bound 1 = 430
Lower Bound 2 = 295
Avaliação = 1.12791

Tempo de execução: 60.0015s

---------------------------

Largura da faixa = 93
Melhor altura = 484

Lower Bound 1 = 430
Lower Bound 2 = 295
Avaliação = 1.12558

Tempo de execução: 60s

---------------------------

Largura da faixa = 93
Melhor altura = 488

Lower Bound 1 = 430
Lower Bound 2 = 295
Avaliação = 1.13488

Tempo de execução: 60.0008s

---------------------------

Largura da faixa = 93
Melhor altura = 490

Lower Bound 1 = 430
Lower Bound 2 = 295
Avaliação = 1.13953

Tempo de execução: 60.0005s

---------------------------

Largura da faixa = 93
Melhor altura = 493

Lower Bound 1 = 430
Lower Bound 2 = 295
Avaliação = 1.14651

Tempo de execução: 60.0001s

---------------------------

Largura da faixa = 93
Melhor altura = 488

Lower Bound 1 = 430
Lower Bound 2 = 295
Avaliação = 1.13488

Tempo de execução: 60.0011s

---------------------------

Largura da faixa = 93
Melhor altura = 493

Lower Bound 1 = 430
Lower Bound 2 = 295
Avaliação = 1.14651

Tempo de execução: 60.001s

---------------------------

Largura da faixa = 93
Melhor altura = 488

Lower Bound 1 = 430
Lower Bound 2 = 295
Avaliação = 1.13488

Tempo de execução: 60.0001s

---------------------------

Largura da faixa = 93
Melhor altura = 488

Lower Bound 1 = 430
Lower Bound 2 = 295
Avaliação = 1.13488

Tempo de execução: 60.0001s

---------------------------

Largura da faixa = 93
Melhor altura = 488

Lower Bound 1 = 430
Lower Bound 2 = 295
Avaliação = 1.13488

Tempo de execução: 60.0016s

---------------------------

Largura da faixa = 93
Melhor altura = 485

Lower Bound 1 = 430
Lower Bound 2 = 295
Avaliação = 1.12791

Tempo de execução: 60.0001s

---------------------------

Largura da faixa = 93
Melhor altura = 488

Lower Bound 1 = 430
Lower Bound 2 = 295
Avaliação = 1.13488

Tempo de execução: 60.0018s

---------------------------

