Largura da faixa = 120
Melhor altura = 427

Lower Bound 1 = 333
Lower Bound 2 = 354
Avaliação = 1.20621

Tempo de execução: 60s

---------------------------

Largura da faixa = 120
Melhor altura = 421

Lower Bound 1 = 333
Lower Bound 2 = 354
Avaliação = 1.18927

Tempo de execução: 60.0001s

---------------------------

Largura da faixa = 120
Melhor altura = 421

Lower Bound 1 = 333
Lower Bound 2 = 354
Avaliação = 1.18927

Tempo de execução: 60.0004s

---------------------------

Largura da faixa = 120
Melhor altura = 427

Lower Bound 1 = 333
Lower Bound 2 = 354
Avaliação = 1.20621

Tempo de execução: 60.0001s

---------------------------

Largura da faixa = 120
Melhor altura = 427

Lower Bound 1 = 333
Lower Bound 2 = 354
Avaliação = 1.20621

Tempo de execução: 60s

---------------------------

Largura da faixa = 120
Melhor altura = 421

Lower Bound 1 = 333
Lower Bound 2 = 354
Avaliação = 1.18927

Tempo de execução: 60.0002s

---------------------------

Largura da faixa = 120
Melhor altura = 427

Lower Bound 1 = 333
Lower Bound 2 = 354
Avaliação = 1.20621

Tempo de execução: 60.0003s

---------------------------

Largura da faixa = 120
Melhor altura = 421

Lower Bound 1 = 333
Lower Bound 2 = 354
Avaliação = 1.18927

Tempo de execução: 60.0001s

---------------------------

Largura da faixa = 120
Melhor altura = 427

Lower Bound 1 = 333
Lower Bound 2 = 354
Avaliação = 1.20621

Tempo de execução: 60.0005s

---------------------------

Largura da faixa = 120
Melhor altura = 427

Lower Bound 1 = 333
Lower Bound 2 = 354
Avaliação = 1.20621

Tempo de execução: 60.0001s

---------------------------

Largura da faixa = 120
Melhor altura = 427

Lower Bound 1 = 333
Lower Bound 2 = 354
Avaliação = 1.20621

Tempo de execução: 60s

---------------------------

Largura da faixa = 120
Melhor altura = 421

Lower Bound 1 = 333
Lower Bound 2 = 354
Avaliação = 1.18927

Tempo de execução: 60.0002s

---------------------------

Largura da faixa = 120
Melhor altura = 427

Lower Bound 1 = 333
Lower Bound 2 = 354
Avaliação = 1.20621

Tempo de execução: 60s

---------------------------

Largura da faixa = 120
Melhor altura = 427

Lower Bound 1 = 333
Lower Bound 2 = 354
Avaliação = 1.20621

Tempo de execução: 60.0003s

---------------------------

Largura da faixa = 120
Melhor altura = 427

Lower Bound 1 = 333
Lower Bound 2 = 354
Avaliação = 1.20621

Tempo de execução: 60.0006s

---------------------------

Largura da faixa = 120
Melhor altura = 427

Lower Bound 1 = 333
Lower Bound 2 = 354
Avaliação = 1.20621

Tempo de execução: 60.0001s

---------------------------

Largura da faixa = 120
Melhor altura = 427

Lower Bound 1 = 333
Lower Bound 2 = 354
Avaliação = 1.20621

Tempo de execução: 60s

---------------------------

Largura da faixa = 120
Melhor altura = 427

Lower Bound 1 = 333
Lower Bound 2 = 354
Avaliação = 1.20621

Tempo de execução: 60.0003s

---------------------------

Largura da faixa = 120
Melhor altura = 427

Lower Bound 1 = 333
Lower Bound 2 = 354
Avaliação = 1.20621

Tempo de execução: 60.0003s

---------------------------

Largura da faixa = 120
Melhor altura = 427

Lower Bound 1 = 333
Lower Bound 2 = 354
Avaliação = 1.20621

Tempo de execução: 60.0005s

---------------------------

