Largura da faixa = 94
Melhor altura = 541

Lower Bound 1 = 425
Lower Bound 2 = 135
Avaliação = 1.27294

Tempo de execução: 60.0003s

---------------------------

Largura da faixa = 94
Melhor altura = 550

Lower Bound 1 = 425
Lower Bound 2 = 135
Avaliação = 1.29412

Tempo de execução: 60.0215s

---------------------------

Largura da faixa = 94
Melhor altura = 549

Lower Bound 1 = 425
Lower Bound 2 = 135
Avaliação = 1.29176

Tempo de execução: 60.0236s

---------------------------

Largura da faixa = 94
Melhor altura = 552

Lower Bound 1 = 425
Lower Bound 2 = 135
Avaliação = 1.29882

Tempo de execução: 60.0183s

---------------------------

Largura da faixa = 94
Melhor altura = 543

Lower Bound 1 = 425
Lower Bound 2 = 135
Avaliação = 1.27765

Tempo de execução: 60.0215s

---------------------------

Largura da faixa = 94
Melhor altura = 538

Lower Bound 1 = 425
Lower Bound 2 = 135
Avaliação = 1.26588

Tempo de execução: 60.0128s

---------------------------

Largura da faixa = 94
Melhor altura = 542

Lower Bound 1 = 425
Lower Bound 2 = 135
Avaliação = 1.27529

Tempo de execução: 60.0012s

---------------------------

Largura da faixa = 94
Melhor altura = 548

Lower Bound 1 = 425
Lower Bound 2 = 135
Avaliação = 1.28941

Tempo de execução: 60.0005s

---------------------------

Largura da faixa = 94
Melhor altura = 544

Lower Bound 1 = 425
Lower Bound 2 = 135
Avaliação = 1.28

Tempo de execução: 60.0312s

---------------------------

Largura da faixa = 94
Melhor altura = 544

Lower Bound 1 = 425
Lower Bound 2 = 135
Avaliação = 1.28

Tempo de execução: 60.0055s

---------------------------

Largura da faixa = 94
Melhor altura = 543

Lower Bound 1 = 425
Lower Bound 2 = 135
Avaliação = 1.27765

Tempo de execução: 60.0605s

---------------------------

Largura da faixa = 94
Melhor altura = 551

Lower Bound 1 = 425
Lower Bound 2 = 135
Avaliação = 1.29647

Tempo de execução: 60.0255s

---------------------------

Largura da faixa = 94
Melhor altura = 543

Lower Bound 1 = 425
Lower Bound 2 = 135
Avaliação = 1.27765

Tempo de execução: 60.0109s

---------------------------

Largura da faixa = 94
Melhor altura = 540

Lower Bound 1 = 425
Lower Bound 2 = 135
Avaliação = 1.27059

Tempo de execução: 60.0208s

---------------------------

Largura da faixa = 94
Melhor altura = 551

Lower Bound 1 = 425
Lower Bound 2 = 135
Avaliação = 1.29647

Tempo de execução: 60.0747s

---------------------------

Largura da faixa = 94
Melhor altura = 543

Lower Bound 1 = 425
Lower Bound 2 = 135
Avaliação = 1.27765

Tempo de execução: 60.0279s

---------------------------

Largura da faixa = 94
Melhor altura = 532

Lower Bound 1 = 425
Lower Bound 2 = 135
Avaliação = 1.25176

Tempo de execução: 60.0185s

---------------------------

Largura da faixa = 94
Melhor altura = 536

Lower Bound 1 = 425
Lower Bound 2 = 135
Avaliação = 1.26118

Tempo de execução: 60.0404s

---------------------------

Largura da faixa = 94
Melhor altura = 546

Lower Bound 1 = 425
Lower Bound 2 = 135
Avaliação = 1.28471

Tempo de execução: 60.0477s

---------------------------

Largura da faixa = 94
Melhor altura = 546

Lower Bound 1 = 425
Lower Bound 2 = 135
Avaliação = 1.28471

Tempo de execução: 60.0603s

---------------------------

