Largura da faixa = 105
Melhor altura = 453

Lower Bound 1 = 380
Lower Bound 2 = 289
Avaliação = 1.19211

Tempo de execução: 60s

---------------------------

Largura da faixa = 105
Melhor altura = 447

Lower Bound 1 = 380
Lower Bound 2 = 289
Avaliação = 1.17632

Tempo de execução: 60.0005s

---------------------------

Largura da faixa = 105
Melhor altura = 447

Lower Bound 1 = 380
Lower Bound 2 = 289
Avaliação = 1.17632

Tempo de execução: 60.0007s

---------------------------

Largura da faixa = 105
Melhor altura = 453

Lower Bound 1 = 380
Lower Bound 2 = 289
Avaliação = 1.19211

Tempo de execução: 60.0004s

---------------------------

Largura da faixa = 105
Melhor altura = 454

Lower Bound 1 = 380
Lower Bound 2 = 289
Avaliação = 1.19474

Tempo de execução: 60.0006s

---------------------------

Largura da faixa = 105
Melhor altura = 452

Lower Bound 1 = 380
Lower Bound 2 = 289
Avaliação = 1.18947

Tempo de execução: 60.001s

---------------------------

Largura da faixa = 105
Melhor altura = 446

Lower Bound 1 = 380
Lower Bound 2 = 289
Avaliação = 1.17368

Tempo de execução: 60.0002s

---------------------------

Largura da faixa = 105
Melhor altura = 452

Lower Bound 1 = 380
Lower Bound 2 = 289
Avaliação = 1.18947

Tempo de execução: 60.0002s

---------------------------

Largura da faixa = 105
Melhor altura = 452

Lower Bound 1 = 380
Lower Bound 2 = 289
Avaliação = 1.18947

Tempo de execução: 60.0002s

---------------------------

Largura da faixa = 105
Melhor altura = 451

Lower Bound 1 = 380
Lower Bound 2 = 289
Avaliação = 1.18684

Tempo de execução: 60.0004s

---------------------------

Largura da faixa = 105
Melhor altura = 454

Lower Bound 1 = 380
Lower Bound 2 = 289
Avaliação = 1.19474

Tempo de execução: 60s

---------------------------

Largura da faixa = 105
Melhor altura = 450

Lower Bound 1 = 380
Lower Bound 2 = 289
Avaliação = 1.18421

Tempo de execução: 60.001s

---------------------------

Largura da faixa = 105
Melhor altura = 449

Lower Bound 1 = 380
Lower Bound 2 = 289
Avaliação = 1.18158

Tempo de execução: 60.0005s

---------------------------

Largura da faixa = 105
Melhor altura = 444

Lower Bound 1 = 380
Lower Bound 2 = 289
Avaliação = 1.16842

Tempo de execução: 60.0001s

---------------------------

Largura da faixa = 105
Melhor altura = 450

Lower Bound 1 = 380
Lower Bound 2 = 289
Avaliação = 1.18421

Tempo de execução: 60.0005s

---------------------------

Largura da faixa = 105
Melhor altura = 441

Lower Bound 1 = 380
Lower Bound 2 = 289
Avaliação = 1.16053

Tempo de execução: 60.0006s

---------------------------

Largura da faixa = 105
Melhor altura = 446

Lower Bound 1 = 380
Lower Bound 2 = 289
Avaliação = 1.17368

Tempo de execução: 60.0006s

---------------------------

Largura da faixa = 105
Melhor altura = 448

Lower Bound 1 = 380
Lower Bound 2 = 289
Avaliação = 1.17895

Tempo de execução: 60.0003s

---------------------------

Largura da faixa = 105
Melhor altura = 449

Lower Bound 1 = 380
Lower Bound 2 = 289
Avaliação = 1.18158

Tempo de execução: 60.0008s

---------------------------

Largura da faixa = 105
Melhor altura = 449

Lower Bound 1 = 380
Lower Bound 2 = 289
Avaliação = 1.18158

Tempo de execução: 60.0012s

---------------------------

