Largura da faixa = 115
Melhor altura = 429

Lower Bound 1 = 347
Lower Bound 2 = 238
Avaliação = 1.23631

Tempo de execução: 60.0008s

---------------------------

Largura da faixa = 115
Melhor altura = 427

Lower Bound 1 = 347
Lower Bound 2 = 238
Avaliação = 1.23055

Tempo de execução: 60.0007s

---------------------------

Largura da faixa = 115
Melhor altura = 427

Lower Bound 1 = 347
Lower Bound 2 = 238
Avaliação = 1.23055

Tempo de execução: 60.0012s

---------------------------

Largura da faixa = 115
Melhor altura = 410

Lower Bound 1 = 347
Lower Bound 2 = 238
Avaliação = 1.18156

Tempo de execução: 60s

---------------------------

Largura da faixa = 115
Melhor altura = 426

Lower Bound 1 = 347
Lower Bound 2 = 238
Avaliação = 1.22767

Tempo de execução: 60.0006s

---------------------------

Largura da faixa = 115
Melhor altura = 432

Lower Bound 1 = 347
Lower Bound 2 = 238
Avaliação = 1.24496

Tempo de execução: 60.0011s

---------------------------

Largura da faixa = 115
Melhor altura = 409

Lower Bound 1 = 347
Lower Bound 2 = 238
Avaliação = 1.17867

Tempo de execução: 60.0001s

---------------------------

Largura da faixa = 115
Melhor altura = 421

Lower Bound 1 = 347
Lower Bound 2 = 238
Avaliação = 1.21326

Tempo de execução: 60s

---------------------------

Largura da faixa = 115
Melhor altura = 408

Lower Bound 1 = 347
Lower Bound 2 = 238
Avaliação = 1.17579

Tempo de execução: 60.0009s

---------------------------

Largura da faixa = 115
Melhor altura = 421

Lower Bound 1 = 347
Lower Bound 2 = 238
Avaliação = 1.21326

Tempo de execução: 60.0007s

---------------------------

Largura da faixa = 115
Melhor altura = 424

Lower Bound 1 = 347
Lower Bound 2 = 238
Avaliação = 1.2219

Tempo de execução: 60s

---------------------------

Largura da faixa = 115
Melhor altura = 418

Lower Bound 1 = 347
Lower Bound 2 = 238
Avaliação = 1.20461

Tempo de execução: 60.0025s

---------------------------

Largura da faixa = 115
Melhor altura = 430

Lower Bound 1 = 347
Lower Bound 2 = 238
Avaliação = 1.23919

Tempo de execução: 60s

---------------------------

Largura da faixa = 115
Melhor altura = 424

Lower Bound 1 = 347
Lower Bound 2 = 238
Avaliação = 1.2219

Tempo de execução: 60.0006s

---------------------------

Largura da faixa = 115
Melhor altura = 420

Lower Bound 1 = 347
Lower Bound 2 = 238
Avaliação = 1.21037

Tempo de execução: 60.0012s

---------------------------

Largura da faixa = 115
Melhor altura = 424

Lower Bound 1 = 347
Lower Bound 2 = 238
Avaliação = 1.2219

Tempo de execução: 60.0003s

---------------------------

Largura da faixa = 115
Melhor altura = 420

Lower Bound 1 = 347
Lower Bound 2 = 238
Avaliação = 1.21037

Tempo de execução: 60.0001s

---------------------------

Largura da faixa = 115
Melhor altura = 409

Lower Bound 1 = 347
Lower Bound 2 = 238
Avaliação = 1.17867

Tempo de execução: 60.0013s

---------------------------

Largura da faixa = 115
Melhor altura = 418

Lower Bound 1 = 347
Lower Bound 2 = 238
Avaliação = 1.20461

Tempo de execução: 60.0004s

---------------------------

Largura da faixa = 115
Melhor altura = 423

Lower Bound 1 = 347
Lower Bound 2 = 238
Avaliação = 1.21902

Tempo de execução: 60.0004s

---------------------------

