Largura da faixa = 88
Melhor altura = 565

Lower Bound 1 = 454
Lower Bound 2 = 164
Avaliação = 1.24449

Tempo de execução: 60.0097s

---------------------------

Largura da faixa = 88
Melhor altura = 566

Lower Bound 1 = 454
Lower Bound 2 = 164
Avaliação = 1.2467

Tempo de execução: 60.0076s

---------------------------

Largura da faixa = 88
Melhor altura = 563

Lower Bound 1 = 454
Lower Bound 2 = 164
Avaliação = 1.24009

Tempo de execução: 60.0075s

---------------------------

Largura da faixa = 88
Melhor altura = 562

Lower Bound 1 = 454
Lower Bound 2 = 164
Avaliação = 1.23789

Tempo de execução: 60.0048s

---------------------------

Largura da faixa = 88
Melhor altura = 557

Lower Bound 1 = 454
Lower Bound 2 = 164
Avaliação = 1.22687

Tempo de execução: 60.0079s

---------------------------

Largura da faixa = 88
Melhor altura = 568

Lower Bound 1 = 454
Lower Bound 2 = 164
Avaliação = 1.2511

Tempo de execução: 60.0375s

---------------------------

Largura da faixa = 88
Melhor altura = 571

Lower Bound 1 = 454
Lower Bound 2 = 164
Avaliação = 1.25771

Tempo de execução: 60.0219s

---------------------------

Largura da faixa = 88
Melhor altura = 555

Lower Bound 1 = 454
Lower Bound 2 = 164
Avaliação = 1.22247

Tempo de execução: 60.0198s

---------------------------

Largura da faixa = 88
Melhor altura = 566

Lower Bound 1 = 454
Lower Bound 2 = 164
Avaliação = 1.2467

Tempo de execução: 60.0512s

---------------------------

Largura da faixa = 88
Melhor altura = 563

Lower Bound 1 = 454
Lower Bound 2 = 164
Avaliação = 1.24009

Tempo de execução: 60.0005s

---------------------------

Largura da faixa = 88
Melhor altura = 563

Lower Bound 1 = 454
Lower Bound 2 = 164
Avaliação = 1.24009

Tempo de execução: 60.0105s

---------------------------

Largura da faixa = 88
Melhor altura = 562

Lower Bound 1 = 454
Lower Bound 2 = 164
Avaliação = 1.23789

Tempo de execução: 60.0124s

---------------------------

Largura da faixa = 88
Melhor altura = 562

Lower Bound 1 = 454
Lower Bound 2 = 164
Avaliação = 1.23789

Tempo de execução: 60.0079s

---------------------------

Largura da faixa = 88
Melhor altura = 561

Lower Bound 1 = 454
Lower Bound 2 = 164
Avaliação = 1.23568

Tempo de execução: 60.0152s

---------------------------

Largura da faixa = 88
Melhor altura = 570

Lower Bound 1 = 454
Lower Bound 2 = 164
Avaliação = 1.25551

Tempo de execução: 60.0538s

---------------------------

Largura da faixa = 88
Melhor altura = 558

Lower Bound 1 = 454
Lower Bound 2 = 164
Avaliação = 1.22907

Tempo de execução: 60.0043s

---------------------------

Largura da faixa = 88
Melhor altura = 566

Lower Bound 1 = 454
Lower Bound 2 = 164
Avaliação = 1.2467

Tempo de execução: 60.0118s

---------------------------

Largura da faixa = 88
Melhor altura = 556

Lower Bound 1 = 454
Lower Bound 2 = 164
Avaliação = 1.22467

Tempo de execução: 60.0342s

---------------------------

Largura da faixa = 88
Melhor altura = 567

Lower Bound 1 = 454
Lower Bound 2 = 164
Avaliação = 1.2489

Tempo de execução: 60.0088s

---------------------------

Largura da faixa = 88
Melhor altura = 552

Lower Bound 1 = 454
Lower Bound 2 = 164
Avaliação = 1.21586

Tempo de execução: 60.0916s

---------------------------

