Largura da faixa = 143
Melhor altura = 339

Lower Bound 1 = 279
Lower Bound 2 = 228
Avaliação = 1.21505

Tempo de execução: 60.0002s

---------------------------

Largura da faixa = 143
Melhor altura = 339

Lower Bound 1 = 279
Lower Bound 2 = 228
Avaliação = 1.21505

Tempo de execução: 60.0002s

---------------------------

Largura da faixa = 143
Melhor altura = 339

Lower Bound 1 = 279
Lower Bound 2 = 228
Avaliação = 1.21505

Tempo de execução: 60.0001s

---------------------------

Largura da faixa = 143
Melhor altura = 339

Lower Bound 1 = 279
Lower Bound 2 = 228
Avaliação = 1.21505

Tempo de execução: 60.0001s

---------------------------

Largura da faixa = 143
Melhor altura = 339

Lower Bound 1 = 279
Lower Bound 2 = 228
Avaliação = 1.21505

Tempo de execução: 60.0003s

---------------------------

Largura da faixa = 143
Melhor altura = 339

Lower Bound 1 = 279
Lower Bound 2 = 228
Avaliação = 1.21505

Tempo de execução: 60.0001s

---------------------------

Largura da faixa = 143
Melhor altura = 337

Lower Bound 1 = 279
Lower Bound 2 = 228
Avaliação = 1.20789

Tempo de execução: 60s

---------------------------

Largura da faixa = 143
Melhor altura = 339

Lower Bound 1 = 279
Lower Bound 2 = 228
Avaliação = 1.21505

Tempo de execução: 60s

---------------------------

Largura da faixa = 143
Melhor altura = 339

Lower Bound 1 = 279
Lower Bound 2 = 228
Avaliação = 1.21505

Tempo de execução: 60.0004s

---------------------------

Largura da faixa = 143
Melhor altura = 339

Lower Bound 1 = 279
Lower Bound 2 = 228
Avaliação = 1.21505

Tempo de execução: 60s

---------------------------

Largura da faixa = 143
Melhor altura = 339

Lower Bound 1 = 279
Lower Bound 2 = 228
Avaliação = 1.21505

Tempo de execução: 60.0001s

---------------------------

Largura da faixa = 143
Melhor altura = 339

Lower Bound 1 = 279
Lower Bound 2 = 228
Avaliação = 1.21505

Tempo de execução: 60.0004s

---------------------------

Largura da faixa = 143
Melhor altura = 339

Lower Bound 1 = 279
Lower Bound 2 = 228
Avaliação = 1.21505

Tempo de execução: 60.0002s

---------------------------

Largura da faixa = 143
Melhor altura = 339

Lower Bound 1 = 279
Lower Bound 2 = 228
Avaliação = 1.21505

Tempo de execução: 60.0005s

---------------------------

Largura da faixa = 143
Melhor altura = 337

Lower Bound 1 = 279
Lower Bound 2 = 228
Avaliação = 1.20789

Tempo de execução: 60.0002s

---------------------------

Largura da faixa = 143
Melhor altura = 339

Lower Bound 1 = 279
Lower Bound 2 = 228
Avaliação = 1.21505

Tempo de execução: 60s

---------------------------

Largura da faixa = 143
Melhor altura = 339

Lower Bound 1 = 279
Lower Bound 2 = 228
Avaliação = 1.21505

Tempo de execução: 60.0002s

---------------------------

Largura da faixa = 143
Melhor altura = 339

Lower Bound 1 = 279
Lower Bound 2 = 228
Avaliação = 1.21505

Tempo de execução: 60.0006s

---------------------------

Largura da faixa = 143
Melhor altura = 339

Lower Bound 1 = 279
Lower Bound 2 = 228
Avaliação = 1.21505

Tempo de execução: 60.0001s

---------------------------

Largura da faixa = 143
Melhor altura = 339

Lower Bound 1 = 279
Lower Bound 2 = 228
Avaliação = 1.21505

Tempo de execução: 60.0002s

---------------------------

